srun -n 1 -c 32 --cpu_bind=cores -m block:cyclic /project/projectdirs/mpccc/tmalas/intelcaffe/install_cori-hsw/bin/caffe time -model=subst_train_val.prototxt -iterations=10
I1017 11:22:01.856093 28719 caffe.cpp:437] Use CPU.
I1017 11:22:01.864480 28719 cpu_info.cpp:452] Processor speed [MHz]: 2300
I1017 11:22:01.864488 28719 cpu_info.cpp:455] Total number of sockets: 2
I1017 11:22:01.864490 28719 cpu_info.cpp:458] Total number of CPU cores: 32
I1017 11:22:01.864492 28719 cpu_info.cpp:461] Total number of processors: 64
I1017 11:22:01.864493 28719 cpu_info.cpp:464] GPU is used: no
I1017 11:22:01.864506 28719 cpu_info.cpp:467] OpenMP environmental variables are specified: yes
I1017 11:22:01.864508 28719 cpu_info.cpp:470] OpenMP thread bind allowed: no
I1017 11:22:01.864511 28719 cpu_info.cpp:473] Number of OpenMP threads: 16
I1017 11:22:01.866220 28719 net.cpp:484] The NetState phase (0) differed from the phase (1) specified by a rule in layer data
I1017 11:22:01.866343 28719 net.cpp:120] Initializing net from parameters: 
name: "HEP_CLASSIFIER"
state {
  phase: TRAIN
  level: 0
  stage: ""
}
layer {
  name: "data"
  type: "DummyData"
  top: "data"
  top: "label"
  include {
    phase: TRAIN
  }
  dummy_data_param {
    data_filler {
      type: "gaussian"
      std: 1
    }
    data_filler {
      type: "constant"
      value: 0
    }
    shape {
      dim: 64
      dim: 3
      dim: 124
      dim: 124
    }
    shape {
      dim: 64
      dim: 1
      dim: 1
      dim: 1
    }
  }
}
layer {
  name: "conv1"
  type: "Convolution"
  bottom: "data"
  top: "conv1"
  convolution_param {
    num_output: 128
    pad: 0
    kernel_size: 3
    stride: 1
    weight_filler {
      type: "msra"
    }
    bias_filler {
      type: "constant"
      value: 0
    }
  }
}
layer {
  name: "relu1"
  type: "ReLU"
  bottom: "conv1"
  top: "conv1"
  relu_param {
    negative_slope: 0.1
  }
}
layer {
  name: "dropout1"
  type: "Dropout"
  bottom: "conv1"
  top: "drop1"
}
layer {
  name: "pool1"
  type: "Pooling"
  bottom: "drop1"
  top: "pool1"
  pooling_param {
    pool: MAX
    kernel_size: 2
    stride: 2
  }
}
layer {
  name: "conv2"
  type: "Convolution"
  bottom: "pool1"
  top: "conv2"
  convolution_param {
    num_output: 128
    pad: 0
    kernel_size: 3
    stride: 1
    weight_filler {
      type: "msra"
    }
    bias_filler {
      type: "constant"
      value: 0
    }
  }
}
layer {
  name: "relu2"
  type: "ReLU"
  bottom: "conv2"
  top: "conv2"
  relu_param {
    negative_slope: 0.1
  }
}
layer {
  name: "dropout2"
  type: "Dropout"
  bottom: "conv2"
  top: "drop2"
}
layer {
  name: "pool2"
  type: "Pooling"
  bottom: "drop2"
  top: "pool2"
  pooling_param {
    pool: MAX
    kernel_size: 2
    stride: 2
  }
}
layer {
  name: "conv3"
  type: "Convolution"
  bottom: "pool2"
  top: "conv3"
  convolution_param {
    num_output: 128
    pad: 0
    kernel_size: 3
    stride: 1
    weight_filler {
      type: "msra"
    }
    bias_filler {
      type: "constant"
      value: 0
    }
  }
}
layer {
  name: "relu3"
  type: "ReLU"
  bottom: "conv3"
  top: "conv3"
  relu_param {
    negative_slope: 0.1
  }
}
layer {
  name: "dropout3"
  type: "Dropout"
  bottom: "conv3"
  top: "drop3"
}
layer {
  name: "pool3"
  type: "Pooling"
  bottom: "drop3"
  top: "pool3"
  pooling_param {
    pool: MAX
    kernel_size: 2
    stride: 2
  }
}
layer {
  name: "conv4"
  type: "Convolution"
  bottom: "pool3"
  top: "conv4"
  convolution_param {
    num_output: 128
    pad: 0
    kernel_size: 3
    stride: 1
    weight_filler {
      type: "msra"
    }
    bias_filler {
      type: "constant"
      value: 0
    }
  }
}
layer {
  name: "relu4"
  type: "ReLU"
  bottom: "conv4"
  top: "conv4"
  relu_param {
    negative_slope: 0.1
  }
}
layer {
  name: "dropout4"
  type: "Dropout"
  bottom: "conv4"
  top: "drop4"
}
layer {
  name: "pool4"
  type: "Pooling"
  bottom: "drop4"
  top: "pool4"
  pooling_param {
    pool: MAX
    kernel_size: 2
    stride: 2
  }
}
layer {
  name: "fc1"
  type: "InnerProduct"
  bottom: "pool4"
  top: "fc1"
  inner_product_param {
    num_output: 1024
    weight_filler {
      type: "msra"
    }
    bias_filler {
      type: "constant"
      value: 0
    }
  }
}
layer {
  name: "dropout5"
  type: "Dropout"
  bottom: "fc1"
  top: "drop5"
}
layer {
  name: "fc2"
  type: "InnerProduct"
  bottom: "drop5"
  top: "fc2"
  inner_product_param {
    num_output: 2
    weight_filler {
      type: "msra"
    }
    bias_filler {
      type: "constant"
      value: 0
    }
  }
}
layer {
  name: "loss"
  type: "SoftmaxWithLoss"
  bottom: "fc2"
  bottom: "label"
}
I1017 11:22:01.866490 28719 layer_factory.hpp:114] Creating layer data
I1017 11:22:01.866502 28719 net.cpp:160] Creating Layer data
I1017 11:22:01.866504 28719 net.cpp:570] data -> data
I1017 11:22:01.866515 28719 net.cpp:570] data -> label
I1017 11:22:01.866703 28719 net.cpp:210] Setting up data
I1017 11:22:01.866710 28719 net.cpp:217] Top shape: 64 3 124 124 (2952192)
I1017 11:22:01.866720 28719 net.cpp:217] Top shape: 64 1 1 1 (64)
I1017 11:22:01.866724 28719 net.cpp:225] Memory required for data: 11809024
I1017 11:22:01.866726 28719 layer_factory.hpp:114] Creating layer conv1
I1017 11:22:01.866741 28719 net.cpp:160] Creating Layer conv1
I1017 11:22:01.866744 28719 net.cpp:596] conv1 <- data
I1017 11:22:01.866750 28719 net.cpp:570] conv1 -> conv1
I1017 11:22:01.891274 28719 net.cpp:210] Setting up conv1
I1017 11:22:01.891294 28719 net.cpp:217] Top shape: 64 128 122 122 (121929728)
I1017 11:22:01.891304 28719 net.cpp:225] Memory required for data: 499527936
I1017 11:22:01.891325 28719 layer_factory.hpp:114] Creating layer relu1
I1017 11:22:01.891360 28719 net.cpp:160] Creating Layer relu1
I1017 11:22:01.891367 28719 net.cpp:596] relu1 <- conv1
I1017 11:22:01.891376 28719 net.cpp:557] relu1 -> conv1 (in-place)
I1017 11:22:01.891404 28719 net.cpp:210] Setting up relu1
I1017 11:22:01.891415 28719 net.cpp:217] Top shape: 64 128 122 122 (121929728)
I1017 11:22:01.891432 28719 net.cpp:225] Memory required for data: 987246848
I1017 11:22:01.891436 28719 layer_factory.hpp:114] Creating layer dropout1
I1017 11:22:01.891444 28719 net.cpp:160] Creating Layer dropout1
I1017 11:22:01.891449 28719 net.cpp:596] dropout1 <- conv1
I1017 11:22:01.891456 28719 net.cpp:570] dropout1 -> drop1
I1017 11:22:01.891470 28719 net.cpp:210] Setting up dropout1
I1017 11:22:01.891482 28719 net.cpp:217] Top shape: 64 128 122 122 (121929728)
I1017 11:22:01.891490 28719 net.cpp:225] Memory required for data: 1474965760
I1017 11:22:01.891494 28719 layer_factory.hpp:114] Creating layer pool1
I1017 11:22:01.891510 28719 net.cpp:160] Creating Layer pool1
I1017 11:22:01.891522 28719 net.cpp:596] pool1 <- drop1
I1017 11:22:01.891531 28719 net.cpp:570] pool1 -> pool1
I1017 11:22:01.891558 28719 net.cpp:210] Setting up pool1
I1017 11:22:01.891564 28719 net.cpp:217] Top shape: 64 128 61 61 (30482432)
I1017 11:22:01.891571 28719 net.cpp:225] Memory required for data: 1596895488
I1017 11:22:01.891576 28719 layer_factory.hpp:114] Creating layer conv2
I1017 11:22:01.891599 28719 net.cpp:160] Creating Layer conv2
I1017 11:22:01.891604 28719 net.cpp:596] conv2 <- pool1
I1017 11:22:01.891613 28719 net.cpp:570] conv2 -> conv2
I1017 11:22:02.016101 28719 net.cpp:210] Setting up conv2
I1017 11:22:02.016139 28719 net.cpp:217] Top shape: 64 128 59 59 (28516352)
I1017 11:22:02.016152 28719 net.cpp:225] Memory required for data: 1710960896
I1017 11:22:02.016175 28719 layer_factory.hpp:114] Creating layer relu2
I1017 11:22:02.016199 28719 net.cpp:160] Creating Layer relu2
I1017 11:22:02.016206 28719 net.cpp:596] relu2 <- conv2
I1017 11:22:02.016213 28719 net.cpp:557] relu2 -> conv2 (in-place)
I1017 11:22:02.016244 28719 net.cpp:210] Setting up relu2
I1017 11:22:02.016294 28719 net.cpp:217] Top shape: 64 128 59 59 (28516352)
I1017 11:22:02.016356 28719 net.cpp:225] Memory required for data: 1825026304
I1017 11:22:02.016366 28719 layer_factory.hpp:114] Creating layer dropout2
I1017 11:22:02.016379 28719 net.cpp:160] Creating Layer dropout2
I1017 11:22:02.016384 28719 net.cpp:596] dropout2 <- conv2
I1017 11:22:02.016392 28719 net.cpp:570] dropout2 -> drop2
I1017 11:22:02.016407 28719 net.cpp:210] Setting up dropout2
I1017 11:22:02.016412 28719 net.cpp:217] Top shape: 64 128 59 59 (28516352)
I1017 11:22:02.016420 28719 net.cpp:225] Memory required for data: 1939091712
I1017 11:22:02.016424 28719 layer_factory.hpp:114] Creating layer pool2
I1017 11:22:02.016444 28719 net.cpp:160] Creating Layer pool2
I1017 11:22:02.016450 28719 net.cpp:596] pool2 <- drop2
I1017 11:22:02.016465 28719 net.cpp:570] pool2 -> pool2
I1017 11:22:02.016494 28719 net.cpp:210] Setting up pool2
I1017 11:22:02.016535 28719 net.cpp:217] Top shape: 64 128 30 30 (7372800)
I1017 11:22:02.016598 28719 net.cpp:225] Memory required for data: 1968582912
I1017 11:22:02.016633 28719 layer_factory.hpp:114] Creating layer conv3
I1017 11:22:02.016690 28719 net.cpp:160] Creating Layer conv3
I1017 11:22:02.016698 28719 net.cpp:596] conv3 <- pool2
I1017 11:22:02.016706 28719 net.cpp:570] conv3 -> conv3
I1017 11:22:02.051694 28719 net.cpp:210] Setting up conv3
I1017 11:22:02.051725 28719 net.cpp:217] Top shape: 64 128 28 28 (6422528)
I1017 11:22:02.051738 28719 net.cpp:225] Memory required for data: 1994273024
I1017 11:22:02.051760 28719 layer_factory.hpp:114] Creating layer relu3
I1017 11:22:02.051782 28719 net.cpp:160] Creating Layer relu3
I1017 11:22:02.051789 28719 net.cpp:596] relu3 <- conv3
I1017 11:22:02.051797 28719 net.cpp:557] relu3 -> conv3 (in-place)
I1017 11:22:02.051828 28719 net.cpp:210] Setting up relu3
I1017 11:22:02.051858 28719 net.cpp:217] Top shape: 64 128 28 28 (6422528)
I1017 11:22:02.051890 28719 net.cpp:225] Memory required for data: 2019963136
I1017 11:22:02.051946 28719 layer_factory.hpp:114] Creating layer dropout3
I1017 11:22:02.051997 28719 net.cpp:160] Creating Layer dropout3
I1017 11:22:02.052039 28719 net.cpp:596] dropout3 <- conv3
I1017 11:22:02.052083 28719 net.cpp:570] dropout3 -> drop3
I1017 11:22:02.052139 28719 net.cpp:210] Setting up dropout3
I1017 11:22:02.052145 28719 net.cpp:217] Top shape: 64 128 28 28 (6422528)
I1017 11:22:02.052152 28719 net.cpp:225] Memory required for data: 2045653248
I1017 11:22:02.052157 28719 layer_factory.hpp:114] Creating layer pool3
I1017 11:22:02.052177 28719 net.cpp:160] Creating Layer pool3
I1017 11:22:02.052194 28719 net.cpp:596] pool3 <- drop3
I1017 11:22:02.052228 28719 net.cpp:570] pool3 -> pool3
I1017 11:22:02.052307 28719 net.cpp:210] Setting up pool3
I1017 11:22:02.052316 28719 net.cpp:217] Top shape: 64 128 14 14 (1605632)
I1017 11:22:02.052322 28719 net.cpp:225] Memory required for data: 2052075776
I1017 11:22:02.052327 28719 layer_factory.hpp:114] Creating layer conv4
I1017 11:22:02.052356 28719 net.cpp:160] Creating Layer conv4
I1017 11:22:02.052389 28719 net.cpp:596] conv4 <- pool3
I1017 11:22:02.052446 28719 net.cpp:570] conv4 -> conv4
I1017 11:22:02.066460 28719 net.cpp:210] Setting up conv4
I1017 11:22:02.066473 28719 net.cpp:217] Top shape: 64 128 12 12 (1179648)
I1017 11:22:02.066480 28719 net.cpp:225] Memory required for data: 2056794368
I1017 11:22:02.066491 28719 layer_factory.hpp:114] Creating layer relu4
I1017 11:22:02.066506 28719 net.cpp:160] Creating Layer relu4
I1017 11:22:02.066512 28719 net.cpp:596] relu4 <- conv4
I1017 11:22:02.066521 28719 net.cpp:557] relu4 -> conv4 (in-place)
I1017 11:22:02.066541 28719 net.cpp:210] Setting up relu4
I1017 11:22:02.066570 28719 net.cpp:217] Top shape: 64 128 12 12 (1179648)
I1017 11:22:02.066599 28719 net.cpp:225] Memory required for data: 2061512960
I1017 11:22:02.066640 28719 layer_factory.hpp:114] Creating layer dropout4
I1017 11:22:02.066689 28719 net.cpp:160] Creating Layer dropout4
I1017 11:22:02.066720 28719 net.cpp:596] dropout4 <- conv4
I1017 11:22:02.066761 28719 net.cpp:570] dropout4 -> drop4
I1017 11:22:02.066802 28719 net.cpp:210] Setting up dropout4
I1017 11:22:02.066836 28719 net.cpp:217] Top shape: 64 128 12 12 (1179648)
I1017 11:22:02.066901 28719 net.cpp:225] Memory required for data: 2066231552
I1017 11:22:02.066910 28719 layer_factory.hpp:114] Creating layer pool4
I1017 11:22:02.066932 28719 net.cpp:160] Creating Layer pool4
I1017 11:22:02.066948 28719 net.cpp:596] pool4 <- drop4
I1017 11:22:02.066982 28719 net.cpp:570] pool4 -> pool4
I1017 11:22:02.067064 28719 net.cpp:210] Setting up pool4
I1017 11:22:02.067071 28719 net.cpp:217] Top shape: 64 128 6 6 (294912)
I1017 11:22:02.067078 28719 net.cpp:225] Memory required for data: 2067411200
I1017 11:22:02.067086 28719 layer_factory.hpp:114] Creating layer fc1
I1017 11:22:02.067107 28719 net.cpp:160] Creating Layer fc1
I1017 11:22:02.067112 28719 net.cpp:596] fc1 <- pool4
I1017 11:22:02.067121 28719 net.cpp:570] fc1 -> fc1
I1017 11:22:02.136777 28719 net.cpp:210] Setting up fc1
I1017 11:22:02.136788 28719 net.cpp:217] Top shape: 64 1024 (65536)
I1017 11:22:02.136796 28719 net.cpp:225] Memory required for data: 2067673344
I1017 11:22:02.136811 28719 layer_factory.hpp:114] Creating layer dropout5
I1017 11:22:02.136821 28719 net.cpp:160] Creating Layer dropout5
I1017 11:22:02.136826 28719 net.cpp:596] dropout5 <- fc1
I1017 11:22:02.136834 28719 net.cpp:570] dropout5 -> drop5
I1017 11:22:02.136850 28719 net.cpp:210] Setting up dropout5
I1017 11:22:02.136855 28719 net.cpp:217] Top shape: 64 1024 (65536)
I1017 11:22:02.136862 28719 net.cpp:225] Memory required for data: 2067935488
I1017 11:22:02.136868 28719 layer_factory.hpp:114] Creating layer fc2
I1017 11:22:02.136879 28719 net.cpp:160] Creating Layer fc2
I1017 11:22:02.136885 28719 net.cpp:596] fc2 <- drop5
I1017 11:22:02.136893 28719 net.cpp:570] fc2 -> fc2
I1017 11:22:02.136970 28719 net.cpp:210] Setting up fc2
I1017 11:22:02.136981 28719 net.cpp:217] Top shape: 64 2 (128)
I1017 11:22:02.136988 28719 net.cpp:225] Memory required for data: 2067936000
I1017 11:22:02.136999 28719 layer_factory.hpp:114] Creating layer loss
I1017 11:22:02.137012 28719 net.cpp:160] Creating Layer loss
I1017 11:22:02.137017 28719 net.cpp:596] loss <- fc2
I1017 11:22:02.137023 28719 net.cpp:596] loss <- label
I1017 11:22:02.137037 28719 net.cpp:570] loss -> (automatic)
I1017 11:22:02.137048 28719 layer_factory.hpp:114] Creating layer loss
I1017 11:22:02.137078 28719 net.cpp:210] Setting up loss
I1017 11:22:02.137086 28719 net.cpp:217] Top shape: (1)
I1017 11:22:02.137094 28719 net.cpp:220]     with loss weight 1
I1017 11:22:02.137147 28719 net.cpp:225] Memory required for data: 2067936004
I1017 11:22:02.137154 28719 net.cpp:287] loss needs backward computation.
I1017 11:22:02.137161 28719 net.cpp:287] fc2 needs backward computation.
I1017 11:22:02.137166 28719 net.cpp:287] dropout5 needs backward computation.
I1017 11:22:02.137171 28719 net.cpp:287] fc1 needs backward computation.
I1017 11:22:02.137174 28719 net.cpp:287] pool4 needs backward computation.
I1017 11:22:02.137179 28719 net.cpp:287] dropout4 needs backward computation.
I1017 11:22:02.137183 28719 net.cpp:287] relu4 needs backward computation.
I1017 11:22:02.137187 28719 net.cpp:287] conv4 needs backward computation.
I1017 11:22:02.137192 28719 net.cpp:287] pool3 needs backward computation.
I1017 11:22:02.137197 28719 net.cpp:287] dropout3 needs backward computation.
I1017 11:22:02.137202 28719 net.cpp:287] relu3 needs backward computation.
I1017 11:22:02.137207 28719 net.cpp:287] conv3 needs backward computation.
I1017 11:22:02.137212 28719 net.cpp:287] pool2 needs backward computation.
I1017 11:22:02.137215 28719 net.cpp:287] dropout2 needs backward computation.
I1017 11:22:02.137220 28719 net.cpp:287] relu2 needs backward computation.
I1017 11:22:02.137225 28719 net.cpp:287] conv2 needs backward computation.
I1017 11:22:02.137230 28719 net.cpp:287] pool1 needs backward computation.
I1017 11:22:02.137234 28719 net.cpp:287] dropout1 needs backward computation.
I1017 11:22:02.137239 28719 net.cpp:287] relu1 needs backward computation.
I1017 11:22:02.137243 28719 net.cpp:287] conv1 needs backward computation.
I1017 11:22:02.137249 28719 net.cpp:289] data does not need backward computation.
I1017 11:22:02.137269 28719 net.cpp:345] Network initialization done.
I1017 11:22:02.137388 28719 caffe.cpp:445] Performing Forward
I1017 11:22:03.341233 28719 caffe.cpp:450] Initial loss: 7.36643
I1017 11:22:03.341275 28719 caffe.cpp:452] Performing Backward
I1017 11:22:04.544963 28719 caffe.cpp:461] *** Benchmark begins ***
I1017 11:22:04.544994 28719 caffe.cpp:462] Testing for 10 iterations.
I1017 11:22:05.523892 28719 caffe.cpp:491] Iteration: 1 forward-backward time: 978 ms.
I1017 11:22:06.514403 28719 caffe.cpp:491] Iteration: 2 forward-backward time: 990 ms.
I1017 11:22:07.502701 28719 caffe.cpp:491] Iteration: 3 forward-backward time: 988 ms.
I1017 11:22:08.493324 28719 caffe.cpp:491] Iteration: 4 forward-backward time: 990 ms.
I1017 11:22:09.482482 28719 caffe.cpp:491] Iteration: 5 forward-backward time: 989 ms.
I1017 11:22:10.472235 28719 caffe.cpp:491] Iteration: 6 forward-backward time: 989 ms.
I1017 11:22:11.461541 28719 caffe.cpp:491] Iteration: 7 forward-backward time: 989 ms.
I1017 11:22:12.451580 28719 caffe.cpp:491] Iteration: 8 forward-backward time: 990 ms.
I1017 11:22:13.442487 28719 caffe.cpp:491] Iteration: 9 forward-backward time: 990 ms.
I1017 11:22:14.433221 28719 caffe.cpp:491] Iteration: 10 forward-backward time: 990 ms.
I1017 11:22:14.433264 28719 caffe.cpp:498] Average time per layer: 
I1017 11:22:14.433269 28719 caffe.cpp:501]       data	forward: 38.7523 ms.
I1017 11:22:14.433275 28719 caffe.cpp:505]       data	backward: 0.0012 ms.
I1017 11:22:14.433280 28719 caffe.cpp:501]      conv1	forward: 24.5899 ms.
I1017 11:22:14.433285 28719 caffe.cpp:505]      conv1	backward: 30.2564 ms.
I1017 11:22:14.433290 28719 caffe.cpp:501]      relu1	forward: 18.2026 ms.
I1017 11:22:14.433295 28719 caffe.cpp:505]      relu1	backward: 52.3985 ms.
I1017 11:22:14.433300 28719 caffe.cpp:501]   dropout1	forward: 97.3065 ms.
I1017 11:22:14.433305 28719 caffe.cpp:505]   dropout1	backward: 59.981 ms.
I1017 11:22:14.433310 28719 caffe.cpp:501]      pool1	forward: 44.9405 ms.
I1017 11:22:14.433313 28719 caffe.cpp:505]      pool1	backward: 41.9556 ms.
I1017 11:22:14.433318 28719 caffe.cpp:501]      conv2	forward: 75.4621 ms.
I1017 11:22:14.433322 28719 caffe.cpp:505]      conv2	backward: 343.06 ms.
I1017 11:22:14.433326 28719 caffe.cpp:501]      relu2	forward: 3.6619 ms.
I1017 11:22:14.433331 28719 caffe.cpp:505]      relu2	backward: 11.7866 ms.
I1017 11:22:14.433336 28719 caffe.cpp:501]   dropout2	forward: 22.9814 ms.
I1017 11:22:14.433341 28719 caffe.cpp:505]   dropout2	backward: 13.9912 ms.
I1017 11:22:14.433344 28719 caffe.cpp:501]      pool2	forward: 10.8743 ms.
I1017 11:22:14.433349 28719 caffe.cpp:505]      pool2	backward: 9.9194 ms.
I1017 11:22:14.433353 28719 caffe.cpp:501]      conv3	forward: 15.7972 ms.
I1017 11:22:14.433358 28719 caffe.cpp:505]      conv3	backward: 42.6836 ms.
I1017 11:22:14.433363 28719 caffe.cpp:501]      relu3	forward: 0.3476 ms.
I1017 11:22:14.433368 28719 caffe.cpp:505]      relu3	backward: 2.2667 ms.
I1017 11:22:14.433372 28719 caffe.cpp:501]   dropout3	forward: 4.0631 ms.
I1017 11:22:14.433377 28719 caffe.cpp:505]   dropout3	backward: 3.2305 ms.
I1017 11:22:14.433382 28719 caffe.cpp:501]      pool3	forward: 2.6949 ms.
I1017 11:22:14.433387 28719 caffe.cpp:505]      pool3	backward: 1.6727 ms.
I1017 11:22:14.433392 28719 caffe.cpp:501]      conv4	forward: 2.7286 ms.
I1017 11:22:14.433396 28719 caffe.cpp:505]      conv4	backward: 7.8683 ms.
I1017 11:22:14.433401 28719 caffe.cpp:501]      relu4	forward: 0.0219 ms.
I1017 11:22:14.433406 28719 caffe.cpp:505]      relu4	backward: 0.2197 ms.
I1017 11:22:14.433411 28719 caffe.cpp:501]   dropout4	forward: 0.5089 ms.
I1017 11:22:14.433416 28719 caffe.cpp:505]   dropout4	backward: 0.5021 ms.
I1017 11:22:14.433421 28719 caffe.cpp:501]      pool4	forward: 0.5429 ms.
I1017 11:22:14.433426 28719 caffe.cpp:505]      pool4	backward: 0.3141 ms.
I1017 11:22:14.433431 28719 caffe.cpp:501]        fc1	forward: 0.968 ms.
I1017 11:22:14.433437 28719 caffe.cpp:505]        fc1	backward: 1.9522 ms.
I1017 11:22:14.433441 28719 caffe.cpp:501]   dropout5	forward: 0.0344 ms.
I1017 11:22:14.433446 28719 caffe.cpp:505]   dropout5	backward: 0.013 ms.
I1017 11:22:14.433452 28719 caffe.cpp:501]        fc2	forward: 0.02 ms.
I1017 11:22:14.433457 28719 caffe.cpp:505]        fc2	backward: 0.0324 ms.
I1017 11:22:14.433462 28719 caffe.cpp:501]       loss	forward: 0.0651 ms.
I1017 11:22:14.433467 28719 caffe.cpp:505]       loss	backward: 0.004 ms.
I1017 11:22:14.433473 28719 caffe.cpp:511] Average Forward pass: 364.608 ms.
I1017 11:22:14.433480 28719 caffe.cpp:514] Average Backward pass: 624.161 ms.
I1017 11:22:14.433504 28719 caffe.cpp:516] Average Forward-Backward: 988.8 ms.
I1017 11:22:14.433511 28719 caffe.cpp:519] Total Time: 9888 ms.
I1017 11:22:14.433517 28719 caffe.cpp:520] *** Benchmark ends ***
