srun -n 1 -c 32 --cpu_bind=cores -m block:cyclic /project/projectdirs/mpccc/tmalas/intelcaffe/install_cori-hsw/bin/caffe time -model=subst_train_val.prototxt -iterations=10
I1017 11:21:46.989575 28658 caffe.cpp:437] Use CPU.
I1017 11:21:46.998945 28658 cpu_info.cpp:452] Processor speed [MHz]: 2300
I1017 11:21:46.998955 28658 cpu_info.cpp:455] Total number of sockets: 2
I1017 11:21:46.998956 28658 cpu_info.cpp:458] Total number of CPU cores: 32
I1017 11:21:46.998957 28658 cpu_info.cpp:461] Total number of processors: 64
I1017 11:21:46.998960 28658 cpu_info.cpp:464] GPU is used: no
I1017 11:21:46.998972 28658 cpu_info.cpp:467] OpenMP environmental variables are specified: yes
I1017 11:21:46.998973 28658 cpu_info.cpp:470] OpenMP thread bind allowed: no
I1017 11:21:46.998975 28658 cpu_info.cpp:473] Number of OpenMP threads: 24
I1017 11:21:47.001447 28658 net.cpp:484] The NetState phase (0) differed from the phase (1) specified by a rule in layer data
I1017 11:21:47.001538 28658 net.cpp:120] Initializing net from parameters: 
name: "HEP_CLASSIFIER"
state {
  phase: TRAIN
  level: 0
  stage: ""
}
layer {
  name: "data"
  type: "DummyData"
  top: "data"
  top: "label"
  include {
    phase: TRAIN
  }
  dummy_data_param {
    data_filler {
      type: "gaussian"
      std: 1
    }
    data_filler {
      type: "constant"
      value: 0
    }
    shape {
      dim: 64
      dim: 3
      dim: 124
      dim: 124
    }
    shape {
      dim: 64
      dim: 1
      dim: 1
      dim: 1
    }
  }
}
layer {
  name: "conv1"
  type: "Convolution"
  bottom: "data"
  top: "conv1"
  convolution_param {
    num_output: 128
    pad: 0
    kernel_size: 3
    stride: 1
    weight_filler {
      type: "msra"
    }
    bias_filler {
      type: "constant"
      value: 0
    }
  }
}
layer {
  name: "relu1"
  type: "ReLU"
  bottom: "conv1"
  top: "conv1"
  relu_param {
    negative_slope: 0.1
  }
}
layer {
  name: "dropout1"
  type: "Dropout"
  bottom: "conv1"
  top: "drop1"
}
layer {
  name: "pool1"
  type: "Pooling"
  bottom: "drop1"
  top: "pool1"
  pooling_param {
    pool: MAX
    kernel_size: 2
    stride: 2
  }
}
layer {
  name: "conv2"
  type: "Convolution"
  bottom: "pool1"
  top: "conv2"
  convolution_param {
    num_output: 128
    pad: 0
    kernel_size: 3
    stride: 1
    weight_filler {
      type: "msra"
    }
    bias_filler {
      type: "constant"
      value: 0
    }
  }
}
layer {
  name: "relu2"
  type: "ReLU"
  bottom: "conv2"
  top: "conv2"
  relu_param {
    negative_slope: 0.1
  }
}
layer {
  name: "dropout2"
  type: "Dropout"
  bottom: "conv2"
  top: "drop2"
}
layer {
  name: "pool2"
  type: "Pooling"
  bottom: "drop2"
  top: "pool2"
  pooling_param {
    pool: MAX
    kernel_size: 2
    stride: 2
  }
}
layer {
  name: "conv3"
  type: "Convolution"
  bottom: "pool2"
  top: "conv3"
  convolution_param {
    num_output: 128
    pad: 0
    kernel_size: 3
    stride: 1
    weight_filler {
      type: "msra"
    }
    bias_filler {
      type: "constant"
      value: 0
    }
  }
}
layer {
  name: "relu3"
  type: "ReLU"
  bottom: "conv3"
  top: "conv3"
  relu_param {
    negative_slope: 0.1
  }
}
layer {
  name: "dropout3"
  type: "Dropout"
  bottom: "conv3"
  top: "drop3"
}
layer {
  name: "pool3"
  type: "Pooling"
  bottom: "drop3"
  top: "pool3"
  pooling_param {
    pool: MAX
    kernel_size: 2
    stride: 2
  }
}
layer {
  name: "conv4"
  type: "Convolution"
  bottom: "pool3"
  top: "conv4"
  convolution_param {
    num_output: 128
    pad: 0
    kernel_size: 3
    stride: 1
    weight_filler {
      type: "msra"
    }
    bias_filler {
      type: "constant"
      value: 0
    }
  }
}
layer {
  name: "relu4"
  type: "ReLU"
  bottom: "conv4"
  top: "conv4"
  relu_param {
    negative_slope: 0.1
  }
}
layer {
  name: "dropout4"
  type: "Dropout"
  bottom: "conv4"
  top: "drop4"
}
layer {
  name: "pool4"
  type: "Pooling"
  bottom: "drop4"
  top: "pool4"
  pooling_param {
    pool: MAX
    kernel_size: 2
    stride: 2
  }
}
layer {
  name: "fc1"
  type: "InnerProduct"
  bottom: "pool4"
  top: "fc1"
  inner_product_param {
    num_output: 1024
    weight_filler {
      type: "msra"
    }
    bias_filler {
      type: "constant"
      value: 0
    }
  }
}
layer {
  name: "dropout5"
  type: "Dropout"
  bottom: "fc1"
  top: "drop5"
}
layer {
  name: "fc2"
  type: "InnerProduct"
  bottom: "drop5"
  top: "fc2"
  inner_product_param {
    num_output: 2
    weight_filler {
      type: "msra"
    }
    bias_filler {
      type: "constant"
      value: 0
    }
  }
}
layer {
  name: "loss"
  type: "SoftmaxWithLoss"
  bottom: "fc2"
  bottom: "label"
}
I1017 11:21:47.001677 28658 layer_factory.hpp:114] Creating layer data
I1017 11:21:47.001688 28658 net.cpp:160] Creating Layer data
I1017 11:21:47.001690 28658 net.cpp:570] data -> data
I1017 11:21:47.001701 28658 net.cpp:570] data -> label
I1017 11:21:47.001937 28658 net.cpp:210] Setting up data
I1017 11:21:47.001945 28658 net.cpp:217] Top shape: 64 3 124 124 (2952192)
I1017 11:21:47.001955 28658 net.cpp:217] Top shape: 64 1 1 1 (64)
I1017 11:21:47.001958 28658 net.cpp:225] Memory required for data: 11809024
I1017 11:21:47.001961 28658 layer_factory.hpp:114] Creating layer conv1
I1017 11:21:47.001976 28658 net.cpp:160] Creating Layer conv1
I1017 11:21:47.001981 28658 net.cpp:596] conv1 <- data
I1017 11:21:47.001986 28658 net.cpp:570] conv1 -> conv1
I1017 11:21:47.026790 28658 net.cpp:210] Setting up conv1
I1017 11:21:47.026809 28658 net.cpp:217] Top shape: 64 128 122 122 (121929728)
I1017 11:21:47.026816 28658 net.cpp:225] Memory required for data: 499527936
I1017 11:21:47.026831 28658 layer_factory.hpp:114] Creating layer relu1
I1017 11:21:47.026845 28658 net.cpp:160] Creating Layer relu1
I1017 11:21:47.026849 28658 net.cpp:596] relu1 <- conv1
I1017 11:21:47.026854 28658 net.cpp:557] relu1 -> conv1 (in-place)
I1017 11:21:47.026873 28658 net.cpp:210] Setting up relu1
I1017 11:21:47.026876 28658 net.cpp:217] Top shape: 64 128 122 122 (121929728)
I1017 11:21:47.026880 28658 net.cpp:225] Memory required for data: 987246848
I1017 11:21:47.026882 28658 layer_factory.hpp:114] Creating layer dropout1
I1017 11:21:47.026885 28658 net.cpp:160] Creating Layer dropout1
I1017 11:21:47.026887 28658 net.cpp:596] dropout1 <- conv1
I1017 11:21:47.026891 28658 net.cpp:570] dropout1 -> drop1
I1017 11:21:47.026897 28658 net.cpp:210] Setting up dropout1
I1017 11:21:47.026899 28658 net.cpp:217] Top shape: 64 128 122 122 (121929728)
I1017 11:21:47.026901 28658 net.cpp:225] Memory required for data: 1474965760
I1017 11:21:47.026904 28658 layer_factory.hpp:114] Creating layer pool1
I1017 11:21:47.026912 28658 net.cpp:160] Creating Layer pool1
I1017 11:21:47.026918 28658 net.cpp:596] pool1 <- drop1
I1017 11:21:47.026921 28658 net.cpp:570] pool1 -> pool1
I1017 11:21:47.026942 28658 net.cpp:210] Setting up pool1
I1017 11:21:47.026949 28658 net.cpp:217] Top shape: 64 128 61 61 (30482432)
I1017 11:21:47.026955 28658 net.cpp:225] Memory required for data: 1596895488
I1017 11:21:47.026957 28658 layer_factory.hpp:114] Creating layer conv2
I1017 11:21:47.026971 28658 net.cpp:160] Creating Layer conv2
I1017 11:21:47.026974 28658 net.cpp:596] conv2 <- pool1
I1017 11:21:47.026979 28658 net.cpp:570] conv2 -> conv2
I1017 11:21:47.194377 28658 net.cpp:210] Setting up conv2
I1017 11:21:47.194409 28658 net.cpp:217] Top shape: 64 128 59 59 (28516352)
I1017 11:21:47.194418 28658 net.cpp:225] Memory required for data: 1710960896
I1017 11:21:47.194434 28658 layer_factory.hpp:114] Creating layer relu2
I1017 11:21:47.194449 28658 net.cpp:160] Creating Layer relu2
I1017 11:21:47.194453 28658 net.cpp:596] relu2 <- conv2
I1017 11:21:47.194459 28658 net.cpp:557] relu2 -> conv2 (in-place)
I1017 11:21:47.194494 28658 net.cpp:210] Setting up relu2
I1017 11:21:47.194497 28658 net.cpp:217] Top shape: 64 128 59 59 (28516352)
I1017 11:21:47.194500 28658 net.cpp:225] Memory required for data: 1825026304
I1017 11:21:47.194502 28658 layer_factory.hpp:114] Creating layer dropout2
I1017 11:21:47.194507 28658 net.cpp:160] Creating Layer dropout2
I1017 11:21:47.194509 28658 net.cpp:596] dropout2 <- conv2
I1017 11:21:47.194515 28658 net.cpp:570] dropout2 -> drop2
I1017 11:21:47.194522 28658 net.cpp:210] Setting up dropout2
I1017 11:21:47.194525 28658 net.cpp:217] Top shape: 64 128 59 59 (28516352)
I1017 11:21:47.194527 28658 net.cpp:225] Memory required for data: 1939091712
I1017 11:21:47.194530 28658 layer_factory.hpp:114] Creating layer pool2
I1017 11:21:47.194540 28658 net.cpp:160] Creating Layer pool2
I1017 11:21:47.194542 28658 net.cpp:596] pool2 <- drop2
I1017 11:21:47.194545 28658 net.cpp:570] pool2 -> pool2
I1017 11:21:47.194573 28658 net.cpp:210] Setting up pool2
I1017 11:21:47.194584 28658 net.cpp:217] Top shape: 64 128 30 30 (7372800)
I1017 11:21:47.194587 28658 net.cpp:225] Memory required for data: 1968582912
I1017 11:21:47.194589 28658 layer_factory.hpp:114] Creating layer conv3
I1017 11:21:47.194604 28658 net.cpp:160] Creating Layer conv3
I1017 11:21:47.194607 28658 net.cpp:596] conv3 <- pool2
I1017 11:21:47.194617 28658 net.cpp:570] conv3 -> conv3
I1017 11:21:47.238884 28658 net.cpp:210] Setting up conv3
I1017 11:21:47.238911 28658 net.cpp:217] Top shape: 64 128 28 28 (6422528)
I1017 11:21:47.238922 28658 net.cpp:225] Memory required for data: 1994273024
I1017 11:21:47.238939 28658 layer_factory.hpp:114] Creating layer relu3
I1017 11:21:47.238953 28658 net.cpp:160] Creating Layer relu3
I1017 11:21:47.238956 28658 net.cpp:596] relu3 <- conv3
I1017 11:21:47.238962 28658 net.cpp:557] relu3 -> conv3 (in-place)
I1017 11:21:47.238986 28658 net.cpp:210] Setting up relu3
I1017 11:21:47.239007 28658 net.cpp:217] Top shape: 64 128 28 28 (6422528)
I1017 11:21:47.239018 28658 net.cpp:225] Memory required for data: 2019963136
I1017 11:21:47.239020 28658 layer_factory.hpp:114] Creating layer dropout3
I1017 11:21:47.239027 28658 net.cpp:160] Creating Layer dropout3
I1017 11:21:47.239028 28658 net.cpp:596] dropout3 <- conv3
I1017 11:21:47.239034 28658 net.cpp:570] dropout3 -> drop3
I1017 11:21:47.239042 28658 net.cpp:210] Setting up dropout3
I1017 11:21:47.239044 28658 net.cpp:217] Top shape: 64 128 28 28 (6422528)
I1017 11:21:47.239048 28658 net.cpp:225] Memory required for data: 2045653248
I1017 11:21:47.239049 28658 layer_factory.hpp:114] Creating layer pool3
I1017 11:21:47.239069 28658 net.cpp:160] Creating Layer pool3
I1017 11:21:47.239074 28658 net.cpp:596] pool3 <- drop3
I1017 11:21:47.239078 28658 net.cpp:570] pool3 -> pool3
I1017 11:21:47.239094 28658 net.cpp:210] Setting up pool3
I1017 11:21:47.239096 28658 net.cpp:217] Top shape: 64 128 14 14 (1605632)
I1017 11:21:47.239099 28658 net.cpp:225] Memory required for data: 2052075776
I1017 11:21:47.239102 28658 layer_factory.hpp:114] Creating layer conv4
I1017 11:21:47.239123 28658 net.cpp:160] Creating Layer conv4
I1017 11:21:47.239125 28658 net.cpp:596] conv4 <- pool3
I1017 11:21:47.239130 28658 net.cpp:570] conv4 -> conv4
I1017 11:21:47.255416 28658 net.cpp:210] Setting up conv4
I1017 11:21:47.255429 28658 net.cpp:217] Top shape: 64 128 12 12 (1179648)
I1017 11:21:47.255445 28658 net.cpp:225] Memory required for data: 2056794368
I1017 11:21:47.255453 28658 layer_factory.hpp:114] Creating layer relu4
I1017 11:21:47.255462 28658 net.cpp:160] Creating Layer relu4
I1017 11:21:47.255465 28658 net.cpp:596] relu4 <- conv4
I1017 11:21:47.255470 28658 net.cpp:557] relu4 -> conv4 (in-place)
I1017 11:21:47.255492 28658 net.cpp:210] Setting up relu4
I1017 11:21:47.255494 28658 net.cpp:217] Top shape: 64 128 12 12 (1179648)
I1017 11:21:47.255497 28658 net.cpp:225] Memory required for data: 2061512960
I1017 11:21:47.255499 28658 layer_factory.hpp:114] Creating layer dropout4
I1017 11:21:47.255504 28658 net.cpp:160] Creating Layer dropout4
I1017 11:21:47.255517 28658 net.cpp:596] dropout4 <- conv4
I1017 11:21:47.255522 28658 net.cpp:570] dropout4 -> drop4
I1017 11:21:47.255527 28658 net.cpp:210] Setting up dropout4
I1017 11:21:47.255528 28658 net.cpp:217] Top shape: 64 128 12 12 (1179648)
I1017 11:21:47.255532 28658 net.cpp:225] Memory required for data: 2066231552
I1017 11:21:47.255533 28658 layer_factory.hpp:114] Creating layer pool4
I1017 11:21:47.255542 28658 net.cpp:160] Creating Layer pool4
I1017 11:21:47.255543 28658 net.cpp:596] pool4 <- drop4
I1017 11:21:47.255549 28658 net.cpp:570] pool4 -> pool4
I1017 11:21:47.255585 28658 net.cpp:210] Setting up pool4
I1017 11:21:47.255589 28658 net.cpp:217] Top shape: 64 128 6 6 (294912)
I1017 11:21:47.255591 28658 net.cpp:225] Memory required for data: 2067411200
I1017 11:21:47.255595 28658 layer_factory.hpp:114] Creating layer fc1
I1017 11:21:47.255619 28658 net.cpp:160] Creating Layer fc1
I1017 11:21:47.255620 28658 net.cpp:596] fc1 <- pool4
I1017 11:21:47.255635 28658 net.cpp:570] fc1 -> fc1
I1017 11:21:47.309952 28658 net.cpp:210] Setting up fc1
I1017 11:21:47.309958 28658 net.cpp:217] Top shape: 64 1024 (65536)
I1017 11:21:47.309962 28658 net.cpp:225] Memory required for data: 2067673344
I1017 11:21:47.309969 28658 layer_factory.hpp:114] Creating layer dropout5
I1017 11:21:47.309976 28658 net.cpp:160] Creating Layer dropout5
I1017 11:21:47.309978 28658 net.cpp:596] dropout5 <- fc1
I1017 11:21:47.309981 28658 net.cpp:570] dropout5 -> drop5
I1017 11:21:47.309988 28658 net.cpp:210] Setting up dropout5
I1017 11:21:47.309988 28658 net.cpp:217] Top shape: 64 1024 (65536)
I1017 11:21:47.309991 28658 net.cpp:225] Memory required for data: 2067935488
I1017 11:21:47.309993 28658 layer_factory.hpp:114] Creating layer fc2
I1017 11:21:47.309999 28658 net.cpp:160] Creating Layer fc2
I1017 11:21:47.310000 28658 net.cpp:596] fc2 <- drop5
I1017 11:21:47.310003 28658 net.cpp:570] fc2 -> fc2
I1017 11:21:47.310052 28658 net.cpp:210] Setting up fc2
I1017 11:21:47.310068 28658 net.cpp:217] Top shape: 64 2 (128)
I1017 11:21:47.310071 28658 net.cpp:225] Memory required for data: 2067936000
I1017 11:21:47.310076 28658 layer_factory.hpp:114] Creating layer loss
I1017 11:21:47.310082 28658 net.cpp:160] Creating Layer loss
I1017 11:21:47.310084 28658 net.cpp:596] loss <- fc2
I1017 11:21:47.310086 28658 net.cpp:596] loss <- label
I1017 11:21:47.310103 28658 net.cpp:570] loss -> (automatic)
I1017 11:21:47.310112 28658 layer_factory.hpp:114] Creating layer loss
I1017 11:21:47.310132 28658 net.cpp:210] Setting up loss
I1017 11:21:47.310137 28658 net.cpp:217] Top shape: (1)
I1017 11:21:47.310139 28658 net.cpp:220]     with loss weight 1
I1017 11:21:47.310173 28658 net.cpp:225] Memory required for data: 2067936004
I1017 11:21:47.310178 28658 net.cpp:287] loss needs backward computation.
I1017 11:21:47.310180 28658 net.cpp:287] fc2 needs backward computation.
I1017 11:21:47.310183 28658 net.cpp:287] dropout5 needs backward computation.
I1017 11:21:47.310184 28658 net.cpp:287] fc1 needs backward computation.
I1017 11:21:47.310186 28658 net.cpp:287] pool4 needs backward computation.
I1017 11:21:47.310189 28658 net.cpp:287] dropout4 needs backward computation.
I1017 11:21:47.310190 28658 net.cpp:287] relu4 needs backward computation.
I1017 11:21:47.310192 28658 net.cpp:287] conv4 needs backward computation.
I1017 11:21:47.310195 28658 net.cpp:287] pool3 needs backward computation.
I1017 11:21:47.310197 28658 net.cpp:287] dropout3 needs backward computation.
I1017 11:21:47.310199 28658 net.cpp:287] relu3 needs backward computation.
I1017 11:21:47.310202 28658 net.cpp:287] conv3 needs backward computation.
I1017 11:21:47.310204 28658 net.cpp:287] pool2 needs backward computation.
I1017 11:21:47.310206 28658 net.cpp:287] dropout2 needs backward computation.
I1017 11:21:47.310209 28658 net.cpp:287] relu2 needs backward computation.
I1017 11:21:47.310211 28658 net.cpp:287] conv2 needs backward computation.
I1017 11:21:47.310214 28658 net.cpp:287] pool1 needs backward computation.
I1017 11:21:47.310216 28658 net.cpp:287] dropout1 needs backward computation.
I1017 11:21:47.310220 28658 net.cpp:287] relu1 needs backward computation.
I1017 11:21:47.310221 28658 net.cpp:287] conv1 needs backward computation.
I1017 11:21:47.310223 28658 net.cpp:289] data does not need backward computation.
I1017 11:21:47.310236 28658 net.cpp:345] Network initialization done.
I1017 11:21:47.310317 28658 caffe.cpp:445] Performing Forward
I1017 11:21:48.545778 28658 caffe.cpp:450] Initial loss: 29.8233
I1017 11:21:48.545822 28658 caffe.cpp:452] Performing Backward
I1017 11:21:49.807770 28658 caffe.cpp:461] *** Benchmark begins ***
I1017 11:21:49.807799 28658 caffe.cpp:462] Testing for 10 iterations.
I1017 11:21:50.897737 28658 caffe.cpp:491] Iteration: 1 forward-backward time: 1089 ms.
I1017 11:21:51.994766 28658 caffe.cpp:491] Iteration: 2 forward-backward time: 1096 ms.
I1017 11:21:53.092344 28658 caffe.cpp:491] Iteration: 3 forward-backward time: 1097 ms.
I1017 11:21:54.189142 28658 caffe.cpp:491] Iteration: 4 forward-backward time: 1096 ms.
I1017 11:21:55.286398 28658 caffe.cpp:491] Iteration: 5 forward-backward time: 1097 ms.
I1017 11:21:56.383595 28658 caffe.cpp:491] Iteration: 6 forward-backward time: 1097 ms.
I1017 11:21:57.480726 28658 caffe.cpp:491] Iteration: 7 forward-backward time: 1097 ms.
I1017 11:21:58.579761 28658 caffe.cpp:491] Iteration: 8 forward-backward time: 1099 ms.
I1017 11:21:59.677122 28658 caffe.cpp:491] Iteration: 9 forward-backward time: 1097 ms.
I1017 11:22:00.774915 28658 caffe.cpp:491] Iteration: 10 forward-backward time: 1097 ms.
I1017 11:22:00.774957 28658 caffe.cpp:498] Average time per layer: 
I1017 11:22:00.774961 28658 caffe.cpp:501]       data	forward: 38.7212 ms.
I1017 11:22:00.774968 28658 caffe.cpp:505]       data	backward: 0.0014 ms.
I1017 11:22:00.774974 28658 caffe.cpp:501]      conv1	forward: 28.9906 ms.
I1017 11:22:00.774979 28658 caffe.cpp:505]      conv1	backward: 30.8442 ms.
I1017 11:22:00.774983 28658 caffe.cpp:501]      relu1	forward: 18.2321 ms.
I1017 11:22:00.774988 28658 caffe.cpp:505]      relu1	backward: 56.4351 ms.
I1017 11:22:00.774992 28658 caffe.cpp:501]   dropout1	forward: 99.0641 ms.
I1017 11:22:00.774997 28658 caffe.cpp:505]   dropout1	backward: 61.5846 ms.
I1017 11:22:00.775002 28658 caffe.cpp:501]      pool1	forward: 52.2126 ms.
I1017 11:22:00.775007 28658 caffe.cpp:505]      pool1	backward: 44.9685 ms.
I1017 11:22:00.775010 28658 caffe.cpp:501]      conv2	forward: 95.1831 ms.
I1017 11:22:00.775014 28658 caffe.cpp:505]      conv2	backward: 387.888 ms.
I1017 11:22:00.775019 28658 caffe.cpp:501]      relu2	forward: 3.4499 ms.
I1017 11:22:00.775023 28658 caffe.cpp:505]      relu2	backward: 12.0166 ms.
I1017 11:22:00.775027 28658 caffe.cpp:501]   dropout2	forward: 23.5098 ms.
I1017 11:22:00.775032 28658 caffe.cpp:505]   dropout2	backward: 14.416 ms.
I1017 11:22:00.775038 28658 caffe.cpp:501]      pool2	forward: 12.59 ms.
I1017 11:22:00.775041 28658 caffe.cpp:505]      pool2	backward: 10.7152 ms.
I1017 11:22:00.775046 28658 caffe.cpp:501]      conv3	forward: 20.9305 ms.
I1017 11:22:00.775051 28658 caffe.cpp:505]      conv3	backward: 50.0783 ms.
I1017 11:22:00.775055 28658 caffe.cpp:501]      relu3	forward: 0.3952 ms.
I1017 11:22:00.775059 28658 caffe.cpp:505]      relu3	backward: 2.3287 ms.
I1017 11:22:00.775063 28658 caffe.cpp:501]   dropout3	forward: 4.0124 ms.
I1017 11:22:00.775068 28658 caffe.cpp:505]   dropout3	backward: 3.282 ms.
I1017 11:22:00.775073 28658 caffe.cpp:501]      pool3	forward: 2.9498 ms.
I1017 11:22:00.775076 28658 caffe.cpp:505]      pool3	backward: 1.8094 ms.
I1017 11:22:00.775080 28658 caffe.cpp:501]      conv4	forward: 3.6839 ms.
I1017 11:22:00.775085 28658 caffe.cpp:505]      conv4	backward: 9.1538 ms.
I1017 11:22:00.775090 28658 caffe.cpp:501]      relu4	forward: 0.0421 ms.
I1017 11:22:00.775095 28658 caffe.cpp:505]      relu4	backward: 0.211 ms.
I1017 11:22:00.775100 28658 caffe.cpp:501]   dropout4	forward: 0.5368 ms.
I1017 11:22:00.775105 28658 caffe.cpp:505]   dropout4	backward: 0.5291 ms.
I1017 11:22:00.775110 28658 caffe.cpp:501]      pool4	forward: 0.6267 ms.
I1017 11:22:00.775115 28658 caffe.cpp:505]      pool4	backward: 0.3431 ms.
I1017 11:22:00.775120 28658 caffe.cpp:501]        fc1	forward: 1.2736 ms.
I1017 11:22:00.775125 28658 caffe.cpp:505]        fc1	backward: 3.3361 ms.
I1017 11:22:00.775130 28658 caffe.cpp:501]   dropout5	forward: 0.0477 ms.
I1017 11:22:00.775135 28658 caffe.cpp:505]   dropout5	backward: 0.0149 ms.
I1017 11:22:00.775141 28658 caffe.cpp:501]        fc2	forward: 0.025 ms.
I1017 11:22:00.775146 28658 caffe.cpp:505]        fc2	backward: 0.0484 ms.
I1017 11:22:00.775151 28658 caffe.cpp:501]       loss	forward: 0.0776 ms.
I1017 11:22:00.775156 28658 caffe.cpp:505]       loss	backward: 0.004 ms.
I1017 11:22:00.775162 28658 caffe.cpp:511] Average Forward pass: 406.599 ms.
I1017 11:22:00.775168 28658 caffe.cpp:514] Average Backward pass: 690.058 ms.
I1017 11:22:00.775178 28658 caffe.cpp:516] Average Forward-Backward: 1096.7 ms.
I1017 11:22:00.775185 28658 caffe.cpp:519] Total Time: 10967 ms.
I1017 11:22:00.775199 28658 caffe.cpp:520] *** Benchmark ends ***
