I1017 11:05:17.282212 249878 caffe.cpp:437] Use CPU.
I1017 11:05:17.321400 249878 cpu_info.cpp:452] Processor speed [MHz]: 1400
I1017 11:05:17.321468 249878 cpu_info.cpp:455] Total number of sockets: 1
I1017 11:05:17.321488 249878 cpu_info.cpp:458] Total number of CPU cores: 68
I1017 11:05:17.321504 249878 cpu_info.cpp:461] Total number of processors: 272
I1017 11:05:17.321521 249878 cpu_info.cpp:464] GPU is used: no
I1017 11:05:17.321535 249878 cpu_info.cpp:467] OpenMP environmental variables are specified: yes
I1017 11:05:17.321549 249878 cpu_info.cpp:470] OpenMP thread bind allowed: no
I1017 11:05:17.321564 249878 cpu_info.cpp:473] Number of OpenMP threads: 80
I1017 11:05:17.346909 249878 net.cpp:484] The NetState phase (0) differed from the phase (1) specified by a rule in layer data
I1017 11:05:17.347901 249878 net.cpp:120] Initializing net from parameters: 
name: "HEP_CLASSIFIER"
state {
  phase: TRAIN
  level: 0
  stage: ""
}
layer {
  name: "data"
  type: "DummyData"
  top: "data"
  top: "label"
  include {
    phase: TRAIN
  }
  dummy_data_param {
    data_filler {
      type: "gaussian"
      std: 1
    }
    data_filler {
      type: "constant"
      value: 0
    }
    shape {
      dim: 64
      dim: 3
      dim: 124
      dim: 124
    }
    shape {
      dim: 64
      dim: 1
      dim: 1
      dim: 1
    }
  }
}
layer {
  name: "conv1"
  type: "Convolution"
  bottom: "data"
  top: "conv1"
  convolution_param {
    num_output: 128
    pad: 0
    kernel_size: 3
    stride: 1
    weight_filler {
      type: "msra"
    }
    bias_filler {
      type: "constant"
      value: 0
    }
  }
}
layer {
  name: "relu1"
  type: "ReLU"
  bottom: "conv1"
  top: "conv1"
  relu_param {
    negative_slope: 0.1
  }
}
layer {
  name: "dropout1"
  type: "Dropout"
  bottom: "conv1"
  top: "drop1"
}
layer {
  name: "pool1"
  type: "Pooling"
  bottom: "drop1"
  top: "pool1"
  pooling_param {
    pool: MAX
    kernel_size: 2
    stride: 2
  }
}
layer {
  name: "conv2"
  type: "Convolution"
  bottom: "pool1"
  top: "conv2"
  convolution_param {
    num_output: 128
    pad: 0
    kernel_size: 3
    stride: 1
    weight_filler {
      type: "msra"
    }
    bias_filler {
      type: "constant"
      value: 0
    }
  }
}
layer {
  name: "relu2"
  type: "ReLU"
  bottom: "conv2"
  top: "conv2"
  relu_param {
    negative_slope: 0.1
  }
}
layer {
  name: "dropout2"
  type: "Dropout"
  bottom: "conv2"
  top: "drop2"
}
layer {
  name: "pool2"
  type: "Pooling"
  bottom: "drop2"
  top: "pool2"
  pooling_param {
    pool: MAX
    kernel_size: 2
    stride: 2
  }
}
layer {
  name: "conv3"
  type: "Convolution"
  bottom: "pool2"
  top: "conv3"
  convolution_param {
    num_output: 128
    pad: 0
    kernel_size: 3
    stride: 1
    weight_filler {
      type: "msra"
    }
    bias_filler {
      type: "constant"
      value: 0
    }
  }
}
layer {
  name: "relu3"
  type: "ReLU"
  bottom: "conv3"
  top: "conv3"
  relu_param {
    negative_slope: 0.1
  }
}
layer {
  name: "dropout3"
  type: "Dropout"
  bottom: "conv3"
  top: "drop3"
}
layer {
  name: "pool3"
  type: "Pooling"
  bottom: "drop3"
  top: "pool3"
  pooling_param {
    pool: MAX
    kernel_size: 2
    stride: 2
  }
}
layer {
  name: "conv4"
  type: "Convolution"
  bottom: "pool3"
  top: "conv4"
  convolution_param {
    num_output: 128
    pad: 0
    kernel_size: 3
    stride: 1
    weight_filler {
      type: "msra"
    }
    bias_filler {
      type: "constant"
      value: 0
    }
  }
}
layer {
  name: "relu4"
  type: "ReLU"
  bottom: "conv4"
  top: "conv4"
  relu_param {
    negative_slope: 0.1
  }
}
layer {
  name: "dropout4"
  type: "Dropout"
  bottom: "conv4"
  top: "drop4"
}
layer {
  name: "pool4"
  type: "Pooling"
  bottom: "drop4"
  top: "pool4"
  pooling_param {
    pool: MAX
    kernel_size: 2
    stride: 2
  }
}
layer {
  name: "fc1"
  type: "InnerProduct"
  bottom: "pool4"
  top: "fc1"
  inner_product_param {
    num_output: 1024
    weight_filler {
      type: "msra"
    }
    bias_filler {
      type: "constant"
      value: 0
    }
  }
}
layer {
  name: "dropout5"
  type: "Dropout"
  bottom: "fc1"
  top: "drop5"
}
layer {
  name: "fc2"
  type: "InnerProduct"
  bottom: "drop5"
  top: "fc2"
  inner_product_param {
    num_output: 2
    weight_filler {
      type: "msra"
    }
    bias_filler {
      type: "constant"
      value: 0
    }
  }
}
layer {
  name: "loss"
  type: "SoftmaxWithLoss"
  bottom: "fc2"
  bottom: "label"
}
I1017 11:05:17.349337 249878 layer_factory.hpp:114] Creating layer data
I1017 11:05:17.349418 249878 net.cpp:160] Creating Layer data
I1017 11:05:17.349455 249878 net.cpp:570] data -> data
I1017 11:05:17.349525 249878 net.cpp:570] data -> label
I1017 11:05:17.372208 249878 net.cpp:210] Setting up data
I1017 11:05:17.372321 249878 net.cpp:217] Top shape: 64 3 124 124 (2952192)
I1017 11:05:17.372391 249878 net.cpp:217] Top shape: 64 1 1 1 (64)
I1017 11:05:17.372432 249878 net.cpp:225] Memory required for data: 11809024
I1017 11:05:17.372470 249878 layer_factory.hpp:114] Creating layer conv1
I1017 11:05:17.372593 249878 net.cpp:160] Creating Layer conv1
I1017 11:05:17.372642 249878 net.cpp:596] conv1 <- data
I1017 11:05:17.372725 249878 net.cpp:570] conv1 -> conv1
I1017 11:05:17.575690 249878 net.cpp:210] Setting up conv1
I1017 11:05:17.575794 249878 net.cpp:217] Top shape: 64 128 122 122 (121929728)
I1017 11:05:17.575870 249878 net.cpp:225] Memory required for data: 499527936
I1017 11:05:17.576001 249878 layer_factory.hpp:114] Creating layer relu1
I1017 11:05:17.576124 249878 net.cpp:160] Creating Layer relu1
I1017 11:05:17.576184 249878 net.cpp:596] relu1 <- conv1
I1017 11:05:17.576256 249878 net.cpp:557] relu1 -> conv1 (in-place)
I1017 11:05:17.581159 249878 net.cpp:210] Setting up relu1
I1017 11:05:17.581250 249878 net.cpp:217] Top shape: 64 128 122 122 (121929728)
I1017 11:05:17.581298 249878 net.cpp:225] Memory required for data: 987246848
I1017 11:05:17.581332 249878 layer_factory.hpp:114] Creating layer dropout1
I1017 11:05:17.581384 249878 net.cpp:160] Creating Layer dropout1
I1017 11:05:17.581415 249878 net.cpp:596] dropout1 <- conv1
I1017 11:05:17.581464 249878 net.cpp:570] dropout1 -> drop1
I1017 11:05:17.581535 249878 net.cpp:210] Setting up dropout1
I1017 11:05:17.581570 249878 net.cpp:217] Top shape: 64 128 122 122 (121929728)
I1017 11:05:17.581611 249878 net.cpp:225] Memory required for data: 1474965760
I1017 11:05:17.581645 249878 layer_factory.hpp:114] Creating layer pool1
I1017 11:05:17.581734 249878 net.cpp:160] Creating Layer pool1
I1017 11:05:17.581810 249878 net.cpp:596] pool1 <- drop1
I1017 11:05:17.581921 249878 net.cpp:570] pool1 -> pool1
I1017 11:05:17.586189 249878 net.cpp:210] Setting up pool1
I1017 11:05:17.586278 249878 net.cpp:217] Top shape: 64 128 61 61 (30482432)
I1017 11:05:17.586323 249878 net.cpp:225] Memory required for data: 1596895488
I1017 11:05:17.586352 249878 layer_factory.hpp:114] Creating layer conv2
I1017 11:05:17.586432 249878 net.cpp:160] Creating Layer conv2
I1017 11:05:17.586467 249878 net.cpp:596] conv2 <- pool1
I1017 11:05:17.586516 249878 net.cpp:570] conv2 -> conv2
I1017 11:05:18.609079 249878 net.cpp:210] Setting up conv2
I1017 11:05:18.609172 249878 net.cpp:217] Top shape: 64 128 59 59 (28516352)
I1017 11:05:18.609232 249878 net.cpp:225] Memory required for data: 1710960896
I1017 11:05:18.609315 249878 layer_factory.hpp:114] Creating layer relu2
I1017 11:05:18.609402 249878 net.cpp:160] Creating Layer relu2
I1017 11:05:18.609453 249878 net.cpp:596] relu2 <- conv2
I1017 11:05:18.609515 249878 net.cpp:557] relu2 -> conv2 (in-place)
I1017 11:05:18.613986 249878 net.cpp:210] Setting up relu2
I1017 11:05:18.614073 249878 net.cpp:217] Top shape: 64 128 59 59 (28516352)
I1017 11:05:18.614120 249878 net.cpp:225] Memory required for data: 1825026304
I1017 11:05:18.614154 249878 layer_factory.hpp:114] Creating layer dropout2
I1017 11:05:18.614204 249878 net.cpp:160] Creating Layer dropout2
I1017 11:05:18.614235 249878 net.cpp:596] dropout2 <- conv2
I1017 11:05:18.614280 249878 net.cpp:570] dropout2 -> drop2
I1017 11:05:18.614356 249878 net.cpp:210] Setting up dropout2
I1017 11:05:18.614397 249878 net.cpp:217] Top shape: 64 128 59 59 (28516352)
I1017 11:05:18.614444 249878 net.cpp:225] Memory required for data: 1939091712
I1017 11:05:18.614517 249878 layer_factory.hpp:114] Creating layer pool2
I1017 11:05:18.614620 249878 net.cpp:160] Creating Layer pool2
I1017 11:05:18.614756 249878 net.cpp:596] pool2 <- drop2
I1017 11:05:18.614868 249878 net.cpp:570] pool2 -> pool2
I1017 11:05:18.619071 249878 net.cpp:210] Setting up pool2
I1017 11:05:18.619158 249878 net.cpp:217] Top shape: 64 128 30 30 (7372800)
I1017 11:05:18.619204 249878 net.cpp:225] Memory required for data: 1968582912
I1017 11:05:18.619233 249878 layer_factory.hpp:114] Creating layer conv3
I1017 11:05:18.619314 249878 net.cpp:160] Creating Layer conv3
I1017 11:05:18.619351 249878 net.cpp:596] conv3 <- pool2
I1017 11:05:18.619401 249878 net.cpp:570] conv3 -> conv3
I1017 11:05:18.938503 249878 net.cpp:210] Setting up conv3
I1017 11:05:18.938594 249878 net.cpp:217] Top shape: 64 128 28 28 (6422528)
I1017 11:05:18.938645 249878 net.cpp:225] Memory required for data: 1994273024
I1017 11:05:18.938719 249878 layer_factory.hpp:114] Creating layer relu3
I1017 11:05:18.938794 249878 net.cpp:160] Creating Layer relu3
I1017 11:05:18.938837 249878 net.cpp:596] relu3 <- conv3
I1017 11:05:18.938889 249878 net.cpp:557] relu3 -> conv3 (in-place)
I1017 11:05:18.943485 249878 net.cpp:210] Setting up relu3
I1017 11:05:18.943604 249878 net.cpp:217] Top shape: 64 128 28 28 (6422528)
I1017 11:05:18.943653 249878 net.cpp:225] Memory required for data: 2019963136
I1017 11:05:18.943684 249878 layer_factory.hpp:114] Creating layer dropout3
I1017 11:05:18.943733 249878 net.cpp:160] Creating Layer dropout3
I1017 11:05:18.943761 249878 net.cpp:596] dropout3 <- conv3
I1017 11:05:18.943800 249878 net.cpp:570] dropout3 -> drop3
I1017 11:05:18.943866 249878 net.cpp:210] Setting up dropout3
I1017 11:05:18.943897 249878 net.cpp:217] Top shape: 64 128 28 28 (6422528)
I1017 11:05:18.943935 249878 net.cpp:225] Memory required for data: 2045653248
I1017 11:05:18.943965 249878 layer_factory.hpp:114] Creating layer pool3
I1017 11:05:18.944022 249878 net.cpp:160] Creating Layer pool3
I1017 11:05:18.944059 249878 net.cpp:596] pool3 <- drop3
I1017 11:05:18.944151 249878 net.cpp:570] pool3 -> pool3
I1017 11:05:18.948398 249878 net.cpp:210] Setting up pool3
I1017 11:05:18.948484 249878 net.cpp:217] Top shape: 64 128 14 14 (1605632)
I1017 11:05:18.948525 249878 net.cpp:225] Memory required for data: 2052075776
I1017 11:05:18.948554 249878 layer_factory.hpp:114] Creating layer conv4
I1017 11:05:18.948631 249878 net.cpp:160] Creating Layer conv4
I1017 11:05:18.948663 249878 net.cpp:596] conv4 <- pool3
I1017 11:05:18.948707 249878 net.cpp:570] conv4 -> conv4
I1017 11:05:19.097991 249878 net.cpp:210] Setting up conv4
I1017 11:05:19.098078 249878 net.cpp:217] Top shape: 64 128 12 12 (1179648)
I1017 11:05:19.098122 249878 net.cpp:225] Memory required for data: 2056794368
I1017 11:05:19.098181 249878 layer_factory.hpp:114] Creating layer relu4
I1017 11:05:19.098242 249878 net.cpp:160] Creating Layer relu4
I1017 11:05:19.098273 249878 net.cpp:596] relu4 <- conv4
I1017 11:05:19.098315 249878 net.cpp:557] relu4 -> conv4 (in-place)
I1017 11:05:19.103044 249878 net.cpp:210] Setting up relu4
I1017 11:05:19.103127 249878 net.cpp:217] Top shape: 64 128 12 12 (1179648)
I1017 11:05:19.103170 249878 net.cpp:225] Memory required for data: 2061512960
I1017 11:05:19.103200 249878 layer_factory.hpp:114] Creating layer dropout4
I1017 11:05:19.103246 249878 net.cpp:160] Creating Layer dropout4
I1017 11:05:19.103272 249878 net.cpp:596] dropout4 <- conv4
I1017 11:05:19.103312 249878 net.cpp:570] dropout4 -> drop4
I1017 11:05:19.103374 249878 net.cpp:210] Setting up dropout4
I1017 11:05:19.103405 249878 net.cpp:217] Top shape: 64 128 12 12 (1179648)
I1017 11:05:19.103441 249878 net.cpp:225] Memory required for data: 2066231552
I1017 11:05:19.103471 249878 layer_factory.hpp:114] Creating layer pool4
I1017 11:05:19.103525 249878 net.cpp:160] Creating Layer pool4
I1017 11:05:19.103555 249878 net.cpp:596] pool4 <- drop4
I1017 11:05:19.103647 249878 net.cpp:570] pool4 -> pool4
I1017 11:05:19.107918 249878 net.cpp:210] Setting up pool4
I1017 11:05:19.108026 249878 net.cpp:217] Top shape: 64 128 6 6 (294912)
I1017 11:05:19.108067 249878 net.cpp:225] Memory required for data: 2067411200
I1017 11:05:19.108096 249878 layer_factory.hpp:114] Creating layer fc1
I1017 11:05:19.108167 249878 net.cpp:160] Creating Layer fc1
I1017 11:05:19.108199 249878 net.cpp:596] fc1 <- pool4
I1017 11:05:19.108242 249878 net.cpp:570] fc1 -> fc1
I1017 11:05:19.344164 249878 net.cpp:210] Setting up fc1
I1017 11:05:19.344251 249878 net.cpp:217] Top shape: 64 1024 (65536)
I1017 11:05:19.344291 249878 net.cpp:225] Memory required for data: 2067673344
I1017 11:05:19.344358 249878 layer_factory.hpp:114] Creating layer dropout5
I1017 11:05:19.344405 249878 net.cpp:160] Creating Layer dropout5
I1017 11:05:19.344432 249878 net.cpp:596] dropout5 <- fc1
I1017 11:05:19.344473 249878 net.cpp:570] dropout5 -> drop5
I1017 11:05:19.344535 249878 net.cpp:210] Setting up dropout5
I1017 11:05:19.344565 249878 net.cpp:217] Top shape: 64 1024 (65536)
I1017 11:05:19.344602 249878 net.cpp:225] Memory required for data: 2067935488
I1017 11:05:19.344631 249878 layer_factory.hpp:114] Creating layer fc2
I1017 11:05:19.344691 249878 net.cpp:160] Creating Layer fc2
I1017 11:05:19.344760 249878 net.cpp:596] fc2 <- drop5
I1017 11:05:19.344806 249878 net.cpp:570] fc2 -> fc2
I1017 11:05:19.348366 249878 net.cpp:210] Setting up fc2
I1017 11:05:19.348454 249878 net.cpp:217] Top shape: 64 2 (128)
I1017 11:05:19.348495 249878 net.cpp:225] Memory required for data: 2067936000
I1017 11:05:19.348552 249878 layer_factory.hpp:114] Creating layer loss
I1017 11:05:19.348615 249878 net.cpp:160] Creating Layer loss
I1017 11:05:19.348644 249878 net.cpp:596] loss <- fc2
I1017 11:05:19.348672 249878 net.cpp:596] loss <- label
I1017 11:05:19.348721 249878 net.cpp:570] loss -> (automatic)
I1017 11:05:19.348785 249878 layer_factory.hpp:114] Creating layer loss
I1017 11:05:19.352080 249878 net.cpp:210] Setting up loss
I1017 11:05:19.352165 249878 net.cpp:217] Top shape: (1)
I1017 11:05:19.352205 249878 net.cpp:220]     with loss weight 1
I1017 11:05:19.352324 249878 net.cpp:225] Memory required for data: 2067936004
I1017 11:05:19.352363 249878 net.cpp:287] loss needs backward computation.
I1017 11:05:19.352391 249878 net.cpp:287] fc2 needs backward computation.
I1017 11:05:19.352413 249878 net.cpp:287] dropout5 needs backward computation.
I1017 11:05:19.352433 249878 net.cpp:287] fc1 needs backward computation.
I1017 11:05:19.352453 249878 net.cpp:287] pool4 needs backward computation.
I1017 11:05:19.352473 249878 net.cpp:287] dropout4 needs backward computation.
I1017 11:05:19.352494 249878 net.cpp:287] relu4 needs backward computation.
I1017 11:05:19.352514 249878 net.cpp:287] conv4 needs backward computation.
I1017 11:05:19.352535 249878 net.cpp:287] pool3 needs backward computation.
I1017 11:05:19.352555 249878 net.cpp:287] dropout3 needs backward computation.
I1017 11:05:19.352576 249878 net.cpp:287] relu3 needs backward computation.
I1017 11:05:19.352598 249878 net.cpp:287] conv3 needs backward computation.
I1017 11:05:19.352641 249878 net.cpp:287] pool2 needs backward computation.
I1017 11:05:19.352687 249878 net.cpp:287] dropout2 needs backward computation.
I1017 11:05:19.352708 249878 net.cpp:287] relu2 needs backward computation.
I1017 11:05:19.352769 249878 net.cpp:287] conv2 needs backward computation.
I1017 11:05:19.352797 249878 net.cpp:287] pool1 needs backward computation.
I1017 11:05:19.352818 249878 net.cpp:287] dropout1 needs backward computation.
I1017 11:05:19.352838 249878 net.cpp:287] relu1 needs backward computation.
I1017 11:05:19.352857 249878 net.cpp:287] conv1 needs backward computation.
I1017 11:05:19.352887 249878 net.cpp:289] data does not need backward computation.
I1017 11:05:19.352931 249878 net.cpp:345] Network initialization done.
I1017 11:05:19.353276 249878 caffe.cpp:445] Performing Forward
I1017 11:05:21.165648 249878 caffe.cpp:450] Initial loss: 20.817
I1017 11:05:21.165758 249878 caffe.cpp:452] Performing Backward
I1017 11:05:22.396381 249878 caffe.cpp:461] *** Benchmark begins ***
I1017 11:05:22.396483 249878 caffe.cpp:462] Testing for 10 iterations.
I1017 11:05:23.646263 249878 caffe.cpp:491] Iteration: 1 forward-backward time: 1249 ms.
I1017 11:05:24.873486 249878 caffe.cpp:491] Iteration: 2 forward-backward time: 1227 ms.
I1017 11:05:26.092658 249878 caffe.cpp:491] Iteration: 3 forward-backward time: 1219 ms.
I1017 11:05:27.327143 249878 caffe.cpp:491] Iteration: 4 forward-backward time: 1234 ms.
I1017 11:05:28.589113 249878 caffe.cpp:491] Iteration: 5 forward-backward time: 1261 ms.
I1017 11:05:29.810001 249878 caffe.cpp:491] Iteration: 6 forward-backward time: 1220 ms.
I1017 11:05:31.180761 249878 caffe.cpp:491] Iteration: 7 forward-backward time: 1370 ms.
I1017 11:05:32.458859 249878 caffe.cpp:491] Iteration: 8 forward-backward time: 1278 ms.
I1017 11:05:33.709945 249878 caffe.cpp:491] Iteration: 9 forward-backward time: 1251 ms.
I1017 11:05:34.925246 249878 caffe.cpp:491] Iteration: 10 forward-backward time: 1215 ms.
I1017 11:05:34.925353 249878 caffe.cpp:498] Average time per layer: 
I1017 11:05:34.925384 249878 caffe.cpp:501]       data	forward: 151.171 ms.
I1017 11:05:34.925426 249878 caffe.cpp:505]       data	backward: 0.0035 ms.
I1017 11:05:34.925465 249878 caffe.cpp:501]      conv1	forward: 23.3799 ms.
I1017 11:05:34.925504 249878 caffe.cpp:505]      conv1	backward: 22.3447 ms.
I1017 11:05:34.925544 249878 caffe.cpp:501]      relu1	forward: 11.3344 ms.
I1017 11:05:34.925585 249878 caffe.cpp:505]      relu1	backward: 125.412 ms.
I1017 11:05:34.925626 249878 caffe.cpp:501]   dropout1	forward: 162.674 ms.
I1017 11:05:34.925663 249878 caffe.cpp:505]   dropout1	backward: 118.215 ms.
I1017 11:05:34.925703 249878 caffe.cpp:501]      pool1	forward: 76.4674 ms.
I1017 11:05:34.925741 249878 caffe.cpp:505]      pool1	backward: 46.4306 ms.
I1017 11:05:34.925786 249878 caffe.cpp:501]      conv2	forward: 134.357 ms.
I1017 11:05:34.925827 249878 caffe.cpp:505]      conv2	backward: 181.967 ms.
I1017 11:05:34.925869 249878 caffe.cpp:501]      relu2	forward: 2.4237 ms.
I1017 11:05:34.925905 249878 caffe.cpp:505]      relu2	backward: 15.7739 ms.
I1017 11:05:34.925941 249878 caffe.cpp:501]   dropout2	forward: 26.2465 ms.
I1017 11:05:34.925976 249878 caffe.cpp:505]   dropout2	backward: 15.3166 ms.
I1017 11:05:34.926012 249878 caffe.cpp:501]      pool2	forward: 34.5431 ms.
I1017 11:05:34.926051 249878 caffe.cpp:505]      pool2	backward: 21.2025 ms.
I1017 11:05:34.926096 249878 caffe.cpp:501]      conv3	forward: 7.5184 ms.
I1017 11:05:34.926134 249878 caffe.cpp:505]      conv3	backward: 14.0678 ms.
I1017 11:05:34.926172 249878 caffe.cpp:501]      relu3	forward: 0.3789 ms.
I1017 11:05:34.926208 249878 caffe.cpp:505]      relu3	backward: 4.5189 ms.
I1017 11:05:34.926244 249878 caffe.cpp:501]   dropout3	forward: 7.8813 ms.
I1017 11:05:34.926280 249878 caffe.cpp:505]   dropout3	backward: 3.6259 ms.
I1017 11:05:34.926316 249878 caffe.cpp:501]      pool3	forward: 10.3645 ms.
I1017 11:05:34.926357 249878 caffe.cpp:505]      pool3	backward: 5.5273 ms.
I1017 11:05:34.926393 249878 caffe.cpp:501]      conv4	forward: 1.4935 ms.
I1017 11:05:34.926425 249878 caffe.cpp:505]      conv4	backward: 2.7394 ms.
I1017 11:05:34.926460 249878 caffe.cpp:501]      relu4	forward: 0.0603 ms.
I1017 11:05:34.926496 249878 caffe.cpp:505]      relu4	backward: 2.0704 ms.
I1017 11:05:34.926534 249878 caffe.cpp:501]   dropout4	forward: 2.627 ms.
I1017 11:05:34.926575 249878 caffe.cpp:505]   dropout4	backward: 1.8359 ms.
I1017 11:05:34.926612 249878 caffe.cpp:501]      pool4	forward: 3.1558 ms.
I1017 11:05:34.926647 249878 caffe.cpp:505]      pool4	backward: 3.4669 ms.
I1017 11:05:34.926679 249878 caffe.cpp:501]        fc1	forward: 1.1307 ms.
I1017 11:05:34.926712 249878 caffe.cpp:505]        fc1	backward: 4.4157 ms.
I1017 11:05:34.926745 249878 caffe.cpp:501]   dropout5	forward: 2.1593 ms.
I1017 11:05:34.926782 249878 caffe.cpp:505]   dropout5	backward: 0.1323 ms.
I1017 11:05:34.926820 249878 caffe.cpp:501]        fc2	forward: 1.8381 ms.
I1017 11:05:34.926852 249878 caffe.cpp:505]        fc2	backward: 0.2291 ms.
I1017 11:05:34.926882 249878 caffe.cpp:501]       loss	forward: 1.7566 ms.
I1017 11:05:34.926934 249878 caffe.cpp:505]       loss	backward: 0.014 ms.
I1017 11:05:34.926980 249878 caffe.cpp:511] Average Forward pass: 663.203 ms.
I1017 11:05:34.927013 249878 caffe.cpp:514] Average Backward pass: 589.546 ms.
I1017 11:05:34.927044 249878 caffe.cpp:516] Average Forward-Backward: 1253 ms.
I1017 11:05:34.927078 249878 caffe.cpp:519] Total Time: 12530 ms.
I1017 11:05:34.927114 249878 caffe.cpp:520] *** Benchmark ends ***
