I1017 11:04:10.927760 249412 caffe.cpp:437] Use CPU.
I1017 11:04:10.970000 249412 cpu_info.cpp:452] Processor speed [MHz]: 1400
I1017 11:04:10.970067 249412 cpu_info.cpp:455] Total number of sockets: 1
I1017 11:04:10.970087 249412 cpu_info.cpp:458] Total number of CPU cores: 68
I1017 11:04:10.970101 249412 cpu_info.cpp:461] Total number of processors: 272
I1017 11:04:10.970118 249412 cpu_info.cpp:464] GPU is used: no
I1017 11:04:10.970132 249412 cpu_info.cpp:467] OpenMP environmental variables are specified: yes
I1017 11:04:10.970147 249412 cpu_info.cpp:470] OpenMP thread bind allowed: no
I1017 11:04:10.970162 249412 cpu_info.cpp:473] Number of OpenMP threads: 128
I1017 11:04:10.995770 249412 net.cpp:484] The NetState phase (0) differed from the phase (1) specified by a rule in layer data
I1017 11:04:10.996821 249412 net.cpp:120] Initializing net from parameters: 
name: "HEP_CLASSIFIER"
state {
  phase: TRAIN
  level: 0
  stage: ""
}
layer {
  name: "data"
  type: "DummyData"
  top: "data"
  top: "label"
  include {
    phase: TRAIN
  }
  dummy_data_param {
    data_filler {
      type: "gaussian"
      std: 1
    }
    data_filler {
      type: "constant"
      value: 0
    }
    shape {
      dim: 64
      dim: 3
      dim: 124
      dim: 124
    }
    shape {
      dim: 64
      dim: 1
      dim: 1
      dim: 1
    }
  }
}
layer {
  name: "conv1"
  type: "Convolution"
  bottom: "data"
  top: "conv1"
  convolution_param {
    num_output: 128
    pad: 0
    kernel_size: 3
    stride: 1
    weight_filler {
      type: "msra"
    }
    bias_filler {
      type: "constant"
      value: 0
    }
  }
}
layer {
  name: "relu1"
  type: "ReLU"
  bottom: "conv1"
  top: "conv1"
  relu_param {
    negative_slope: 0.1
  }
}
layer {
  name: "dropout1"
  type: "Dropout"
  bottom: "conv1"
  top: "drop1"
}
layer {
  name: "pool1"
  type: "Pooling"
  bottom: "drop1"
  top: "pool1"
  pooling_param {
    pool: MAX
    kernel_size: 2
    stride: 2
  }
}
layer {
  name: "conv2"
  type: "Convolution"
  bottom: "pool1"
  top: "conv2"
  convolution_param {
    num_output: 128
    pad: 0
    kernel_size: 3
    stride: 1
    weight_filler {
      type: "msra"
    }
    bias_filler {
      type: "constant"
      value: 0
    }
  }
}
layer {
  name: "relu2"
  type: "ReLU"
  bottom: "conv2"
  top: "conv2"
  relu_param {
    negative_slope: 0.1
  }
}
layer {
  name: "dropout2"
  type: "Dropout"
  bottom: "conv2"
  top: "drop2"
}
layer {
  name: "pool2"
  type: "Pooling"
  bottom: "drop2"
  top: "pool2"
  pooling_param {
    pool: MAX
    kernel_size: 2
    stride: 2
  }
}
layer {
  name: "conv3"
  type: "Convolution"
  bottom: "pool2"
  top: "conv3"
  convolution_param {
    num_output: 128
    pad: 0
    kernel_size: 3
    stride: 1
    weight_filler {
      type: "msra"
    }
    bias_filler {
      type: "constant"
      value: 0
    }
  }
}
layer {
  name: "relu3"
  type: "ReLU"
  bottom: "conv3"
  top: "conv3"
  relu_param {
    negative_slope: 0.1
  }
}
layer {
  name: "dropout3"
  type: "Dropout"
  bottom: "conv3"
  top: "drop3"
}
layer {
  name: "pool3"
  type: "Pooling"
  bottom: "drop3"
  top: "pool3"
  pooling_param {
    pool: MAX
    kernel_size: 2
    stride: 2
  }
}
layer {
  name: "conv4"
  type: "Convolution"
  bottom: "pool3"
  top: "conv4"
  convolution_param {
    num_output: 128
    pad: 0
    kernel_size: 3
    stride: 1
    weight_filler {
      type: "msra"
    }
    bias_filler {
      type: "constant"
      value: 0
    }
  }
}
layer {
  name: "relu4"
  type: "ReLU"
  bottom: "conv4"
  top: "conv4"
  relu_param {
    negative_slope: 0.1
  }
}
layer {
  name: "dropout4"
  type: "Dropout"
  bottom: "conv4"
  top: "drop4"
}
layer {
  name: "pool4"
  type: "Pooling"
  bottom: "drop4"
  top: "pool4"
  pooling_param {
    pool: MAX
    kernel_size: 2
    stride: 2
  }
}
layer {
  name: "fc1"
  type: "InnerProduct"
  bottom: "pool4"
  top: "fc1"
  inner_product_param {
    num_output: 1024
    weight_filler {
      type: "msra"
    }
    bias_filler {
      type: "constant"
      value: 0
    }
  }
}
layer {
  name: "dropout5"
  type: "Dropout"
  bottom: "fc1"
  top: "drop5"
}
layer {
  name: "fc2"
  type: "InnerProduct"
  bottom: "drop5"
  top: "fc2"
  inner_product_param {
    num_output: 2
    weight_filler {
      type: "msra"
    }
    bias_filler {
      type: "constant"
      value: 0
    }
  }
}
layer {
  name: "loss"
  type: "SoftmaxWithLoss"
  bottom: "fc2"
  bottom: "label"
}
I1017 11:04:10.998245 249412 layer_factory.hpp:114] Creating layer data
I1017 11:04:10.998325 249412 net.cpp:160] Creating Layer data
I1017 11:04:10.998360 249412 net.cpp:570] data -> data
I1017 11:04:10.998431 249412 net.cpp:570] data -> label
I1017 11:04:11.021875 249412 net.cpp:210] Setting up data
I1017 11:04:11.021986 249412 net.cpp:217] Top shape: 64 3 124 124 (2952192)
I1017 11:04:11.022053 249412 net.cpp:217] Top shape: 64 1 1 1 (64)
I1017 11:04:11.022091 249412 net.cpp:225] Memory required for data: 11809024
I1017 11:04:11.022127 249412 layer_factory.hpp:114] Creating layer conv1
I1017 11:04:11.022250 249412 net.cpp:160] Creating Layer conv1
I1017 11:04:11.022303 249412 net.cpp:596] conv1 <- data
I1017 11:04:11.022418 249412 net.cpp:570] conv1 -> conv1
I1017 11:04:11.227885 249412 net.cpp:210] Setting up conv1
I1017 11:04:11.227988 249412 net.cpp:217] Top shape: 64 128 122 122 (121929728)
I1017 11:04:11.228060 249412 net.cpp:225] Memory required for data: 499527936
I1017 11:04:11.228190 249412 layer_factory.hpp:114] Creating layer relu1
I1017 11:04:11.228313 249412 net.cpp:160] Creating Layer relu1
I1017 11:04:11.228384 249412 net.cpp:596] relu1 <- conv1
I1017 11:04:11.228482 249412 net.cpp:557] relu1 -> conv1 (in-place)
I1017 11:04:11.233547 249412 net.cpp:210] Setting up relu1
I1017 11:04:11.233635 249412 net.cpp:217] Top shape: 64 128 122 122 (121929728)
I1017 11:04:11.233680 249412 net.cpp:225] Memory required for data: 987246848
I1017 11:04:11.233714 249412 layer_factory.hpp:114] Creating layer dropout1
I1017 11:04:11.233764 249412 net.cpp:160] Creating Layer dropout1
I1017 11:04:11.233798 249412 net.cpp:596] dropout1 <- conv1
I1017 11:04:11.233842 249412 net.cpp:570] dropout1 -> drop1
I1017 11:04:11.233917 249412 net.cpp:210] Setting up dropout1
I1017 11:04:11.233952 249412 net.cpp:217] Top shape: 64 128 122 122 (121929728)
I1017 11:04:11.233991 249412 net.cpp:225] Memory required for data: 1474965760
I1017 11:04:11.234028 249412 layer_factory.hpp:114] Creating layer pool1
I1017 11:04:11.234135 249412 net.cpp:160] Creating Layer pool1
I1017 11:04:11.234252 249412 net.cpp:596] pool1 <- drop1
I1017 11:04:11.234597 249412 net.cpp:570] pool1 -> pool1
I1017 11:04:11.239181 249412 net.cpp:210] Setting up pool1
I1017 11:04:11.239276 249412 net.cpp:217] Top shape: 64 128 61 61 (30482432)
I1017 11:04:11.239327 249412 net.cpp:225] Memory required for data: 1596895488
I1017 11:04:11.239361 249412 layer_factory.hpp:114] Creating layer conv2
I1017 11:04:11.239446 249412 net.cpp:160] Creating Layer conv2
I1017 11:04:11.239488 249412 net.cpp:596] conv2 <- pool1
I1017 11:04:11.239540 249412 net.cpp:570] conv2 -> conv2
I1017 11:04:12.261970 249412 net.cpp:210] Setting up conv2
I1017 11:04:12.262063 249412 net.cpp:217] Top shape: 64 128 59 59 (28516352)
I1017 11:04:12.262123 249412 net.cpp:225] Memory required for data: 1710960896
I1017 11:04:12.262208 249412 layer_factory.hpp:114] Creating layer relu2
I1017 11:04:12.262296 249412 net.cpp:160] Creating Layer relu2
I1017 11:04:12.262347 249412 net.cpp:596] relu2 <- conv2
I1017 11:04:12.262413 249412 net.cpp:557] relu2 -> conv2 (in-place)
I1017 11:04:12.267300 249412 net.cpp:210] Setting up relu2
I1017 11:04:12.267390 249412 net.cpp:217] Top shape: 64 128 59 59 (28516352)
I1017 11:04:12.267438 249412 net.cpp:225] Memory required for data: 1825026304
I1017 11:04:12.267470 249412 layer_factory.hpp:114] Creating layer dropout2
I1017 11:04:12.267521 249412 net.cpp:160] Creating Layer dropout2
I1017 11:04:12.267552 249412 net.cpp:596] dropout2 <- conv2
I1017 11:04:12.267640 249412 net.cpp:570] dropout2 -> drop2
I1017 11:04:12.267796 249412 net.cpp:210] Setting up dropout2
I1017 11:04:12.267853 249412 net.cpp:217] Top shape: 64 128 59 59 (28516352)
I1017 11:04:12.267911 249412 net.cpp:225] Memory required for data: 1939091712
I1017 11:04:12.268172 249412 layer_factory.hpp:114] Creating layer pool2
I1017 11:04:12.268322 249412 net.cpp:160] Creating Layer pool2
I1017 11:04:12.268380 249412 net.cpp:596] pool2 <- drop2
I1017 11:04:12.268637 249412 net.cpp:570] pool2 -> pool2
I1017 11:04:12.273032 249412 net.cpp:210] Setting up pool2
I1017 11:04:12.273119 249412 net.cpp:217] Top shape: 64 128 30 30 (7372800)
I1017 11:04:12.273161 249412 net.cpp:225] Memory required for data: 1968582912
I1017 11:04:12.273191 249412 layer_factory.hpp:114] Creating layer conv3
I1017 11:04:12.273269 249412 net.cpp:160] Creating Layer conv3
I1017 11:04:12.273305 249412 net.cpp:596] conv3 <- pool2
I1017 11:04:12.273352 249412 net.cpp:570] conv3 -> conv3
I1017 11:04:12.593063 249412 net.cpp:210] Setting up conv3
I1017 11:04:12.593154 249412 net.cpp:217] Top shape: 64 128 28 28 (6422528)
I1017 11:04:12.593201 249412 net.cpp:225] Memory required for data: 1994273024
I1017 11:04:12.593274 249412 layer_factory.hpp:114] Creating layer relu3
I1017 11:04:12.593348 249412 net.cpp:160] Creating Layer relu3
I1017 11:04:12.593385 249412 net.cpp:596] relu3 <- conv3
I1017 11:04:12.593430 249412 net.cpp:557] relu3 -> conv3 (in-place)
I1017 11:04:12.598057 249412 net.cpp:210] Setting up relu3
I1017 11:04:12.598145 249412 net.cpp:217] Top shape: 64 128 28 28 (6422528)
I1017 11:04:12.598188 249412 net.cpp:225] Memory required for data: 2019963136
I1017 11:04:12.598219 249412 layer_factory.hpp:114] Creating layer dropout3
I1017 11:04:12.598265 249412 net.cpp:160] Creating Layer dropout3
I1017 11:04:12.598295 249412 net.cpp:596] dropout3 <- conv3
I1017 11:04:12.598335 249412 net.cpp:570] dropout3 -> drop3
I1017 11:04:12.598403 249412 net.cpp:210] Setting up dropout3
I1017 11:04:12.598436 249412 net.cpp:217] Top shape: 64 128 28 28 (6422528)
I1017 11:04:12.598470 249412 net.cpp:225] Memory required for data: 2045653248
I1017 11:04:12.598500 249412 layer_factory.hpp:114] Creating layer pool3
I1017 11:04:12.598559 249412 net.cpp:160] Creating Layer pool3
I1017 11:04:12.598598 249412 net.cpp:596] pool3 <- drop3
I1017 11:04:12.598677 249412 net.cpp:570] pool3 -> pool3
I1017 11:04:12.602910 249412 net.cpp:210] Setting up pool3
I1017 11:04:12.602998 249412 net.cpp:217] Top shape: 64 128 14 14 (1605632)
I1017 11:04:12.603040 249412 net.cpp:225] Memory required for data: 2052075776
I1017 11:04:12.603070 249412 layer_factory.hpp:114] Creating layer conv4
I1017 11:04:12.603147 249412 net.cpp:160] Creating Layer conv4
I1017 11:04:12.603184 249412 net.cpp:596] conv4 <- pool3
I1017 11:04:12.603231 249412 net.cpp:570] conv4 -> conv4
I1017 11:04:12.752405 249412 net.cpp:210] Setting up conv4
I1017 11:04:12.752490 249412 net.cpp:217] Top shape: 64 128 12 12 (1179648)
I1017 11:04:12.752534 249412 net.cpp:225] Memory required for data: 2056794368
I1017 11:04:12.752595 249412 layer_factory.hpp:114] Creating layer relu4
I1017 11:04:12.752660 249412 net.cpp:160] Creating Layer relu4
I1017 11:04:12.752692 249412 net.cpp:596] relu4 <- conv4
I1017 11:04:12.752737 249412 net.cpp:557] relu4 -> conv4 (in-place)
I1017 11:04:12.757302 249412 net.cpp:210] Setting up relu4
I1017 11:04:12.757386 249412 net.cpp:217] Top shape: 64 128 12 12 (1179648)
I1017 11:04:12.757431 249412 net.cpp:225] Memory required for data: 2061512960
I1017 11:04:12.757462 249412 layer_factory.hpp:114] Creating layer dropout4
I1017 11:04:12.757506 249412 net.cpp:160] Creating Layer dropout4
I1017 11:04:12.757532 249412 net.cpp:596] dropout4 <- conv4
I1017 11:04:12.757570 249412 net.cpp:570] dropout4 -> drop4
I1017 11:04:12.757632 249412 net.cpp:210] Setting up dropout4
I1017 11:04:12.757664 249412 net.cpp:217] Top shape: 64 128 12 12 (1179648)
I1017 11:04:12.757700 249412 net.cpp:225] Memory required for data: 2066231552
I1017 11:04:12.757730 249412 layer_factory.hpp:114] Creating layer pool4
I1017 11:04:12.757786 249412 net.cpp:160] Creating Layer pool4
I1017 11:04:12.757817 249412 net.cpp:596] pool4 <- drop4
I1017 11:04:12.757861 249412 net.cpp:570] pool4 -> pool4
I1017 11:04:12.762159 249412 net.cpp:210] Setting up pool4
I1017 11:04:12.762269 249412 net.cpp:217] Top shape: 64 128 6 6 (294912)
I1017 11:04:12.762315 249412 net.cpp:225] Memory required for data: 2067411200
I1017 11:04:12.762342 249412 layer_factory.hpp:114] Creating layer fc1
I1017 11:04:12.762416 249412 net.cpp:160] Creating Layer fc1
I1017 11:04:12.762452 249412 net.cpp:596] fc1 <- pool4
I1017 11:04:12.762497 249412 net.cpp:570] fc1 -> fc1
I1017 11:04:12.997896 249412 net.cpp:210] Setting up fc1
I1017 11:04:12.997983 249412 net.cpp:217] Top shape: 64 1024 (65536)
I1017 11:04:12.998023 249412 net.cpp:225] Memory required for data: 2067673344
I1017 11:04:12.998090 249412 layer_factory.hpp:114] Creating layer dropout5
I1017 11:04:12.998138 249412 net.cpp:160] Creating Layer dropout5
I1017 11:04:12.998165 249412 net.cpp:596] dropout5 <- fc1
I1017 11:04:12.998203 249412 net.cpp:570] dropout5 -> drop5
I1017 11:04:12.998265 249412 net.cpp:210] Setting up dropout5
I1017 11:04:12.998294 249412 net.cpp:217] Top shape: 64 1024 (65536)
I1017 11:04:12.998329 249412 net.cpp:225] Memory required for data: 2067935488
I1017 11:04:12.998358 249412 layer_factory.hpp:114] Creating layer fc2
I1017 11:04:12.998415 249412 net.cpp:160] Creating Layer fc2
I1017 11:04:12.998447 249412 net.cpp:596] fc2 <- drop5
I1017 11:04:12.998529 249412 net.cpp:570] fc2 -> fc2
I1017 11:04:13.002101 249412 net.cpp:210] Setting up fc2
I1017 11:04:13.002197 249412 net.cpp:217] Top shape: 64 2 (128)
I1017 11:04:13.002238 249412 net.cpp:225] Memory required for data: 2067936000
I1017 11:04:13.002295 249412 layer_factory.hpp:114] Creating layer loss
I1017 11:04:13.002363 249412 net.cpp:160] Creating Layer loss
I1017 11:04:13.002401 249412 net.cpp:596] loss <- fc2
I1017 11:04:13.002432 249412 net.cpp:596] loss <- label
I1017 11:04:13.002481 249412 net.cpp:570] loss -> (automatic)
I1017 11:04:13.002545 249412 layer_factory.hpp:114] Creating layer loss
I1017 11:04:13.005998 249412 net.cpp:210] Setting up loss
I1017 11:04:13.006086 249412 net.cpp:217] Top shape: (1)
I1017 11:04:13.006126 249412 net.cpp:220]     with loss weight 1
I1017 11:04:13.006253 249412 net.cpp:225] Memory required for data: 2067936004
I1017 11:04:13.006291 249412 net.cpp:287] loss needs backward computation.
I1017 11:04:13.006320 249412 net.cpp:287] fc2 needs backward computation.
I1017 11:04:13.006341 249412 net.cpp:287] dropout5 needs backward computation.
I1017 11:04:13.006362 249412 net.cpp:287] fc1 needs backward computation.
I1017 11:04:13.006382 249412 net.cpp:287] pool4 needs backward computation.
I1017 11:04:13.006404 249412 net.cpp:287] dropout4 needs backward computation.
I1017 11:04:13.006427 249412 net.cpp:287] relu4 needs backward computation.
I1017 11:04:13.006445 249412 net.cpp:287] conv4 needs backward computation.
I1017 11:04:13.006467 249412 net.cpp:287] pool3 needs backward computation.
I1017 11:04:13.006489 249412 net.cpp:287] dropout3 needs backward computation.
I1017 11:04:13.006510 249412 net.cpp:287] relu3 needs backward computation.
I1017 11:04:13.006530 249412 net.cpp:287] conv3 needs backward computation.
I1017 11:04:13.006552 249412 net.cpp:287] pool2 needs backward computation.
I1017 11:04:13.006573 249412 net.cpp:287] dropout2 needs backward computation.
I1017 11:04:13.006629 249412 net.cpp:287] relu2 needs backward computation.
I1017 11:04:13.006661 249412 net.cpp:287] conv2 needs backward computation.
I1017 11:04:13.006727 249412 net.cpp:287] pool1 needs backward computation.
I1017 11:04:13.006753 249412 net.cpp:287] dropout1 needs backward computation.
I1017 11:04:13.006773 249412 net.cpp:287] relu1 needs backward computation.
I1017 11:04:13.006799 249412 net.cpp:287] conv1 needs backward computation.
I1017 11:04:13.006821 249412 net.cpp:289] data does not need backward computation.
I1017 11:04:13.006872 249412 net.cpp:345] Network initialization done.
I1017 11:04:13.007236 249412 caffe.cpp:445] Performing Forward
I1017 11:04:15.101799 249412 caffe.cpp:450] Initial loss: 43.7916
I1017 11:04:15.101902 249412 caffe.cpp:452] Performing Backward
I1017 11:04:16.567963 249412 caffe.cpp:461] *** Benchmark begins ***
I1017 11:04:16.568063 249412 caffe.cpp:462] Testing for 10 iterations.
I1017 11:04:17.990869 249412 caffe.cpp:491] Iteration: 1 forward-backward time: 1422 ms.
I1017 11:04:19.385905 249412 caffe.cpp:491] Iteration: 2 forward-backward time: 1394 ms.
I1017 11:04:20.764940 249412 caffe.cpp:491] Iteration: 3 forward-backward time: 1378 ms.
I1017 11:04:22.188210 249412 caffe.cpp:491] Iteration: 4 forward-backward time: 1423 ms.
I1017 11:04:23.508766 249412 caffe.cpp:491] Iteration: 5 forward-backward time: 1320 ms.
I1017 11:04:25.058794 249412 caffe.cpp:491] Iteration: 6 forward-backward time: 1549 ms.
I1017 11:04:26.430074 249412 caffe.cpp:491] Iteration: 7 forward-backward time: 1371 ms.
I1017 11:04:27.788532 249412 caffe.cpp:491] Iteration: 8 forward-backward time: 1358 ms.
I1017 11:04:29.218816 249412 caffe.cpp:491] Iteration: 9 forward-backward time: 1430 ms.
I1017 11:04:30.593713 249412 caffe.cpp:491] Iteration: 10 forward-backward time: 1374 ms.
I1017 11:04:30.593811 249412 caffe.cpp:498] Average time per layer: 
I1017 11:04:30.593832 249412 caffe.cpp:501]       data	forward: 150.295 ms.
I1017 11:04:30.593859 249412 caffe.cpp:505]       data	backward: 0.0034 ms.
I1017 11:04:30.593885 249412 caffe.cpp:501]      conv1	forward: 23.965 ms.
I1017 11:04:30.593912 249412 caffe.cpp:505]      conv1	backward: 22.7106 ms.
I1017 11:04:30.593938 249412 caffe.cpp:501]      relu1	forward: 11.3333 ms.
I1017 11:04:30.593964 249412 caffe.cpp:505]      relu1	backward: 154.498 ms.
I1017 11:04:30.593991 249412 caffe.cpp:501]   dropout1	forward: 160.218 ms.
I1017 11:04:30.594017 249412 caffe.cpp:505]   dropout1	backward: 121.774 ms.
I1017 11:04:30.594043 249412 caffe.cpp:501]      pool1	forward: 111.787 ms.
I1017 11:04:30.594070 249412 caffe.cpp:505]      pool1	backward: 53.805 ms.
I1017 11:04:30.594096 249412 caffe.cpp:501]      conv2	forward: 140.593 ms.
I1017 11:04:30.594122 249412 caffe.cpp:505]      conv2	backward: 217.804 ms.
I1017 11:04:30.594149 249412 caffe.cpp:501]      relu2	forward: 2.4118 ms.
I1017 11:04:30.594174 249412 caffe.cpp:505]      relu2	backward: 17.2595 ms.
I1017 11:04:30.594200 249412 caffe.cpp:501]   dropout2	forward: 23.1957 ms.
I1017 11:04:30.594228 249412 caffe.cpp:505]   dropout2	backward: 16.5468 ms.
I1017 11:04:30.594255 249412 caffe.cpp:501]      pool2	forward: 36.4199 ms.
I1017 11:04:30.594292 249412 caffe.cpp:505]      pool2	backward: 15.7248 ms.
I1017 11:04:30.594327 249412 caffe.cpp:501]      conv3	forward: 12.7558 ms.
I1017 11:04:30.594358 249412 caffe.cpp:505]      conv3	backward: 25.8342 ms.
I1017 11:04:30.594389 249412 caffe.cpp:501]      relu3	forward: 0.369 ms.
I1017 11:04:30.594430 249412 caffe.cpp:505]      relu3	backward: 4.8932 ms.
I1017 11:04:30.594475 249412 caffe.cpp:501]   dropout3	forward: 10.7813 ms.
I1017 11:04:30.594516 249412 caffe.cpp:505]   dropout3	backward: 4.293 ms.
I1017 11:04:30.594555 249412 caffe.cpp:501]      pool3	forward: 12.6381 ms.
I1017 11:04:30.594596 249412 caffe.cpp:505]      pool3	backward: 5.7823 ms.
I1017 11:04:30.594629 249412 caffe.cpp:501]      conv4	forward: 2.6779 ms.
I1017 11:04:30.594658 249412 caffe.cpp:505]      conv4	backward: 4.9276 ms.
I1017 11:04:30.594686 249412 caffe.cpp:501]      relu4	forward: 0.1013 ms.
I1017 11:04:30.594717 249412 caffe.cpp:505]      relu4	backward: 1.993 ms.
I1017 11:04:30.594748 249412 caffe.cpp:501]   dropout4	forward: 6.2943 ms.
I1017 11:04:30.594787 249412 caffe.cpp:505]   dropout4	backward: 1.9778 ms.
I1017 11:04:30.594822 249412 caffe.cpp:501]      pool4	forward: 5.7786 ms.
I1017 11:04:30.594851 249412 caffe.cpp:505]      pool4	backward: 3.5119 ms.
I1017 11:04:30.594879 249412 caffe.cpp:501]        fc1	forward: 1.6241 ms.
I1017 11:04:30.594909 249412 caffe.cpp:505]        fc1	backward: 5.5071 ms.
I1017 11:04:30.594934 249412 caffe.cpp:501]   dropout5	forward: 5.5722 ms.
I1017 11:04:30.594964 249412 caffe.cpp:505]   dropout5	backward: 0.1429 ms.
I1017 11:04:30.595000 249412 caffe.cpp:501]        fc2	forward: 1.7134 ms.
I1017 11:04:30.595033 249412 caffe.cpp:505]        fc2	backward: 0.2313 ms.
I1017 11:04:30.595065 249412 caffe.cpp:501]       loss	forward: 2.189 ms.
I1017 11:04:30.595118 249412 caffe.cpp:505]       loss	backward: 0.0145 ms.
I1017 11:04:30.595168 249412 caffe.cpp:511] Average Forward pass: 722.965 ms.
I1017 11:04:30.595206 249412 caffe.cpp:514] Average Backward pass: 679.477 ms.
I1017 11:04:30.595242 249412 caffe.cpp:516] Average Forward-Backward: 1402.7 ms.
I1017 11:04:30.595279 249412 caffe.cpp:519] Total Time: 14027 ms.
I1017 11:04:30.595315 249412 caffe.cpp:520] *** Benchmark ends ***
