I1017 11:07:50.183559 250526 caffe.cpp:437] Use CPU.
I1017 11:07:50.223037 250526 cpu_info.cpp:452] Processor speed [MHz]: 1400
I1017 11:07:50.223110 250526 cpu_info.cpp:455] Total number of sockets: 1
I1017 11:07:50.223129 250526 cpu_info.cpp:458] Total number of CPU cores: 68
I1017 11:07:50.223145 250526 cpu_info.cpp:461] Total number of processors: 272
I1017 11:07:50.223160 250526 cpu_info.cpp:464] GPU is used: no
I1017 11:07:50.223175 250526 cpu_info.cpp:467] OpenMP environmental variables are specified: yes
I1017 11:07:50.223189 250526 cpu_info.cpp:470] OpenMP thread bind allowed: no
I1017 11:07:50.223203 250526 cpu_info.cpp:473] Number of OpenMP threads: 16
I1017 11:07:50.248564 250526 net.cpp:484] The NetState phase (0) differed from the phase (1) specified by a rule in layer data
I1017 11:07:50.249426 250526 net.cpp:120] Initializing net from parameters: 
name: "HEP_CLASSIFIER"
state {
  phase: TRAIN
  level: 0
  stage: ""
}
layer {
  name: "data"
  type: "DummyData"
  top: "data"
  top: "label"
  include {
    phase: TRAIN
  }
  dummy_data_param {
    data_filler {
      type: "gaussian"
      std: 1
    }
    data_filler {
      type: "constant"
      value: 0
    }
    shape {
      dim: 64
      dim: 3
      dim: 124
      dim: 124
    }
    shape {
      dim: 64
      dim: 1
      dim: 1
      dim: 1
    }
  }
}
layer {
  name: "conv1"
  type: "Convolution"
  bottom: "data"
  top: "conv1"
  convolution_param {
    num_output: 128
    pad: 0
    kernel_size: 3
    stride: 1
    weight_filler {
      type: "msra"
    }
    bias_filler {
      type: "constant"
      value: 0
    }
  }
}
layer {
  name: "relu1"
  type: "ReLU"
  bottom: "conv1"
  top: "conv1"
  relu_param {
    negative_slope: 0.1
  }
}
layer {
  name: "dropout1"
  type: "Dropout"
  bottom: "conv1"
  top: "drop1"
}
layer {
  name: "pool1"
  type: "Pooling"
  bottom: "drop1"
  top: "pool1"
  pooling_param {
    pool: MAX
    kernel_size: 2
    stride: 2
  }
}
layer {
  name: "conv2"
  type: "Convolution"
  bottom: "pool1"
  top: "conv2"
  convolution_param {
    num_output: 128
    pad: 0
    kernel_size: 3
    stride: 1
    weight_filler {
      type: "msra"
    }
    bias_filler {
      type: "constant"
      value: 0
    }
  }
}
layer {
  name: "relu2"
  type: "ReLU"
  bottom: "conv2"
  top: "conv2"
  relu_param {
    negative_slope: 0.1
  }
}
layer {
  name: "dropout2"
  type: "Dropout"
  bottom: "conv2"
  top: "drop2"
}
layer {
  name: "pool2"
  type: "Pooling"
  bottom: "drop2"
  top: "pool2"
  pooling_param {
    pool: MAX
    kernel_size: 2
    stride: 2
  }
}
layer {
  name: "conv3"
  type: "Convolution"
  bottom: "pool2"
  top: "conv3"
  convolution_param {
    num_output: 128
    pad: 0
    kernel_size: 3
    stride: 1
    weight_filler {
      type: "msra"
    }
    bias_filler {
      type: "constant"
      value: 0
    }
  }
}
layer {
  name: "relu3"
  type: "ReLU"
  bottom: "conv3"
  top: "conv3"
  relu_param {
    negative_slope: 0.1
  }
}
layer {
  name: "dropout3"
  type: "Dropout"
  bottom: "conv3"
  top: "drop3"
}
layer {
  name: "pool3"
  type: "Pooling"
  bottom: "drop3"
  top: "pool3"
  pooling_param {
    pool: MAX
    kernel_size: 2
    stride: 2
  }
}
layer {
  name: "conv4"
  type: "Convolution"
  bottom: "pool3"
  top: "conv4"
  convolution_param {
    num_output: 128
    pad: 0
    kernel_size: 3
    stride: 1
    weight_filler {
      type: "msra"
    }
    bias_filler {
      type: "constant"
      value: 0
    }
  }
}
layer {
  name: "relu4"
  type: "ReLU"
  bottom: "conv4"
  top: "conv4"
  relu_param {
    negative_slope: 0.1
  }
}
layer {
  name: "dropout4"
  type: "Dropout"
  bottom: "conv4"
  top: "drop4"
}
layer {
  name: "pool4"
  type: "Pooling"
  bottom: "drop4"
  top: "pool4"
  pooling_param {
    pool: MAX
    kernel_size: 2
    stride: 2
  }
}
layer {
  name: "fc1"
  type: "InnerProduct"
  bottom: "pool4"
  top: "fc1"
  inner_product_param {
    num_output: 1024
    weight_filler {
      type: "msra"
    }
    bias_filler {
      type: "constant"
      value: 0
    }
  }
}
layer {
  name: "dropout5"
  type: "Dropout"
  bottom: "fc1"
  top: "drop5"
}
layer {
  name: "fc2"
  type: "InnerProduct"
  bottom: "drop5"
  top: "fc2"
  inner_product_param {
    num_output: 2
    weight_filler {
      type: "msra"
    }
    bias_filler {
      type: "constant"
      value: 0
    }
  }
}
layer {
  name: "loss"
  type: "SoftmaxWithLoss"
  bottom: "fc2"
  bottom: "label"
}
I1017 11:07:50.250808 250526 layer_factory.hpp:114] Creating layer data
I1017 11:07:50.250885 250526 net.cpp:160] Creating Layer data
I1017 11:07:50.250921 250526 net.cpp:570] data -> data
I1017 11:07:50.250989 250526 net.cpp:570] data -> label
I1017 11:07:50.274051 250526 net.cpp:210] Setting up data
I1017 11:07:50.274161 250526 net.cpp:217] Top shape: 64 3 124 124 (2952192)
I1017 11:07:50.274230 250526 net.cpp:217] Top shape: 64 1 1 1 (64)
I1017 11:07:50.274266 250526 net.cpp:225] Memory required for data: 11809024
I1017 11:07:50.274302 250526 layer_factory.hpp:114] Creating layer conv1
I1017 11:07:50.274425 250526 net.cpp:160] Creating Layer conv1
I1017 11:07:50.274474 250526 net.cpp:596] conv1 <- data
I1017 11:07:50.274560 250526 net.cpp:570] conv1 -> conv1
I1017 11:07:50.417223 250526 net.cpp:210] Setting up conv1
I1017 11:07:50.417321 250526 net.cpp:217] Top shape: 64 128 122 122 (121929728)
I1017 11:07:50.417385 250526 net.cpp:225] Memory required for data: 499527936
I1017 11:07:50.417498 250526 layer_factory.hpp:114] Creating layer relu1
I1017 11:07:50.417606 250526 net.cpp:160] Creating Layer relu1
I1017 11:07:50.417660 250526 net.cpp:596] relu1 <- conv1
I1017 11:07:50.417727 250526 net.cpp:557] relu1 -> conv1 (in-place)
I1017 11:07:50.423151 250526 net.cpp:210] Setting up relu1
I1017 11:07:50.423243 250526 net.cpp:217] Top shape: 64 128 122 122 (121929728)
I1017 11:07:50.423288 250526 net.cpp:225] Memory required for data: 987246848
I1017 11:07:50.423321 250526 layer_factory.hpp:114] Creating layer dropout1
I1017 11:07:50.423372 250526 net.cpp:160] Creating Layer dropout1
I1017 11:07:50.423400 250526 net.cpp:596] dropout1 <- conv1
I1017 11:07:50.423441 250526 net.cpp:570] dropout1 -> drop1
I1017 11:07:50.423509 250526 net.cpp:210] Setting up dropout1
I1017 11:07:50.423545 250526 net.cpp:217] Top shape: 64 128 122 122 (121929728)
I1017 11:07:50.423663 250526 net.cpp:225] Memory required for data: 1474965760
I1017 11:07:50.423720 250526 layer_factory.hpp:114] Creating layer pool1
I1017 11:07:50.424029 250526 net.cpp:160] Creating Layer pool1
I1017 11:07:50.424110 250526 net.cpp:596] pool1 <- drop1
I1017 11:07:50.424176 250526 net.cpp:570] pool1 -> pool1
I1017 11:07:50.428984 250526 net.cpp:210] Setting up pool1
I1017 11:07:50.429077 250526 net.cpp:217] Top shape: 64 128 61 61 (30482432)
I1017 11:07:50.429121 250526 net.cpp:225] Memory required for data: 1596895488
I1017 11:07:50.429150 250526 layer_factory.hpp:114] Creating layer conv2
I1017 11:07:50.429230 250526 net.cpp:160] Creating Layer conv2
I1017 11:07:50.429265 250526 net.cpp:596] conv2 <- pool1
I1017 11:07:50.429309 250526 net.cpp:570] conv2 -> conv2
I1017 11:07:50.753387 250526 net.cpp:210] Setting up conv2
I1017 11:07:50.753489 250526 net.cpp:217] Top shape: 64 128 59 59 (28516352)
I1017 11:07:50.753562 250526 net.cpp:225] Memory required for data: 1710960896
I1017 11:07:50.753661 250526 layer_factory.hpp:114] Creating layer relu2
I1017 11:07:50.753763 250526 net.cpp:160] Creating Layer relu2
I1017 11:07:50.753818 250526 net.cpp:596] relu2 <- conv2
I1017 11:07:50.753890 250526 net.cpp:557] relu2 -> conv2 (in-place)
I1017 11:07:50.759460 250526 net.cpp:210] Setting up relu2
I1017 11:07:50.759552 250526 net.cpp:217] Top shape: 64 128 59 59 (28516352)
I1017 11:07:50.759640 250526 net.cpp:225] Memory required for data: 1825026304
I1017 11:07:50.759677 250526 layer_factory.hpp:114] Creating layer dropout2
I1017 11:07:50.759728 250526 net.cpp:160] Creating Layer dropout2
I1017 11:07:50.759757 250526 net.cpp:596] dropout2 <- conv2
I1017 11:07:50.759799 250526 net.cpp:570] dropout2 -> drop2
I1017 11:07:50.759867 250526 net.cpp:210] Setting up dropout2
I1017 11:07:50.759907 250526 net.cpp:217] Top shape: 64 128 59 59 (28516352)
I1017 11:07:50.759950 250526 net.cpp:225] Memory required for data: 1939091712
I1017 11:07:50.760015 250526 layer_factory.hpp:114] Creating layer pool2
I1017 11:07:50.760149 250526 net.cpp:160] Creating Layer pool2
I1017 11:07:50.760383 250526 net.cpp:596] pool2 <- drop2
I1017 11:07:50.760529 250526 net.cpp:570] pool2 -> pool2
I1017 11:07:50.765346 250526 net.cpp:210] Setting up pool2
I1017 11:07:50.765434 250526 net.cpp:217] Top shape: 64 128 30 30 (7372800)
I1017 11:07:50.765476 250526 net.cpp:225] Memory required for data: 1968582912
I1017 11:07:50.765504 250526 layer_factory.hpp:114] Creating layer conv3
I1017 11:07:50.765605 250526 net.cpp:160] Creating Layer conv3
I1017 11:07:50.765645 250526 net.cpp:596] conv3 <- pool2
I1017 11:07:50.765694 250526 net.cpp:570] conv3 -> conv3
I1017 11:07:50.909906 250526 net.cpp:210] Setting up conv3
I1017 11:07:50.910012 250526 net.cpp:217] Top shape: 64 128 28 28 (6422528)
I1017 11:07:50.910080 250526 net.cpp:225] Memory required for data: 1994273024
I1017 11:07:50.910215 250526 layer_factory.hpp:114] Creating layer relu3
I1017 11:07:50.910315 250526 net.cpp:160] Creating Layer relu3
I1017 11:07:50.910367 250526 net.cpp:596] relu3 <- conv3
I1017 11:07:50.910432 250526 net.cpp:557] relu3 -> conv3 (in-place)
I1017 11:07:50.915755 250526 net.cpp:210] Setting up relu3
I1017 11:07:50.915853 250526 net.cpp:217] Top shape: 64 128 28 28 (6422528)
I1017 11:07:50.915900 250526 net.cpp:225] Memory required for data: 2019963136
I1017 11:07:50.915935 250526 layer_factory.hpp:114] Creating layer dropout3
I1017 11:07:50.915987 250526 net.cpp:160] Creating Layer dropout3
I1017 11:07:50.916018 250526 net.cpp:596] dropout3 <- conv3
I1017 11:07:50.916087 250526 net.cpp:570] dropout3 -> drop3
I1017 11:07:50.916168 250526 net.cpp:210] Setting up dropout3
I1017 11:07:50.916203 250526 net.cpp:217] Top shape: 64 128 28 28 (6422528)
I1017 11:07:50.916244 250526 net.cpp:225] Memory required for data: 2045653248
I1017 11:07:50.916283 250526 layer_factory.hpp:114] Creating layer pool3
I1017 11:07:50.916385 250526 net.cpp:160] Creating Layer pool3
I1017 11:07:50.916512 250526 net.cpp:596] pool3 <- drop3
I1017 11:07:50.916599 250526 net.cpp:570] pool3 -> pool3
I1017 11:07:50.920959 250526 net.cpp:210] Setting up pool3
I1017 11:07:50.921048 250526 net.cpp:217] Top shape: 64 128 14 14 (1605632)
I1017 11:07:50.921092 250526 net.cpp:225] Memory required for data: 2052075776
I1017 11:07:50.921120 250526 layer_factory.hpp:114] Creating layer conv4
I1017 11:07:50.921233 250526 net.cpp:160] Creating Layer conv4
I1017 11:07:50.921277 250526 net.cpp:596] conv4 <- pool3
I1017 11:07:50.921329 250526 net.cpp:570] conv4 -> conv4
I1017 11:07:51.018771 250526 net.cpp:210] Setting up conv4
I1017 11:07:51.018867 250526 net.cpp:217] Top shape: 64 128 12 12 (1179648)
I1017 11:07:51.018925 250526 net.cpp:225] Memory required for data: 2056794368
I1017 11:07:51.018999 250526 layer_factory.hpp:114] Creating layer relu4
I1017 11:07:51.019107 250526 net.cpp:160] Creating Layer relu4
I1017 11:07:51.019165 250526 net.cpp:596] relu4 <- conv4
I1017 11:07:51.019225 250526 net.cpp:557] relu4 -> conv4 (in-place)
I1017 11:07:51.024063 250526 net.cpp:210] Setting up relu4
I1017 11:07:51.024157 250526 net.cpp:217] Top shape: 64 128 12 12 (1179648)
I1017 11:07:51.024209 250526 net.cpp:225] Memory required for data: 2061512960
I1017 11:07:51.024243 250526 layer_factory.hpp:114] Creating layer dropout4
I1017 11:07:51.024293 250526 net.cpp:160] Creating Layer dropout4
I1017 11:07:51.024323 250526 net.cpp:596] dropout4 <- conv4
I1017 11:07:51.024364 250526 net.cpp:570] dropout4 -> drop4
I1017 11:07:51.024438 250526 net.cpp:210] Setting up dropout4
I1017 11:07:51.024478 250526 net.cpp:217] Top shape: 64 128 12 12 (1179648)
I1017 11:07:51.024520 250526 net.cpp:225] Memory required for data: 2066231552
I1017 11:07:51.024554 250526 layer_factory.hpp:114] Creating layer pool4
I1017 11:07:51.024672 250526 net.cpp:160] Creating Layer pool4
I1017 11:07:51.024763 250526 net.cpp:596] pool4 <- drop4
I1017 11:07:51.024875 250526 net.cpp:570] pool4 -> pool4
I1017 11:07:51.029206 250526 net.cpp:210] Setting up pool4
I1017 11:07:51.029322 250526 net.cpp:217] Top shape: 64 128 6 6 (294912)
I1017 11:07:51.029366 250526 net.cpp:225] Memory required for data: 2067411200
I1017 11:07:51.029394 250526 layer_factory.hpp:114] Creating layer fc1
I1017 11:07:51.029479 250526 net.cpp:160] Creating Layer fc1
I1017 11:07:51.029520 250526 net.cpp:596] fc1 <- pool4
I1017 11:07:51.029569 250526 net.cpp:570] fc1 -> fc1
I1017 11:07:51.265594 250526 net.cpp:210] Setting up fc1
I1017 11:07:51.265682 250526 net.cpp:217] Top shape: 64 1024 (65536)
I1017 11:07:51.265723 250526 net.cpp:225] Memory required for data: 2067673344
I1017 11:07:51.265791 250526 layer_factory.hpp:114] Creating layer dropout5
I1017 11:07:51.265856 250526 net.cpp:160] Creating Layer dropout5
I1017 11:07:51.265888 250526 net.cpp:596] dropout5 <- fc1
I1017 11:07:51.265928 250526 net.cpp:570] dropout5 -> drop5
I1017 11:07:51.265992 250526 net.cpp:210] Setting up dropout5
I1017 11:07:51.266022 250526 net.cpp:217] Top shape: 64 1024 (65536)
I1017 11:07:51.266057 250526 net.cpp:225] Memory required for data: 2067935488
I1017 11:07:51.266086 250526 layer_factory.hpp:114] Creating layer fc2
I1017 11:07:51.266147 250526 net.cpp:160] Creating Layer fc2
I1017 11:07:51.266235 250526 net.cpp:596] fc2 <- drop5
I1017 11:07:51.266371 250526 net.cpp:570] fc2 -> fc2
I1017 11:07:51.270062 250526 net.cpp:210] Setting up fc2
I1017 11:07:51.270157 250526 net.cpp:217] Top shape: 64 2 (128)
I1017 11:07:51.270201 250526 net.cpp:225] Memory required for data: 2067936000
I1017 11:07:51.270261 250526 layer_factory.hpp:114] Creating layer loss
I1017 11:07:51.270328 250526 net.cpp:160] Creating Layer loss
I1017 11:07:51.270359 250526 net.cpp:596] loss <- fc2
I1017 11:07:51.270387 250526 net.cpp:596] loss <- label
I1017 11:07:51.270436 250526 net.cpp:570] loss -> (automatic)
I1017 11:07:51.270504 250526 layer_factory.hpp:114] Creating layer loss
I1017 11:07:51.274170 250526 net.cpp:210] Setting up loss
I1017 11:07:51.274260 250526 net.cpp:217] Top shape: (1)
I1017 11:07:51.274301 250526 net.cpp:220]     with loss weight 1
I1017 11:07:51.274472 250526 net.cpp:225] Memory required for data: 2067936004
I1017 11:07:51.274523 250526 net.cpp:287] loss needs backward computation.
I1017 11:07:51.274557 250526 net.cpp:287] fc2 needs backward computation.
I1017 11:07:51.274583 250526 net.cpp:287] dropout5 needs backward computation.
I1017 11:07:51.274611 250526 net.cpp:287] fc1 needs backward computation.
I1017 11:07:51.274632 250526 net.cpp:287] pool4 needs backward computation.
I1017 11:07:51.274654 250526 net.cpp:287] dropout4 needs backward computation.
I1017 11:07:51.274675 250526 net.cpp:287] relu4 needs backward computation.
I1017 11:07:51.274694 250526 net.cpp:287] conv4 needs backward computation.
I1017 11:07:51.274765 250526 net.cpp:287] pool3 needs backward computation.
I1017 11:07:51.274801 250526 net.cpp:287] dropout3 needs backward computation.
I1017 11:07:51.274827 250526 net.cpp:287] relu3 needs backward computation.
I1017 11:07:51.274894 250526 net.cpp:287] conv3 needs backward computation.
I1017 11:07:51.274924 250526 net.cpp:287] pool2 needs backward computation.
I1017 11:07:51.274956 250526 net.cpp:287] dropout2 needs backward computation.
I1017 11:07:51.274983 250526 net.cpp:287] relu2 needs backward computation.
I1017 11:07:51.275007 250526 net.cpp:287] conv2 needs backward computation.
I1017 11:07:51.275033 250526 net.cpp:287] pool1 needs backward computation.
I1017 11:07:51.275058 250526 net.cpp:287] dropout1 needs backward computation.
I1017 11:07:51.275084 250526 net.cpp:287] relu1 needs backward computation.
I1017 11:07:51.275106 250526 net.cpp:287] conv1 needs backward computation.
I1017 11:07:51.275133 250526 net.cpp:289] data does not need backward computation.
I1017 11:07:51.275219 250526 net.cpp:345] Network initialization done.
I1017 11:07:51.275791 250526 caffe.cpp:445] Performing Forward
I1017 11:07:53.046093 250526 caffe.cpp:450] Initial loss: 57.5847
I1017 11:07:53.046203 250526 caffe.cpp:452] Performing Backward
I1017 11:07:54.188482 250526 caffe.cpp:461] *** Benchmark begins ***
I1017 11:07:54.188580 250526 caffe.cpp:462] Testing for 10 iterations.
I1017 11:07:56.069077 250526 caffe.cpp:491] Iteration: 1 forward-backward time: 1880 ms.
I1017 11:07:57.949393 250526 caffe.cpp:491] Iteration: 2 forward-backward time: 1880 ms.
I1017 11:07:59.831132 250526 caffe.cpp:491] Iteration: 3 forward-backward time: 1881 ms.
I1017 11:08:01.711894 250526 caffe.cpp:491] Iteration: 4 forward-backward time: 1880 ms.
I1017 11:08:03.591744 250526 caffe.cpp:491] Iteration: 5 forward-backward time: 1879 ms.
I1017 11:08:05.469269 250526 caffe.cpp:491] Iteration: 6 forward-backward time: 1877 ms.
I1017 11:08:07.349539 250526 caffe.cpp:491] Iteration: 7 forward-backward time: 1880 ms.
I1017 11:08:09.229537 250526 caffe.cpp:491] Iteration: 8 forward-backward time: 1879 ms.
I1017 11:08:11.108489 250526 caffe.cpp:491] Iteration: 9 forward-backward time: 1878 ms.
I1017 11:08:12.987870 250526 caffe.cpp:491] Iteration: 10 forward-backward time: 1879 ms.
I1017 11:08:12.987969 250526 caffe.cpp:498] Average time per layer: 
I1017 11:08:12.987988 250526 caffe.cpp:501]       data	forward: 142.942 ms.
I1017 11:08:12.988015 250526 caffe.cpp:505]       data	backward: 0.0032 ms.
I1017 11:08:12.988041 250526 caffe.cpp:501]      conv1	forward: 33.594 ms.
I1017 11:08:12.988067 250526 caffe.cpp:505]      conv1	backward: 21.8494 ms.
I1017 11:08:12.988091 250526 caffe.cpp:501]      relu1	forward: 11.438 ms.
I1017 11:08:12.988116 250526 caffe.cpp:505]      relu1	backward: 61.4349 ms.
I1017 11:08:12.988142 250526 caffe.cpp:501]   dropout1	forward: 118.792 ms.
I1017 11:08:12.988167 250526 caffe.cpp:505]   dropout1	backward: 59.925 ms.
I1017 11:08:12.988191 250526 caffe.cpp:501]      pool1	forward: 148.562 ms.
I1017 11:08:12.988216 250526 caffe.cpp:505]      pool1	backward: 42.9652 ms.
I1017 11:08:12.988241 250526 caffe.cpp:501]      conv2	forward: 549.692 ms.
I1017 11:08:12.988267 250526 caffe.cpp:505]      conv2	backward: 491.318 ms.
I1017 11:08:12.988292 250526 caffe.cpp:501]      relu2	forward: 2.6166 ms.
I1017 11:08:12.988315 250526 caffe.cpp:505]      relu2	backward: 13.4371 ms.
I1017 11:08:12.988342 250526 caffe.cpp:501]   dropout2	forward: 26.1293 ms.
I1017 11:08:12.988385 250526 caffe.cpp:505]   dropout2	backward: 12.2296 ms.
I1017 11:08:12.988430 250526 caffe.cpp:501]      pool2	forward: 36.1232 ms.
I1017 11:08:12.988456 250526 caffe.cpp:505]      pool2	backward: 10.6473 ms.
I1017 11:08:12.988487 250526 caffe.cpp:501]      conv3	forward: 18.0011 ms.
I1017 11:08:12.988538 250526 caffe.cpp:505]      conv3	backward: 34.0785 ms.
I1017 11:08:12.988564 250526 caffe.cpp:501]      relu3	forward: 0.5207 ms.
I1017 11:08:12.988590 250526 caffe.cpp:505]      relu3	backward: 3.1401 ms.
I1017 11:08:12.988617 250526 caffe.cpp:501]   dropout3	forward: 6.2724 ms.
I1017 11:08:12.988642 250526 caffe.cpp:505]   dropout3	backward: 3.003 ms.
I1017 11:08:12.988667 250526 caffe.cpp:501]      pool3	forward: 7.9994 ms.
I1017 11:08:12.988689 250526 caffe.cpp:505]      pool3	backward: 2.534 ms.
I1017 11:08:12.988713 250526 caffe.cpp:501]      conv4	forward: 3.5614 ms.
I1017 11:08:12.988745 250526 caffe.cpp:505]      conv4	backward: 6.3446 ms.
I1017 11:08:12.988860 250526 caffe.cpp:501]      relu4	forward: 0.106 ms.
I1017 11:08:12.988890 250526 caffe.cpp:505]      relu4	backward: 0.8784 ms.
I1017 11:08:12.988915 250526 caffe.cpp:501]   dropout4	forward: 1.058 ms.
I1017 11:08:12.988940 250526 caffe.cpp:505]   dropout4	backward: 0.6124 ms.
I1017 11:08:12.989009 250526 caffe.cpp:501]      pool4	forward: 1.5674 ms.
I1017 11:08:12.989035 250526 caffe.cpp:505]      pool4	backward: 0.4716 ms.
I1017 11:08:12.989059 250526 caffe.cpp:501]        fc1	forward: 1.336 ms.
I1017 11:08:12.989086 250526 caffe.cpp:505]        fc1	backward: 3.2926 ms.
I1017 11:08:12.989110 250526 caffe.cpp:501]   dropout5	forward: 0.1179 ms.
I1017 11:08:12.989135 250526 caffe.cpp:505]   dropout5	backward: 0.0427 ms.
I1017 11:08:12.989181 250526 caffe.cpp:501]        fc2	forward: 0.1742 ms.
I1017 11:08:12.989233 250526 caffe.cpp:505]        fc2	backward: 0.1806 ms.
I1017 11:08:12.989258 250526 caffe.cpp:501]       loss	forward: 0.3905 ms.
I1017 11:08:12.989300 250526 caffe.cpp:505]       loss	backward: 0.0106 ms.
I1017 11:08:12.989334 250526 caffe.cpp:511] Average Forward pass: 1111.2 ms.
I1017 11:08:12.989361 250526 caffe.cpp:514] Average Backward pass: 768.607 ms.
I1017 11:08:12.989385 250526 caffe.cpp:516] Average Forward-Backward: 1880 ms.
I1017 11:08:12.989446 250526 caffe.cpp:519] Total Time: 18800 ms.
I1017 11:08:12.989475 250526 caffe.cpp:520] *** Benchmark ends ***
