I1017 11:07:12.754529 250397 caffe.cpp:437] Use CPU.
I1017 11:07:12.792549 250397 cpu_info.cpp:452] Processor speed [MHz]: 1400
I1017 11:07:12.792619 250397 cpu_info.cpp:455] Total number of sockets: 1
I1017 11:07:12.792637 250397 cpu_info.cpp:458] Total number of CPU cores: 68
I1017 11:07:12.792654 250397 cpu_info.cpp:461] Total number of processors: 272
I1017 11:07:12.792668 250397 cpu_info.cpp:464] GPU is used: no
I1017 11:07:12.792683 250397 cpu_info.cpp:467] OpenMP environmental variables are specified: yes
I1017 11:07:12.792698 250397 cpu_info.cpp:470] OpenMP thread bind allowed: no
I1017 11:07:12.792712 250397 cpu_info.cpp:473] Number of OpenMP threads: 32
I1017 11:07:12.817549 250397 net.cpp:484] The NetState phase (0) differed from the phase (1) specified by a rule in layer data
I1017 11:07:12.818291 250397 net.cpp:120] Initializing net from parameters: 
name: "HEP_CLASSIFIER"
state {
  phase: TRAIN
  level: 0
  stage: ""
}
layer {
  name: "data"
  type: "DummyData"
  top: "data"
  top: "label"
  include {
    phase: TRAIN
  }
  dummy_data_param {
    data_filler {
      type: "gaussian"
      std: 1
    }
    data_filler {
      type: "constant"
      value: 0
    }
    shape {
      dim: 64
      dim: 3
      dim: 124
      dim: 124
    }
    shape {
      dim: 64
      dim: 1
      dim: 1
      dim: 1
    }
  }
}
layer {
  name: "conv1"
  type: "Convolution"
  bottom: "data"
  top: "conv1"
  convolution_param {
    num_output: 128
    pad: 0
    kernel_size: 3
    stride: 1
    weight_filler {
      type: "msra"
    }
    bias_filler {
      type: "constant"
      value: 0
    }
  }
}
layer {
  name: "relu1"
  type: "ReLU"
  bottom: "conv1"
  top: "conv1"
  relu_param {
    negative_slope: 0.1
  }
}
layer {
  name: "dropout1"
  type: "Dropout"
  bottom: "conv1"
  top: "drop1"
}
layer {
  name: "pool1"
  type: "Pooling"
  bottom: "drop1"
  top: "pool1"
  pooling_param {
    pool: MAX
    kernel_size: 2
    stride: 2
  }
}
layer {
  name: "conv2"
  type: "Convolution"
  bottom: "pool1"
  top: "conv2"
  convolution_param {
    num_output: 128
    pad: 0
    kernel_size: 3
    stride: 1
    weight_filler {
      type: "msra"
    }
    bias_filler {
      type: "constant"
      value: 0
    }
  }
}
layer {
  name: "relu2"
  type: "ReLU"
  bottom: "conv2"
  top: "conv2"
  relu_param {
    negative_slope: 0.1
  }
}
layer {
  name: "dropout2"
  type: "Dropout"
  bottom: "conv2"
  top: "drop2"
}
layer {
  name: "pool2"
  type: "Pooling"
  bottom: "drop2"
  top: "pool2"
  pooling_param {
    pool: MAX
    kernel_size: 2
    stride: 2
  }
}
layer {
  name: "conv3"
  type: "Convolution"
  bottom: "pool2"
  top: "conv3"
  convolution_param {
    num_output: 128
    pad: 0
    kernel_size: 3
    stride: 1
    weight_filler {
      type: "msra"
    }
    bias_filler {
      type: "constant"
      value: 0
    }
  }
}
layer {
  name: "relu3"
  type: "ReLU"
  bottom: "conv3"
  top: "conv3"
  relu_param {
    negative_slope: 0.1
  }
}
layer {
  name: "dropout3"
  type: "Dropout"
  bottom: "conv3"
  top: "drop3"
}
layer {
  name: "pool3"
  type: "Pooling"
  bottom: "drop3"
  top: "pool3"
  pooling_param {
    pool: MAX
    kernel_size: 2
    stride: 2
  }
}
layer {
  name: "conv4"
  type: "Convolution"
  bottom: "pool3"
  top: "conv4"
  convolution_param {
    num_output: 128
    pad: 0
    kernel_size: 3
    stride: 1
    weight_filler {
      type: "msra"
    }
    bias_filler {
      type: "constant"
      value: 0
    }
  }
}
layer {
  name: "relu4"
  type: "ReLU"
  bottom: "conv4"
  top: "conv4"
  relu_param {
    negative_slope: 0.1
  }
}
layer {
  name: "dropout4"
  type: "Dropout"
  bottom: "conv4"
  top: "drop4"
}
layer {
  name: "pool4"
  type: "Pooling"
  bottom: "drop4"
  top: "pool4"
  pooling_param {
    pool: MAX
    kernel_size: 2
    stride: 2
  }
}
layer {
  name: "fc1"
  type: "InnerProduct"
  bottom: "pool4"
  top: "fc1"
  inner_product_param {
    num_output: 1024
    weight_filler {
      type: "msra"
    }
    bias_filler {
      type: "constant"
      value: 0
    }
  }
}
layer {
  name: "dropout5"
  type: "Dropout"
  bottom: "fc1"
  top: "drop5"
}
layer {
  name: "fc2"
  type: "InnerProduct"
  bottom: "drop5"
  top: "fc2"
  inner_product_param {
    num_output: 2
    weight_filler {
      type: "msra"
    }
    bias_filler {
      type: "constant"
      value: 0
    }
  }
}
layer {
  name: "loss"
  type: "SoftmaxWithLoss"
  bottom: "fc2"
  bottom: "label"
}
I1017 11:07:12.819824 250397 layer_factory.hpp:114] Creating layer data
I1017 11:07:12.819902 250397 net.cpp:160] Creating Layer data
I1017 11:07:12.819938 250397 net.cpp:570] data -> data
I1017 11:07:12.820008 250397 net.cpp:570] data -> label
I1017 11:07:12.843093 250397 net.cpp:210] Setting up data
I1017 11:07:12.843204 250397 net.cpp:217] Top shape: 64 3 124 124 (2952192)
I1017 11:07:12.843268 250397 net.cpp:217] Top shape: 64 1 1 1 (64)
I1017 11:07:12.843307 250397 net.cpp:225] Memory required for data: 11809024
I1017 11:07:12.843343 250397 layer_factory.hpp:114] Creating layer conv1
I1017 11:07:12.843451 250397 net.cpp:160] Creating Layer conv1
I1017 11:07:12.843649 250397 net.cpp:596] conv1 <- data
I1017 11:07:12.843744 250397 net.cpp:570] conv1 -> conv1
I1017 11:07:13.006628 250397 net.cpp:210] Setting up conv1
I1017 11:07:13.006733 250397 net.cpp:217] Top shape: 64 128 122 122 (121929728)
I1017 11:07:13.006809 250397 net.cpp:225] Memory required for data: 499527936
I1017 11:07:13.006935 250397 layer_factory.hpp:114] Creating layer relu1
I1017 11:07:13.007048 250397 net.cpp:160] Creating Layer relu1
I1017 11:07:13.007097 250397 net.cpp:596] relu1 <- conv1
I1017 11:07:13.007153 250397 net.cpp:557] relu1 -> conv1 (in-place)
I1017 11:07:13.013048 250397 net.cpp:210] Setting up relu1
I1017 11:07:13.013136 250397 net.cpp:217] Top shape: 64 128 122 122 (121929728)
I1017 11:07:13.013185 250397 net.cpp:225] Memory required for data: 987246848
I1017 11:07:13.013217 250397 layer_factory.hpp:114] Creating layer dropout1
I1017 11:07:13.013267 250397 net.cpp:160] Creating Layer dropout1
I1017 11:07:13.013298 250397 net.cpp:596] dropout1 <- conv1
I1017 11:07:13.013340 250397 net.cpp:570] dropout1 -> drop1
I1017 11:07:13.013404 250397 net.cpp:210] Setting up dropout1
I1017 11:07:13.013437 250397 net.cpp:217] Top shape: 64 128 122 122 (121929728)
I1017 11:07:13.013475 250397 net.cpp:225] Memory required for data: 1474965760
I1017 11:07:13.013504 250397 layer_factory.hpp:114] Creating layer pool1
I1017 11:07:13.013581 250397 net.cpp:160] Creating Layer pool1
I1017 11:07:13.013651 250397 net.cpp:596] pool1 <- drop1
I1017 11:07:13.013782 250397 net.cpp:570] pool1 -> pool1
I1017 11:07:13.018735 250397 net.cpp:210] Setting up pool1
I1017 11:07:13.018826 250397 net.cpp:217] Top shape: 64 128 61 61 (30482432)
I1017 11:07:13.018868 250397 net.cpp:225] Memory required for data: 1596895488
I1017 11:07:13.018898 250397 layer_factory.hpp:114] Creating layer conv2
I1017 11:07:13.018975 250397 net.cpp:160] Creating Layer conv2
I1017 11:07:13.019011 250397 net.cpp:596] conv2 <- pool1
I1017 11:07:13.019057 250397 net.cpp:570] conv2 -> conv2
I1017 11:07:13.595553 250397 net.cpp:210] Setting up conv2
I1017 11:07:13.595690 250397 net.cpp:217] Top shape: 64 128 59 59 (28516352)
I1017 11:07:13.595759 250397 net.cpp:225] Memory required for data: 1710960896
I1017 11:07:13.595849 250397 layer_factory.hpp:114] Creating layer relu2
I1017 11:07:13.595942 250397 net.cpp:160] Creating Layer relu2
I1017 11:07:13.595986 250397 net.cpp:596] relu2 <- conv2
I1017 11:07:13.596045 250397 net.cpp:557] relu2 -> conv2 (in-place)
I1017 11:07:13.600602 250397 net.cpp:210] Setting up relu2
I1017 11:07:13.600689 250397 net.cpp:217] Top shape: 64 128 59 59 (28516352)
I1017 11:07:13.600735 250397 net.cpp:225] Memory required for data: 1825026304
I1017 11:07:13.600767 250397 layer_factory.hpp:114] Creating layer dropout2
I1017 11:07:13.600818 250397 net.cpp:160] Creating Layer dropout2
I1017 11:07:13.600852 250397 net.cpp:596] dropout2 <- conv2
I1017 11:07:13.600896 250397 net.cpp:570] dropout2 -> drop2
I1017 11:07:13.600962 250397 net.cpp:210] Setting up dropout2
I1017 11:07:13.600994 250397 net.cpp:217] Top shape: 64 128 59 59 (28516352)
I1017 11:07:13.601032 250397 net.cpp:225] Memory required for data: 1939091712
I1017 11:07:13.601085 250397 layer_factory.hpp:114] Creating layer pool2
I1017 11:07:13.601145 250397 net.cpp:160] Creating Layer pool2
I1017 11:07:13.601173 250397 net.cpp:596] pool2 <- drop2
I1017 11:07:13.601250 250397 net.cpp:570] pool2 -> pool2
I1017 11:07:13.605746 250397 net.cpp:210] Setting up pool2
I1017 11:07:13.605834 250397 net.cpp:217] Top shape: 64 128 30 30 (7372800)
I1017 11:07:13.605876 250397 net.cpp:225] Memory required for data: 1968582912
I1017 11:07:13.605906 250397 layer_factory.hpp:114] Creating layer conv3
I1017 11:07:13.606014 250397 net.cpp:160] Creating Layer conv3
I1017 11:07:13.606052 250397 net.cpp:596] conv3 <- pool2
I1017 11:07:13.606112 250397 net.cpp:570] conv3 -> conv3
I1017 11:07:13.816927 250397 net.cpp:210] Setting up conv3
I1017 11:07:13.817028 250397 net.cpp:217] Top shape: 64 128 28 28 (6422528)
I1017 11:07:13.817088 250397 net.cpp:225] Memory required for data: 1994273024
I1017 11:07:13.817173 250397 layer_factory.hpp:114] Creating layer relu3
I1017 11:07:13.817286 250397 net.cpp:160] Creating Layer relu3
I1017 11:07:13.817339 250397 net.cpp:596] relu3 <- conv3
I1017 11:07:13.817406 250397 net.cpp:557] relu3 -> conv3 (in-place)
I1017 11:07:13.822542 250397 net.cpp:210] Setting up relu3
I1017 11:07:13.822633 250397 net.cpp:217] Top shape: 64 128 28 28 (6422528)
I1017 11:07:13.822675 250397 net.cpp:225] Memory required for data: 2019963136
I1017 11:07:13.822706 250397 layer_factory.hpp:114] Creating layer dropout3
I1017 11:07:13.822770 250397 net.cpp:160] Creating Layer dropout3
I1017 11:07:13.822805 250397 net.cpp:596] dropout3 <- conv3
I1017 11:07:13.822849 250397 net.cpp:570] dropout3 -> drop3
I1017 11:07:13.822917 250397 net.cpp:210] Setting up dropout3
I1017 11:07:13.822954 250397 net.cpp:217] Top shape: 64 128 28 28 (6422528)
I1017 11:07:13.822998 250397 net.cpp:225] Memory required for data: 2045653248
I1017 11:07:13.823032 250397 layer_factory.hpp:114] Creating layer pool3
I1017 11:07:13.823118 250397 net.cpp:160] Creating Layer pool3
I1017 11:07:13.823195 250397 net.cpp:596] pool3 <- drop3
I1017 11:07:13.823281 250397 net.cpp:570] pool3 -> pool3
I1017 11:07:13.827911 250397 net.cpp:210] Setting up pool3
I1017 11:07:13.828006 250397 net.cpp:217] Top shape: 64 128 14 14 (1605632)
I1017 11:07:13.828054 250397 net.cpp:225] Memory required for data: 2052075776
I1017 11:07:13.828088 250397 layer_factory.hpp:114] Creating layer conv4
I1017 11:07:13.828200 250397 net.cpp:160] Creating Layer conv4
I1017 11:07:13.828248 250397 net.cpp:596] conv4 <- pool3
I1017 11:07:13.828325 250397 net.cpp:570] conv4 -> conv4
I1017 11:07:13.949054 250397 net.cpp:210] Setting up conv4
I1017 11:07:13.949144 250397 net.cpp:217] Top shape: 64 128 12 12 (1179648)
I1017 11:07:13.949221 250397 net.cpp:225] Memory required for data: 2056794368
I1017 11:07:13.949290 250397 layer_factory.hpp:114] Creating layer relu4
I1017 11:07:13.949364 250397 net.cpp:160] Creating Layer relu4
I1017 11:07:13.949400 250397 net.cpp:596] relu4 <- conv4
I1017 11:07:13.949452 250397 net.cpp:557] relu4 -> conv4 (in-place)
I1017 11:07:13.953982 250397 net.cpp:210] Setting up relu4
I1017 11:07:13.954072 250397 net.cpp:217] Top shape: 64 128 12 12 (1179648)
I1017 11:07:13.954118 250397 net.cpp:225] Memory required for data: 2061512960
I1017 11:07:13.954150 250397 layer_factory.hpp:114] Creating layer dropout4
I1017 11:07:13.954212 250397 net.cpp:160] Creating Layer dropout4
I1017 11:07:13.954246 250397 net.cpp:596] dropout4 <- conv4
I1017 11:07:13.954289 250397 net.cpp:570] dropout4 -> drop4
I1017 11:07:13.954358 250397 net.cpp:210] Setting up dropout4
I1017 11:07:13.954392 250397 net.cpp:217] Top shape: 64 128 12 12 (1179648)
I1017 11:07:13.954430 250397 net.cpp:225] Memory required for data: 2066231552
I1017 11:07:13.954463 250397 layer_factory.hpp:114] Creating layer pool4
I1017 11:07:13.954526 250397 net.cpp:160] Creating Layer pool4
I1017 11:07:13.954563 250397 net.cpp:596] pool4 <- drop4
I1017 11:07:13.954663 250397 net.cpp:570] pool4 -> pool4
I1017 11:07:13.959081 250397 net.cpp:210] Setting up pool4
I1017 11:07:13.959197 250397 net.cpp:217] Top shape: 64 128 6 6 (294912)
I1017 11:07:13.959244 250397 net.cpp:225] Memory required for data: 2067411200
I1017 11:07:13.959275 250397 layer_factory.hpp:114] Creating layer fc1
I1017 11:07:13.959357 250397 net.cpp:160] Creating Layer fc1
I1017 11:07:13.959396 250397 net.cpp:596] fc1 <- pool4
I1017 11:07:13.959446 250397 net.cpp:570] fc1 -> fc1
I1017 11:07:14.195361 250397 net.cpp:210] Setting up fc1
I1017 11:07:14.195449 250397 net.cpp:217] Top shape: 64 1024 (65536)
I1017 11:07:14.195514 250397 net.cpp:225] Memory required for data: 2067673344
I1017 11:07:14.195641 250397 layer_factory.hpp:114] Creating layer dropout5
I1017 11:07:14.195708 250397 net.cpp:160] Creating Layer dropout5
I1017 11:07:14.195735 250397 net.cpp:596] dropout5 <- fc1
I1017 11:07:14.195775 250397 net.cpp:570] dropout5 -> drop5
I1017 11:07:14.195844 250397 net.cpp:210] Setting up dropout5
I1017 11:07:14.195875 250397 net.cpp:217] Top shape: 64 1024 (65536)
I1017 11:07:14.195910 250397 net.cpp:225] Memory required for data: 2067935488
I1017 11:07:14.195937 250397 layer_factory.hpp:114] Creating layer fc2
I1017 11:07:14.196053 250397 net.cpp:160] Creating Layer fc2
I1017 11:07:14.196102 250397 net.cpp:596] fc2 <- drop5
I1017 11:07:14.196166 250397 net.cpp:570] fc2 -> fc2
I1017 11:07:14.199810 250397 net.cpp:210] Setting up fc2
I1017 11:07:14.199900 250397 net.cpp:217] Top shape: 64 2 (128)
I1017 11:07:14.199939 250397 net.cpp:225] Memory required for data: 2067936000
I1017 11:07:14.199993 250397 layer_factory.hpp:114] Creating layer loss
I1017 11:07:14.200057 250397 net.cpp:160] Creating Layer loss
I1017 11:07:14.200088 250397 net.cpp:596] loss <- fc2
I1017 11:07:14.200131 250397 net.cpp:596] loss <- label
I1017 11:07:14.200187 250397 net.cpp:570] loss -> (automatic)
I1017 11:07:14.200253 250397 layer_factory.hpp:114] Creating layer loss
I1017 11:07:14.203692 250397 net.cpp:210] Setting up loss
I1017 11:07:14.203773 250397 net.cpp:217] Top shape: (1)
I1017 11:07:14.203810 250397 net.cpp:220]     with loss weight 1
I1017 11:07:14.203929 250397 net.cpp:225] Memory required for data: 2067936004
I1017 11:07:14.203968 250397 net.cpp:287] loss needs backward computation.
I1017 11:07:14.203994 250397 net.cpp:287] fc2 needs backward computation.
I1017 11:07:14.204015 250397 net.cpp:287] dropout5 needs backward computation.
I1017 11:07:14.204035 250397 net.cpp:287] fc1 needs backward computation.
I1017 11:07:14.204053 250397 net.cpp:287] pool4 needs backward computation.
I1017 11:07:14.204073 250397 net.cpp:287] dropout4 needs backward computation.
I1017 11:07:14.204093 250397 net.cpp:287] relu4 needs backward computation.
I1017 11:07:14.204111 250397 net.cpp:287] conv4 needs backward computation.
I1017 11:07:14.204133 250397 net.cpp:287] pool3 needs backward computation.
I1017 11:07:14.204154 250397 net.cpp:287] dropout3 needs backward computation.
I1017 11:07:14.204174 250397 net.cpp:287] relu3 needs backward computation.
I1017 11:07:14.204195 250397 net.cpp:287] conv3 needs backward computation.
I1017 11:07:14.204216 250397 net.cpp:287] pool2 needs backward computation.
I1017 11:07:14.204277 250397 net.cpp:287] dropout2 needs backward computation.
I1017 11:07:14.204301 250397 net.cpp:287] relu2 needs backward computation.
I1017 11:07:14.204363 250397 net.cpp:287] conv2 needs backward computation.
I1017 11:07:14.204391 250397 net.cpp:287] pool1 needs backward computation.
I1017 11:07:14.204411 250397 net.cpp:287] dropout1 needs backward computation.
I1017 11:07:14.204433 250397 net.cpp:287] relu1 needs backward computation.
I1017 11:07:14.204453 250397 net.cpp:287] conv1 needs backward computation.
I1017 11:07:14.204483 250397 net.cpp:289] data does not need backward computation.
I1017 11:07:14.204550 250397 net.cpp:345] Network initialization done.
I1017 11:07:14.204885 250397 caffe.cpp:445] Performing Forward
I1017 11:07:15.718508 250397 caffe.cpp:450] Initial loss: 12.9283
I1017 11:07:15.718607 250397 caffe.cpp:452] Performing Backward
I1017 11:07:16.641705 250397 caffe.cpp:461] *** Benchmark begins ***
I1017 11:07:16.641805 250397 caffe.cpp:462] Testing for 10 iterations.
I1017 11:07:17.782202 250397 caffe.cpp:491] Iteration: 1 forward-backward time: 1140 ms.
I1017 11:07:18.920163 250397 caffe.cpp:491] Iteration: 2 forward-backward time: 1137 ms.
I1017 11:07:20.059137 250397 caffe.cpp:491] Iteration: 3 forward-backward time: 1138 ms.
I1017 11:07:21.196971 250397 caffe.cpp:491] Iteration: 4 forward-backward time: 1137 ms.
I1017 11:07:22.335738 250397 caffe.cpp:491] Iteration: 5 forward-backward time: 1138 ms.
I1017 11:07:23.479506 250397 caffe.cpp:491] Iteration: 6 forward-backward time: 1143 ms.
I1017 11:07:24.617391 250397 caffe.cpp:491] Iteration: 7 forward-backward time: 1137 ms.
I1017 11:07:25.756814 250397 caffe.cpp:491] Iteration: 8 forward-backward time: 1139 ms.
I1017 11:07:26.895465 250397 caffe.cpp:491] Iteration: 9 forward-backward time: 1138 ms.
I1017 11:07:28.047147 250397 caffe.cpp:491] Iteration: 10 forward-backward time: 1151 ms.
I1017 11:07:28.047245 250397 caffe.cpp:498] Average time per layer: 
I1017 11:07:28.047266 250397 caffe.cpp:501]       data	forward: 142.856 ms.
I1017 11:07:28.047292 250397 caffe.cpp:505]       data	backward: 0.0029 ms.
I1017 11:07:28.047318 250397 caffe.cpp:501]      conv1	forward: 22.3876 ms.
I1017 11:07:28.047344 250397 caffe.cpp:505]      conv1	backward: 20.2129 ms.
I1017 11:07:28.047369 250397 caffe.cpp:501]      relu1	forward: 11.4055 ms.
I1017 11:07:28.047394 250397 caffe.cpp:505]      relu1	backward: 52.5454 ms.
I1017 11:07:28.047418 250397 caffe.cpp:501]   dropout1	forward: 86.4146 ms.
I1017 11:07:28.047443 250397 caffe.cpp:505]   dropout1	backward: 49.6329 ms.
I1017 11:07:28.047468 250397 caffe.cpp:501]      pool1	forward: 74.4793 ms.
I1017 11:07:28.047493 250397 caffe.cpp:505]      pool1	backward: 32.253 ms.
I1017 11:07:28.047518 250397 caffe.cpp:501]      conv2	forward: 276.217 ms.
I1017 11:07:28.047544 250397 caffe.cpp:505]      conv2	backward: 249.878 ms.
I1017 11:07:28.047597 250397 caffe.cpp:501]      relu2	forward: 2.4562 ms.
I1017 11:07:28.047626 250397 caffe.cpp:505]      relu2	backward: 9.5684 ms.
I1017 11:07:28.047652 250397 caffe.cpp:501]   dropout2	forward: 18.2508 ms.
I1017 11:07:28.047677 250397 caffe.cpp:505]   dropout2	backward: 9.663 ms.
I1017 11:07:28.047742 250397 caffe.cpp:501]      pool2	forward: 18.0281 ms.
I1017 11:07:28.047773 250397 caffe.cpp:505]      pool2	backward: 7.6322 ms.
I1017 11:07:28.047822 250397 caffe.cpp:501]      conv3	forward: 9.2485 ms.
I1017 11:07:28.047850 250397 caffe.cpp:505]      conv3	backward: 17.7116 ms.
I1017 11:07:28.047876 250397 caffe.cpp:501]      relu3	forward: 0.3949 ms.
I1017 11:07:28.047902 250397 caffe.cpp:505]      relu3	backward: 2.0705 ms.
I1017 11:07:28.047931 250397 caffe.cpp:501]   dropout3	forward: 3.7507 ms.
I1017 11:07:28.047955 250397 caffe.cpp:505]   dropout3	backward: 2.3203 ms.
I1017 11:07:28.047978 250397 caffe.cpp:501]      pool3	forward: 4.1116 ms.
I1017 11:07:28.048002 250397 caffe.cpp:505]      pool3	backward: 1.5717 ms.
I1017 11:07:28.048024 250397 caffe.cpp:501]      conv4	forward: 1.8319 ms.
I1017 11:07:28.048048 250397 caffe.cpp:505]      conv4	backward: 3.3438 ms.
I1017 11:07:28.048071 250397 caffe.cpp:501]      relu4	forward: 0.06 ms.
I1017 11:07:28.048100 250397 caffe.cpp:505]      relu4	backward: 0.4494 ms.
I1017 11:07:28.048125 250397 caffe.cpp:501]   dropout4	forward: 0.5917 ms.
I1017 11:07:28.048148 250397 caffe.cpp:505]   dropout4	backward: 0.337 ms.
I1017 11:07:28.048172 250397 caffe.cpp:501]      pool4	forward: 0.8006 ms.
I1017 11:07:28.048197 250397 caffe.cpp:505]      pool4	backward: 0.3014 ms.
I1017 11:07:28.048246 250397 caffe.cpp:501]        fc1	forward: 1.0713 ms.
I1017 11:07:28.048270 250397 caffe.cpp:505]        fc1	backward: 4.882 ms.
I1017 11:07:28.048295 250397 caffe.cpp:501]   dropout5	forward: 0.1127 ms.
I1017 11:07:28.048319 250397 caffe.cpp:505]   dropout5	backward: 0.0434 ms.
I1017 11:07:28.048344 250397 caffe.cpp:501]        fc2	forward: 0.1817 ms.
I1017 11:07:28.048368 250397 caffe.cpp:505]        fc2	backward: 0.1732 ms.
I1017 11:07:28.048393 250397 caffe.cpp:501]       loss	forward: 0.7705 ms.
I1017 11:07:28.048439 250397 caffe.cpp:505]       loss	backward: 0.0107 ms.
I1017 11:07:28.048480 250397 caffe.cpp:511] Average Forward pass: 675.611 ms.
I1017 11:07:28.048506 250397 caffe.cpp:514] Average Backward pass: 464.802 ms.
I1017 11:07:28.048532 250397 caffe.cpp:516] Average Forward-Backward: 1140.6 ms.
I1017 11:07:28.048558 250397 caffe.cpp:519] Total Time: 11406 ms.
I1017 11:07:28.048584 250397 caffe.cpp:520] *** Benchmark ends ***
