I1017 11:04:55.613623 249741 caffe.cpp:437] Use CPU.
I1017 11:04:55.666021 249741 cpu_info.cpp:452] Processor speed [MHz]: 1400
I1017 11:04:55.666091 249741 cpu_info.cpp:455] Total number of sockets: 1
I1017 11:04:55.666111 249741 cpu_info.cpp:458] Total number of CPU cores: 68
I1017 11:04:55.666128 249741 cpu_info.cpp:461] Total number of processors: 272
I1017 11:04:55.666144 249741 cpu_info.cpp:464] GPU is used: no
I1017 11:04:55.666160 249741 cpu_info.cpp:467] OpenMP environmental variables are specified: yes
I1017 11:04:55.666177 249741 cpu_info.cpp:470] OpenMP thread bind allowed: no
I1017 11:04:55.666194 249741 cpu_info.cpp:473] Number of OpenMP threads: 96
I1017 11:04:55.691470 249741 net.cpp:484] The NetState phase (0) differed from the phase (1) specified by a rule in layer data
I1017 11:04:55.692364 249741 net.cpp:120] Initializing net from parameters: 
name: "HEP_CLASSIFIER"
state {
  phase: TRAIN
  level: 0
  stage: ""
}
layer {
  name: "data"
  type: "DummyData"
  top: "data"
  top: "label"
  include {
    phase: TRAIN
  }
  dummy_data_param {
    data_filler {
      type: "gaussian"
      std: 1
    }
    data_filler {
      type: "constant"
      value: 0
    }
    shape {
      dim: 64
      dim: 3
      dim: 124
      dim: 124
    }
    shape {
      dim: 64
      dim: 1
      dim: 1
      dim: 1
    }
  }
}
layer {
  name: "conv1"
  type: "Convolution"
  bottom: "data"
  top: "conv1"
  convolution_param {
    num_output: 128
    pad: 0
    kernel_size: 3
    stride: 1
    weight_filler {
      type: "msra"
    }
    bias_filler {
      type: "constant"
      value: 0
    }
  }
}
layer {
  name: "relu1"
  type: "ReLU"
  bottom: "conv1"
  top: "conv1"
  relu_param {
    negative_slope: 0.1
  }
}
layer {
  name: "dropout1"
  type: "Dropout"
  bottom: "conv1"
  top: "drop1"
}
layer {
  name: "pool1"
  type: "Pooling"
  bottom: "drop1"
  top: "pool1"
  pooling_param {
    pool: MAX
    kernel_size: 2
    stride: 2
  }
}
layer {
  name: "conv2"
  type: "Convolution"
  bottom: "pool1"
  top: "conv2"
  convolution_param {
    num_output: 128
    pad: 0
    kernel_size: 3
    stride: 1
    weight_filler {
      type: "msra"
    }
    bias_filler {
      type: "constant"
      value: 0
    }
  }
}
layer {
  name: "relu2"
  type: "ReLU"
  bottom: "conv2"
  top: "conv2"
  relu_param {
    negative_slope: 0.1
  }
}
layer {
  name: "dropout2"
  type: "Dropout"
  bottom: "conv2"
  top: "drop2"
}
layer {
  name: "pool2"
  type: "Pooling"
  bottom: "drop2"
  top: "pool2"
  pooling_param {
    pool: MAX
    kernel_size: 2
    stride: 2
  }
}
layer {
  name: "conv3"
  type: "Convolution"
  bottom: "pool2"
  top: "conv3"
  convolution_param {
    num_output: 128
    pad: 0
    kernel_size: 3
    stride: 1
    weight_filler {
      type: "msra"
    }
    bias_filler {
      type: "constant"
      value: 0
    }
  }
}
layer {
  name: "relu3"
  type: "ReLU"
  bottom: "conv3"
  top: "conv3"
  relu_param {
    negative_slope: 0.1
  }
}
layer {
  name: "dropout3"
  type: "Dropout"
  bottom: "conv3"
  top: "drop3"
}
layer {
  name: "pool3"
  type: "Pooling"
  bottom: "drop3"
  top: "pool3"
  pooling_param {
    pool: MAX
    kernel_size: 2
    stride: 2
  }
}
layer {
  name: "conv4"
  type: "Convolution"
  bottom: "pool3"
  top: "conv4"
  convolution_param {
    num_output: 128
    pad: 0
    kernel_size: 3
    stride: 1
    weight_filler {
      type: "msra"
    }
    bias_filler {
      type: "constant"
      value: 0
    }
  }
}
layer {
  name: "relu4"
  type: "ReLU"
  bottom: "conv4"
  top: "conv4"
  relu_param {
    negative_slope: 0.1
  }
}
layer {
  name: "dropout4"
  type: "Dropout"
  bottom: "conv4"
  top: "drop4"
}
layer {
  name: "pool4"
  type: "Pooling"
  bottom: "drop4"
  top: "pool4"
  pooling_param {
    pool: MAX
    kernel_size: 2
    stride: 2
  }
}
layer {
  name: "fc1"
  type: "InnerProduct"
  bottom: "pool4"
  top: "fc1"
  inner_product_param {
    num_output: 1024
    weight_filler {
      type: "msra"
    }
    bias_filler {
      type: "constant"
      value: 0
    }
  }
}
layer {
  name: "dropout5"
  type: "Dropout"
  bottom: "fc1"
  top: "drop5"
}
layer {
  name: "fc2"
  type: "InnerProduct"
  bottom: "drop5"
  top: "fc2"
  inner_product_param {
    num_output: 2
    weight_filler {
      type: "msra"
    }
    bias_filler {
      type: "constant"
      value: 0
    }
  }
}
layer {
  name: "loss"
  type: "SoftmaxWithLoss"
  bottom: "fc2"
  bottom: "label"
}
I1017 11:04:55.693660 249741 layer_factory.hpp:114] Creating layer data
I1017 11:04:55.693742 249741 net.cpp:160] Creating Layer data
I1017 11:04:55.693778 249741 net.cpp:570] data -> data
I1017 11:04:55.693848 249741 net.cpp:570] data -> label
I1017 11:04:55.716895 249741 net.cpp:210] Setting up data
I1017 11:04:55.717006 249741 net.cpp:217] Top shape: 64 3 124 124 (2952192)
I1017 11:04:55.717075 249741 net.cpp:217] Top shape: 64 1 1 1 (64)
I1017 11:04:55.717111 249741 net.cpp:225] Memory required for data: 11809024
I1017 11:04:55.717147 249741 layer_factory.hpp:114] Creating layer conv1
I1017 11:04:55.717272 249741 net.cpp:160] Creating Layer conv1
I1017 11:04:55.717321 249741 net.cpp:596] conv1 <- data
I1017 11:04:55.717403 249741 net.cpp:570] conv1 -> conv1
I1017 11:04:55.922833 249741 net.cpp:210] Setting up conv1
I1017 11:04:55.922938 249741 net.cpp:217] Top shape: 64 128 122 122 (121929728)
I1017 11:04:55.923009 249741 net.cpp:225] Memory required for data: 499527936
I1017 11:04:55.923138 249741 layer_factory.hpp:114] Creating layer relu1
I1017 11:04:55.923259 249741 net.cpp:160] Creating Layer relu1
I1017 11:04:55.923317 249741 net.cpp:596] relu1 <- conv1
I1017 11:04:55.923388 249741 net.cpp:557] relu1 -> conv1 (in-place)
I1017 11:04:55.928174 249741 net.cpp:210] Setting up relu1
I1017 11:04:55.928262 249741 net.cpp:217] Top shape: 64 128 122 122 (121929728)
I1017 11:04:55.928309 249741 net.cpp:225] Memory required for data: 987246848
I1017 11:04:55.928346 249741 layer_factory.hpp:114] Creating layer dropout1
I1017 11:04:55.928400 249741 net.cpp:160] Creating Layer dropout1
I1017 11:04:55.928433 249741 net.cpp:596] dropout1 <- conv1
I1017 11:04:55.928475 249741 net.cpp:570] dropout1 -> drop1
I1017 11:04:55.928551 249741 net.cpp:210] Setting up dropout1
I1017 11:04:55.928591 249741 net.cpp:217] Top shape: 64 128 122 122 (121929728)
I1017 11:04:55.928635 249741 net.cpp:225] Memory required for data: 1474965760
I1017 11:04:55.928673 249741 layer_factory.hpp:114] Creating layer pool1
I1017 11:04:55.928768 249741 net.cpp:160] Creating Layer pool1
I1017 11:04:55.928917 249741 net.cpp:596] pool1 <- drop1
I1017 11:04:55.929006 249741 net.cpp:570] pool1 -> pool1
I1017 11:04:55.933382 249741 net.cpp:210] Setting up pool1
I1017 11:04:55.933471 249741 net.cpp:217] Top shape: 64 128 61 61 (30482432)
I1017 11:04:55.933516 249741 net.cpp:225] Memory required for data: 1596895488
I1017 11:04:55.933547 249741 layer_factory.hpp:114] Creating layer conv2
I1017 11:04:55.933627 249741 net.cpp:160] Creating Layer conv2
I1017 11:04:55.933665 249741 net.cpp:596] conv2 <- pool1
I1017 11:04:55.933713 249741 net.cpp:570] conv2 -> conv2
I1017 11:04:56.957048 249741 net.cpp:210] Setting up conv2
I1017 11:04:56.957140 249741 net.cpp:217] Top shape: 64 128 59 59 (28516352)
I1017 11:04:56.957200 249741 net.cpp:225] Memory required for data: 1710960896
I1017 11:04:56.957284 249741 layer_factory.hpp:114] Creating layer relu2
I1017 11:04:56.957372 249741 net.cpp:160] Creating Layer relu2
I1017 11:04:56.957420 249741 net.cpp:596] relu2 <- conv2
I1017 11:04:56.957480 249741 net.cpp:557] relu2 -> conv2 (in-place)
I1017 11:04:56.961787 249741 net.cpp:210] Setting up relu2
I1017 11:04:56.961875 249741 net.cpp:217] Top shape: 64 128 59 59 (28516352)
I1017 11:04:56.961920 249741 net.cpp:225] Memory required for data: 1825026304
I1017 11:04:56.961957 249741 layer_factory.hpp:114] Creating layer dropout2
I1017 11:04:56.962010 249741 net.cpp:160] Creating Layer dropout2
I1017 11:04:56.962041 249741 net.cpp:596] dropout2 <- conv2
I1017 11:04:56.962088 249741 net.cpp:570] dropout2 -> drop2
I1017 11:04:56.962162 249741 net.cpp:210] Setting up dropout2
I1017 11:04:56.962200 249741 net.cpp:217] Top shape: 64 128 59 59 (28516352)
I1017 11:04:56.962244 249741 net.cpp:225] Memory required for data: 1939091712
I1017 11:04:56.962313 249741 layer_factory.hpp:114] Creating layer pool2
I1017 11:04:56.962419 249741 net.cpp:160] Creating Layer pool2
I1017 11:04:56.962462 249741 net.cpp:596] pool2 <- drop2
I1017 11:04:56.962515 249741 net.cpp:570] pool2 -> pool2
I1017 11:04:56.966672 249741 net.cpp:210] Setting up pool2
I1017 11:04:56.966758 249741 net.cpp:217] Top shape: 64 128 30 30 (7372800)
I1017 11:04:56.966805 249741 net.cpp:225] Memory required for data: 1968582912
I1017 11:04:56.966836 249741 layer_factory.hpp:114] Creating layer conv3
I1017 11:04:56.966917 249741 net.cpp:160] Creating Layer conv3
I1017 11:04:56.966958 249741 net.cpp:596] conv3 <- pool2
I1017 11:04:56.967010 249741 net.cpp:570] conv3 -> conv3
I1017 11:04:57.287274 249741 net.cpp:210] Setting up conv3
I1017 11:04:57.287367 249741 net.cpp:217] Top shape: 64 128 28 28 (6422528)
I1017 11:04:57.287420 249741 net.cpp:225] Memory required for data: 1994273024
I1017 11:04:57.287497 249741 layer_factory.hpp:114] Creating layer relu3
I1017 11:04:57.287605 249741 net.cpp:160] Creating Layer relu3
I1017 11:04:57.287652 249741 net.cpp:596] relu3 <- conv3
I1017 11:04:57.287708 249741 net.cpp:557] relu3 -> conv3 (in-place)
I1017 11:04:57.292433 249741 net.cpp:210] Setting up relu3
I1017 11:04:57.292520 249741 net.cpp:217] Top shape: 64 128 28 28 (6422528)
I1017 11:04:57.292562 249741 net.cpp:225] Memory required for data: 2019963136
I1017 11:04:57.292598 249741 layer_factory.hpp:114] Creating layer dropout3
I1017 11:04:57.292649 249741 net.cpp:160] Creating Layer dropout3
I1017 11:04:57.292680 249741 net.cpp:596] dropout3 <- conv3
I1017 11:04:57.292724 249741 net.cpp:570] dropout3 -> drop3
I1017 11:04:57.292795 249741 net.cpp:210] Setting up dropout3
I1017 11:04:57.292832 249741 net.cpp:217] Top shape: 64 128 28 28 (6422528)
I1017 11:04:57.292876 249741 net.cpp:225] Memory required for data: 2045653248
I1017 11:04:57.292910 249741 layer_factory.hpp:114] Creating layer pool3
I1017 11:04:57.292970 249741 net.cpp:160] Creating Layer pool3
I1017 11:04:57.293033 249741 net.cpp:596] pool3 <- drop3
I1017 11:04:57.293081 249741 net.cpp:570] pool3 -> pool3
I1017 11:04:57.297240 249741 net.cpp:210] Setting up pool3
I1017 11:04:57.297328 249741 net.cpp:217] Top shape: 64 128 14 14 (1605632)
I1017 11:04:57.297370 249741 net.cpp:225] Memory required for data: 2052075776
I1017 11:04:57.297400 249741 layer_factory.hpp:114] Creating layer conv4
I1017 11:04:57.297478 249741 net.cpp:160] Creating Layer conv4
I1017 11:04:57.297516 249741 net.cpp:596] conv4 <- pool3
I1017 11:04:57.297562 249741 net.cpp:570] conv4 -> conv4
I1017 11:04:57.447140 249741 net.cpp:210] Setting up conv4
I1017 11:04:57.447227 249741 net.cpp:217] Top shape: 64 128 12 12 (1179648)
I1017 11:04:57.447275 249741 net.cpp:225] Memory required for data: 2056794368
I1017 11:04:57.447338 249741 layer_factory.hpp:114] Creating layer relu4
I1017 11:04:57.447403 249741 net.cpp:160] Creating Layer relu4
I1017 11:04:57.447439 249741 net.cpp:596] relu4 <- conv4
I1017 11:04:57.447485 249741 net.cpp:557] relu4 -> conv4 (in-place)
I1017 11:04:57.452356 249741 net.cpp:210] Setting up relu4
I1017 11:04:57.452445 249741 net.cpp:217] Top shape: 64 128 12 12 (1179648)
I1017 11:04:57.452491 249741 net.cpp:225] Memory required for data: 2061512960
I1017 11:04:57.452524 249741 layer_factory.hpp:114] Creating layer dropout4
I1017 11:04:57.452574 249741 net.cpp:160] Creating Layer dropout4
I1017 11:04:57.452600 249741 net.cpp:596] dropout4 <- conv4
I1017 11:04:57.452638 249741 net.cpp:570] dropout4 -> drop4
I1017 11:04:57.452704 249741 net.cpp:210] Setting up dropout4
I1017 11:04:57.452738 249741 net.cpp:217] Top shape: 64 128 12 12 (1179648)
I1017 11:04:57.452775 249741 net.cpp:225] Memory required for data: 2066231552
I1017 11:04:57.452805 249741 layer_factory.hpp:114] Creating layer pool4
I1017 11:04:57.452867 249741 net.cpp:160] Creating Layer pool4
I1017 11:04:57.452906 249741 net.cpp:596] pool4 <- drop4
I1017 11:04:57.452986 249741 net.cpp:570] pool4 -> pool4
I1017 11:04:57.457125 249741 net.cpp:210] Setting up pool4
I1017 11:04:57.457236 249741 net.cpp:217] Top shape: 64 128 6 6 (294912)
I1017 11:04:57.457279 249741 net.cpp:225] Memory required for data: 2067411200
I1017 11:04:57.457309 249741 layer_factory.hpp:114] Creating layer fc1
I1017 11:04:57.457381 249741 net.cpp:160] Creating Layer fc1
I1017 11:04:57.457414 249741 net.cpp:596] fc1 <- pool4
I1017 11:04:57.457459 249741 net.cpp:570] fc1 -> fc1
I1017 11:04:57.693127 249741 net.cpp:210] Setting up fc1
I1017 11:04:57.693217 249741 net.cpp:217] Top shape: 64 1024 (65536)
I1017 11:04:57.693258 249741 net.cpp:225] Memory required for data: 2067673344
I1017 11:04:57.693325 249741 layer_factory.hpp:114] Creating layer dropout5
I1017 11:04:57.693374 249741 net.cpp:160] Creating Layer dropout5
I1017 11:04:57.693400 249741 net.cpp:596] dropout5 <- fc1
I1017 11:04:57.693439 249741 net.cpp:570] dropout5 -> drop5
I1017 11:04:57.693497 249741 net.cpp:210] Setting up dropout5
I1017 11:04:57.693524 249741 net.cpp:217] Top shape: 64 1024 (65536)
I1017 11:04:57.693558 249741 net.cpp:225] Memory required for data: 2067935488
I1017 11:04:57.693584 249741 layer_factory.hpp:114] Creating layer fc2
I1017 11:04:57.693639 249741 net.cpp:160] Creating Layer fc2
I1017 11:04:57.693672 249741 net.cpp:596] fc2 <- drop5
I1017 11:04:57.693753 249741 net.cpp:570] fc2 -> fc2
I1017 11:04:57.697213 249741 net.cpp:210] Setting up fc2
I1017 11:04:57.697301 249741 net.cpp:217] Top shape: 64 2 (128)
I1017 11:04:57.697341 249741 net.cpp:225] Memory required for data: 2067936000
I1017 11:04:57.697397 249741 layer_factory.hpp:114] Creating layer loss
I1017 11:04:57.697459 249741 net.cpp:160] Creating Layer loss
I1017 11:04:57.697489 249741 net.cpp:596] loss <- fc2
I1017 11:04:57.697516 249741 net.cpp:596] loss <- label
I1017 11:04:57.697559 249741 net.cpp:570] loss -> (automatic)
I1017 11:04:57.697623 249741 layer_factory.hpp:114] Creating layer loss
I1017 11:04:57.700935 249741 net.cpp:210] Setting up loss
I1017 11:04:57.701025 249741 net.cpp:217] Top shape: (1)
I1017 11:04:57.701063 249741 net.cpp:220]     with loss weight 1
I1017 11:04:57.701196 249741 net.cpp:225] Memory required for data: 2067936004
I1017 11:04:57.701237 249741 net.cpp:287] loss needs backward computation.
I1017 11:04:57.701266 249741 net.cpp:287] fc2 needs backward computation.
I1017 11:04:57.701287 249741 net.cpp:287] dropout5 needs backward computation.
I1017 11:04:57.701308 249741 net.cpp:287] fc1 needs backward computation.
I1017 11:04:57.701328 249741 net.cpp:287] pool4 needs backward computation.
I1017 11:04:57.701349 249741 net.cpp:287] dropout4 needs backward computation.
I1017 11:04:57.701367 249741 net.cpp:287] relu4 needs backward computation.
I1017 11:04:57.701386 249741 net.cpp:287] conv4 needs backward computation.
I1017 11:04:57.701408 249741 net.cpp:287] pool3 needs backward computation.
I1017 11:04:57.701429 249741 net.cpp:287] dropout3 needs backward computation.
I1017 11:04:57.701472 249741 net.cpp:287] relu3 needs backward computation.
I1017 11:04:57.701504 249741 net.cpp:287] conv3 needs backward computation.
I1017 11:04:57.701525 249741 net.cpp:287] pool2 needs backward computation.
I1017 11:04:57.701556 249741 net.cpp:287] dropout2 needs backward computation.
I1017 11:04:57.701684 249741 net.cpp:287] relu2 needs backward computation.
I1017 11:04:57.701719 249741 net.cpp:287] conv2 needs backward computation.
I1017 11:04:57.701742 249741 net.cpp:287] pool1 needs backward computation.
I1017 11:04:57.701762 249741 net.cpp:287] dropout1 needs backward computation.
I1017 11:04:57.701783 249741 net.cpp:287] relu1 needs backward computation.
I1017 11:04:57.701802 249741 net.cpp:287] conv1 needs backward computation.
I1017 11:04:57.701823 249741 net.cpp:289] data does not need backward computation.
I1017 11:04:57.701879 249741 net.cpp:345] Network initialization done.
I1017 11:04:57.702267 249741 caffe.cpp:445] Performing Forward
I1017 11:04:59.685786 249741 caffe.cpp:450] Initial loss: 1.17835
I1017 11:04:59.685889 249741 caffe.cpp:452] Performing Backward
I1017 11:05:01.067953 249741 caffe.cpp:461] *** Benchmark begins ***
I1017 11:05:01.068044 249741 caffe.cpp:462] Testing for 10 iterations.
I1017 11:05:02.368000 249741 caffe.cpp:491] Iteration: 1 forward-backward time: 1299 ms.
I1017 11:05:03.731791 249741 caffe.cpp:491] Iteration: 2 forward-backward time: 1363 ms.
I1017 11:05:05.260368 249741 caffe.cpp:491] Iteration: 3 forward-backward time: 1528 ms.
I1017 11:05:06.635418 249741 caffe.cpp:491] Iteration: 4 forward-backward time: 1374 ms.
I1017 11:05:07.973651 249741 caffe.cpp:491] Iteration: 5 forward-backward time: 1338 ms.
I1017 11:05:09.368393 249741 caffe.cpp:491] Iteration: 6 forward-backward time: 1394 ms.
I1017 11:05:10.736732 249741 caffe.cpp:491] Iteration: 7 forward-backward time: 1368 ms.
I1017 11:05:12.116339 249741 caffe.cpp:491] Iteration: 8 forward-backward time: 1379 ms.
I1017 11:05:13.510203 249741 caffe.cpp:491] Iteration: 9 forward-backward time: 1393 ms.
I1017 11:05:14.858672 249741 caffe.cpp:491] Iteration: 10 forward-backward time: 1348 ms.
I1017 11:05:14.858767 249741 caffe.cpp:498] Average time per layer: 
I1017 11:05:14.858789 249741 caffe.cpp:501]       data	forward: 151.421 ms.
I1017 11:05:14.858824 249741 caffe.cpp:505]       data	backward: 0.0036 ms.
I1017 11:05:14.858856 249741 caffe.cpp:501]      conv1	forward: 23.9804 ms.
I1017 11:05:14.858888 249741 caffe.cpp:505]      conv1	backward: 22.9618 ms.
I1017 11:05:14.858919 249741 caffe.cpp:501]      relu1	forward: 11.3139 ms.
I1017 11:05:14.858950 249741 caffe.cpp:505]      relu1	backward: 140.474 ms.
I1017 11:05:14.858983 249741 caffe.cpp:501]   dropout1	forward: 163.79 ms.
I1017 11:05:14.859017 249741 caffe.cpp:505]   dropout1	backward: 124.444 ms.
I1017 11:05:14.859052 249741 caffe.cpp:501]      pool1	forward: 105.071 ms.
I1017 11:05:14.859086 249741 caffe.cpp:505]      pool1	backward: 53.2959 ms.
I1017 11:05:14.859122 249741 caffe.cpp:501]      conv2	forward: 141.255 ms.
I1017 11:05:14.859156 249741 caffe.cpp:505]      conv2	backward: 215.893 ms.
I1017 11:05:14.859192 249741 caffe.cpp:501]      relu2	forward: 2.4314 ms.
I1017 11:05:14.859233 249741 caffe.cpp:505]      relu2	backward: 14.6126 ms.
I1017 11:05:14.859282 249741 caffe.cpp:501]   dropout2	forward: 27.824 ms.
I1017 11:05:14.859325 249741 caffe.cpp:505]   dropout2	backward: 12.2343 ms.
I1017 11:05:14.859366 249741 caffe.cpp:501]      pool2	forward: 34.9412 ms.
I1017 11:05:14.859405 249741 caffe.cpp:505]      pool2	backward: 21.8997 ms.
I1017 11:05:14.859442 249741 caffe.cpp:501]      conv3	forward: 12.4313 ms.
I1017 11:05:14.859483 249741 caffe.cpp:505]      conv3	backward: 25.457 ms.
I1017 11:05:14.859527 249741 caffe.cpp:501]      relu3	forward: 0.3869 ms.
I1017 11:05:14.859567 249741 caffe.cpp:505]      relu3	backward: 6.9102 ms.
I1017 11:05:14.859648 249741 caffe.cpp:501]   dropout3	forward: 6.3947 ms.
I1017 11:05:14.859681 249741 caffe.cpp:505]   dropout3	backward: 9.1335 ms.
I1017 11:05:14.859715 249741 caffe.cpp:501]      pool3	forward: 10.7478 ms.
I1017 11:05:14.859760 249741 caffe.cpp:505]      pool3	backward: 6.5922 ms.
I1017 11:05:14.859800 249741 caffe.cpp:501]      conv4	forward: 2.4652 ms.
I1017 11:05:14.859839 249741 caffe.cpp:505]      conv4	backward: 4.8636 ms.
I1017 11:05:14.859874 249741 caffe.cpp:501]      relu4	forward: 0.0675 ms.
I1017 11:05:14.859910 249741 caffe.cpp:505]      relu4	backward: 1.8846 ms.
I1017 11:05:14.859941 249741 caffe.cpp:501]   dropout4	forward: 2.7198 ms.
I1017 11:05:14.859977 249741 caffe.cpp:505]   dropout4	backward: 1.8624 ms.
I1017 11:05:14.860021 249741 caffe.cpp:501]      pool4	forward: 2.9873 ms.
I1017 11:05:14.860062 249741 caffe.cpp:505]      pool4	backward: 3.4715 ms.
I1017 11:05:14.860098 249741 caffe.cpp:501]        fc1	forward: 1.5559 ms.
I1017 11:05:14.860136 249741 caffe.cpp:505]        fc1	backward: 4.9702 ms.
I1017 11:05:14.860167 249741 caffe.cpp:501]   dropout5	forward: 2.0743 ms.
I1017 11:05:14.860200 249741 caffe.cpp:505]   dropout5	backward: 0.1682 ms.
I1017 11:05:14.860237 249741 caffe.cpp:501]        fc2	forward: 1.5844 ms.
I1017 11:05:14.860270 249741 caffe.cpp:505]        fc2	backward: 0.2315 ms.
I1017 11:05:14.860304 249741 caffe.cpp:501]       loss	forward: 1.6337 ms.
I1017 11:05:14.860360 249741 caffe.cpp:505]       loss	backward: 0.0141 ms.
I1017 11:05:14.860405 249741 caffe.cpp:511] Average Forward pass: 707.322 ms.
I1017 11:05:14.860440 249741 caffe.cpp:514] Average Backward pass: 671.616 ms.
I1017 11:05:14.860474 249741 caffe.cpp:516] Average Forward-Backward: 1379.2 ms.
I1017 11:05:14.860512 249741 caffe.cpp:519] Total Time: 13792 ms.
I1017 11:05:14.860548 249741 caffe.cpp:520] *** Benchmark ends ***
