I1017 11:04:33.235193 249585 caffe.cpp:437] Use CPU.
I1017 11:04:33.273167 249585 cpu_info.cpp:452] Processor speed [MHz]: 1400
I1017 11:04:33.273236 249585 cpu_info.cpp:455] Total number of sockets: 1
I1017 11:04:33.273255 249585 cpu_info.cpp:458] Total number of CPU cores: 68
I1017 11:04:33.273272 249585 cpu_info.cpp:461] Total number of processors: 272
I1017 11:04:33.273286 249585 cpu_info.cpp:464] GPU is used: no
I1017 11:04:33.273301 249585 cpu_info.cpp:467] OpenMP environmental variables are specified: yes
I1017 11:04:33.273316 249585 cpu_info.cpp:470] OpenMP thread bind allowed: no
I1017 11:04:33.273331 249585 cpu_info.cpp:473] Number of OpenMP threads: 112
I1017 11:04:33.298809 249585 net.cpp:484] The NetState phase (0) differed from the phase (1) specified by a rule in layer data
I1017 11:04:33.299715 249585 net.cpp:120] Initializing net from parameters: 
name: "HEP_CLASSIFIER"
state {
  phase: TRAIN
  level: 0
  stage: ""
}
layer {
  name: "data"
  type: "DummyData"
  top: "data"
  top: "label"
  include {
    phase: TRAIN
  }
  dummy_data_param {
    data_filler {
      type: "gaussian"
      std: 1
    }
    data_filler {
      type: "constant"
      value: 0
    }
    shape {
      dim: 64
      dim: 3
      dim: 124
      dim: 124
    }
    shape {
      dim: 64
      dim: 1
      dim: 1
      dim: 1
    }
  }
}
layer {
  name: "conv1"
  type: "Convolution"
  bottom: "data"
  top: "conv1"
  convolution_param {
    num_output: 128
    pad: 0
    kernel_size: 3
    stride: 1
    weight_filler {
      type: "msra"
    }
    bias_filler {
      type: "constant"
      value: 0
    }
  }
}
layer {
  name: "relu1"
  type: "ReLU"
  bottom: "conv1"
  top: "conv1"
  relu_param {
    negative_slope: 0.1
  }
}
layer {
  name: "dropout1"
  type: "Dropout"
  bottom: "conv1"
  top: "drop1"
}
layer {
  name: "pool1"
  type: "Pooling"
  bottom: "drop1"
  top: "pool1"
  pooling_param {
    pool: MAX
    kernel_size: 2
    stride: 2
  }
}
layer {
  name: "conv2"
  type: "Convolution"
  bottom: "pool1"
  top: "conv2"
  convolution_param {
    num_output: 128
    pad: 0
    kernel_size: 3
    stride: 1
    weight_filler {
      type: "msra"
    }
    bias_filler {
      type: "constant"
      value: 0
    }
  }
}
layer {
  name: "relu2"
  type: "ReLU"
  bottom: "conv2"
  top: "conv2"
  relu_param {
    negative_slope: 0.1
  }
}
layer {
  name: "dropout2"
  type: "Dropout"
  bottom: "conv2"
  top: "drop2"
}
layer {
  name: "pool2"
  type: "Pooling"
  bottom: "drop2"
  top: "pool2"
  pooling_param {
    pool: MAX
    kernel_size: 2
    stride: 2
  }
}
layer {
  name: "conv3"
  type: "Convolution"
  bottom: "pool2"
  top: "conv3"
  convolution_param {
    num_output: 128
    pad: 0
    kernel_size: 3
    stride: 1
    weight_filler {
      type: "msra"
    }
    bias_filler {
      type: "constant"
      value: 0
    }
  }
}
layer {
  name: "relu3"
  type: "ReLU"
  bottom: "conv3"
  top: "conv3"
  relu_param {
    negative_slope: 0.1
  }
}
layer {
  name: "dropout3"
  type: "Dropout"
  bottom: "conv3"
  top: "drop3"
}
layer {
  name: "pool3"
  type: "Pooling"
  bottom: "drop3"
  top: "pool3"
  pooling_param {
    pool: MAX
    kernel_size: 2
    stride: 2
  }
}
layer {
  name: "conv4"
  type: "Convolution"
  bottom: "pool3"
  top: "conv4"
  convolution_param {
    num_output: 128
    pad: 0
    kernel_size: 3
    stride: 1
    weight_filler {
      type: "msra"
    }
    bias_filler {
      type: "constant"
      value: 0
    }
  }
}
layer {
  name: "relu4"
  type: "ReLU"
  bottom: "conv4"
  top: "conv4"
  relu_param {
    negative_slope: 0.1
  }
}
layer {
  name: "dropout4"
  type: "Dropout"
  bottom: "conv4"
  top: "drop4"
}
layer {
  name: "pool4"
  type: "Pooling"
  bottom: "drop4"
  top: "pool4"
  pooling_param {
    pool: MAX
    kernel_size: 2
    stride: 2
  }
}
layer {
  name: "fc1"
  type: "InnerProduct"
  bottom: "pool4"
  top: "fc1"
  inner_product_param {
    num_output: 1024
    weight_filler {
      type: "msra"
    }
    bias_filler {
      type: "constant"
      value: 0
    }
  }
}
layer {
  name: "dropout5"
  type: "Dropout"
  bottom: "fc1"
  top: "drop5"
}
layer {
  name: "fc2"
  type: "InnerProduct"
  bottom: "drop5"
  top: "fc2"
  inner_product_param {
    num_output: 2
    weight_filler {
      type: "msra"
    }
    bias_filler {
      type: "constant"
      value: 0
    }
  }
}
layer {
  name: "loss"
  type: "SoftmaxWithLoss"
  bottom: "fc2"
  bottom: "label"
}
I1017 11:04:33.301314 249585 layer_factory.hpp:114] Creating layer data
I1017 11:04:33.301394 249585 net.cpp:160] Creating Layer data
I1017 11:04:33.301427 249585 net.cpp:570] data -> data
I1017 11:04:33.301496 249585 net.cpp:570] data -> label
I1017 11:04:33.324661 249585 net.cpp:210] Setting up data
I1017 11:04:33.324769 249585 net.cpp:217] Top shape: 64 3 124 124 (2952192)
I1017 11:04:33.324829 249585 net.cpp:217] Top shape: 64 1 1 1 (64)
I1017 11:04:33.324865 249585 net.cpp:225] Memory required for data: 11809024
I1017 11:04:33.324899 249585 layer_factory.hpp:114] Creating layer conv1
I1017 11:04:33.325017 249585 net.cpp:160] Creating Layer conv1
I1017 11:04:33.325073 249585 net.cpp:596] conv1 <- data
I1017 11:04:33.325176 249585 net.cpp:570] conv1 -> conv1
I1017 11:04:33.531267 249585 net.cpp:210] Setting up conv1
I1017 11:04:33.531373 249585 net.cpp:217] Top shape: 64 128 122 122 (121929728)
I1017 11:04:33.531448 249585 net.cpp:225] Memory required for data: 499527936
I1017 11:04:33.531618 249585 layer_factory.hpp:114] Creating layer relu1
I1017 11:04:33.531752 249585 net.cpp:160] Creating Layer relu1
I1017 11:04:33.531810 249585 net.cpp:596] relu1 <- conv1
I1017 11:04:33.531899 249585 net.cpp:557] relu1 -> conv1 (in-place)
I1017 11:04:33.536705 249585 net.cpp:210] Setting up relu1
I1017 11:04:33.536795 249585 net.cpp:217] Top shape: 64 128 122 122 (121929728)
I1017 11:04:33.536840 249585 net.cpp:225] Memory required for data: 987246848
I1017 11:04:33.536875 249585 layer_factory.hpp:114] Creating layer dropout1
I1017 11:04:33.536926 249585 net.cpp:160] Creating Layer dropout1
I1017 11:04:33.536954 249585 net.cpp:596] dropout1 <- conv1
I1017 11:04:33.536998 249585 net.cpp:570] dropout1 -> drop1
I1017 11:04:33.537065 249585 net.cpp:210] Setting up dropout1
I1017 11:04:33.537104 249585 net.cpp:217] Top shape: 64 128 122 122 (121929728)
I1017 11:04:33.537147 249585 net.cpp:225] Memory required for data: 1474965760
I1017 11:04:33.537181 249585 layer_factory.hpp:114] Creating layer pool1
I1017 11:04:33.537282 249585 net.cpp:160] Creating Layer pool1
I1017 11:04:33.537456 249585 net.cpp:596] pool1 <- drop1
I1017 11:04:33.537542 249585 net.cpp:570] pool1 -> pool1
I1017 11:04:33.541972 249585 net.cpp:210] Setting up pool1
I1017 11:04:33.542062 249585 net.cpp:217] Top shape: 64 128 61 61 (30482432)
I1017 11:04:33.542104 249585 net.cpp:225] Memory required for data: 1596895488
I1017 11:04:33.542132 249585 layer_factory.hpp:114] Creating layer conv2
I1017 11:04:33.542210 249585 net.cpp:160] Creating Layer conv2
I1017 11:04:33.542242 249585 net.cpp:596] conv2 <- pool1
I1017 11:04:33.542287 249585 net.cpp:570] conv2 -> conv2
I1017 11:04:34.570745 249585 net.cpp:210] Setting up conv2
I1017 11:04:34.570837 249585 net.cpp:217] Top shape: 64 128 59 59 (28516352)
I1017 11:04:34.570899 249585 net.cpp:225] Memory required for data: 1710960896
I1017 11:04:34.570984 249585 layer_factory.hpp:114] Creating layer relu2
I1017 11:04:34.571074 249585 net.cpp:160] Creating Layer relu2
I1017 11:04:34.571123 249585 net.cpp:596] relu2 <- conv2
I1017 11:04:34.571183 249585 net.cpp:557] relu2 -> conv2 (in-place)
I1017 11:04:34.575628 249585 net.cpp:210] Setting up relu2
I1017 11:04:34.575711 249585 net.cpp:217] Top shape: 64 128 59 59 (28516352)
I1017 11:04:34.575757 249585 net.cpp:225] Memory required for data: 1825026304
I1017 11:04:34.575790 249585 layer_factory.hpp:114] Creating layer dropout2
I1017 11:04:34.575841 249585 net.cpp:160] Creating Layer dropout2
I1017 11:04:34.575872 249585 net.cpp:596] dropout2 <- conv2
I1017 11:04:34.575917 249585 net.cpp:570] dropout2 -> drop2
I1017 11:04:34.575992 249585 net.cpp:210] Setting up dropout2
I1017 11:04:34.576033 249585 net.cpp:217] Top shape: 64 128 59 59 (28516352)
I1017 11:04:34.576081 249585 net.cpp:225] Memory required for data: 1939091712
I1017 11:04:34.576153 249585 layer_factory.hpp:114] Creating layer pool2
I1017 11:04:34.576263 249585 net.cpp:160] Creating Layer pool2
I1017 11:04:34.576323 249585 net.cpp:596] pool2 <- drop2
I1017 11:04:34.576369 249585 net.cpp:570] pool2 -> pool2
I1017 11:04:34.580601 249585 net.cpp:210] Setting up pool2
I1017 11:04:34.580687 249585 net.cpp:217] Top shape: 64 128 30 30 (7372800)
I1017 11:04:34.580732 249585 net.cpp:225] Memory required for data: 1968582912
I1017 11:04:34.580761 249585 layer_factory.hpp:114] Creating layer conv3
I1017 11:04:34.580842 249585 net.cpp:160] Creating Layer conv3
I1017 11:04:34.580878 249585 net.cpp:596] conv3 <- pool2
I1017 11:04:34.580929 249585 net.cpp:570] conv3 -> conv3
I1017 11:04:34.901525 249585 net.cpp:210] Setting up conv3
I1017 11:04:34.901618 249585 net.cpp:217] Top shape: 64 128 28 28 (6422528)
I1017 11:04:34.901667 249585 net.cpp:225] Memory required for data: 1994273024
I1017 11:04:34.901742 249585 layer_factory.hpp:114] Creating layer relu3
I1017 11:04:34.901819 249585 net.cpp:160] Creating Layer relu3
I1017 11:04:34.901856 249585 net.cpp:596] relu3 <- conv3
I1017 11:04:34.901909 249585 net.cpp:557] relu3 -> conv3 (in-place)
I1017 11:04:34.906662 249585 net.cpp:210] Setting up relu3
I1017 11:04:34.906754 249585 net.cpp:217] Top shape: 64 128 28 28 (6422528)
I1017 11:04:34.906797 249585 net.cpp:225] Memory required for data: 2019963136
I1017 11:04:34.906829 249585 layer_factory.hpp:114] Creating layer dropout3
I1017 11:04:34.906877 249585 net.cpp:160] Creating Layer dropout3
I1017 11:04:34.906903 249585 net.cpp:596] dropout3 <- conv3
I1017 11:04:34.906942 249585 net.cpp:570] dropout3 -> drop3
I1017 11:04:34.907007 249585 net.cpp:210] Setting up dropout3
I1017 11:04:34.907040 249585 net.cpp:217] Top shape: 64 128 28 28 (6422528)
I1017 11:04:34.907081 249585 net.cpp:225] Memory required for data: 2045653248
I1017 11:04:34.907110 249585 layer_factory.hpp:114] Creating layer pool3
I1017 11:04:34.907167 249585 net.cpp:160] Creating Layer pool3
I1017 11:04:34.907199 249585 net.cpp:596] pool3 <- drop3
I1017 11:04:34.907270 249585 net.cpp:570] pool3 -> pool3
I1017 11:04:34.911540 249585 net.cpp:210] Setting up pool3
I1017 11:04:34.911731 249585 net.cpp:217] Top shape: 64 128 14 14 (1605632)
I1017 11:04:34.911775 249585 net.cpp:225] Memory required for data: 2052075776
I1017 11:04:34.911804 249585 layer_factory.hpp:114] Creating layer conv4
I1017 11:04:34.911885 249585 net.cpp:160] Creating Layer conv4
I1017 11:04:34.911921 249585 net.cpp:596] conv4 <- pool3
I1017 11:04:34.911968 249585 net.cpp:570] conv4 -> conv4
I1017 11:04:35.061982 249585 net.cpp:210] Setting up conv4
I1017 11:04:35.062069 249585 net.cpp:217] Top shape: 64 128 12 12 (1179648)
I1017 11:04:35.062115 249585 net.cpp:225] Memory required for data: 2056794368
I1017 11:04:35.062175 249585 layer_factory.hpp:114] Creating layer relu4
I1017 11:04:35.062240 249585 net.cpp:160] Creating Layer relu4
I1017 11:04:35.062273 249585 net.cpp:596] relu4 <- conv4
I1017 11:04:35.062317 249585 net.cpp:557] relu4 -> conv4 (in-place)
I1017 11:04:35.067045 249585 net.cpp:210] Setting up relu4
I1017 11:04:35.067134 249585 net.cpp:217] Top shape: 64 128 12 12 (1179648)
I1017 11:04:35.067176 249585 net.cpp:225] Memory required for data: 2061512960
I1017 11:04:35.067208 249585 layer_factory.hpp:114] Creating layer dropout4
I1017 11:04:35.067253 249585 net.cpp:160] Creating Layer dropout4
I1017 11:04:35.067281 249585 net.cpp:596] dropout4 <- conv4
I1017 11:04:35.067317 249585 net.cpp:570] dropout4 -> drop4
I1017 11:04:35.067384 249585 net.cpp:210] Setting up dropout4
I1017 11:04:35.067415 249585 net.cpp:217] Top shape: 64 128 12 12 (1179648)
I1017 11:04:35.067454 249585 net.cpp:225] Memory required for data: 2066231552
I1017 11:04:35.067483 249585 layer_factory.hpp:114] Creating layer pool4
I1017 11:04:35.067541 249585 net.cpp:160] Creating Layer pool4
I1017 11:04:35.067612 249585 net.cpp:596] pool4 <- drop4
I1017 11:04:35.067689 249585 net.cpp:570] pool4 -> pool4
I1017 11:04:35.071856 249585 net.cpp:210] Setting up pool4
I1017 11:04:35.071967 249585 net.cpp:217] Top shape: 64 128 6 6 (294912)
I1017 11:04:35.072010 249585 net.cpp:225] Memory required for data: 2067411200
I1017 11:04:35.072037 249585 layer_factory.hpp:114] Creating layer fc1
I1017 11:04:35.072108 249585 net.cpp:160] Creating Layer fc1
I1017 11:04:35.072139 249585 net.cpp:596] fc1 <- pool4
I1017 11:04:35.072180 249585 net.cpp:570] fc1 -> fc1
I1017 11:04:35.307941 249585 net.cpp:210] Setting up fc1
I1017 11:04:35.308028 249585 net.cpp:217] Top shape: 64 1024 (65536)
I1017 11:04:35.308071 249585 net.cpp:225] Memory required for data: 2067673344
I1017 11:04:35.308140 249585 layer_factory.hpp:114] Creating layer dropout5
I1017 11:04:35.308189 249585 net.cpp:160] Creating Layer dropout5
I1017 11:04:35.308215 249585 net.cpp:596] dropout5 <- fc1
I1017 11:04:35.308253 249585 net.cpp:570] dropout5 -> drop5
I1017 11:04:35.308315 249585 net.cpp:210] Setting up dropout5
I1017 11:04:35.308344 249585 net.cpp:217] Top shape: 64 1024 (65536)
I1017 11:04:35.308380 249585 net.cpp:225] Memory required for data: 2067935488
I1017 11:04:35.308408 249585 layer_factory.hpp:114] Creating layer fc2
I1017 11:04:35.308465 249585 net.cpp:160] Creating Layer fc2
I1017 11:04:35.308498 249585 net.cpp:596] fc2 <- drop5
I1017 11:04:35.308583 249585 net.cpp:570] fc2 -> fc2
I1017 11:04:35.312060 249585 net.cpp:210] Setting up fc2
I1017 11:04:35.312151 249585 net.cpp:217] Top shape: 64 2 (128)
I1017 11:04:35.312192 249585 net.cpp:225] Memory required for data: 2067936000
I1017 11:04:35.312247 249585 layer_factory.hpp:114] Creating layer loss
I1017 11:04:35.312310 249585 net.cpp:160] Creating Layer loss
I1017 11:04:35.312340 249585 net.cpp:596] loss <- fc2
I1017 11:04:35.312366 249585 net.cpp:596] loss <- label
I1017 11:04:35.312415 249585 net.cpp:570] loss -> (automatic)
I1017 11:04:35.312479 249585 layer_factory.hpp:114] Creating layer loss
I1017 11:04:35.315780 249585 net.cpp:210] Setting up loss
I1017 11:04:35.315865 249585 net.cpp:217] Top shape: (1)
I1017 11:04:35.315904 249585 net.cpp:220]     with loss weight 1
I1017 11:04:35.316025 249585 net.cpp:225] Memory required for data: 2067936004
I1017 11:04:35.316061 249585 net.cpp:287] loss needs backward computation.
I1017 11:04:35.316089 249585 net.cpp:287] fc2 needs backward computation.
I1017 11:04:35.316112 249585 net.cpp:287] dropout5 needs backward computation.
I1017 11:04:35.316131 249585 net.cpp:287] fc1 needs backward computation.
I1017 11:04:35.316153 249585 net.cpp:287] pool4 needs backward computation.
I1017 11:04:35.316172 249585 net.cpp:287] dropout4 needs backward computation.
I1017 11:04:35.316191 249585 net.cpp:287] relu4 needs backward computation.
I1017 11:04:35.316211 249585 net.cpp:287] conv4 needs backward computation.
I1017 11:04:35.316233 249585 net.cpp:287] pool3 needs backward computation.
I1017 11:04:35.316254 249585 net.cpp:287] dropout3 needs backward computation.
I1017 11:04:35.316277 249585 net.cpp:287] relu3 needs backward computation.
I1017 11:04:35.316298 249585 net.cpp:287] conv3 needs backward computation.
I1017 11:04:35.316345 249585 net.cpp:287] pool2 needs backward computation.
I1017 11:04:35.316390 249585 net.cpp:287] dropout2 needs backward computation.
I1017 11:04:35.316417 249585 net.cpp:287] relu2 needs backward computation.
I1017 11:04:35.316479 249585 net.cpp:287] conv2 needs backward computation.
I1017 11:04:35.316514 249585 net.cpp:287] pool1 needs backward computation.
I1017 11:04:35.316536 249585 net.cpp:287] dropout1 needs backward computation.
I1017 11:04:35.316557 249585 net.cpp:287] relu1 needs backward computation.
I1017 11:04:35.316578 249585 net.cpp:287] conv1 needs backward computation.
I1017 11:04:35.316601 249585 net.cpp:289] data does not need backward computation.
I1017 11:04:35.316644 249585 net.cpp:345] Network initialization done.
I1017 11:04:35.316983 249585 caffe.cpp:445] Performing Forward
I1017 11:04:37.456826 249585 caffe.cpp:450] Initial loss: 14.2273
I1017 11:04:37.456936 249585 caffe.cpp:452] Performing Backward
I1017 11:04:38.873564 249585 caffe.cpp:461] *** Benchmark begins ***
I1017 11:04:38.873666 249585 caffe.cpp:462] Testing for 10 iterations.
I1017 11:04:40.323740 249585 caffe.cpp:491] Iteration: 1 forward-backward time: 1450 ms.
I1017 11:04:41.665429 249585 caffe.cpp:491] Iteration: 2 forward-backward time: 1341 ms.
I1017 11:04:43.082481 249585 caffe.cpp:491] Iteration: 3 forward-backward time: 1416 ms.
I1017 11:04:44.403251 249585 caffe.cpp:491] Iteration: 4 forward-backward time: 1320 ms.
I1017 11:04:45.763877 249585 caffe.cpp:491] Iteration: 5 forward-backward time: 1360 ms.
I1017 11:04:47.322862 249585 caffe.cpp:491] Iteration: 6 forward-backward time: 1558 ms.
I1017 11:04:48.734804 249585 caffe.cpp:491] Iteration: 7 forward-backward time: 1411 ms.
I1017 11:04:50.158138 249585 caffe.cpp:491] Iteration: 8 forward-backward time: 1423 ms.
I1017 11:04:51.730850 249585 caffe.cpp:491] Iteration: 9 forward-backward time: 1572 ms.
I1017 11:04:53.124549 249585 caffe.cpp:491] Iteration: 10 forward-backward time: 1393 ms.
I1017 11:04:53.124652 249585 caffe.cpp:498] Average time per layer: 
I1017 11:04:53.124682 249585 caffe.cpp:501]       data	forward: 150.762 ms.
I1017 11:04:53.124725 249585 caffe.cpp:505]       data	backward: 0.0032 ms.
I1017 11:04:53.124765 249585 caffe.cpp:501]      conv1	forward: 23.7501 ms.
I1017 11:04:53.124805 249585 caffe.cpp:505]      conv1	backward: 22.6517 ms.
I1017 11:04:53.124845 249585 caffe.cpp:501]      relu1	forward: 11.3032 ms.
I1017 11:04:53.124882 249585 caffe.cpp:505]      relu1	backward: 147.712 ms.
I1017 11:04:53.124920 249585 caffe.cpp:501]   dropout1	forward: 159.732 ms.
I1017 11:04:53.124963 249585 caffe.cpp:505]   dropout1	backward: 118.882 ms.
I1017 11:04:53.125005 249585 caffe.cpp:501]      pool1	forward: 122.017 ms.
I1017 11:04:53.125049 249585 caffe.cpp:505]      pool1	backward: 55.5194 ms.
I1017 11:04:53.125092 249585 caffe.cpp:501]      conv2	forward: 140.271 ms.
I1017 11:04:53.125133 249585 caffe.cpp:505]      conv2	backward: 217.73 ms.
I1017 11:04:53.125174 249585 caffe.cpp:501]      relu2	forward: 2.4139 ms.
I1017 11:04:53.125211 249585 caffe.cpp:505]      relu2	backward: 15.4933 ms.
I1017 11:04:53.125250 249585 caffe.cpp:501]   dropout2	forward: 26.507 ms.
I1017 11:04:53.125289 249585 caffe.cpp:505]   dropout2	backward: 12.1753 ms.
I1017 11:04:53.125330 249585 caffe.cpp:501]      pool2	forward: 40.327 ms.
I1017 11:04:53.125376 249585 caffe.cpp:505]      pool2	backward: 15.7251 ms.
I1017 11:04:53.125418 249585 caffe.cpp:501]      conv3	forward: 11.9138 ms.
I1017 11:04:53.125458 249585 caffe.cpp:505]      conv3	backward: 25.5545 ms.
I1017 11:04:53.125493 249585 caffe.cpp:501]      relu3	forward: 1.2572 ms.
I1017 11:04:53.125530 249585 caffe.cpp:505]      relu3	backward: 4.9533 ms.
I1017 11:04:53.125566 249585 caffe.cpp:501]   dropout3	forward: 6.2911 ms.
I1017 11:04:53.125602 249585 caffe.cpp:505]   dropout3	backward: 4.1665 ms.
I1017 11:04:53.125641 249585 caffe.cpp:501]      pool3	forward: 11.5348 ms.
I1017 11:04:53.125681 249585 caffe.cpp:505]      pool3	backward: 5.3821 ms.
I1017 11:04:53.125713 249585 caffe.cpp:501]      conv4	forward: 2.4931 ms.
I1017 11:04:53.125746 249585 caffe.cpp:505]      conv4	backward: 4.8845 ms.
I1017 11:04:53.125780 249585 caffe.cpp:501]      relu4	forward: 0.1095 ms.
I1017 11:04:53.125820 249585 caffe.cpp:505]      relu4	backward: 4.6317 ms.
I1017 11:04:53.125864 249585 caffe.cpp:501]   dropout4	forward: 2.859 ms.
I1017 11:04:53.125905 249585 caffe.cpp:505]   dropout4	backward: 8.5202 ms.
I1017 11:04:53.125946 249585 caffe.cpp:501]      pool4	forward: 3.445 ms.
I1017 11:04:53.125983 249585 caffe.cpp:505]      pool4	backward: 15.7966 ms.
I1017 11:04:53.126019 249585 caffe.cpp:501]        fc1	forward: 1.5494 ms.
I1017 11:04:53.126050 249585 caffe.cpp:505]        fc1	backward: 9.3645 ms.
I1017 11:04:53.126082 249585 caffe.cpp:501]   dropout5	forward: 5.1529 ms.
I1017 11:04:53.126117 249585 caffe.cpp:505]   dropout5	backward: 0.2911 ms.
I1017 11:04:53.126155 249585 caffe.cpp:501]        fc2	forward: 2.2439 ms.
I1017 11:04:53.126194 249585 caffe.cpp:505]        fc2	backward: 0.2341 ms.
I1017 11:04:53.126233 249585 caffe.cpp:501]       loss	forward: 8.8647 ms.
I1017 11:04:53.126291 249585 caffe.cpp:505]       loss	backward: 0.0149 ms.
I1017 11:04:53.126341 249585 caffe.cpp:511] Average Forward pass: 735.042 ms.
I1017 11:04:53.126379 249585 caffe.cpp:514] Average Backward pass: 689.923 ms.
I1017 11:04:53.126420 249585 caffe.cpp:516] Average Forward-Backward: 1425.2 ms.
I1017 11:04:53.126464 249585 caffe.cpp:519] Total Time: 14252 ms.
I1017 11:04:53.126500 249585 caffe.cpp:520] *** Benchmark ends ***
