I1017 11:08:15.179100 250584 caffe.cpp:437] Use CPU.
I1017 11:08:15.216334 250584 cpu_info.cpp:452] Processor speed [MHz]: 1400
I1017 11:08:15.216404 250584 cpu_info.cpp:455] Total number of sockets: 1
I1017 11:08:15.216423 250584 cpu_info.cpp:458] Total number of CPU cores: 68
I1017 11:08:15.216439 250584 cpu_info.cpp:461] Total number of processors: 272
I1017 11:08:15.216454 250584 cpu_info.cpp:464] GPU is used: no
I1017 11:08:15.216470 250584 cpu_info.cpp:467] OpenMP environmental variables are specified: yes
I1017 11:08:15.216485 250584 cpu_info.cpp:470] OpenMP thread bind allowed: no
I1017 11:08:15.216500 250584 cpu_info.cpp:473] Number of OpenMP threads: 8
I1017 11:08:15.242156 250584 net.cpp:484] The NetState phase (0) differed from the phase (1) specified by a rule in layer data
I1017 11:08:15.242910 250584 net.cpp:120] Initializing net from parameters: 
name: "HEP_CLASSIFIER"
state {
  phase: TRAIN
  level: 0
  stage: ""
}
layer {
  name: "data"
  type: "DummyData"
  top: "data"
  top: "label"
  include {
    phase: TRAIN
  }
  dummy_data_param {
    data_filler {
      type: "gaussian"
      std: 1
    }
    data_filler {
      type: "constant"
      value: 0
    }
    shape {
      dim: 64
      dim: 3
      dim: 124
      dim: 124
    }
    shape {
      dim: 64
      dim: 1
      dim: 1
      dim: 1
    }
  }
}
layer {
  name: "conv1"
  type: "Convolution"
  bottom: "data"
  top: "conv1"
  convolution_param {
    num_output: 128
    pad: 0
    kernel_size: 3
    stride: 1
    weight_filler {
      type: "msra"
    }
    bias_filler {
      type: "constant"
      value: 0
    }
  }
}
layer {
  name: "relu1"
  type: "ReLU"
  bottom: "conv1"
  top: "conv1"
  relu_param {
    negative_slope: 0.1
  }
}
layer {
  name: "dropout1"
  type: "Dropout"
  bottom: "conv1"
  top: "drop1"
}
layer {
  name: "pool1"
  type: "Pooling"
  bottom: "drop1"
  top: "pool1"
  pooling_param {
    pool: MAX
    kernel_size: 2
    stride: 2
  }
}
layer {
  name: "conv2"
  type: "Convolution"
  bottom: "pool1"
  top: "conv2"
  convolution_param {
    num_output: 128
    pad: 0
    kernel_size: 3
    stride: 1
    weight_filler {
      type: "msra"
    }
    bias_filler {
      type: "constant"
      value: 0
    }
  }
}
layer {
  name: "relu2"
  type: "ReLU"
  bottom: "conv2"
  top: "conv2"
  relu_param {
    negative_slope: 0.1
  }
}
layer {
  name: "dropout2"
  type: "Dropout"
  bottom: "conv2"
  top: "drop2"
}
layer {
  name: "pool2"
  type: "Pooling"
  bottom: "drop2"
  top: "pool2"
  pooling_param {
    pool: MAX
    kernel_size: 2
    stride: 2
  }
}
layer {
  name: "conv3"
  type: "Convolution"
  bottom: "pool2"
  top: "conv3"
  convolution_param {
    num_output: 128
    pad: 0
    kernel_size: 3
    stride: 1
    weight_filler {
      type: "msra"
    }
    bias_filler {
      type: "constant"
      value: 0
    }
  }
}
layer {
  name: "relu3"
  type: "ReLU"
  bottom: "conv3"
  top: "conv3"
  relu_param {
    negative_slope: 0.1
  }
}
layer {
  name: "dropout3"
  type: "Dropout"
  bottom: "conv3"
  top: "drop3"
}
layer {
  name: "pool3"
  type: "Pooling"
  bottom: "drop3"
  top: "pool3"
  pooling_param {
    pool: MAX
    kernel_size: 2
    stride: 2
  }
}
layer {
  name: "conv4"
  type: "Convolution"
  bottom: "pool3"
  top: "conv4"
  convolution_param {
    num_output: 128
    pad: 0
    kernel_size: 3
    stride: 1
    weight_filler {
      type: "msra"
    }
    bias_filler {
      type: "constant"
      value: 0
    }
  }
}
layer {
  name: "relu4"
  type: "ReLU"
  bottom: "conv4"
  top: "conv4"
  relu_param {
    negative_slope: 0.1
  }
}
layer {
  name: "dropout4"
  type: "Dropout"
  bottom: "conv4"
  top: "drop4"
}
layer {
  name: "pool4"
  type: "Pooling"
  bottom: "drop4"
  top: "pool4"
  pooling_param {
    pool: MAX
    kernel_size: 2
    stride: 2
  }
}
layer {
  name: "fc1"
  type: "InnerProduct"
  bottom: "pool4"
  top: "fc1"
  inner_product_param {
    num_output: 1024
    weight_filler {
      type: "msra"
    }
    bias_filler {
      type: "constant"
      value: 0
    }
  }
}
layer {
  name: "dropout5"
  type: "Dropout"
  bottom: "fc1"
  top: "drop5"
}
layer {
  name: "fc2"
  type: "InnerProduct"
  bottom: "drop5"
  top: "fc2"
  inner_product_param {
    num_output: 2
    weight_filler {
      type: "msra"
    }
    bias_filler {
      type: "constant"
      value: 0
    }
  }
}
layer {
  name: "loss"
  type: "SoftmaxWithLoss"
  bottom: "fc2"
  bottom: "label"
}
I1017 11:08:15.244355 250584 layer_factory.hpp:114] Creating layer data
I1017 11:08:15.244433 250584 net.cpp:160] Creating Layer data
I1017 11:08:15.244468 250584 net.cpp:570] data -> data
I1017 11:08:15.244539 250584 net.cpp:570] data -> label
I1017 11:08:15.267474 250584 net.cpp:210] Setting up data
I1017 11:08:15.267622 250584 net.cpp:217] Top shape: 64 3 124 124 (2952192)
I1017 11:08:15.267710 250584 net.cpp:217] Top shape: 64 1 1 1 (64)
I1017 11:08:15.267761 250584 net.cpp:225] Memory required for data: 11809024
I1017 11:08:15.267804 250584 layer_factory.hpp:114] Creating layer conv1
I1017 11:08:15.267925 250584 net.cpp:160] Creating Layer conv1
I1017 11:08:15.267976 250584 net.cpp:596] conv1 <- data
I1017 11:08:15.268059 250584 net.cpp:570] conv1 -> conv1
I1017 11:08:15.395689 250584 net.cpp:210] Setting up conv1
I1017 11:08:15.395774 250584 net.cpp:217] Top shape: 64 128 122 122 (121929728)
I1017 11:08:15.395823 250584 net.cpp:225] Memory required for data: 499527936
I1017 11:08:15.395912 250584 layer_factory.hpp:114] Creating layer relu1
I1017 11:08:15.396001 250584 net.cpp:160] Creating Layer relu1
I1017 11:08:15.396037 250584 net.cpp:596] relu1 <- conv1
I1017 11:08:15.396085 250584 net.cpp:557] relu1 -> conv1 (in-place)
I1017 11:08:15.401808 250584 net.cpp:210] Setting up relu1
I1017 11:08:15.401895 250584 net.cpp:217] Top shape: 64 128 122 122 (121929728)
I1017 11:08:15.401938 250584 net.cpp:225] Memory required for data: 987246848
I1017 11:08:15.401969 250584 layer_factory.hpp:114] Creating layer dropout1
I1017 11:08:15.402017 250584 net.cpp:160] Creating Layer dropout1
I1017 11:08:15.402042 250584 net.cpp:596] dropout1 <- conv1
I1017 11:08:15.402079 250584 net.cpp:570] dropout1 -> drop1
I1017 11:08:15.402143 250584 net.cpp:210] Setting up dropout1
I1017 11:08:15.402174 250584 net.cpp:217] Top shape: 64 128 122 122 (121929728)
I1017 11:08:15.402210 250584 net.cpp:225] Memory required for data: 1474965760
I1017 11:08:15.402238 250584 layer_factory.hpp:114] Creating layer pool1
I1017 11:08:15.402315 250584 net.cpp:160] Creating Layer pool1
I1017 11:08:15.402349 250584 net.cpp:596] pool1 <- drop1
I1017 11:08:15.402441 250584 net.cpp:570] pool1 -> pool1
I1017 11:08:15.408538 250584 net.cpp:210] Setting up pool1
I1017 11:08:15.408632 250584 net.cpp:217] Top shape: 64 128 61 61 (30482432)
I1017 11:08:15.408677 250584 net.cpp:225] Memory required for data: 1596895488
I1017 11:08:15.408706 250584 layer_factory.hpp:114] Creating layer conv2
I1017 11:08:15.408785 250584 net.cpp:160] Creating Layer conv2
I1017 11:08:15.408818 250584 net.cpp:596] conv2 <- pool1
I1017 11:08:15.408865 250584 net.cpp:570] conv2 -> conv2
I1017 11:08:15.626534 250584 net.cpp:210] Setting up conv2
I1017 11:08:15.626641 250584 net.cpp:217] Top shape: 64 128 59 59 (28516352)
I1017 11:08:15.626718 250584 net.cpp:225] Memory required for data: 1710960896
I1017 11:08:15.626817 250584 layer_factory.hpp:114] Creating layer relu2
I1017 11:08:15.626922 250584 net.cpp:160] Creating Layer relu2
I1017 11:08:15.626977 250584 net.cpp:596] relu2 <- conv2
I1017 11:08:15.627051 250584 net.cpp:557] relu2 -> conv2 (in-place)
I1017 11:08:15.631989 250584 net.cpp:210] Setting up relu2
I1017 11:08:15.632081 250584 net.cpp:217] Top shape: 64 128 59 59 (28516352)
I1017 11:08:15.632128 250584 net.cpp:225] Memory required for data: 1825026304
I1017 11:08:15.632161 250584 layer_factory.hpp:114] Creating layer dropout2
I1017 11:08:15.632216 250584 net.cpp:160] Creating Layer dropout2
I1017 11:08:15.632248 250584 net.cpp:596] dropout2 <- conv2
I1017 11:08:15.632293 250584 net.cpp:570] dropout2 -> drop2
I1017 11:08:15.632369 250584 net.cpp:210] Setting up dropout2
I1017 11:08:15.632410 250584 net.cpp:217] Top shape: 64 128 59 59 (28516352)
I1017 11:08:15.632453 250584 net.cpp:225] Memory required for data: 1939091712
I1017 11:08:15.632524 250584 layer_factory.hpp:114] Creating layer pool2
I1017 11:08:15.632671 250584 net.cpp:160] Creating Layer pool2
I1017 11:08:15.632771 250584 net.cpp:596] pool2 <- drop2
I1017 11:08:15.632829 250584 net.cpp:570] pool2 -> pool2
I1017 11:08:15.637362 250584 net.cpp:210] Setting up pool2
I1017 11:08:15.637450 250584 net.cpp:217] Top shape: 64 128 30 30 (7372800)
I1017 11:08:15.637523 250584 net.cpp:225] Memory required for data: 1968582912
I1017 11:08:15.637552 250584 layer_factory.hpp:114] Creating layer conv3
I1017 11:08:15.637650 250584 net.cpp:160] Creating Layer conv3
I1017 11:08:15.637692 250584 net.cpp:596] conv3 <- pool2
I1017 11:08:15.637748 250584 net.cpp:570] conv3 -> conv3
I1017 11:08:15.754827 250584 net.cpp:210] Setting up conv3
I1017 11:08:15.754935 250584 net.cpp:217] Top shape: 64 128 28 28 (6422528)
I1017 11:08:15.755007 250584 net.cpp:225] Memory required for data: 1994273024
I1017 11:08:15.755107 250584 layer_factory.hpp:114] Creating layer relu3
I1017 11:08:15.755208 250584 net.cpp:160] Creating Layer relu3
I1017 11:08:15.755264 250584 net.cpp:596] relu3 <- conv3
I1017 11:08:15.755357 250584 net.cpp:557] relu3 -> conv3 (in-place)
I1017 11:08:15.760772 250584 net.cpp:210] Setting up relu3
I1017 11:08:15.760862 250584 net.cpp:217] Top shape: 64 128 28 28 (6422528)
I1017 11:08:15.760907 250584 net.cpp:225] Memory required for data: 2019963136
I1017 11:08:15.760943 250584 layer_factory.hpp:114] Creating layer dropout3
I1017 11:08:15.760994 250584 net.cpp:160] Creating Layer dropout3
I1017 11:08:15.761023 250584 net.cpp:596] dropout3 <- conv3
I1017 11:08:15.761065 250584 net.cpp:570] dropout3 -> drop3
I1017 11:08:15.761139 250584 net.cpp:210] Setting up dropout3
I1017 11:08:15.761176 250584 net.cpp:217] Top shape: 64 128 28 28 (6422528)
I1017 11:08:15.761216 250584 net.cpp:225] Memory required for data: 2045653248
I1017 11:08:15.761252 250584 layer_factory.hpp:114] Creating layer pool3
I1017 11:08:15.761345 250584 net.cpp:160] Creating Layer pool3
I1017 11:08:15.761458 250584 net.cpp:596] pool3 <- drop3
I1017 11:08:15.761574 250584 net.cpp:570] pool3 -> pool3
I1017 11:08:15.766086 250584 net.cpp:210] Setting up pool3
I1017 11:08:15.766172 250584 net.cpp:217] Top shape: 64 128 14 14 (1605632)
I1017 11:08:15.766213 250584 net.cpp:225] Memory required for data: 2052075776
I1017 11:08:15.766242 250584 layer_factory.hpp:114] Creating layer conv4
I1017 11:08:15.766355 250584 net.cpp:160] Creating Layer conv4
I1017 11:08:15.766396 250584 net.cpp:596] conv4 <- pool3
I1017 11:08:15.766463 250584 net.cpp:570] conv4 -> conv4
I1017 11:08:15.855440 250584 net.cpp:210] Setting up conv4
I1017 11:08:15.855536 250584 net.cpp:217] Top shape: 64 128 12 12 (1179648)
I1017 11:08:15.855635 250584 net.cpp:225] Memory required for data: 2056794368
I1017 11:08:15.855712 250584 layer_factory.hpp:114] Creating layer relu4
I1017 11:08:15.855820 250584 net.cpp:160] Creating Layer relu4
I1017 11:08:15.855875 250584 net.cpp:596] relu4 <- conv4
I1017 11:08:15.855934 250584 net.cpp:557] relu4 -> conv4 (in-place)
I1017 11:08:15.860718 250584 net.cpp:210] Setting up relu4
I1017 11:08:15.860808 250584 net.cpp:217] Top shape: 64 128 12 12 (1179648)
I1017 11:08:15.860853 250584 net.cpp:225] Memory required for data: 2061512960
I1017 11:08:15.860885 250584 layer_factory.hpp:114] Creating layer dropout4
I1017 11:08:15.860932 250584 net.cpp:160] Creating Layer dropout4
I1017 11:08:15.860962 250584 net.cpp:596] dropout4 <- conv4
I1017 11:08:15.861035 250584 net.cpp:570] dropout4 -> drop4
I1017 11:08:15.861117 250584 net.cpp:210] Setting up dropout4
I1017 11:08:15.861321 250584 net.cpp:217] Top shape: 64 128 12 12 (1179648)
I1017 11:08:15.861377 250584 net.cpp:225] Memory required for data: 2066231552
I1017 11:08:15.861480 250584 layer_factory.hpp:114] Creating layer pool4
I1017 11:08:15.861614 250584 net.cpp:160] Creating Layer pool4
I1017 11:08:15.861666 250584 net.cpp:596] pool4 <- drop4
I1017 11:08:15.861740 250584 net.cpp:570] pool4 -> pool4
I1017 11:08:15.866044 250584 net.cpp:210] Setting up pool4
I1017 11:08:15.866155 250584 net.cpp:217] Top shape: 64 128 6 6 (294912)
I1017 11:08:15.866210 250584 net.cpp:225] Memory required for data: 2067411200
I1017 11:08:15.866240 250584 layer_factory.hpp:114] Creating layer fc1
I1017 11:08:15.866313 250584 net.cpp:160] Creating Layer fc1
I1017 11:08:15.866349 250584 net.cpp:596] fc1 <- pool4
I1017 11:08:15.866399 250584 net.cpp:570] fc1 -> fc1
I1017 11:08:16.102046 250584 net.cpp:210] Setting up fc1
I1017 11:08:16.102135 250584 net.cpp:217] Top shape: 64 1024 (65536)
I1017 11:08:16.102179 250584 net.cpp:225] Memory required for data: 2067673344
I1017 11:08:16.102273 250584 layer_factory.hpp:114] Creating layer dropout5
I1017 11:08:16.102334 250584 net.cpp:160] Creating Layer dropout5
I1017 11:08:16.102365 250584 net.cpp:596] dropout5 <- fc1
I1017 11:08:16.102406 250584 net.cpp:570] dropout5 -> drop5
I1017 11:08:16.102471 250584 net.cpp:210] Setting up dropout5
I1017 11:08:16.102502 250584 net.cpp:217] Top shape: 64 1024 (65536)
I1017 11:08:16.102542 250584 net.cpp:225] Memory required for data: 2067935488
I1017 11:08:16.102574 250584 layer_factory.hpp:114] Creating layer fc2
I1017 11:08:16.102687 250584 net.cpp:160] Creating Layer fc2
I1017 11:08:16.102738 250584 net.cpp:596] fc2 <- drop5
I1017 11:08:16.102871 250584 net.cpp:570] fc2 -> fc2
I1017 11:08:16.106415 250584 net.cpp:210] Setting up fc2
I1017 11:08:16.106506 250584 net.cpp:217] Top shape: 64 2 (128)
I1017 11:08:16.106546 250584 net.cpp:225] Memory required for data: 2067936000
I1017 11:08:16.106603 250584 layer_factory.hpp:114] Creating layer loss
I1017 11:08:16.106667 250584 net.cpp:160] Creating Layer loss
I1017 11:08:16.106696 250584 net.cpp:596] loss <- fc2
I1017 11:08:16.106724 250584 net.cpp:596] loss <- label
I1017 11:08:16.106788 250584 net.cpp:570] loss -> (automatic)
I1017 11:08:16.106855 250584 layer_factory.hpp:114] Creating layer loss
I1017 11:08:16.110255 250584 net.cpp:210] Setting up loss
I1017 11:08:16.110343 250584 net.cpp:217] Top shape: (1)
I1017 11:08:16.110383 250584 net.cpp:220]     with loss weight 1
I1017 11:08:16.110515 250584 net.cpp:225] Memory required for data: 2067936004
I1017 11:08:16.110551 250584 net.cpp:287] loss needs backward computation.
I1017 11:08:16.110579 250584 net.cpp:287] fc2 needs backward computation.
I1017 11:08:16.110600 250584 net.cpp:287] dropout5 needs backward computation.
I1017 11:08:16.110622 250584 net.cpp:287] fc1 needs backward computation.
I1017 11:08:16.110641 250584 net.cpp:287] pool4 needs backward computation.
I1017 11:08:16.110663 250584 net.cpp:287] dropout4 needs backward computation.
I1017 11:08:16.110683 250584 net.cpp:287] relu4 needs backward computation.
I1017 11:08:16.110703 250584 net.cpp:287] conv4 needs backward computation.
I1017 11:08:16.110724 250584 net.cpp:287] pool3 needs backward computation.
I1017 11:08:16.110745 250584 net.cpp:287] dropout3 needs backward computation.
I1017 11:08:16.110769 250584 net.cpp:287] relu3 needs backward computation.
I1017 11:08:16.110790 250584 net.cpp:287] conv3 needs backward computation.
I1017 11:08:16.110813 250584 net.cpp:287] pool2 needs backward computation.
I1017 11:08:16.110895 250584 net.cpp:287] dropout2 needs backward computation.
I1017 11:08:16.110996 250584 net.cpp:287] relu2 needs backward computation.
I1017 11:08:16.111042 250584 net.cpp:287] conv2 needs backward computation.
I1017 11:08:16.111068 250584 net.cpp:287] pool1 needs backward computation.
I1017 11:08:16.111090 250584 net.cpp:287] dropout1 needs backward computation.
I1017 11:08:16.111117 250584 net.cpp:287] relu1 needs backward computation.
I1017 11:08:16.111140 250584 net.cpp:287] conv1 needs backward computation.
I1017 11:08:16.111161 250584 net.cpp:289] data does not need backward computation.
I1017 11:08:16.111220 250584 net.cpp:345] Network initialization done.
I1017 11:08:16.111870 250584 caffe.cpp:445] Performing Forward
I1017 11:08:18.754261 250584 caffe.cpp:450] Initial loss: 16.7773
I1017 11:08:18.754375 250584 caffe.cpp:452] Performing Backward
I1017 11:08:20.509039 250584 caffe.cpp:461] *** Benchmark begins ***
I1017 11:08:20.509137 250584 caffe.cpp:462] Testing for 10 iterations.
I1017 11:08:23.947298 250584 caffe.cpp:491] Iteration: 1 forward-backward time: 3438 ms.
I1017 11:08:27.404181 250584 caffe.cpp:491] Iteration: 2 forward-backward time: 3456 ms.
I1017 11:08:30.839771 250584 caffe.cpp:491] Iteration: 3 forward-backward time: 3435 ms.
I1017 11:08:34.273777 250584 caffe.cpp:491] Iteration: 4 forward-backward time: 3433 ms.
I1017 11:08:37.709549 250584 caffe.cpp:491] Iteration: 5 forward-backward time: 3435 ms.
I1017 11:08:41.144423 250584 caffe.cpp:491] Iteration: 6 forward-backward time: 3434 ms.
I1017 11:08:44.580524 250584 caffe.cpp:491] Iteration: 7 forward-backward time: 3436 ms.
I1017 11:08:48.015310 250584 caffe.cpp:491] Iteration: 8 forward-backward time: 3434 ms.
I1017 11:08:51.460470 250584 caffe.cpp:491] Iteration: 9 forward-backward time: 3443 ms.
I1017 11:08:54.895018 250584 caffe.cpp:491] Iteration: 10 forward-backward time: 3434 ms.
I1017 11:08:54.895115 250584 caffe.cpp:498] Average time per layer: 
I1017 11:08:54.895134 250584 caffe.cpp:501]       data	forward: 142.957 ms.
I1017 11:08:54.895161 250584 caffe.cpp:505]       data	backward: 0.0032 ms.
I1017 11:08:54.895187 250584 caffe.cpp:501]      conv1	forward: 59.2208 ms.
I1017 11:08:54.895213 250584 caffe.cpp:505]      conv1	backward: 30.6351 ms.
I1017 11:08:54.895237 250584 caffe.cpp:501]      relu1	forward: 12.9093 ms.
I1017 11:08:54.895262 250584 caffe.cpp:505]      relu1	backward: 95.7552 ms.
I1017 11:08:54.895287 250584 caffe.cpp:501]   dropout1	forward: 201.26 ms.
I1017 11:08:54.895313 250584 caffe.cpp:505]   dropout1	backward: 93.5157 ms.
I1017 11:08:54.895337 250584 caffe.cpp:501]      pool1	forward: 296.726 ms.
I1017 11:08:54.895362 250584 caffe.cpp:505]      pool1	backward: 72.8135 ms.
I1017 11:08:54.895387 250584 caffe.cpp:501]      conv2	forward: 1098.87 ms.
I1017 11:08:54.895413 250584 caffe.cpp:505]      conv2	backward: 977.4 ms.
I1017 11:08:54.895439 250584 caffe.cpp:501]      relu2	forward: 3.0421 ms.
I1017 11:08:54.895462 250584 caffe.cpp:505]      relu2	backward: 22.5682 ms.
I1017 11:08:54.895488 250584 caffe.cpp:501]   dropout2	forward: 43.4931 ms.
I1017 11:08:54.895512 250584 caffe.cpp:505]   dropout2	backward: 18.2274 ms.
I1017 11:08:54.895550 250584 caffe.cpp:501]      pool2	forward: 71.5178 ms.
I1017 11:08:54.895623 250584 caffe.cpp:505]      pool2	backward: 18.2131 ms.
I1017 11:08:54.895679 250584 caffe.cpp:501]      conv3	forward: 35.6249 ms.
I1017 11:08:54.895807 250584 caffe.cpp:505]      conv3	backward: 66.8515 ms.
I1017 11:08:54.895839 250584 caffe.cpp:501]      relu3	forward: 0.6896 ms.
I1017 11:08:54.895864 250584 caffe.cpp:505]      relu3	backward: 5.2636 ms.
I1017 11:08:54.895892 250584 caffe.cpp:501]   dropout3	forward: 10.4585 ms.
I1017 11:08:54.895918 250584 caffe.cpp:505]   dropout3	backward: 4.6651 ms.
I1017 11:08:54.895941 250584 caffe.cpp:501]      pool3	forward: 15.8928 ms.
I1017 11:08:54.895967 250584 caffe.cpp:505]      pool3	backward: 4.4554 ms.
I1017 11:08:54.895990 250584 caffe.cpp:501]      conv4	forward: 6.9284 ms.
I1017 11:08:54.896013 250584 caffe.cpp:505]      conv4	backward: 12.378 ms.
I1017 11:08:54.896047 250584 caffe.cpp:501]      relu4	forward: 0.1358 ms.
I1017 11:08:54.896096 250584 caffe.cpp:505]      relu4	backward: 1.6662 ms.
I1017 11:08:54.896149 250584 caffe.cpp:501]   dropout4	forward: 2.0365 ms.
I1017 11:08:54.896174 250584 caffe.cpp:505]   dropout4	backward: 1.0197 ms.
I1017 11:08:54.896265 250584 caffe.cpp:501]      pool4	forward: 3.0832 ms.
I1017 11:08:54.896291 250584 caffe.cpp:505]      pool4	backward: 0.8405 ms.
I1017 11:08:54.896318 250584 caffe.cpp:501]        fc1	forward: 2.0953 ms.
I1017 11:08:54.896342 250584 caffe.cpp:505]        fc1	backward: 3.8934 ms.
I1017 11:08:54.896366 250584 caffe.cpp:501]   dropout5	forward: 0.1395 ms.
I1017 11:08:54.896390 250584 caffe.cpp:505]   dropout5	backward: 0.0426 ms.
I1017 11:08:54.896415 250584 caffe.cpp:501]        fc2	forward: 0.1763 ms.
I1017 11:08:54.896450 250584 caffe.cpp:505]        fc2	backward: 0.1796 ms.
I1017 11:08:54.896519 250584 caffe.cpp:501]       loss	forward: 0.2248 ms.
I1017 11:08:54.896545 250584 caffe.cpp:505]       loss	backward: 0.0106 ms.
I1017 11:08:54.896589 250584 caffe.cpp:511] Average Forward pass: 2007.7 ms.
I1017 11:08:54.896620 250584 caffe.cpp:514] Average Backward pass: 1430.61 ms.
I1017 11:08:54.896646 250584 caffe.cpp:516] Average Forward-Backward: 3438.7 ms.
I1017 11:08:54.896687 250584 caffe.cpp:519] Total Time: 34387 ms.
I1017 11:08:54.896714 250584 caffe.cpp:520] *** Benchmark ends ***
