I1017 11:07:30.244698 250465 caffe.cpp:437] Use CPU.
I1017 11:07:30.282631 250465 cpu_info.cpp:452] Processor speed [MHz]: 1400
I1017 11:07:30.282702 250465 cpu_info.cpp:455] Total number of sockets: 1
I1017 11:07:30.282721 250465 cpu_info.cpp:458] Total number of CPU cores: 68
I1017 11:07:30.282738 250465 cpu_info.cpp:461] Total number of processors: 272
I1017 11:07:30.282753 250465 cpu_info.cpp:464] GPU is used: no
I1017 11:07:30.282768 250465 cpu_info.cpp:467] OpenMP environmental variables are specified: yes
I1017 11:07:30.282783 250465 cpu_info.cpp:470] OpenMP thread bind allowed: no
I1017 11:07:30.282798 250465 cpu_info.cpp:473] Number of OpenMP threads: 24
I1017 11:07:30.308118 250465 net.cpp:484] The NetState phase (0) differed from the phase (1) specified by a rule in layer data
I1017 11:07:30.309200 250465 net.cpp:120] Initializing net from parameters: 
name: "HEP_CLASSIFIER"
state {
  phase: TRAIN
  level: 0
  stage: ""
}
layer {
  name: "data"
  type: "DummyData"
  top: "data"
  top: "label"
  include {
    phase: TRAIN
  }
  dummy_data_param {
    data_filler {
      type: "gaussian"
      std: 1
    }
    data_filler {
      type: "constant"
      value: 0
    }
    shape {
      dim: 64
      dim: 3
      dim: 124
      dim: 124
    }
    shape {
      dim: 64
      dim: 1
      dim: 1
      dim: 1
    }
  }
}
layer {
  name: "conv1"
  type: "Convolution"
  bottom: "data"
  top: "conv1"
  convolution_param {
    num_output: 128
    pad: 0
    kernel_size: 3
    stride: 1
    weight_filler {
      type: "msra"
    }
    bias_filler {
      type: "constant"
      value: 0
    }
  }
}
layer {
  name: "relu1"
  type: "ReLU"
  bottom: "conv1"
  top: "conv1"
  relu_param {
    negative_slope: 0.1
  }
}
layer {
  name: "dropout1"
  type: "Dropout"
  bottom: "conv1"
  top: "drop1"
}
layer {
  name: "pool1"
  type: "Pooling"
  bottom: "drop1"
  top: "pool1"
  pooling_param {
    pool: MAX
    kernel_size: 2
    stride: 2
  }
}
layer {
  name: "conv2"
  type: "Convolution"
  bottom: "pool1"
  top: "conv2"
  convolution_param {
    num_output: 128
    pad: 0
    kernel_size: 3
    stride: 1
    weight_filler {
      type: "msra"
    }
    bias_filler {
      type: "constant"
      value: 0
    }
  }
}
layer {
  name: "relu2"
  type: "ReLU"
  bottom: "conv2"
  top: "conv2"
  relu_param {
    negative_slope: 0.1
  }
}
layer {
  name: "dropout2"
  type: "Dropout"
  bottom: "conv2"
  top: "drop2"
}
layer {
  name: "pool2"
  type: "Pooling"
  bottom: "drop2"
  top: "pool2"
  pooling_param {
    pool: MAX
    kernel_size: 2
    stride: 2
  }
}
layer {
  name: "conv3"
  type: "Convolution"
  bottom: "pool2"
  top: "conv3"
  convolution_param {
    num_output: 128
    pad: 0
    kernel_size: 3
    stride: 1
    weight_filler {
      type: "msra"
    }
    bias_filler {
      type: "constant"
      value: 0
    }
  }
}
layer {
  name: "relu3"
  type: "ReLU"
  bottom: "conv3"
  top: "conv3"
  relu_param {
    negative_slope: 0.1
  }
}
layer {
  name: "dropout3"
  type: "Dropout"
  bottom: "conv3"
  top: "drop3"
}
layer {
  name: "pool3"
  type: "Pooling"
  bottom: "drop3"
  top: "pool3"
  pooling_param {
    pool: MAX
    kernel_size: 2
    stride: 2
  }
}
layer {
  name: "conv4"
  type: "Convolution"
  bottom: "pool3"
  top: "conv4"
  convolution_param {
    num_output: 128
    pad: 0
    kernel_size: 3
    stride: 1
    weight_filler {
      type: "msra"
    }
    bias_filler {
      type: "constant"
      value: 0
    }
  }
}
layer {
  name: "relu4"
  type: "ReLU"
  bottom: "conv4"
  top: "conv4"
  relu_param {
    negative_slope: 0.1
  }
}
layer {
  name: "dropout4"
  type: "Dropout"
  bottom: "conv4"
  top: "drop4"
}
layer {
  name: "pool4"
  type: "Pooling"
  bottom: "drop4"
  top: "pool4"
  pooling_param {
    pool: MAX
    kernel_size: 2
    stride: 2
  }
}
layer {
  name: "fc1"
  type: "InnerProduct"
  bottom: "pool4"
  top: "fc1"
  inner_product_param {
    num_output: 1024
    weight_filler {
      type: "msra"
    }
    bias_filler {
      type: "constant"
      value: 0
    }
  }
}
layer {
  name: "dropout5"
  type: "Dropout"
  bottom: "fc1"
  top: "drop5"
}
layer {
  name: "fc2"
  type: "InnerProduct"
  bottom: "drop5"
  top: "fc2"
  inner_product_param {
    num_output: 2
    weight_filler {
      type: "msra"
    }
    bias_filler {
      type: "constant"
      value: 0
    }
  }
}
layer {
  name: "loss"
  type: "SoftmaxWithLoss"
  bottom: "fc2"
  bottom: "label"
}
I1017 11:07:30.310670 250465 layer_factory.hpp:114] Creating layer data
I1017 11:07:30.310750 250465 net.cpp:160] Creating Layer data
I1017 11:07:30.310784 250465 net.cpp:570] data -> data
I1017 11:07:30.310854 250465 net.cpp:570] data -> label
I1017 11:07:30.333874 250465 net.cpp:210] Setting up data
I1017 11:07:30.333981 250465 net.cpp:217] Top shape: 64 3 124 124 (2952192)
I1017 11:07:30.334045 250465 net.cpp:217] Top shape: 64 1 1 1 (64)
I1017 11:07:30.334080 250465 net.cpp:225] Memory required for data: 11809024
I1017 11:07:30.334112 250465 layer_factory.hpp:114] Creating layer conv1
I1017 11:07:30.334233 250465 net.cpp:160] Creating Layer conv1
I1017 11:07:30.334281 250465 net.cpp:596] conv1 <- data
I1017 11:07:30.334364 250465 net.cpp:570] conv1 -> conv1
I1017 11:07:30.502738 250465 net.cpp:210] Setting up conv1
I1017 11:07:30.502840 250465 net.cpp:217] Top shape: 64 128 122 122 (121929728)
I1017 11:07:30.502910 250465 net.cpp:225] Memory required for data: 499527936
I1017 11:07:30.503032 250465 layer_factory.hpp:114] Creating layer relu1
I1017 11:07:30.503145 250465 net.cpp:160] Creating Layer relu1
I1017 11:07:30.503199 250465 net.cpp:596] relu1 <- conv1
I1017 11:07:30.503263 250465 net.cpp:557] relu1 -> conv1 (in-place)
I1017 11:07:30.509358 250465 net.cpp:210] Setting up relu1
I1017 11:07:30.509449 250465 net.cpp:217] Top shape: 64 128 122 122 (121929728)
I1017 11:07:30.509490 250465 net.cpp:225] Memory required for data: 987246848
I1017 11:07:30.509523 250465 layer_factory.hpp:114] Creating layer dropout1
I1017 11:07:30.509572 250465 net.cpp:160] Creating Layer dropout1
I1017 11:07:30.509601 250465 net.cpp:596] dropout1 <- conv1
I1017 11:07:30.509644 250465 net.cpp:570] dropout1 -> drop1
I1017 11:07:30.509714 250465 net.cpp:210] Setting up dropout1
I1017 11:07:30.509753 250465 net.cpp:217] Top shape: 64 128 122 122 (121929728)
I1017 11:07:30.509793 250465 net.cpp:225] Memory required for data: 1474965760
I1017 11:07:30.509827 250465 layer_factory.hpp:114] Creating layer pool1
I1017 11:07:30.509943 250465 net.cpp:160] Creating Layer pool1
I1017 11:07:30.510192 250465 net.cpp:596] pool1 <- drop1
I1017 11:07:30.510306 250465 net.cpp:570] pool1 -> pool1
I1017 11:07:30.515497 250465 net.cpp:210] Setting up pool1
I1017 11:07:30.515641 250465 net.cpp:217] Top shape: 64 128 61 61 (30482432)
I1017 11:07:30.515705 250465 net.cpp:225] Memory required for data: 1596895488
I1017 11:07:30.515743 250465 layer_factory.hpp:114] Creating layer conv2
I1017 11:07:30.515838 250465 net.cpp:160] Creating Layer conv2
I1017 11:07:30.516028 250465 net.cpp:596] conv2 <- pool1
I1017 11:07:30.516100 250465 net.cpp:570] conv2 -> conv2
I1017 11:07:30.963464 250465 net.cpp:210] Setting up conv2
I1017 11:07:30.963564 250465 net.cpp:217] Top shape: 64 128 59 59 (28516352)
I1017 11:07:30.963678 250465 net.cpp:225] Memory required for data: 1710960896
I1017 11:07:30.963775 250465 layer_factory.hpp:114] Creating layer relu2
I1017 11:07:30.963903 250465 net.cpp:160] Creating Layer relu2
I1017 11:07:30.963964 250465 net.cpp:596] relu2 <- conv2
I1017 11:07:30.964035 250465 net.cpp:557] relu2 -> conv2 (in-place)
I1017 11:07:30.969218 250465 net.cpp:210] Setting up relu2
I1017 11:07:30.969307 250465 net.cpp:217] Top shape: 64 128 59 59 (28516352)
I1017 11:07:30.969352 250465 net.cpp:225] Memory required for data: 1825026304
I1017 11:07:30.969384 250465 layer_factory.hpp:114] Creating layer dropout2
I1017 11:07:30.969447 250465 net.cpp:160] Creating Layer dropout2
I1017 11:07:30.969481 250465 net.cpp:596] dropout2 <- conv2
I1017 11:07:30.969527 250465 net.cpp:570] dropout2 -> drop2
I1017 11:07:30.969606 250465 net.cpp:210] Setting up dropout2
I1017 11:07:30.969643 250465 net.cpp:217] Top shape: 64 128 59 59 (28516352)
I1017 11:07:30.969684 250465 net.cpp:225] Memory required for data: 1939091712
I1017 11:07:30.969750 250465 layer_factory.hpp:114] Creating layer pool2
I1017 11:07:30.969940 250465 net.cpp:160] Creating Layer pool2
I1017 11:07:30.970012 250465 net.cpp:596] pool2 <- drop2
I1017 11:07:30.970093 250465 net.cpp:570] pool2 -> pool2
I1017 11:07:30.974668 250465 net.cpp:210] Setting up pool2
I1017 11:07:30.974757 250465 net.cpp:217] Top shape: 64 128 30 30 (7372800)
I1017 11:07:30.974802 250465 net.cpp:225] Memory required for data: 1968582912
I1017 11:07:30.974829 250465 layer_factory.hpp:114] Creating layer conv3
I1017 11:07:30.974944 250465 net.cpp:160] Creating Layer conv3
I1017 11:07:30.974985 250465 net.cpp:596] conv3 <- pool2
I1017 11:07:30.975044 250465 net.cpp:570] conv3 -> conv3
I1017 11:07:31.148561 250465 net.cpp:210] Setting up conv3
I1017 11:07:31.148665 250465 net.cpp:217] Top shape: 64 128 28 28 (6422528)
I1017 11:07:31.148730 250465 net.cpp:225] Memory required for data: 1994273024
I1017 11:07:31.148821 250465 layer_factory.hpp:114] Creating layer relu3
I1017 11:07:31.148946 250465 net.cpp:160] Creating Layer relu3
I1017 11:07:31.149003 250465 net.cpp:596] relu3 <- conv3
I1017 11:07:31.149071 250465 net.cpp:557] relu3 -> conv3 (in-place)
I1017 11:07:31.154233 250465 net.cpp:210] Setting up relu3
I1017 11:07:31.154322 250465 net.cpp:217] Top shape: 64 128 28 28 (6422528)
I1017 11:07:31.154366 250465 net.cpp:225] Memory required for data: 2019963136
I1017 11:07:31.154399 250465 layer_factory.hpp:114] Creating layer dropout3
I1017 11:07:31.154469 250465 net.cpp:160] Creating Layer dropout3
I1017 11:07:31.154506 250465 net.cpp:596] dropout3 <- conv3
I1017 11:07:31.154553 250465 net.cpp:570] dropout3 -> drop3
I1017 11:07:31.154630 250465 net.cpp:210] Setting up dropout3
I1017 11:07:31.154669 250465 net.cpp:217] Top shape: 64 128 28 28 (6422528)
I1017 11:07:31.154711 250465 net.cpp:225] Memory required for data: 2045653248
I1017 11:07:31.154747 250465 layer_factory.hpp:114] Creating layer pool3
I1017 11:07:31.154868 250465 net.cpp:160] Creating Layer pool3
I1017 11:07:31.155097 250465 net.cpp:596] pool3 <- drop3
I1017 11:07:31.155236 250465 net.cpp:570] pool3 -> pool3
I1017 11:07:31.159752 250465 net.cpp:210] Setting up pool3
I1017 11:07:31.159838 250465 net.cpp:217] Top shape: 64 128 14 14 (1605632)
I1017 11:07:31.159879 250465 net.cpp:225] Memory required for data: 2052075776
I1017 11:07:31.159909 250465 layer_factory.hpp:114] Creating layer conv4
I1017 11:07:31.160003 250465 net.cpp:160] Creating Layer conv4
I1017 11:07:31.160039 250465 net.cpp:596] conv4 <- pool3
I1017 11:07:31.160087 250465 net.cpp:570] conv4 -> conv4
I1017 11:07:31.266436 250465 net.cpp:210] Setting up conv4
I1017 11:07:31.266528 250465 net.cpp:217] Top shape: 64 128 12 12 (1179648)
I1017 11:07:31.266582 250465 net.cpp:225] Memory required for data: 2056794368
I1017 11:07:31.266647 250465 layer_factory.hpp:114] Creating layer relu4
I1017 11:07:31.266751 250465 net.cpp:160] Creating Layer relu4
I1017 11:07:31.266803 250465 net.cpp:596] relu4 <- conv4
I1017 11:07:31.266856 250465 net.cpp:557] relu4 -> conv4 (in-place)
I1017 11:07:31.272001 250465 net.cpp:210] Setting up relu4
I1017 11:07:31.272094 250465 net.cpp:217] Top shape: 64 128 12 12 (1179648)
I1017 11:07:31.272137 250465 net.cpp:225] Memory required for data: 2061512960
I1017 11:07:31.272169 250465 layer_factory.hpp:114] Creating layer dropout4
I1017 11:07:31.272218 250465 net.cpp:160] Creating Layer dropout4
I1017 11:07:31.272248 250465 net.cpp:596] dropout4 <- conv4
I1017 11:07:31.272291 250465 net.cpp:570] dropout4 -> drop4
I1017 11:07:31.272364 250465 net.cpp:210] Setting up dropout4
I1017 11:07:31.272397 250465 net.cpp:217] Top shape: 64 128 12 12 (1179648)
I1017 11:07:31.272433 250465 net.cpp:225] Memory required for data: 2066231552
I1017 11:07:31.272462 250465 layer_factory.hpp:114] Creating layer pool4
I1017 11:07:31.272552 250465 net.cpp:160] Creating Layer pool4
I1017 11:07:31.272589 250465 net.cpp:596] pool4 <- drop4
I1017 11:07:31.272639 250465 net.cpp:570] pool4 -> pool4
I1017 11:07:31.277220 250465 net.cpp:210] Setting up pool4
I1017 11:07:31.277333 250465 net.cpp:217] Top shape: 64 128 6 6 (294912)
I1017 11:07:31.277376 250465 net.cpp:225] Memory required for data: 2067411200
I1017 11:07:31.277405 250465 layer_factory.hpp:114] Creating layer fc1
I1017 11:07:31.277498 250465 net.cpp:160] Creating Layer fc1
I1017 11:07:31.277536 250465 net.cpp:596] fc1 <- pool4
I1017 11:07:31.277588 250465 net.cpp:570] fc1 -> fc1
I1017 11:07:31.513444 250465 net.cpp:210] Setting up fc1
I1017 11:07:31.513531 250465 net.cpp:217] Top shape: 64 1024 (65536)
I1017 11:07:31.513571 250465 net.cpp:225] Memory required for data: 2067673344
I1017 11:07:31.513638 250465 layer_factory.hpp:114] Creating layer dropout5
I1017 11:07:31.513689 250465 net.cpp:160] Creating Layer dropout5
I1017 11:07:31.513715 250465 net.cpp:596] dropout5 <- fc1
I1017 11:07:31.513769 250465 net.cpp:570] dropout5 -> drop5
I1017 11:07:31.513840 250465 net.cpp:210] Setting up dropout5
I1017 11:07:31.513869 250465 net.cpp:217] Top shape: 64 1024 (65536)
I1017 11:07:31.513906 250465 net.cpp:225] Memory required for data: 2067935488
I1017 11:07:31.513936 250465 layer_factory.hpp:114] Creating layer fc2
I1017 11:07:31.514000 250465 net.cpp:160] Creating Layer fc2
I1017 11:07:31.514086 250465 net.cpp:596] fc2 <- drop5
I1017 11:07:31.514303 250465 net.cpp:570] fc2 -> fc2
I1017 11:07:31.518179 250465 net.cpp:210] Setting up fc2
I1017 11:07:31.518271 250465 net.cpp:217] Top shape: 64 2 (128)
I1017 11:07:31.518312 250465 net.cpp:225] Memory required for data: 2067936000
I1017 11:07:31.518368 250465 layer_factory.hpp:114] Creating layer loss
I1017 11:07:31.518431 250465 net.cpp:160] Creating Layer loss
I1017 11:07:31.518461 250465 net.cpp:596] loss <- fc2
I1017 11:07:31.518489 250465 net.cpp:596] loss <- label
I1017 11:07:31.518537 250465 net.cpp:570] loss -> (automatic)
I1017 11:07:31.518599 250465 layer_factory.hpp:114] Creating layer loss
I1017 11:07:31.522019 250465 net.cpp:210] Setting up loss
I1017 11:07:31.522105 250465 net.cpp:217] Top shape: (1)
I1017 11:07:31.522143 250465 net.cpp:220]     with loss weight 1
I1017 11:07:31.522269 250465 net.cpp:225] Memory required for data: 2067936004
I1017 11:07:31.522306 250465 net.cpp:287] loss needs backward computation.
I1017 11:07:31.522334 250465 net.cpp:287] fc2 needs backward computation.
I1017 11:07:31.522357 250465 net.cpp:287] dropout5 needs backward computation.
I1017 11:07:31.522379 250465 net.cpp:287] fc1 needs backward computation.
I1017 11:07:31.522398 250465 net.cpp:287] pool4 needs backward computation.
I1017 11:07:31.522419 250465 net.cpp:287] dropout4 needs backward computation.
I1017 11:07:31.522441 250465 net.cpp:287] relu4 needs backward computation.
I1017 11:07:31.522460 250465 net.cpp:287] conv4 needs backward computation.
I1017 11:07:31.522481 250465 net.cpp:287] pool3 needs backward computation.
I1017 11:07:31.522503 250465 net.cpp:287] dropout3 needs backward computation.
I1017 11:07:31.522527 250465 net.cpp:287] relu3 needs backward computation.
I1017 11:07:31.522548 250465 net.cpp:287] conv3 needs backward computation.
I1017 11:07:31.522604 250465 net.cpp:287] pool2 needs backward computation.
I1017 11:07:31.522663 250465 net.cpp:287] dropout2 needs backward computation.
I1017 11:07:31.522693 250465 net.cpp:287] relu2 needs backward computation.
I1017 11:07:31.522758 250465 net.cpp:287] conv2 needs backward computation.
I1017 11:07:31.522785 250465 net.cpp:287] pool1 needs backward computation.
I1017 11:07:31.522814 250465 net.cpp:287] dropout1 needs backward computation.
I1017 11:07:31.522848 250465 net.cpp:287] relu1 needs backward computation.
I1017 11:07:31.522874 250465 net.cpp:287] conv1 needs backward computation.
I1017 11:07:31.522900 250465 net.cpp:289] data does not need backward computation.
I1017 11:07:31.522982 250465 net.cpp:345] Network initialization done.
I1017 11:07:31.523610 250465 caffe.cpp:445] Performing Forward
I1017 11:07:33.058176 250465 caffe.cpp:450] Initial loss: 80.4316
I1017 11:07:33.058279 250465 caffe.cpp:452] Performing Backward
I1017 11:07:34.028739 250465 caffe.cpp:461] *** Benchmark begins ***
I1017 11:07:34.028841 250465 caffe.cpp:462] Testing for 10 iterations.
I1017 11:07:35.445330 250465 caffe.cpp:491] Iteration: 1 forward-backward time: 1416 ms.
I1017 11:07:36.838285 250465 caffe.cpp:491] Iteration: 2 forward-backward time: 1392 ms.
I1017 11:07:38.232648 250465 caffe.cpp:491] Iteration: 3 forward-backward time: 1394 ms.
I1017 11:07:39.625846 250465 caffe.cpp:491] Iteration: 4 forward-backward time: 1393 ms.
I1017 11:07:41.018790 250465 caffe.cpp:491] Iteration: 5 forward-backward time: 1392 ms.
I1017 11:07:42.413245 250465 caffe.cpp:491] Iteration: 6 forward-backward time: 1394 ms.
I1017 11:07:43.804895 250465 caffe.cpp:491] Iteration: 7 forward-backward time: 1391 ms.
I1017 11:07:45.197414 250465 caffe.cpp:491] Iteration: 8 forward-backward time: 1392 ms.
I1017 11:07:46.604324 250465 caffe.cpp:491] Iteration: 9 forward-backward time: 1406 ms.
I1017 11:07:47.997984 250465 caffe.cpp:491] Iteration: 10 forward-backward time: 1393 ms.
I1017 11:07:47.998080 250465 caffe.cpp:498] Average time per layer: 
I1017 11:07:47.998100 250465 caffe.cpp:501]       data	forward: 142.853 ms.
I1017 11:07:47.998126 250465 caffe.cpp:505]       data	backward: 0.0032 ms.
I1017 11:07:47.998152 250465 caffe.cpp:501]      conv1	forward: 23.1925 ms.
I1017 11:07:47.998178 250465 caffe.cpp:505]      conv1	backward: 20.8198 ms.
I1017 11:07:47.998203 250465 caffe.cpp:501]      relu1	forward: 11.4327 ms.
I1017 11:07:47.998227 250465 caffe.cpp:505]      relu1	backward: 50.8035 ms.
I1017 11:07:47.998252 250465 caffe.cpp:501]   dropout1	forward: 95.4031 ms.
I1017 11:07:47.998276 250465 caffe.cpp:505]   dropout1	backward: 50.8177 ms.
I1017 11:07:47.998301 250465 caffe.cpp:501]      pool1	forward: 111.365 ms.
I1017 11:07:47.998327 250465 caffe.cpp:505]      pool1	backward: 36.7068 ms.
I1017 11:07:47.998352 250465 caffe.cpp:501]      conv2	forward: 366.432 ms.
I1017 11:07:47.998378 250465 caffe.cpp:505]      conv2	backward: 333.65 ms.
I1017 11:07:47.998402 250465 caffe.cpp:501]      relu2	forward: 2.5002 ms.
I1017 11:07:47.998426 250465 caffe.cpp:505]      relu2	backward: 10.2625 ms.
I1017 11:07:47.998452 250465 caffe.cpp:501]   dropout2	forward: 20.3869 ms.
I1017 11:07:47.998497 250465 caffe.cpp:505]   dropout2	backward: 10.0589 ms.
I1017 11:07:47.998534 250465 caffe.cpp:501]      pool2	forward: 27.1281 ms.
I1017 11:07:47.998560 250465 caffe.cpp:505]      pool2	backward: 8.7917 ms.
I1017 11:07:47.998584 250465 caffe.cpp:501]      conv3	forward: 12.0554 ms.
I1017 11:07:47.998678 250465 caffe.cpp:505]      conv3	backward: 24.0601 ms.
I1017 11:07:47.998798 250465 caffe.cpp:501]      relu3	forward: 0.4235 ms.
I1017 11:07:47.998826 250465 caffe.cpp:505]      relu3	backward: 2.3602 ms.
I1017 11:07:47.998853 250465 caffe.cpp:501]   dropout3	forward: 4.7494 ms.
I1017 11:07:47.998878 250465 caffe.cpp:505]   dropout3	backward: 2.4545 ms.
I1017 11:07:47.998900 250465 caffe.cpp:501]      pool3	forward: 6.0437 ms.
I1017 11:07:47.998924 250465 caffe.cpp:505]      pool3	backward: 1.9423 ms.
I1017 11:07:47.998947 250465 caffe.cpp:501]      conv4	forward: 2.3718 ms.
I1017 11:07:47.998970 250465 caffe.cpp:505]      conv4	backward: 4.6012 ms.
I1017 11:07:47.998993 250465 caffe.cpp:501]      relu4	forward: 0.0736 ms.
I1017 11:07:47.999018 250465 caffe.cpp:505]      relu4	backward: 0.606 ms.
I1017 11:07:47.999047 250465 caffe.cpp:501]   dropout4	forward: 0.7339 ms.
I1017 11:07:47.999097 250465 caffe.cpp:505]   dropout4	backward: 0.458 ms.
I1017 11:07:47.999122 250465 caffe.cpp:501]      pool4	forward: 1.1911 ms.
I1017 11:07:47.999146 250465 caffe.cpp:505]      pool4	backward: 0.3923 ms.
I1017 11:07:47.999169 250465 caffe.cpp:501]        fc1	forward: 1.1713 ms.
I1017 11:07:47.999193 250465 caffe.cpp:505]        fc1	backward: 6.8277 ms.
I1017 11:07:47.999217 250465 caffe.cpp:501]   dropout5	forward: 0.114 ms.
I1017 11:07:47.999241 250465 caffe.cpp:505]   dropout5	backward: 0.0495 ms.
I1017 11:07:47.999265 250465 caffe.cpp:501]        fc2	forward: 0.1865 ms.
I1017 11:07:47.999289 250465 caffe.cpp:505]        fc2	backward: 0.1751 ms.
I1017 11:07:47.999313 250465 caffe.cpp:501]       loss	forward: 0.738 ms.
I1017 11:07:47.999347 250465 caffe.cpp:505]       loss	backward: 0.0105 ms.
I1017 11:07:47.999382 250465 caffe.cpp:511] Average Forward pass: 830.743 ms.
I1017 11:07:47.999408 250465 caffe.cpp:514] Average Backward pass: 566.052 ms.
I1017 11:07:47.999442 250465 caffe.cpp:516] Average Forward-Backward: 1397 ms.
I1017 11:07:47.999470 250465 caffe.cpp:519] Total Time: 13970 ms.
I1017 11:07:47.999604 250465 caffe.cpp:520] *** Benchmark ends ***
