I1017 11:03:48.274289 249231 caffe.cpp:437] Use CPU.
I1017 11:03:48.312180 249231 cpu_info.cpp:452] Processor speed [MHz]: 1400
I1017 11:03:48.312249 249231 cpu_info.cpp:455] Total number of sockets: 1
I1017 11:03:48.312268 249231 cpu_info.cpp:458] Total number of CPU cores: 68
I1017 11:03:48.312283 249231 cpu_info.cpp:461] Total number of processors: 272
I1017 11:03:48.312299 249231 cpu_info.cpp:464] GPU is used: no
I1017 11:03:48.312314 249231 cpu_info.cpp:467] OpenMP environmental variables are specified: yes
I1017 11:03:48.312330 249231 cpu_info.cpp:470] OpenMP thread bind allowed: no
I1017 11:03:48.312343 249231 cpu_info.cpp:473] Number of OpenMP threads: 136
I1017 11:03:48.338282 249231 net.cpp:484] The NetState phase (0) differed from the phase (1) specified by a rule in layer data
I1017 11:03:48.339141 249231 net.cpp:120] Initializing net from parameters: 
name: "HEP_CLASSIFIER"
state {
  phase: TRAIN
  level: 0
  stage: ""
}
layer {
  name: "data"
  type: "DummyData"
  top: "data"
  top: "label"
  include {
    phase: TRAIN
  }
  dummy_data_param {
    data_filler {
      type: "gaussian"
      std: 1
    }
    data_filler {
      type: "constant"
      value: 0
    }
    shape {
      dim: 64
      dim: 3
      dim: 124
      dim: 124
    }
    shape {
      dim: 64
      dim: 1
      dim: 1
      dim: 1
    }
  }
}
layer {
  name: "conv1"
  type: "Convolution"
  bottom: "data"
  top: "conv1"
  convolution_param {
    num_output: 128
    pad: 0
    kernel_size: 3
    stride: 1
    weight_filler {
      type: "msra"
    }
    bias_filler {
      type: "constant"
      value: 0
    }
  }
}
layer {
  name: "relu1"
  type: "ReLU"
  bottom: "conv1"
  top: "conv1"
  relu_param {
    negative_slope: 0.1
  }
}
layer {
  name: "dropout1"
  type: "Dropout"
  bottom: "conv1"
  top: "drop1"
}
layer {
  name: "pool1"
  type: "Pooling"
  bottom: "drop1"
  top: "pool1"
  pooling_param {
    pool: MAX
    kernel_size: 2
    stride: 2
  }
}
layer {
  name: "conv2"
  type: "Convolution"
  bottom: "pool1"
  top: "conv2"
  convolution_param {
    num_output: 128
    pad: 0
    kernel_size: 3
    stride: 1
    weight_filler {
      type: "msra"
    }
    bias_filler {
      type: "constant"
      value: 0
    }
  }
}
layer {
  name: "relu2"
  type: "ReLU"
  bottom: "conv2"
  top: "conv2"
  relu_param {
    negative_slope: 0.1
  }
}
layer {
  name: "dropout2"
  type: "Dropout"
  bottom: "conv2"
  top: "drop2"
}
layer {
  name: "pool2"
  type: "Pooling"
  bottom: "drop2"
  top: "pool2"
  pooling_param {
    pool: MAX
    kernel_size: 2
    stride: 2
  }
}
layer {
  name: "conv3"
  type: "Convolution"
  bottom: "pool2"
  top: "conv3"
  convolution_param {
    num_output: 128
    pad: 0
    kernel_size: 3
    stride: 1
    weight_filler {
      type: "msra"
    }
    bias_filler {
      type: "constant"
      value: 0
    }
  }
}
layer {
  name: "relu3"
  type: "ReLU"
  bottom: "conv3"
  top: "conv3"
  relu_param {
    negative_slope: 0.1
  }
}
layer {
  name: "dropout3"
  type: "Dropout"
  bottom: "conv3"
  top: "drop3"
}
layer {
  name: "pool3"
  type: "Pooling"
  bottom: "drop3"
  top: "pool3"
  pooling_param {
    pool: MAX
    kernel_size: 2
    stride: 2
  }
}
layer {
  name: "conv4"
  type: "Convolution"
  bottom: "pool3"
  top: "conv4"
  convolution_param {
    num_output: 128
    pad: 0
    kernel_size: 3
    stride: 1
    weight_filler {
      type: "msra"
    }
    bias_filler {
      type: "constant"
      value: 0
    }
  }
}
layer {
  name: "relu4"
  type: "ReLU"
  bottom: "conv4"
  top: "conv4"
  relu_param {
    negative_slope: 0.1
  }
}
layer {
  name: "dropout4"
  type: "Dropout"
  bottom: "conv4"
  top: "drop4"
}
layer {
  name: "pool4"
  type: "Pooling"
  bottom: "drop4"
  top: "pool4"
  pooling_param {
    pool: MAX
    kernel_size: 2
    stride: 2
  }
}
layer {
  name: "fc1"
  type: "InnerProduct"
  bottom: "pool4"
  top: "fc1"
  inner_product_param {
    num_output: 1024
    weight_filler {
      type: "msra"
    }
    bias_filler {
      type: "constant"
      value: 0
    }
  }
}
layer {
  name: "dropout5"
  type: "Dropout"
  bottom: "fc1"
  top: "drop5"
}
layer {
  name: "fc2"
  type: "InnerProduct"
  bottom: "drop5"
  top: "fc2"
  inner_product_param {
    num_output: 2
    weight_filler {
      type: "msra"
    }
    bias_filler {
      type: "constant"
      value: 0
    }
  }
}
layer {
  name: "loss"
  type: "SoftmaxWithLoss"
  bottom: "fc2"
  bottom: "label"
}
I1017 11:03:48.340497 249231 layer_factory.hpp:114] Creating layer data
I1017 11:03:48.340577 249231 net.cpp:160] Creating Layer data
I1017 11:03:48.340612 249231 net.cpp:570] data -> data
I1017 11:03:48.340683 249231 net.cpp:570] data -> label
I1017 11:03:48.363750 249231 net.cpp:210] Setting up data
I1017 11:03:48.363853 249231 net.cpp:217] Top shape: 64 3 124 124 (2952192)
I1017 11:03:48.363917 249231 net.cpp:217] Top shape: 64 1 1 1 (64)
I1017 11:03:48.363952 249231 net.cpp:225] Memory required for data: 11809024
I1017 11:03:48.363986 249231 layer_factory.hpp:114] Creating layer conv1
I1017 11:03:48.364102 249231 net.cpp:160] Creating Layer conv1
I1017 11:03:48.364150 249231 net.cpp:596] conv1 <- data
I1017 11:03:48.364259 249231 net.cpp:570] conv1 -> conv1
I1017 11:03:48.568969 249231 net.cpp:210] Setting up conv1
I1017 11:03:48.569073 249231 net.cpp:217] Top shape: 64 128 122 122 (121929728)
I1017 11:03:48.569146 249231 net.cpp:225] Memory required for data: 499527936
I1017 11:03:48.569275 249231 layer_factory.hpp:114] Creating layer relu1
I1017 11:03:48.569396 249231 net.cpp:160] Creating Layer relu1
I1017 11:03:48.569463 249231 net.cpp:596] relu1 <- conv1
I1017 11:03:48.569566 249231 net.cpp:557] relu1 -> conv1 (in-place)
I1017 11:03:48.574560 249231 net.cpp:210] Setting up relu1
I1017 11:03:48.574652 249231 net.cpp:217] Top shape: 64 128 122 122 (121929728)
I1017 11:03:48.574698 249231 net.cpp:225] Memory required for data: 987246848
I1017 11:03:48.574733 249231 layer_factory.hpp:114] Creating layer dropout1
I1017 11:03:48.574787 249231 net.cpp:160] Creating Layer dropout1
I1017 11:03:48.574817 249231 net.cpp:596] dropout1 <- conv1
I1017 11:03:48.574861 249231 net.cpp:570] dropout1 -> drop1
I1017 11:03:48.574934 249231 net.cpp:210] Setting up dropout1
I1017 11:03:48.574970 249231 net.cpp:217] Top shape: 64 128 122 122 (121929728)
I1017 11:03:48.575024 249231 net.cpp:225] Memory required for data: 1474965760
I1017 11:03:48.575083 249231 layer_factory.hpp:114] Creating layer pool1
I1017 11:03:48.575281 249231 net.cpp:160] Creating Layer pool1
I1017 11:03:48.575410 249231 net.cpp:596] pool1 <- drop1
I1017 11:03:48.575543 249231 net.cpp:570] pool1 -> pool1
I1017 11:03:48.580224 249231 net.cpp:210] Setting up pool1
I1017 11:03:48.580313 249231 net.cpp:217] Top shape: 64 128 61 61 (30482432)
I1017 11:03:48.580356 249231 net.cpp:225] Memory required for data: 1596895488
I1017 11:03:48.580385 249231 layer_factory.hpp:114] Creating layer conv2
I1017 11:03:48.580466 249231 net.cpp:160] Creating Layer conv2
I1017 11:03:48.580500 249231 net.cpp:596] conv2 <- pool1
I1017 11:03:48.580549 249231 net.cpp:570] conv2 -> conv2
I1017 11:03:49.608572 249231 net.cpp:210] Setting up conv2
I1017 11:03:49.608664 249231 net.cpp:217] Top shape: 64 128 59 59 (28516352)
I1017 11:03:49.608724 249231 net.cpp:225] Memory required for data: 1710960896
I1017 11:03:49.608809 249231 layer_factory.hpp:114] Creating layer relu2
I1017 11:03:49.608898 249231 net.cpp:160] Creating Layer relu2
I1017 11:03:49.608947 249231 net.cpp:596] relu2 <- conv2
I1017 11:03:49.609025 249231 net.cpp:557] relu2 -> conv2 (in-place)
I1017 11:03:49.613499 249231 net.cpp:210] Setting up relu2
I1017 11:03:49.613590 249231 net.cpp:217] Top shape: 64 128 59 59 (28516352)
I1017 11:03:49.613636 249231 net.cpp:225] Memory required for data: 1825026304
I1017 11:03:49.613667 249231 layer_factory.hpp:114] Creating layer dropout2
I1017 11:03:49.613718 249231 net.cpp:160] Creating Layer dropout2
I1017 11:03:49.613749 249231 net.cpp:596] dropout2 <- conv2
I1017 11:03:49.613790 249231 net.cpp:570] dropout2 -> drop2
I1017 11:03:49.613864 249231 net.cpp:210] Setting up dropout2
I1017 11:03:49.613899 249231 net.cpp:217] Top shape: 64 128 59 59 (28516352)
I1017 11:03:49.613942 249231 net.cpp:225] Memory required for data: 1939091712
I1017 11:03:49.614012 249231 layer_factory.hpp:114] Creating layer pool2
I1017 11:03:49.614094 249231 net.cpp:160] Creating Layer pool2
I1017 11:03:49.614223 249231 net.cpp:596] pool2 <- drop2
I1017 11:03:49.614286 249231 net.cpp:570] pool2 -> pool2
I1017 11:03:49.618559 249231 net.cpp:210] Setting up pool2
I1017 11:03:49.618646 249231 net.cpp:217] Top shape: 64 128 30 30 (7372800)
I1017 11:03:49.618690 249231 net.cpp:225] Memory required for data: 1968582912
I1017 11:03:49.618722 249231 layer_factory.hpp:114] Creating layer conv3
I1017 11:03:49.618803 249231 net.cpp:160] Creating Layer conv3
I1017 11:03:49.618835 249231 net.cpp:596] conv3 <- pool2
I1017 11:03:49.618882 249231 net.cpp:570] conv3 -> conv3
I1017 11:03:49.938565 249231 net.cpp:210] Setting up conv3
I1017 11:03:49.938655 249231 net.cpp:217] Top shape: 64 128 28 28 (6422528)
I1017 11:03:49.938704 249231 net.cpp:225] Memory required for data: 1994273024
I1017 11:03:49.938778 249231 layer_factory.hpp:114] Creating layer relu3
I1017 11:03:49.938850 249231 net.cpp:160] Creating Layer relu3
I1017 11:03:49.938887 249231 net.cpp:596] relu3 <- conv3
I1017 11:03:49.938937 249231 net.cpp:557] relu3 -> conv3 (in-place)
I1017 11:03:49.943639 249231 net.cpp:210] Setting up relu3
I1017 11:03:49.943723 249231 net.cpp:217] Top shape: 64 128 28 28 (6422528)
I1017 11:03:49.943765 249231 net.cpp:225] Memory required for data: 2019963136
I1017 11:03:49.943796 249231 layer_factory.hpp:114] Creating layer dropout3
I1017 11:03:49.943843 249231 net.cpp:160] Creating Layer dropout3
I1017 11:03:49.943871 249231 net.cpp:596] dropout3 <- conv3
I1017 11:03:49.943909 249231 net.cpp:570] dropout3 -> drop3
I1017 11:03:49.943979 249231 net.cpp:210] Setting up dropout3
I1017 11:03:49.944010 249231 net.cpp:217] Top shape: 64 128 28 28 (6422528)
I1017 11:03:49.944046 249231 net.cpp:225] Memory required for data: 2045653248
I1017 11:03:49.944078 249231 layer_factory.hpp:114] Creating layer pool3
I1017 11:03:49.944141 249231 net.cpp:160] Creating Layer pool3
I1017 11:03:49.944207 249231 net.cpp:596] pool3 <- drop3
I1017 11:03:49.944280 249231 net.cpp:570] pool3 -> pool3
I1017 11:03:49.948508 249231 net.cpp:210] Setting up pool3
I1017 11:03:49.948593 249231 net.cpp:217] Top shape: 64 128 14 14 (1605632)
I1017 11:03:49.948635 249231 net.cpp:225] Memory required for data: 2052075776
I1017 11:03:49.948664 249231 layer_factory.hpp:114] Creating layer conv4
I1017 11:03:49.948740 249231 net.cpp:160] Creating Layer conv4
I1017 11:03:49.948772 249231 net.cpp:596] conv4 <- pool3
I1017 11:03:49.948814 249231 net.cpp:570] conv4 -> conv4
I1017 11:03:50.098163 249231 net.cpp:210] Setting up conv4
I1017 11:03:50.098248 249231 net.cpp:217] Top shape: 64 128 12 12 (1179648)
I1017 11:03:50.098291 249231 net.cpp:225] Memory required for data: 2056794368
I1017 11:03:50.098351 249231 layer_factory.hpp:114] Creating layer relu4
I1017 11:03:50.098415 249231 net.cpp:160] Creating Layer relu4
I1017 11:03:50.098449 249231 net.cpp:596] relu4 <- conv4
I1017 11:03:50.098495 249231 net.cpp:557] relu4 -> conv4 (in-place)
I1017 11:03:50.103313 249231 net.cpp:210] Setting up relu4
I1017 11:03:50.103401 249231 net.cpp:217] Top shape: 64 128 12 12 (1179648)
I1017 11:03:50.103446 249231 net.cpp:225] Memory required for data: 2061512960
I1017 11:03:50.103478 249231 layer_factory.hpp:114] Creating layer dropout4
I1017 11:03:50.103526 249231 net.cpp:160] Creating Layer dropout4
I1017 11:03:50.103554 249231 net.cpp:596] dropout4 <- conv4
I1017 11:03:50.103633 249231 net.cpp:570] dropout4 -> drop4
I1017 11:03:50.103711 249231 net.cpp:210] Setting up dropout4
I1017 11:03:50.103742 249231 net.cpp:217] Top shape: 64 128 12 12 (1179648)
I1017 11:03:50.103781 249231 net.cpp:225] Memory required for data: 2066231552
I1017 11:03:50.103813 249231 layer_factory.hpp:114] Creating layer pool4
I1017 11:03:50.103873 249231 net.cpp:160] Creating Layer pool4
I1017 11:03:50.103935 249231 net.cpp:596] pool4 <- drop4
I1017 11:03:50.104007 249231 net.cpp:570] pool4 -> pool4
I1017 11:03:50.108250 249231 net.cpp:210] Setting up pool4
I1017 11:03:50.108358 249231 net.cpp:217] Top shape: 64 128 6 6 (294912)
I1017 11:03:50.108399 249231 net.cpp:225] Memory required for data: 2067411200
I1017 11:03:50.108429 249231 layer_factory.hpp:114] Creating layer fc1
I1017 11:03:50.108501 249231 net.cpp:160] Creating Layer fc1
I1017 11:03:50.108532 249231 net.cpp:596] fc1 <- pool4
I1017 11:03:50.108577 249231 net.cpp:570] fc1 -> fc1
I1017 11:03:50.344610 249231 net.cpp:210] Setting up fc1
I1017 11:03:50.344698 249231 net.cpp:217] Top shape: 64 1024 (65536)
I1017 11:03:50.344738 249231 net.cpp:225] Memory required for data: 2067673344
I1017 11:03:50.344807 249231 layer_factory.hpp:114] Creating layer dropout5
I1017 11:03:50.344856 249231 net.cpp:160] Creating Layer dropout5
I1017 11:03:50.344882 249231 net.cpp:596] dropout5 <- fc1
I1017 11:03:50.344921 249231 net.cpp:570] dropout5 -> drop5
I1017 11:03:50.344986 249231 net.cpp:210] Setting up dropout5
I1017 11:03:50.345013 249231 net.cpp:217] Top shape: 64 1024 (65536)
I1017 11:03:50.345048 249231 net.cpp:225] Memory required for data: 2067935488
I1017 11:03:50.345077 249231 layer_factory.hpp:114] Creating layer fc2
I1017 11:03:50.345134 249231 net.cpp:160] Creating Layer fc2
I1017 11:03:50.345165 249231 net.cpp:596] fc2 <- drop5
I1017 11:03:50.345276 249231 net.cpp:570] fc2 -> fc2
I1017 11:03:50.348611 249231 net.cpp:210] Setting up fc2
I1017 11:03:50.348701 249231 net.cpp:217] Top shape: 64 2 (128)
I1017 11:03:50.348742 249231 net.cpp:225] Memory required for data: 2067936000
I1017 11:03:50.348795 249231 layer_factory.hpp:114] Creating layer loss
I1017 11:03:50.348857 249231 net.cpp:160] Creating Layer loss
I1017 11:03:50.348887 249231 net.cpp:596] loss <- fc2
I1017 11:03:50.348915 249231 net.cpp:596] loss <- label
I1017 11:03:50.348961 249231 net.cpp:570] loss -> (automatic)
I1017 11:03:50.349025 249231 layer_factory.hpp:114] Creating layer loss
I1017 11:03:50.352459 249231 net.cpp:210] Setting up loss
I1017 11:03:50.352546 249231 net.cpp:217] Top shape: (1)
I1017 11:03:50.352584 249231 net.cpp:220]     with loss weight 1
I1017 11:03:50.352705 249231 net.cpp:225] Memory required for data: 2067936004
I1017 11:03:50.352741 249231 net.cpp:287] loss needs backward computation.
I1017 11:03:50.352768 249231 net.cpp:287] fc2 needs backward computation.
I1017 11:03:50.352789 249231 net.cpp:287] dropout5 needs backward computation.
I1017 11:03:50.352809 249231 net.cpp:287] fc1 needs backward computation.
I1017 11:03:50.352828 249231 net.cpp:287] pool4 needs backward computation.
I1017 11:03:50.352849 249231 net.cpp:287] dropout4 needs backward computation.
I1017 11:03:50.352869 249231 net.cpp:287] relu4 needs backward computation.
I1017 11:03:50.352887 249231 net.cpp:287] conv4 needs backward computation.
I1017 11:03:50.352908 249231 net.cpp:287] pool3 needs backward computation.
I1017 11:03:50.352928 249231 net.cpp:287] dropout3 needs backward computation.
I1017 11:03:50.352951 249231 net.cpp:287] relu3 needs backward computation.
I1017 11:03:50.352972 249231 net.cpp:287] conv3 needs backward computation.
I1017 11:03:50.352993 249231 net.cpp:287] pool2 needs backward computation.
I1017 11:03:50.353060 249231 net.cpp:287] dropout2 needs backward computation.
I1017 11:03:50.353085 249231 net.cpp:287] relu2 needs backward computation.
I1017 11:03:50.353106 249231 net.cpp:287] conv2 needs backward computation.
I1017 11:03:50.353127 249231 net.cpp:287] pool1 needs backward computation.
I1017 11:03:50.353199 249231 net.cpp:287] dropout1 needs backward computation.
I1017 11:03:50.353224 249231 net.cpp:287] relu1 needs backward computation.
I1017 11:03:50.353245 249231 net.cpp:287] conv1 needs backward computation.
I1017 11:03:50.353269 249231 net.cpp:289] data does not need backward computation.
I1017 11:03:50.353317 249231 net.cpp:345] Network initialization done.
I1017 11:03:50.353651 249231 caffe.cpp:445] Performing Forward
I1017 11:03:52.485908 249231 caffe.cpp:450] Initial loss: 17.4821
I1017 11:03:52.486019 249231 caffe.cpp:452] Performing Backward
I1017 11:03:54.073302 249231 caffe.cpp:461] *** Benchmark begins ***
I1017 11:03:54.073393 249231 caffe.cpp:462] Testing for 10 iterations.
I1017 11:03:55.579864 249231 caffe.cpp:491] Iteration: 1 forward-backward time: 1506 ms.
I1017 11:03:56.990198 249231 caffe.cpp:491] Iteration: 2 forward-backward time: 1410 ms.
I1017 11:03:58.442010 249231 caffe.cpp:491] Iteration: 3 forward-backward time: 1451 ms.
I1017 11:03:59.863279 249231 caffe.cpp:491] Iteration: 4 forward-backward time: 1421 ms.
I1017 11:04:01.271373 249231 caffe.cpp:491] Iteration: 5 forward-backward time: 1408 ms.
I1017 11:04:02.683137 249231 caffe.cpp:491] Iteration: 6 forward-backward time: 1411 ms.
I1017 11:04:04.082370 249231 caffe.cpp:491] Iteration: 7 forward-backward time: 1399 ms.
I1017 11:04:05.448670 249231 caffe.cpp:491] Iteration: 8 forward-backward time: 1366 ms.
I1017 11:04:06.860918 249231 caffe.cpp:491] Iteration: 9 forward-backward time: 1412 ms.
I1017 11:04:08.228406 249231 caffe.cpp:491] Iteration: 10 forward-backward time: 1367 ms.
I1017 11:04:08.228513 249231 caffe.cpp:498] Average time per layer: 
I1017 11:04:08.228545 249231 caffe.cpp:501]       data	forward: 152.25 ms.
I1017 11:04:08.228588 249231 caffe.cpp:505]       data	backward: 0.0034 ms.
I1017 11:04:08.228631 249231 caffe.cpp:501]      conv1	forward: 23.4073 ms.
I1017 11:04:08.228672 249231 caffe.cpp:505]      conv1	backward: 22.768 ms.
I1017 11:04:08.228715 249231 caffe.cpp:501]      relu1	forward: 11.2896 ms.
I1017 11:04:08.228759 249231 caffe.cpp:505]      relu1	backward: 152.763 ms.
I1017 11:04:08.228801 249231 caffe.cpp:501]   dropout1	forward: 159.497 ms.
I1017 11:04:08.228838 249231 caffe.cpp:505]   dropout1	backward: 122.441 ms.
I1017 11:04:08.228874 249231 caffe.cpp:501]      pool1	forward: 123.348 ms.
I1017 11:04:08.228909 249231 caffe.cpp:505]      pool1	backward: 58.7075 ms.
I1017 11:04:08.228945 249231 caffe.cpp:501]      conv2	forward: 141.917 ms.
I1017 11:04:08.228982 249231 caffe.cpp:505]      conv2	backward: 215.091 ms.
I1017 11:04:08.229027 249231 caffe.cpp:501]      relu2	forward: 2.4611 ms.
I1017 11:04:08.229066 249231 caffe.cpp:505]      relu2	backward: 17.4593 ms.
I1017 11:04:08.229104 249231 caffe.cpp:501]   dropout2	forward: 26.4829 ms.
I1017 11:04:08.229138 249231 caffe.cpp:505]   dropout2	backward: 18.051 ms.
I1017 11:04:08.229173 249231 caffe.cpp:501]      pool2	forward: 43.0779 ms.
I1017 11:04:08.229210 249231 caffe.cpp:505]      pool2	backward: 16.1969 ms.
I1017 11:04:08.229257 249231 caffe.cpp:501]      conv3	forward: 12.6246 ms.
I1017 11:04:08.229302 249231 caffe.cpp:505]      conv3	backward: 25.6847 ms.
I1017 11:04:08.229342 249231 caffe.cpp:501]      relu3	forward: 0.3801 ms.
I1017 11:04:08.229377 249231 caffe.cpp:505]      relu3	backward: 5.1937 ms.
I1017 11:04:08.229408 249231 caffe.cpp:501]   dropout3	forward: 5.921 ms.
I1017 11:04:08.229441 249231 caffe.cpp:505]   dropout3	backward: 3.8484 ms.
I1017 11:04:08.229480 249231 caffe.cpp:501]      pool3	forward: 13.2785 ms.
I1017 11:04:08.229524 249231 caffe.cpp:505]      pool3	backward: 5.8559 ms.
I1017 11:04:08.229562 249231 caffe.cpp:501]      conv4	forward: 2.4985 ms.
I1017 11:04:08.229595 249231 caffe.cpp:505]      conv4	backward: 4.9143 ms.
I1017 11:04:08.229629 249231 caffe.cpp:501]      relu4	forward: 0.0728 ms.
I1017 11:04:08.229662 249231 caffe.cpp:505]      relu4	backward: 2.0954 ms.
I1017 11:04:08.229701 249231 caffe.cpp:501]   dropout4	forward: 2.61 ms.
I1017 11:04:08.229742 249231 caffe.cpp:505]   dropout4	backward: 2.2196 ms.
I1017 11:04:08.229782 249231 caffe.cpp:501]      pool4	forward: 3.3559 ms.
I1017 11:04:08.229821 249231 caffe.cpp:505]      pool4	backward: 3.7441 ms.
I1017 11:04:08.229861 249231 caffe.cpp:501]        fc1	forward: 1.6256 ms.
I1017 11:04:08.229897 249231 caffe.cpp:505]        fc1	backward: 5.2387 ms.
I1017 11:04:08.229929 249231 caffe.cpp:501]   dropout5	forward: 2.586 ms.
I1017 11:04:08.229961 249231 caffe.cpp:505]   dropout5	backward: 0.1438 ms.
I1017 11:04:08.229993 249231 caffe.cpp:501]        fc2	forward: 1.6993 ms.
I1017 11:04:08.230031 249231 caffe.cpp:505]        fc2	backward: 0.232 ms.
I1017 11:04:08.230072 249231 caffe.cpp:501]       loss	forward: 1.8533 ms.
I1017 11:04:08.230129 249231 caffe.cpp:505]       loss	backward: 0.0143 ms.
I1017 11:04:08.230180 249231 caffe.cpp:511] Average Forward pass: 732.475 ms.
I1017 11:04:08.230222 249231 caffe.cpp:514] Average Backward pass: 682.903 ms.
I1017 11:04:08.230263 249231 caffe.cpp:516] Average Forward-Backward: 1415.6 ms.
I1017 11:04:08.230307 249231 caffe.cpp:519] Total Time: 14156 ms.
I1017 11:04:08.230350 249231 caffe.cpp:520] *** Benchmark ends ***
