I1017 11:10:13.873510 250722 caffe.cpp:437] Use CPU.
I1017 11:10:13.920950 250722 cpu_info.cpp:452] Processor speed [MHz]: 1400
I1017 11:10:13.921016 250722 cpu_info.cpp:455] Total number of sockets: 1
I1017 11:10:13.921035 250722 cpu_info.cpp:458] Total number of CPU cores: 68
I1017 11:10:13.921049 250722 cpu_info.cpp:461] Total number of processors: 272
I1017 11:10:13.921064 250722 cpu_info.cpp:464] GPU is used: no
I1017 11:10:13.921079 250722 cpu_info.cpp:467] OpenMP environmental variables are specified: yes
I1017 11:10:13.921093 250722 cpu_info.cpp:470] OpenMP thread bind allowed: no
I1017 11:10:13.921108 250722 cpu_info.cpp:473] Number of OpenMP threads: 2
I1017 11:10:13.946599 250722 net.cpp:484] The NetState phase (0) differed from the phase (1) specified by a rule in layer data
I1017 11:10:13.947166 250722 net.cpp:120] Initializing net from parameters: 
name: "HEP_CLASSIFIER"
state {
  phase: TRAIN
  level: 0
  stage: ""
}
layer {
  name: "data"
  type: "DummyData"
  top: "data"
  top: "label"
  include {
    phase: TRAIN
  }
  dummy_data_param {
    data_filler {
      type: "gaussian"
      std: 1
    }
    data_filler {
      type: "constant"
      value: 0
    }
    shape {
      dim: 64
      dim: 3
      dim: 124
      dim: 124
    }
    shape {
      dim: 64
      dim: 1
      dim: 1
      dim: 1
    }
  }
}
layer {
  name: "conv1"
  type: "Convolution"
  bottom: "data"
  top: "conv1"
  convolution_param {
    num_output: 128
    pad: 0
    kernel_size: 3
    stride: 1
    weight_filler {
      type: "msra"
    }
    bias_filler {
      type: "constant"
      value: 0
    }
  }
}
layer {
  name: "relu1"
  type: "ReLU"
  bottom: "conv1"
  top: "conv1"
  relu_param {
    negative_slope: 0.1
  }
}
layer {
  name: "dropout1"
  type: "Dropout"
  bottom: "conv1"
  top: "drop1"
}
layer {
  name: "pool1"
  type: "Pooling"
  bottom: "drop1"
  top: "pool1"
  pooling_param {
    pool: MAX
    kernel_size: 2
    stride: 2
  }
}
layer {
  name: "conv2"
  type: "Convolution"
  bottom: "pool1"
  top: "conv2"
  convolution_param {
    num_output: 128
    pad: 0
    kernel_size: 3
    stride: 1
    weight_filler {
      type: "msra"
    }
    bias_filler {
      type: "constant"
      value: 0
    }
  }
}
layer {
  name: "relu2"
  type: "ReLU"
  bottom: "conv2"
  top: "conv2"
  relu_param {
    negative_slope: 0.1
  }
}
layer {
  name: "dropout2"
  type: "Dropout"
  bottom: "conv2"
  top: "drop2"
}
layer {
  name: "pool2"
  type: "Pooling"
  bottom: "drop2"
  top: "pool2"
  pooling_param {
    pool: MAX
    kernel_size: 2
    stride: 2
  }
}
layer {
  name: "conv3"
  type: "Convolution"
  bottom: "pool2"
  top: "conv3"
  convolution_param {
    num_output: 128
    pad: 0
    kernel_size: 3
    stride: 1
    weight_filler {
      type: "msra"
    }
    bias_filler {
      type: "constant"
      value: 0
    }
  }
}
layer {
  name: "relu3"
  type: "ReLU"
  bottom: "conv3"
  top: "conv3"
  relu_param {
    negative_slope: 0.1
  }
}
layer {
  name: "dropout3"
  type: "Dropout"
  bottom: "conv3"
  top: "drop3"
}
layer {
  name: "pool3"
  type: "Pooling"
  bottom: "drop3"
  top: "pool3"
  pooling_param {
    pool: MAX
    kernel_size: 2
    stride: 2
  }
}
layer {
  name: "conv4"
  type: "Convolution"
  bottom: "pool3"
  top: "conv4"
  convolution_param {
    num_output: 128
    pad: 0
    kernel_size: 3
    stride: 1
    weight_filler {
      type: "msra"
    }
    bias_filler {
      type: "constant"
      value: 0
    }
  }
}
layer {
  name: "relu4"
  type: "ReLU"
  bottom: "conv4"
  top: "conv4"
  relu_param {
    negative_slope: 0.1
  }
}
layer {
  name: "dropout4"
  type: "Dropout"
  bottom: "conv4"
  top: "drop4"
}
layer {
  name: "pool4"
  type: "Pooling"
  bottom: "drop4"
  top: "pool4"
  pooling_param {
    pool: MAX
    kernel_size: 2
    stride: 2
  }
}
layer {
  name: "fc1"
  type: "InnerProduct"
  bottom: "pool4"
  top: "fc1"
  inner_product_param {
    num_output: 1024
    weight_filler {
      type: "msra"
    }
    bias_filler {
      type: "constant"
      value: 0
    }
  }
}
layer {
  name: "dropout5"
  type: "Dropout"
  bottom: "fc1"
  top: "drop5"
}
layer {
  name: "fc2"
  type: "InnerProduct"
  bottom: "drop5"
  top: "fc2"
  inner_product_param {
    num_output: 2
    weight_filler {
      type: "msra"
    }
    bias_filler {
      type: "constant"
      value: 0
    }
  }
}
layer {
  name: "loss"
  type: "SoftmaxWithLoss"
  bottom: "fc2"
  bottom: "label"
}
I1017 11:10:13.948904 250722 layer_factory.hpp:114] Creating layer data
I1017 11:10:13.948992 250722 net.cpp:160] Creating Layer data
I1017 11:10:13.949028 250722 net.cpp:570] data -> data
I1017 11:10:13.949096 250722 net.cpp:570] data -> label
I1017 11:10:13.972106 250722 net.cpp:210] Setting up data
I1017 11:10:13.972213 250722 net.cpp:217] Top shape: 64 3 124 124 (2952192)
I1017 11:10:13.972280 250722 net.cpp:217] Top shape: 64 1 1 1 (64)
I1017 11:10:13.972321 250722 net.cpp:225] Memory required for data: 11809024
I1017 11:10:13.972357 250722 layer_factory.hpp:114] Creating layer conv1
I1017 11:10:13.972470 250722 net.cpp:160] Creating Layer conv1
I1017 11:10:13.972623 250722 net.cpp:596] conv1 <- data
I1017 11:10:13.972710 250722 net.cpp:570] conv1 -> conv1
I1017 11:10:14.089182 250722 net.cpp:210] Setting up conv1
I1017 11:10:14.089287 250722 net.cpp:217] Top shape: 64 128 122 122 (121929728)
I1017 11:10:14.089332 250722 net.cpp:225] Memory required for data: 499527936
I1017 11:10:14.089417 250722 layer_factory.hpp:114] Creating layer relu1
I1017 11:10:14.089489 250722 net.cpp:160] Creating Layer relu1
I1017 11:10:14.089514 250722 net.cpp:596] relu1 <- conv1
I1017 11:10:14.089548 250722 net.cpp:557] relu1 -> conv1 (in-place)
I1017 11:10:14.094209 250722 net.cpp:210] Setting up relu1
I1017 11:10:14.094296 250722 net.cpp:217] Top shape: 64 128 122 122 (121929728)
I1017 11:10:14.094337 250722 net.cpp:225] Memory required for data: 987246848
I1017 11:10:14.094367 250722 layer_factory.hpp:114] Creating layer dropout1
I1017 11:10:14.094411 250722 net.cpp:160] Creating Layer dropout1
I1017 11:10:14.094436 250722 net.cpp:596] dropout1 <- conv1
I1017 11:10:14.094470 250722 net.cpp:570] dropout1 -> drop1
I1017 11:10:14.094521 250722 net.cpp:210] Setting up dropout1
I1017 11:10:14.094544 250722 net.cpp:217] Top shape: 64 128 122 122 (121929728)
I1017 11:10:14.094575 250722 net.cpp:225] Memory required for data: 1474965760
I1017 11:10:14.094597 250722 layer_factory.hpp:114] Creating layer pool1
I1017 11:10:14.094653 250722 net.cpp:160] Creating Layer pool1
I1017 11:10:14.094676 250722 net.cpp:596] pool1 <- drop1
I1017 11:10:14.094705 250722 net.cpp:570] pool1 -> pool1
I1017 11:10:14.098894 250722 net.cpp:210] Setting up pool1
I1017 11:10:14.098983 250722 net.cpp:217] Top shape: 64 128 61 61 (30482432)
I1017 11:10:14.099025 250722 net.cpp:225] Memory required for data: 1596895488
I1017 11:10:14.099051 250722 layer_factory.hpp:114] Creating layer conv2
I1017 11:10:14.099126 250722 net.cpp:160] Creating Layer conv2
I1017 11:10:14.099153 250722 net.cpp:596] conv2 <- pool1
I1017 11:10:14.099191 250722 net.cpp:570] conv2 -> conv2
I1017 11:10:14.210352 250722 net.cpp:210] Setting up conv2
I1017 11:10:14.210453 250722 net.cpp:217] Top shape: 64 128 59 59 (28516352)
I1017 11:10:14.210520 250722 net.cpp:225] Memory required for data: 1710960896
I1017 11:10:14.210613 250722 layer_factory.hpp:114] Creating layer relu2
I1017 11:10:14.210703 250722 net.cpp:160] Creating Layer relu2
I1017 11:10:14.210750 250722 net.cpp:596] relu2 <- conv2
I1017 11:10:14.210803 250722 net.cpp:557] relu2 -> conv2 (in-place)
I1017 11:10:14.215301 250722 net.cpp:210] Setting up relu2
I1017 11:10:14.215389 250722 net.cpp:217] Top shape: 64 128 59 59 (28516352)
I1017 11:10:14.215438 250722 net.cpp:225] Memory required for data: 1825026304
I1017 11:10:14.215472 250722 layer_factory.hpp:114] Creating layer dropout2
I1017 11:10:14.215525 250722 net.cpp:160] Creating Layer dropout2
I1017 11:10:14.215558 250722 net.cpp:596] dropout2 <- conv2
I1017 11:10:14.215677 250722 net.cpp:570] dropout2 -> drop2
I1017 11:10:14.215749 250722 net.cpp:210] Setting up dropout2
I1017 11:10:14.215776 250722 net.cpp:217] Top shape: 64 128 59 59 (28516352)
I1017 11:10:14.215814 250722 net.cpp:225] Memory required for data: 1939091712
I1017 11:10:14.215864 250722 layer_factory.hpp:114] Creating layer pool2
I1017 11:10:14.215922 250722 net.cpp:160] Creating Layer pool2
I1017 11:10:14.215948 250722 net.cpp:596] pool2 <- drop2
I1017 11:10:14.216044 250722 net.cpp:570] pool2 -> pool2
I1017 11:10:14.220449 250722 net.cpp:210] Setting up pool2
I1017 11:10:14.220537 250722 net.cpp:217] Top shape: 64 128 30 30 (7372800)
I1017 11:10:14.220582 250722 net.cpp:225] Memory required for data: 1968582912
I1017 11:10:14.220613 250722 layer_factory.hpp:114] Creating layer conv3
I1017 11:10:14.220695 250722 net.cpp:160] Creating Layer conv3
I1017 11:10:14.220731 250722 net.cpp:596] conv3 <- pool2
I1017 11:10:14.220775 250722 net.cpp:570] conv3 -> conv3
I1017 11:10:14.313185 250722 net.cpp:210] Setting up conv3
I1017 11:10:14.313283 250722 net.cpp:217] Top shape: 64 128 28 28 (6422528)
I1017 11:10:14.313343 250722 net.cpp:225] Memory required for data: 1994273024
I1017 11:10:14.313426 250722 layer_factory.hpp:114] Creating layer relu3
I1017 11:10:14.313508 250722 net.cpp:160] Creating Layer relu3
I1017 11:10:14.313546 250722 net.cpp:596] relu3 <- conv3
I1017 11:10:14.313593 250722 net.cpp:557] relu3 -> conv3 (in-place)
I1017 11:10:14.317966 250722 net.cpp:210] Setting up relu3
I1017 11:10:14.318055 250722 net.cpp:217] Top shape: 64 128 28 28 (6422528)
I1017 11:10:14.318102 250722 net.cpp:225] Memory required for data: 2019963136
I1017 11:10:14.318136 250722 layer_factory.hpp:114] Creating layer dropout3
I1017 11:10:14.318186 250722 net.cpp:160] Creating Layer dropout3
I1017 11:10:14.318217 250722 net.cpp:596] dropout3 <- conv3
I1017 11:10:14.318260 250722 net.cpp:570] dropout3 -> drop3
I1017 11:10:14.318326 250722 net.cpp:210] Setting up dropout3
I1017 11:10:14.318353 250722 net.cpp:217] Top shape: 64 128 28 28 (6422528)
I1017 11:10:14.318388 250722 net.cpp:225] Memory required for data: 2045653248
I1017 11:10:14.318414 250722 layer_factory.hpp:114] Creating layer pool3
I1017 11:10:14.318459 250722 net.cpp:160] Creating Layer pool3
I1017 11:10:14.318481 250722 net.cpp:596] pool3 <- drop3
I1017 11:10:14.318516 250722 net.cpp:570] pool3 -> pool3
I1017 11:10:14.322756 250722 net.cpp:210] Setting up pool3
I1017 11:10:14.322842 250722 net.cpp:217] Top shape: 64 128 14 14 (1605632)
I1017 11:10:14.322886 250722 net.cpp:225] Memory required for data: 2052075776
I1017 11:10:14.322916 250722 layer_factory.hpp:114] Creating layer conv4
I1017 11:10:14.322993 250722 net.cpp:160] Creating Layer conv4
I1017 11:10:14.323031 250722 net.cpp:596] conv4 <- pool3
I1017 11:10:14.323077 250722 net.cpp:570] conv4 -> conv4
I1017 11:10:14.406031 250722 net.cpp:210] Setting up conv4
I1017 11:10:14.406122 250722 net.cpp:217] Top shape: 64 128 12 12 (1179648)
I1017 11:10:14.406170 250722 net.cpp:225] Memory required for data: 2056794368
I1017 11:10:14.406231 250722 layer_factory.hpp:114] Creating layer relu4
I1017 11:10:14.406299 250722 net.cpp:160] Creating Layer relu4
I1017 11:10:14.406333 250722 net.cpp:596] relu4 <- conv4
I1017 11:10:14.406375 250722 net.cpp:557] relu4 -> conv4 (in-place)
I1017 11:10:14.410606 250722 net.cpp:210] Setting up relu4
I1017 11:10:14.410694 250722 net.cpp:217] Top shape: 64 128 12 12 (1179648)
I1017 11:10:14.410739 250722 net.cpp:225] Memory required for data: 2061512960
I1017 11:10:14.410770 250722 layer_factory.hpp:114] Creating layer dropout4
I1017 11:10:14.410817 250722 net.cpp:160] Creating Layer dropout4
I1017 11:10:14.410845 250722 net.cpp:596] dropout4 <- conv4
I1017 11:10:14.410883 250722 net.cpp:570] dropout4 -> drop4
I1017 11:10:14.410944 250722 net.cpp:210] Setting up dropout4
I1017 11:10:14.410972 250722 net.cpp:217] Top shape: 64 128 12 12 (1179648)
I1017 11:10:14.411005 250722 net.cpp:225] Memory required for data: 2066231552
I1017 11:10:14.411029 250722 layer_factory.hpp:114] Creating layer pool4
I1017 11:10:14.411077 250722 net.cpp:160] Creating Layer pool4
I1017 11:10:14.411103 250722 net.cpp:596] pool4 <- drop4
I1017 11:10:14.411141 250722 net.cpp:570] pool4 -> pool4
I1017 11:10:14.415503 250722 net.cpp:210] Setting up pool4
I1017 11:10:14.415660 250722 net.cpp:217] Top shape: 64 128 6 6 (294912)
I1017 11:10:14.415707 250722 net.cpp:225] Memory required for data: 2067411200
I1017 11:10:14.415737 250722 layer_factory.hpp:114] Creating layer fc1
I1017 11:10:14.415809 250722 net.cpp:160] Creating Layer fc1
I1017 11:10:14.415839 250722 net.cpp:596] fc1 <- pool4
I1017 11:10:14.415881 250722 net.cpp:570] fc1 -> fc1
I1017 11:10:14.651329 250722 net.cpp:210] Setting up fc1
I1017 11:10:14.651415 250722 net.cpp:217] Top shape: 64 1024 (65536)
I1017 11:10:14.651458 250722 net.cpp:225] Memory required for data: 2067673344
I1017 11:10:14.651526 250722 layer_factory.hpp:114] Creating layer dropout5
I1017 11:10:14.651633 250722 net.cpp:160] Creating Layer dropout5
I1017 11:10:14.651672 250722 net.cpp:596] dropout5 <- fc1
I1017 11:10:14.651711 250722 net.cpp:570] dropout5 -> drop5
I1017 11:10:14.651770 250722 net.cpp:210] Setting up dropout5
I1017 11:10:14.651796 250722 net.cpp:217] Top shape: 64 1024 (65536)
I1017 11:10:14.651831 250722 net.cpp:225] Memory required for data: 2067935488
I1017 11:10:14.651857 250722 layer_factory.hpp:114] Creating layer fc2
I1017 11:10:14.651943 250722 net.cpp:160] Creating Layer fc2
I1017 11:10:14.651978 250722 net.cpp:596] fc2 <- drop5
I1017 11:10:14.652166 250722 net.cpp:570] fc2 -> fc2
I1017 11:10:14.655715 250722 net.cpp:210] Setting up fc2
I1017 11:10:14.655800 250722 net.cpp:217] Top shape: 64 2 (128)
I1017 11:10:14.655841 250722 net.cpp:225] Memory required for data: 2067936000
I1017 11:10:14.655896 250722 layer_factory.hpp:114] Creating layer loss
I1017 11:10:14.655959 250722 net.cpp:160] Creating Layer loss
I1017 11:10:14.655989 250722 net.cpp:596] loss <- fc2
I1017 11:10:14.656016 250722 net.cpp:596] loss <- label
I1017 11:10:14.656060 250722 net.cpp:570] loss -> (automatic)
I1017 11:10:14.656116 250722 layer_factory.hpp:114] Creating layer loss
I1017 11:10:14.659392 250722 net.cpp:210] Setting up loss
I1017 11:10:14.659476 250722 net.cpp:217] Top shape: (1)
I1017 11:10:14.659515 250722 net.cpp:220]     with loss weight 1
I1017 11:10:14.659690 250722 net.cpp:225] Memory required for data: 2067936004
I1017 11:10:14.659729 250722 net.cpp:287] loss needs backward computation.
I1017 11:10:14.659754 250722 net.cpp:287] fc2 needs backward computation.
I1017 11:10:14.659775 250722 net.cpp:287] dropout5 needs backward computation.
I1017 11:10:14.659797 250722 net.cpp:287] fc1 needs backward computation.
I1017 11:10:14.659817 250722 net.cpp:287] pool4 needs backward computation.
I1017 11:10:14.659837 250722 net.cpp:287] dropout4 needs backward computation.
I1017 11:10:14.659857 250722 net.cpp:287] relu4 needs backward computation.
I1017 11:10:14.659876 250722 net.cpp:287] conv4 needs backward computation.
I1017 11:10:14.659898 250722 net.cpp:287] pool3 needs backward computation.
I1017 11:10:14.659917 250722 net.cpp:287] dropout3 needs backward computation.
I1017 11:10:14.659937 250722 net.cpp:287] relu3 needs backward computation.
I1017 11:10:14.659955 250722 net.cpp:287] conv3 needs backward computation.
I1017 11:10:14.659975 250722 net.cpp:287] pool2 needs backward computation.
I1017 11:10:14.660025 250722 net.cpp:287] dropout2 needs backward computation.
I1017 11:10:14.660059 250722 net.cpp:287] relu2 needs backward computation.
I1017 11:10:14.660084 250722 net.cpp:287] conv2 needs backward computation.
I1017 11:10:14.660104 250722 net.cpp:287] pool1 needs backward computation.
I1017 11:10:14.660161 250722 net.cpp:287] dropout1 needs backward computation.
I1017 11:10:14.660189 250722 net.cpp:287] relu1 needs backward computation.
I1017 11:10:14.660339 250722 net.cpp:287] conv1 needs backward computation.
I1017 11:10:14.660495 250722 net.cpp:289] data does not need backward computation.
I1017 11:10:14.660554 250722 net.cpp:345] Network initialization done.
I1017 11:10:14.660953 250722 caffe.cpp:445] Performing Forward
I1017 11:10:22.858651 250722 caffe.cpp:450] Initial loss: 33.1491
I1017 11:10:22.858762 250722 caffe.cpp:452] Performing Backward
I1017 11:10:28.555929 250722 caffe.cpp:461] *** Benchmark begins ***
I1017 11:10:28.556032 250722 caffe.cpp:462] Testing for 10 iterations.
I1017 11:10:41.583554 250722 caffe.cpp:491] Iteration: 1 forward-backward time: 13027 ms.
I1017 11:10:54.594038 250722 caffe.cpp:491] Iteration: 2 forward-backward time: 13010 ms.
I1017 11:11:07.613567 250722 caffe.cpp:491] Iteration: 3 forward-backward time: 13017 ms.
I1017 11:11:20.636440 250722 caffe.cpp:491] Iteration: 4 forward-backward time: 13022 ms.
I1017 11:11:33.642688 250722 caffe.cpp:491] Iteration: 5 forward-backward time: 13006 ms.
I1017 11:11:46.653939 250722 caffe.cpp:491] Iteration: 6 forward-backward time: 13009 ms.
I1017 11:11:59.662770 250722 caffe.cpp:491] Iteration: 7 forward-backward time: 13008 ms.
I1017 11:12:12.677032 250722 caffe.cpp:491] Iteration: 8 forward-backward time: 13014 ms.
I1017 11:12:25.677173 250722 caffe.cpp:491] Iteration: 9 forward-backward time: 12999 ms.
I1017 11:12:38.670656 250722 caffe.cpp:491] Iteration: 10 forward-backward time: 12993 ms.
I1017 11:12:38.670755 250722 caffe.cpp:498] Average time per layer: 
I1017 11:12:38.670775 250722 caffe.cpp:501]       data	forward: 142.916 ms.
I1017 11:12:38.670801 250722 caffe.cpp:505]       data	backward: 0.0031 ms.
I1017 11:12:38.670826 250722 caffe.cpp:501]      conv1	forward: 225.256 ms.
I1017 11:12:38.670852 250722 caffe.cpp:505]      conv1	backward: 115.578 ms.
I1017 11:12:38.670876 250722 caffe.cpp:501]      relu1	forward: 33.2352 ms.
I1017 11:12:38.670902 250722 caffe.cpp:505]      relu1	backward: 341.392 ms.
I1017 11:12:38.670925 250722 caffe.cpp:501]   dropout1	forward: 726.487 ms.
I1017 11:12:38.670950 250722 caffe.cpp:505]   dropout1	backward: 322.233 ms.
I1017 11:12:38.670974 250722 caffe.cpp:501]      pool1	forward: 1185.67 ms.
I1017 11:12:38.670999 250722 caffe.cpp:505]      pool1	backward: 265.435 ms.
I1017 11:12:38.671023 250722 caffe.cpp:501]      conv2	forward: 4392.44 ms.
I1017 11:12:38.671047 250722 caffe.cpp:505]      conv2	backward: 3908.88 ms.
I1017 11:12:38.671072 250722 caffe.cpp:501]      relu2	forward: 7.8188 ms.
I1017 11:12:38.671095 250722 caffe.cpp:505]      relu2	backward: 81.5159 ms.
I1017 11:12:38.671120 250722 caffe.cpp:501]   dropout2	forward: 159.066 ms.
I1017 11:12:38.671171 250722 caffe.cpp:505]   dropout2	backward: 62.9452 ms.
I1017 11:12:38.671203 250722 caffe.cpp:501]      pool2	forward: 286.109 ms.
I1017 11:12:38.671229 250722 caffe.cpp:505]      pool2	backward: 67.0545 ms.
I1017 11:12:38.671255 250722 caffe.cpp:501]      conv3	forward: 141.391 ms.
I1017 11:12:38.671281 250722 caffe.cpp:505]      conv3	backward: 262.93 ms.
I1017 11:12:38.671316 250722 caffe.cpp:501]      relu3	forward: 1.7945 ms.
I1017 11:12:38.671349 250722 caffe.cpp:505]      relu3	backward: 18.5718 ms.
I1017 11:12:38.671375 250722 caffe.cpp:501]   dropout3	forward: 37.8162 ms.
I1017 11:12:38.671428 250722 caffe.cpp:505]   dropout3	backward: 16.0067 ms.
I1017 11:12:38.671455 250722 caffe.cpp:501]      pool3	forward: 63.4392 ms.
I1017 11:12:38.671480 250722 caffe.cpp:505]      pool3	backward: 16.1771 ms.
I1017 11:12:38.671509 250722 caffe.cpp:501]      conv4	forward: 26.5785 ms.
I1017 11:12:38.671535 250722 caffe.cpp:505]      conv4	backward: 47.5814 ms.
I1017 11:12:38.671560 250722 caffe.cpp:501]      relu4	forward: 0.3645 ms.
I1017 11:12:38.671613 250722 caffe.cpp:505]      relu4	backward: 5.9903 ms.
I1017 11:12:38.671638 250722 caffe.cpp:501]   dropout4	forward: 7.543 ms.
I1017 11:12:38.671667 250722 caffe.cpp:505]   dropout4	backward: 3.4759 ms.
I1017 11:12:38.671741 250722 caffe.cpp:501]      pool4	forward: 12.0481 ms.
I1017 11:12:38.671782 250722 caffe.cpp:505]      pool4	backward: 3.0046 ms.
I1017 11:12:38.671810 250722 caffe.cpp:501]        fc1	forward: 6.8298 ms.
I1017 11:12:38.671897 250722 caffe.cpp:505]        fc1	backward: 13.9758 ms.
I1017 11:12:38.671952 250722 caffe.cpp:501]   dropout5	forward: 0.3055 ms.
I1017 11:12:38.671978 250722 caffe.cpp:505]   dropout5	backward: 0.0604 ms.
I1017 11:12:38.672003 250722 caffe.cpp:501]        fc2	forward: 0.2146 ms.
I1017 11:12:38.672116 250722 caffe.cpp:505]        fc2	backward: 0.1833 ms.
I1017 11:12:38.672142 250722 caffe.cpp:501]       loss	forward: 0.1707 ms.
I1017 11:12:38.672173 250722 caffe.cpp:505]       loss	backward: 0.0108 ms.
I1017 11:12:38.672207 250722 caffe.cpp:511] Average Forward pass: 7457.73 ms.
I1017 11:12:38.672231 250722 caffe.cpp:514] Average Backward pass: 5553.23 ms.
I1017 11:12:38.672256 250722 caffe.cpp:516] Average Forward-Backward: 13011.6 ms.
I1017 11:12:38.672291 250722 caffe.cpp:519] Total Time: 130116 ms.
I1017 11:12:38.672344 250722 caffe.cpp:520] *** Benchmark ends ***
