I1017 11:12:40.825685 250834 caffe.cpp:437] Use CPU.
I1017 11:12:40.864348 250834 cpu_info.cpp:452] Processor speed [MHz]: 1400
I1017 11:12:40.864416 250834 cpu_info.cpp:455] Total number of sockets: 1
I1017 11:12:40.864435 250834 cpu_info.cpp:458] Total number of CPU cores: 68
I1017 11:12:40.864451 250834 cpu_info.cpp:461] Total number of processors: 272
I1017 11:12:40.864466 250834 cpu_info.cpp:464] GPU is used: no
I1017 11:12:40.864481 250834 cpu_info.cpp:467] OpenMP environmental variables are specified: yes
I1017 11:12:40.864495 250834 cpu_info.cpp:470] OpenMP thread bind allowed: no
I1017 11:12:40.864511 250834 cpu_info.cpp:473] Number of OpenMP threads: 1
I1017 11:12:40.890203 250834 net.cpp:484] The NetState phase (0) differed from the phase (1) specified by a rule in layer data
I1017 11:12:40.891367 250834 net.cpp:120] Initializing net from parameters: 
name: "HEP_CLASSIFIER"
state {
  phase: TRAIN
  level: 0
  stage: ""
}
layer {
  name: "data"
  type: "DummyData"
  top: "data"
  top: "label"
  include {
    phase: TRAIN
  }
  dummy_data_param {
    data_filler {
      type: "gaussian"
      std: 1
    }
    data_filler {
      type: "constant"
      value: 0
    }
    shape {
      dim: 64
      dim: 3
      dim: 124
      dim: 124
    }
    shape {
      dim: 64
      dim: 1
      dim: 1
      dim: 1
    }
  }
}
layer {
  name: "conv1"
  type: "Convolution"
  bottom: "data"
  top: "conv1"
  convolution_param {
    num_output: 128
    pad: 0
    kernel_size: 3
    stride: 1
    weight_filler {
      type: "msra"
    }
    bias_filler {
      type: "constant"
      value: 0
    }
  }
}
layer {
  name: "relu1"
  type: "ReLU"
  bottom: "conv1"
  top: "conv1"
  relu_param {
    negative_slope: 0.1
  }
}
layer {
  name: "dropout1"
  type: "Dropout"
  bottom: "conv1"
  top: "drop1"
}
layer {
  name: "pool1"
  type: "Pooling"
  bottom: "drop1"
  top: "pool1"
  pooling_param {
    pool: MAX
    kernel_size: 2
    stride: 2
  }
}
layer {
  name: "conv2"
  type: "Convolution"
  bottom: "pool1"
  top: "conv2"
  convolution_param {
    num_output: 128
    pad: 0
    kernel_size: 3
    stride: 1
    weight_filler {
      type: "msra"
    }
    bias_filler {
      type: "constant"
      value: 0
    }
  }
}
layer {
  name: "relu2"
  type: "ReLU"
  bottom: "conv2"
  top: "conv2"
  relu_param {
    negative_slope: 0.1
  }
}
layer {
  name: "dropout2"
  type: "Dropout"
  bottom: "conv2"
  top: "drop2"
}
layer {
  name: "pool2"
  type: "Pooling"
  bottom: "drop2"
  top: "pool2"
  pooling_param {
    pool: MAX
    kernel_size: 2
    stride: 2
  }
}
layer {
  name: "conv3"
  type: "Convolution"
  bottom: "pool2"
  top: "conv3"
  convolution_param {
    num_output: 128
    pad: 0
    kernel_size: 3
    stride: 1
    weight_filler {
      type: "msra"
    }
    bias_filler {
      type: "constant"
      value: 0
    }
  }
}
layer {
  name: "relu3"
  type: "ReLU"
  bottom: "conv3"
  top: "conv3"
  relu_param {
    negative_slope: 0.1
  }
}
layer {
  name: "dropout3"
  type: "Dropout"
  bottom: "conv3"
  top: "drop3"
}
layer {
  name: "pool3"
  type: "Pooling"
  bottom: "drop3"
  top: "pool3"
  pooling_param {
    pool: MAX
    kernel_size: 2
    stride: 2
  }
}
layer {
  name: "conv4"
  type: "Convolution"
  bottom: "pool3"
  top: "conv4"
  convolution_param {
    num_output: 128
    pad: 0
    kernel_size: 3
    stride: 1
    weight_filler {
      type: "msra"
    }
    bias_filler {
      type: "constant"
      value: 0
    }
  }
}
layer {
  name: "relu4"
  type: "ReLU"
  bottom: "conv4"
  top: "conv4"
  relu_param {
    negative_slope: 0.1
  }
}
layer {
  name: "dropout4"
  type: "Dropout"
  bottom: "conv4"
  top: "drop4"
}
layer {
  name: "pool4"
  type: "Pooling"
  bottom: "drop4"
  top: "pool4"
  pooling_param {
    pool: MAX
    kernel_size: 2
    stride: 2
  }
}
layer {
  name: "fc1"
  type: "InnerProduct"
  bottom: "pool4"
  top: "fc1"
  inner_product_param {
    num_output: 1024
    weight_filler {
      type: "msra"
    }
    bias_filler {
      type: "constant"
      value: 0
    }
  }
}
layer {
  name: "dropout5"
  type: "Dropout"
  bottom: "fc1"
  top: "drop5"
}
layer {
  name: "fc2"
  type: "InnerProduct"
  bottom: "drop5"
  top: "fc2"
  inner_product_param {
    num_output: 2
    weight_filler {
      type: "msra"
    }
    bias_filler {
      type: "constant"
      value: 0
    }
  }
}
layer {
  name: "loss"
  type: "SoftmaxWithLoss"
  bottom: "fc2"
  bottom: "label"
}
I1017 11:12:40.892859 250834 layer_factory.hpp:114] Creating layer data
I1017 11:12:40.892943 250834 net.cpp:160] Creating Layer data
I1017 11:12:40.892982 250834 net.cpp:570] data -> data
I1017 11:12:40.893056 250834 net.cpp:570] data -> label
I1017 11:12:40.916144 250834 net.cpp:210] Setting up data
I1017 11:12:40.916254 250834 net.cpp:217] Top shape: 64 3 124 124 (2952192)
I1017 11:12:40.916317 250834 net.cpp:217] Top shape: 64 1 1 1 (64)
I1017 11:12:40.916352 250834 net.cpp:225] Memory required for data: 11809024
I1017 11:12:40.916384 250834 layer_factory.hpp:114] Creating layer conv1
I1017 11:12:40.916501 250834 net.cpp:160] Creating Layer conv1
I1017 11:12:40.916550 250834 net.cpp:596] conv1 <- data
I1017 11:12:40.916633 250834 net.cpp:570] conv1 -> conv1
I1017 11:12:41.030907 250834 net.cpp:210] Setting up conv1
I1017 11:12:41.031021 250834 net.cpp:217] Top shape: 64 128 122 122 (121929728)
I1017 11:12:41.031061 250834 net.cpp:225] Memory required for data: 499527936
I1017 11:12:41.031143 250834 layer_factory.hpp:114] Creating layer relu1
I1017 11:12:41.031211 250834 net.cpp:160] Creating Layer relu1
I1017 11:12:41.031239 250834 net.cpp:596] relu1 <- conv1
I1017 11:12:41.031272 250834 net.cpp:557] relu1 -> conv1 (in-place)
I1017 11:12:41.035802 250834 net.cpp:210] Setting up relu1
I1017 11:12:41.035887 250834 net.cpp:217] Top shape: 64 128 122 122 (121929728)
I1017 11:12:41.035931 250834 net.cpp:225] Memory required for data: 987246848
I1017 11:12:41.036015 250834 layer_factory.hpp:114] Creating layer dropout1
I1017 11:12:41.036095 250834 net.cpp:160] Creating Layer dropout1
I1017 11:12:41.036223 250834 net.cpp:596] dropout1 <- conv1
I1017 11:12:41.036660 250834 net.cpp:570] dropout1 -> drop1
I1017 11:12:41.036864 250834 net.cpp:210] Setting up dropout1
I1017 11:12:41.036916 250834 net.cpp:217] Top shape: 64 128 122 122 (121929728)
I1017 11:12:41.036975 250834 net.cpp:225] Memory required for data: 1474965760
I1017 11:12:41.037017 250834 layer_factory.hpp:114] Creating layer pool1
I1017 11:12:41.037119 250834 net.cpp:160] Creating Layer pool1
I1017 11:12:41.037166 250834 net.cpp:596] pool1 <- drop1
I1017 11:12:41.037228 250834 net.cpp:570] pool1 -> pool1
I1017 11:12:41.041472 250834 net.cpp:210] Setting up pool1
I1017 11:12:41.041563 250834 net.cpp:217] Top shape: 64 128 61 61 (30482432)
I1017 11:12:41.041605 250834 net.cpp:225] Memory required for data: 1596895488
I1017 11:12:41.041635 250834 layer_factory.hpp:114] Creating layer conv2
I1017 11:12:41.041714 250834 net.cpp:160] Creating Layer conv2
I1017 11:12:41.041749 250834 net.cpp:596] conv2 <- pool1
I1017 11:12:41.041792 250834 net.cpp:570] conv2 -> conv2
I1017 11:12:41.137383 250834 net.cpp:210] Setting up conv2
I1017 11:12:41.137481 250834 net.cpp:217] Top shape: 64 128 59 59 (28516352)
I1017 11:12:41.137545 250834 net.cpp:225] Memory required for data: 1710960896
I1017 11:12:41.137632 250834 layer_factory.hpp:114] Creating layer relu2
I1017 11:12:41.137727 250834 net.cpp:160] Creating Layer relu2
I1017 11:12:41.137780 250834 net.cpp:596] relu2 <- conv2
I1017 11:12:41.137846 250834 net.cpp:557] relu2 -> conv2 (in-place)
I1017 11:12:41.142395 250834 net.cpp:210] Setting up relu2
I1017 11:12:41.142482 250834 net.cpp:217] Top shape: 64 128 59 59 (28516352)
I1017 11:12:41.142529 250834 net.cpp:225] Memory required for data: 1825026304
I1017 11:12:41.142565 250834 layer_factory.hpp:114] Creating layer dropout2
I1017 11:12:41.142616 250834 net.cpp:160] Creating Layer dropout2
I1017 11:12:41.142647 250834 net.cpp:596] dropout2 <- conv2
I1017 11:12:41.142689 250834 net.cpp:570] dropout2 -> drop2
I1017 11:12:41.142762 250834 net.cpp:210] Setting up dropout2
I1017 11:12:41.142799 250834 net.cpp:217] Top shape: 64 128 59 59 (28516352)
I1017 11:12:41.142839 250834 net.cpp:225] Memory required for data: 1939091712
I1017 11:12:41.142905 250834 layer_factory.hpp:114] Creating layer pool2
I1017 11:12:41.143035 250834 net.cpp:160] Creating Layer pool2
I1017 11:12:41.143347 250834 net.cpp:596] pool2 <- drop2
I1017 11:12:41.143784 250834 net.cpp:570] pool2 -> pool2
I1017 11:12:41.148383 250834 net.cpp:210] Setting up pool2
I1017 11:12:41.148469 250834 net.cpp:217] Top shape: 64 128 30 30 (7372800)
I1017 11:12:41.148514 250834 net.cpp:225] Memory required for data: 1968582912
I1017 11:12:41.148545 250834 layer_factory.hpp:114] Creating layer conv3
I1017 11:12:41.148622 250834 net.cpp:160] Creating Layer conv3
I1017 11:12:41.148658 250834 net.cpp:596] conv3 <- pool2
I1017 11:12:41.148705 250834 net.cpp:570] conv3 -> conv3
I1017 11:12:41.235862 250834 net.cpp:210] Setting up conv3
I1017 11:12:41.235954 250834 net.cpp:217] Top shape: 64 128 28 28 (6422528)
I1017 11:12:41.236009 250834 net.cpp:225] Memory required for data: 1994273024
I1017 11:12:41.236101 250834 layer_factory.hpp:114] Creating layer relu3
I1017 11:12:41.236181 250834 net.cpp:160] Creating Layer relu3
I1017 11:12:41.236220 250834 net.cpp:596] relu3 <- conv3
I1017 11:12:41.236268 250834 net.cpp:557] relu3 -> conv3 (in-place)
I1017 11:12:41.240778 250834 net.cpp:210] Setting up relu3
I1017 11:12:41.240865 250834 net.cpp:217] Top shape: 64 128 28 28 (6422528)
I1017 11:12:41.240912 250834 net.cpp:225] Memory required for data: 2019963136
I1017 11:12:41.240947 250834 layer_factory.hpp:114] Creating layer dropout3
I1017 11:12:41.240993 250834 net.cpp:160] Creating Layer dropout3
I1017 11:12:41.241024 250834 net.cpp:596] dropout3 <- conv3
I1017 11:12:41.241066 250834 net.cpp:570] dropout3 -> drop3
I1017 11:12:41.241140 250834 net.cpp:210] Setting up dropout3
I1017 11:12:41.241175 250834 net.cpp:217] Top shape: 64 128 28 28 (6422528)
I1017 11:12:41.241214 250834 net.cpp:225] Memory required for data: 2045653248
I1017 11:12:41.241245 250834 layer_factory.hpp:114] Creating layer pool3
I1017 11:12:41.241314 250834 net.cpp:160] Creating Layer pool3
I1017 11:12:41.241363 250834 net.cpp:596] pool3 <- drop3
I1017 11:12:41.241700 250834 net.cpp:570] pool3 -> pool3
I1017 11:12:41.246387 250834 net.cpp:210] Setting up pool3
I1017 11:12:41.246474 250834 net.cpp:217] Top shape: 64 128 14 14 (1605632)
I1017 11:12:41.246515 250834 net.cpp:225] Memory required for data: 2052075776
I1017 11:12:41.246544 250834 layer_factory.hpp:114] Creating layer conv4
I1017 11:12:41.246620 250834 net.cpp:160] Creating Layer conv4
I1017 11:12:41.246655 250834 net.cpp:596] conv4 <- pool3
I1017 11:12:41.246701 250834 net.cpp:570] conv4 -> conv4
I1017 11:12:41.327812 250834 net.cpp:210] Setting up conv4
I1017 11:12:41.327896 250834 net.cpp:217] Top shape: 64 128 12 12 (1179648)
I1017 11:12:41.327942 250834 net.cpp:225] Memory required for data: 2056794368
I1017 11:12:41.328006 250834 layer_factory.hpp:114] Creating layer relu4
I1017 11:12:41.328075 250834 net.cpp:160] Creating Layer relu4
I1017 11:12:41.328111 250834 net.cpp:596] relu4 <- conv4
I1017 11:12:41.328157 250834 net.cpp:557] relu4 -> conv4 (in-place)
I1017 11:12:41.332779 250834 net.cpp:210] Setting up relu4
I1017 11:12:41.332866 250834 net.cpp:217] Top shape: 64 128 12 12 (1179648)
I1017 11:12:41.332911 250834 net.cpp:225] Memory required for data: 2061512960
I1017 11:12:41.332945 250834 layer_factory.hpp:114] Creating layer dropout4
I1017 11:12:41.332993 250834 net.cpp:160] Creating Layer dropout4
I1017 11:12:41.333020 250834 net.cpp:596] dropout4 <- conv4
I1017 11:12:41.333061 250834 net.cpp:570] dropout4 -> drop4
I1017 11:12:41.333130 250834 net.cpp:210] Setting up dropout4
I1017 11:12:41.333163 250834 net.cpp:217] Top shape: 64 128 12 12 (1179648)
I1017 11:12:41.333202 250834 net.cpp:225] Memory required for data: 2066231552
I1017 11:12:41.333232 250834 layer_factory.hpp:114] Creating layer pool4
I1017 11:12:41.333299 250834 net.cpp:160] Creating Layer pool4
I1017 11:12:41.333348 250834 net.cpp:596] pool4 <- drop4
I1017 11:12:41.333472 250834 net.cpp:570] pool4 -> pool4
I1017 11:12:41.338243 250834 net.cpp:210] Setting up pool4
I1017 11:12:41.338352 250834 net.cpp:217] Top shape: 64 128 6 6 (294912)
I1017 11:12:41.338393 250834 net.cpp:225] Memory required for data: 2067411200
I1017 11:12:41.338423 250834 layer_factory.hpp:114] Creating layer fc1
I1017 11:12:41.338493 250834 net.cpp:160] Creating Layer fc1
I1017 11:12:41.338526 250834 net.cpp:596] fc1 <- pool4
I1017 11:12:41.338568 250834 net.cpp:570] fc1 -> fc1
I1017 11:12:41.574586 250834 net.cpp:210] Setting up fc1
I1017 11:12:41.574673 250834 net.cpp:217] Top shape: 64 1024 (65536)
I1017 11:12:41.574713 250834 net.cpp:225] Memory required for data: 2067673344
I1017 11:12:41.574780 250834 layer_factory.hpp:114] Creating layer dropout5
I1017 11:12:41.574831 250834 net.cpp:160] Creating Layer dropout5
I1017 11:12:41.574857 250834 net.cpp:596] dropout5 <- fc1
I1017 11:12:41.574894 250834 net.cpp:570] dropout5 -> drop5
I1017 11:12:41.574957 250834 net.cpp:210] Setting up dropout5
I1017 11:12:41.574985 250834 net.cpp:217] Top shape: 64 1024 (65536)
I1017 11:12:41.575021 250834 net.cpp:225] Memory required for data: 2067935488
I1017 11:12:41.575045 250834 layer_factory.hpp:114] Creating layer fc2
I1017 11:12:41.575122 250834 net.cpp:160] Creating Layer fc2
I1017 11:12:41.575217 250834 net.cpp:596] fc2 <- drop5
I1017 11:12:41.575557 250834 net.cpp:570] fc2 -> fc2
I1017 11:12:41.579231 250834 net.cpp:210] Setting up fc2
I1017 11:12:41.579318 250834 net.cpp:217] Top shape: 64 2 (128)
I1017 11:12:41.579356 250834 net.cpp:225] Memory required for data: 2067936000
I1017 11:12:41.579411 250834 layer_factory.hpp:114] Creating layer loss
I1017 11:12:41.579470 250834 net.cpp:160] Creating Layer loss
I1017 11:12:41.579499 250834 net.cpp:596] loss <- fc2
I1017 11:12:41.579526 250834 net.cpp:596] loss <- label
I1017 11:12:41.579602 250834 net.cpp:570] loss -> (automatic)
I1017 11:12:41.579682 250834 layer_factory.hpp:114] Creating layer loss
I1017 11:12:41.583129 250834 net.cpp:210] Setting up loss
I1017 11:12:41.583212 250834 net.cpp:217] Top shape: (1)
I1017 11:12:41.583250 250834 net.cpp:220]     with loss weight 1
I1017 11:12:41.583370 250834 net.cpp:225] Memory required for data: 2067936004
I1017 11:12:41.583405 250834 net.cpp:287] loss needs backward computation.
I1017 11:12:41.583431 250834 net.cpp:287] fc2 needs backward computation.
I1017 11:12:41.583451 250834 net.cpp:287] dropout5 needs backward computation.
I1017 11:12:41.583472 250834 net.cpp:287] fc1 needs backward computation.
I1017 11:12:41.583492 250834 net.cpp:287] pool4 needs backward computation.
I1017 11:12:41.583511 250834 net.cpp:287] dropout4 needs backward computation.
I1017 11:12:41.583531 250834 net.cpp:287] relu4 needs backward computation.
I1017 11:12:41.583549 250834 net.cpp:287] conv4 needs backward computation.
I1017 11:12:41.583611 250834 net.cpp:287] pool3 needs backward computation.
I1017 11:12:41.583655 250834 net.cpp:287] dropout3 needs backward computation.
I1017 11:12:41.583688 250834 net.cpp:287] relu3 needs backward computation.
I1017 11:12:41.583784 250834 net.cpp:287] conv3 needs backward computation.
I1017 11:12:41.583842 250834 net.cpp:287] pool2 needs backward computation.
I1017 11:12:41.583925 250834 net.cpp:287] dropout2 needs backward computation.
I1017 11:12:41.583961 250834 net.cpp:287] relu2 needs backward computation.
I1017 11:12:41.583989 250834 net.cpp:287] conv2 needs backward computation.
I1017 11:12:41.584019 250834 net.cpp:287] pool1 needs backward computation.
I1017 11:12:41.584049 250834 net.cpp:287] dropout1 needs backward computation.
I1017 11:12:41.584082 250834 net.cpp:287] relu1 needs backward computation.
I1017 11:12:41.584108 250834 net.cpp:287] conv1 needs backward computation.
I1017 11:12:41.584141 250834 net.cpp:289] data does not need backward computation.
I1017 11:12:41.584215 250834 net.cpp:345] Network initialization done.
I1017 11:12:41.584743 250834 caffe.cpp:445] Performing Forward
I1017 11:12:57.182255 250834 caffe.cpp:450] Initial loss: 9.89178
I1017 11:12:57.182365 250834 caffe.cpp:452] Performing Backward
I1017 11:13:08.146559 250834 caffe.cpp:461] *** Benchmark begins ***
I1017 11:13:08.146667 250834 caffe.cpp:462] Testing for 10 iterations.
I1017 11:13:33.925935 250834 caffe.cpp:491] Iteration: 1 forward-backward time: 25779 ms.
I1017 11:13:59.698987 250834 caffe.cpp:491] Iteration: 2 forward-backward time: 25771 ms.
I1017 11:14:25.480296 250834 caffe.cpp:491] Iteration: 3 forward-backward time: 25781 ms.
I1017 11:14:51.279219 250834 caffe.cpp:491] Iteration: 4 forward-backward time: 25797 ms.
I1017 11:15:17.073721 250834 caffe.cpp:491] Iteration: 5 forward-backward time: 25794 ms.
I1017 11:15:42.864960 250834 caffe.cpp:491] Iteration: 6 forward-backward time: 25789 ms.
I1017 11:16:08.646147 250834 caffe.cpp:491] Iteration: 7 forward-backward time: 25781 ms.
I1017 11:16:34.439479 250834 caffe.cpp:491] Iteration: 8 forward-backward time: 25791 ms.
I1017 11:17:00.230201 250834 caffe.cpp:491] Iteration: 9 forward-backward time: 25790 ms.
I1017 11:17:26.316032 250834 caffe.cpp:491] Iteration: 10 forward-backward time: 25774 ms.
I1017 11:17:26.316140 250834 caffe.cpp:498] Average time per layer: 
I1017 11:17:26.316166 250834 caffe.cpp:501]       data	forward: 142.972 ms.
I1017 11:17:26.316200 250834 caffe.cpp:505]       data	backward: 0.0035 ms.
I1017 11:17:26.316229 250834 caffe.cpp:501]      conv1	forward: 449.128 ms.
I1017 11:17:26.316262 250834 caffe.cpp:505]      conv1	backward: 228.844 ms.
I1017 11:17:26.316294 250834 caffe.cpp:501]      relu1	forward: 63.6153 ms.
I1017 11:17:26.316324 250834 caffe.cpp:505]      relu1	backward: 676.241 ms.
I1017 11:17:26.316354 250834 caffe.cpp:501]   dropout1	forward: 1432.73 ms.
I1017 11:17:26.316386 250834 caffe.cpp:505]   dropout1	backward: 623.301 ms.
I1017 11:17:26.316418 250834 caffe.cpp:501]      pool1	forward: 2373.84 ms.
I1017 11:17:26.316452 250834 caffe.cpp:505]      pool1	backward: 525.701 ms.
I1017 11:17:26.316486 250834 caffe.cpp:501]      conv2	forward: 8783.74 ms.
I1017 11:17:26.316521 250834 caffe.cpp:505]      conv2	backward: 7800.63 ms.
I1017 11:17:26.316555 250834 caffe.cpp:501]      relu2	forward: 14.9128 ms.
I1017 11:17:26.316622 250834 caffe.cpp:505]      relu2	backward: 161.569 ms.
I1017 11:17:26.316659 250834 caffe.cpp:501]   dropout2	forward: 316.496 ms.
I1017 11:17:26.316697 250834 caffe.cpp:505]   dropout2	backward: 124.751 ms.
I1017 11:17:26.316728 250834 caffe.cpp:501]      pool2	forward: 571.983 ms.
I1017 11:17:26.316768 250834 caffe.cpp:505]      pool2	backward: 132.943 ms.
I1017 11:17:26.316807 250834 caffe.cpp:501]      conv3	forward: 281.239 ms.
I1017 11:17:26.316920 250834 caffe.cpp:505]      conv3	backward: 526.054 ms.
I1017 11:17:26.316956 250834 caffe.cpp:501]      relu3	forward: 3.387 ms.
I1017 11:17:26.316992 250834 caffe.cpp:505]      relu3	backward: 36.5936 ms.
I1017 11:17:26.317163 250834 caffe.cpp:501]   dropout3	forward: 75.0675 ms.
I1017 11:17:26.317198 250834 caffe.cpp:505]   dropout3	backward: 31.7287 ms.
I1017 11:17:26.317461 250834 caffe.cpp:501]      pool3	forward: 126.742 ms.
I1017 11:17:26.317498 250834 caffe.cpp:505]      pool3	backward: 31.9246 ms.
I1017 11:17:26.317538 250834 caffe.cpp:501]      conv4	forward: 50.8182 ms.
I1017 11:17:26.317667 250834 caffe.cpp:505]      conv4	backward: 92.6386 ms.
I1017 11:17:26.317700 250834 caffe.cpp:501]      relu4	forward: 0.6409 ms.
I1017 11:17:26.317739 250834 caffe.cpp:505]      relu4	backward: 11.638 ms.
I1017 11:17:26.317880 250834 caffe.cpp:501]   dropout4	forward: 14.8186 ms.
I1017 11:17:26.317915 250834 caffe.cpp:505]   dropout4	backward: 6.8291 ms.
I1017 11:17:26.317946 250834 caffe.cpp:501]      pool4	forward: 24.024 ms.
I1017 11:17:26.317980 250834 caffe.cpp:505]      pool4	backward: 5.8922 ms.
I1017 11:17:26.318011 250834 caffe.cpp:501]        fc1	forward: 12.9704 ms.
I1017 11:17:26.318049 250834 caffe.cpp:505]        fc1	backward: 27.009 ms.
I1017 11:17:26.318177 250834 caffe.cpp:501]   dropout5	forward: 0.5431 ms.
I1017 11:17:26.318210 250834 caffe.cpp:505]   dropout5	backward: 0.0841 ms.
I1017 11:17:26.318243 250834 caffe.cpp:501]        fc2	forward: 0.0881 ms.
I1017 11:17:26.318274 250834 caffe.cpp:505]        fc2	backward: 0.1869 ms.
I1017 11:17:26.318306 250834 caffe.cpp:501]       loss	forward: 0.2407 ms.
I1017 11:17:26.318342 250834 caffe.cpp:505]       loss	backward: 0.0117 ms.
I1017 11:17:26.318385 250834 caffe.cpp:511] Average Forward pass: 14740.2 ms.
I1017 11:17:26.318431 250834 caffe.cpp:514] Average Backward pass: 11044.8 ms.
I1017 11:17:26.318476 250834 caffe.cpp:516] Average Forward-Backward: 25817.1 ms.
I1017 11:17:26.318531 250834 caffe.cpp:519] Total Time: 258171 ms.
I1017 11:17:26.318565 250834 caffe.cpp:520] *** Benchmark ends ***
