I1017 11:06:55.234943 250310 caffe.cpp:437] Use CPU.
I1017 11:06:55.273908 250310 cpu_info.cpp:452] Processor speed [MHz]: 1400
I1017 11:06:55.273972 250310 cpu_info.cpp:455] Total number of sockets: 1
I1017 11:06:55.273990 250310 cpu_info.cpp:458] Total number of CPU cores: 68
I1017 11:06:55.274005 250310 cpu_info.cpp:461] Total number of processors: 272
I1017 11:06:55.274020 250310 cpu_info.cpp:464] GPU is used: no
I1017 11:06:55.274034 250310 cpu_info.cpp:467] OpenMP environmental variables are specified: yes
I1017 11:06:55.274049 250310 cpu_info.cpp:470] OpenMP thread bind allowed: no
I1017 11:06:55.274063 250310 cpu_info.cpp:473] Number of OpenMP threads: 48
I1017 11:06:55.299546 250310 net.cpp:484] The NetState phase (0) differed from the phase (1) specified by a rule in layer data
I1017 11:06:55.300142 250310 net.cpp:120] Initializing net from parameters: 
name: "HEP_CLASSIFIER"
state {
  phase: TRAIN
  level: 0
  stage: ""
}
layer {
  name: "data"
  type: "DummyData"
  top: "data"
  top: "label"
  include {
    phase: TRAIN
  }
  dummy_data_param {
    data_filler {
      type: "gaussian"
      std: 1
    }
    data_filler {
      type: "constant"
      value: 0
    }
    shape {
      dim: 64
      dim: 3
      dim: 124
      dim: 124
    }
    shape {
      dim: 64
      dim: 1
      dim: 1
      dim: 1
    }
  }
}
layer {
  name: "conv1"
  type: "Convolution"
  bottom: "data"
  top: "conv1"
  convolution_param {
    num_output: 128
    pad: 0
    kernel_size: 3
    stride: 1
    weight_filler {
      type: "msra"
    }
    bias_filler {
      type: "constant"
      value: 0
    }
  }
}
layer {
  name: "relu1"
  type: "ReLU"
  bottom: "conv1"
  top: "conv1"
  relu_param {
    negative_slope: 0.1
  }
}
layer {
  name: "dropout1"
  type: "Dropout"
  bottom: "conv1"
  top: "drop1"
}
layer {
  name: "pool1"
  type: "Pooling"
  bottom: "drop1"
  top: "pool1"
  pooling_param {
    pool: MAX
    kernel_size: 2
    stride: 2
  }
}
layer {
  name: "conv2"
  type: "Convolution"
  bottom: "pool1"
  top: "conv2"
  convolution_param {
    num_output: 128
    pad: 0
    kernel_size: 3
    stride: 1
    weight_filler {
      type: "msra"
    }
    bias_filler {
      type: "constant"
      value: 0
    }
  }
}
layer {
  name: "relu2"
  type: "ReLU"
  bottom: "conv2"
  top: "conv2"
  relu_param {
    negative_slope: 0.1
  }
}
layer {
  name: "dropout2"
  type: "Dropout"
  bottom: "conv2"
  top: "drop2"
}
layer {
  name: "pool2"
  type: "Pooling"
  bottom: "drop2"
  top: "pool2"
  pooling_param {
    pool: MAX
    kernel_size: 2
    stride: 2
  }
}
layer {
  name: "conv3"
  type: "Convolution"
  bottom: "pool2"
  top: "conv3"
  convolution_param {
    num_output: 128
    pad: 0
    kernel_size: 3
    stride: 1
    weight_filler {
      type: "msra"
    }
    bias_filler {
      type: "constant"
      value: 0
    }
  }
}
layer {
  name: "relu3"
  type: "ReLU"
  bottom: "conv3"
  top: "conv3"
  relu_param {
    negative_slope: 0.1
  }
}
layer {
  name: "dropout3"
  type: "Dropout"
  bottom: "conv3"
  top: "drop3"
}
layer {
  name: "pool3"
  type: "Pooling"
  bottom: "drop3"
  top: "pool3"
  pooling_param {
    pool: MAX
    kernel_size: 2
    stride: 2
  }
}
layer {
  name: "conv4"
  type: "Convolution"
  bottom: "pool3"
  top: "conv4"
  convolution_param {
    num_output: 128
    pad: 0
    kernel_size: 3
    stride: 1
    weight_filler {
      type: "msra"
    }
    bias_filler {
      type: "constant"
      value: 0
    }
  }
}
layer {
  name: "relu4"
  type: "ReLU"
  bottom: "conv4"
  top: "conv4"
  relu_param {
    negative_slope: 0.1
  }
}
layer {
  name: "dropout4"
  type: "Dropout"
  bottom: "conv4"
  top: "drop4"
}
layer {
  name: "pool4"
  type: "Pooling"
  bottom: "drop4"
  top: "pool4"
  pooling_param {
    pool: MAX
    kernel_size: 2
    stride: 2
  }
}
layer {
  name: "fc1"
  type: "InnerProduct"
  bottom: "pool4"
  top: "fc1"
  inner_product_param {
    num_output: 1024
    weight_filler {
      type: "msra"
    }
    bias_filler {
      type: "constant"
      value: 0
    }
  }
}
layer {
  name: "dropout5"
  type: "Dropout"
  bottom: "fc1"
  top: "drop5"
}
layer {
  name: "fc2"
  type: "InnerProduct"
  bottom: "drop5"
  top: "fc2"
  inner_product_param {
    num_output: 2
    weight_filler {
      type: "msra"
    }
    bias_filler {
      type: "constant"
      value: 0
    }
  }
}
layer {
  name: "loss"
  type: "SoftmaxWithLoss"
  bottom: "fc2"
  bottom: "label"
}
I1017 11:06:55.301774 250310 layer_factory.hpp:114] Creating layer data
I1017 11:06:55.301856 250310 net.cpp:160] Creating Layer data
I1017 11:06:55.301890 250310 net.cpp:570] data -> data
I1017 11:06:55.301962 250310 net.cpp:570] data -> label
I1017 11:06:55.325147 250310 net.cpp:210] Setting up data
I1017 11:06:55.325256 250310 net.cpp:217] Top shape: 64 3 124 124 (2952192)
I1017 11:06:55.325320 250310 net.cpp:217] Top shape: 64 1 1 1 (64)
I1017 11:06:55.325357 250310 net.cpp:225] Memory required for data: 11809024
I1017 11:06:55.325390 250310 layer_factory.hpp:114] Creating layer conv1
I1017 11:06:55.325510 250310 net.cpp:160] Creating Layer conv1
I1017 11:06:55.325556 250310 net.cpp:596] conv1 <- data
I1017 11:06:55.325636 250310 net.cpp:570] conv1 -> conv1
I1017 11:06:55.507993 250310 net.cpp:210] Setting up conv1
I1017 11:06:55.508095 250310 net.cpp:217] Top shape: 64 128 122 122 (121929728)
I1017 11:06:55.508168 250310 net.cpp:225] Memory required for data: 499527936
I1017 11:06:55.508301 250310 layer_factory.hpp:114] Creating layer relu1
I1017 11:06:55.508419 250310 net.cpp:160] Creating Layer relu1
I1017 11:06:55.508476 250310 net.cpp:596] relu1 <- conv1
I1017 11:06:55.508548 250310 net.cpp:557] relu1 -> conv1 (in-place)
I1017 11:06:55.513702 250310 net.cpp:210] Setting up relu1
I1017 11:06:55.513790 250310 net.cpp:217] Top shape: 64 128 122 122 (121929728)
I1017 11:06:55.513833 250310 net.cpp:225] Memory required for data: 987246848
I1017 11:06:55.513864 250310 layer_factory.hpp:114] Creating layer dropout1
I1017 11:06:55.513913 250310 net.cpp:160] Creating Layer dropout1
I1017 11:06:55.513942 250310 net.cpp:596] dropout1 <- conv1
I1017 11:06:55.513984 250310 net.cpp:570] dropout1 -> drop1
I1017 11:06:55.514053 250310 net.cpp:210] Setting up dropout1
I1017 11:06:55.514086 250310 net.cpp:217] Top shape: 64 128 122 122 (121929728)
I1017 11:06:55.514127 250310 net.cpp:225] Memory required for data: 1474965760
I1017 11:06:55.514163 250310 layer_factory.hpp:114] Creating layer pool1
I1017 11:06:55.514248 250310 net.cpp:160] Creating Layer pool1
I1017 11:06:55.514325 250310 net.cpp:596] pool1 <- drop1
I1017 11:06:55.514572 250310 net.cpp:570] pool1 -> pool1
I1017 11:06:55.519186 250310 net.cpp:210] Setting up pool1
I1017 11:06:55.519273 250310 net.cpp:217] Top shape: 64 128 61 61 (30482432)
I1017 11:06:55.519318 250310 net.cpp:225] Memory required for data: 1596895488
I1017 11:06:55.519348 250310 layer_factory.hpp:114] Creating layer conv2
I1017 11:06:55.519428 250310 net.cpp:160] Creating Layer conv2
I1017 11:06:55.519460 250310 net.cpp:596] conv2 <- pool1
I1017 11:06:55.519505 250310 net.cpp:570] conv2 -> conv2
I1017 11:06:56.308229 250310 net.cpp:210] Setting up conv2
I1017 11:06:56.308318 250310 net.cpp:217] Top shape: 64 128 59 59 (28516352)
I1017 11:06:56.308379 250310 net.cpp:225] Memory required for data: 1710960896
I1017 11:06:56.308462 250310 layer_factory.hpp:114] Creating layer relu2
I1017 11:06:56.308554 250310 net.cpp:160] Creating Layer relu2
I1017 11:06:56.308600 250310 net.cpp:596] relu2 <- conv2
I1017 11:06:56.308661 250310 net.cpp:557] relu2 -> conv2 (in-place)
I1017 11:06:56.313730 250310 net.cpp:210] Setting up relu2
I1017 11:06:56.313819 250310 net.cpp:217] Top shape: 64 128 59 59 (28516352)
I1017 11:06:56.313864 250310 net.cpp:225] Memory required for data: 1825026304
I1017 11:06:56.313895 250310 layer_factory.hpp:114] Creating layer dropout2
I1017 11:06:56.313944 250310 net.cpp:160] Creating Layer dropout2
I1017 11:06:56.313973 250310 net.cpp:596] dropout2 <- conv2
I1017 11:06:56.314015 250310 net.cpp:570] dropout2 -> drop2
I1017 11:06:56.314086 250310 net.cpp:210] Setting up dropout2
I1017 11:06:56.314119 250310 net.cpp:217] Top shape: 64 128 59 59 (28516352)
I1017 11:06:56.314162 250310 net.cpp:225] Memory required for data: 1939091712
I1017 11:06:56.314224 250310 layer_factory.hpp:114] Creating layer pool2
I1017 11:06:56.314335 250310 net.cpp:160] Creating Layer pool2
I1017 11:06:56.314405 250310 net.cpp:596] pool2 <- drop2
I1017 11:06:56.314519 250310 net.cpp:570] pool2 -> pool2
I1017 11:06:56.318856 250310 net.cpp:210] Setting up pool2
I1017 11:06:56.318944 250310 net.cpp:217] Top shape: 64 128 30 30 (7372800)
I1017 11:06:56.318987 250310 net.cpp:225] Memory required for data: 1968582912
I1017 11:06:56.319015 250310 layer_factory.hpp:114] Creating layer conv3
I1017 11:06:56.319093 250310 net.cpp:160] Creating Layer conv3
I1017 11:06:56.319126 250310 net.cpp:596] conv3 <- pool2
I1017 11:06:56.319170 250310 net.cpp:570] conv3 -> conv3
I1017 11:06:56.580080 250310 net.cpp:210] Setting up conv3
I1017 11:06:56.580174 250310 net.cpp:217] Top shape: 64 128 28 28 (6422528)
I1017 11:06:56.580224 250310 net.cpp:225] Memory required for data: 1994273024
I1017 11:06:56.580298 250310 layer_factory.hpp:114] Creating layer relu3
I1017 11:06:56.580371 250310 net.cpp:160] Creating Layer relu3
I1017 11:06:56.580411 250310 net.cpp:596] relu3 <- conv3
I1017 11:06:56.580463 250310 net.cpp:557] relu3 -> conv3 (in-place)
I1017 11:06:56.585265 250310 net.cpp:210] Setting up relu3
I1017 11:06:56.585353 250310 net.cpp:217] Top shape: 64 128 28 28 (6422528)
I1017 11:06:56.585396 250310 net.cpp:225] Memory required for data: 2019963136
I1017 11:06:56.585425 250310 layer_factory.hpp:114] Creating layer dropout3
I1017 11:06:56.585470 250310 net.cpp:160] Creating Layer dropout3
I1017 11:06:56.585495 250310 net.cpp:596] dropout3 <- conv3
I1017 11:06:56.585535 250310 net.cpp:570] dropout3 -> drop3
I1017 11:06:56.585602 250310 net.cpp:210] Setting up dropout3
I1017 11:06:56.585634 250310 net.cpp:217] Top shape: 64 128 28 28 (6422528)
I1017 11:06:56.585672 250310 net.cpp:225] Memory required for data: 2045653248
I1017 11:06:56.585700 250310 layer_factory.hpp:114] Creating layer pool3
I1017 11:06:56.585757 250310 net.cpp:160] Creating Layer pool3
I1017 11:06:56.585791 250310 net.cpp:596] pool3 <- drop3
I1017 11:06:56.585837 250310 net.cpp:570] pool3 -> pool3
I1017 11:06:56.590200 250310 net.cpp:210] Setting up pool3
I1017 11:06:56.590286 250310 net.cpp:217] Top shape: 64 128 14 14 (1605632)
I1017 11:06:56.590325 250310 net.cpp:225] Memory required for data: 2052075776
I1017 11:06:56.590353 250310 layer_factory.hpp:114] Creating layer conv4
I1017 11:06:56.590427 250310 net.cpp:160] Creating Layer conv4
I1017 11:06:56.590456 250310 net.cpp:596] conv4 <- pool3
I1017 11:06:56.590502 250310 net.cpp:570] conv4 -> conv4
I1017 11:06:56.722895 250310 net.cpp:210] Setting up conv4
I1017 11:06:56.722980 250310 net.cpp:217] Top shape: 64 128 12 12 (1179648)
I1017 11:06:56.723024 250310 net.cpp:225] Memory required for data: 2056794368
I1017 11:06:56.723083 250310 layer_factory.hpp:114] Creating layer relu4
I1017 11:06:56.723145 250310 net.cpp:160] Creating Layer relu4
I1017 11:06:56.723176 250310 net.cpp:596] relu4 <- conv4
I1017 11:06:56.723220 250310 net.cpp:557] relu4 -> conv4 (in-place)
I1017 11:06:56.728233 250310 net.cpp:210] Setting up relu4
I1017 11:06:56.728322 250310 net.cpp:217] Top shape: 64 128 12 12 (1179648)
I1017 11:06:56.728363 250310 net.cpp:225] Memory required for data: 2061512960
I1017 11:06:56.728392 250310 layer_factory.hpp:114] Creating layer dropout4
I1017 11:06:56.728437 250310 net.cpp:160] Creating Layer dropout4
I1017 11:06:56.728461 250310 net.cpp:596] dropout4 <- conv4
I1017 11:06:56.728499 250310 net.cpp:570] dropout4 -> drop4
I1017 11:06:56.728564 250310 net.cpp:210] Setting up dropout4
I1017 11:06:56.728595 250310 net.cpp:217] Top shape: 64 128 12 12 (1179648)
I1017 11:06:56.728632 250310 net.cpp:225] Memory required for data: 2066231552
I1017 11:06:56.728662 250310 layer_factory.hpp:114] Creating layer pool4
I1017 11:06:56.728724 250310 net.cpp:160] Creating Layer pool4
I1017 11:06:56.728760 250310 net.cpp:596] pool4 <- drop4
I1017 11:06:56.728865 250310 net.cpp:570] pool4 -> pool4
I1017 11:06:56.733125 250310 net.cpp:210] Setting up pool4
I1017 11:06:56.733234 250310 net.cpp:217] Top shape: 64 128 6 6 (294912)
I1017 11:06:56.733275 250310 net.cpp:225] Memory required for data: 2067411200
I1017 11:06:56.733302 250310 layer_factory.hpp:114] Creating layer fc1
I1017 11:06:56.733374 250310 net.cpp:160] Creating Layer fc1
I1017 11:06:56.733407 250310 net.cpp:596] fc1 <- pool4
I1017 11:06:56.733463 250310 net.cpp:570] fc1 -> fc1
I1017 11:06:56.969374 250310 net.cpp:210] Setting up fc1
I1017 11:06:56.969463 250310 net.cpp:217] Top shape: 64 1024 (65536)
I1017 11:06:56.969503 250310 net.cpp:225] Memory required for data: 2067673344
I1017 11:06:56.969570 250310 layer_factory.hpp:114] Creating layer dropout5
I1017 11:06:56.969619 250310 net.cpp:160] Creating Layer dropout5
I1017 11:06:56.969643 250310 net.cpp:596] dropout5 <- fc1
I1017 11:06:56.969681 250310 net.cpp:570] dropout5 -> drop5
I1017 11:06:56.969743 250310 net.cpp:210] Setting up dropout5
I1017 11:06:56.969772 250310 net.cpp:217] Top shape: 64 1024 (65536)
I1017 11:06:56.969808 250310 net.cpp:225] Memory required for data: 2067935488
I1017 11:06:56.969837 250310 layer_factory.hpp:114] Creating layer fc2
I1017 11:06:56.969892 250310 net.cpp:160] Creating Layer fc2
I1017 11:06:56.969923 250310 net.cpp:596] fc2 <- drop5
I1017 11:06:56.970026 250310 net.cpp:570] fc2 -> fc2
I1017 11:06:56.973634 250310 net.cpp:210] Setting up fc2
I1017 11:06:56.973724 250310 net.cpp:217] Top shape: 64 2 (128)
I1017 11:06:56.973767 250310 net.cpp:225] Memory required for data: 2067936000
I1017 11:06:56.973824 250310 layer_factory.hpp:114] Creating layer loss
I1017 11:06:56.973891 250310 net.cpp:160] Creating Layer loss
I1017 11:06:56.973918 250310 net.cpp:596] loss <- fc2
I1017 11:06:56.973947 250310 net.cpp:596] loss <- label
I1017 11:06:56.973994 250310 net.cpp:570] loss -> (automatic)
I1017 11:06:56.974056 250310 layer_factory.hpp:114] Creating layer loss
I1017 11:06:56.977419 250310 net.cpp:210] Setting up loss
I1017 11:06:56.977507 250310 net.cpp:217] Top shape: (1)
I1017 11:06:56.977545 250310 net.cpp:220]     with loss weight 1
I1017 11:06:56.977676 250310 net.cpp:225] Memory required for data: 2067936004
I1017 11:06:56.977717 250310 net.cpp:287] loss needs backward computation.
I1017 11:06:56.977744 250310 net.cpp:287] fc2 needs backward computation.
I1017 11:06:56.977764 250310 net.cpp:287] dropout5 needs backward computation.
I1017 11:06:56.977784 250310 net.cpp:287] fc1 needs backward computation.
I1017 11:06:56.977805 250310 net.cpp:287] pool4 needs backward computation.
I1017 11:06:56.977828 250310 net.cpp:287] dropout4 needs backward computation.
I1017 11:06:56.977849 250310 net.cpp:287] relu4 needs backward computation.
I1017 11:06:56.977869 250310 net.cpp:287] conv4 needs backward computation.
I1017 11:06:56.977890 250310 net.cpp:287] pool3 needs backward computation.
I1017 11:06:56.977910 250310 net.cpp:287] dropout3 needs backward computation.
I1017 11:06:56.977996 250310 net.cpp:287] relu3 needs backward computation.
I1017 11:06:56.978049 250310 net.cpp:287] conv3 needs backward computation.
I1017 11:06:56.978117 250310 net.cpp:287] pool2 needs backward computation.
I1017 11:06:56.978147 250310 net.cpp:287] dropout2 needs backward computation.
I1017 11:06:56.978188 250310 net.cpp:287] relu2 needs backward computation.
I1017 11:06:56.978219 250310 net.cpp:287] conv2 needs backward computation.
I1017 11:06:56.978260 250310 net.cpp:287] pool1 needs backward computation.
I1017 11:06:56.978289 250310 net.cpp:287] dropout1 needs backward computation.
I1017 11:06:56.978314 250310 net.cpp:287] relu1 needs backward computation.
I1017 11:06:56.978338 250310 net.cpp:287] conv1 needs backward computation.
I1017 11:06:56.978432 250310 net.cpp:289] data does not need backward computation.
I1017 11:06:56.978539 250310 net.cpp:345] Network initialization done.
I1017 11:06:56.978982 250310 caffe.cpp:445] Performing Forward
I1017 11:06:58.426417 250310 caffe.cpp:450] Initial loss: 6.2785
I1017 11:06:58.426514 250310 caffe.cpp:452] Performing Backward
I1017 11:06:59.349962 250310 caffe.cpp:461] *** Benchmark begins ***
I1017 11:06:59.350056 250310 caffe.cpp:462] Testing for 10 iterations.
I1017 11:07:00.459964 250310 caffe.cpp:491] Iteration: 1 forward-backward time: 1109 ms.
I1017 11:07:01.568667 250310 caffe.cpp:491] Iteration: 2 forward-backward time: 1108 ms.
I1017 11:07:02.678764 250310 caffe.cpp:491] Iteration: 3 forward-backward time: 1110 ms.
I1017 11:07:03.788568 250310 caffe.cpp:491] Iteration: 4 forward-backward time: 1109 ms.
I1017 11:07:04.897724 250310 caffe.cpp:491] Iteration: 5 forward-backward time: 1109 ms.
I1017 11:07:06.005708 250310 caffe.cpp:491] Iteration: 6 forward-backward time: 1107 ms.
I1017 11:07:07.114285 250310 caffe.cpp:491] Iteration: 7 forward-backward time: 1108 ms.
I1017 11:07:08.223333 250310 caffe.cpp:491] Iteration: 8 forward-backward time: 1108 ms.
I1017 11:07:09.333142 250310 caffe.cpp:491] Iteration: 9 forward-backward time: 1109 ms.
I1017 11:07:10.442349 250310 caffe.cpp:491] Iteration: 10 forward-backward time: 1109 ms.
I1017 11:07:10.442445 250310 caffe.cpp:498] Average time per layer: 
I1017 11:07:10.442466 250310 caffe.cpp:501]       data	forward: 142.874 ms.
I1017 11:07:10.442494 250310 caffe.cpp:505]       data	backward: 0.0028 ms.
I1017 11:07:10.442520 250310 caffe.cpp:501]      conv1	forward: 21.7188 ms.
I1017 11:07:10.442546 250310 caffe.cpp:505]      conv1	backward: 21.8773 ms.
I1017 11:07:10.442572 250310 caffe.cpp:501]      relu1	forward: 11.3872 ms.
I1017 11:07:10.442597 250310 caffe.cpp:505]      relu1	backward: 133.613 ms.
I1017 11:07:10.442623 250310 caffe.cpp:501]   dropout1	forward: 117.48 ms.
I1017 11:07:10.442649 250310 caffe.cpp:505]   dropout1	backward: 89.9418 ms.
I1017 11:07:10.442674 250310 caffe.cpp:501]      pool1	forward: 74.461 ms.
I1017 11:07:10.442700 250310 caffe.cpp:505]      pool1	backward: 33.2195 ms.
I1017 11:07:10.442725 250310 caffe.cpp:501]      conv2	forward: 186.003 ms.
I1017 11:07:10.442751 250310 caffe.cpp:505]      conv2	backward: 169.825 ms.
I1017 11:07:10.442776 250310 caffe.cpp:501]      relu2	forward: 2.3807 ms.
I1017 11:07:10.442801 250310 caffe.cpp:505]      relu2	backward: 8.2468 ms.
I1017 11:07:10.442826 250310 caffe.cpp:501]   dropout2	forward: 16.2777 ms.
I1017 11:07:10.442886 250310 caffe.cpp:505]   dropout2	backward: 9.2833 ms.
I1017 11:07:10.442915 250310 caffe.cpp:501]      pool2	forward: 17.9803 ms.
I1017 11:07:10.442941 250310 caffe.cpp:505]      pool2	backward: 7.7869 ms.
I1017 11:07:10.443068 250310 caffe.cpp:501]      conv3	forward: 6.8136 ms.
I1017 11:07:10.443096 250310 caffe.cpp:505]      conv3	backward: 12.3275 ms.
I1017 11:07:10.443123 250310 caffe.cpp:501]      relu3	forward: 0.3676 ms.
I1017 11:07:10.443152 250310 caffe.cpp:505]      relu3	backward: 1.7394 ms.
I1017 11:07:10.443176 250310 caffe.cpp:501]   dropout3	forward: 3.4777 ms.
I1017 11:07:10.443200 250310 caffe.cpp:505]   dropout3	backward: 2.11 ms.
I1017 11:07:10.443224 250310 caffe.cpp:501]      pool3	forward: 4.0716 ms.
I1017 11:07:10.443264 250310 caffe.cpp:505]      pool3	backward: 1.5698 ms.
I1017 11:07:10.443511 250310 caffe.cpp:501]      conv4	forward: 1.3242 ms.
I1017 11:07:10.443539 250310 caffe.cpp:505]      conv4	backward: 2.3639 ms.
I1017 11:07:10.443589 250310 caffe.cpp:501]      relu4	forward: 0.0606 ms.
I1017 11:07:10.443620 250310 caffe.cpp:505]      relu4	backward: 0.3498 ms.
I1017 11:07:10.443646 250310 caffe.cpp:501]   dropout4	forward: 0.4491 ms.
I1017 11:07:10.443672 250310 caffe.cpp:505]   dropout4	backward: 0.3659 ms.
I1017 11:07:10.443697 250310 caffe.cpp:501]      pool4	forward: 0.8137 ms.
I1017 11:07:10.443735 250310 caffe.cpp:505]      pool4	backward: 0.309 ms.
I1017 11:07:10.443814 250310 caffe.cpp:501]        fc1	forward: 1.1059 ms.
I1017 11:07:10.443841 250310 caffe.cpp:505]        fc1	backward: 3.4612 ms.
I1017 11:07:10.443867 250310 caffe.cpp:501]   dropout5	forward: 0.1092 ms.
I1017 11:07:10.443903 250310 caffe.cpp:505]   dropout5	backward: 0.0454 ms.
I1017 11:07:10.443935 250310 caffe.cpp:501]        fc2	forward: 0.2014 ms.
I1017 11:07:10.444072 250310 caffe.cpp:505]        fc2	backward: 0.1765 ms.
I1017 11:07:10.444102 250310 caffe.cpp:501]       loss	forward: 0.7432 ms.
I1017 11:07:10.444145 250310 caffe.cpp:505]       loss	backward: 0.0112 ms.
I1017 11:07:10.444186 250310 caffe.cpp:511] Average Forward pass: 610.295 ms.
I1017 11:07:10.444217 250310 caffe.cpp:514] Average Backward pass: 498.816 ms.
I1017 11:07:10.444245 250310 caffe.cpp:516] Average Forward-Backward: 1109.4 ms.
I1017 11:07:10.444289 250310 caffe.cpp:519] Total Time: 11094 ms.
I1017 11:07:10.444347 250310 caffe.cpp:520] *** Benchmark ends ***
