sde64 -knl -d -iform 1 -omix sde_knl/knl_sde_layer1_dir1.out.mix -global_region -start_ssc_mark 111:repeat -stop_ssc_mark 222:repeat -- /project/projectdirs/mpccc/tmalas/intelcaffe/install_carl/bin/caffe time -model=src/models/mkl2017_alexnet/train_val.prototxt -iterations=1 -prof_layer=1 -prof_forward_direction=1
I1108 22:59:11.747221 135356 caffe.cpp:444] Use CPU.
I1108 22:59:28.686888 135356 cpu_info.cpp:452] Processor speed [MHz]: 1400
I1108 22:59:28.742722 135356 cpu_info.cpp:455] Total number of sockets: 1
I1108 22:59:28.754669 135356 cpu_info.cpp:458] Total number of CPU cores: 68
I1108 22:59:28.767230 135356 cpu_info.cpp:461] Total number of processors: 272
I1108 22:59:28.778571 135356 cpu_info.cpp:464] GPU is used: no
I1108 22:59:28.787514 135356 cpu_info.cpp:467] OpenMP environmental variables are specified: yes
I1108 22:59:28.796281 135356 cpu_info.cpp:470] OpenMP thread bind allowed: no
I1108 22:59:28.807212 135356 cpu_info.cpp:473] Number of OpenMP threads: 16
I1108 22:59:37.520016 135356 net.cpp:484] The NetState phase (0) differed from the phase (1) specified by a rule in layer data
I1108 22:59:37.552739 135356 net.cpp:484] The NetState phase (0) differed from the phase (1) specified by a rule in layer accuracy
I1108 22:59:38.193861 135356 net.cpp:120] Initializing net from parameters: 
name: "AlexNet"
state {
  phase: TRAIN
  level: 0
  stage: ""
}
layer {
  name: "data"
  type: "DummyData"
  top: "data"
  top: "label"
  include {
    phase: TRAIN
  }
  dummy_data_param {
    data_filler {
      type: "gaussian"
      std: 1
    }
    data_filler {
      type: "constant"
      value: 0
    }
    shape {
      dim: 32
      dim: 3
      dim: 227
      dim: 227
    }
    shape {
      dim: 32
      dim: 1
      dim: 1
      dim: 1
    }
  }
}
layer {
  name: "conv1"
  type: "Convolution"
  bottom: "data"
  top: "conv1"
  param {
    lr_mult: 1
    decay_mult: 1
  }
  param {
    lr_mult: 2
    decay_mult: 0
  }
  convolution_param {
    num_output: 96
    kernel_size: 11
    stride: 4
    weight_filler {
      type: "gaussian"
      std: 0.01
    }
    bias_filler {
      type: "constant"
      value: 0
    }
    engine: MKL2017
  }
}
layer {
  name: "relu1"
  type: "ReLU"
  bottom: "conv1"
  top: "conv1"
  relu_param {
    engine: MKL2017
  }
}
layer {
  name: "norm1"
  type: "LRN"
  bottom: "conv1"
  top: "norm1"
  lrn_param {
    local_size: 5
    alpha: 0.0001
    beta: 0.75
    engine: MKL2017
  }
}
layer {
  name: "pool1"
  type: "Pooling"
  bottom: "norm1"
  top: "pool1"
  pooling_param {
    pool: MAX
    kernel_size: 3
    stride: 2
    engine: MKL2017
  }
}
layer {
  name: "conv2"
  type: "Convolution"
  bottom: "pool1"
  top: "conv2"
  param {
    lr_mult: 1
    decay_mult: 1
  }
  param {
    lr_mult: 2
    decay_mult: 0
  }
  convolution_param {
    num_output: 256
    pad: 2
    kernel_size: 5
    group: 2
    weight_filler {
      type: "gaussian"
      std: 0.01
    }
    bias_filler {
      type: "constant"
      value: 0.1
    }
    engine: MKL2017
  }
}
layer {
  name: "relu2"
  type: "ReLU"
  bottom: "conv2"
  top: "conv2"
  relu_param {
    engine: MKL2017
  }
}
layer {
  name: "norm2"
  type: "LRN"
  bottom: "conv2"
  top: "norm2"
  lrn_param {
    local_size: 5
    alpha: 0.0001
    beta: 0.75
    engine: MKL2017
  }
}
layer {
  name: "pool2"
  type: "Pooling"
  bottom: "norm2"
  top: "pool2"
  pooling_param {
    pool: MAX
    kernel_size: 3
    stride: 2
    engine: MKL2017
  }
}
layer {
  name: "conv3"
  type: "Convolution"
  bottom: "pool2"
  top: "conv3"
  param {
    lr_mult: 1
    decay_mult: 1
  }
  param {
    lr_mult: 2
    decay_mult: 0
  }
  convolution_param {
    num_output: 384
    pad: 1
    kernel_size: 3
    weight_filler {
      type: "gaussian"
      std: 0.01
    }
    bias_filler {
      type: "constant"
      value: 0
    }
    engine: MKL2017
  }
}
layer {
  name: "relu3"
  type: "ReLU"
  bottom: "conv3"
  top: "conv3"
  relu_param {
    engine: MKL2017
  }
}
layer {
  name: "conv4"
  type: "Convolution"
  bottom: "conv3"
  top: "conv4"
  param {
    lr_mult: 1
    decay_mult: 1
  }
  param {
    lr_mult: 2
    decay_mult: 0
  }
  convolution_param {
    num_output: 384
    pad: 1
    kernel_size: 3
    group: 2
    weight_filler {
      type: "gaussian"
      std: 0.01
    }
    bias_filler {
      type: "constant"
      value: 0.1
    }
    engine: MKL2017
  }
}
layer {
  name: "relu4"
  type: "ReLU"
  bottom: "conv4"
  top: "conv4"
  relu_param {
    engine: MKL2017
  }
}
layer {
  name: "conv5"
  type: "Convolution"
  bottom: "conv4"
  top: "conv5"
  param {
    lr_mult: 1
    decay_mult: 1
  }
  param {
    lr_mult: 2
    decay_mult: 0
  }
  convolution_param {
    num_output: 256
    pad: 1
    kernel_size: 3
    group: 2
    weight_filler {
      type: "gaussian"
      std: 0.01
    }
    bias_filler {
      type: "constant"
      value: 0.1
    }
    engine: MKL2017
  }
}
layer {
  name: "relu5"
  type: "ReLU"
  bottom: "conv5"
  top: "conv5"
  relu_param {
    engine: MKL2017
  }
}
layer {
  name: "pool5"
  type: "Pooling"
  bottom: "conv5"
  top: "pool5"
  pooling_param {
    pool: MAX
    kernel_size: 3
    stride: 2
    engine: MKL2017
  }
}
layer {
  name: "fc6"
  type: "InnerProduct"
  bottom: "pool5"
  top: "fc6"
  param {
    lr_mult: 1
    decay_mult: 1
  }
  param {
    lr_mult: 2
    decay_mult: 0
  }
  inner_product_param {
    num_output: 4096
    weight_filler {
      type: "gaussian"
      std: 0.005
    }
    bias_filler {
      type: "constant"
      value: 0.1
    }
  }
}
layer {
  name: "relu6"
  type: "ReLU"
  bottom: "fc6"
  top: "fc6"
}
layer {
  name: "drop6"
  type: "Dropout"
  bottom: "fc6"
  top: "fc6"
  dropout_param {
    dropout_ratio: 0.5
  }
}
layer {
  name: "fc7"
  type: "InnerProduct"
  bottom: "fc6"
  top: "fc7"
  param {
    lr_mult: 1
    decay_mult: 1
  }
  param {
    lr_mult: 2
    decay_mult: 0
  }
  inner_product_param {
    num_output: 4096
    weight_filler {
      type: "gaussian"
      std: 0.005
    }
    bias_filler {
      type: "constant"
      value: 0.1
    }
  }
}
layer {
  name: "relu7"
  type: "ReLU"
  bottom: "fc7"
  top: "fc7"
}
layer {
  name: "drop7"
  type: "Dropout"
  bottom: "fc7"
  top: "fc7"
  dropout_param {
    dropout_ratio: 0.5
  }
}
layer {
  name: "fc8"
  type: "InnerProduct"
  bottom: "fc7"
  top: "fc8"
  param {
    lr_mult: 1
    decay_mult: 1
  }
  param {
    lr_mult: 2
    decay_mult: 0
  }
  inner_product_param {
    num_output: 1000
    weight_filler {
      type: "gaussian"
      std: 0.01
    }
    bias_filler {
      type: "constant"
      value: 0
    }
  }
}
layer {
  name: "loss"
  type: "SoftmaxWithLoss"
  bottom: "fc8"
  bottom: "label"
  top: "loss"
}
I1108 22:59:40.643092 135356 layer_factory.hpp:114] Creating layer data
I1108 22:59:40.790997 135356 net.cpp:160] Creating Layer data
I1108 22:59:40.838819 135356 net.cpp:570] data -> data
I1108 22:59:41.303371 135356 net.cpp:570] data -> label
I1108 22:59:48.325834 135356 net.cpp:210] Setting up data
I1108 22:59:48.405632 135356 net.cpp:217] Top shape: 32 3 227 227 (4946784)
I1108 22:59:48.509810 135356 net.cpp:217] Top shape: 32 1 1 1 (32)
I1108 22:59:48.517057 135356 net.cpp:225] Memory required for data: 19787264
I1108 22:59:48.584434 135356 layer_factory.hpp:114] Creating layer conv1
I1108 22:59:48.917017 135356 net.cpp:160] Creating Layer conv1
I1108 22:59:48.967031 135356 net.cpp:596] conv1 <- data
I1108 22:59:49.086750 135356 net.cpp:570] conv1 -> conv1
I1108 23:00:21.948822 135356 net.cpp:210] Setting up conv1
I1108 23:00:21.956295 135356 net.cpp:217] Top shape: 32 96 55 55 (9292800)
I1108 23:00:21.956634 135356 net.cpp:225] Memory required for data: 56958464
I1108 23:00:22.235836 135356 layer_factory.hpp:114] Creating layer relu1
I1108 23:00:22.355316 135356 net.cpp:160] Creating Layer relu1
I1108 23:00:22.359958 135356 net.cpp:596] relu1 <- conv1
I1108 23:00:22.392068 135356 net.cpp:557] relu1 -> conv1 (in-place)
I1108 23:00:22.580466 135356 net.cpp:210] Setting up relu1
I1108 23:00:22.582958 135356 net.cpp:217] Top shape: 32 96 55 55 (9292800)
I1108 23:00:22.583324 135356 net.cpp:225] Memory required for data: 94129664
I1108 23:00:22.583545 135356 layer_factory.hpp:114] Creating layer norm1
I1108 23:00:22.687782 135356 net.cpp:160] Creating Layer norm1
I1108 23:00:22.688098 135356 net.cpp:596] norm1 <- conv1
I1108 23:00:22.690721 135356 net.cpp:570] norm1 -> norm1
I1108 23:00:22.911474 135356 net.cpp:210] Setting up norm1
I1108 23:00:22.924244 135356 net.cpp:217] Top shape: 32 96 55 55 (9292800)
I1108 23:00:22.924624 135356 net.cpp:225] Memory required for data: 131300864
I1108 23:00:22.924975 135356 layer_factory.hpp:114] Creating layer pool1
I1108 23:00:23.022961 135356 net.cpp:160] Creating Layer pool1
I1108 23:00:23.023291 135356 net.cpp:596] pool1 <- norm1
I1108 23:00:23.038628 135356 net.cpp:570] pool1 -> pool1
I1108 23:00:23.339587 135356 net.cpp:210] Setting up pool1
I1108 23:00:23.342103 135356 net.cpp:217] Top shape: 32 96 27 27 (2239488)
I1108 23:00:23.342478 135356 net.cpp:225] Memory required for data: 140258816
I1108 23:00:23.342706 135356 layer_factory.hpp:114] Creating layer conv2
I1108 23:00:23.343060 135356 net.cpp:160] Creating Layer conv2
I1108 23:00:23.343292 135356 net.cpp:596] conv2 <- pool1
I1108 23:00:23.343539 135356 net.cpp:570] conv2 -> conv2
I1108 23:00:29.104037 135356 net.cpp:210] Setting up conv2
I1108 23:00:29.104385 135356 net.cpp:217] Top shape: 32 256 27 27 (5971968)
I1108 23:00:29.104815 135356 net.cpp:225] Memory required for data: 164146688
I1108 23:00:29.155097 135356 layer_factory.hpp:114] Creating layer relu2
I1108 23:00:29.155498 135356 net.cpp:160] Creating Layer relu2
I1108 23:00:29.155863 135356 net.cpp:596] relu2 <- conv2
I1108 23:00:29.156122 135356 net.cpp:557] relu2 -> conv2 (in-place)
I1108 23:00:29.156551 135356 net.cpp:210] Setting up relu2
I1108 23:00:29.156853 135356 net.cpp:217] Top shape: 32 256 27 27 (5971968)
I1108 23:00:29.157099 135356 net.cpp:225] Memory required for data: 188034560
I1108 23:00:29.157285 135356 layer_factory.hpp:114] Creating layer norm2
I1108 23:00:29.157527 135356 net.cpp:160] Creating Layer norm2
I1108 23:00:29.157762 135356 net.cpp:596] norm2 <- conv2
I1108 23:00:29.158006 135356 net.cpp:570] norm2 -> norm2
I1108 23:00:29.160060 135356 net.cpp:210] Setting up norm2
I1108 23:00:29.160372 135356 net.cpp:217] Top shape: 32 256 27 27 (5971968)
I1108 23:00:29.160641 135356 net.cpp:225] Memory required for data: 211922432
I1108 23:00:29.160919 135356 layer_factory.hpp:114] Creating layer pool2
I1108 23:00:29.161834 135356 net.cpp:160] Creating Layer pool2
I1108 23:00:29.162132 135356 net.cpp:596] pool2 <- norm2
I1108 23:00:29.162392 135356 net.cpp:570] pool2 -> pool2
I1108 23:00:29.162812 135356 net.cpp:210] Setting up pool2
I1108 23:00:29.163071 135356 net.cpp:217] Top shape: 32 256 13 13 (1384448)
I1108 23:00:29.163321 135356 net.cpp:225] Memory required for data: 217460224
I1108 23:00:29.163592 135356 layer_factory.hpp:114] Creating layer conv3
I1108 23:00:29.163978 135356 net.cpp:160] Creating Layer conv3
I1108 23:00:29.164213 135356 net.cpp:596] conv3 <- pool2
I1108 23:00:29.164470 135356 net.cpp:570] conv3 -> conv3
I1108 23:00:29.645650 135356 net.cpp:210] Setting up conv3
I1108 23:00:29.648006 135356 net.cpp:217] Top shape: 32 384 13 13 (2076672)
I1108 23:00:29.648385 135356 net.cpp:225] Memory required for data: 225766912
I1108 23:00:29.651438 135356 layer_factory.hpp:114] Creating layer relu3
I1108 23:00:29.651882 135356 net.cpp:160] Creating Layer relu3
I1108 23:00:29.652125 135356 net.cpp:596] relu3 <- conv3
I1108 23:00:29.652359 135356 net.cpp:557] relu3 -> conv3 (in-place)
I1108 23:00:29.656412 135356 net.cpp:210] Setting up relu3
I1108 23:00:29.656730 135356 net.cpp:217] Top shape: 32 384 13 13 (2076672)
I1108 23:00:29.657061 135356 net.cpp:225] Memory required for data: 234073600
I1108 23:00:29.657259 135356 layer_factory.hpp:114] Creating layer conv4
I1108 23:00:29.657615 135356 net.cpp:160] Creating Layer conv4
I1108 23:00:29.657866 135356 net.cpp:596] conv4 <- conv3
I1108 23:00:29.658108 135356 net.cpp:570] conv4 -> conv4
I1108 23:00:29.900307 135356 net.cpp:210] Setting up conv4
I1108 23:00:29.900705 135356 net.cpp:217] Top shape: 32 384 13 13 (2076672)
I1108 23:00:29.901159 135356 net.cpp:225] Memory required for data: 242380288
I1108 23:00:29.901499 135356 layer_factory.hpp:114] Creating layer relu4
I1108 23:00:29.901815 135356 net.cpp:160] Creating Layer relu4
I1108 23:00:29.902055 135356 net.cpp:596] relu4 <- conv4
I1108 23:00:29.902302 135356 net.cpp:557] relu4 -> conv4 (in-place)
I1108 23:00:29.914343 135356 net.cpp:210] Setting up relu4
I1108 23:00:29.914692 135356 net.cpp:217] Top shape: 32 384 13 13 (2076672)
I1108 23:00:29.915068 135356 net.cpp:225] Memory required for data: 250686976
I1108 23:00:29.915412 135356 layer_factory.hpp:114] Creating layer conv5
I1108 23:00:29.915801 135356 net.cpp:160] Creating Layer conv5
I1108 23:00:29.916059 135356 net.cpp:596] conv5 <- conv4
I1108 23:00:29.916323 135356 net.cpp:570] conv5 -> conv5
I1108 23:00:30.084158 135356 net.cpp:210] Setting up conv5
I1108 23:00:30.084545 135356 net.cpp:217] Top shape: 32 256 13 13 (1384448)
I1108 23:00:30.085023 135356 net.cpp:225] Memory required for data: 256224768
I1108 23:00:30.089507 135356 layer_factory.hpp:114] Creating layer relu5
I1108 23:00:30.089910 135356 net.cpp:160] Creating Layer relu5
I1108 23:00:30.090167 135356 net.cpp:596] relu5 <- conv5
I1108 23:00:30.090435 135356 net.cpp:557] relu5 -> conv5 (in-place)
I1108 23:00:30.090895 135356 net.cpp:210] Setting up relu5
I1108 23:00:30.091184 135356 net.cpp:217] Top shape: 32 256 13 13 (1384448)
I1108 23:00:30.091429 135356 net.cpp:225] Memory required for data: 261762560
I1108 23:00:30.091637 135356 layer_factory.hpp:114] Creating layer pool5
I1108 23:00:30.091904 135356 net.cpp:160] Creating Layer pool5
I1108 23:00:30.092118 135356 net.cpp:596] pool5 <- conv5
I1108 23:00:30.092344 135356 net.cpp:570] pool5 -> pool5
I1108 23:00:30.092746 135356 net.cpp:210] Setting up pool5
I1108 23:00:30.093061 135356 net.cpp:217] Top shape: 32 256 6 6 (294912)
I1108 23:00:30.093293 135356 net.cpp:225] Memory required for data: 262942208
I1108 23:00:30.093515 135356 layer_factory.hpp:114] Creating layer fc6
I1108 23:00:30.147541 135356 net.cpp:160] Creating Layer fc6
I1108 23:00:30.147852 135356 net.cpp:596] fc6 <- pool5
I1108 23:00:30.148222 135356 net.cpp:570] fc6 -> fc6
I1108 23:00:34.264844 135356 net.cpp:210] Setting up fc6
I1108 23:00:34.265159 135356 net.cpp:217] Top shape: 32 4096 (131072)
I1108 23:00:34.267196 135356 net.cpp:225] Memory required for data: 263466496
I1108 23:00:34.267516 135356 layer_factory.hpp:114] Creating layer relu6
I1108 23:00:34.270073 135356 net.cpp:160] Creating Layer relu6
I1108 23:00:34.270371 135356 net.cpp:596] relu6 <- fc6
I1108 23:00:34.270601 135356 net.cpp:557] relu6 -> fc6 (in-place)
I1108 23:00:34.271018 135356 net.cpp:210] Setting up relu6
I1108 23:00:34.271277 135356 net.cpp:217] Top shape: 32 4096 (131072)
I1108 23:00:34.271500 135356 net.cpp:225] Memory required for data: 263990784
I1108 23:00:34.271687 135356 layer_factory.hpp:114] Creating layer drop6
I1108 23:00:34.293256 135356 net.cpp:160] Creating Layer drop6
I1108 23:00:34.293551 135356 net.cpp:596] drop6 <- fc6
I1108 23:00:34.293917 135356 net.cpp:557] drop6 -> fc6 (in-place)
I1108 23:00:34.396142 135356 net.cpp:210] Setting up drop6
I1108 23:00:34.396443 135356 net.cpp:217] Top shape: 32 4096 (131072)
I1108 23:00:34.396809 135356 net.cpp:225] Memory required for data: 264515072
I1108 23:00:34.397064 135356 layer_factory.hpp:114] Creating layer fc7
I1108 23:00:34.397338 135356 net.cpp:160] Creating Layer fc7
I1108 23:00:34.397544 135356 net.cpp:596] fc7 <- fc6
I1108 23:00:34.397915 135356 net.cpp:570] fc7 -> fc7
I1108 23:00:36.121042 135356 net.cpp:210] Setting up fc7
I1108 23:00:36.121423 135356 net.cpp:217] Top shape: 32 4096 (131072)
I1108 23:00:36.121876 135356 net.cpp:225] Memory required for data: 265039360
I1108 23:00:36.122215 135356 layer_factory.hpp:114] Creating layer relu7
I1108 23:00:36.122560 135356 net.cpp:160] Creating Layer relu7
I1108 23:00:36.122815 135356 net.cpp:596] relu7 <- fc7
I1108 23:00:36.123081 135356 net.cpp:557] relu7 -> fc7 (in-place)
I1108 23:00:36.123540 135356 net.cpp:210] Setting up relu7
I1108 23:00:36.123833 135356 net.cpp:217] Top shape: 32 4096 (131072)
I1108 23:00:36.124119 135356 net.cpp:225] Memory required for data: 265563648
I1108 23:00:36.124333 135356 layer_factory.hpp:114] Creating layer drop7
I1108 23:00:36.124590 135356 net.cpp:160] Creating Layer drop7
I1108 23:00:36.124852 135356 net.cpp:596] drop7 <- fc7
I1108 23:00:36.125208 135356 net.cpp:557] drop7 -> fc7 (in-place)
I1108 23:00:36.125490 135356 net.cpp:210] Setting up drop7
I1108 23:00:36.125694 135356 net.cpp:217] Top shape: 32 4096 (131072)
I1108 23:00:36.125907 135356 net.cpp:225] Memory required for data: 266087936
I1108 23:00:36.126090 135356 layer_factory.hpp:114] Creating layer fc8
I1108 23:00:36.126339 135356 net.cpp:160] Creating Layer fc8
I1108 23:00:36.126538 135356 net.cpp:596] fc8 <- fc7
I1108 23:00:36.126765 135356 net.cpp:570] fc8 -> fc8
I1108 23:00:36.553017 135356 net.cpp:210] Setting up fc8
I1108 23:00:36.553381 135356 net.cpp:217] Top shape: 32 1000 (32000)
I1108 23:00:36.553786 135356 net.cpp:225] Memory required for data: 266215936
I1108 23:00:36.554128 135356 layer_factory.hpp:114] Creating layer loss
I1108 23:00:36.578989 135356 net.cpp:160] Creating Layer loss
I1108 23:00:36.579313 135356 net.cpp:596] loss <- fc8
I1108 23:00:36.580374 135356 net.cpp:596] loss <- label
I1108 23:00:36.610059 135356 net.cpp:570] loss -> loss
I1108 23:00:36.649125 135356 layer_factory.hpp:114] Creating layer loss
I1108 23:00:39.234586 135356 net.cpp:210] Setting up loss
I1108 23:00:39.278481 135356 net.cpp:217] Top shape: (1)
I1108 23:00:39.291321 135356 net.cpp:220]     with loss weight 1
I1108 23:00:39.417676 135356 net.cpp:225] Memory required for data: 266215940
I1108 23:00:39.462527 135356 net.cpp:287] loss needs backward computation.
I1108 23:00:39.559756 135356 net.cpp:287] fc8 needs backward computation.
I1108 23:00:39.570304 135356 net.cpp:287] drop7 needs backward computation.
I1108 23:00:39.581017 135356 net.cpp:287] relu7 needs backward computation.
I1108 23:00:39.581323 135356 net.cpp:287] fc7 needs backward computation.
I1108 23:00:39.583722 135356 net.cpp:287] drop6 needs backward computation.
I1108 23:00:39.584053 135356 net.cpp:287] relu6 needs backward computation.
I1108 23:00:39.584257 135356 net.cpp:287] fc6 needs backward computation.
I1108 23:00:39.585187 135356 net.cpp:287] pool5 needs backward computation.
I1108 23:00:39.585981 135356 net.cpp:287] relu5 needs backward computation.
I1108 23:00:39.586241 135356 net.cpp:287] conv5 needs backward computation.
I1108 23:00:39.586432 135356 net.cpp:287] relu4 needs backward computation.
I1108 23:00:39.586611 135356 net.cpp:287] conv4 needs backward computation.
I1108 23:00:39.586791 135356 net.cpp:287] relu3 needs backward computation.
I1108 23:00:39.587002 135356 net.cpp:287] conv3 needs backward computation.
I1108 23:00:39.599107 135356 net.cpp:287] pool2 needs backward computation.
I1108 23:00:39.599439 135356 net.cpp:287] norm2 needs backward computation.
I1108 23:00:39.599745 135356 net.cpp:287] relu2 needs backward computation.
I1108 23:00:39.599979 135356 net.cpp:287] conv2 needs backward computation.
I1108 23:00:39.600168 135356 net.cpp:287] pool1 needs backward computation.
I1108 23:00:39.600353 135356 net.cpp:287] norm1 needs backward computation.
I1108 23:00:39.600533 135356 net.cpp:287] relu1 needs backward computation.
I1108 23:00:39.600709 135356 net.cpp:287] conv1 needs backward computation.
I1108 23:00:39.613334 135356 net.cpp:289] data does not need backward computation.
I1108 23:00:39.637570 135356 net.cpp:331] This network produces output loss
I1108 23:00:39.707736 135356 net.cpp:345] Network initialization done.
I1108 23:00:39.880002 135356 caffe.cpp:452] Performing Forward
I1108 23:00:53.007611 135356 caffe.cpp:457] Initial loss: 6.98731
I1108 23:00:53.056721 135356 caffe.cpp:459] Performing Backward
I1108 23:00:57.662456 135356 caffe.cpp:468] *** Benchmark begins ***
I1108 23:00:57.672951 135356 caffe.cpp:469] Testing for 1 iterations.
I1108 23:00:57.820034 135356 caffe.cpp:482] Profiling Layer: conv1 forward
I1108 23:00:59.835661 135356 caffe.cpp:512] Iteration: 1 forward-backward time: 2010 ms.
I1108 23:00:59.994195 135356 caffe.cpp:519] Average time per layer: 
I1108 23:01:00.011510 135356 caffe.cpp:522]       data	forward: 551.711 ms.
I1108 23:01:00.087616 135356 caffe.cpp:526]       data	backward: 5.754 ms.
I1108 23:01:00.110676 135356 caffe.cpp:522]      conv1	forward: 135.896 ms.
I1108 23:01:00.122156 135356 caffe.cpp:526]      conv1	backward: 43.483 ms.
I1108 23:01:00.126943 135356 caffe.cpp:522]      relu1	forward: 23.48 ms.
I1108 23:01:00.136412 135356 caffe.cpp:526]      relu1	backward: 15.441 ms.
I1108 23:01:00.148821 135356 caffe.cpp:522]      norm1	forward: 22.078 ms.
I1108 23:01:00.160532 135356 caffe.cpp:526]      norm1	backward: 16.302 ms.
I1108 23:01:00.169193 135356 caffe.cpp:522]      pool1	forward: 16.038 ms.
I1108 23:01:00.169939 135356 caffe.cpp:526]      pool1	backward: 79.483 ms.
I1108 23:01:00.170722 135356 caffe.cpp:522]      conv2	forward: 63.962 ms.
I1108 23:01:00.170954 135356 caffe.cpp:526]      conv2	backward: 82.299 ms.
I1108 23:01:00.171161 135356 caffe.cpp:522]      relu2	forward: 13.406 ms.
I1108 23:01:00.171366 135356 caffe.cpp:526]      relu2	backward: 13.518 ms.
I1108 23:01:00.171572 135356 caffe.cpp:522]      norm2	forward: 13.684 ms.
I1108 23:01:00.171777 135356 caffe.cpp:526]      norm2	backward: 14.876 ms.
I1108 23:01:00.171982 135356 caffe.cpp:522]      pool2	forward: 16.675 ms.
I1108 23:01:00.172199 135356 caffe.cpp:526]      pool2	backward: 68.669 ms.
I1108 23:01:00.172463 135356 caffe.cpp:522]      conv3	forward: 26.626 ms.
I1108 23:01:00.172677 135356 caffe.cpp:526]      conv3	backward: 36.413 ms.
I1108 23:01:00.172930 135356 caffe.cpp:522]      relu3	forward: 12.104 ms.
I1108 23:01:00.173135 135356 caffe.cpp:526]      relu3	backward: 0.689 ms.
I1108 23:01:00.173337 135356 caffe.cpp:522]      conv4	forward: 37.378 ms.
I1108 23:01:00.173542 135356 caffe.cpp:526]      conv4	backward: 28.068 ms.
I1108 23:01:00.173745 135356 caffe.cpp:522]      relu4	forward: 12.595 ms.
I1108 23:01:00.173949 135356 caffe.cpp:526]      relu4	backward: 7.371 ms.
I1108 23:01:00.174149 135356 caffe.cpp:522]      conv5	forward: 35.74 ms.
I1108 23:01:00.174353 135356 caffe.cpp:526]      conv5	backward: 19.113 ms.
I1108 23:01:00.174558 135356 caffe.cpp:522]      relu5	forward: 15.656 ms.
I1108 23:01:00.174762 135356 caffe.cpp:526]      relu5	backward: 0.234 ms.
I1108 23:01:00.174963 135356 caffe.cpp:522]      pool5	forward: 17.487 ms.
I1108 23:01:00.175168 135356 caffe.cpp:526]      pool5	backward: 9.169 ms.
I1108 23:01:00.176041 135356 caffe.cpp:522]        fc6	forward: 42.201 ms.
I1108 23:01:00.176290 135356 caffe.cpp:526]        fc6	backward: 38.596 ms.
I1108 23:01:00.176498 135356 caffe.cpp:522]      relu6	forward: 17.687 ms.
I1108 23:01:00.176704 135356 caffe.cpp:526]      relu6	backward: 0.09 ms.
I1108 23:01:00.179340 135356 caffe.cpp:522]      drop6	forward: 45.272 ms.
I1108 23:01:00.179594 135356 caffe.cpp:526]      drop6	backward: 0.09 ms.
I1108 23:01:00.179791 135356 caffe.cpp:522]        fc7	forward: 19.168 ms.
I1108 23:01:00.179988 135356 caffe.cpp:526]        fc7	backward: 21.98 ms.
I1108 23:01:00.180183 135356 caffe.cpp:522]      relu7	forward: 13.778 ms.
I1108 23:01:00.180377 135356 caffe.cpp:526]      relu7	backward: 0.092 ms.
I1108 23:01:00.180567 135356 caffe.cpp:522]      drop7	forward: 23.57 ms.
I1108 23:01:00.180759 135356 caffe.cpp:526]      drop7	backward: 0.1 ms.
I1108 23:01:00.181037 135356 caffe.cpp:522]        fc8	forward: 15.427 ms.
I1108 23:01:00.181249 135356 caffe.cpp:526]        fc8	backward: 82.658 ms.
I1108 23:01:00.181581 135356 caffe.cpp:522]       loss	forward: 76.76 ms.
I1108 23:01:00.181870 135356 caffe.cpp:526]       loss	backward: 65.425 ms.
I1108 23:01:00.187175 135356 caffe.cpp:532] Average Forward pass: 1324.79 ms.
I1108 23:01:00.200422 135356 caffe.cpp:535] Average Backward pass: 658.808 ms.
I1108 23:01:00.211334 135356 caffe.cpp:537] Average Forward-Backward: 2467 ms.
I1108 23:01:00.225991 135356 caffe.cpp:540] Total Time: 2467 ms.
I1108 23:01:00.238237 135356 caffe.cpp:541] *** Benchmark ends ***
Search stanza is "EMIT_GLOBAL_DYNAMIC_STATS"
elements_fp_single_1 = 2
elements_fp_single_4 = 0
elements_fp_single_8 = 0
elements_fp_single_16 = 421660800
elements_fp_double_1 = 0
elements_fp_double_2 = 0
elements_fp_double_4 = 0
elements_fp_double_8 = 0
--->Total single-precision FLOPs = 6746572802
--->Total double-precision FLOPs = 0
--->Total FLOPs = 6746572802
mem-read-1 = 280095
mem-read-2 = 77
mem-read-4 = 212024144
mem-read-8 = 1395878
mem-read-16 = 1
mem-read-32 = 43586
mem-read-64 = 16709030
mem-write-1 = 232436
mem-write-2 = 34
mem-write-4 = 565212
mem-write-8 = 303814
mem-write-16 = 1
mem-write-32 = 653762
mem-write-64 = 1161796
--->Total Bytes read = 1930316537
--->Total Bytes written = 100199208
--->Total Bytes = 2030515745
