sde64 -knl -d -iform 1 -omix sde_knl/knl_sde_layer0_dir1.out.mix -global_region -start_ssc_mark 111:repeat -stop_ssc_mark 222:repeat -- /project/projectdirs/mpccc/tmalas/intelcaffe/install_carl/bin/caffe time -model=src/models/mkl2017_alexnet/train_val.prototxt -iterations=1 -prof_layer=0 -prof_forward_direction=1
I1108 22:54:42.577602 135237 caffe.cpp:444] Use CPU.
I1108 22:54:59.509038 135237 cpu_info.cpp:452] Processor speed [MHz]: 1400
I1108 22:54:59.566431 135237 cpu_info.cpp:455] Total number of sockets: 1
I1108 22:54:59.578382 135237 cpu_info.cpp:458] Total number of CPU cores: 68
I1108 22:54:59.590914 135237 cpu_info.cpp:461] Total number of processors: 272
I1108 22:54:59.602396 135237 cpu_info.cpp:464] GPU is used: no
I1108 22:54:59.611516 135237 cpu_info.cpp:467] OpenMP environmental variables are specified: yes
I1108 22:54:59.620635 135237 cpu_info.cpp:470] OpenMP thread bind allowed: no
I1108 22:54:59.632076 135237 cpu_info.cpp:473] Number of OpenMP threads: 16
I1108 22:55:08.349836 135237 net.cpp:484] The NetState phase (0) differed from the phase (1) specified by a rule in layer data
I1108 22:55:08.382386 135237 net.cpp:484] The NetState phase (0) differed from the phase (1) specified by a rule in layer accuracy
I1108 22:55:09.010715 135237 net.cpp:120] Initializing net from parameters: 
name: "AlexNet"
state {
  phase: TRAIN
  level: 0
  stage: ""
}
layer {
  name: "data"
  type: "DummyData"
  top: "data"
  top: "label"
  include {
    phase: TRAIN
  }
  dummy_data_param {
    data_filler {
      type: "gaussian"
      std: 1
    }
    data_filler {
      type: "constant"
      value: 0
    }
    shape {
      dim: 32
      dim: 3
      dim: 227
      dim: 227
    }
    shape {
      dim: 32
      dim: 1
      dim: 1
      dim: 1
    }
  }
}
layer {
  name: "conv1"
  type: "Convolution"
  bottom: "data"
  top: "conv1"
  param {
    lr_mult: 1
    decay_mult: 1
  }
  param {
    lr_mult: 2
    decay_mult: 0
  }
  convolution_param {
    num_output: 96
    kernel_size: 11
    stride: 4
    weight_filler {
      type: "gaussian"
      std: 0.01
    }
    bias_filler {
      type: "constant"
      value: 0
    }
    engine: MKL2017
  }
}
layer {
  name: "relu1"
  type: "ReLU"
  bottom: "conv1"
  top: "conv1"
  relu_param {
    engine: MKL2017
  }
}
layer {
  name: "norm1"
  type: "LRN"
  bottom: "conv1"
  top: "norm1"
  lrn_param {
    local_size: 5
    alpha: 0.0001
    beta: 0.75
    engine: MKL2017
  }
}
layer {
  name: "pool1"
  type: "Pooling"
  bottom: "norm1"
  top: "pool1"
  pooling_param {
    pool: MAX
    kernel_size: 3
    stride: 2
    engine: MKL2017
  }
}
layer {
  name: "conv2"
  type: "Convolution"
  bottom: "pool1"
  top: "conv2"
  param {
    lr_mult: 1
    decay_mult: 1
  }
  param {
    lr_mult: 2
    decay_mult: 0
  }
  convolution_param {
    num_output: 256
    pad: 2
    kernel_size: 5
    group: 2
    weight_filler {
      type: "gaussian"
      std: 0.01
    }
    bias_filler {
      type: "constant"
      value: 0.1
    }
    engine: MKL2017
  }
}
layer {
  name: "relu2"
  type: "ReLU"
  bottom: "conv2"
  top: "conv2"
  relu_param {
    engine: MKL2017
  }
}
layer {
  name: "norm2"
  type: "LRN"
  bottom: "conv2"
  top: "norm2"
  lrn_param {
    local_size: 5
    alpha: 0.0001
    beta: 0.75
    engine: MKL2017
  }
}
layer {
  name: "pool2"
  type: "Pooling"
  bottom: "norm2"
  top: "pool2"
  pooling_param {
    pool: MAX
    kernel_size: 3
    stride: 2
    engine: MKL2017
  }
}
layer {
  name: "conv3"
  type: "Convolution"
  bottom: "pool2"
  top: "conv3"
  param {
    lr_mult: 1
    decay_mult: 1
  }
  param {
    lr_mult: 2
    decay_mult: 0
  }
  convolution_param {
    num_output: 384
    pad: 1
    kernel_size: 3
    weight_filler {
      type: "gaussian"
      std: 0.01
    }
    bias_filler {
      type: "constant"
      value: 0
    }
    engine: MKL2017
  }
}
layer {
  name: "relu3"
  type: "ReLU"
  bottom: "conv3"
  top: "conv3"
  relu_param {
    engine: MKL2017
  }
}
layer {
  name: "conv4"
  type: "Convolution"
  bottom: "conv3"
  top: "conv4"
  param {
    lr_mult: 1
    decay_mult: 1
  }
  param {
    lr_mult: 2
    decay_mult: 0
  }
  convolution_param {
    num_output: 384
    pad: 1
    kernel_size: 3
    group: 2
    weight_filler {
      type: "gaussian"
      std: 0.01
    }
    bias_filler {
      type: "constant"
      value: 0.1
    }
    engine: MKL2017
  }
}
layer {
  name: "relu4"
  type: "ReLU"
  bottom: "conv4"
  top: "conv4"
  relu_param {
    engine: MKL2017
  }
}
layer {
  name: "conv5"
  type: "Convolution"
  bottom: "conv4"
  top: "conv5"
  param {
    lr_mult: 1
    decay_mult: 1
  }
  param {
    lr_mult: 2
    decay_mult: 0
  }
  convolution_param {
    num_output: 256
    pad: 1
    kernel_size: 3
    group: 2
    weight_filler {
      type: "gaussian"
      std: 0.01
    }
    bias_filler {
      type: "constant"
      value: 0.1
    }
    engine: MKL2017
  }
}
layer {
  name: "relu5"
  type: "ReLU"
  bottom: "conv5"
  top: "conv5"
  relu_param {
    engine: MKL2017
  }
}
layer {
  name: "pool5"
  type: "Pooling"
  bottom: "conv5"
  top: "pool5"
  pooling_param {
    pool: MAX
    kernel_size: 3
    stride: 2
    engine: MKL2017
  }
}
layer {
  name: "fc6"
  type: "InnerProduct"
  bottom: "pool5"
  top: "fc6"
  param {
    lr_mult: 1
    decay_mult: 1
  }
  param {
    lr_mult: 2
    decay_mult: 0
  }
  inner_product_param {
    num_output: 4096
    weight_filler {
      type: "gaussian"
      std: 0.005
    }
    bias_filler {
      type: "constant"
      value: 0.1
    }
  }
}
layer {
  name: "relu6"
  type: "ReLU"
  bottom: "fc6"
  top: "fc6"
}
layer {
  name: "drop6"
  type: "Dropout"
  bottom: "fc6"
  top: "fc6"
  dropout_param {
    dropout_ratio: 0.5
  }
}
layer {
  name: "fc7"
  type: "InnerProduct"
  bottom: "fc6"
  top: "fc7"
  param {
    lr_mult: 1
    decay_mult: 1
  }
  param {
    lr_mult: 2
    decay_mult: 0
  }
  inner_product_param {
    num_output: 4096
    weight_filler {
      type: "gaussian"
      std: 0.005
    }
    bias_filler {
      type: "constant"
      value: 0.1
    }
  }
}
layer {
  name: "relu7"
  type: "ReLU"
  bottom: "fc7"
  top: "fc7"
}
layer {
  name: "drop7"
  type: "Dropout"
  bottom: "fc7"
  top: "fc7"
  dropout_param {
    dropout_ratio: 0.5
  }
}
layer {
  name: "fc8"
  type: "InnerProduct"
  bottom: "fc7"
  top: "fc8"
  param {
    lr_mult: 1
    decay_mult: 1
  }
  param {
    lr_mult: 2
    decay_mult: 0
  }
  inner_product_param {
    num_output: 1000
    weight_filler {
      type: "gaussian"
      std: 0.01
    }
    bias_filler {
      type: "constant"
      value: 0
    }
  }
}
layer {
  name: "loss"
  type: "SoftmaxWithLoss"
  bottom: "fc8"
  bottom: "label"
  top: "loss"
}
I1108 22:55:11.446563 135237 layer_factory.hpp:114] Creating layer data
I1108 22:55:11.595515 135237 net.cpp:160] Creating Layer data
I1108 22:55:11.643731 135237 net.cpp:570] data -> data
I1108 22:55:12.109547 135237 net.cpp:570] data -> label
I1108 22:55:19.121134 135237 net.cpp:210] Setting up data
I1108 22:55:19.202081 135237 net.cpp:217] Top shape: 32 3 227 227 (4946784)
I1108 22:55:19.306342 135237 net.cpp:217] Top shape: 32 1 1 1 (32)
I1108 22:55:19.313642 135237 net.cpp:225] Memory required for data: 19787264
I1108 22:55:19.382900 135237 layer_factory.hpp:114] Creating layer conv1
I1108 22:55:19.711841 135237 net.cpp:160] Creating Layer conv1
I1108 22:55:19.761945 135237 net.cpp:596] conv1 <- data
I1108 22:55:19.880672 135237 net.cpp:570] conv1 -> conv1
I1108 22:55:52.451669 135237 net.cpp:210] Setting up conv1
I1108 22:55:52.458849 135237 net.cpp:217] Top shape: 32 96 55 55 (9292800)
I1108 22:55:52.459271 135237 net.cpp:225] Memory required for data: 56958464
I1108 22:55:52.740504 135237 layer_factory.hpp:114] Creating layer relu1
I1108 22:55:52.859885 135237 net.cpp:160] Creating Layer relu1
I1108 22:55:52.864418 135237 net.cpp:596] relu1 <- conv1
I1108 22:55:52.896556 135237 net.cpp:557] relu1 -> conv1 (in-place)
I1108 22:55:53.084704 135237 net.cpp:210] Setting up relu1
I1108 22:55:53.087167 135237 net.cpp:217] Top shape: 32 96 55 55 (9292800)
I1108 22:55:53.087539 135237 net.cpp:225] Memory required for data: 94129664
I1108 22:55:53.087759 135237 layer_factory.hpp:114] Creating layer norm1
I1108 22:55:53.191020 135237 net.cpp:160] Creating Layer norm1
I1108 22:55:53.191330 135237 net.cpp:596] norm1 <- conv1
I1108 22:55:53.193882 135237 net.cpp:570] norm1 -> norm1
I1108 22:55:53.419433 135237 net.cpp:210] Setting up norm1
I1108 22:55:53.432224 135237 net.cpp:217] Top shape: 32 96 55 55 (9292800)
I1108 22:55:53.432602 135237 net.cpp:225] Memory required for data: 131300864
I1108 22:55:53.432993 135237 layer_factory.hpp:114] Creating layer pool1
I1108 22:55:53.526024 135237 net.cpp:160] Creating Layer pool1
I1108 22:55:53.526330 135237 net.cpp:596] pool1 <- norm1
I1108 22:55:53.541268 135237 net.cpp:570] pool1 -> pool1
I1108 22:55:53.839143 135237 net.cpp:210] Setting up pool1
I1108 22:55:53.841620 135237 net.cpp:217] Top shape: 32 96 27 27 (2239488)
I1108 22:55:53.841974 135237 net.cpp:225] Memory required for data: 140258816
I1108 22:55:53.842200 135237 layer_factory.hpp:114] Creating layer conv2
I1108 22:55:53.842630 135237 net.cpp:160] Creating Layer conv2
I1108 22:55:53.842881 135237 net.cpp:596] conv2 <- pool1
I1108 22:55:53.843112 135237 net.cpp:570] conv2 -> conv2
I1108 22:55:59.561146 135237 net.cpp:210] Setting up conv2
I1108 22:55:59.561465 135237 net.cpp:217] Top shape: 32 256 27 27 (5971968)
I1108 22:55:59.561879 135237 net.cpp:225] Memory required for data: 164146688
I1108 22:55:59.612397 135237 layer_factory.hpp:114] Creating layer relu2
I1108 22:55:59.612838 135237 net.cpp:160] Creating Layer relu2
I1108 22:55:59.613157 135237 net.cpp:596] relu2 <- conv2
I1108 22:55:59.613440 135237 net.cpp:557] relu2 -> conv2 (in-place)
I1108 22:55:59.613900 135237 net.cpp:210] Setting up relu2
I1108 22:55:59.614174 135237 net.cpp:217] Top shape: 32 256 27 27 (5971968)
I1108 22:55:59.614423 135237 net.cpp:225] Memory required for data: 188034560
I1108 22:55:59.614625 135237 layer_factory.hpp:114] Creating layer norm2
I1108 22:55:59.614903 135237 net.cpp:160] Creating Layer norm2
I1108 22:55:59.615149 135237 net.cpp:596] norm2 <- conv2
I1108 22:55:59.615442 135237 net.cpp:570] norm2 -> norm2
I1108 22:55:59.617629 135237 net.cpp:210] Setting up norm2
I1108 22:55:59.617959 135237 net.cpp:217] Top shape: 32 256 27 27 (5971968)
I1108 22:55:59.618345 135237 net.cpp:225] Memory required for data: 211922432
I1108 22:55:59.618580 135237 layer_factory.hpp:114] Creating layer pool2
I1108 22:55:59.619398 135237 net.cpp:160] Creating Layer pool2
I1108 22:55:59.619678 135237 net.cpp:596] pool2 <- norm2
I1108 22:55:59.619920 135237 net.cpp:570] pool2 -> pool2
I1108 22:55:59.620360 135237 net.cpp:210] Setting up pool2
I1108 22:55:59.620725 135237 net.cpp:217] Top shape: 32 256 13 13 (1384448)
I1108 22:55:59.621099 135237 net.cpp:225] Memory required for data: 217460224
I1108 22:55:59.621404 135237 layer_factory.hpp:114] Creating layer conv3
I1108 22:55:59.621737 135237 net.cpp:160] Creating Layer conv3
I1108 22:55:59.621953 135237 net.cpp:596] conv3 <- pool2
I1108 22:55:59.622189 135237 net.cpp:570] conv3 -> conv3
I1108 22:56:00.101559 135237 net.cpp:210] Setting up conv3
I1108 22:56:00.103991 135237 net.cpp:217] Top shape: 32 384 13 13 (2076672)
I1108 22:56:00.104346 135237 net.cpp:225] Memory required for data: 225766912
I1108 22:56:00.107553 135237 layer_factory.hpp:114] Creating layer relu3
I1108 22:56:00.107964 135237 net.cpp:160] Creating Layer relu3
I1108 22:56:00.108224 135237 net.cpp:596] relu3 <- conv3
I1108 22:56:00.108479 135237 net.cpp:557] relu3 -> conv3 (in-place)
I1108 22:56:00.112715 135237 net.cpp:210] Setting up relu3
I1108 22:56:00.113111 135237 net.cpp:217] Top shape: 32 384 13 13 (2076672)
I1108 22:56:00.113420 135237 net.cpp:225] Memory required for data: 234073600
I1108 22:56:00.113628 135237 layer_factory.hpp:114] Creating layer conv4
I1108 22:56:00.113997 135237 net.cpp:160] Creating Layer conv4
I1108 22:56:00.114284 135237 net.cpp:596] conv4 <- conv3
I1108 22:56:00.114552 135237 net.cpp:570] conv4 -> conv4
I1108 22:56:00.354611 135237 net.cpp:210] Setting up conv4
I1108 22:56:00.354995 135237 net.cpp:217] Top shape: 32 384 13 13 (2076672)
I1108 22:56:00.355461 135237 net.cpp:225] Memory required for data: 242380288
I1108 22:56:00.355813 135237 layer_factory.hpp:114] Creating layer relu4
I1108 22:56:00.356112 135237 net.cpp:160] Creating Layer relu4
I1108 22:56:00.356343 135237 net.cpp:596] relu4 <- conv4
I1108 22:56:00.356590 135237 net.cpp:557] relu4 -> conv4 (in-place)
I1108 22:56:00.368942 135237 net.cpp:210] Setting up relu4
I1108 22:56:00.369284 135237 net.cpp:217] Top shape: 32 384 13 13 (2076672)
I1108 22:56:00.369690 135237 net.cpp:225] Memory required for data: 250686976
I1108 22:56:00.369909 135237 layer_factory.hpp:114] Creating layer conv5
I1108 22:56:00.370277 135237 net.cpp:160] Creating Layer conv5
I1108 22:56:00.370518 135237 net.cpp:596] conv5 <- conv4
I1108 22:56:00.370767 135237 net.cpp:570] conv5 -> conv5
I1108 22:56:00.566686 135237 net.cpp:210] Setting up conv5
I1108 22:56:00.567087 135237 net.cpp:217] Top shape: 32 256 13 13 (1384448)
I1108 22:56:00.567554 135237 net.cpp:225] Memory required for data: 256224768
I1108 22:56:00.572291 135237 layer_factory.hpp:114] Creating layer relu5
I1108 22:56:00.572710 135237 net.cpp:160] Creating Layer relu5
I1108 22:56:00.573040 135237 net.cpp:596] relu5 <- conv5
I1108 22:56:00.573366 135237 net.cpp:557] relu5 -> conv5 (in-place)
I1108 22:56:00.573837 135237 net.cpp:210] Setting up relu5
I1108 22:56:00.574131 135237 net.cpp:217] Top shape: 32 256 13 13 (1384448)
I1108 22:56:00.574390 135237 net.cpp:225] Memory required for data: 261762560
I1108 22:56:00.574610 135237 layer_factory.hpp:114] Creating layer pool5
I1108 22:56:00.574910 135237 net.cpp:160] Creating Layer pool5
I1108 22:56:00.575148 135237 net.cpp:596] pool5 <- conv5
I1108 22:56:00.575402 135237 net.cpp:570] pool5 -> pool5
I1108 22:56:00.575901 135237 net.cpp:210] Setting up pool5
I1108 22:56:00.576162 135237 net.cpp:217] Top shape: 32 256 6 6 (294912)
I1108 22:56:00.576396 135237 net.cpp:225] Memory required for data: 262942208
I1108 22:56:00.576584 135237 layer_factory.hpp:114] Creating layer fc6
I1108 22:56:00.631346 135237 net.cpp:160] Creating Layer fc6
I1108 22:56:00.631655 135237 net.cpp:596] fc6 <- pool5
I1108 22:56:00.632038 135237 net.cpp:570] fc6 -> fc6
I1108 22:56:04.727705 135237 net.cpp:210] Setting up fc6
I1108 22:56:04.728008 135237 net.cpp:217] Top shape: 32 4096 (131072)
I1108 22:56:04.730059 135237 net.cpp:225] Memory required for data: 263466496
I1108 22:56:04.730372 135237 layer_factory.hpp:114] Creating layer relu6
I1108 22:56:04.732874 135237 net.cpp:160] Creating Layer relu6
I1108 22:56:04.733173 135237 net.cpp:596] relu6 <- fc6
I1108 22:56:04.733407 135237 net.cpp:557] relu6 -> fc6 (in-place)
I1108 22:56:04.733836 135237 net.cpp:210] Setting up relu6
I1108 22:56:04.734089 135237 net.cpp:217] Top shape: 32 4096 (131072)
I1108 22:56:04.734365 135237 net.cpp:225] Memory required for data: 263990784
I1108 22:56:04.734571 135237 layer_factory.hpp:114] Creating layer drop6
I1108 22:56:04.754423 135237 net.cpp:160] Creating Layer drop6
I1108 22:56:04.754725 135237 net.cpp:596] drop6 <- fc6
I1108 22:56:04.755097 135237 net.cpp:557] drop6 -> fc6 (in-place)
I1108 22:56:04.858238 135237 net.cpp:210] Setting up drop6
I1108 22:56:04.858531 135237 net.cpp:217] Top shape: 32 4096 (131072)
I1108 22:56:04.858876 135237 net.cpp:225] Memory required for data: 264515072
I1108 22:56:04.859127 135237 layer_factory.hpp:114] Creating layer fc7
I1108 22:56:04.859405 135237 net.cpp:160] Creating Layer fc7
I1108 22:56:04.859622 135237 net.cpp:596] fc7 <- fc6
I1108 22:56:04.860010 135237 net.cpp:570] fc7 -> fc7
I1108 22:56:06.573959 135237 net.cpp:210] Setting up fc7
I1108 22:56:06.574383 135237 net.cpp:217] Top shape: 32 4096 (131072)
I1108 22:56:06.574797 135237 net.cpp:225] Memory required for data: 265039360
I1108 22:56:06.575109 135237 layer_factory.hpp:114] Creating layer relu7
I1108 22:56:06.575417 135237 net.cpp:160] Creating Layer relu7
I1108 22:56:06.575644 135237 net.cpp:596] relu7 <- fc7
I1108 22:56:06.575881 135237 net.cpp:557] relu7 -> fc7 (in-place)
I1108 22:56:06.576310 135237 net.cpp:210] Setting up relu7
I1108 22:56:06.576582 135237 net.cpp:217] Top shape: 32 4096 (131072)
I1108 22:56:06.576890 135237 net.cpp:225] Memory required for data: 265563648
I1108 22:56:06.577105 135237 layer_factory.hpp:114] Creating layer drop7
I1108 22:56:06.577349 135237 net.cpp:160] Creating Layer drop7
I1108 22:56:06.577554 135237 net.cpp:596] drop7 <- fc7
I1108 22:56:06.577827 135237 net.cpp:557] drop7 -> fc7 (in-place)
I1108 22:56:06.578088 135237 net.cpp:210] Setting up drop7
I1108 22:56:06.578285 135237 net.cpp:217] Top shape: 32 4096 (131072)
I1108 22:56:06.578497 135237 net.cpp:225] Memory required for data: 266087936
I1108 22:56:06.578677 135237 layer_factory.hpp:114] Creating layer fc8
I1108 22:56:06.578922 135237 net.cpp:160] Creating Layer fc8
I1108 22:56:06.579110 135237 net.cpp:596] fc8 <- fc7
I1108 22:56:06.579329 135237 net.cpp:570] fc8 -> fc8
I1108 22:56:07.002564 135237 net.cpp:210] Setting up fc8
I1108 22:56:07.006983 135237 net.cpp:217] Top shape: 32 1000 (32000)
I1108 22:56:07.007395 135237 net.cpp:225] Memory required for data: 266215936
I1108 22:56:07.007730 135237 layer_factory.hpp:114] Creating layer loss
I1108 22:56:07.032042 135237 net.cpp:160] Creating Layer loss
I1108 22:56:07.032354 135237 net.cpp:596] loss <- fc8
I1108 22:56:07.033393 135237 net.cpp:596] loss <- label
I1108 22:56:07.060539 135237 net.cpp:570] loss -> loss
I1108 22:56:07.098253 135237 layer_factory.hpp:114] Creating layer loss
I1108 22:56:09.697510 135237 net.cpp:210] Setting up loss
I1108 22:56:09.749622 135237 net.cpp:217] Top shape: (1)
I1108 22:56:09.758886 135237 net.cpp:220]     with loss weight 1
I1108 22:56:09.888708 135237 net.cpp:225] Memory required for data: 266215940
I1108 22:56:09.934710 135237 net.cpp:287] loss needs backward computation.
I1108 22:56:10.025460 135237 net.cpp:287] fc8 needs backward computation.
I1108 22:56:10.032615 135237 net.cpp:287] drop7 needs backward computation.
I1108 22:56:10.043591 135237 net.cpp:287] relu7 needs backward computation.
I1108 22:56:10.043898 135237 net.cpp:287] fc7 needs backward computation.
I1108 22:56:10.046368 135237 net.cpp:287] drop6 needs backward computation.
I1108 22:56:10.046768 135237 net.cpp:287] relu6 needs backward computation.
I1108 22:56:10.047063 135237 net.cpp:287] fc6 needs backward computation.
I1108 22:56:10.047824 135237 net.cpp:287] pool5 needs backward computation.
I1108 22:56:10.048557 135237 net.cpp:287] relu5 needs backward computation.
I1108 22:56:10.048880 135237 net.cpp:287] conv5 needs backward computation.
I1108 22:56:10.049098 135237 net.cpp:287] relu4 needs backward computation.
I1108 22:56:10.049387 135237 net.cpp:287] conv4 needs backward computation.
I1108 22:56:10.049650 135237 net.cpp:287] relu3 needs backward computation.
I1108 22:56:10.049834 135237 net.cpp:287] conv3 needs backward computation.
I1108 22:56:10.062119 135237 net.cpp:287] pool2 needs backward computation.
I1108 22:56:10.062448 135237 net.cpp:287] norm2 needs backward computation.
I1108 22:56:10.062763 135237 net.cpp:287] relu2 needs backward computation.
I1108 22:56:10.063004 135237 net.cpp:287] conv2 needs backward computation.
I1108 22:56:10.063195 135237 net.cpp:287] pool1 needs backward computation.
I1108 22:56:10.063381 135237 net.cpp:287] norm1 needs backward computation.
I1108 22:56:10.063565 135237 net.cpp:287] relu1 needs backward computation.
I1108 22:56:10.063745 135237 net.cpp:287] conv1 needs backward computation.
I1108 22:56:10.076293 135237 net.cpp:289] data does not need backward computation.
I1108 22:56:10.100631 135237 net.cpp:331] This network produces output loss
I1108 22:56:10.173678 135237 net.cpp:345] Network initialization done.
I1108 22:56:10.337824 135237 caffe.cpp:452] Performing Forward
I1108 22:56:23.392770 135237 caffe.cpp:457] Initial loss: 6.9583
I1108 22:56:23.444433 135237 caffe.cpp:459] Performing Backward
I1108 22:56:28.487901 135237 caffe.cpp:468] *** Benchmark begins ***
I1108 22:56:28.506377 135237 caffe.cpp:469] Testing for 1 iterations.
I1108 22:56:28.649024 135237 caffe.cpp:482] Profiling Layer: data forward
I1108 22:56:31.470274 135237 caffe.cpp:512] Iteration: 1 forward-backward time: 2818 ms.
I1108 22:56:31.631691 135237 caffe.cpp:519] Average time per layer: 
I1108 22:56:31.649456 135237 caffe.cpp:522]       data	forward: 554.547 ms.
I1108 22:56:31.724951 135237 caffe.cpp:526]       data	backward: 7.112 ms.
I1108 22:56:31.747339 135237 caffe.cpp:522]      conv1	forward: 130.213 ms.
I1108 22:56:31.759250 135237 caffe.cpp:526]      conv1	backward: 45.385 ms.
I1108 22:56:31.770738 135237 caffe.cpp:522]      relu1	forward: 15.189 ms.
I1108 22:56:31.779160 135237 caffe.cpp:526]      relu1	backward: 9.829 ms.
I1108 22:56:31.783118 135237 caffe.cpp:522]      norm1	forward: 18.72 ms.
I1108 22:56:31.785243 135237 caffe.cpp:526]      norm1	backward: 22.463 ms.
I1108 22:56:31.787643 135237 caffe.cpp:522]      pool1	forward: 22.745 ms.
I1108 22:56:31.797077 135237 caffe.cpp:526]      pool1	backward: 76.265 ms.
I1108 22:56:31.801786 135237 caffe.cpp:522]      conv2	forward: 61.278 ms.
I1108 22:56:31.811125 135237 caffe.cpp:526]      conv2	backward: 81.018 ms.
I1108 22:56:31.816293 135237 caffe.cpp:522]      relu2	forward: 14.177 ms.
I1108 22:56:31.818286 135237 caffe.cpp:526]      relu2	backward: 21.546 ms.
I1108 22:56:31.825485 135237 caffe.cpp:522]      norm2	forward: 14.836 ms.
I1108 22:56:31.826432 135237 caffe.cpp:526]      norm2	backward: 16.477 ms.
I1108 22:56:31.826653 135237 caffe.cpp:522]      pool2	forward: 13.716 ms.
I1108 22:56:31.826858 135237 caffe.cpp:526]      pool2	backward: 71.772 ms.
I1108 22:56:31.827064 135237 caffe.cpp:522]      conv3	forward: 34.742 ms.
I1108 22:56:31.827265 135237 caffe.cpp:526]      conv3	backward: 71.063 ms.
I1108 22:56:31.827468 135237 caffe.cpp:522]      relu3	forward: 16.068 ms.
I1108 22:56:31.827673 135237 caffe.cpp:526]      relu3	backward: 37.016 ms.
I1108 22:56:31.827910 135237 caffe.cpp:522]      conv4	forward: 32.62 ms.
I1108 22:56:31.828126 135237 caffe.cpp:526]      conv4	backward: 69.341 ms.
I1108 22:56:31.828333 135237 caffe.cpp:522]      relu4	forward: 17.915 ms.
I1108 22:56:31.828539 135237 caffe.cpp:526]      relu4	backward: 37.156 ms.
I1108 22:56:31.828743 135237 caffe.cpp:522]      conv5	forward: 22.972 ms.
I1108 22:56:31.828989 135237 caffe.cpp:526]      conv5	backward: 68.95 ms.
I1108 22:56:31.829192 135237 caffe.cpp:522]      relu5	forward: 0.202 ms.
I1108 22:56:31.829416 135237 caffe.cpp:526]      relu5	backward: 13.561 ms.
I1108 22:56:31.829619 135237 caffe.cpp:522]      pool5	forward: 0.285 ms.
I1108 22:56:31.829819 135237 caffe.cpp:526]      pool5	backward: 50.875 ms.
I1108 22:56:31.830025 135237 caffe.cpp:522]        fc6	forward: 16.377 ms.
I1108 22:56:31.830265 135237 caffe.cpp:526]        fc6	backward: 350.219 ms.
I1108 22:56:31.830482 135237 caffe.cpp:522]      relu6	forward: 0.868 ms.
I1108 22:56:31.830687 135237 caffe.cpp:526]      relu6	backward: 19.885 ms.
I1108 22:56:31.830890 135237 caffe.cpp:522]      drop6	forward: 1.486 ms.
I1108 22:56:31.831087 135237 caffe.cpp:526]      drop6	backward: 25.245 ms.
I1108 22:56:31.831290 135237 caffe.cpp:522]        fc7	forward: 4.465 ms.
I1108 22:56:31.831486 135237 caffe.cpp:526]        fc7	backward: 258.339 ms.
I1108 22:56:31.831691 135237 caffe.cpp:522]      relu7	forward: 0.128 ms.
I1108 22:56:31.831889 135237 caffe.cpp:526]      relu7	backward: 27.423 ms.
I1108 22:56:31.832093 135237 caffe.cpp:522]      drop7	forward: 0.29 ms.
I1108 22:56:31.832293 135237 caffe.cpp:526]      drop7	backward: 11.938 ms.
I1108 22:56:31.832545 135237 caffe.cpp:522]        fc8	forward: 1.91 ms.
I1108 22:56:31.832756 135237 caffe.cpp:526]        fc8	backward: 244.301 ms.
I1108 22:56:31.833019 135237 caffe.cpp:522]       loss	forward: 36.316 ms.
I1108 22:56:31.833214 135237 caffe.cpp:526]       loss	backward: 52.111 ms.
I1108 22:56:31.838740 135237 caffe.cpp:532] Average Forward pass: 1089.76 ms.
I1108 22:56:31.852574 135237 caffe.cpp:535] Average Backward pass: 1699.29 ms.
I1108 22:56:31.863486 135237 caffe.cpp:537] Average Forward-Backward: 3288 ms.
I1108 22:56:31.878151 135237 caffe.cpp:540] Total Time: 3288 ms.
I1108 22:56:31.890974 135237 caffe.cpp:541] *** Benchmark ends ***
Search stanza is "EMIT_GLOBAL_DYNAMIC_STATS"
elements_fp_single_1 = 30876363
elements_fp_single_4 = 0
elements_fp_single_8 = 0
elements_fp_single_16 = 402702
elements_fp_double_1 = 182266
elements_fp_double_2 = 0
elements_fp_double_4 = 0
elements_fp_double_8 = 0
--->Total single-precision FLOPs = 37319595
--->Total double-precision FLOPs = 182266
--->Total FLOPs = 37501861
mem-read-1 = 5178441
mem-read-2 = 137245
mem-read-4 = 32584645
mem-read-8 = 33036862
mem-read-16 = 146242
mem-read-32 = 581140
mem-read-64 = 2202546
mem-write-1 = 5007400
mem-write-2 = 1
mem-write-4 = 14984215
mem-write-8 = 15343141
mem-write-16 = 0
mem-write-32 = 0
mem-write-64 = 330000
--->Total Bytes read = 561985703
--->Total Bytes written = 208809390
--->Total Bytes = 770795093
