sde64 -knl -d -iform 1 -omix sde_knl/knl_sde_layer8_dir0.out.mix -global_region -start_ssc_mark 111:repeat -stop_ssc_mark 222:repeat -- /project/projectdirs/mpccc/tmalas/intelcaffe/install_carl/bin/caffe time -model=src/models/mkl2017_alexnet/train_val.prototxt -iterations=1 -prof_layer=8 -prof_forward_direction=0
I1109 02:13:14.585564 142108 caffe.cpp:444] Use CPU.
I1109 02:13:31.619233 142108 cpu_info.cpp:452] Processor speed [MHz]: 1400
I1109 02:13:31.675446 142108 cpu_info.cpp:455] Total number of sockets: 1
I1109 02:13:31.687577 142108 cpu_info.cpp:458] Total number of CPU cores: 68
I1109 02:13:31.700148 142108 cpu_info.cpp:461] Total number of processors: 272
I1109 02:13:31.711448 142108 cpu_info.cpp:464] GPU is used: no
I1109 02:13:31.720468 142108 cpu_info.cpp:467] OpenMP environmental variables are specified: yes
I1109 02:13:31.729444 142108 cpu_info.cpp:470] OpenMP thread bind allowed: no
I1109 02:13:31.740428 142108 cpu_info.cpp:473] Number of OpenMP threads: 16
I1109 02:13:40.558876 142108 net.cpp:484] The NetState phase (0) differed from the phase (1) specified by a rule in layer data
I1109 02:13:40.591922 142108 net.cpp:484] The NetState phase (0) differed from the phase (1) specified by a rule in layer accuracy
I1109 02:13:41.240190 142108 net.cpp:120] Initializing net from parameters: 
name: "AlexNet"
state {
  phase: TRAIN
  level: 0
  stage: ""
}
layer {
  name: "data"
  type: "DummyData"
  top: "data"
  top: "label"
  include {
    phase: TRAIN
  }
  dummy_data_param {
    data_filler {
      type: "gaussian"
      std: 1
    }
    data_filler {
      type: "constant"
      value: 0
    }
    shape {
      dim: 32
      dim: 3
      dim: 227
      dim: 227
    }
    shape {
      dim: 32
      dim: 1
      dim: 1
      dim: 1
    }
  }
}
layer {
  name: "conv1"
  type: "Convolution"
  bottom: "data"
  top: "conv1"
  param {
    lr_mult: 1
    decay_mult: 1
  }
  param {
    lr_mult: 2
    decay_mult: 0
  }
  convolution_param {
    num_output: 96
    kernel_size: 11
    stride: 4
    weight_filler {
      type: "gaussian"
      std: 0.01
    }
    bias_filler {
      type: "constant"
      value: 0
    }
    engine: MKL2017
  }
}
layer {
  name: "relu1"
  type: "ReLU"
  bottom: "conv1"
  top: "conv1"
  relu_param {
    engine: MKL2017
  }
}
layer {
  name: "norm1"
  type: "LRN"
  bottom: "conv1"
  top: "norm1"
  lrn_param {
    local_size: 5
    alpha: 0.0001
    beta: 0.75
    engine: MKL2017
  }
}
layer {
  name: "pool1"
  type: "Pooling"
  bottom: "norm1"
  top: "pool1"
  pooling_param {
    pool: MAX
    kernel_size: 3
    stride: 2
    engine: MKL2017
  }
}
layer {
  name: "conv2"
  type: "Convolution"
  bottom: "pool1"
  top: "conv2"
  param {
    lr_mult: 1
    decay_mult: 1
  }
  param {
    lr_mult: 2
    decay_mult: 0
  }
  convolution_param {
    num_output: 256
    pad: 2
    kernel_size: 5
    group: 2
    weight_filler {
      type: "gaussian"
      std: 0.01
    }
    bias_filler {
      type: "constant"
      value: 0.1
    }
    engine: MKL2017
  }
}
layer {
  name: "relu2"
  type: "ReLU"
  bottom: "conv2"
  top: "conv2"
  relu_param {
    engine: MKL2017
  }
}
layer {
  name: "norm2"
  type: "LRN"
  bottom: "conv2"
  top: "norm2"
  lrn_param {
    local_size: 5
    alpha: 0.0001
    beta: 0.75
    engine: MKL2017
  }
}
layer {
  name: "pool2"
  type: "Pooling"
  bottom: "norm2"
  top: "pool2"
  pooling_param {
    pool: MAX
    kernel_size: 3
    stride: 2
    engine: MKL2017
  }
}
layer {
  name: "conv3"
  type: "Convolution"
  bottom: "pool2"
  top: "conv3"
  param {
    lr_mult: 1
    decay_mult: 1
  }
  param {
    lr_mult: 2
    decay_mult: 0
  }
  convolution_param {
    num_output: 384
    pad: 1
    kernel_size: 3
    weight_filler {
      type: "gaussian"
      std: 0.01
    }
    bias_filler {
      type: "constant"
      value: 0
    }
    engine: MKL2017
  }
}
layer {
  name: "relu3"
  type: "ReLU"
  bottom: "conv3"
  top: "conv3"
  relu_param {
    engine: MKL2017
  }
}
layer {
  name: "conv4"
  type: "Convolution"
  bottom: "conv3"
  top: "conv4"
  param {
    lr_mult: 1
    decay_mult: 1
  }
  param {
    lr_mult: 2
    decay_mult: 0
  }
  convolution_param {
    num_output: 384
    pad: 1
    kernel_size: 3
    group: 2
    weight_filler {
      type: "gaussian"
      std: 0.01
    }
    bias_filler {
      type: "constant"
      value: 0.1
    }
    engine: MKL2017
  }
}
layer {
  name: "relu4"
  type: "ReLU"
  bottom: "conv4"
  top: "conv4"
  relu_param {
    engine: MKL2017
  }
}
layer {
  name: "conv5"
  type: "Convolution"
  bottom: "conv4"
  top: "conv5"
  param {
    lr_mult: 1
    decay_mult: 1
  }
  param {
    lr_mult: 2
    decay_mult: 0
  }
  convolution_param {
    num_output: 256
    pad: 1
    kernel_size: 3
    group: 2
    weight_filler {
      type: "gaussian"
      std: 0.01
    }
    bias_filler {
      type: "constant"
      value: 0.1
    }
    engine: MKL2017
  }
}
layer {
  name: "relu5"
  type: "ReLU"
  bottom: "conv5"
  top: "conv5"
  relu_param {
    engine: MKL2017
  }
}
layer {
  name: "pool5"
  type: "Pooling"
  bottom: "conv5"
  top: "pool5"
  pooling_param {
    pool: MAX
    kernel_size: 3
    stride: 2
    engine: MKL2017
  }
}
layer {
  name: "fc6"
  type: "InnerProduct"
  bottom: "pool5"
  top: "fc6"
  param {
    lr_mult: 1
    decay_mult: 1
  }
  param {
    lr_mult: 2
    decay_mult: 0
  }
  inner_product_param {
    num_output: 4096
    weight_filler {
      type: "gaussian"
      std: 0.005
    }
    bias_filler {
      type: "constant"
      value: 0.1
    }
  }
}
layer {
  name: "relu6"
  type: "ReLU"
  bottom: "fc6"
  top: "fc6"
}
layer {
  name: "drop6"
  type: "Dropout"
  bottom: "fc6"
  top: "fc6"
  dropout_param {
    dropout_ratio: 0.5
  }
}
layer {
  name: "fc7"
  type: "InnerProduct"
  bottom: "fc6"
  top: "fc7"
  param {
    lr_mult: 1
    decay_mult: 1
  }
  param {
    lr_mult: 2
    decay_mult: 0
  }
  inner_product_param {
    num_output: 4096
    weight_filler {
      type: "gaussian"
      std: 0.005
    }
    bias_filler {
      type: "constant"
      value: 0.1
    }
  }
}
layer {
  name: "relu7"
  type: "ReLU"
  bottom: "fc7"
  top: "fc7"
}
layer {
  name: "drop7"
  type: "Dropout"
  bottom: "fc7"
  top: "fc7"
  dropout_param {
    dropout_ratio: 0.5
  }
}
layer {
  name: "fc8"
  type: "InnerProduct"
  bottom: "fc7"
  top: "fc8"
  param {
    lr_mult: 1
    decay_mult: 1
  }
  param {
    lr_mult: 2
    decay_mult: 0
  }
  inner_product_param {
    num_output: 1000
    weight_filler {
      type: "gaussian"
      std: 0.01
    }
    bias_filler {
      type: "constant"
      value: 0
    }
  }
}
layer {
  name: "loss"
  type: "SoftmaxWithLoss"
  bottom: "fc8"
  bottom: "label"
  top: "loss"
}
I1109 02:13:43.732182 142108 layer_factory.hpp:114] Creating layer data
I1109 02:13:43.881392 142108 net.cpp:160] Creating Layer data
I1109 02:13:43.930696 142108 net.cpp:570] data -> data
I1109 02:13:44.400313 142108 net.cpp:570] data -> label
I1109 02:13:51.501050 142108 net.cpp:210] Setting up data
I1109 02:13:51.583832 142108 net.cpp:217] Top shape: 32 3 227 227 (4946784)
I1109 02:13:51.692464 142108 net.cpp:217] Top shape: 32 1 1 1 (32)
I1109 02:13:51.699816 142108 net.cpp:225] Memory required for data: 19787264
I1109 02:13:51.767668 142108 layer_factory.hpp:114] Creating layer conv1
I1109 02:13:52.095767 142108 net.cpp:160] Creating Layer conv1
I1109 02:13:52.145781 142108 net.cpp:596] conv1 <- data
I1109 02:13:52.265705 142108 net.cpp:570] conv1 -> conv1
I1109 02:14:25.181531 142108 net.cpp:210] Setting up conv1
I1109 02:14:25.187870 142108 net.cpp:217] Top shape: 32 96 55 55 (9292800)
I1109 02:14:25.188247 142108 net.cpp:225] Memory required for data: 56958464
I1109 02:14:25.471148 142108 layer_factory.hpp:114] Creating layer relu1
I1109 02:14:25.591979 142108 net.cpp:160] Creating Layer relu1
I1109 02:14:25.596634 142108 net.cpp:596] relu1 <- conv1
I1109 02:14:25.629302 142108 net.cpp:557] relu1 -> conv1 (in-place)
I1109 02:14:25.820582 142108 net.cpp:210] Setting up relu1
I1109 02:14:25.823015 142108 net.cpp:217] Top shape: 32 96 55 55 (9292800)
I1109 02:14:25.823354 142108 net.cpp:225] Memory required for data: 94129664
I1109 02:14:25.823551 142108 layer_factory.hpp:114] Creating layer norm1
I1109 02:14:25.929631 142108 net.cpp:160] Creating Layer norm1
I1109 02:14:25.929960 142108 net.cpp:596] norm1 <- conv1
I1109 02:14:25.932497 142108 net.cpp:570] norm1 -> norm1
I1109 02:14:26.157507 142108 net.cpp:210] Setting up norm1
I1109 02:14:26.170342 142108 net.cpp:217] Top shape: 32 96 55 55 (9292800)
I1109 02:14:26.170714 142108 net.cpp:225] Memory required for data: 131300864
I1109 02:14:26.171016 142108 layer_factory.hpp:114] Creating layer pool1
I1109 02:14:26.264556 142108 net.cpp:160] Creating Layer pool1
I1109 02:14:26.264910 142108 net.cpp:596] pool1 <- norm1
I1109 02:14:26.279871 142108 net.cpp:570] pool1 -> pool1
I1109 02:14:26.587926 142108 net.cpp:210] Setting up pool1
I1109 02:14:26.590441 142108 net.cpp:217] Top shape: 32 96 27 27 (2239488)
I1109 02:14:26.590768 142108 net.cpp:225] Memory required for data: 140258816
I1109 02:14:26.591014 142108 layer_factory.hpp:114] Creating layer conv2
I1109 02:14:26.591377 142108 net.cpp:160] Creating Layer conv2
I1109 02:14:26.591670 142108 net.cpp:596] conv2 <- pool1
I1109 02:14:26.591929 142108 net.cpp:570] conv2 -> conv2
I1109 02:14:32.378137 142108 net.cpp:210] Setting up conv2
I1109 02:14:32.378478 142108 net.cpp:217] Top shape: 32 256 27 27 (5971968)
I1109 02:14:32.378885 142108 net.cpp:225] Memory required for data: 164146688
I1109 02:14:32.429159 142108 layer_factory.hpp:114] Creating layer relu2
I1109 02:14:32.429613 142108 net.cpp:160] Creating Layer relu2
I1109 02:14:32.429982 142108 net.cpp:596] relu2 <- conv2
I1109 02:14:32.430234 142108 net.cpp:557] relu2 -> conv2 (in-place)
I1109 02:14:32.430675 142108 net.cpp:210] Setting up relu2
I1109 02:14:32.430934 142108 net.cpp:217] Top shape: 32 256 27 27 (5971968)
I1109 02:14:32.431159 142108 net.cpp:225] Memory required for data: 188034560
I1109 02:14:32.431342 142108 layer_factory.hpp:114] Creating layer norm2
I1109 02:14:32.431579 142108 net.cpp:160] Creating Layer norm2
I1109 02:14:32.431771 142108 net.cpp:596] norm2 <- conv2
I1109 02:14:32.431998 142108 net.cpp:570] norm2 -> norm2
I1109 02:14:32.434159 142108 net.cpp:210] Setting up norm2
I1109 02:14:32.434470 142108 net.cpp:217] Top shape: 32 256 27 27 (5971968)
I1109 02:14:32.434698 142108 net.cpp:225] Memory required for data: 211922432
I1109 02:14:32.434885 142108 layer_factory.hpp:114] Creating layer pool2
I1109 02:14:32.435696 142108 net.cpp:160] Creating Layer pool2
I1109 02:14:32.435984 142108 net.cpp:596] pool2 <- norm2
I1109 02:14:32.436259 142108 net.cpp:570] pool2 -> pool2
I1109 02:14:32.436717 142108 net.cpp:210] Setting up pool2
I1109 02:14:32.437149 142108 net.cpp:217] Top shape: 32 256 13 13 (1384448)
I1109 02:14:32.437381 142108 net.cpp:225] Memory required for data: 217460224
I1109 02:14:32.437580 142108 layer_factory.hpp:114] Creating layer conv3
I1109 02:14:32.437921 142108 net.cpp:160] Creating Layer conv3
I1109 02:14:32.438144 142108 net.cpp:596] conv3 <- pool2
I1109 02:14:32.438382 142108 net.cpp:570] conv3 -> conv3
I1109 02:14:32.914197 142108 net.cpp:210] Setting up conv3
I1109 02:14:32.916599 142108 net.cpp:217] Top shape: 32 384 13 13 (2076672)
I1109 02:14:32.917016 142108 net.cpp:225] Memory required for data: 225766912
I1109 02:14:32.920012 142108 layer_factory.hpp:114] Creating layer relu3
I1109 02:14:32.920416 142108 net.cpp:160] Creating Layer relu3
I1109 02:14:32.920675 142108 net.cpp:596] relu3 <- conv3
I1109 02:14:32.921000 142108 net.cpp:557] relu3 -> conv3 (in-place)
I1109 02:14:32.925225 142108 net.cpp:210] Setting up relu3
I1109 02:14:32.925580 142108 net.cpp:217] Top shape: 32 384 13 13 (2076672)
I1109 02:14:32.925827 142108 net.cpp:225] Memory required for data: 234073600
I1109 02:14:32.926020 142108 layer_factory.hpp:114] Creating layer conv4
I1109 02:14:32.926381 142108 net.cpp:160] Creating Layer conv4
I1109 02:14:32.926642 142108 net.cpp:596] conv4 <- conv3
I1109 02:14:32.926887 142108 net.cpp:570] conv4 -> conv4
I1109 02:14:33.200404 142108 net.cpp:210] Setting up conv4
I1109 02:14:33.200856 142108 net.cpp:217] Top shape: 32 384 13 13 (2076672)
I1109 02:14:33.201266 142108 net.cpp:225] Memory required for data: 242380288
I1109 02:14:33.201606 142108 layer_factory.hpp:114] Creating layer relu4
I1109 02:14:33.201918 142108 net.cpp:160] Creating Layer relu4
I1109 02:14:33.202160 142108 net.cpp:596] relu4 <- conv4
I1109 02:14:33.202402 142108 net.cpp:557] relu4 -> conv4 (in-place)
I1109 02:14:33.214617 142108 net.cpp:210] Setting up relu4
I1109 02:14:33.215016 142108 net.cpp:217] Top shape: 32 384 13 13 (2076672)
I1109 02:14:33.215401 142108 net.cpp:225] Memory required for data: 250686976
I1109 02:14:33.215642 142108 layer_factory.hpp:114] Creating layer conv5
I1109 02:14:33.216007 142108 net.cpp:160] Creating Layer conv5
I1109 02:14:33.216253 142108 net.cpp:596] conv5 <- conv4
I1109 02:14:33.216500 142108 net.cpp:570] conv5 -> conv5
I1109 02:14:33.384588 142108 net.cpp:210] Setting up conv5
I1109 02:14:33.385021 142108 net.cpp:217] Top shape: 32 256 13 13 (1384448)
I1109 02:14:33.385471 142108 net.cpp:225] Memory required for data: 256224768
I1109 02:14:33.390156 142108 layer_factory.hpp:114] Creating layer relu5
I1109 02:14:33.390559 142108 net.cpp:160] Creating Layer relu5
I1109 02:14:33.390818 142108 net.cpp:596] relu5 <- conv5
I1109 02:14:33.391084 142108 net.cpp:557] relu5 -> conv5 (in-place)
I1109 02:14:33.391582 142108 net.cpp:210] Setting up relu5
I1109 02:14:33.391885 142108 net.cpp:217] Top shape: 32 256 13 13 (1384448)
I1109 02:14:33.392192 142108 net.cpp:225] Memory required for data: 261762560
I1109 02:14:33.392431 142108 layer_factory.hpp:114] Creating layer pool5
I1109 02:14:33.392693 142108 net.cpp:160] Creating Layer pool5
I1109 02:14:33.392971 142108 net.cpp:596] pool5 <- conv5
I1109 02:14:33.393206 142108 net.cpp:570] pool5 -> pool5
I1109 02:14:33.393612 142108 net.cpp:210] Setting up pool5
I1109 02:14:33.393867 142108 net.cpp:217] Top shape: 32 256 6 6 (294912)
I1109 02:14:33.394088 142108 net.cpp:225] Memory required for data: 262942208
I1109 02:14:33.394271 142108 layer_factory.hpp:114] Creating layer fc6
I1109 02:14:33.449156 142108 net.cpp:160] Creating Layer fc6
I1109 02:14:33.449468 142108 net.cpp:596] fc6 <- pool5
I1109 02:14:33.449848 142108 net.cpp:570] fc6 -> fc6
I1109 02:14:37.540920 142108 net.cpp:210] Setting up fc6
I1109 02:14:37.541220 142108 net.cpp:217] Top shape: 32 4096 (131072)
I1109 02:14:37.543287 142108 net.cpp:225] Memory required for data: 263466496
I1109 02:14:37.543598 142108 layer_factory.hpp:114] Creating layer relu6
I1109 02:14:37.546130 142108 net.cpp:160] Creating Layer relu6
I1109 02:14:37.546433 142108 net.cpp:596] relu6 <- fc6
I1109 02:14:37.546658 142108 net.cpp:557] relu6 -> fc6 (in-place)
I1109 02:14:37.547072 142108 net.cpp:210] Setting up relu6
I1109 02:14:37.547325 142108 net.cpp:217] Top shape: 32 4096 (131072)
I1109 02:14:37.547545 142108 net.cpp:225] Memory required for data: 263990784
I1109 02:14:37.547730 142108 layer_factory.hpp:114] Creating layer drop6
I1109 02:14:37.567713 142108 net.cpp:160] Creating Layer drop6
I1109 02:14:37.568019 142108 net.cpp:596] drop6 <- fc6
I1109 02:14:37.568425 142108 net.cpp:557] drop6 -> fc6 (in-place)
I1109 02:14:37.672984 142108 net.cpp:210] Setting up drop6
I1109 02:14:37.673285 142108 net.cpp:217] Top shape: 32 4096 (131072)
I1109 02:14:37.673678 142108 net.cpp:225] Memory required for data: 264515072
I1109 02:14:37.673918 142108 layer_factory.hpp:114] Creating layer fc7
I1109 02:14:37.674187 142108 net.cpp:160] Creating Layer fc7
I1109 02:14:37.674401 142108 net.cpp:596] fc7 <- fc6
I1109 02:14:37.674782 142108 net.cpp:570] fc7 -> fc7
I1109 02:14:39.385558 142108 net.cpp:210] Setting up fc7
I1109 02:14:39.385936 142108 net.cpp:217] Top shape: 32 4096 (131072)
I1109 02:14:39.386366 142108 net.cpp:225] Memory required for data: 265039360
I1109 02:14:39.386726 142108 layer_factory.hpp:114] Creating layer relu7
I1109 02:14:39.387060 142108 net.cpp:160] Creating Layer relu7
I1109 02:14:39.387310 142108 net.cpp:596] relu7 <- fc7
I1109 02:14:39.387568 142108 net.cpp:557] relu7 -> fc7 (in-place)
I1109 02:14:39.388021 142108 net.cpp:210] Setting up relu7
I1109 02:14:39.388319 142108 net.cpp:217] Top shape: 32 4096 (131072)
I1109 02:14:39.388563 142108 net.cpp:225] Memory required for data: 265563648
I1109 02:14:39.388763 142108 layer_factory.hpp:114] Creating layer drop7
I1109 02:14:39.389101 142108 net.cpp:160] Creating Layer drop7
I1109 02:14:39.389324 142108 net.cpp:596] drop7 <- fc7
I1109 02:14:39.389586 142108 net.cpp:557] drop7 -> fc7 (in-place)
I1109 02:14:39.389963 142108 net.cpp:210] Setting up drop7
I1109 02:14:39.390168 142108 net.cpp:217] Top shape: 32 4096 (131072)
I1109 02:14:39.390386 142108 net.cpp:225] Memory required for data: 266087936
I1109 02:14:39.390575 142108 layer_factory.hpp:114] Creating layer fc8
I1109 02:14:39.390831 142108 net.cpp:160] Creating Layer fc8
I1109 02:14:39.391033 142108 net.cpp:596] fc8 <- fc7
I1109 02:14:39.391261 142108 net.cpp:570] fc8 -> fc8
I1109 02:14:39.814786 142108 net.cpp:210] Setting up fc8
I1109 02:14:39.815157 142108 net.cpp:217] Top shape: 32 1000 (32000)
I1109 02:14:39.815577 142108 net.cpp:225] Memory required for data: 266215936
I1109 02:14:39.815925 142108 layer_factory.hpp:114] Creating layer loss
I1109 02:14:39.841356 142108 net.cpp:160] Creating Layer loss
I1109 02:14:39.841682 142108 net.cpp:596] loss <- fc8
I1109 02:14:39.842579 142108 net.cpp:596] loss <- label
I1109 02:14:39.870678 142108 net.cpp:570] loss -> loss
I1109 02:14:39.909948 142108 layer_factory.hpp:114] Creating layer loss
I1109 02:14:42.524461 142108 net.cpp:210] Setting up loss
I1109 02:14:42.575572 142108 net.cpp:217] Top shape: (1)
I1109 02:14:42.587945 142108 net.cpp:220]     with loss weight 1
I1109 02:14:42.727176 142108 net.cpp:225] Memory required for data: 266215940
I1109 02:14:42.767212 142108 net.cpp:287] loss needs backward computation.
I1109 02:14:42.856175 142108 net.cpp:287] fc8 needs backward computation.
I1109 02:14:42.863468 142108 net.cpp:287] drop7 needs backward computation.
I1109 02:14:42.874449 142108 net.cpp:287] relu7 needs backward computation.
I1109 02:14:42.874775 142108 net.cpp:287] fc7 needs backward computation.
I1109 02:14:42.877233 142108 net.cpp:287] drop6 needs backward computation.
I1109 02:14:42.877589 142108 net.cpp:287] relu6 needs backward computation.
I1109 02:14:42.877912 142108 net.cpp:287] fc6 needs backward computation.
I1109 02:14:42.878671 142108 net.cpp:287] pool5 needs backward computation.
I1109 02:14:42.879426 142108 net.cpp:287] relu5 needs backward computation.
I1109 02:14:42.879698 142108 net.cpp:287] conv5 needs backward computation.
I1109 02:14:42.879899 142108 net.cpp:287] relu4 needs backward computation.
I1109 02:14:42.880133 142108 net.cpp:287] conv4 needs backward computation.
I1109 02:14:42.880347 142108 net.cpp:287] relu3 needs backward computation.
I1109 02:14:42.880661 142108 net.cpp:287] conv3 needs backward computation.
I1109 02:14:42.893363 142108 net.cpp:287] pool2 needs backward computation.
I1109 02:14:42.893723 142108 net.cpp:287] norm2 needs backward computation.
I1109 02:14:42.894040 142108 net.cpp:287] relu2 needs backward computation.
I1109 02:14:42.894278 142108 net.cpp:287] conv2 needs backward computation.
I1109 02:14:42.894472 142108 net.cpp:287] pool1 needs backward computation.
I1109 02:14:42.894657 142108 net.cpp:287] norm1 needs backward computation.
I1109 02:14:42.894842 142108 net.cpp:287] relu1 needs backward computation.
I1109 02:14:42.895018 142108 net.cpp:287] conv1 needs backward computation.
I1109 02:14:42.907636 142108 net.cpp:289] data does not need backward computation.
I1109 02:14:42.932961 142108 net.cpp:331] This network produces output loss
I1109 02:14:43.006044 142108 net.cpp:345] Network initialization done.
I1109 02:14:43.177405 142108 caffe.cpp:452] Performing Forward
I1109 02:14:56.499531 142108 caffe.cpp:457] Initial loss: 6.89156
I1109 02:14:56.549530 142108 caffe.cpp:459] Performing Backward
I1109 02:15:01.709964 142108 caffe.cpp:468] *** Benchmark begins ***
I1109 02:15:01.724670 142108 caffe.cpp:469] Testing for 1 iterations.
I1109 02:15:01.872364 142108 caffe.cpp:485] Profiling Layer: pool2 backward
I1109 02:15:04.391513 142108 caffe.cpp:512] Iteration: 1 forward-backward time: 2510 ms.
I1109 02:15:04.553692 142108 caffe.cpp:519] Average time per layer: 
I1109 02:15:04.577647 142108 caffe.cpp:522]       data	forward: 566.159 ms.
I1109 02:15:04.644348 142108 caffe.cpp:526]       data	backward: 3.669 ms.
I1109 02:15:04.668572 142108 caffe.cpp:522]      conv1	forward: 130.14 ms.
I1109 02:15:04.674841 142108 caffe.cpp:526]      conv1	backward: 21.72 ms.
I1109 02:15:04.684973 142108 caffe.cpp:522]      relu1	forward: 18.312 ms.
I1109 02:15:04.690119 142108 caffe.cpp:526]      relu1	backward: 1.081 ms.
I1109 02:15:04.690505 142108 caffe.cpp:522]      norm1	forward: 16.583 ms.
I1109 02:15:04.700202 142108 caffe.cpp:526]      norm1	backward: 3.111 ms.
I1109 02:15:04.708128 142108 caffe.cpp:522]      pool1	forward: 19.126 ms.
I1109 02:15:04.714884 142108 caffe.cpp:526]      pool1	backward: 70.821 ms.
I1109 02:15:04.722805 142108 caffe.cpp:522]      conv2	forward: 64.983 ms.
I1109 02:15:04.730700 142108 caffe.cpp:526]      conv2	backward: 75.388 ms.
I1109 02:15:04.741876 142108 caffe.cpp:522]      relu2	forward: 14.984 ms.
I1109 02:15:04.748003 142108 caffe.cpp:526]      relu2	backward: 11.664 ms.
I1109 02:15:04.751811 142108 caffe.cpp:522]      norm2	forward: 12.283 ms.
I1109 02:15:04.752022 142108 caffe.cpp:526]      norm2	backward: 16.515 ms.
I1109 02:15:04.752215 142108 caffe.cpp:522]      pool2	forward: 16.34 ms.
I1109 02:15:04.752408 142108 caffe.cpp:526]      pool2	backward: 84.332 ms.
I1109 02:15:04.752600 142108 caffe.cpp:522]      conv3	forward: 34.145 ms.
I1109 02:15:04.752832 142108 caffe.cpp:526]      conv3	backward: 77.201 ms.
I1109 02:15:04.753027 142108 caffe.cpp:522]      relu3	forward: 18.412 ms.
I1109 02:15:04.753218 142108 caffe.cpp:526]      relu3	backward: 29.161 ms.
I1109 02:15:04.753448 142108 caffe.cpp:522]      conv4	forward: 36.802 ms.
I1109 02:15:04.753654 142108 caffe.cpp:526]      conv4	backward: 72.588 ms.
I1109 02:15:04.753963 142108 caffe.cpp:522]      relu4	forward: 23.81 ms.
I1109 02:15:04.754204 142108 caffe.cpp:526]      relu4	backward: 42.295 ms.
I1109 02:15:04.754396 142108 caffe.cpp:522]      conv5	forward: 45.299 ms.
I1109 02:15:04.754587 142108 caffe.cpp:526]      conv5	backward: 61.432 ms.
I1109 02:15:04.754778 142108 caffe.cpp:522]      relu5	forward: 21.228 ms.
I1109 02:15:04.754971 142108 caffe.cpp:526]      relu5	backward: 19.118 ms.
I1109 02:15:04.755162 142108 caffe.cpp:522]      pool5	forward: 18.906 ms.
I1109 02:15:04.755352 142108 caffe.cpp:526]      pool5	backward: 55.856 ms.
I1109 02:15:04.755543 142108 caffe.cpp:522]        fc6	forward: 38.528 ms.
I1109 02:15:04.755733 142108 caffe.cpp:526]        fc6	backward: 125.331 ms.
I1109 02:15:04.755926 142108 caffe.cpp:522]      relu6	forward: 19.355 ms.
I1109 02:15:04.756151 142108 caffe.cpp:526]      relu6	backward: 14.738 ms.
I1109 02:15:04.756356 142108 caffe.cpp:522]      drop6	forward: 32.253 ms.
I1109 02:15:04.756642 142108 caffe.cpp:526]      drop6	backward: 11.508 ms.
I1109 02:15:04.756882 142108 caffe.cpp:522]        fc7	forward: 16.418 ms.
I1109 02:15:04.757172 142108 caffe.cpp:526]        fc7	backward: 115.97 ms.
I1109 02:15:04.757365 142108 caffe.cpp:522]      relu7	forward: 15.11 ms.
I1109 02:15:04.757556 142108 caffe.cpp:526]      relu7	backward: 14.879 ms.
I1109 02:15:04.757746 142108 caffe.cpp:522]      drop7	forward: 28.955 ms.
I1109 02:15:04.757937 142108 caffe.cpp:526]      drop7	backward: 13.366 ms.
I1109 02:15:04.758128 142108 caffe.cpp:522]        fc8	forward: 18.104 ms.
I1109 02:15:04.758319 142108 caffe.cpp:526]        fc8	backward: 115.533 ms.
I1109 02:15:04.758512 142108 caffe.cpp:522]       loss	forward: 63.472 ms.
I1109 02:15:04.758702 142108 caffe.cpp:526]       loss	backward: 72.517 ms.
I1109 02:15:04.764223 142108 caffe.cpp:532] Average Forward pass: 1347.33 ms.
I1109 02:15:04.777050 142108 caffe.cpp:535] Average Backward pass: 1138.84 ms.
I1109 02:15:04.787775 142108 caffe.cpp:537] Average Forward-Backward: 2994 ms.
I1109 02:15:04.802554 142108 caffe.cpp:540] Total Time: 2994 ms.
I1109 02:15:04.814975 142108 caffe.cpp:541] *** Benchmark ends ***
Search stanza is "EMIT_GLOBAL_DYNAMIC_STATS"
elements_fp_single_1 = 0
elements_fp_single_4 = 0
elements_fp_single_8 = 0
elements_fp_single_16 = 86528
elements_fp_double_1 = 0
elements_fp_double_2 = 0
elements_fp_double_4 = 0
elements_fp_double_8 = 0
--->Total single-precision FLOPs = 1384448
--->Total double-precision FLOPs = 0
--->Total FLOPs = 1384448
mem-read-1 = 79830
mem-read-2 = 103
mem-read-4 = 755694
mem-read-8 = 989438
mem-read-16 = 0
mem-read-32 = 2
mem-read-64 = 346114
mem-write-1 = 152
mem-write-2 = 51
mem-write-4 = 28888
mem-write-8 = 105646
mem-write-16 = 0
mem-write-32 = 2
mem-write-64 = 753666
--->Total Bytes read = 33169676
--->Total Bytes written = 49195662
--->Total Bytes = 82365338
