sde64 -knl -d -iform 1 -omix sde_knl/knl_sde_layer5_dir1.out.mix -global_region -start_ssc_mark 111:repeat -stop_ssc_mark 222:repeat -- /project/projectdirs/mpccc/tmalas/intelcaffe/install_carl/bin/caffe time -model=src/models/mkl2017_alexnet/train_val.prototxt -iterations=1 -prof_layer=5 -prof_forward_direction=1
I1108 23:22:02.035553 135921 caffe.cpp:444] Use CPU.
I1108 23:22:18.910115 135921 cpu_info.cpp:452] Processor speed [MHz]: 1400
I1108 23:22:18.966209 135921 cpu_info.cpp:455] Total number of sockets: 1
I1108 23:22:18.978077 135921 cpu_info.cpp:458] Total number of CPU cores: 68
I1108 23:22:18.990456 135921 cpu_info.cpp:461] Total number of processors: 272
I1108 23:22:19.001739 135921 cpu_info.cpp:464] GPU is used: no
I1108 23:22:19.015004 135921 cpu_info.cpp:467] OpenMP environmental variables are specified: yes
I1108 23:22:19.023759 135921 cpu_info.cpp:470] OpenMP thread bind allowed: no
I1108 23:22:19.034731 135921 cpu_info.cpp:473] Number of OpenMP threads: 16
I1108 23:22:27.792080 135921 net.cpp:484] The NetState phase (0) differed from the phase (1) specified by a rule in layer data
I1108 23:22:27.824672 135921 net.cpp:484] The NetState phase (0) differed from the phase (1) specified by a rule in layer accuracy
I1108 23:22:28.465562 135921 net.cpp:120] Initializing net from parameters: 
name: "AlexNet"
state {
  phase: TRAIN
  level: 0
  stage: ""
}
layer {
  name: "data"
  type: "DummyData"
  top: "data"
  top: "label"
  include {
    phase: TRAIN
  }
  dummy_data_param {
    data_filler {
      type: "gaussian"
      std: 1
    }
    data_filler {
      type: "constant"
      value: 0
    }
    shape {
      dim: 32
      dim: 3
      dim: 227
      dim: 227
    }
    shape {
      dim: 32
      dim: 1
      dim: 1
      dim: 1
    }
  }
}
layer {
  name: "conv1"
  type: "Convolution"
  bottom: "data"
  top: "conv1"
  param {
    lr_mult: 1
    decay_mult: 1
  }
  param {
    lr_mult: 2
    decay_mult: 0
  }
  convolution_param {
    num_output: 96
    kernel_size: 11
    stride: 4
    weight_filler {
      type: "gaussian"
      std: 0.01
    }
    bias_filler {
      type: "constant"
      value: 0
    }
    engine: MKL2017
  }
}
layer {
  name: "relu1"
  type: "ReLU"
  bottom: "conv1"
  top: "conv1"
  relu_param {
    engine: MKL2017
  }
}
layer {
  name: "norm1"
  type: "LRN"
  bottom: "conv1"
  top: "norm1"
  lrn_param {
    local_size: 5
    alpha: 0.0001
    beta: 0.75
    engine: MKL2017
  }
}
layer {
  name: "pool1"
  type: "Pooling"
  bottom: "norm1"
  top: "pool1"
  pooling_param {
    pool: MAX
    kernel_size: 3
    stride: 2
    engine: MKL2017
  }
}
layer {
  name: "conv2"
  type: "Convolution"
  bottom: "pool1"
  top: "conv2"
  param {
    lr_mult: 1
    decay_mult: 1
  }
  param {
    lr_mult: 2
    decay_mult: 0
  }
  convolution_param {
    num_output: 256
    pad: 2
    kernel_size: 5
    group: 2
    weight_filler {
      type: "gaussian"
      std: 0.01
    }
    bias_filler {
      type: "constant"
      value: 0.1
    }
    engine: MKL2017
  }
}
layer {
  name: "relu2"
  type: "ReLU"
  bottom: "conv2"
  top: "conv2"
  relu_param {
    engine: MKL2017
  }
}
layer {
  name: "norm2"
  type: "LRN"
  bottom: "conv2"
  top: "norm2"
  lrn_param {
    local_size: 5
    alpha: 0.0001
    beta: 0.75
    engine: MKL2017
  }
}
layer {
  name: "pool2"
  type: "Pooling"
  bottom: "norm2"
  top: "pool2"
  pooling_param {
    pool: MAX
    kernel_size: 3
    stride: 2
    engine: MKL2017
  }
}
layer {
  name: "conv3"
  type: "Convolution"
  bottom: "pool2"
  top: "conv3"
  param {
    lr_mult: 1
    decay_mult: 1
  }
  param {
    lr_mult: 2
    decay_mult: 0
  }
  convolution_param {
    num_output: 384
    pad: 1
    kernel_size: 3
    weight_filler {
      type: "gaussian"
      std: 0.01
    }
    bias_filler {
      type: "constant"
      value: 0
    }
    engine: MKL2017
  }
}
layer {
  name: "relu3"
  type: "ReLU"
  bottom: "conv3"
  top: "conv3"
  relu_param {
    engine: MKL2017
  }
}
layer {
  name: "conv4"
  type: "Convolution"
  bottom: "conv3"
  top: "conv4"
  param {
    lr_mult: 1
    decay_mult: 1
  }
  param {
    lr_mult: 2
    decay_mult: 0
  }
  convolution_param {
    num_output: 384
    pad: 1
    kernel_size: 3
    group: 2
    weight_filler {
      type: "gaussian"
      std: 0.01
    }
    bias_filler {
      type: "constant"
      value: 0.1
    }
    engine: MKL2017
  }
}
layer {
  name: "relu4"
  type: "ReLU"
  bottom: "conv4"
  top: "conv4"
  relu_param {
    engine: MKL2017
  }
}
layer {
  name: "conv5"
  type: "Convolution"
  bottom: "conv4"
  top: "conv5"
  param {
    lr_mult: 1
    decay_mult: 1
  }
  param {
    lr_mult: 2
    decay_mult: 0
  }
  convolution_param {
    num_output: 256
    pad: 1
    kernel_size: 3
    group: 2
    weight_filler {
      type: "gaussian"
      std: 0.01
    }
    bias_filler {
      type: "constant"
      value: 0.1
    }
    engine: MKL2017
  }
}
layer {
  name: "relu5"
  type: "ReLU"
  bottom: "conv5"
  top: "conv5"
  relu_param {
    engine: MKL2017
  }
}
layer {
  name: "pool5"
  type: "Pooling"
  bottom: "conv5"
  top: "pool5"
  pooling_param {
    pool: MAX
    kernel_size: 3
    stride: 2
    engine: MKL2017
  }
}
layer {
  name: "fc6"
  type: "InnerProduct"
  bottom: "pool5"
  top: "fc6"
  param {
    lr_mult: 1
    decay_mult: 1
  }
  param {
    lr_mult: 2
    decay_mult: 0
  }
  inner_product_param {
    num_output: 4096
    weight_filler {
      type: "gaussian"
      std: 0.005
    }
    bias_filler {
      type: "constant"
      value: 0.1
    }
  }
}
layer {
  name: "relu6"
  type: "ReLU"
  bottom: "fc6"
  top: "fc6"
}
layer {
  name: "drop6"
  type: "Dropout"
  bottom: "fc6"
  top: "fc6"
  dropout_param {
    dropout_ratio: 0.5
  }
}
layer {
  name: "fc7"
  type: "InnerProduct"
  bottom: "fc6"
  top: "fc7"
  param {
    lr_mult: 1
    decay_mult: 1
  }
  param {
    lr_mult: 2
    decay_mult: 0
  }
  inner_product_param {
    num_output: 4096
    weight_filler {
      type: "gaussian"
      std: 0.005
    }
    bias_filler {
      type: "constant"
      value: 0.1
    }
  }
}
layer {
  name: "relu7"
  type: "ReLU"
  bottom: "fc7"
  top: "fc7"
}
layer {
  name: "drop7"
  type: "Dropout"
  bottom: "fc7"
  top: "fc7"
  dropout_param {
    dropout_ratio: 0.5
  }
}
layer {
  name: "fc8"
  type: "InnerProduct"
  bottom: "fc7"
  top: "fc8"
  param {
    lr_mult: 1
    decay_mult: 1
  }
  param {
    lr_mult: 2
    decay_mult: 0
  }
  inner_product_param {
    num_output: 1000
    weight_filler {
      type: "gaussian"
      std: 0.01
    }
    bias_filler {
      type: "constant"
      value: 0
    }
  }
}
layer {
  name: "loss"
  type: "SoftmaxWithLoss"
  bottom: "fc8"
  bottom: "label"
  top: "loss"
}
I1108 23:22:30.922224 135921 layer_factory.hpp:114] Creating layer data
I1108 23:22:31.069957 135921 net.cpp:160] Creating Layer data
I1108 23:22:31.118141 135921 net.cpp:570] data -> data
I1108 23:22:31.587808 135921 net.cpp:570] data -> label
I1108 23:22:38.636988 135921 net.cpp:210] Setting up data
I1108 23:22:38.718534 135921 net.cpp:217] Top shape: 32 3 227 227 (4946784)
I1108 23:22:38.823364 135921 net.cpp:217] Top shape: 32 1 1 1 (32)
I1108 23:22:38.830637 135921 net.cpp:225] Memory required for data: 19787264
I1108 23:22:38.897900 135921 layer_factory.hpp:114] Creating layer conv1
I1108 23:22:39.225201 135921 net.cpp:160] Creating Layer conv1
I1108 23:22:39.275029 135921 net.cpp:596] conv1 <- data
I1108 23:22:39.393996 135921 net.cpp:570] conv1 -> conv1
I1108 23:23:12.323781 135921 net.cpp:210] Setting up conv1
I1108 23:23:12.330140 135921 net.cpp:217] Top shape: 32 96 55 55 (9292800)
I1108 23:23:12.330513 135921 net.cpp:225] Memory required for data: 56958464
I1108 23:23:12.617314 135921 layer_factory.hpp:114] Creating layer relu1
I1108 23:23:12.737874 135921 net.cpp:160] Creating Layer relu1
I1108 23:23:12.742494 135921 net.cpp:596] relu1 <- conv1
I1108 23:23:12.774865 135921 net.cpp:557] relu1 -> conv1 (in-place)
I1108 23:23:12.964205 135921 net.cpp:210] Setting up relu1
I1108 23:23:12.966639 135921 net.cpp:217] Top shape: 32 96 55 55 (9292800)
I1108 23:23:12.967018 135921 net.cpp:225] Memory required for data: 94129664
I1108 23:23:12.967236 135921 layer_factory.hpp:114] Creating layer norm1
I1108 23:23:13.072212 135921 net.cpp:160] Creating Layer norm1
I1108 23:23:13.072530 135921 net.cpp:596] norm1 <- conv1
I1108 23:23:13.075057 135921 net.cpp:570] norm1 -> norm1
I1108 23:23:13.296547 135921 net.cpp:210] Setting up norm1
I1108 23:23:13.309273 135921 net.cpp:217] Top shape: 32 96 55 55 (9292800)
I1108 23:23:13.309654 135921 net.cpp:225] Memory required for data: 131300864
I1108 23:23:13.309981 135921 layer_factory.hpp:114] Creating layer pool1
I1108 23:23:13.408632 135921 net.cpp:160] Creating Layer pool1
I1108 23:23:13.409147 135921 net.cpp:596] pool1 <- norm1
I1108 23:23:13.425865 135921 net.cpp:570] pool1 -> pool1
I1108 23:23:13.734673 135921 net.cpp:210] Setting up pool1
I1108 23:23:13.737222 135921 net.cpp:217] Top shape: 32 96 27 27 (2239488)
I1108 23:23:13.737588 135921 net.cpp:225] Memory required for data: 140258816
I1108 23:23:13.737818 135921 layer_factory.hpp:114] Creating layer conv2
I1108 23:23:13.738173 135921 net.cpp:160] Creating Layer conv2
I1108 23:23:13.738404 135921 net.cpp:596] conv2 <- pool1
I1108 23:23:13.738652 135921 net.cpp:570] conv2 -> conv2
I1108 23:23:19.494029 135921 net.cpp:210] Setting up conv2
I1108 23:23:19.494379 135921 net.cpp:217] Top shape: 32 256 27 27 (5971968)
I1108 23:23:19.494825 135921 net.cpp:225] Memory required for data: 164146688
I1108 23:23:19.546726 135921 layer_factory.hpp:114] Creating layer relu2
I1108 23:23:19.547168 135921 net.cpp:160] Creating Layer relu2
I1108 23:23:19.547556 135921 net.cpp:596] relu2 <- conv2
I1108 23:23:19.547834 135921 net.cpp:557] relu2 -> conv2 (in-place)
I1108 23:23:19.548321 135921 net.cpp:210] Setting up relu2
I1108 23:23:19.548605 135921 net.cpp:217] Top shape: 32 256 27 27 (5971968)
I1108 23:23:19.548899 135921 net.cpp:225] Memory required for data: 188034560
I1108 23:23:19.549105 135921 layer_factory.hpp:114] Creating layer norm2
I1108 23:23:19.549365 135921 net.cpp:160] Creating Layer norm2
I1108 23:23:19.549602 135921 net.cpp:596] norm2 <- conv2
I1108 23:23:19.549855 135921 net.cpp:570] norm2 -> norm2
I1108 23:23:19.551970 135921 net.cpp:210] Setting up norm2
I1108 23:23:19.552317 135921 net.cpp:217] Top shape: 32 256 27 27 (5971968)
I1108 23:23:19.552577 135921 net.cpp:225] Memory required for data: 211922432
I1108 23:23:19.552961 135921 layer_factory.hpp:114] Creating layer pool2
I1108 23:23:19.553918 135921 net.cpp:160] Creating Layer pool2
I1108 23:23:19.554225 135921 net.cpp:596] pool2 <- norm2
I1108 23:23:19.554492 135921 net.cpp:570] pool2 -> pool2
I1108 23:23:19.554936 135921 net.cpp:210] Setting up pool2
I1108 23:23:19.555215 135921 net.cpp:217] Top shape: 32 256 13 13 (1384448)
I1108 23:23:19.555459 135921 net.cpp:225] Memory required for data: 217460224
I1108 23:23:19.555794 135921 layer_factory.hpp:114] Creating layer conv3
I1108 23:23:19.556210 135921 net.cpp:160] Creating Layer conv3
I1108 23:23:19.556437 135921 net.cpp:596] conv3 <- pool2
I1108 23:23:19.556684 135921 net.cpp:570] conv3 -> conv3
I1108 23:23:20.065652 135921 net.cpp:210] Setting up conv3
I1108 23:23:20.068017 135921 net.cpp:217] Top shape: 32 384 13 13 (2076672)
I1108 23:23:20.068372 135921 net.cpp:225] Memory required for data: 225766912
I1108 23:23:20.071480 135921 layer_factory.hpp:114] Creating layer relu3
I1108 23:23:20.071904 135921 net.cpp:160] Creating Layer relu3
I1108 23:23:20.072177 135921 net.cpp:596] relu3 <- conv3
I1108 23:23:20.072522 135921 net.cpp:557] relu3 -> conv3 (in-place)
I1108 23:23:20.076699 135921 net.cpp:210] Setting up relu3
I1108 23:23:20.077075 135921 net.cpp:217] Top shape: 32 384 13 13 (2076672)
I1108 23:23:20.077348 135921 net.cpp:225] Memory required for data: 234073600
I1108 23:23:20.077587 135921 layer_factory.hpp:114] Creating layer conv4
I1108 23:23:20.077960 135921 net.cpp:160] Creating Layer conv4
I1108 23:23:20.078218 135921 net.cpp:596] conv4 <- conv3
I1108 23:23:20.078470 135921 net.cpp:570] conv4 -> conv4
I1108 23:23:20.318938 135921 net.cpp:210] Setting up conv4
I1108 23:23:20.319326 135921 net.cpp:217] Top shape: 32 384 13 13 (2076672)
I1108 23:23:20.319712 135921 net.cpp:225] Memory required for data: 242380288
I1108 23:23:20.320060 135921 layer_factory.hpp:114] Creating layer relu4
I1108 23:23:20.320354 135921 net.cpp:160] Creating Layer relu4
I1108 23:23:20.320582 135921 net.cpp:596] relu4 <- conv4
I1108 23:23:20.320866 135921 net.cpp:557] relu4 -> conv4 (in-place)
I1108 23:23:20.333097 135921 net.cpp:210] Setting up relu4
I1108 23:23:20.333447 135921 net.cpp:217] Top shape: 32 384 13 13 (2076672)
I1108 23:23:20.333847 135921 net.cpp:225] Memory required for data: 250686976
I1108 23:23:20.334061 135921 layer_factory.hpp:114] Creating layer conv5
I1108 23:23:20.334430 135921 net.cpp:160] Creating Layer conv5
I1108 23:23:20.334681 135921 net.cpp:596] conv5 <- conv4
I1108 23:23:20.334926 135921 net.cpp:570] conv5 -> conv5
I1108 23:23:20.503156 135921 net.cpp:210] Setting up conv5
I1108 23:23:20.503545 135921 net.cpp:217] Top shape: 32 256 13 13 (1384448)
I1108 23:23:20.503983 135921 net.cpp:225] Memory required for data: 256224768
I1108 23:23:20.508646 135921 layer_factory.hpp:114] Creating layer relu5
I1108 23:23:20.509119 135921 net.cpp:160] Creating Layer relu5
I1108 23:23:20.509414 135921 net.cpp:596] relu5 <- conv5
I1108 23:23:20.509690 135921 net.cpp:557] relu5 -> conv5 (in-place)
I1108 23:23:20.510150 135921 net.cpp:210] Setting up relu5
I1108 23:23:20.510442 135921 net.cpp:217] Top shape: 32 256 13 13 (1384448)
I1108 23:23:20.510694 135921 net.cpp:225] Memory required for data: 261762560
I1108 23:23:20.510906 135921 layer_factory.hpp:114] Creating layer pool5
I1108 23:23:20.511207 135921 net.cpp:160] Creating Layer pool5
I1108 23:23:20.511438 135921 net.cpp:596] pool5 <- conv5
I1108 23:23:20.511678 135921 net.cpp:570] pool5 -> pool5
I1108 23:23:20.512176 135921 net.cpp:210] Setting up pool5
I1108 23:23:20.512434 135921 net.cpp:217] Top shape: 32 256 6 6 (294912)
I1108 23:23:20.512661 135921 net.cpp:225] Memory required for data: 262942208
I1108 23:23:20.512902 135921 layer_factory.hpp:114] Creating layer fc6
I1108 23:23:20.569613 135921 net.cpp:160] Creating Layer fc6
I1108 23:23:20.569941 135921 net.cpp:596] fc6 <- pool5
I1108 23:23:20.570343 135921 net.cpp:570] fc6 -> fc6
I1108 23:23:24.659901 135921 net.cpp:210] Setting up fc6
I1108 23:23:24.660212 135921 net.cpp:217] Top shape: 32 4096 (131072)
I1108 23:23:24.662287 135921 net.cpp:225] Memory required for data: 263466496
I1108 23:23:24.662606 135921 layer_factory.hpp:114] Creating layer relu6
I1108 23:23:24.665186 135921 net.cpp:160] Creating Layer relu6
I1108 23:23:24.665485 135921 net.cpp:596] relu6 <- fc6
I1108 23:23:24.665714 135921 net.cpp:557] relu6 -> fc6 (in-place)
I1108 23:23:24.666131 135921 net.cpp:210] Setting up relu6
I1108 23:23:24.666383 135921 net.cpp:217] Top shape: 32 4096 (131072)
I1108 23:23:24.666651 135921 net.cpp:225] Memory required for data: 263990784
I1108 23:23:24.666852 135921 layer_factory.hpp:114] Creating layer drop6
I1108 23:23:24.686770 135921 net.cpp:160] Creating Layer drop6
I1108 23:23:24.687077 135921 net.cpp:596] drop6 <- fc6
I1108 23:23:24.687450 135921 net.cpp:557] drop6 -> fc6 (in-place)
I1108 23:23:24.790158 135921 net.cpp:210] Setting up drop6
I1108 23:23:24.790463 135921 net.cpp:217] Top shape: 32 4096 (131072)
I1108 23:23:24.790814 135921 net.cpp:225] Memory required for data: 264515072
I1108 23:23:24.791062 135921 layer_factory.hpp:114] Creating layer fc7
I1108 23:23:24.791343 135921 net.cpp:160] Creating Layer fc7
I1108 23:23:24.791555 135921 net.cpp:596] fc7 <- fc6
I1108 23:23:24.791940 135921 net.cpp:570] fc7 -> fc7
I1108 23:23:26.503654 135921 net.cpp:210] Setting up fc7
I1108 23:23:26.504001 135921 net.cpp:217] Top shape: 32 4096 (131072)
I1108 23:23:26.504432 135921 net.cpp:225] Memory required for data: 265039360
I1108 23:23:26.504772 135921 layer_factory.hpp:114] Creating layer relu7
I1108 23:23:26.505126 135921 net.cpp:160] Creating Layer relu7
I1108 23:23:26.505352 135921 net.cpp:596] relu7 <- fc7
I1108 23:23:26.505586 135921 net.cpp:557] relu7 -> fc7 (in-place)
I1108 23:23:26.506012 135921 net.cpp:210] Setting up relu7
I1108 23:23:26.506278 135921 net.cpp:217] Top shape: 32 4096 (131072)
I1108 23:23:26.506515 135921 net.cpp:225] Memory required for data: 265563648
I1108 23:23:26.506702 135921 layer_factory.hpp:114] Creating layer drop7
I1108 23:23:26.506961 135921 net.cpp:160] Creating Layer drop7
I1108 23:23:26.507166 135921 net.cpp:596] drop7 <- fc7
I1108 23:23:26.507411 135921 net.cpp:557] drop7 -> fc7 (in-place)
I1108 23:23:26.507711 135921 net.cpp:210] Setting up drop7
I1108 23:23:26.507912 135921 net.cpp:217] Top shape: 32 4096 (131072)
I1108 23:23:26.508123 135921 net.cpp:225] Memory required for data: 266087936
I1108 23:23:26.508302 135921 layer_factory.hpp:114] Creating layer fc8
I1108 23:23:26.508546 135921 net.cpp:160] Creating Layer fc8
I1108 23:23:26.508739 135921 net.cpp:596] fc8 <- fc7
I1108 23:23:26.509021 135921 net.cpp:570] fc8 -> fc8
I1108 23:23:26.934340 135921 net.cpp:210] Setting up fc8
I1108 23:23:26.934686 135921 net.cpp:217] Top shape: 32 1000 (32000)
I1108 23:23:26.935080 135921 net.cpp:225] Memory required for data: 266215936
I1108 23:23:26.935379 135921 layer_factory.hpp:114] Creating layer loss
I1108 23:23:26.959805 135921 net.cpp:160] Creating Layer loss
I1108 23:23:26.960127 135921 net.cpp:596] loss <- fc8
I1108 23:23:26.961115 135921 net.cpp:596] loss <- label
I1108 23:23:26.988317 135921 net.cpp:570] loss -> loss
I1108 23:23:27.026202 135921 layer_factory.hpp:114] Creating layer loss
I1108 23:23:29.588621 135921 net.cpp:210] Setting up loss
I1108 23:23:29.636327 135921 net.cpp:217] Top shape: (1)
I1108 23:23:29.652288 135921 net.cpp:220]     with loss weight 1
I1108 23:23:29.785418 135921 net.cpp:225] Memory required for data: 266215940
I1108 23:23:29.833783 135921 net.cpp:287] loss needs backward computation.
I1108 23:23:29.922683 135921 net.cpp:287] fc8 needs backward computation.
I1108 23:23:29.929993 135921 net.cpp:287] drop7 needs backward computation.
I1108 23:23:29.941030 135921 net.cpp:287] relu7 needs backward computation.
I1108 23:23:29.941354 135921 net.cpp:287] fc7 needs backward computation.
I1108 23:23:29.943837 135921 net.cpp:287] drop6 needs backward computation.
I1108 23:23:29.944274 135921 net.cpp:287] relu6 needs backward computation.
I1108 23:23:29.944525 135921 net.cpp:287] fc6 needs backward computation.
I1108 23:23:29.945237 135921 net.cpp:287] pool5 needs backward computation.
I1108 23:23:29.945973 135921 net.cpp:287] relu5 needs backward computation.
I1108 23:23:29.946245 135921 net.cpp:287] conv5 needs backward computation.
I1108 23:23:29.946487 135921 net.cpp:287] relu4 needs backward computation.
I1108 23:23:29.946740 135921 net.cpp:287] conv4 needs backward computation.
I1108 23:23:29.947031 135921 net.cpp:287] relu3 needs backward computation.
I1108 23:23:29.947262 135921 net.cpp:287] conv3 needs backward computation.
I1108 23:23:29.960021 135921 net.cpp:287] pool2 needs backward computation.
I1108 23:23:29.960378 135921 net.cpp:287] norm2 needs backward computation.
I1108 23:23:29.960698 135921 net.cpp:287] relu2 needs backward computation.
I1108 23:23:29.960978 135921 net.cpp:287] conv2 needs backward computation.
I1108 23:23:29.961170 135921 net.cpp:287] pool1 needs backward computation.
I1108 23:23:29.961352 135921 net.cpp:287] norm1 needs backward computation.
I1108 23:23:29.961534 135921 net.cpp:287] relu1 needs backward computation.
I1108 23:23:29.961710 135921 net.cpp:287] conv1 needs backward computation.
I1108 23:23:29.974133 135921 net.cpp:289] data does not need backward computation.
I1108 23:23:29.999421 135921 net.cpp:331] This network produces output loss
I1108 23:23:30.074869 135921 net.cpp:345] Network initialization done.
I1108 23:23:30.244295 135921 caffe.cpp:452] Performing Forward
I1108 23:23:43.211311 135921 caffe.cpp:457] Initial loss: 6.87542
I1108 23:23:43.273614 135921 caffe.cpp:459] Performing Backward
I1108 23:23:47.833433 135921 caffe.cpp:468] *** Benchmark begins ***
I1108 23:23:47.848604 135921 caffe.cpp:469] Testing for 1 iterations.
I1108 23:23:47.993974 135921 caffe.cpp:482] Profiling Layer: conv2 forward
I1108 23:23:50.337704 135921 caffe.cpp:512] Iteration: 1 forward-backward time: 2338 ms.
I1108 23:23:50.492877 135921 caffe.cpp:519] Average time per layer: 
I1108 23:23:50.512089 135921 caffe.cpp:522]       data	forward: 556.083 ms.
I1108 23:23:50.585963 135921 caffe.cpp:526]       data	backward: 5.488 ms.
I1108 23:23:50.610890 135921 caffe.cpp:522]      conv1	forward: 132.707 ms.
I1108 23:23:50.618456 135921 caffe.cpp:526]      conv1	backward: 49.145 ms.
I1108 23:23:50.629189 135921 caffe.cpp:522]      relu1	forward: 18.492 ms.
I1108 23:23:50.633443 135921 caffe.cpp:526]      relu1	backward: 14.38 ms.
I1108 23:23:50.643025 135921 caffe.cpp:522]      norm1	forward: 28.155 ms.
I1108 23:23:50.651056 135921 caffe.cpp:526]      norm1	backward: 12.948 ms.
I1108 23:23:50.661758 135921 caffe.cpp:522]      pool1	forward: 28.011 ms.
I1108 23:23:50.674682 135921 caffe.cpp:526]      pool1	backward: 83.674 ms.
I1108 23:23:50.685703 135921 caffe.cpp:522]      conv2	forward: 78.859 ms.
I1108 23:23:50.687127 135921 caffe.cpp:526]      conv2	backward: 70.723 ms.
I1108 23:23:50.687381 135921 caffe.cpp:522]      relu2	forward: 14.112 ms.
I1108 23:23:50.687577 135921 caffe.cpp:526]      relu2	backward: 11.838 ms.
I1108 23:23:50.687769 135921 caffe.cpp:522]      norm2	forward: 18.351 ms.
I1108 23:23:50.687960 135921 caffe.cpp:526]      norm2	backward: 15.559 ms.
I1108 23:23:50.688150 135921 caffe.cpp:522]      pool2	forward: 19.962 ms.
I1108 23:23:50.688374 135921 caffe.cpp:526]      pool2	backward: 66.297 ms.
I1108 23:23:50.688577 135921 caffe.cpp:522]      conv3	forward: 40.97 ms.
I1108 23:23:50.688838 135921 caffe.cpp:526]      conv3	backward: 74.506 ms.
I1108 23:23:50.689031 135921 caffe.cpp:522]      relu3	forward: 15.279 ms.
I1108 23:23:50.689223 135921 caffe.cpp:526]      relu3	backward: 37.352 ms.
I1108 23:23:50.689412 135921 caffe.cpp:522]      conv4	forward: 31.701 ms.
I1108 23:23:50.689601 135921 caffe.cpp:526]      conv4	backward: 77.54 ms.
I1108 23:23:50.689791 135921 caffe.cpp:522]      relu4	forward: 15.283 ms.
I1108 23:23:50.689981 135921 caffe.cpp:526]      relu4	backward: 32.238 ms.
I1108 23:23:50.690171 135921 caffe.cpp:522]      conv5	forward: 33.873 ms.
I1108 23:23:50.690361 135921 caffe.cpp:526]      conv5	backward: 66.525 ms.
I1108 23:23:50.690551 135921 caffe.cpp:522]      relu5	forward: 11.588 ms.
I1108 23:23:50.690740 135921 caffe.cpp:526]      relu5	backward: 16.242 ms.
I1108 23:23:50.690929 135921 caffe.cpp:522]      pool5	forward: 12.152 ms.
I1108 23:23:50.691119 135921 caffe.cpp:526]      pool5	backward: 44.311 ms.
I1108 23:23:50.691309 135921 caffe.cpp:522]        fc6	forward: 33.873 ms.
I1108 23:23:50.691499 135921 caffe.cpp:526]        fc6	backward: 115.449 ms.
I1108 23:23:50.691691 135921 caffe.cpp:522]      relu6	forward: 14.062 ms.
I1108 23:23:50.691880 135921 caffe.cpp:526]      relu6	backward: 17.688 ms.
I1108 23:23:50.692070 135921 caffe.cpp:522]      drop6	forward: 36.054 ms.
I1108 23:23:50.692260 135921 caffe.cpp:526]      drop6	backward: 14.958 ms.
I1108 23:23:50.692451 135921 caffe.cpp:522]        fc7	forward: 18.835 ms.
I1108 23:23:50.692639 135921 caffe.cpp:526]        fc7	backward: 86.852 ms.
I1108 23:23:50.692843 135921 caffe.cpp:522]      relu7	forward: 7.9 ms.
I1108 23:23:50.693029 135921 caffe.cpp:526]      relu7	backward: 0.089 ms.
I1108 23:23:50.695390 135921 caffe.cpp:522]      drop7	forward: 0.332 ms.
I1108 23:23:50.695636 135921 caffe.cpp:526]      drop7	backward: 0.093 ms.
I1108 23:23:50.695832 135921 caffe.cpp:522]        fc8	forward: 1.729 ms.
I1108 23:23:50.696020 135921 caffe.cpp:526]        fc8	backward: 74.576 ms.
I1108 23:23:50.696218 135921 caffe.cpp:522]       loss	forward: 41.701 ms.
I1108 23:23:50.696408 135921 caffe.cpp:526]       loss	backward: 43.173 ms.
I1108 23:23:50.701578 135921 caffe.cpp:532] Average Forward pass: 1266.92 ms.
I1108 23:23:50.714867 135921 caffe.cpp:535] Average Backward pass: 1041.78 ms.
I1108 23:23:50.725750 135921 caffe.cpp:537] Average Forward-Backward: 2807 ms.
I1108 23:23:50.740558 135921 caffe.cpp:540] Total Time: 2807 ms.
I1108 23:23:50.752753 135921 caffe.cpp:541] *** Benchmark ends ***
Search stanza is "EMIT_GLOBAL_DYNAMIC_STATS"
elements_fp_single_1 = 2
elements_fp_single_4 = 0
elements_fp_single_8 = 0
elements_fp_single_16 = 819058176
elements_fp_double_1 = 0
elements_fp_double_2 = 0
elements_fp_double_4 = 0
elements_fp_double_8 = 0
--->Total single-precision FLOPs = 13104930818
--->Total double-precision FLOPs = 0
--->Total FLOPs = 13104930818
mem-read-1 = 46725
mem-read-2 = 75
mem-read-4 = 409888277
mem-read-8 = 2229922
mem-read-16 = 0
mem-read-32 = 2
mem-read-64 = 41123525
mem-write-1 = 114
mem-write-2 = 34
mem-write-4 = 42853
mem-write-8 = 1109997
mem-write-16 = 0
mem-write-32 = 2
mem-write-64 = 1677572
--->Total Bytes read = 4289345023
--->Total Bytes written = 116416242
--->Total Bytes = 4405761265
