sde64 -knl -d -iform 1 -omix sde_knl/knl_sde_layer23_dir0.out.mix -global_region -start_ssc_mark 111:repeat -stop_ssc_mark 222:repeat -- /project/projectdirs/mpccc/tmalas/intelcaffe/install_carl/bin/caffe time -model=src/models/mkl2017_alexnet/train_val.prototxt -iterations=1 -prof_layer=23 -prof_forward_direction=0
I1109 03:45:56.036170 145289 caffe.cpp:444] Use CPU.
I1109 03:46:12.871197 145289 cpu_info.cpp:452] Processor speed [MHz]: 1400
I1109 03:46:12.927160 145289 cpu_info.cpp:455] Total number of sockets: 1
I1109 03:46:12.939049 145289 cpu_info.cpp:458] Total number of CPU cores: 68
I1109 03:46:12.951637 145289 cpu_info.cpp:461] Total number of processors: 272
I1109 03:46:12.962823 145289 cpu_info.cpp:464] GPU is used: no
I1109 03:46:12.971894 145289 cpu_info.cpp:467] OpenMP environmental variables are specified: yes
I1109 03:46:12.980629 145289 cpu_info.cpp:470] OpenMP thread bind allowed: no
I1109 03:46:12.991479 145289 cpu_info.cpp:473] Number of OpenMP threads: 16
I1109 03:46:21.701215 145289 net.cpp:484] The NetState phase (0) differed from the phase (1) specified by a rule in layer data
I1109 03:46:21.733942 145289 net.cpp:484] The NetState phase (0) differed from the phase (1) specified by a rule in layer accuracy
I1109 03:46:22.364454 145289 net.cpp:120] Initializing net from parameters: 
name: "AlexNet"
state {
  phase: TRAIN
  level: 0
  stage: ""
}
layer {
  name: "data"
  type: "DummyData"
  top: "data"
  top: "label"
  include {
    phase: TRAIN
  }
  dummy_data_param {
    data_filler {
      type: "gaussian"
      std: 1
    }
    data_filler {
      type: "constant"
      value: 0
    }
    shape {
      dim: 32
      dim: 3
      dim: 227
      dim: 227
    }
    shape {
      dim: 32
      dim: 1
      dim: 1
      dim: 1
    }
  }
}
layer {
  name: "conv1"
  type: "Convolution"
  bottom: "data"
  top: "conv1"
  param {
    lr_mult: 1
    decay_mult: 1
  }
  param {
    lr_mult: 2
    decay_mult: 0
  }
  convolution_param {
    num_output: 96
    kernel_size: 11
    stride: 4
    weight_filler {
      type: "gaussian"
      std: 0.01
    }
    bias_filler {
      type: "constant"
      value: 0
    }
    engine: MKL2017
  }
}
layer {
  name: "relu1"
  type: "ReLU"
  bottom: "conv1"
  top: "conv1"
  relu_param {
    engine: MKL2017
  }
}
layer {
  name: "norm1"
  type: "LRN"
  bottom: "conv1"
  top: "norm1"
  lrn_param {
    local_size: 5
    alpha: 0.0001
    beta: 0.75
    engine: MKL2017
  }
}
layer {
  name: "pool1"
  type: "Pooling"
  bottom: "norm1"
  top: "pool1"
  pooling_param {
    pool: MAX
    kernel_size: 3
    stride: 2
    engine: MKL2017
  }
}
layer {
  name: "conv2"
  type: "Convolution"
  bottom: "pool1"
  top: "conv2"
  param {
    lr_mult: 1
    decay_mult: 1
  }
  param {
    lr_mult: 2
    decay_mult: 0
  }
  convolution_param {
    num_output: 256
    pad: 2
    kernel_size: 5
    group: 2
    weight_filler {
      type: "gaussian"
      std: 0.01
    }
    bias_filler {
      type: "constant"
      value: 0.1
    }
    engine: MKL2017
  }
}
layer {
  name: "relu2"
  type: "ReLU"
  bottom: "conv2"
  top: "conv2"
  relu_param {
    engine: MKL2017
  }
}
layer {
  name: "norm2"
  type: "LRN"
  bottom: "conv2"
  top: "norm2"
  lrn_param {
    local_size: 5
    alpha: 0.0001
    beta: 0.75
    engine: MKL2017
  }
}
layer {
  name: "pool2"
  type: "Pooling"
  bottom: "norm2"
  top: "pool2"
  pooling_param {
    pool: MAX
    kernel_size: 3
    stride: 2
    engine: MKL2017
  }
}
layer {
  name: "conv3"
  type: "Convolution"
  bottom: "pool2"
  top: "conv3"
  param {
    lr_mult: 1
    decay_mult: 1
  }
  param {
    lr_mult: 2
    decay_mult: 0
  }
  convolution_param {
    num_output: 384
    pad: 1
    kernel_size: 3
    weight_filler {
      type: "gaussian"
      std: 0.01
    }
    bias_filler {
      type: "constant"
      value: 0
    }
    engine: MKL2017
  }
}
layer {
  name: "relu3"
  type: "ReLU"
  bottom: "conv3"
  top: "conv3"
  relu_param {
    engine: MKL2017
  }
}
layer {
  name: "conv4"
  type: "Convolution"
  bottom: "conv3"
  top: "conv4"
  param {
    lr_mult: 1
    decay_mult: 1
  }
  param {
    lr_mult: 2
    decay_mult: 0
  }
  convolution_param {
    num_output: 384
    pad: 1
    kernel_size: 3
    group: 2
    weight_filler {
      type: "gaussian"
      std: 0.01
    }
    bias_filler {
      type: "constant"
      value: 0.1
    }
    engine: MKL2017
  }
}
layer {
  name: "relu4"
  type: "ReLU"
  bottom: "conv4"
  top: "conv4"
  relu_param {
    engine: MKL2017
  }
}
layer {
  name: "conv5"
  type: "Convolution"
  bottom: "conv4"
  top: "conv5"
  param {
    lr_mult: 1
    decay_mult: 1
  }
  param {
    lr_mult: 2
    decay_mult: 0
  }
  convolution_param {
    num_output: 256
    pad: 1
    kernel_size: 3
    group: 2
    weight_filler {
      type: "gaussian"
      std: 0.01
    }
    bias_filler {
      type: "constant"
      value: 0.1
    }
    engine: MKL2017
  }
}
layer {
  name: "relu5"
  type: "ReLU"
  bottom: "conv5"
  top: "conv5"
  relu_param {
    engine: MKL2017
  }
}
layer {
  name: "pool5"
  type: "Pooling"
  bottom: "conv5"
  top: "pool5"
  pooling_param {
    pool: MAX
    kernel_size: 3
    stride: 2
    engine: MKL2017
  }
}
layer {
  name: "fc6"
  type: "InnerProduct"
  bottom: "pool5"
  top: "fc6"
  param {
    lr_mult: 1
    decay_mult: 1
  }
  param {
    lr_mult: 2
    decay_mult: 0
  }
  inner_product_param {
    num_output: 4096
    weight_filler {
      type: "gaussian"
      std: 0.005
    }
    bias_filler {
      type: "constant"
      value: 0.1
    }
  }
}
layer {
  name: "relu6"
  type: "ReLU"
  bottom: "fc6"
  top: "fc6"
}
layer {
  name: "drop6"
  type: "Dropout"
  bottom: "fc6"
  top: "fc6"
  dropout_param {
    dropout_ratio: 0.5
  }
}
layer {
  name: "fc7"
  type: "InnerProduct"
  bottom: "fc6"
  top: "fc7"
  param {
    lr_mult: 1
    decay_mult: 1
  }
  param {
    lr_mult: 2
    decay_mult: 0
  }
  inner_product_param {
    num_output: 4096
    weight_filler {
      type: "gaussian"
      std: 0.005
    }
    bias_filler {
      type: "constant"
      value: 0.1
    }
  }
}
layer {
  name: "relu7"
  type: "ReLU"
  bottom: "fc7"
  top: "fc7"
}
layer {
  name: "drop7"
  type: "Dropout"
  bottom: "fc7"
  top: "fc7"
  dropout_param {
    dropout_ratio: 0.5
  }
}
layer {
  name: "fc8"
  type: "InnerProduct"
  bottom: "fc7"
  top: "fc8"
  param {
    lr_mult: 1
    decay_mult: 1
  }
  param {
    lr_mult: 2
    decay_mult: 0
  }
  inner_product_param {
    num_output: 1000
    weight_filler {
      type: "gaussian"
      std: 0.01
    }
    bias_filler {
      type: "constant"
      value: 0
    }
  }
}
layer {
  name: "loss"
  type: "SoftmaxWithLoss"
  bottom: "fc8"
  bottom: "label"
  top: "loss"
}
I1109 03:46:24.806566 145289 layer_factory.hpp:114] Creating layer data
I1109 03:46:24.952742 145289 net.cpp:160] Creating Layer data
I1109 03:46:25.000514 145289 net.cpp:570] data -> data
I1109 03:46:25.466233 145289 net.cpp:570] data -> label
I1109 03:46:32.478268 145289 net.cpp:210] Setting up data
I1109 03:46:32.556699 145289 net.cpp:217] Top shape: 32 3 227 227 (4946784)
I1109 03:46:32.660876 145289 net.cpp:217] Top shape: 32 1 1 1 (32)
I1109 03:46:32.668020 145289 net.cpp:225] Memory required for data: 19787264
I1109 03:46:32.736702 145289 layer_factory.hpp:114] Creating layer conv1
I1109 03:46:33.062458 145289 net.cpp:160] Creating Layer conv1
I1109 03:46:33.111917 145289 net.cpp:596] conv1 <- data
I1109 03:46:33.230832 145289 net.cpp:570] conv1 -> conv1
I1109 03:47:06.065019 145289 net.cpp:210] Setting up conv1
I1109 03:47:06.072670 145289 net.cpp:217] Top shape: 32 96 55 55 (9292800)
I1109 03:47:06.073142 145289 net.cpp:225] Memory required for data: 56958464
I1109 03:47:06.354238 145289 layer_factory.hpp:114] Creating layer relu1
I1109 03:47:06.474045 145289 net.cpp:160] Creating Layer relu1
I1109 03:47:06.478597 145289 net.cpp:596] relu1 <- conv1
I1109 03:47:06.510627 145289 net.cpp:557] relu1 -> conv1 (in-place)
I1109 03:47:06.698797 145289 net.cpp:210] Setting up relu1
I1109 03:47:06.701273 145289 net.cpp:217] Top shape: 32 96 55 55 (9292800)
I1109 03:47:06.701616 145289 net.cpp:225] Memory required for data: 94129664
I1109 03:47:06.701859 145289 layer_factory.hpp:114] Creating layer norm1
I1109 03:47:06.805716 145289 net.cpp:160] Creating Layer norm1
I1109 03:47:06.806028 145289 net.cpp:596] norm1 <- conv1
I1109 03:47:06.808570 145289 net.cpp:570] norm1 -> norm1
I1109 03:47:07.032416 145289 net.cpp:210] Setting up norm1
I1109 03:47:07.045341 145289 net.cpp:217] Top shape: 32 96 55 55 (9292800)
I1109 03:47:07.045727 145289 net.cpp:225] Memory required for data: 131300864
I1109 03:47:07.046033 145289 layer_factory.hpp:114] Creating layer pool1
I1109 03:47:07.138649 145289 net.cpp:160] Creating Layer pool1
I1109 03:47:07.138967 145289 net.cpp:596] pool1 <- norm1
I1109 03:47:07.153781 145289 net.cpp:570] pool1 -> pool1
I1109 03:47:07.451979 145289 net.cpp:210] Setting up pool1
I1109 03:47:07.454505 145289 net.cpp:217] Top shape: 32 96 27 27 (2239488)
I1109 03:47:07.454875 145289 net.cpp:225] Memory required for data: 140258816
I1109 03:47:07.455109 145289 layer_factory.hpp:114] Creating layer conv2
I1109 03:47:07.455569 145289 net.cpp:160] Creating Layer conv2
I1109 03:47:07.455792 145289 net.cpp:596] conv2 <- pool1
I1109 03:47:07.456027 145289 net.cpp:570] conv2 -> conv2
I1109 03:47:13.198801 145289 net.cpp:210] Setting up conv2
I1109 03:47:13.199126 145289 net.cpp:217] Top shape: 32 256 27 27 (5971968)
I1109 03:47:13.199568 145289 net.cpp:225] Memory required for data: 164146688
I1109 03:47:13.249603 145289 layer_factory.hpp:114] Creating layer relu2
I1109 03:47:13.250001 145289 net.cpp:160] Creating Layer relu2
I1109 03:47:13.250366 145289 net.cpp:596] relu2 <- conv2
I1109 03:47:13.250641 145289 net.cpp:557] relu2 -> conv2 (in-place)
I1109 03:47:13.251093 145289 net.cpp:210] Setting up relu2
I1109 03:47:13.251368 145289 net.cpp:217] Top shape: 32 256 27 27 (5971968)
I1109 03:47:13.251619 145289 net.cpp:225] Memory required for data: 188034560
I1109 03:47:13.251814 145289 layer_factory.hpp:114] Creating layer norm2
I1109 03:47:13.252060 145289 net.cpp:160] Creating Layer norm2
I1109 03:47:13.252256 145289 net.cpp:596] norm2 <- conv2
I1109 03:47:13.252528 145289 net.cpp:570] norm2 -> norm2
I1109 03:47:13.254649 145289 net.cpp:210] Setting up norm2
I1109 03:47:13.254981 145289 net.cpp:217] Top shape: 32 256 27 27 (5971968)
I1109 03:47:13.255236 145289 net.cpp:225] Memory required for data: 211922432
I1109 03:47:13.255445 145289 layer_factory.hpp:114] Creating layer pool2
I1109 03:47:13.256379 145289 net.cpp:160] Creating Layer pool2
I1109 03:47:13.256682 145289 net.cpp:596] pool2 <- norm2
I1109 03:47:13.256999 145289 net.cpp:570] pool2 -> pool2
I1109 03:47:13.257452 145289 net.cpp:210] Setting up pool2
I1109 03:47:13.257700 145289 net.cpp:217] Top shape: 32 256 13 13 (1384448)
I1109 03:47:13.257967 145289 net.cpp:225] Memory required for data: 217460224
I1109 03:47:13.258235 145289 layer_factory.hpp:114] Creating layer conv3
I1109 03:47:13.258709 145289 net.cpp:160] Creating Layer conv3
I1109 03:47:13.258945 145289 net.cpp:596] conv3 <- pool2
I1109 03:47:13.259193 145289 net.cpp:570] conv3 -> conv3
I1109 03:47:13.709777 145289 net.cpp:210] Setting up conv3
I1109 03:47:13.712244 145289 net.cpp:217] Top shape: 32 384 13 13 (2076672)
I1109 03:47:13.712604 145289 net.cpp:225] Memory required for data: 225766912
I1109 03:47:13.715878 145289 layer_factory.hpp:114] Creating layer relu3
I1109 03:47:13.716325 145289 net.cpp:160] Creating Layer relu3
I1109 03:47:13.716593 145289 net.cpp:596] relu3 <- conv3
I1109 03:47:13.716889 145289 net.cpp:557] relu3 -> conv3 (in-place)
I1109 03:47:13.721077 145289 net.cpp:210] Setting up relu3
I1109 03:47:13.721416 145289 net.cpp:217] Top shape: 32 384 13 13 (2076672)
I1109 03:47:13.721699 145289 net.cpp:225] Memory required for data: 234073600
I1109 03:47:13.721920 145289 layer_factory.hpp:114] Creating layer conv4
I1109 03:47:13.722313 145289 net.cpp:160] Creating Layer conv4
I1109 03:47:13.722594 145289 net.cpp:596] conv4 <- conv3
I1109 03:47:13.722865 145289 net.cpp:570] conv4 -> conv4
I1109 03:47:13.965168 145289 net.cpp:210] Setting up conv4
I1109 03:47:13.965564 145289 net.cpp:217] Top shape: 32 384 13 13 (2076672)
I1109 03:47:13.965968 145289 net.cpp:225] Memory required for data: 242380288
I1109 03:47:13.966321 145289 layer_factory.hpp:114] Creating layer relu4
I1109 03:47:13.966630 145289 net.cpp:160] Creating Layer relu4
I1109 03:47:13.966873 145289 net.cpp:596] relu4 <- conv4
I1109 03:47:13.967118 145289 net.cpp:557] relu4 -> conv4 (in-place)
I1109 03:47:13.979461 145289 net.cpp:210] Setting up relu4
I1109 03:47:13.979811 145289 net.cpp:217] Top shape: 32 384 13 13 (2076672)
I1109 03:47:13.980188 145289 net.cpp:225] Memory required for data: 250686976
I1109 03:47:13.980445 145289 layer_factory.hpp:114] Creating layer conv5
I1109 03:47:13.980860 145289 net.cpp:160] Creating Layer conv5
I1109 03:47:13.981130 145289 net.cpp:596] conv5 <- conv4
I1109 03:47:13.981391 145289 net.cpp:570] conv5 -> conv5
I1109 03:47:14.151198 145289 net.cpp:210] Setting up conv5
I1109 03:47:14.151598 145289 net.cpp:217] Top shape: 32 256 13 13 (1384448)
I1109 03:47:14.152050 145289 net.cpp:225] Memory required for data: 256224768
I1109 03:47:14.156761 145289 layer_factory.hpp:114] Creating layer relu5
I1109 03:47:14.157245 145289 net.cpp:160] Creating Layer relu5
I1109 03:47:14.157546 145289 net.cpp:596] relu5 <- conv5
I1109 03:47:14.157829 145289 net.cpp:557] relu5 -> conv5 (in-place)
I1109 03:47:14.158299 145289 net.cpp:210] Setting up relu5
I1109 03:47:14.158596 145289 net.cpp:217] Top shape: 32 256 13 13 (1384448)
I1109 03:47:14.158860 145289 net.cpp:225] Memory required for data: 261762560
I1109 03:47:14.159081 145289 layer_factory.hpp:114] Creating layer pool5
I1109 03:47:14.159385 145289 net.cpp:160] Creating Layer pool5
I1109 03:47:14.159618 145289 net.cpp:596] pool5 <- conv5
I1109 03:47:14.159864 145289 net.cpp:570] pool5 -> pool5
I1109 03:47:14.160292 145289 net.cpp:210] Setting up pool5
I1109 03:47:14.160552 145289 net.cpp:217] Top shape: 32 256 6 6 (294912)
I1109 03:47:14.160818 145289 net.cpp:225] Memory required for data: 262942208
I1109 03:47:14.161041 145289 layer_factory.hpp:114] Creating layer fc6
I1109 03:47:14.215605 145289 net.cpp:160] Creating Layer fc6
I1109 03:47:14.215917 145289 net.cpp:596] fc6 <- pool5
I1109 03:47:14.216320 145289 net.cpp:570] fc6 -> fc6
I1109 03:47:18.357745 145289 net.cpp:210] Setting up fc6
I1109 03:47:18.358096 145289 net.cpp:217] Top shape: 32 4096 (131072)
I1109 03:47:18.360100 145289 net.cpp:225] Memory required for data: 263466496
I1109 03:47:18.360415 145289 layer_factory.hpp:114] Creating layer relu6
I1109 03:47:18.362911 145289 net.cpp:160] Creating Layer relu6
I1109 03:47:18.363211 145289 net.cpp:596] relu6 <- fc6
I1109 03:47:18.363445 145289 net.cpp:557] relu6 -> fc6 (in-place)
I1109 03:47:18.363862 145289 net.cpp:210] Setting up relu6
I1109 03:47:18.364151 145289 net.cpp:217] Top shape: 32 4096 (131072)
I1109 03:47:18.364392 145289 net.cpp:225] Memory required for data: 263990784
I1109 03:47:18.364593 145289 layer_factory.hpp:114] Creating layer drop6
I1109 03:47:18.384451 145289 net.cpp:160] Creating Layer drop6
I1109 03:47:18.384759 145289 net.cpp:596] drop6 <- fc6
I1109 03:47:18.385176 145289 net.cpp:557] drop6 -> fc6 (in-place)
I1109 03:47:18.487960 145289 net.cpp:210] Setting up drop6
I1109 03:47:18.488263 145289 net.cpp:217] Top shape: 32 4096 (131072)
I1109 03:47:18.488605 145289 net.cpp:225] Memory required for data: 264515072
I1109 03:47:18.488893 145289 layer_factory.hpp:114] Creating layer fc7
I1109 03:47:18.489171 145289 net.cpp:160] Creating Layer fc7
I1109 03:47:18.489389 145289 net.cpp:596] fc7 <- fc6
I1109 03:47:18.489775 145289 net.cpp:570] fc7 -> fc7
I1109 03:47:20.203610 145289 net.cpp:210] Setting up fc7
I1109 03:47:20.203966 145289 net.cpp:217] Top shape: 32 4096 (131072)
I1109 03:47:20.204419 145289 net.cpp:225] Memory required for data: 265039360
I1109 03:47:20.204769 145289 layer_factory.hpp:114] Creating layer relu7
I1109 03:47:20.205150 145289 net.cpp:160] Creating Layer relu7
I1109 03:47:20.205399 145289 net.cpp:596] relu7 <- fc7
I1109 03:47:20.205651 145289 net.cpp:557] relu7 -> fc7 (in-place)
I1109 03:47:20.206096 145289 net.cpp:210] Setting up relu7
I1109 03:47:20.206374 145289 net.cpp:217] Top shape: 32 4096 (131072)
I1109 03:47:20.206656 145289 net.cpp:225] Memory required for data: 265563648
I1109 03:47:20.206873 145289 layer_factory.hpp:114] Creating layer drop7
I1109 03:47:20.207128 145289 net.cpp:160] Creating Layer drop7
I1109 03:47:20.207371 145289 net.cpp:596] drop7 <- fc7
I1109 03:47:20.207623 145289 net.cpp:557] drop7 -> fc7 (in-place)
I1109 03:47:20.207890 145289 net.cpp:210] Setting up drop7
I1109 03:47:20.208096 145289 net.cpp:217] Top shape: 32 4096 (131072)
I1109 03:47:20.208317 145289 net.cpp:225] Memory required for data: 266087936
I1109 03:47:20.208504 145289 layer_factory.hpp:114] Creating layer fc8
I1109 03:47:20.208756 145289 net.cpp:160] Creating Layer fc8
I1109 03:47:20.209017 145289 net.cpp:596] fc8 <- fc7
I1109 03:47:20.209250 145289 net.cpp:570] fc8 -> fc8
I1109 03:47:20.632946 145289 net.cpp:210] Setting up fc8
I1109 03:47:20.633298 145289 net.cpp:217] Top shape: 32 1000 (32000)
I1109 03:47:20.633671 145289 net.cpp:225] Memory required for data: 266215936
I1109 03:47:20.634008 145289 layer_factory.hpp:114] Creating layer loss
I1109 03:47:20.658427 145289 net.cpp:160] Creating Layer loss
I1109 03:47:20.658741 145289 net.cpp:596] loss <- fc8
I1109 03:47:20.659761 145289 net.cpp:596] loss <- label
I1109 03:47:20.687185 145289 net.cpp:570] loss -> loss
I1109 03:47:20.724845 145289 layer_factory.hpp:114] Creating layer loss
I1109 03:47:23.239928 145289 net.cpp:210] Setting up loss
I1109 03:47:23.282415 145289 net.cpp:217] Top shape: (1)
I1109 03:47:23.300194 145289 net.cpp:220]     with loss weight 1
I1109 03:47:23.430538 145289 net.cpp:225] Memory required for data: 266215940
I1109 03:47:23.475111 145289 net.cpp:287] loss needs backward computation.
I1109 03:47:23.575119 145289 net.cpp:287] fc8 needs backward computation.
I1109 03:47:23.585865 145289 net.cpp:287] drop7 needs backward computation.
I1109 03:47:23.597141 145289 net.cpp:287] relu7 needs backward computation.
I1109 03:47:23.597442 145289 net.cpp:287] fc7 needs backward computation.
I1109 03:47:23.599840 145289 net.cpp:287] drop6 needs backward computation.
I1109 03:47:23.600178 145289 net.cpp:287] relu6 needs backward computation.
I1109 03:47:23.600476 145289 net.cpp:287] fc6 needs backward computation.
I1109 03:47:23.601390 145289 net.cpp:287] pool5 needs backward computation.
I1109 03:47:23.602141 145289 net.cpp:287] relu5 needs backward computation.
I1109 03:47:23.602396 145289 net.cpp:287] conv5 needs backward computation.
I1109 03:47:23.602589 145289 net.cpp:287] relu4 needs backward computation.
I1109 03:47:23.602808 145289 net.cpp:287] conv4 needs backward computation.
I1109 03:47:23.603013 145289 net.cpp:287] relu3 needs backward computation.
I1109 03:47:23.603312 145289 net.cpp:287] conv3 needs backward computation.
I1109 03:47:23.615898 145289 net.cpp:287] pool2 needs backward computation.
I1109 03:47:23.616235 145289 net.cpp:287] norm2 needs backward computation.
I1109 03:47:23.616602 145289 net.cpp:287] relu2 needs backward computation.
I1109 03:47:23.616912 145289 net.cpp:287] conv2 needs backward computation.
I1109 03:47:23.617121 145289 net.cpp:287] pool1 needs backward computation.
I1109 03:47:23.617346 145289 net.cpp:287] norm1 needs backward computation.
I1109 03:47:23.617533 145289 net.cpp:287] relu1 needs backward computation.
I1109 03:47:23.617713 145289 net.cpp:287] conv1 needs backward computation.
I1109 03:47:23.630158 145289 net.cpp:289] data does not need backward computation.
I1109 03:47:23.654325 145289 net.cpp:331] This network produces output loss
I1109 03:47:23.725409 145289 net.cpp:345] Network initialization done.
I1109 03:47:23.898471 145289 caffe.cpp:452] Performing Forward
I1109 03:47:36.812757 145289 caffe.cpp:457] Initial loss: 6.91162
I1109 03:47:36.868986 145289 caffe.cpp:459] Performing Backward
I1109 03:47:41.837617 145289 caffe.cpp:468] *** Benchmark begins ***
I1109 03:47:41.848436 145289 caffe.cpp:469] Testing for 1 iterations.
I1109 03:47:42.001912 145289 caffe.cpp:485] Profiling Layer: loss backward
I1109 03:47:44.362009 145289 caffe.cpp:512] Iteration: 1 forward-backward time: 2351 ms.
I1109 03:47:44.522501 145289 caffe.cpp:519] Average time per layer: 
I1109 03:47:44.537957 145289 caffe.cpp:522]       data	forward: 546.665 ms.
I1109 03:47:44.604836 145289 caffe.cpp:526]       data	backward: 5.39 ms.
I1109 03:47:44.632140 145289 caffe.cpp:522]      conv1	forward: 137.916 ms.
I1109 03:47:44.636474 145289 caffe.cpp:526]      conv1	backward: 38.768 ms.
I1109 03:47:44.646781 145289 caffe.cpp:522]      relu1	forward: 14.439 ms.
I1109 03:47:44.653254 145289 caffe.cpp:526]      relu1	backward: 18.179 ms.
I1109 03:47:44.666422 145289 caffe.cpp:522]      norm1	forward: 21.093 ms.
I1109 03:47:44.674506 145289 caffe.cpp:526]      norm1	backward: 19.784 ms.
I1109 03:47:44.683668 145289 caffe.cpp:522]      pool1	forward: 23.04 ms.
I1109 03:47:44.689832 145289 caffe.cpp:526]      pool1	backward: 80.303 ms.
I1109 03:47:44.696619 145289 caffe.cpp:522]      conv2	forward: 69.255 ms.
I1109 03:47:44.697044 145289 caffe.cpp:526]      conv2	backward: 79.616 ms.
I1109 03:47:44.697254 145289 caffe.cpp:522]      relu2	forward: 17.675 ms.
I1109 03:47:44.697448 145289 caffe.cpp:526]      relu2	backward: 17.616 ms.
I1109 03:47:44.697641 145289 caffe.cpp:522]      norm2	forward: 13.449 ms.
I1109 03:47:44.697831 145289 caffe.cpp:526]      norm2	backward: 16.34 ms.
I1109 03:47:44.698021 145289 caffe.cpp:522]      pool2	forward: 17.586 ms.
I1109 03:47:44.698210 145289 caffe.cpp:526]      pool2	backward: 72.969 ms.
I1109 03:47:44.698400 145289 caffe.cpp:522]      conv3	forward: 31.854 ms.
I1109 03:47:44.698588 145289 caffe.cpp:526]      conv3	backward: 78.184 ms.
I1109 03:47:44.698778 145289 caffe.cpp:522]      relu3	forward: 11.313 ms.
I1109 03:47:44.699000 145289 caffe.cpp:526]      relu3	backward: 29.449 ms.
I1109 03:47:44.699201 145289 caffe.cpp:522]      conv4	forward: 25.915 ms.
I1109 03:47:44.699435 145289 caffe.cpp:526]      conv4	backward: 74.121 ms.
I1109 03:47:44.699739 145289 caffe.cpp:522]      relu4	forward: 11.054 ms.
I1109 03:47:44.699934 145289 caffe.cpp:526]      relu4	backward: 43.041 ms.
I1109 03:47:44.700124 145289 caffe.cpp:522]      conv5	forward: 23.133 ms.
I1109 03:47:44.700314 145289 caffe.cpp:526]      conv5	backward: 77.25 ms.
I1109 03:47:44.700502 145289 caffe.cpp:522]      relu5	forward: 0.197 ms.
I1109 03:47:44.700690 145289 caffe.cpp:526]      relu5	backward: 17.626 ms.
I1109 03:47:44.700904 145289 caffe.cpp:522]      pool5	forward: 0.287 ms.
I1109 03:47:44.701092 145289 caffe.cpp:526]      pool5	backward: 56.812 ms.
I1109 03:47:44.701282 145289 caffe.cpp:522]        fc6	forward: 16.791 ms.
I1109 03:47:44.701469 145289 caffe.cpp:526]        fc6	backward: 111.354 ms.
I1109 03:47:44.701699 145289 caffe.cpp:522]      relu6	forward: 0.795 ms.
I1109 03:47:44.701900 145289 caffe.cpp:526]      relu6	backward: 20.788 ms.
I1109 03:47:44.702139 145289 caffe.cpp:522]      drop6	forward: 1.516 ms.
I1109 03:47:44.702404 145289 caffe.cpp:526]      drop6	backward: 16.057 ms.
I1109 03:47:44.702630 145289 caffe.cpp:522]        fc7	forward: 4.636 ms.
I1109 03:47:44.702816 145289 caffe.cpp:526]        fc7	backward: 126.193 ms.
I1109 03:47:44.703006 145289 caffe.cpp:522]      relu7	forward: 0.127 ms.
I1109 03:47:44.703193 145289 caffe.cpp:526]      relu7	backward: 16.888 ms.
I1109 03:47:44.703383 145289 caffe.cpp:522]      drop7	forward: 0.349 ms.
I1109 03:47:44.703570 145289 caffe.cpp:526]      drop7	backward: 20.898 ms.
I1109 03:47:44.703759 145289 caffe.cpp:522]        fc8	forward: 1.888 ms.
I1109 03:47:44.703943 145289 caffe.cpp:526]        fc8	backward: 138.828 ms.
I1109 03:47:44.704133 145289 caffe.cpp:522]       loss	forward: 44.829 ms.
I1109 03:47:44.704360 145289 caffe.cpp:526]       loss	backward: 46.477 ms.
I1109 03:47:44.709815 145289 caffe.cpp:532] Average Forward pass: 1090.65 ms.
I1109 03:47:44.722865 145289 caffe.cpp:535] Average Backward pass: 1233.17 ms.
I1109 03:47:44.733585 145289 caffe.cpp:537] Average Forward-Backward: 2814 ms.
I1109 03:47:44.748167 145289 caffe.cpp:540] Total Time: 2814 ms.
I1109 03:47:44.760233 145289 caffe.cpp:541] *** Benchmark ends ***
Search stanza is "EMIT_GLOBAL_DYNAMIC_STATS"
elements_fp_single_1 = 44
elements_fp_single_4 = 0
elements_fp_single_8 = 0
elements_fp_single_16 = 2000
elements_fp_double_1 = 0
elements_fp_double_2 = 0
elements_fp_double_4 = 0
elements_fp_double_8 = 0
--->Total single-precision FLOPs = 32044
--->Total double-precision FLOPs = 0
--->Total FLOPs = 32044
mem-read-1 = 2680076
mem-read-2 = 52
mem-read-4 = 17048423
mem-read-8 = 29435020
mem-read-16 = 24
mem-read-32 = 0
mem-read-64 = 6000
mem-write-1 = 10437
mem-write-2 = 27
mem-write-4 = 1558
mem-write-8 = 2683864
mem-write-16 = 11
mem-write-32 = 1040
mem-write-64 = 4000
--->Total Bytes read = 306738416
--->Total Bytes written = 21777091
--->Total Bytes = 328515507
