sde64 -knl -d -iform 1 -omix sde_knl/knl_sde_layer3_dir1.out.mix -global_region -start_ssc_mark 111:repeat -stop_ssc_mark 222:repeat -- /project/projectdirs/mpccc/tmalas/intelcaffe/install_carl/bin/caffe time -model=src/models/mkl2017_alexnet/train_val.prototxt -iterations=1 -prof_layer=3 -prof_forward_direction=1
I1108 23:10:52.211520 135640 caffe.cpp:444] Use CPU.
I1108 23:11:09.058244 135640 cpu_info.cpp:452] Processor speed [MHz]: 1400
I1108 23:11:09.114225 135640 cpu_info.cpp:455] Total number of sockets: 1
I1108 23:11:09.126076 135640 cpu_info.cpp:458] Total number of CPU cores: 68
I1108 23:11:09.138591 135640 cpu_info.cpp:461] Total number of processors: 272
I1108 23:11:09.149857 135640 cpu_info.cpp:464] GPU is used: no
I1108 23:11:09.159023 135640 cpu_info.cpp:467] OpenMP environmental variables are specified: yes
I1108 23:11:09.167888 135640 cpu_info.cpp:470] OpenMP thread bind allowed: no
I1108 23:11:09.179183 135640 cpu_info.cpp:473] Number of OpenMP threads: 16
I1108 23:11:17.920369 135640 net.cpp:484] The NetState phase (0) differed from the phase (1) specified by a rule in layer data
I1108 23:11:17.953588 135640 net.cpp:484] The NetState phase (0) differed from the phase (1) specified by a rule in layer accuracy
I1108 23:11:18.593402 135640 net.cpp:120] Initializing net from parameters: 
name: "AlexNet"
state {
  phase: TRAIN
  level: 0
  stage: ""
}
layer {
  name: "data"
  type: "DummyData"
  top: "data"
  top: "label"
  include {
    phase: TRAIN
  }
  dummy_data_param {
    data_filler {
      type: "gaussian"
      std: 1
    }
    data_filler {
      type: "constant"
      value: 0
    }
    shape {
      dim: 32
      dim: 3
      dim: 227
      dim: 227
    }
    shape {
      dim: 32
      dim: 1
      dim: 1
      dim: 1
    }
  }
}
layer {
  name: "conv1"
  type: "Convolution"
  bottom: "data"
  top: "conv1"
  param {
    lr_mult: 1
    decay_mult: 1
  }
  param {
    lr_mult: 2
    decay_mult: 0
  }
  convolution_param {
    num_output: 96
    kernel_size: 11
    stride: 4
    weight_filler {
      type: "gaussian"
      std: 0.01
    }
    bias_filler {
      type: "constant"
      value: 0
    }
    engine: MKL2017
  }
}
layer {
  name: "relu1"
  type: "ReLU"
  bottom: "conv1"
  top: "conv1"
  relu_param {
    engine: MKL2017
  }
}
layer {
  name: "norm1"
  type: "LRN"
  bottom: "conv1"
  top: "norm1"
  lrn_param {
    local_size: 5
    alpha: 0.0001
    beta: 0.75
    engine: MKL2017
  }
}
layer {
  name: "pool1"
  type: "Pooling"
  bottom: "norm1"
  top: "pool1"
  pooling_param {
    pool: MAX
    kernel_size: 3
    stride: 2
    engine: MKL2017
  }
}
layer {
  name: "conv2"
  type: "Convolution"
  bottom: "pool1"
  top: "conv2"
  param {
    lr_mult: 1
    decay_mult: 1
  }
  param {
    lr_mult: 2
    decay_mult: 0
  }
  convolution_param {
    num_output: 256
    pad: 2
    kernel_size: 5
    group: 2
    weight_filler {
      type: "gaussian"
      std: 0.01
    }
    bias_filler {
      type: "constant"
      value: 0.1
    }
    engine: MKL2017
  }
}
layer {
  name: "relu2"
  type: "ReLU"
  bottom: "conv2"
  top: "conv2"
  relu_param {
    engine: MKL2017
  }
}
layer {
  name: "norm2"
  type: "LRN"
  bottom: "conv2"
  top: "norm2"
  lrn_param {
    local_size: 5
    alpha: 0.0001
    beta: 0.75
    engine: MKL2017
  }
}
layer {
  name: "pool2"
  type: "Pooling"
  bottom: "norm2"
  top: "pool2"
  pooling_param {
    pool: MAX
    kernel_size: 3
    stride: 2
    engine: MKL2017
  }
}
layer {
  name: "conv3"
  type: "Convolution"
  bottom: "pool2"
  top: "conv3"
  param {
    lr_mult: 1
    decay_mult: 1
  }
  param {
    lr_mult: 2
    decay_mult: 0
  }
  convolution_param {
    num_output: 384
    pad: 1
    kernel_size: 3
    weight_filler {
      type: "gaussian"
      std: 0.01
    }
    bias_filler {
      type: "constant"
      value: 0
    }
    engine: MKL2017
  }
}
layer {
  name: "relu3"
  type: "ReLU"
  bottom: "conv3"
  top: "conv3"
  relu_param {
    engine: MKL2017
  }
}
layer {
  name: "conv4"
  type: "Convolution"
  bottom: "conv3"
  top: "conv4"
  param {
    lr_mult: 1
    decay_mult: 1
  }
  param {
    lr_mult: 2
    decay_mult: 0
  }
  convolution_param {
    num_output: 384
    pad: 1
    kernel_size: 3
    group: 2
    weight_filler {
      type: "gaussian"
      std: 0.01
    }
    bias_filler {
      type: "constant"
      value: 0.1
    }
    engine: MKL2017
  }
}
layer {
  name: "relu4"
  type: "ReLU"
  bottom: "conv4"
  top: "conv4"
  relu_param {
    engine: MKL2017
  }
}
layer {
  name: "conv5"
  type: "Convolution"
  bottom: "conv4"
  top: "conv5"
  param {
    lr_mult: 1
    decay_mult: 1
  }
  param {
    lr_mult: 2
    decay_mult: 0
  }
  convolution_param {
    num_output: 256
    pad: 1
    kernel_size: 3
    group: 2
    weight_filler {
      type: "gaussian"
      std: 0.01
    }
    bias_filler {
      type: "constant"
      value: 0.1
    }
    engine: MKL2017
  }
}
layer {
  name: "relu5"
  type: "ReLU"
  bottom: "conv5"
  top: "conv5"
  relu_param {
    engine: MKL2017
  }
}
layer {
  name: "pool5"
  type: "Pooling"
  bottom: "conv5"
  top: "pool5"
  pooling_param {
    pool: MAX
    kernel_size: 3
    stride: 2
    engine: MKL2017
  }
}
layer {
  name: "fc6"
  type: "InnerProduct"
  bottom: "pool5"
  top: "fc6"
  param {
    lr_mult: 1
    decay_mult: 1
  }
  param {
    lr_mult: 2
    decay_mult: 0
  }
  inner_product_param {
    num_output: 4096
    weight_filler {
      type: "gaussian"
      std: 0.005
    }
    bias_filler {
      type: "constant"
      value: 0.1
    }
  }
}
layer {
  name: "relu6"
  type: "ReLU"
  bottom: "fc6"
  top: "fc6"
}
layer {
  name: "drop6"
  type: "Dropout"
  bottom: "fc6"
  top: "fc6"
  dropout_param {
    dropout_ratio: 0.5
  }
}
layer {
  name: "fc7"
  type: "InnerProduct"
  bottom: "fc6"
  top: "fc7"
  param {
    lr_mult: 1
    decay_mult: 1
  }
  param {
    lr_mult: 2
    decay_mult: 0
  }
  inner_product_param {
    num_output: 4096
    weight_filler {
      type: "gaussian"
      std: 0.005
    }
    bias_filler {
      type: "constant"
      value: 0.1
    }
  }
}
layer {
  name: "relu7"
  type: "ReLU"
  bottom: "fc7"
  top: "fc7"
}
layer {
  name: "drop7"
  type: "Dropout"
  bottom: "fc7"
  top: "fc7"
  dropout_param {
    dropout_ratio: 0.5
  }
}
layer {
  name: "fc8"
  type: "InnerProduct"
  bottom: "fc7"
  top: "fc8"
  param {
    lr_mult: 1
    decay_mult: 1
  }
  param {
    lr_mult: 2
    decay_mult: 0
  }
  inner_product_param {
    num_output: 1000
    weight_filler {
      type: "gaussian"
      std: 0.01
    }
    bias_filler {
      type: "constant"
      value: 0
    }
  }
}
layer {
  name: "loss"
  type: "SoftmaxWithLoss"
  bottom: "fc8"
  bottom: "label"
  top: "loss"
}
I1108 23:11:21.041486 135640 layer_factory.hpp:114] Creating layer data
I1108 23:11:21.187856 135640 net.cpp:160] Creating Layer data
I1108 23:11:21.235859 135640 net.cpp:570] data -> data
I1108 23:11:21.701627 135640 net.cpp:570] data -> label
I1108 23:11:28.713487 135640 net.cpp:210] Setting up data
I1108 23:11:28.793429 135640 net.cpp:217] Top shape: 32 3 227 227 (4946784)
I1108 23:11:28.902573 135640 net.cpp:217] Top shape: 32 1 1 1 (32)
I1108 23:11:28.909684 135640 net.cpp:225] Memory required for data: 19787264
I1108 23:11:28.978492 135640 layer_factory.hpp:114] Creating layer conv1
I1108 23:11:29.308212 135640 net.cpp:160] Creating Layer conv1
I1108 23:11:29.358000 135640 net.cpp:596] conv1 <- data
I1108 23:11:29.477545 135640 net.cpp:570] conv1 -> conv1
I1108 23:12:02.261039 135640 net.cpp:210] Setting up conv1
I1108 23:12:02.268102 135640 net.cpp:217] Top shape: 32 96 55 55 (9292800)
I1108 23:12:02.268499 135640 net.cpp:225] Memory required for data: 56958464
I1108 23:12:02.551621 135640 layer_factory.hpp:114] Creating layer relu1
I1108 23:12:02.672547 135640 net.cpp:160] Creating Layer relu1
I1108 23:12:02.677140 135640 net.cpp:596] relu1 <- conv1
I1108 23:12:02.709656 135640 net.cpp:557] relu1 -> conv1 (in-place)
I1108 23:12:02.899343 135640 net.cpp:210] Setting up relu1
I1108 23:12:02.901796 135640 net.cpp:217] Top shape: 32 96 55 55 (9292800)
I1108 23:12:02.902171 135640 net.cpp:225] Memory required for data: 94129664
I1108 23:12:02.902385 135640 layer_factory.hpp:114] Creating layer norm1
I1108 23:12:03.010536 135640 net.cpp:160] Creating Layer norm1
I1108 23:12:03.010884 135640 net.cpp:596] norm1 <- conv1
I1108 23:12:03.013711 135640 net.cpp:570] norm1 -> norm1
I1108 23:12:03.240726 135640 net.cpp:210] Setting up norm1
I1108 23:12:03.253584 135640 net.cpp:217] Top shape: 32 96 55 55 (9292800)
I1108 23:12:03.253967 135640 net.cpp:225] Memory required for data: 131300864
I1108 23:12:03.254271 135640 layer_factory.hpp:114] Creating layer pool1
I1108 23:12:03.347779 135640 net.cpp:160] Creating Layer pool1
I1108 23:12:03.348090 135640 net.cpp:596] pool1 <- norm1
I1108 23:12:03.363029 135640 net.cpp:570] pool1 -> pool1
I1108 23:12:03.668086 135640 net.cpp:210] Setting up pool1
I1108 23:12:03.670601 135640 net.cpp:217] Top shape: 32 96 27 27 (2239488)
I1108 23:12:03.670969 135640 net.cpp:225] Memory required for data: 140258816
I1108 23:12:03.671195 135640 layer_factory.hpp:114] Creating layer conv2
I1108 23:12:03.671561 135640 net.cpp:160] Creating Layer conv2
I1108 23:12:03.671797 135640 net.cpp:596] conv2 <- pool1
I1108 23:12:03.672044 135640 net.cpp:570] conv2 -> conv2
I1108 23:12:09.467525 135640 net.cpp:210] Setting up conv2
I1108 23:12:09.467872 135640 net.cpp:217] Top shape: 32 256 27 27 (5971968)
I1108 23:12:09.468272 135640 net.cpp:225] Memory required for data: 164146688
I1108 23:12:09.519587 135640 layer_factory.hpp:114] Creating layer relu2
I1108 23:12:09.520005 135640 net.cpp:160] Creating Layer relu2
I1108 23:12:09.520351 135640 net.cpp:596] relu2 <- conv2
I1108 23:12:09.520642 135640 net.cpp:557] relu2 -> conv2 (in-place)
I1108 23:12:09.521160 135640 net.cpp:210] Setting up relu2
I1108 23:12:09.521436 135640 net.cpp:217] Top shape: 32 256 27 27 (5971968)
I1108 23:12:09.521673 135640 net.cpp:225] Memory required for data: 188034560
I1108 23:12:09.521865 135640 layer_factory.hpp:114] Creating layer norm2
I1108 23:12:09.522116 135640 net.cpp:160] Creating Layer norm2
I1108 23:12:09.522354 135640 net.cpp:596] norm2 <- conv2
I1108 23:12:09.522603 135640 net.cpp:570] norm2 -> norm2
I1108 23:12:09.524682 135640 net.cpp:210] Setting up norm2
I1108 23:12:09.525073 135640 net.cpp:217] Top shape: 32 256 27 27 (5971968)
I1108 23:12:09.525329 135640 net.cpp:225] Memory required for data: 211922432
I1108 23:12:09.525641 135640 layer_factory.hpp:114] Creating layer pool2
I1108 23:12:09.526609 135640 net.cpp:160] Creating Layer pool2
I1108 23:12:09.526897 135640 net.cpp:596] pool2 <- norm2
I1108 23:12:09.527137 135640 net.cpp:570] pool2 -> pool2
I1108 23:12:09.527537 135640 net.cpp:210] Setting up pool2
I1108 23:12:09.527823 135640 net.cpp:217] Top shape: 32 256 13 13 (1384448)
I1108 23:12:09.528156 135640 net.cpp:225] Memory required for data: 217460224
I1108 23:12:09.528417 135640 layer_factory.hpp:114] Creating layer conv3
I1108 23:12:09.528831 135640 net.cpp:160] Creating Layer conv3
I1108 23:12:09.529072 135640 net.cpp:596] conv3 <- pool2
I1108 23:12:09.529319 135640 net.cpp:570] conv3 -> conv3
I1108 23:12:09.980413 135640 net.cpp:210] Setting up conv3
I1108 23:12:09.982887 135640 net.cpp:217] Top shape: 32 384 13 13 (2076672)
I1108 23:12:09.983258 135640 net.cpp:225] Memory required for data: 225766912
I1108 23:12:09.986348 135640 layer_factory.hpp:114] Creating layer relu3
I1108 23:12:09.986758 135640 net.cpp:160] Creating Layer relu3
I1108 23:12:09.987054 135640 net.cpp:596] relu3 <- conv3
I1108 23:12:09.987293 135640 net.cpp:557] relu3 -> conv3 (in-place)
I1108 23:12:09.991322 135640 net.cpp:210] Setting up relu3
I1108 23:12:09.991664 135640 net.cpp:217] Top shape: 32 384 13 13 (2076672)
I1108 23:12:09.991925 135640 net.cpp:225] Memory required for data: 234073600
I1108 23:12:09.992139 135640 layer_factory.hpp:114] Creating layer conv4
I1108 23:12:09.992548 135640 net.cpp:160] Creating Layer conv4
I1108 23:12:09.992841 135640 net.cpp:596] conv4 <- conv3
I1108 23:12:09.993144 135640 net.cpp:570] conv4 -> conv4
I1108 23:12:10.235625 135640 net.cpp:210] Setting up conv4
I1108 23:12:10.236011 135640 net.cpp:217] Top shape: 32 384 13 13 (2076672)
I1108 23:12:10.236403 135640 net.cpp:225] Memory required for data: 242380288
I1108 23:12:10.236752 135640 layer_factory.hpp:114] Creating layer relu4
I1108 23:12:10.237110 135640 net.cpp:160] Creating Layer relu4
I1108 23:12:10.237345 135640 net.cpp:596] relu4 <- conv4
I1108 23:12:10.237582 135640 net.cpp:557] relu4 -> conv4 (in-place)
I1108 23:12:10.249814 135640 net.cpp:210] Setting up relu4
I1108 23:12:10.250156 135640 net.cpp:217] Top shape: 32 384 13 13 (2076672)
I1108 23:12:10.250532 135640 net.cpp:225] Memory required for data: 250686976
I1108 23:12:10.250820 135640 layer_factory.hpp:114] Creating layer conv5
I1108 23:12:10.251227 135640 net.cpp:160] Creating Layer conv5
I1108 23:12:10.251472 135640 net.cpp:596] conv5 <- conv4
I1108 23:12:10.251723 135640 net.cpp:570] conv5 -> conv5
I1108 23:12:10.420184 135640 net.cpp:210] Setting up conv5
I1108 23:12:10.420572 135640 net.cpp:217] Top shape: 32 256 13 13 (1384448)
I1108 23:12:10.421056 135640 net.cpp:225] Memory required for data: 256224768
I1108 23:12:10.425683 135640 layer_factory.hpp:114] Creating layer relu5
I1108 23:12:10.426111 135640 net.cpp:160] Creating Layer relu5
I1108 23:12:10.426363 135640 net.cpp:596] relu5 <- conv5
I1108 23:12:10.426626 135640 net.cpp:557] relu5 -> conv5 (in-place)
I1108 23:12:10.427078 135640 net.cpp:210] Setting up relu5
I1108 23:12:10.427366 135640 net.cpp:217] Top shape: 32 256 13 13 (1384448)
I1108 23:12:10.427664 135640 net.cpp:225] Memory required for data: 261762560
I1108 23:12:10.427891 135640 layer_factory.hpp:114] Creating layer pool5
I1108 23:12:10.428189 135640 net.cpp:160] Creating Layer pool5
I1108 23:12:10.428405 135640 net.cpp:596] pool5 <- conv5
I1108 23:12:10.428635 135640 net.cpp:570] pool5 -> pool5
I1108 23:12:10.429082 135640 net.cpp:210] Setting up pool5
I1108 23:12:10.429361 135640 net.cpp:217] Top shape: 32 256 6 6 (294912)
I1108 23:12:10.429590 135640 net.cpp:225] Memory required for data: 262942208
I1108 23:12:10.429780 135640 layer_factory.hpp:114] Creating layer fc6
I1108 23:12:10.483804 135640 net.cpp:160] Creating Layer fc6
I1108 23:12:10.484118 135640 net.cpp:596] fc6 <- pool5
I1108 23:12:10.484508 135640 net.cpp:570] fc6 -> fc6
I1108 23:12:14.575217 135640 net.cpp:210] Setting up fc6
I1108 23:12:14.575525 135640 net.cpp:217] Top shape: 32 4096 (131072)
I1108 23:12:14.577673 135640 net.cpp:225] Memory required for data: 263466496
I1108 23:12:14.577986 135640 layer_factory.hpp:114] Creating layer relu6
I1108 23:12:14.580543 135640 net.cpp:160] Creating Layer relu6
I1108 23:12:14.580883 135640 net.cpp:596] relu6 <- fc6
I1108 23:12:14.581125 135640 net.cpp:557] relu6 -> fc6 (in-place)
I1108 23:12:14.581548 135640 net.cpp:210] Setting up relu6
I1108 23:12:14.581800 135640 net.cpp:217] Top shape: 32 4096 (131072)
I1108 23:12:14.582032 135640 net.cpp:225] Memory required for data: 263990784
I1108 23:12:14.582263 135640 layer_factory.hpp:114] Creating layer drop6
I1108 23:12:14.602636 135640 net.cpp:160] Creating Layer drop6
I1108 23:12:14.602960 135640 net.cpp:596] drop6 <- fc6
I1108 23:12:14.603312 135640 net.cpp:557] drop6 -> fc6 (in-place)
I1108 23:12:14.708310 135640 net.cpp:210] Setting up drop6
I1108 23:12:14.708611 135640 net.cpp:217] Top shape: 32 4096 (131072)
I1108 23:12:14.709004 135640 net.cpp:225] Memory required for data: 264515072
I1108 23:12:14.709252 135640 layer_factory.hpp:114] Creating layer fc7
I1108 23:12:14.709529 135640 net.cpp:160] Creating Layer fc7
I1108 23:12:14.709743 135640 net.cpp:596] fc7 <- fc6
I1108 23:12:14.710134 135640 net.cpp:570] fc7 -> fc7
I1108 23:12:16.421957 135640 net.cpp:210] Setting up fc7
I1108 23:12:16.422327 135640 net.cpp:217] Top shape: 32 4096 (131072)
I1108 23:12:16.422747 135640 net.cpp:225] Memory required for data: 265039360
I1108 23:12:16.423102 135640 layer_factory.hpp:114] Creating layer relu7
I1108 23:12:16.423434 135640 net.cpp:160] Creating Layer relu7
I1108 23:12:16.423683 135640 net.cpp:596] relu7 <- fc7
I1108 23:12:16.423941 135640 net.cpp:557] relu7 -> fc7 (in-place)
I1108 23:12:16.424392 135640 net.cpp:210] Setting up relu7
I1108 23:12:16.424713 135640 net.cpp:217] Top shape: 32 4096 (131072)
I1108 23:12:16.425034 135640 net.cpp:225] Memory required for data: 265563648
I1108 23:12:16.425256 135640 layer_factory.hpp:114] Creating layer drop7
I1108 23:12:16.425536 135640 net.cpp:160] Creating Layer drop7
I1108 23:12:16.425751 135640 net.cpp:596] drop7 <- fc7
I1108 23:12:16.425997 135640 net.cpp:557] drop7 -> fc7 (in-place)
I1108 23:12:16.426273 135640 net.cpp:210] Setting up drop7
I1108 23:12:16.426479 135640 net.cpp:217] Top shape: 32 4096 (131072)
I1108 23:12:16.426700 135640 net.cpp:225] Memory required for data: 266087936
I1108 23:12:16.426888 135640 layer_factory.hpp:114] Creating layer fc8
I1108 23:12:16.427145 135640 net.cpp:160] Creating Layer fc8
I1108 23:12:16.427348 135640 net.cpp:596] fc8 <- fc7
I1108 23:12:16.427608 135640 net.cpp:570] fc8 -> fc8
I1108 23:12:16.855275 135640 net.cpp:210] Setting up fc8
I1108 23:12:16.855634 135640 net.cpp:217] Top shape: 32 1000 (32000)
I1108 23:12:16.856026 135640 net.cpp:225] Memory required for data: 266215936
I1108 23:12:16.856367 135640 layer_factory.hpp:114] Creating layer loss
I1108 23:12:16.881271 135640 net.cpp:160] Creating Layer loss
I1108 23:12:16.881585 135640 net.cpp:596] loss <- fc8
I1108 23:12:16.882588 135640 net.cpp:596] loss <- label
I1108 23:12:16.910157 135640 net.cpp:570] loss -> loss
I1108 23:12:16.948308 135640 layer_factory.hpp:114] Creating layer loss
I1108 23:12:19.526451 135640 net.cpp:210] Setting up loss
I1108 23:12:19.574848 135640 net.cpp:217] Top shape: (1)
I1108 23:12:19.590425 135640 net.cpp:220]     with loss weight 1
I1108 23:12:19.719806 135640 net.cpp:225] Memory required for data: 266215940
I1108 23:12:19.759408 135640 net.cpp:287] loss needs backward computation.
I1108 23:12:19.846333 135640 net.cpp:287] fc8 needs backward computation.
I1108 23:12:19.853549 135640 net.cpp:287] drop7 needs backward computation.
I1108 23:12:19.864495 135640 net.cpp:287] relu7 needs backward computation.
I1108 23:12:19.864873 135640 net.cpp:287] fc7 needs backward computation.
I1108 23:12:19.867319 135640 net.cpp:287] drop6 needs backward computation.
I1108 23:12:19.867677 135640 net.cpp:287] relu6 needs backward computation.
I1108 23:12:19.867918 135640 net.cpp:287] fc6 needs backward computation.
I1108 23:12:19.868625 135640 net.cpp:287] pool5 needs backward computation.
I1108 23:12:19.869451 135640 net.cpp:287] relu5 needs backward computation.
I1108 23:12:19.869750 135640 net.cpp:287] conv5 needs backward computation.
I1108 23:12:19.869962 135640 net.cpp:287] relu4 needs backward computation.
I1108 23:12:19.870259 135640 net.cpp:287] conv4 needs backward computation.
I1108 23:12:19.870517 135640 net.cpp:287] relu3 needs backward computation.
I1108 23:12:19.870709 135640 net.cpp:287] conv3 needs backward computation.
I1108 23:12:19.883198 135640 net.cpp:287] pool2 needs backward computation.
I1108 23:12:19.883544 135640 net.cpp:287] norm2 needs backward computation.
I1108 23:12:19.883857 135640 net.cpp:287] relu2 needs backward computation.
I1108 23:12:19.884097 135640 net.cpp:287] conv2 needs backward computation.
I1108 23:12:19.884294 135640 net.cpp:287] pool1 needs backward computation.
I1108 23:12:19.884483 135640 net.cpp:287] norm1 needs backward computation.
I1108 23:12:19.884670 135640 net.cpp:287] relu1 needs backward computation.
I1108 23:12:19.884934 135640 net.cpp:287] conv1 needs backward computation.
I1108 23:12:19.897768 135640 net.cpp:289] data does not need backward computation.
I1108 23:12:19.922997 135640 net.cpp:331] This network produces output loss
I1108 23:12:19.996927 135640 net.cpp:345] Network initialization done.
I1108 23:12:20.167562 135640 caffe.cpp:452] Performing Forward
I1108 23:12:33.302853 135640 caffe.cpp:457] Initial loss: 6.90697
I1108 23:12:33.350416 135640 caffe.cpp:459] Performing Backward
I1108 23:12:38.056427 135640 caffe.cpp:468] *** Benchmark begins ***
I1108 23:12:38.069232 135640 caffe.cpp:469] Testing for 1 iterations.
I1108 23:12:38.213214 135640 caffe.cpp:482] Profiling Layer: norm1 forward
I1108 23:12:40.308408 135640 caffe.cpp:512] Iteration: 1 forward-backward time: 2091 ms.
I1108 23:12:40.472007 135640 caffe.cpp:519] Average time per layer: 
I1108 23:12:40.493077 135640 caffe.cpp:522]       data	forward: 554.435 ms.
I1108 23:12:40.564090 135640 caffe.cpp:526]       data	backward: 5.198 ms.
I1108 23:12:40.589948 135640 caffe.cpp:522]      conv1	forward: 129.102 ms.
I1108 23:12:40.598750 135640 caffe.cpp:526]      conv1	backward: 28.509 ms.
I1108 23:12:40.602814 135640 caffe.cpp:522]      relu1	forward: 13.673 ms.
I1108 23:12:40.606547 135640 caffe.cpp:526]      relu1	backward: 1.024 ms.
I1108 23:12:40.615955 135640 caffe.cpp:522]      norm1	forward: 27.365 ms.
I1108 23:12:40.626497 135640 caffe.cpp:526]      norm1	backward: 3.08 ms.
I1108 23:12:40.632755 135640 caffe.cpp:522]      pool1	forward: 21.553 ms.
I1108 23:12:40.640235 135640 caffe.cpp:526]      pool1	backward: 36.028 ms.
I1108 23:12:40.644708 135640 caffe.cpp:522]      conv2	forward: 61.358 ms.
I1108 23:12:40.651947 135640 caffe.cpp:526]      conv2	backward: 31.589 ms.
I1108 23:12:40.654081 135640 caffe.cpp:522]      relu2	forward: 17.525 ms.
I1108 23:12:40.661603 135640 caffe.cpp:526]      relu2	backward: 0.751 ms.
I1108 23:12:40.663978 135640 caffe.cpp:522]      norm2	forward: 11.167 ms.
I1108 23:12:40.673730 135640 caffe.cpp:526]      norm2	backward: 2.069 ms.
I1108 23:12:40.685619 135640 caffe.cpp:522]      pool2	forward: 16.524 ms.
I1108 23:12:40.690469 135640 caffe.cpp:526]      pool2	backward: 22.276 ms.
I1108 23:12:40.690758 135640 caffe.cpp:522]      conv3	forward: 35.845 ms.
I1108 23:12:40.691009 135640 caffe.cpp:526]      conv3	backward: 36.64 ms.
I1108 23:12:40.691236 135640 caffe.cpp:522]      relu3	forward: 10.156 ms.
I1108 23:12:40.693822 135640 caffe.cpp:526]      relu3	backward: 0.651 ms.
I1108 23:12:40.694128 135640 caffe.cpp:522]      conv4	forward: 27.38 ms.
I1108 23:12:40.694335 135640 caffe.cpp:526]      conv4	backward: 30.75 ms.
I1108 23:12:40.694532 135640 caffe.cpp:522]      relu4	forward: 13.514 ms.
I1108 23:12:40.694728 135640 caffe.cpp:526]      relu4	backward: 6.895 ms.
I1108 23:12:40.694918 135640 caffe.cpp:522]      conv5	forward: 27.452 ms.
I1108 23:12:40.695111 135640 caffe.cpp:526]      conv5	backward: 33.168 ms.
I1108 23:12:40.695304 135640 caffe.cpp:522]      relu5	forward: 14.455 ms.
I1108 23:12:40.695497 135640 caffe.cpp:526]      relu5	backward: 17.55 ms.
I1108 23:12:40.695688 135640 caffe.cpp:522]      pool5	forward: 15.57 ms.
I1108 23:12:40.695914 135640 caffe.cpp:526]      pool5	backward: 59.357 ms.
I1108 23:12:40.696120 135640 caffe.cpp:522]        fc6	forward: 49.689 ms.
I1108 23:12:40.696426 135640 caffe.cpp:526]        fc6	backward: 114.073 ms.
I1108 23:12:40.696669 135640 caffe.cpp:522]      relu6	forward: 13.678 ms.
I1108 23:12:40.696902 135640 caffe.cpp:526]      relu6	backward: 15.452 ms.
I1108 23:12:40.697098 135640 caffe.cpp:522]      drop6	forward: 19.719 ms.
I1108 23:12:40.697290 135640 caffe.cpp:526]      drop6	backward: 14.555 ms.
I1108 23:12:40.697484 135640 caffe.cpp:522]        fc7	forward: 15.617 ms.
I1108 23:12:40.697676 135640 caffe.cpp:526]        fc7	backward: 95.439 ms.
I1108 23:12:40.698467 135640 caffe.cpp:522]      relu7	forward: 17.997 ms.
I1108 23:12:40.698714 135640 caffe.cpp:526]      relu7	backward: 21.753 ms.
I1108 23:12:40.699025 135640 caffe.cpp:522]      drop7	forward: 28.968 ms.
I1108 23:12:40.699306 135640 caffe.cpp:526]      drop7	backward: 12.426 ms.
I1108 23:12:40.699533 135640 caffe.cpp:522]        fc8	forward: 13.993 ms.
I1108 23:12:40.699728 135640 caffe.cpp:526]        fc8	backward: 127.695 ms.
I1108 23:12:40.699923 135640 caffe.cpp:522]       loss	forward: 57.69 ms.
I1108 23:12:40.700115 135640 caffe.cpp:526]       loss	backward: 67.415 ms.
I1108 23:12:40.705777 135640 caffe.cpp:532] Average Forward pass: 1269.3 ms.
I1108 23:12:40.718696 135640 caffe.cpp:535] Average Backward pass: 793.198 ms.
I1108 23:12:40.729429 135640 caffe.cpp:537] Average Forward-Backward: 2592 ms.
I1108 23:12:40.746438 135640 caffe.cpp:540] Total Time: 2592 ms.
I1108 23:12:40.759341 135640 caffe.cpp:541] *** Benchmark ends ***
Search stanza is "EMIT_GLOBAL_DYNAMIC_STATS"
elements_fp_single_1 = 1
elements_fp_single_4 = 0
elements_fp_single_8 = 0
elements_fp_single_16 = 18004800
elements_fp_double_1 = 0
elements_fp_double_2 = 580800
elements_fp_double_4 = 0
elements_fp_double_8 = 0
--->Total single-precision FLOPs = 288076801
--->Total double-precision FLOPs = 1161600
--->Total FLOPs = 289238401
mem-read-1 = 19532
mem-read-2 = 34
mem-read-4 = 7207940
mem-read-8 = 977542
mem-read-16 = 0
mem-read-32 = 1
mem-read-64 = 2710404
mem-write-1 = 50
mem-write-2 = 17
mem-write-4 = 50164
mem-write-8 = 32441
mem-write-16 = 0
mem-write-32 = 1
mem-write-64 = 3581602
--->Total Bytes read = 210137584
--->Total Bytes written = 229682828
--->Total Bytes = 439820412
