sde64 -knl -d -iform 1 -omix sde_knl/knl_sde_layer13_dir0.out.mix -global_region -start_ssc_mark 111:repeat -stop_ssc_mark 222:repeat -- /project/projectdirs/mpccc/tmalas/intelcaffe/install_carl/bin/caffe time -model=src/models/mkl2017_alexnet/train_val.prototxt -iterations=1 -prof_layer=13 -prof_forward_direction=0
I1109 02:42:57.757378 143881 caffe.cpp:444] Use CPU.
I1109 02:43:14.652081 143881 cpu_info.cpp:452] Processor speed [MHz]: 1400
I1109 02:43:14.707662 143881 cpu_info.cpp:455] Total number of sockets: 1
I1109 02:43:14.719414 143881 cpu_info.cpp:458] Total number of CPU cores: 68
I1109 02:43:14.731869 143881 cpu_info.cpp:461] Total number of processors: 272
I1109 02:43:14.743005 143881 cpu_info.cpp:464] GPU is used: no
I1109 02:43:14.752007 143881 cpu_info.cpp:467] OpenMP environmental variables are specified: yes
I1109 02:43:14.760939 143881 cpu_info.cpp:470] OpenMP thread bind allowed: no
I1109 02:43:14.771896 143881 cpu_info.cpp:473] Number of OpenMP threads: 16
I1109 02:43:23.489483 143881 net.cpp:484] The NetState phase (0) differed from the phase (1) specified by a rule in layer data
I1109 02:43:23.522305 143881 net.cpp:484] The NetState phase (0) differed from the phase (1) specified by a rule in layer accuracy
I1109 02:43:24.155782 143881 net.cpp:120] Initializing net from parameters: 
name: "AlexNet"
state {
  phase: TRAIN
  level: 0
  stage: ""
}
layer {
  name: "data"
  type: "DummyData"
  top: "data"
  top: "label"
  include {
    phase: TRAIN
  }
  dummy_data_param {
    data_filler {
      type: "gaussian"
      std: 1
    }
    data_filler {
      type: "constant"
      value: 0
    }
    shape {
      dim: 32
      dim: 3
      dim: 227
      dim: 227
    }
    shape {
      dim: 32
      dim: 1
      dim: 1
      dim: 1
    }
  }
}
layer {
  name: "conv1"
  type: "Convolution"
  bottom: "data"
  top: "conv1"
  param {
    lr_mult: 1
    decay_mult: 1
  }
  param {
    lr_mult: 2
    decay_mult: 0
  }
  convolution_param {
    num_output: 96
    kernel_size: 11
    stride: 4
    weight_filler {
      type: "gaussian"
      std: 0.01
    }
    bias_filler {
      type: "constant"
      value: 0
    }
    engine: MKL2017
  }
}
layer {
  name: "relu1"
  type: "ReLU"
  bottom: "conv1"
  top: "conv1"
  relu_param {
    engine: MKL2017
  }
}
layer {
  name: "norm1"
  type: "LRN"
  bottom: "conv1"
  top: "norm1"
  lrn_param {
    local_size: 5
    alpha: 0.0001
    beta: 0.75
    engine: MKL2017
  }
}
layer {
  name: "pool1"
  type: "Pooling"
  bottom: "norm1"
  top: "pool1"
  pooling_param {
    pool: MAX
    kernel_size: 3
    stride: 2
    engine: MKL2017
  }
}
layer {
  name: "conv2"
  type: "Convolution"
  bottom: "pool1"
  top: "conv2"
  param {
    lr_mult: 1
    decay_mult: 1
  }
  param {
    lr_mult: 2
    decay_mult: 0
  }
  convolution_param {
    num_output: 256
    pad: 2
    kernel_size: 5
    group: 2
    weight_filler {
      type: "gaussian"
      std: 0.01
    }
    bias_filler {
      type: "constant"
      value: 0.1
    }
    engine: MKL2017
  }
}
layer {
  name: "relu2"
  type: "ReLU"
  bottom: "conv2"
  top: "conv2"
  relu_param {
    engine: MKL2017
  }
}
layer {
  name: "norm2"
  type: "LRN"
  bottom: "conv2"
  top: "norm2"
  lrn_param {
    local_size: 5
    alpha: 0.0001
    beta: 0.75
    engine: MKL2017
  }
}
layer {
  name: "pool2"
  type: "Pooling"
  bottom: "norm2"
  top: "pool2"
  pooling_param {
    pool: MAX
    kernel_size: 3
    stride: 2
    engine: MKL2017
  }
}
layer {
  name: "conv3"
  type: "Convolution"
  bottom: "pool2"
  top: "conv3"
  param {
    lr_mult: 1
    decay_mult: 1
  }
  param {
    lr_mult: 2
    decay_mult: 0
  }
  convolution_param {
    num_output: 384
    pad: 1
    kernel_size: 3
    weight_filler {
      type: "gaussian"
      std: 0.01
    }
    bias_filler {
      type: "constant"
      value: 0
    }
    engine: MKL2017
  }
}
layer {
  name: "relu3"
  type: "ReLU"
  bottom: "conv3"
  top: "conv3"
  relu_param {
    engine: MKL2017
  }
}
layer {
  name: "conv4"
  type: "Convolution"
  bottom: "conv3"
  top: "conv4"
  param {
    lr_mult: 1
    decay_mult: 1
  }
  param {
    lr_mult: 2
    decay_mult: 0
  }
  convolution_param {
    num_output: 384
    pad: 1
    kernel_size: 3
    group: 2
    weight_filler {
      type: "gaussian"
      std: 0.01
    }
    bias_filler {
      type: "constant"
      value: 0.1
    }
    engine: MKL2017
  }
}
layer {
  name: "relu4"
  type: "ReLU"
  bottom: "conv4"
  top: "conv4"
  relu_param {
    engine: MKL2017
  }
}
layer {
  name: "conv5"
  type: "Convolution"
  bottom: "conv4"
  top: "conv5"
  param {
    lr_mult: 1
    decay_mult: 1
  }
  param {
    lr_mult: 2
    decay_mult: 0
  }
  convolution_param {
    num_output: 256
    pad: 1
    kernel_size: 3
    group: 2
    weight_filler {
      type: "gaussian"
      std: 0.01
    }
    bias_filler {
      type: "constant"
      value: 0.1
    }
    engine: MKL2017
  }
}
layer {
  name: "relu5"
  type: "ReLU"
  bottom: "conv5"
  top: "conv5"
  relu_param {
    engine: MKL2017
  }
}
layer {
  name: "pool5"
  type: "Pooling"
  bottom: "conv5"
  top: "pool5"
  pooling_param {
    pool: MAX
    kernel_size: 3
    stride: 2
    engine: MKL2017
  }
}
layer {
  name: "fc6"
  type: "InnerProduct"
  bottom: "pool5"
  top: "fc6"
  param {
    lr_mult: 1
    decay_mult: 1
  }
  param {
    lr_mult: 2
    decay_mult: 0
  }
  inner_product_param {
    num_output: 4096
    weight_filler {
      type: "gaussian"
      std: 0.005
    }
    bias_filler {
      type: "constant"
      value: 0.1
    }
  }
}
layer {
  name: "relu6"
  type: "ReLU"
  bottom: "fc6"
  top: "fc6"
}
layer {
  name: "drop6"
  type: "Dropout"
  bottom: "fc6"
  top: "fc6"
  dropout_param {
    dropout_ratio: 0.5
  }
}
layer {
  name: "fc7"
  type: "InnerProduct"
  bottom: "fc6"
  top: "fc7"
  param {
    lr_mult: 1
    decay_mult: 1
  }
  param {
    lr_mult: 2
    decay_mult: 0
  }
  inner_product_param {
    num_output: 4096
    weight_filler {
      type: "gaussian"
      std: 0.005
    }
    bias_filler {
      type: "constant"
      value: 0.1
    }
  }
}
layer {
  name: "relu7"
  type: "ReLU"
  bottom: "fc7"
  top: "fc7"
}
layer {
  name: "drop7"
  type: "Dropout"
  bottom: "fc7"
  top: "fc7"
  dropout_param {
    dropout_ratio: 0.5
  }
}
layer {
  name: "fc8"
  type: "InnerProduct"
  bottom: "fc7"
  top: "fc8"
  param {
    lr_mult: 1
    decay_mult: 1
  }
  param {
    lr_mult: 2
    decay_mult: 0
  }
  inner_product_param {
    num_output: 1000
    weight_filler {
      type: "gaussian"
      std: 0.01
    }
    bias_filler {
      type: "constant"
      value: 0
    }
  }
}
layer {
  name: "loss"
  type: "SoftmaxWithLoss"
  bottom: "fc8"
  bottom: "label"
  top: "loss"
}
I1109 02:43:26.591646 143881 layer_factory.hpp:114] Creating layer data
I1109 02:43:26.738373 143881 net.cpp:160] Creating Layer data
I1109 02:43:26.786365 143881 net.cpp:570] data -> data
I1109 02:43:27.251669 143881 net.cpp:570] data -> label
I1109 02:43:34.261968 143881 net.cpp:210] Setting up data
I1109 02:43:34.340036 143881 net.cpp:217] Top shape: 32 3 227 227 (4946784)
I1109 02:43:34.443110 143881 net.cpp:217] Top shape: 32 1 1 1 (32)
I1109 02:43:34.450117 143881 net.cpp:225] Memory required for data: 19787264
I1109 02:43:34.516980 143881 layer_factory.hpp:114] Creating layer conv1
I1109 02:43:34.840914 143881 net.cpp:160] Creating Layer conv1
I1109 02:43:34.890384 143881 net.cpp:596] conv1 <- data
I1109 02:43:35.011310 143881 net.cpp:570] conv1 -> conv1
I1109 02:44:07.709583 143881 net.cpp:210] Setting up conv1
I1109 02:44:07.716955 143881 net.cpp:217] Top shape: 32 96 55 55 (9292800)
I1109 02:44:07.717366 143881 net.cpp:225] Memory required for data: 56958464
I1109 02:44:07.998349 143881 layer_factory.hpp:114] Creating layer relu1
I1109 02:44:08.117338 143881 net.cpp:160] Creating Layer relu1
I1109 02:44:08.121819 143881 net.cpp:596] relu1 <- conv1
I1109 02:44:08.153368 143881 net.cpp:557] relu1 -> conv1 (in-place)
I1109 02:44:08.340492 143881 net.cpp:210] Setting up relu1
I1109 02:44:08.342834 143881 net.cpp:217] Top shape: 32 96 55 55 (9292800)
I1109 02:44:08.343166 143881 net.cpp:225] Memory required for data: 94129664
I1109 02:44:08.343359 143881 layer_factory.hpp:114] Creating layer norm1
I1109 02:44:08.446151 143881 net.cpp:160] Creating Layer norm1
I1109 02:44:08.446480 143881 net.cpp:596] norm1 <- conv1
I1109 02:44:08.448863 143881 net.cpp:570] norm1 -> norm1
I1109 02:44:08.666726 143881 net.cpp:210] Setting up norm1
I1109 02:44:08.679116 143881 net.cpp:217] Top shape: 32 96 55 55 (9292800)
I1109 02:44:08.679507 143881 net.cpp:225] Memory required for data: 131300864
I1109 02:44:08.679723 143881 layer_factory.hpp:114] Creating layer pool1
I1109 02:44:08.770297 143881 net.cpp:160] Creating Layer pool1
I1109 02:44:08.770611 143881 net.cpp:596] pool1 <- norm1
I1109 02:44:08.785121 143881 net.cpp:570] pool1 -> pool1
I1109 02:44:09.081861 143881 net.cpp:210] Setting up pool1
I1109 02:44:09.084323 143881 net.cpp:217] Top shape: 32 96 27 27 (2239488)
I1109 02:44:09.084645 143881 net.cpp:225] Memory required for data: 140258816
I1109 02:44:09.084930 143881 layer_factory.hpp:114] Creating layer conv2
I1109 02:44:09.085311 143881 net.cpp:160] Creating Layer conv2
I1109 02:44:09.085539 143881 net.cpp:596] conv2 <- pool1
I1109 02:44:09.085803 143881 net.cpp:570] conv2 -> conv2
I1109 02:44:14.851256 143881 net.cpp:210] Setting up conv2
I1109 02:44:14.851575 143881 net.cpp:217] Top shape: 32 256 27 27 (5971968)
I1109 02:44:14.851990 143881 net.cpp:225] Memory required for data: 164146688
I1109 02:44:14.905838 143881 layer_factory.hpp:114] Creating layer relu2
I1109 02:44:14.906277 143881 net.cpp:160] Creating Layer relu2
I1109 02:44:14.906635 143881 net.cpp:596] relu2 <- conv2
I1109 02:44:14.906929 143881 net.cpp:557] relu2 -> conv2 (in-place)
I1109 02:44:14.907409 143881 net.cpp:210] Setting up relu2
I1109 02:44:14.907691 143881 net.cpp:217] Top shape: 32 256 27 27 (5971968)
I1109 02:44:14.907915 143881 net.cpp:225] Memory required for data: 188034560
I1109 02:44:14.908102 143881 layer_factory.hpp:114] Creating layer norm2
I1109 02:44:14.908341 143881 net.cpp:160] Creating Layer norm2
I1109 02:44:14.908542 143881 net.cpp:596] norm2 <- conv2
I1109 02:44:14.908856 143881 net.cpp:570] norm2 -> norm2
I1109 02:44:14.910928 143881 net.cpp:210] Setting up norm2
I1109 02:44:14.911232 143881 net.cpp:217] Top shape: 32 256 27 27 (5971968)
I1109 02:44:14.911460 143881 net.cpp:225] Memory required for data: 211922432
I1109 02:44:14.911644 143881 layer_factory.hpp:114] Creating layer pool2
I1109 02:44:14.912510 143881 net.cpp:160] Creating Layer pool2
I1109 02:44:14.912840 143881 net.cpp:596] pool2 <- norm2
I1109 02:44:14.913172 143881 net.cpp:570] pool2 -> pool2
I1109 02:44:14.913698 143881 net.cpp:210] Setting up pool2
I1109 02:44:14.913962 143881 net.cpp:217] Top shape: 32 256 13 13 (1384448)
I1109 02:44:14.914196 143881 net.cpp:225] Memory required for data: 217460224
I1109 02:44:14.914407 143881 layer_factory.hpp:114] Creating layer conv3
I1109 02:44:14.914752 143881 net.cpp:160] Creating Layer conv3
I1109 02:44:14.914986 143881 net.cpp:596] conv3 <- pool2
I1109 02:44:14.915241 143881 net.cpp:570] conv3 -> conv3
I1109 02:44:15.379905 143881 net.cpp:210] Setting up conv3
I1109 02:44:15.382392 143881 net.cpp:217] Top shape: 32 384 13 13 (2076672)
I1109 02:44:15.382757 143881 net.cpp:225] Memory required for data: 225766912
I1109 02:44:15.385923 143881 layer_factory.hpp:114] Creating layer relu3
I1109 02:44:15.386340 143881 net.cpp:160] Creating Layer relu3
I1109 02:44:15.386606 143881 net.cpp:596] relu3 <- conv3
I1109 02:44:15.386864 143881 net.cpp:557] relu3 -> conv3 (in-place)
I1109 02:44:15.391018 143881 net.cpp:210] Setting up relu3
I1109 02:44:15.391341 143881 net.cpp:217] Top shape: 32 384 13 13 (2076672)
I1109 02:44:15.391603 143881 net.cpp:225] Memory required for data: 234073600
I1109 02:44:15.391808 143881 layer_factory.hpp:114] Creating layer conv4
I1109 02:44:15.392180 143881 net.cpp:160] Creating Layer conv4
I1109 02:44:15.392449 143881 net.cpp:596] conv4 <- conv3
I1109 02:44:15.392709 143881 net.cpp:570] conv4 -> conv4
I1109 02:44:15.648246 143881 net.cpp:210] Setting up conv4
I1109 02:44:15.648648 143881 net.cpp:217] Top shape: 32 384 13 13 (2076672)
I1109 02:44:15.649085 143881 net.cpp:225] Memory required for data: 242380288
I1109 02:44:15.649423 143881 layer_factory.hpp:114] Creating layer relu4
I1109 02:44:15.649739 143881 net.cpp:160] Creating Layer relu4
I1109 02:44:15.649989 143881 net.cpp:596] relu4 <- conv4
I1109 02:44:15.650245 143881 net.cpp:557] relu4 -> conv4 (in-place)
I1109 02:44:15.662642 143881 net.cpp:210] Setting up relu4
I1109 02:44:15.662971 143881 net.cpp:217] Top shape: 32 384 13 13 (2076672)
I1109 02:44:15.663238 143881 net.cpp:225] Memory required for data: 250686976
I1109 02:44:15.663447 143881 layer_factory.hpp:114] Creating layer conv5
I1109 02:44:15.663828 143881 net.cpp:160] Creating Layer conv5
I1109 02:44:15.664090 143881 net.cpp:596] conv5 <- conv4
I1109 02:44:15.664346 143881 net.cpp:570] conv5 -> conv5
I1109 02:44:15.839979 143881 net.cpp:210] Setting up conv5
I1109 02:44:15.840389 143881 net.cpp:217] Top shape: 32 256 13 13 (1384448)
I1109 02:44:15.840816 143881 net.cpp:225] Memory required for data: 256224768
I1109 02:44:15.845572 143881 layer_factory.hpp:114] Creating layer relu5
I1109 02:44:15.845989 143881 net.cpp:160] Creating Layer relu5
I1109 02:44:15.846256 143881 net.cpp:596] relu5 <- conv5
I1109 02:44:15.846536 143881 net.cpp:557] relu5 -> conv5 (in-place)
I1109 02:44:15.847019 143881 net.cpp:210] Setting up relu5
I1109 02:44:15.847319 143881 net.cpp:217] Top shape: 32 256 13 13 (1384448)
I1109 02:44:15.847575 143881 net.cpp:225] Memory required for data: 261762560
I1109 02:44:15.847791 143881 layer_factory.hpp:114] Creating layer pool5
I1109 02:44:15.848067 143881 net.cpp:160] Creating Layer pool5
I1109 02:44:15.848292 143881 net.cpp:596] pool5 <- conv5
I1109 02:44:15.848532 143881 net.cpp:570] pool5 -> pool5
I1109 02:44:15.848995 143881 net.cpp:210] Setting up pool5
I1109 02:44:15.849287 143881 net.cpp:217] Top shape: 32 256 6 6 (294912)
I1109 02:44:15.849525 143881 net.cpp:225] Memory required for data: 262942208
I1109 02:44:15.849721 143881 layer_factory.hpp:114] Creating layer fc6
I1109 02:44:15.907095 143881 net.cpp:160] Creating Layer fc6
I1109 02:44:15.907423 143881 net.cpp:596] fc6 <- pool5
I1109 02:44:15.907773 143881 net.cpp:570] fc6 -> fc6
I1109 02:44:20.077261 143881 net.cpp:210] Setting up fc6
I1109 02:44:20.077563 143881 net.cpp:217] Top shape: 32 4096 (131072)
I1109 02:44:20.079587 143881 net.cpp:225] Memory required for data: 263466496
I1109 02:44:20.079891 143881 layer_factory.hpp:114] Creating layer relu6
I1109 02:44:20.082454 143881 net.cpp:160] Creating Layer relu6
I1109 02:44:20.082749 143881 net.cpp:596] relu6 <- fc6
I1109 02:44:20.082976 143881 net.cpp:557] relu6 -> fc6 (in-place)
I1109 02:44:20.083389 143881 net.cpp:210] Setting up relu6
I1109 02:44:20.083631 143881 net.cpp:217] Top shape: 32 4096 (131072)
I1109 02:44:20.083850 143881 net.cpp:225] Memory required for data: 263990784
I1109 02:44:20.084034 143881 layer_factory.hpp:114] Creating layer drop6
I1109 02:44:20.104215 143881 net.cpp:160] Creating Layer drop6
I1109 02:44:20.104533 143881 net.cpp:596] drop6 <- fc6
I1109 02:44:20.104913 143881 net.cpp:557] drop6 -> fc6 (in-place)
I1109 02:44:20.207561 143881 net.cpp:210] Setting up drop6
I1109 02:44:20.207857 143881 net.cpp:217] Top shape: 32 4096 (131072)
I1109 02:44:20.208189 143881 net.cpp:225] Memory required for data: 264515072
I1109 02:44:20.208431 143881 layer_factory.hpp:114] Creating layer fc7
I1109 02:44:20.208703 143881 net.cpp:160] Creating Layer fc7
I1109 02:44:20.208958 143881 net.cpp:596] fc7 <- fc6
I1109 02:44:20.209337 143881 net.cpp:570] fc7 -> fc7
I1109 02:44:21.921633 143881 net.cpp:210] Setting up fc7
I1109 02:44:21.922003 143881 net.cpp:217] Top shape: 32 4096 (131072)
I1109 02:44:21.922497 143881 net.cpp:225] Memory required for data: 265039360
I1109 02:44:21.922865 143881 layer_factory.hpp:114] Creating layer relu7
I1109 02:44:21.923198 143881 net.cpp:160] Creating Layer relu7
I1109 02:44:21.923454 143881 net.cpp:596] relu7 <- fc7
I1109 02:44:21.923714 143881 net.cpp:557] relu7 -> fc7 (in-place)
I1109 02:44:21.924170 143881 net.cpp:210] Setting up relu7
I1109 02:44:21.924458 143881 net.cpp:217] Top shape: 32 4096 (131072)
I1109 02:44:21.924710 143881 net.cpp:225] Memory required for data: 265563648
I1109 02:44:21.925007 143881 layer_factory.hpp:114] Creating layer drop7
I1109 02:44:21.925267 143881 net.cpp:160] Creating Layer drop7
I1109 02:44:21.925493 143881 net.cpp:596] drop7 <- fc7
I1109 02:44:21.925751 143881 net.cpp:557] drop7 -> fc7 (in-place)
I1109 02:44:21.926126 143881 net.cpp:210] Setting up drop7
I1109 02:44:21.926332 143881 net.cpp:217] Top shape: 32 4096 (131072)
I1109 02:44:21.926550 143881 net.cpp:225] Memory required for data: 266087936
I1109 02:44:21.926731 143881 layer_factory.hpp:114] Creating layer fc8
I1109 02:44:21.926981 143881 net.cpp:160] Creating Layer fc8
I1109 02:44:21.927186 143881 net.cpp:596] fc8 <- fc7
I1109 02:44:21.927415 143881 net.cpp:570] fc8 -> fc8
I1109 02:44:22.349445 143881 net.cpp:210] Setting up fc8
I1109 02:44:22.349795 143881 net.cpp:217] Top shape: 32 1000 (32000)
I1109 02:44:22.350220 143881 net.cpp:225] Memory required for data: 266215936
I1109 02:44:22.350524 143881 layer_factory.hpp:114] Creating layer loss
I1109 02:44:22.375324 143881 net.cpp:160] Creating Layer loss
I1109 02:44:22.375638 143881 net.cpp:596] loss <- fc8
I1109 02:44:22.376631 143881 net.cpp:596] loss <- label
I1109 02:44:22.404163 143881 net.cpp:570] loss -> loss
I1109 02:44:22.442214 143881 layer_factory.hpp:114] Creating layer loss
I1109 02:44:24.995385 143881 net.cpp:210] Setting up loss
I1109 02:44:25.043977 143881 net.cpp:217] Top shape: (1)
I1109 02:44:25.053553 143881 net.cpp:220]     with loss weight 1
I1109 02:44:25.184263 143881 net.cpp:225] Memory required for data: 266215940
I1109 02:44:25.228459 143881 net.cpp:287] loss needs backward computation.
I1109 02:44:25.315738 143881 net.cpp:287] fc8 needs backward computation.
I1109 02:44:25.324354 143881 net.cpp:287] drop7 needs backward computation.
I1109 02:44:25.335374 143881 net.cpp:287] relu7 needs backward computation.
I1109 02:44:25.335692 143881 net.cpp:287] fc7 needs backward computation.
I1109 02:44:25.338165 143881 net.cpp:287] drop6 needs backward computation.
I1109 02:44:25.338467 143881 net.cpp:287] relu6 needs backward computation.
I1109 02:44:25.338697 143881 net.cpp:287] fc6 needs backward computation.
I1109 02:44:25.339515 143881 net.cpp:287] pool5 needs backward computation.
I1109 02:44:25.340255 143881 net.cpp:287] relu5 needs backward computation.
I1109 02:44:25.340526 143881 net.cpp:287] conv5 needs backward computation.
I1109 02:44:25.340720 143881 net.cpp:287] relu4 needs backward computation.
I1109 02:44:25.340955 143881 net.cpp:287] conv4 needs backward computation.
I1109 02:44:25.341138 143881 net.cpp:287] relu3 needs backward computation.
I1109 02:44:25.341317 143881 net.cpp:287] conv3 needs backward computation.
I1109 02:44:25.353406 143881 net.cpp:287] pool2 needs backward computation.
I1109 02:44:25.353756 143881 net.cpp:287] norm2 needs backward computation.
I1109 02:44:25.354058 143881 net.cpp:287] relu2 needs backward computation.
I1109 02:44:25.354290 143881 net.cpp:287] conv2 needs backward computation.
I1109 02:44:25.354480 143881 net.cpp:287] pool1 needs backward computation.
I1109 02:44:25.354660 143881 net.cpp:287] norm1 needs backward computation.
I1109 02:44:25.354836 143881 net.cpp:287] relu1 needs backward computation.
I1109 02:44:25.355010 143881 net.cpp:287] conv1 needs backward computation.
I1109 02:44:25.367444 143881 net.cpp:289] data does not need backward computation.
I1109 02:44:25.392498 143881 net.cpp:331] This network produces output loss
I1109 02:44:25.464393 143881 net.cpp:345] Network initialization done.
I1109 02:44:25.631609 143881 caffe.cpp:452] Performing Forward
I1109 02:44:38.849406 143881 caffe.cpp:457] Initial loss: 6.80558
I1109 02:44:38.904867 143881 caffe.cpp:459] Performing Backward
I1109 02:44:43.719578 143881 caffe.cpp:468] *** Benchmark begins ***
I1109 02:44:43.732960 143881 caffe.cpp:469] Testing for 1 iterations.
I1109 02:44:43.877077 143881 caffe.cpp:485] Profiling Layer: conv5 backward
I1109 02:44:46.443166 143881 caffe.cpp:512] Iteration: 1 forward-backward time: 2561 ms.
I1109 02:44:46.604096 143881 caffe.cpp:519] Average time per layer: 
I1109 02:44:46.622942 143881 caffe.cpp:522]       data	forward: 550.903 ms.
I1109 02:44:46.698457 143881 caffe.cpp:526]       data	backward: 4.84 ms.
I1109 02:44:46.723103 143881 caffe.cpp:522]      conv1	forward: 130.797 ms.
I1109 02:44:46.735057 143881 caffe.cpp:526]      conv1	backward: 37.538 ms.
I1109 02:44:46.742703 143881 caffe.cpp:522]      relu1	forward: 21.357 ms.
I1109 02:44:46.750866 143881 caffe.cpp:526]      relu1	backward: 22.397 ms.
I1109 02:44:46.758625 143881 caffe.cpp:522]      norm1	forward: 16.55 ms.
I1109 02:44:46.762733 143881 caffe.cpp:526]      norm1	backward: 10.999 ms.
I1109 02:44:46.778378 143881 caffe.cpp:522]      pool1	forward: 17.109 ms.
I1109 02:44:46.788991 143881 caffe.cpp:526]      pool1	backward: 84.084 ms.
I1109 02:44:46.795522 143881 caffe.cpp:522]      conv2	forward: 68.362 ms.
I1109 02:44:46.796007 143881 caffe.cpp:526]      conv2	backward: 75.348 ms.
I1109 02:44:46.796237 143881 caffe.cpp:522]      relu2	forward: 17.962 ms.
I1109 02:44:46.796429 143881 caffe.cpp:526]      relu2	backward: 24.564 ms.
I1109 02:44:46.796622 143881 caffe.cpp:522]      norm2	forward: 14.695 ms.
I1109 02:44:46.796887 143881 caffe.cpp:526]      norm2	backward: 13.876 ms.
I1109 02:44:46.797094 143881 caffe.cpp:522]      pool2	forward: 16.126 ms.
I1109 02:44:46.797298 143881 caffe.cpp:526]      pool2	backward: 67.035 ms.
I1109 02:44:46.797502 143881 caffe.cpp:522]      conv3	forward: 33.975 ms.
I1109 02:44:46.797706 143881 caffe.cpp:526]      conv3	backward: 85.381 ms.
I1109 02:44:46.797910 143881 caffe.cpp:522]      relu3	forward: 11.648 ms.
I1109 02:44:46.798112 143881 caffe.cpp:526]      relu3	backward: 34.68 ms.
I1109 02:44:46.798316 143881 caffe.cpp:522]      conv4	forward: 37.875 ms.
I1109 02:44:46.798518 143881 caffe.cpp:526]      conv4	backward: 65.18 ms.
I1109 02:44:46.798722 143881 caffe.cpp:522]      relu4	forward: 14.383 ms.
I1109 02:44:46.798925 143881 caffe.cpp:526]      relu4	backward: 31.829 ms.
I1109 02:44:46.799127 143881 caffe.cpp:522]      conv5	forward: 15.464 ms.
I1109 02:44:46.799335 143881 caffe.cpp:526]      conv5	backward: 87.27 ms.
I1109 02:44:46.799561 143881 caffe.cpp:522]      relu5	forward: 0.198 ms.
I1109 02:44:46.799785 143881 caffe.cpp:526]      relu5	backward: 15.706 ms.
I1109 02:44:46.799991 143881 caffe.cpp:522]      pool5	forward: 0.281 ms.
I1109 02:44:46.800192 143881 caffe.cpp:526]      pool5	backward: 61.384 ms.
I1109 02:44:46.800395 143881 caffe.cpp:522]        fc6	forward: 16.423 ms.
I1109 02:44:46.800598 143881 caffe.cpp:526]        fc6	backward: 252.3 ms.
I1109 02:44:46.800829 143881 caffe.cpp:522]      relu6	forward: 0.806 ms.
I1109 02:44:46.801033 143881 caffe.cpp:526]      relu6	backward: 14.74 ms.
I1109 02:44:46.801236 143881 caffe.cpp:522]      drop6	forward: 1.412 ms.
I1109 02:44:46.801434 143881 caffe.cpp:526]      drop6	backward: 16.308 ms.
I1109 02:44:46.801638 143881 caffe.cpp:522]        fc7	forward: 4.537 ms.
I1109 02:44:46.801836 143881 caffe.cpp:526]        fc7	backward: 157.36 ms.
I1109 02:44:46.802039 143881 caffe.cpp:522]      relu7	forward: 0.124 ms.
I1109 02:44:46.802933 143881 caffe.cpp:526]      relu7	backward: 15.652 ms.
I1109 02:44:46.803212 143881 caffe.cpp:522]      drop7	forward: 0.308 ms.
I1109 02:44:46.803405 143881 caffe.cpp:526]      drop7	backward: 16.706 ms.
I1109 02:44:46.803596 143881 caffe.cpp:522]        fc8	forward: 1.878 ms.
I1109 02:44:46.803781 143881 caffe.cpp:526]        fc8	backward: 190.886 ms.
I1109 02:44:46.803973 143881 caffe.cpp:522]       loss	forward: 38.932 ms.
I1109 02:44:46.804163 143881 caffe.cpp:526]       loss	backward: 47.6 ms.
I1109 02:44:46.809864 143881 caffe.cpp:532] Average Forward pass: 1089.49 ms.
I1109 02:44:46.823174 143881 caffe.cpp:535] Average Backward pass: 1443.68 ms.
I1109 02:44:46.834136 143881 caffe.cpp:537] Average Forward-Backward: 3032 ms.
I1109 02:44:46.849225 143881 caffe.cpp:540] Total Time: 3032 ms.
I1109 02:44:46.861487 143881 caffe.cpp:541] *** Benchmark ends ***
Search stanza is "EMIT_GLOBAL_DYNAMIC_STATS"
elements_fp_single_1 = 0
elements_fp_single_4 = 0
elements_fp_single_8 = 0
elements_fp_single_16 = 538399232
elements_fp_double_1 = 0
elements_fp_double_2 = 0
elements_fp_double_4 = 0
elements_fp_double_8 = 0
--->Total single-precision FLOPs = 8614387712
--->Total double-precision FLOPs = 0
--->Total FLOPs = 8614387712
mem-read-1 = 107309
mem-read-2 = 138
mem-read-4 = 271001161
mem-read-8 = 6032446
mem-read-16 = 0
mem-read-32 = 10020
mem-read-64 = 36961333
mem-write-1 = 202
mem-write-2 = 68
mem-write-4 = 21676
mem-write-8 = 4276574
mem-write-16 = 4
mem-write-32 = 4
mem-write-64 = 14486821
--->Total Bytes read = 3498217749
--->Total Bytes written = 961456370
--->Total Bytes = 4459674119
