sde64 -knl -d -iform 1 -omix sde_knl/knl_sde_layer3_dir0.out.mix -global_region -start_ssc_mark 111:repeat -stop_ssc_mark 222:repeat -- /project/projectdirs/mpccc/tmalas/intelcaffe/install_carl/bin/caffe time -model=src/models/mkl2017_alexnet/train_val.prototxt -iterations=1 -prof_layer=3 -prof_forward_direction=0
I1109 01:43:54.987978 141405 caffe.cpp:444] Use CPU.
I1109 01:44:11.841202 141405 cpu_info.cpp:452] Processor speed [MHz]: 1400
I1109 01:44:11.897337 141405 cpu_info.cpp:455] Total number of sockets: 1
I1109 01:44:11.909304 141405 cpu_info.cpp:458] Total number of CPU cores: 68
I1109 01:44:11.921850 141405 cpu_info.cpp:461] Total number of processors: 272
I1109 01:44:11.933225 141405 cpu_info.cpp:464] GPU is used: no
I1109 01:44:11.942255 141405 cpu_info.cpp:467] OpenMP environmental variables are specified: yes
I1109 01:44:11.951189 141405 cpu_info.cpp:470] OpenMP thread bind allowed: no
I1109 01:44:11.962160 141405 cpu_info.cpp:473] Number of OpenMP threads: 16
I1109 01:44:20.891499 141405 net.cpp:484] The NetState phase (0) differed from the phase (1) specified by a rule in layer data
I1109 01:44:20.924243 141405 net.cpp:484] The NetState phase (0) differed from the phase (1) specified by a rule in layer accuracy
I1109 01:44:21.555542 141405 net.cpp:120] Initializing net from parameters: 
name: "AlexNet"
state {
  phase: TRAIN
  level: 0
  stage: ""
}
layer {
  name: "data"
  type: "DummyData"
  top: "data"
  top: "label"
  include {
    phase: TRAIN
  }
  dummy_data_param {
    data_filler {
      type: "gaussian"
      std: 1
    }
    data_filler {
      type: "constant"
      value: 0
    }
    shape {
      dim: 32
      dim: 3
      dim: 227
      dim: 227
    }
    shape {
      dim: 32
      dim: 1
      dim: 1
      dim: 1
    }
  }
}
layer {
  name: "conv1"
  type: "Convolution"
  bottom: "data"
  top: "conv1"
  param {
    lr_mult: 1
    decay_mult: 1
  }
  param {
    lr_mult: 2
    decay_mult: 0
  }
  convolution_param {
    num_output: 96
    kernel_size: 11
    stride: 4
    weight_filler {
      type: "gaussian"
      std: 0.01
    }
    bias_filler {
      type: "constant"
      value: 0
    }
    engine: MKL2017
  }
}
layer {
  name: "relu1"
  type: "ReLU"
  bottom: "conv1"
  top: "conv1"
  relu_param {
    engine: MKL2017
  }
}
layer {
  name: "norm1"
  type: "LRN"
  bottom: "conv1"
  top: "norm1"
  lrn_param {
    local_size: 5
    alpha: 0.0001
    beta: 0.75
    engine: MKL2017
  }
}
layer {
  name: "pool1"
  type: "Pooling"
  bottom: "norm1"
  top: "pool1"
  pooling_param {
    pool: MAX
    kernel_size: 3
    stride: 2
    engine: MKL2017
  }
}
layer {
  name: "conv2"
  type: "Convolution"
  bottom: "pool1"
  top: "conv2"
  param {
    lr_mult: 1
    decay_mult: 1
  }
  param {
    lr_mult: 2
    decay_mult: 0
  }
  convolution_param {
    num_output: 256
    pad: 2
    kernel_size: 5
    group: 2
    weight_filler {
      type: "gaussian"
      std: 0.01
    }
    bias_filler {
      type: "constant"
      value: 0.1
    }
    engine: MKL2017
  }
}
layer {
  name: "relu2"
  type: "ReLU"
  bottom: "conv2"
  top: "conv2"
  relu_param {
    engine: MKL2017
  }
}
layer {
  name: "norm2"
  type: "LRN"
  bottom: "conv2"
  top: "norm2"
  lrn_param {
    local_size: 5
    alpha: 0.0001
    beta: 0.75
    engine: MKL2017
  }
}
layer {
  name: "pool2"
  type: "Pooling"
  bottom: "norm2"
  top: "pool2"
  pooling_param {
    pool: MAX
    kernel_size: 3
    stride: 2
    engine: MKL2017
  }
}
layer {
  name: "conv3"
  type: "Convolution"
  bottom: "pool2"
  top: "conv3"
  param {
    lr_mult: 1
    decay_mult: 1
  }
  param {
    lr_mult: 2
    decay_mult: 0
  }
  convolution_param {
    num_output: 384
    pad: 1
    kernel_size: 3
    weight_filler {
      type: "gaussian"
      std: 0.01
    }
    bias_filler {
      type: "constant"
      value: 0
    }
    engine: MKL2017
  }
}
layer {
  name: "relu3"
  type: "ReLU"
  bottom: "conv3"
  top: "conv3"
  relu_param {
    engine: MKL2017
  }
}
layer {
  name: "conv4"
  type: "Convolution"
  bottom: "conv3"
  top: "conv4"
  param {
    lr_mult: 1
    decay_mult: 1
  }
  param {
    lr_mult: 2
    decay_mult: 0
  }
  convolution_param {
    num_output: 384
    pad: 1
    kernel_size: 3
    group: 2
    weight_filler {
      type: "gaussian"
      std: 0.01
    }
    bias_filler {
      type: "constant"
      value: 0.1
    }
    engine: MKL2017
  }
}
layer {
  name: "relu4"
  type: "ReLU"
  bottom: "conv4"
  top: "conv4"
  relu_param {
    engine: MKL2017
  }
}
layer {
  name: "conv5"
  type: "Convolution"
  bottom: "conv4"
  top: "conv5"
  param {
    lr_mult: 1
    decay_mult: 1
  }
  param {
    lr_mult: 2
    decay_mult: 0
  }
  convolution_param {
    num_output: 256
    pad: 1
    kernel_size: 3
    group: 2
    weight_filler {
      type: "gaussian"
      std: 0.01
    }
    bias_filler {
      type: "constant"
      value: 0.1
    }
    engine: MKL2017
  }
}
layer {
  name: "relu5"
  type: "ReLU"
  bottom: "conv5"
  top: "conv5"
  relu_param {
    engine: MKL2017
  }
}
layer {
  name: "pool5"
  type: "Pooling"
  bottom: "conv5"
  top: "pool5"
  pooling_param {
    pool: MAX
    kernel_size: 3
    stride: 2
    engine: MKL2017
  }
}
layer {
  name: "fc6"
  type: "InnerProduct"
  bottom: "pool5"
  top: "fc6"
  param {
    lr_mult: 1
    decay_mult: 1
  }
  param {
    lr_mult: 2
    decay_mult: 0
  }
  inner_product_param {
    num_output: 4096
    weight_filler {
      type: "gaussian"
      std: 0.005
    }
    bias_filler {
      type: "constant"
      value: 0.1
    }
  }
}
layer {
  name: "relu6"
  type: "ReLU"
  bottom: "fc6"
  top: "fc6"
}
layer {
  name: "drop6"
  type: "Dropout"
  bottom: "fc6"
  top: "fc6"
  dropout_param {
    dropout_ratio: 0.5
  }
}
layer {
  name: "fc7"
  type: "InnerProduct"
  bottom: "fc6"
  top: "fc7"
  param {
    lr_mult: 1
    decay_mult: 1
  }
  param {
    lr_mult: 2
    decay_mult: 0
  }
  inner_product_param {
    num_output: 4096
    weight_filler {
      type: "gaussian"
      std: 0.005
    }
    bias_filler {
      type: "constant"
      value: 0.1
    }
  }
}
layer {
  name: "relu7"
  type: "ReLU"
  bottom: "fc7"
  top: "fc7"
}
layer {
  name: "drop7"
  type: "Dropout"
  bottom: "fc7"
  top: "fc7"
  dropout_param {
    dropout_ratio: 0.5
  }
}
layer {
  name: "fc8"
  type: "InnerProduct"
  bottom: "fc7"
  top: "fc8"
  param {
    lr_mult: 1
    decay_mult: 1
  }
  param {
    lr_mult: 2
    decay_mult: 0
  }
  inner_product_param {
    num_output: 1000
    weight_filler {
      type: "gaussian"
      std: 0.01
    }
    bias_filler {
      type: "constant"
      value: 0
    }
  }
}
layer {
  name: "loss"
  type: "SoftmaxWithLoss"
  bottom: "fc8"
  bottom: "label"
  top: "loss"
}
I1109 01:44:24.008569 141405 layer_factory.hpp:114] Creating layer data
I1109 01:44:24.158547 141405 net.cpp:160] Creating Layer data
I1109 01:44:24.209161 141405 net.cpp:570] data -> data
I1109 01:44:24.675463 141405 net.cpp:570] data -> label
I1109 01:44:31.722272 141405 net.cpp:210] Setting up data
I1109 01:44:31.801367 141405 net.cpp:217] Top shape: 32 3 227 227 (4946784)
I1109 01:44:31.908041 141405 net.cpp:217] Top shape: 32 1 1 1 (32)
I1109 01:44:31.915814 141405 net.cpp:225] Memory required for data: 19787264
I1109 01:44:31.985592 141405 layer_factory.hpp:114] Creating layer conv1
I1109 01:44:32.313904 141405 net.cpp:160] Creating Layer conv1
I1109 01:44:32.363801 141405 net.cpp:596] conv1 <- data
I1109 01:44:32.482764 141405 net.cpp:570] conv1 -> conv1
I1109 01:45:05.404870 141405 net.cpp:210] Setting up conv1
I1109 01:45:05.412394 141405 net.cpp:217] Top shape: 32 96 55 55 (9292800)
I1109 01:45:05.412773 141405 net.cpp:225] Memory required for data: 56958464
I1109 01:45:05.701063 141405 layer_factory.hpp:114] Creating layer relu1
I1109 01:45:05.822016 141405 net.cpp:160] Creating Layer relu1
I1109 01:45:05.826578 141405 net.cpp:596] relu1 <- conv1
I1109 01:45:05.859052 141405 net.cpp:557] relu1 -> conv1 (in-place)
I1109 01:45:06.049090 141405 net.cpp:210] Setting up relu1
I1109 01:45:06.051492 141405 net.cpp:217] Top shape: 32 96 55 55 (9292800)
I1109 01:45:06.051827 141405 net.cpp:225] Memory required for data: 94129664
I1109 01:45:06.052026 141405 layer_factory.hpp:114] Creating layer norm1
I1109 01:45:06.162981 141405 net.cpp:160] Creating Layer norm1
I1109 01:45:06.163287 141405 net.cpp:596] norm1 <- conv1
I1109 01:45:06.165817 141405 net.cpp:570] norm1 -> norm1
I1109 01:45:06.387711 141405 net.cpp:210] Setting up norm1
I1109 01:45:06.400598 141405 net.cpp:217] Top shape: 32 96 55 55 (9292800)
I1109 01:45:06.401011 141405 net.cpp:225] Memory required for data: 131300864
I1109 01:45:06.401305 141405 layer_factory.hpp:114] Creating layer pool1
I1109 01:45:06.498571 141405 net.cpp:160] Creating Layer pool1
I1109 01:45:06.498893 141405 net.cpp:596] pool1 <- norm1
I1109 01:45:06.514186 141405 net.cpp:570] pool1 -> pool1
I1109 01:45:06.818172 141405 net.cpp:210] Setting up pool1
I1109 01:45:06.820652 141405 net.cpp:217] Top shape: 32 96 27 27 (2239488)
I1109 01:45:06.821022 141405 net.cpp:225] Memory required for data: 140258816
I1109 01:45:06.821228 141405 layer_factory.hpp:114] Creating layer conv2
I1109 01:45:06.821614 141405 net.cpp:160] Creating Layer conv2
I1109 01:45:06.821838 141405 net.cpp:596] conv2 <- pool1
I1109 01:45:06.822100 141405 net.cpp:570] conv2 -> conv2
I1109 01:45:12.589051 141405 net.cpp:210] Setting up conv2
I1109 01:45:12.589395 141405 net.cpp:217] Top shape: 32 256 27 27 (5971968)
I1109 01:45:12.589766 141405 net.cpp:225] Memory required for data: 164146688
I1109 01:45:12.640430 141405 layer_factory.hpp:114] Creating layer relu2
I1109 01:45:12.640911 141405 net.cpp:160] Creating Layer relu2
I1109 01:45:12.641222 141405 net.cpp:596] relu2 <- conv2
I1109 01:45:12.641490 141405 net.cpp:557] relu2 -> conv2 (in-place)
I1109 01:45:12.641963 141405 net.cpp:210] Setting up relu2
I1109 01:45:12.642237 141405 net.cpp:217] Top shape: 32 256 27 27 (5971968)
I1109 01:45:12.642473 141405 net.cpp:225] Memory required for data: 188034560
I1109 01:45:12.642668 141405 layer_factory.hpp:114] Creating layer norm2
I1109 01:45:12.642920 141405 net.cpp:160] Creating Layer norm2
I1109 01:45:12.643120 141405 net.cpp:596] norm2 <- conv2
I1109 01:45:12.643362 141405 net.cpp:570] norm2 -> norm2
I1109 01:45:12.645483 141405 net.cpp:210] Setting up norm2
I1109 01:45:12.645793 141405 net.cpp:217] Top shape: 32 256 27 27 (5971968)
I1109 01:45:12.646023 141405 net.cpp:225] Memory required for data: 211922432
I1109 01:45:12.646208 141405 layer_factory.hpp:114] Creating layer pool2
I1109 01:45:12.647011 141405 net.cpp:160] Creating Layer pool2
I1109 01:45:12.647294 141405 net.cpp:596] pool2 <- norm2
I1109 01:45:12.647529 141405 net.cpp:570] pool2 -> pool2
I1109 01:45:12.647953 141405 net.cpp:210] Setting up pool2
I1109 01:45:12.648262 141405 net.cpp:217] Top shape: 32 256 13 13 (1384448)
I1109 01:45:12.648608 141405 net.cpp:225] Memory required for data: 217460224
I1109 01:45:12.648908 141405 layer_factory.hpp:114] Creating layer conv3
I1109 01:45:12.649245 141405 net.cpp:160] Creating Layer conv3
I1109 01:45:12.649456 141405 net.cpp:596] conv3 <- pool2
I1109 01:45:12.649695 141405 net.cpp:570] conv3 -> conv3
I1109 01:45:13.154336 141405 net.cpp:210] Setting up conv3
I1109 01:45:13.156733 141405 net.cpp:217] Top shape: 32 384 13 13 (2076672)
I1109 01:45:13.157135 141405 net.cpp:225] Memory required for data: 225766912
I1109 01:45:13.160133 141405 layer_factory.hpp:114] Creating layer relu3
I1109 01:45:13.160534 141405 net.cpp:160] Creating Layer relu3
I1109 01:45:13.160825 141405 net.cpp:596] relu3 <- conv3
I1109 01:45:13.161134 141405 net.cpp:557] relu3 -> conv3 (in-place)
I1109 01:45:13.165261 141405 net.cpp:210] Setting up relu3
I1109 01:45:13.165573 141405 net.cpp:217] Top shape: 32 384 13 13 (2076672)
I1109 01:45:13.165819 141405 net.cpp:225] Memory required for data: 234073600
I1109 01:45:13.166012 141405 layer_factory.hpp:114] Creating layer conv4
I1109 01:45:13.166368 141405 net.cpp:160] Creating Layer conv4
I1109 01:45:13.166616 141405 net.cpp:596] conv4 <- conv3
I1109 01:45:13.166862 141405 net.cpp:570] conv4 -> conv4
I1109 01:45:13.407212 141405 net.cpp:210] Setting up conv4
I1109 01:45:13.407594 141405 net.cpp:217] Top shape: 32 384 13 13 (2076672)
I1109 01:45:13.407984 141405 net.cpp:225] Memory required for data: 242380288
I1109 01:45:13.408311 141405 layer_factory.hpp:114] Creating layer relu4
I1109 01:45:13.408592 141405 net.cpp:160] Creating Layer relu4
I1109 01:45:13.408849 141405 net.cpp:596] relu4 <- conv4
I1109 01:45:13.409098 141405 net.cpp:557] relu4 -> conv4 (in-place)
I1109 01:45:13.421315 141405 net.cpp:210] Setting up relu4
I1109 01:45:13.421663 141405 net.cpp:217] Top shape: 32 384 13 13 (2076672)
I1109 01:45:13.422036 141405 net.cpp:225] Memory required for data: 250686976
I1109 01:45:13.422274 141405 layer_factory.hpp:114] Creating layer conv5
I1109 01:45:13.422631 141405 net.cpp:160] Creating Layer conv5
I1109 01:45:13.422864 141405 net.cpp:596] conv5 <- conv4
I1109 01:45:13.423105 141405 net.cpp:570] conv5 -> conv5
I1109 01:45:13.591648 141405 net.cpp:210] Setting up conv5
I1109 01:45:13.592036 141405 net.cpp:217] Top shape: 32 256 13 13 (1384448)
I1109 01:45:13.592444 141405 net.cpp:225] Memory required for data: 256224768
I1109 01:45:13.597192 141405 layer_factory.hpp:114] Creating layer relu5
I1109 01:45:13.597594 141405 net.cpp:160] Creating Layer relu5
I1109 01:45:13.597838 141405 net.cpp:596] relu5 <- conv5
I1109 01:45:13.598098 141405 net.cpp:557] relu5 -> conv5 (in-place)
I1109 01:45:13.598592 141405 net.cpp:210] Setting up relu5
I1109 01:45:13.598898 141405 net.cpp:217] Top shape: 32 256 13 13 (1384448)
I1109 01:45:13.599205 141405 net.cpp:225] Memory required for data: 261762560
I1109 01:45:13.599441 141405 layer_factory.hpp:114] Creating layer pool5
I1109 01:45:13.599699 141405 net.cpp:160] Creating Layer pool5
I1109 01:45:13.599907 141405 net.cpp:596] pool5 <- conv5
I1109 01:45:13.600126 141405 net.cpp:570] pool5 -> pool5
I1109 01:45:13.600509 141405 net.cpp:210] Setting up pool5
I1109 01:45:13.600754 141405 net.cpp:217] Top shape: 32 256 6 6 (294912)
I1109 01:45:13.601038 141405 net.cpp:225] Memory required for data: 262942208
I1109 01:45:13.601227 141405 layer_factory.hpp:114] Creating layer fc6
I1109 01:45:13.655690 141405 net.cpp:160] Creating Layer fc6
I1109 01:45:13.655997 141405 net.cpp:596] fc6 <- pool5
I1109 01:45:13.656386 141405 net.cpp:570] fc6 -> fc6
I1109 01:45:17.746808 141405 net.cpp:210] Setting up fc6
I1109 01:45:17.747112 141405 net.cpp:217] Top shape: 32 4096 (131072)
I1109 01:45:17.749177 141405 net.cpp:225] Memory required for data: 263466496
I1109 01:45:17.749481 141405 layer_factory.hpp:114] Creating layer relu6
I1109 01:45:17.751945 141405 net.cpp:160] Creating Layer relu6
I1109 01:45:17.752239 141405 net.cpp:596] relu6 <- fc6
I1109 01:45:17.752465 141405 net.cpp:557] relu6 -> fc6 (in-place)
I1109 01:45:17.752923 141405 net.cpp:210] Setting up relu6
I1109 01:45:17.753191 141405 net.cpp:217] Top shape: 32 4096 (131072)
I1109 01:45:17.753412 141405 net.cpp:225] Memory required for data: 263990784
I1109 01:45:17.753594 141405 layer_factory.hpp:114] Creating layer drop6
I1109 01:45:17.773461 141405 net.cpp:160] Creating Layer drop6
I1109 01:45:17.773764 141405 net.cpp:596] drop6 <- fc6
I1109 01:45:17.774127 141405 net.cpp:557] drop6 -> fc6 (in-place)
I1109 01:45:17.879071 141405 net.cpp:210] Setting up drop6
I1109 01:45:17.879370 141405 net.cpp:217] Top shape: 32 4096 (131072)
I1109 01:45:17.879729 141405 net.cpp:225] Memory required for data: 264515072
I1109 01:45:17.879935 141405 layer_factory.hpp:114] Creating layer fc7
I1109 01:45:17.880197 141405 net.cpp:160] Creating Layer fc7
I1109 01:45:17.880395 141405 net.cpp:596] fc7 <- fc6
I1109 01:45:17.880903 141405 net.cpp:570] fc7 -> fc7
I1109 01:45:19.594070 141405 net.cpp:210] Setting up fc7
I1109 01:45:19.594424 141405 net.cpp:217] Top shape: 32 4096 (131072)
I1109 01:45:19.594830 141405 net.cpp:225] Memory required for data: 265039360
I1109 01:45:19.595180 141405 layer_factory.hpp:114] Creating layer relu7
I1109 01:45:19.595490 141405 net.cpp:160] Creating Layer relu7
I1109 01:45:19.595726 141405 net.cpp:596] relu7 <- fc7
I1109 01:45:19.595968 141405 net.cpp:557] relu7 -> fc7 (in-place)
I1109 01:45:19.596396 141405 net.cpp:210] Setting up relu7
I1109 01:45:19.596683 141405 net.cpp:217] Top shape: 32 4096 (131072)
I1109 01:45:19.596976 141405 net.cpp:225] Memory required for data: 265563648
I1109 01:45:19.597172 141405 layer_factory.hpp:114] Creating layer drop7
I1109 01:45:19.597431 141405 net.cpp:160] Creating Layer drop7
I1109 01:45:19.597645 141405 net.cpp:596] drop7 <- fc7
I1109 01:45:19.597899 141405 net.cpp:557] drop7 -> fc7 (in-place)
I1109 01:45:19.598177 141405 net.cpp:210] Setting up drop7
I1109 01:45:19.598462 141405 net.cpp:217] Top shape: 32 4096 (131072)
I1109 01:45:19.598671 141405 net.cpp:225] Memory required for data: 266087936
I1109 01:45:19.598852 141405 layer_factory.hpp:114] Creating layer fc8
I1109 01:45:19.599098 141405 net.cpp:160] Creating Layer fc8
I1109 01:45:19.599293 141405 net.cpp:596] fc8 <- fc7
I1109 01:45:19.599517 141405 net.cpp:570] fc8 -> fc8
I1109 01:45:20.023433 141405 net.cpp:210] Setting up fc8
I1109 01:45:20.023787 141405 net.cpp:217] Top shape: 32 1000 (32000)
I1109 01:45:20.024183 141405 net.cpp:225] Memory required for data: 266215936
I1109 01:45:20.024520 141405 layer_factory.hpp:114] Creating layer loss
I1109 01:45:20.049679 141405 net.cpp:160] Creating Layer loss
I1109 01:45:20.050000 141405 net.cpp:596] loss <- fc8
I1109 01:45:20.050896 141405 net.cpp:596] loss <- label
I1109 01:45:20.078897 141405 net.cpp:570] loss -> loss
I1109 01:45:20.117446 141405 layer_factory.hpp:114] Creating layer loss
I1109 01:45:22.702150 141405 net.cpp:210] Setting up loss
I1109 01:45:22.760234 141405 net.cpp:217] Top shape: (1)
I1109 01:45:22.771947 141405 net.cpp:220]     with loss weight 1
I1109 01:45:22.907855 141405 net.cpp:225] Memory required for data: 266215940
I1109 01:45:22.949268 141405 net.cpp:287] loss needs backward computation.
I1109 01:45:23.036749 141405 net.cpp:287] fc8 needs backward computation.
I1109 01:45:23.043997 141405 net.cpp:287] drop7 needs backward computation.
I1109 01:45:23.055078 141405 net.cpp:287] relu7 needs backward computation.
I1109 01:45:23.055397 141405 net.cpp:287] fc7 needs backward computation.
I1109 01:45:23.057934 141405 net.cpp:287] drop6 needs backward computation.
I1109 01:45:23.058264 141405 net.cpp:287] relu6 needs backward computation.
I1109 01:45:23.058579 141405 net.cpp:287] fc6 needs backward computation.
I1109 01:45:23.059427 141405 net.cpp:287] pool5 needs backward computation.
I1109 01:45:23.060164 141405 net.cpp:287] relu5 needs backward computation.
I1109 01:45:23.060428 141405 net.cpp:287] conv5 needs backward computation.
I1109 01:45:23.060618 141405 net.cpp:287] relu4 needs backward computation.
I1109 01:45:23.060843 141405 net.cpp:287] conv4 needs backward computation.
I1109 01:45:23.061069 141405 net.cpp:287] relu3 needs backward computation.
I1109 01:45:23.061264 141405 net.cpp:287] conv3 needs backward computation.
I1109 01:45:23.073850 141405 net.cpp:287] pool2 needs backward computation.
I1109 01:45:23.074237 141405 net.cpp:287] norm2 needs backward computation.
I1109 01:45:23.074509 141405 net.cpp:287] relu2 needs backward computation.
I1109 01:45:23.074743 141405 net.cpp:287] conv2 needs backward computation.
I1109 01:45:23.074931 141405 net.cpp:287] pool1 needs backward computation.
I1109 01:45:23.075114 141405 net.cpp:287] norm1 needs backward computation.
I1109 01:45:23.075294 141405 net.cpp:287] relu1 needs backward computation.
I1109 01:45:23.075470 141405 net.cpp:287] conv1 needs backward computation.
I1109 01:45:23.087931 141405 net.cpp:289] data does not need backward computation.
I1109 01:45:23.113111 141405 net.cpp:331] This network produces output loss
I1109 01:45:23.183388 141405 net.cpp:345] Network initialization done.
I1109 01:45:23.351019 141405 caffe.cpp:452] Performing Forward
I1109 01:45:36.595263 141405 caffe.cpp:457] Initial loss: 6.83485
I1109 01:45:36.646847 141405 caffe.cpp:459] Performing Backward
I1109 01:45:41.692306 141405 caffe.cpp:468] *** Benchmark begins ***
I1109 01:45:41.703820 141405 caffe.cpp:469] Testing for 1 iterations.
I1109 01:45:41.847724 141405 caffe.cpp:485] Profiling Layer: norm1 backward
I1109 01:45:44.114727 141405 caffe.cpp:512] Iteration: 1 forward-backward time: 2266 ms.
I1109 01:45:44.275061 141405 caffe.cpp:519] Average time per layer: 
I1109 01:45:44.292531 141405 caffe.cpp:522]       data	forward: 546.305 ms.
I1109 01:45:44.368144 141405 caffe.cpp:526]       data	backward: 5.486 ms.
I1109 01:45:44.391347 141405 caffe.cpp:522]      conv1	forward: 111.377 ms.
I1109 01:45:44.396014 141405 caffe.cpp:526]      conv1	backward: 44.679 ms.
I1109 01:45:44.398233 141405 caffe.cpp:522]      relu1	forward: 1.309 ms.
I1109 01:45:44.398473 141405 caffe.cpp:526]      relu1	backward: 21.01 ms.
I1109 01:45:44.399152 141405 caffe.cpp:522]      norm1	forward: 7.005 ms.
I1109 01:45:44.399380 141405 caffe.cpp:526]      norm1	backward: 29.874 ms.
I1109 01:45:44.399694 141405 caffe.cpp:522]      pool1	forward: 3.611 ms.
I1109 01:45:44.400012 141405 caffe.cpp:526]      pool1	backward: 88.498 ms.
I1109 01:45:44.400753 141405 caffe.cpp:522]      conv2	forward: 40.56 ms.
I1109 01:45:44.401026 141405 caffe.cpp:526]      conv2	backward: 82.871 ms.
I1109 01:45:44.401221 141405 caffe.cpp:522]      relu2	forward: 0.516 ms.
I1109 01:45:44.401430 141405 caffe.cpp:526]      relu2	backward: 17.859 ms.
I1109 01:45:44.401623 141405 caffe.cpp:522]      norm2	forward: 3.336 ms.
I1109 01:45:44.401809 141405 caffe.cpp:526]      norm2	backward: 21.637 ms.
I1109 01:45:44.402000 141405 caffe.cpp:522]      pool2	forward: 1.174 ms.
I1109 01:45:44.402187 141405 caffe.cpp:526]      pool2	backward: 73.196 ms.
I1109 01:45:44.402379 141405 caffe.cpp:522]      conv3	forward: 9.915 ms.
I1109 01:45:44.403239 141405 caffe.cpp:526]      conv3	backward: 86.191 ms.
I1109 01:45:44.403544 141405 caffe.cpp:522]      relu3	forward: 0.29 ms.
I1109 01:45:44.403740 141405 caffe.cpp:526]      relu3	backward: 34.374 ms.
I1109 01:45:44.403934 141405 caffe.cpp:522]      conv4	forward: 7.517 ms.
I1109 01:45:44.404121 141405 caffe.cpp:526]      conv4	backward: 73.989 ms.
I1109 01:45:44.404314 141405 caffe.cpp:522]      relu4	forward: 0.252 ms.
I1109 01:45:44.404502 141405 caffe.cpp:526]      relu4	backward: 37.249 ms.
I1109 01:45:44.404695 141405 caffe.cpp:522]      conv5	forward: 5.244 ms.
I1109 01:45:44.404959 141405 caffe.cpp:526]      conv5	backward: 58.03 ms.
I1109 01:45:44.405164 141405 caffe.cpp:522]      relu5	forward: 0.194 ms.
I1109 01:45:44.405365 141405 caffe.cpp:526]      relu5	backward: 15.771 ms.
I1109 01:45:44.405570 141405 caffe.cpp:522]      pool5	forward: 0.306 ms.
I1109 01:45:44.405796 141405 caffe.cpp:526]      pool5	backward: 57.405 ms.
I1109 01:45:44.405987 141405 caffe.cpp:522]        fc6	forward: 25.233 ms.
I1109 01:45:44.406213 141405 caffe.cpp:526]        fc6	backward: 123.537 ms.
I1109 01:45:44.406422 141405 caffe.cpp:522]      relu6	forward: 16.726 ms.
I1109 01:45:44.406673 141405 caffe.cpp:526]      relu6	backward: 15.026 ms.
I1109 01:45:44.406914 141405 caffe.cpp:522]      drop6	forward: 26.115 ms.
I1109 01:45:44.407109 141405 caffe.cpp:526]      drop6	backward: 22.307 ms.
I1109 01:45:44.407300 141405 caffe.cpp:522]        fc7	forward: 18.739 ms.
I1109 01:45:44.407492 141405 caffe.cpp:526]        fc7	backward: 106.505 ms.
I1109 01:45:44.407685 141405 caffe.cpp:522]      relu7	forward: 13.348 ms.
I1109 01:45:44.407876 141405 caffe.cpp:526]      relu7	backward: 17.714 ms.
I1109 01:45:44.408068 141405 caffe.cpp:522]      drop7	forward: 31.538 ms.
I1109 01:45:44.408259 141405 caffe.cpp:526]      drop7	backward: 21.78 ms.
I1109 01:45:44.408452 141405 caffe.cpp:522]        fc8	forward: 17.316 ms.
I1109 01:45:44.408643 141405 caffe.cpp:526]        fc8	backward: 113.24 ms.
I1109 01:45:44.408867 141405 caffe.cpp:522]       loss	forward: 52.876 ms.
I1109 01:45:44.409060 141405 caffe.cpp:526]       loss	backward: 61.371 ms.
I1109 01:45:44.414592 141405 caffe.cpp:532] Average Forward pass: 997.077 ms.
I1109 01:45:44.427537 141405 caffe.cpp:535] Average Backward pass: 1238.65 ms.
I1109 01:45:44.438400 141405 caffe.cpp:537] Average Forward-Backward: 2667 ms.
I1109 01:45:44.453342 141405 caffe.cpp:540] Total Time: 2667 ms.
I1109 01:45:44.465584 141405 caffe.cpp:541] *** Benchmark ends ***
Search stanza is "EMIT_GLOBAL_DYNAMIC_STATS"
elements_fp_single_1 = 0
elements_fp_single_4 = 0
elements_fp_single_8 = 0
elements_fp_single_16 = 5808032
elements_fp_double_1 = 0
elements_fp_double_2 = 0
elements_fp_double_4 = 0
elements_fp_double_8 = 0
--->Total single-precision FLOPs = 92928512
--->Total double-precision FLOPs = 0
--->Total FLOPs = 92928512
mem-read-1 = 23402
mem-read-2 = 34
mem-read-4 = 1668554
mem-read-8 = 560829
mem-read-16 = 0
mem-read-32 = 1
mem-read-64 = 6388804
mem-write-1 = 50
mem-write-2 = 17
mem-write-4 = 495465
mem-write-8 = 29194
mem-write-16 = 0
mem-write-32 = 1
mem-write-64 = 1742401
--->Total Bytes read = 420067806
--->Total Bytes written = 113729192
--->Total Bytes = 533796998
