sde64 -knl -d -iform 1 -omix sde_knl/knl_sde_layer10_dir0.out.mix -global_region -start_ssc_mark 111:repeat -stop_ssc_mark 222:repeat -- /project/projectdirs/mpccc/tmalas/intelcaffe/install_carl/bin/caffe time -model=src/models/mkl2017_alexnet/train_val.prototxt -iterations=1 -prof_layer=10 -prof_forward_direction=0
I1109 02:25:27.059479 142393 caffe.cpp:444] Use CPU.
I1109 02:25:44.073959 142393 cpu_info.cpp:452] Processor speed [MHz]: 1400
I1109 02:25:44.130607 142393 cpu_info.cpp:455] Total number of sockets: 1
I1109 02:25:44.143213 142393 cpu_info.cpp:458] Total number of CPU cores: 68
I1109 02:25:44.156352 142393 cpu_info.cpp:461] Total number of processors: 272
I1109 02:25:44.168056 142393 cpu_info.cpp:464] GPU is used: no
I1109 02:25:44.177536 142393 cpu_info.cpp:467] OpenMP environmental variables are specified: yes
I1109 02:25:44.186555 142393 cpu_info.cpp:470] OpenMP thread bind allowed: no
I1109 02:25:44.197734 142393 cpu_info.cpp:473] Number of OpenMP threads: 16
I1109 02:25:53.043496 142393 net.cpp:484] The NetState phase (0) differed from the phase (1) specified by a rule in layer data
I1109 02:25:53.076721 142393 net.cpp:484] The NetState phase (0) differed from the phase (1) specified by a rule in layer accuracy
I1109 02:25:53.715101 142393 net.cpp:120] Initializing net from parameters: 
name: "AlexNet"
state {
  phase: TRAIN
  level: 0
  stage: ""
}
layer {
  name: "data"
  type: "DummyData"
  top: "data"
  top: "label"
  include {
    phase: TRAIN
  }
  dummy_data_param {
    data_filler {
      type: "gaussian"
      std: 1
    }
    data_filler {
      type: "constant"
      value: 0
    }
    shape {
      dim: 32
      dim: 3
      dim: 227
      dim: 227
    }
    shape {
      dim: 32
      dim: 1
      dim: 1
      dim: 1
    }
  }
}
layer {
  name: "conv1"
  type: "Convolution"
  bottom: "data"
  top: "conv1"
  param {
    lr_mult: 1
    decay_mult: 1
  }
  param {
    lr_mult: 2
    decay_mult: 0
  }
  convolution_param {
    num_output: 96
    kernel_size: 11
    stride: 4
    weight_filler {
      type: "gaussian"
      std: 0.01
    }
    bias_filler {
      type: "constant"
      value: 0
    }
    engine: MKL2017
  }
}
layer {
  name: "relu1"
  type: "ReLU"
  bottom: "conv1"
  top: "conv1"
  relu_param {
    engine: MKL2017
  }
}
layer {
  name: "norm1"
  type: "LRN"
  bottom: "conv1"
  top: "norm1"
  lrn_param {
    local_size: 5
    alpha: 0.0001
    beta: 0.75
    engine: MKL2017
  }
}
layer {
  name: "pool1"
  type: "Pooling"
  bottom: "norm1"
  top: "pool1"
  pooling_param {
    pool: MAX
    kernel_size: 3
    stride: 2
    engine: MKL2017
  }
}
layer {
  name: "conv2"
  type: "Convolution"
  bottom: "pool1"
  top: "conv2"
  param {
    lr_mult: 1
    decay_mult: 1
  }
  param {
    lr_mult: 2
    decay_mult: 0
  }
  convolution_param {
    num_output: 256
    pad: 2
    kernel_size: 5
    group: 2
    weight_filler {
      type: "gaussian"
      std: 0.01
    }
    bias_filler {
      type: "constant"
      value: 0.1
    }
    engine: MKL2017
  }
}
layer {
  name: "relu2"
  type: "ReLU"
  bottom: "conv2"
  top: "conv2"
  relu_param {
    engine: MKL2017
  }
}
layer {
  name: "norm2"
  type: "LRN"
  bottom: "conv2"
  top: "norm2"
  lrn_param {
    local_size: 5
    alpha: 0.0001
    beta: 0.75
    engine: MKL2017
  }
}
layer {
  name: "pool2"
  type: "Pooling"
  bottom: "norm2"
  top: "pool2"
  pooling_param {
    pool: MAX
    kernel_size: 3
    stride: 2
    engine: MKL2017
  }
}
layer {
  name: "conv3"
  type: "Convolution"
  bottom: "pool2"
  top: "conv3"
  param {
    lr_mult: 1
    decay_mult: 1
  }
  param {
    lr_mult: 2
    decay_mult: 0
  }
  convolution_param {
    num_output: 384
    pad: 1
    kernel_size: 3
    weight_filler {
      type: "gaussian"
      std: 0.01
    }
    bias_filler {
      type: "constant"
      value: 0
    }
    engine: MKL2017
  }
}
layer {
  name: "relu3"
  type: "ReLU"
  bottom: "conv3"
  top: "conv3"
  relu_param {
    engine: MKL2017
  }
}
layer {
  name: "conv4"
  type: "Convolution"
  bottom: "conv3"
  top: "conv4"
  param {
    lr_mult: 1
    decay_mult: 1
  }
  param {
    lr_mult: 2
    decay_mult: 0
  }
  convolution_param {
    num_output: 384
    pad: 1
    kernel_size: 3
    group: 2
    weight_filler {
      type: "gaussian"
      std: 0.01
    }
    bias_filler {
      type: "constant"
      value: 0.1
    }
    engine: MKL2017
  }
}
layer {
  name: "relu4"
  type: "ReLU"
  bottom: "conv4"
  top: "conv4"
  relu_param {
    engine: MKL2017
  }
}
layer {
  name: "conv5"
  type: "Convolution"
  bottom: "conv4"
  top: "conv5"
  param {
    lr_mult: 1
    decay_mult: 1
  }
  param {
    lr_mult: 2
    decay_mult: 0
  }
  convolution_param {
    num_output: 256
    pad: 1
    kernel_size: 3
    group: 2
    weight_filler {
      type: "gaussian"
      std: 0.01
    }
    bias_filler {
      type: "constant"
      value: 0.1
    }
    engine: MKL2017
  }
}
layer {
  name: "relu5"
  type: "ReLU"
  bottom: "conv5"
  top: "conv5"
  relu_param {
    engine: MKL2017
  }
}
layer {
  name: "pool5"
  type: "Pooling"
  bottom: "conv5"
  top: "pool5"
  pooling_param {
    pool: MAX
    kernel_size: 3
    stride: 2
    engine: MKL2017
  }
}
layer {
  name: "fc6"
  type: "InnerProduct"
  bottom: "pool5"
  top: "fc6"
  param {
    lr_mult: 1
    decay_mult: 1
  }
  param {
    lr_mult: 2
    decay_mult: 0
  }
  inner_product_param {
    num_output: 4096
    weight_filler {
      type: "gaussian"
      std: 0.005
    }
    bias_filler {
      type: "constant"
      value: 0.1
    }
  }
}
layer {
  name: "relu6"
  type: "ReLU"
  bottom: "fc6"
  top: "fc6"
}
layer {
  name: "drop6"
  type: "Dropout"
  bottom: "fc6"
  top: "fc6"
  dropout_param {
    dropout_ratio: 0.5
  }
}
layer {
  name: "fc7"
  type: "InnerProduct"
  bottom: "fc6"
  top: "fc7"
  param {
    lr_mult: 1
    decay_mult: 1
  }
  param {
    lr_mult: 2
    decay_mult: 0
  }
  inner_product_param {
    num_output: 4096
    weight_filler {
      type: "gaussian"
      std: 0.005
    }
    bias_filler {
      type: "constant"
      value: 0.1
    }
  }
}
layer {
  name: "relu7"
  type: "ReLU"
  bottom: "fc7"
  top: "fc7"
}
layer {
  name: "drop7"
  type: "Dropout"
  bottom: "fc7"
  top: "fc7"
  dropout_param {
    dropout_ratio: 0.5
  }
}
layer {
  name: "fc8"
  type: "InnerProduct"
  bottom: "fc7"
  top: "fc8"
  param {
    lr_mult: 1
    decay_mult: 1
  }
  param {
    lr_mult: 2
    decay_mult: 0
  }
  inner_product_param {
    num_output: 1000
    weight_filler {
      type: "gaussian"
      std: 0.01
    }
    bias_filler {
      type: "constant"
      value: 0
    }
  }
}
layer {
  name: "loss"
  type: "SoftmaxWithLoss"
  bottom: "fc8"
  bottom: "label"
  top: "loss"
}
I1109 02:25:56.161857 142393 layer_factory.hpp:114] Creating layer data
I1109 02:25:56.314004 142393 net.cpp:160] Creating Layer data
I1109 02:25:56.362170 142393 net.cpp:570] data -> data
I1109 02:25:56.830744 142393 net.cpp:570] data -> label
I1109 02:26:03.899111 142393 net.cpp:210] Setting up data
I1109 02:26:03.978605 142393 net.cpp:217] Top shape: 32 3 227 227 (4946784)
I1109 02:26:04.082988 142393 net.cpp:217] Top shape: 32 1 1 1 (32)
I1109 02:26:04.090312 142393 net.cpp:225] Memory required for data: 19787264
I1109 02:26:04.158175 142393 layer_factory.hpp:114] Creating layer conv1
I1109 02:26:04.485739 142393 net.cpp:160] Creating Layer conv1
I1109 02:26:04.535751 142393 net.cpp:596] conv1 <- data
I1109 02:26:04.655040 142393 net.cpp:570] conv1 -> conv1
I1109 02:26:37.474081 142393 net.cpp:210] Setting up conv1
I1109 02:26:37.481066 142393 net.cpp:217] Top shape: 32 96 55 55 (9292800)
I1109 02:26:37.481436 142393 net.cpp:225] Memory required for data: 56958464
I1109 02:26:37.764843 142393 layer_factory.hpp:114] Creating layer relu1
I1109 02:26:37.884732 142393 net.cpp:160] Creating Layer relu1
I1109 02:26:37.890225 142393 net.cpp:596] relu1 <- conv1
I1109 02:26:37.922770 142393 net.cpp:557] relu1 -> conv1 (in-place)
I1109 02:26:38.111568 142393 net.cpp:210] Setting up relu1
I1109 02:26:38.114002 142393 net.cpp:217] Top shape: 32 96 55 55 (9292800)
I1109 02:26:38.114349 142393 net.cpp:225] Memory required for data: 94129664
I1109 02:26:38.114553 142393 layer_factory.hpp:114] Creating layer norm1
I1109 02:26:38.221372 142393 net.cpp:160] Creating Layer norm1
I1109 02:26:38.221690 142393 net.cpp:596] norm1 <- conv1
I1109 02:26:38.224191 142393 net.cpp:570] norm1 -> norm1
I1109 02:26:38.449558 142393 net.cpp:210] Setting up norm1
I1109 02:26:38.462800 142393 net.cpp:217] Top shape: 32 96 55 55 (9292800)
I1109 02:26:38.463199 142393 net.cpp:225] Memory required for data: 131300864
I1109 02:26:38.463533 142393 layer_factory.hpp:114] Creating layer pool1
I1109 02:26:38.557976 142393 net.cpp:160] Creating Layer pool1
I1109 02:26:38.558295 142393 net.cpp:596] pool1 <- norm1
I1109 02:26:38.573225 142393 net.cpp:570] pool1 -> pool1
I1109 02:26:38.872726 142393 net.cpp:210] Setting up pool1
I1109 02:26:38.875200 142393 net.cpp:217] Top shape: 32 96 27 27 (2239488)
I1109 02:26:38.875522 142393 net.cpp:225] Memory required for data: 140258816
I1109 02:26:38.875737 142393 layer_factory.hpp:114] Creating layer conv2
I1109 02:26:38.876135 142393 net.cpp:160] Creating Layer conv2
I1109 02:26:38.876363 142393 net.cpp:596] conv2 <- pool1
I1109 02:26:38.876664 142393 net.cpp:570] conv2 -> conv2
I1109 02:26:44.627799 142393 net.cpp:210] Setting up conv2
I1109 02:26:44.628144 142393 net.cpp:217] Top shape: 32 256 27 27 (5971968)
I1109 02:26:44.628556 142393 net.cpp:225] Memory required for data: 164146688
I1109 02:26:44.678817 142393 layer_factory.hpp:114] Creating layer relu2
I1109 02:26:44.679237 142393 net.cpp:160] Creating Layer relu2
I1109 02:26:44.679597 142393 net.cpp:596] relu2 <- conv2
I1109 02:26:44.679850 142393 net.cpp:557] relu2 -> conv2 (in-place)
I1109 02:26:44.680291 142393 net.cpp:210] Setting up relu2
I1109 02:26:44.680557 142393 net.cpp:217] Top shape: 32 256 27 27 (5971968)
I1109 02:26:44.680830 142393 net.cpp:225] Memory required for data: 188034560
I1109 02:26:44.681035 142393 layer_factory.hpp:114] Creating layer norm2
I1109 02:26:44.681278 142393 net.cpp:160] Creating Layer norm2
I1109 02:26:44.681475 142393 net.cpp:596] norm2 <- conv2
I1109 02:26:44.681700 142393 net.cpp:570] norm2 -> norm2
I1109 02:26:44.683796 142393 net.cpp:210] Setting up norm2
I1109 02:26:44.684105 142393 net.cpp:217] Top shape: 32 256 27 27 (5971968)
I1109 02:26:44.684337 142393 net.cpp:225] Memory required for data: 211922432
I1109 02:26:44.684525 142393 layer_factory.hpp:114] Creating layer pool2
I1109 02:26:44.685379 142393 net.cpp:160] Creating Layer pool2
I1109 02:26:44.685709 142393 net.cpp:596] pool2 <- norm2
I1109 02:26:44.686079 142393 net.cpp:570] pool2 -> pool2
I1109 02:26:44.686579 142393 net.cpp:210] Setting up pool2
I1109 02:26:44.686818 142393 net.cpp:217] Top shape: 32 256 13 13 (1384448)
I1109 02:26:44.687043 142393 net.cpp:225] Memory required for data: 217460224
I1109 02:26:44.687242 142393 layer_factory.hpp:114] Creating layer conv3
I1109 02:26:44.687571 142393 net.cpp:160] Creating Layer conv3
I1109 02:26:44.687785 142393 net.cpp:596] conv3 <- pool2
I1109 02:26:44.688022 142393 net.cpp:570] conv3 -> conv3
I1109 02:26:45.165637 142393 net.cpp:210] Setting up conv3
I1109 02:26:45.167990 142393 net.cpp:217] Top shape: 32 384 13 13 (2076672)
I1109 02:26:45.168344 142393 net.cpp:225] Memory required for data: 225766912
I1109 02:26:45.171488 142393 layer_factory.hpp:114] Creating layer relu3
I1109 02:26:45.171893 142393 net.cpp:160] Creating Layer relu3
I1109 02:26:45.172145 142393 net.cpp:596] relu3 <- conv3
I1109 02:26:45.172394 142393 net.cpp:557] relu3 -> conv3 (in-place)
I1109 02:26:45.176513 142393 net.cpp:210] Setting up relu3
I1109 02:26:45.176918 142393 net.cpp:217] Top shape: 32 384 13 13 (2076672)
I1109 02:26:45.177278 142393 net.cpp:225] Memory required for data: 234073600
I1109 02:26:45.177507 142393 layer_factory.hpp:114] Creating layer conv4
I1109 02:26:45.177896 142393 net.cpp:160] Creating Layer conv4
I1109 02:26:45.178166 142393 net.cpp:596] conv4 <- conv3
I1109 02:26:45.178431 142393 net.cpp:570] conv4 -> conv4
I1109 02:26:45.419347 142393 net.cpp:210] Setting up conv4
I1109 02:26:45.419734 142393 net.cpp:217] Top shape: 32 384 13 13 (2076672)
I1109 02:26:45.420130 142393 net.cpp:225] Memory required for data: 242380288
I1109 02:26:45.420469 142393 layer_factory.hpp:114] Creating layer relu4
I1109 02:26:45.420764 142393 net.cpp:160] Creating Layer relu4
I1109 02:26:45.421051 142393 net.cpp:596] relu4 <- conv4
I1109 02:26:45.421291 142393 net.cpp:557] relu4 -> conv4 (in-place)
I1109 02:26:45.433603 142393 net.cpp:210] Setting up relu4
I1109 02:26:45.433939 142393 net.cpp:217] Top shape: 32 384 13 13 (2076672)
I1109 02:26:45.434200 142393 net.cpp:225] Memory required for data: 250686976
I1109 02:26:45.434402 142393 layer_factory.hpp:114] Creating layer conv5
I1109 02:26:45.434782 142393 net.cpp:160] Creating Layer conv5
I1109 02:26:45.435031 142393 net.cpp:596] conv5 <- conv4
I1109 02:26:45.435302 142393 net.cpp:570] conv5 -> conv5
I1109 02:26:45.604077 142393 net.cpp:210] Setting up conv5
I1109 02:26:45.604466 142393 net.cpp:217] Top shape: 32 256 13 13 (1384448)
I1109 02:26:45.604919 142393 net.cpp:225] Memory required for data: 256224768
I1109 02:26:45.609688 142393 layer_factory.hpp:114] Creating layer relu5
I1109 02:26:45.610091 142393 net.cpp:160] Creating Layer relu5
I1109 02:26:45.610342 142393 net.cpp:596] relu5 <- conv5
I1109 02:26:45.610610 142393 net.cpp:557] relu5 -> conv5 (in-place)
I1109 02:26:45.611078 142393 net.cpp:210] Setting up relu5
I1109 02:26:45.611366 142393 net.cpp:217] Top shape: 32 256 13 13 (1384448)
I1109 02:26:45.611613 142393 net.cpp:225] Memory required for data: 261762560
I1109 02:26:45.611860 142393 layer_factory.hpp:114] Creating layer pool5
I1109 02:26:45.612141 142393 net.cpp:160] Creating Layer pool5
I1109 02:26:45.612370 142393 net.cpp:596] pool5 <- conv5
I1109 02:26:45.612658 142393 net.cpp:570] pool5 -> pool5
I1109 02:26:45.613157 142393 net.cpp:210] Setting up pool5
I1109 02:26:45.613425 142393 net.cpp:217] Top shape: 32 256 6 6 (294912)
I1109 02:26:45.613658 142393 net.cpp:225] Memory required for data: 262942208
I1109 02:26:45.613845 142393 layer_factory.hpp:114] Creating layer fc6
I1109 02:26:45.669688 142393 net.cpp:160] Creating Layer fc6
I1109 02:26:45.670006 142393 net.cpp:596] fc6 <- pool5
I1109 02:26:45.670408 142393 net.cpp:570] fc6 -> fc6
I1109 02:26:49.787952 142393 net.cpp:210] Setting up fc6
I1109 02:26:49.788259 142393 net.cpp:217] Top shape: 32 4096 (131072)
I1109 02:26:49.790382 142393 net.cpp:225] Memory required for data: 263466496
I1109 02:26:49.790729 142393 layer_factory.hpp:114] Creating layer relu6
I1109 02:26:49.793655 142393 net.cpp:160] Creating Layer relu6
I1109 02:26:49.793999 142393 net.cpp:596] relu6 <- fc6
I1109 02:26:49.794282 142393 net.cpp:557] relu6 -> fc6 (in-place)
I1109 02:26:49.794761 142393 net.cpp:210] Setting up relu6
I1109 02:26:49.795054 142393 net.cpp:217] Top shape: 32 4096 (131072)
I1109 02:26:49.795325 142393 net.cpp:225] Memory required for data: 263990784
I1109 02:26:49.795539 142393 layer_factory.hpp:114] Creating layer drop6
I1109 02:26:49.816767 142393 net.cpp:160] Creating Layer drop6
I1109 02:26:49.817157 142393 net.cpp:596] drop6 <- fc6
I1109 02:26:49.817561 142393 net.cpp:557] drop6 -> fc6 (in-place)
I1109 02:26:49.922716 142393 net.cpp:210] Setting up drop6
I1109 02:26:49.923017 142393 net.cpp:217] Top shape: 32 4096 (131072)
I1109 02:26:49.923357 142393 net.cpp:225] Memory required for data: 264515072
I1109 02:26:49.923607 142393 layer_factory.hpp:114] Creating layer fc7
I1109 02:26:49.923876 142393 net.cpp:160] Creating Layer fc7
I1109 02:26:49.924084 142393 net.cpp:596] fc7 <- fc6
I1109 02:26:49.924464 142393 net.cpp:570] fc7 -> fc7
I1109 02:26:51.636008 142393 net.cpp:210] Setting up fc7
I1109 02:26:51.636361 142393 net.cpp:217] Top shape: 32 4096 (131072)
I1109 02:26:51.636764 142393 net.cpp:225] Memory required for data: 265039360
I1109 02:26:51.637181 142393 layer_factory.hpp:114] Creating layer relu7
I1109 02:26:51.637502 142393 net.cpp:160] Creating Layer relu7
I1109 02:26:51.637739 142393 net.cpp:596] relu7 <- fc7
I1109 02:26:51.637986 142393 net.cpp:557] relu7 -> fc7 (in-place)
I1109 02:26:51.638432 142393 net.cpp:210] Setting up relu7
I1109 02:26:51.638706 142393 net.cpp:217] Top shape: 32 4096 (131072)
I1109 02:26:51.638947 142393 net.cpp:225] Memory required for data: 265563648
I1109 02:26:51.639140 142393 layer_factory.hpp:114] Creating layer drop7
I1109 02:26:51.639374 142393 net.cpp:160] Creating Layer drop7
I1109 02:26:51.639575 142393 net.cpp:596] drop7 <- fc7
I1109 02:26:51.639853 142393 net.cpp:557] drop7 -> fc7 (in-place)
I1109 02:26:51.640139 142393 net.cpp:210] Setting up drop7
I1109 02:26:51.640410 142393 net.cpp:217] Top shape: 32 4096 (131072)
I1109 02:26:51.640658 142393 net.cpp:225] Memory required for data: 266087936
I1109 02:26:51.640892 142393 layer_factory.hpp:114] Creating layer fc8
I1109 02:26:51.641154 142393 net.cpp:160] Creating Layer fc8
I1109 02:26:51.641350 142393 net.cpp:596] fc8 <- fc7
I1109 02:26:51.641576 142393 net.cpp:570] fc8 -> fc8
I1109 02:26:52.065295 142393 net.cpp:210] Setting up fc8
I1109 02:26:52.065647 142393 net.cpp:217] Top shape: 32 1000 (32000)
I1109 02:26:52.066052 142393 net.cpp:225] Memory required for data: 266215936
I1109 02:26:52.066443 142393 layer_factory.hpp:114] Creating layer loss
I1109 02:26:52.091040 142393 net.cpp:160] Creating Layer loss
I1109 02:26:52.091362 142393 net.cpp:596] loss <- fc8
I1109 02:26:52.092254 142393 net.cpp:596] loss <- label
I1109 02:26:52.119736 142393 net.cpp:570] loss -> loss
I1109 02:26:52.157479 142393 layer_factory.hpp:114] Creating layer loss
I1109 02:26:54.691558 142393 net.cpp:210] Setting up loss
I1109 02:26:54.741782 142393 net.cpp:217] Top shape: (1)
I1109 02:26:54.753937 142393 net.cpp:220]     with loss weight 1
I1109 02:26:54.892732 142393 net.cpp:225] Memory required for data: 266215940
I1109 02:26:54.934389 142393 net.cpp:287] loss needs backward computation.
I1109 02:26:55.020999 142393 net.cpp:287] fc8 needs backward computation.
I1109 02:26:55.028175 142393 net.cpp:287] drop7 needs backward computation.
I1109 02:26:55.039450 142393 net.cpp:287] relu7 needs backward computation.
I1109 02:26:55.039777 142393 net.cpp:287] fc7 needs backward computation.
I1109 02:26:55.042253 142393 net.cpp:287] drop6 needs backward computation.
I1109 02:26:55.042594 142393 net.cpp:287] relu6 needs backward computation.
I1109 02:26:55.042805 142393 net.cpp:287] fc6 needs backward computation.
I1109 02:26:55.043721 142393 net.cpp:287] pool5 needs backward computation.
I1109 02:26:55.044495 142393 net.cpp:287] relu5 needs backward computation.
I1109 02:26:55.044812 142393 net.cpp:287] conv5 needs backward computation.
I1109 02:26:55.045029 142393 net.cpp:287] relu4 needs backward computation.
I1109 02:26:55.045225 142393 net.cpp:287] conv4 needs backward computation.
I1109 02:26:55.045414 142393 net.cpp:287] relu3 needs backward computation.
I1109 02:26:55.045594 142393 net.cpp:287] conv3 needs backward computation.
I1109 02:26:55.057693 142393 net.cpp:287] pool2 needs backward computation.
I1109 02:26:55.058053 142393 net.cpp:287] norm2 needs backward computation.
I1109 02:26:55.058367 142393 net.cpp:287] relu2 needs backward computation.
I1109 02:26:55.058600 142393 net.cpp:287] conv2 needs backward computation.
I1109 02:26:55.058794 142393 net.cpp:287] pool1 needs backward computation.
I1109 02:26:55.058977 142393 net.cpp:287] norm1 needs backward computation.
I1109 02:26:55.059160 142393 net.cpp:287] relu1 needs backward computation.
I1109 02:26:55.059337 142393 net.cpp:287] conv1 needs backward computation.
I1109 02:26:55.071699 142393 net.cpp:289] data does not need backward computation.
I1109 02:26:55.096894 142393 net.cpp:331] This network produces output loss
I1109 02:26:55.169172 142393 net.cpp:345] Network initialization done.
I1109 02:26:55.337465 142393 caffe.cpp:452] Performing Forward
I1109 02:27:08.300894 142393 caffe.cpp:457] Initial loss: 6.96281
I1109 02:27:08.357228 142393 caffe.cpp:459] Performing Backward
I1109 02:27:13.138837 142393 caffe.cpp:468] *** Benchmark begins ***
I1109 02:27:13.151602 142393 caffe.cpp:469] Testing for 1 iterations.
I1109 02:27:13.297978 142393 caffe.cpp:485] Profiling Layer: relu3 backward
I1109 02:27:15.523892 142393 caffe.cpp:512] Iteration: 1 forward-backward time: 2223 ms.
I1109 02:27:15.681287 142393 caffe.cpp:519] Average time per layer: 
I1109 02:27:15.700673 142393 caffe.cpp:522]       data	forward: 552.254 ms.
I1109 02:27:15.772405 142393 caffe.cpp:526]       data	backward: 5.115 ms.
I1109 02:27:15.794178 142393 caffe.cpp:522]      conv1	forward: 137.175 ms.
I1109 02:27:15.797297 142393 caffe.cpp:526]      conv1	backward: 47.921 ms.
I1109 02:27:15.803732 142393 caffe.cpp:522]      relu1	forward: 13.966 ms.
I1109 02:27:15.813804 142393 caffe.cpp:526]      relu1	backward: 22.305 ms.
I1109 02:27:15.819862 142393 caffe.cpp:522]      norm1	forward: 21.153 ms.
I1109 02:27:15.825966 142393 caffe.cpp:526]      norm1	backward: 13.538 ms.
I1109 02:27:15.830348 142393 caffe.cpp:522]      pool1	forward: 25.25 ms.
I1109 02:27:15.836882 142393 caffe.cpp:526]      pool1	backward: 77.166 ms.
I1109 02:27:15.843839 142393 caffe.cpp:522]      conv2	forward: 62.634 ms.
I1109 02:27:15.849364 142393 caffe.cpp:526]      conv2	backward: 85.139 ms.
I1109 02:27:15.862200 142393 caffe.cpp:522]      relu2	forward: 18.224 ms.
I1109 02:27:15.869947 142393 caffe.cpp:526]      relu2	backward: 23.232 ms.
I1109 02:27:15.874927 142393 caffe.cpp:522]      norm2	forward: 12.689 ms.
I1109 02:27:15.876145 142393 caffe.cpp:526]      norm2	backward: 16.531 ms.
I1109 02:27:15.876354 142393 caffe.cpp:522]      pool2	forward: 14.893 ms.
I1109 02:27:15.876546 142393 caffe.cpp:526]      pool2	backward: 80.574 ms.
I1109 02:27:15.876821 142393 caffe.cpp:522]      conv3	forward: 32.155 ms.
I1109 02:27:15.877074 142393 caffe.cpp:526]      conv3	backward: 86.674 ms.
I1109 02:27:15.877400 142393 caffe.cpp:522]      relu3	forward: 13.214 ms.
I1109 02:27:15.877627 142393 caffe.cpp:526]      relu3	backward: 46.085 ms.
I1109 02:27:15.877820 142393 caffe.cpp:522]      conv4	forward: 30.659 ms.
I1109 02:27:15.878011 142393 caffe.cpp:526]      conv4	backward: 73.551 ms.
I1109 02:27:15.878203 142393 caffe.cpp:522]      relu4	forward: 10.11 ms.
I1109 02:27:15.880733 142393 caffe.cpp:526]      relu4	backward: 27.89 ms.
I1109 02:27:15.881029 142393 caffe.cpp:522]      conv5	forward: 28.248 ms.
I1109 02:27:15.881229 142393 caffe.cpp:526]      conv5	backward: 71.356 ms.
I1109 02:27:15.881427 142393 caffe.cpp:522]      relu5	forward: 13.417 ms.
I1109 02:27:15.881619 142393 caffe.cpp:526]      relu5	backward: 18.063 ms.
I1109 02:27:15.881809 142393 caffe.cpp:522]      pool5	forward: 10.366 ms.
I1109 02:27:15.881999 142393 caffe.cpp:526]      pool5	backward: 59.804 ms.
I1109 02:27:15.882189 142393 caffe.cpp:522]        fc6	forward: 47.185 ms.
I1109 02:27:15.882378 142393 caffe.cpp:526]        fc6	backward: 29.895 ms.
I1109 02:27:15.882567 142393 caffe.cpp:522]      relu6	forward: 15.674 ms.
I1109 02:27:15.882756 142393 caffe.cpp:526]      relu6	backward: 0.087 ms.
I1109 02:27:15.885447 142393 caffe.cpp:522]      drop6	forward: 33.083 ms.
I1109 02:27:15.885699 142393 caffe.cpp:526]      drop6	backward: 0.088 ms.
I1109 02:27:15.885895 142393 caffe.cpp:522]        fc7	forward: 14.235 ms.
I1109 02:27:15.886090 142393 caffe.cpp:526]        fc7	backward: 21.586 ms.
I1109 02:27:15.886283 142393 caffe.cpp:522]      relu7	forward: 14.972 ms.
I1109 02:27:15.886476 142393 caffe.cpp:526]      relu7	backward: 0.087 ms.
I1109 02:27:15.886665 142393 caffe.cpp:522]      drop7	forward: 31.123 ms.
I1109 02:27:15.886896 142393 caffe.cpp:526]      drop7	backward: 0.094 ms.
I1109 02:27:15.887138 142393 caffe.cpp:522]        fc8	forward: 19.191 ms.
I1109 02:27:15.887410 142393 caffe.cpp:526]        fc8	backward: 67.511 ms.
I1109 02:27:15.887646 142393 caffe.cpp:522]       loss	forward: 44.613 ms.
I1109 02:27:15.887840 142393 caffe.cpp:526]       loss	backward: 38.775 ms.
I1109 02:27:15.893862 142393 caffe.cpp:532] Average Forward pass: 1272.7 ms.
I1109 02:27:15.907218 142393 caffe.cpp:535] Average Backward pass: 922.758 ms.
I1109 02:27:15.917886 142393 caffe.cpp:537] Average Forward-Backward: 2696 ms.
I1109 02:27:15.932462 142393 caffe.cpp:540] Total Time: 2696 ms.
I1109 02:27:15.944648 142393 caffe.cpp:541] *** Benchmark ends ***
Search stanza is "EMIT_GLOBAL_DYNAMIC_STATS"
elements_fp_single_1 = 0
elements_fp_single_4 = 0
elements_fp_single_8 = 0
elements_fp_single_16 = 0
elements_fp_double_1 = 0
elements_fp_double_2 = 129792
elements_fp_double_4 = 0
elements_fp_double_8 = 0
--->Total single-precision FLOPs = 0
--->Total double-precision FLOPs = 259584
--->Total FLOPs = 259584
mem-read-1 = 47508
mem-read-2 = 68
mem-read-4 = 381719
mem-read-8 = 660048
mem-read-16 = 0
mem-read-32 = 2
mem-read-64 = 389378
mem-write-1 = 100
mem-write-2 = 34
mem-write-4 = 1097
mem-write-8 = 60783
mem-write-16 = 0
mem-write-32 = 2
mem-write-64 = 259586
--->Total Bytes read = 31775160
--->Total Bytes written = 17104388
--->Total Bytes = 48879548
