sde64 -knl -d -iform 1 -omix sde_knl/knl_sde_layer20_dir1.out.mix -global_region -start_ssc_mark 111:repeat -stop_ssc_mark 222:repeat -- /project/projectdirs/mpccc/tmalas/intelcaffe/install_carl/bin/caffe time -model=src/models/mkl2017_alexnet/train_val.prototxt -iterations=1 -prof_layer=20 -prof_forward_direction=1
I1109 00:52:45.376983 139123 caffe.cpp:444] Use CPU.
I1109 00:53:02.394609 139123 cpu_info.cpp:452] Processor speed [MHz]: 1400
I1109 00:53:02.450670 139123 cpu_info.cpp:455] Total number of sockets: 1
I1109 00:53:02.462771 139123 cpu_info.cpp:458] Total number of CPU cores: 68
I1109 00:53:02.475459 139123 cpu_info.cpp:461] Total number of processors: 272
I1109 00:53:02.486775 139123 cpu_info.cpp:464] GPU is used: no
I1109 00:53:02.495769 139123 cpu_info.cpp:467] OpenMP environmental variables are specified: yes
I1109 00:53:02.504649 139123 cpu_info.cpp:470] OpenMP thread bind allowed: no
I1109 00:53:02.515640 139123 cpu_info.cpp:473] Number of OpenMP threads: 16
I1109 00:53:11.322090 139123 net.cpp:484] The NetState phase (0) differed from the phase (1) specified by a rule in layer data
I1109 00:53:11.353778 139123 net.cpp:484] The NetState phase (0) differed from the phase (1) specified by a rule in layer accuracy
I1109 00:53:11.994807 139123 net.cpp:120] Initializing net from parameters: 
name: "AlexNet"
state {
  phase: TRAIN
  level: 0
  stage: ""
}
layer {
  name: "data"
  type: "DummyData"
  top: "data"
  top: "label"
  include {
    phase: TRAIN
  }
  dummy_data_param {
    data_filler {
      type: "gaussian"
      std: 1
    }
    data_filler {
      type: "constant"
      value: 0
    }
    shape {
      dim: 32
      dim: 3
      dim: 227
      dim: 227
    }
    shape {
      dim: 32
      dim: 1
      dim: 1
      dim: 1
    }
  }
}
layer {
  name: "conv1"
  type: "Convolution"
  bottom: "data"
  top: "conv1"
  param {
    lr_mult: 1
    decay_mult: 1
  }
  param {
    lr_mult: 2
    decay_mult: 0
  }
  convolution_param {
    num_output: 96
    kernel_size: 11
    stride: 4
    weight_filler {
      type: "gaussian"
      std: 0.01
    }
    bias_filler {
      type: "constant"
      value: 0
    }
    engine: MKL2017
  }
}
layer {
  name: "relu1"
  type: "ReLU"
  bottom: "conv1"
  top: "conv1"
  relu_param {
    engine: MKL2017
  }
}
layer {
  name: "norm1"
  type: "LRN"
  bottom: "conv1"
  top: "norm1"
  lrn_param {
    local_size: 5
    alpha: 0.0001
    beta: 0.75
    engine: MKL2017
  }
}
layer {
  name: "pool1"
  type: "Pooling"
  bottom: "norm1"
  top: "pool1"
  pooling_param {
    pool: MAX
    kernel_size: 3
    stride: 2
    engine: MKL2017
  }
}
layer {
  name: "conv2"
  type: "Convolution"
  bottom: "pool1"
  top: "conv2"
  param {
    lr_mult: 1
    decay_mult: 1
  }
  param {
    lr_mult: 2
    decay_mult: 0
  }
  convolution_param {
    num_output: 256
    pad: 2
    kernel_size: 5
    group: 2
    weight_filler {
      type: "gaussian"
      std: 0.01
    }
    bias_filler {
      type: "constant"
      value: 0.1
    }
    engine: MKL2017
  }
}
layer {
  name: "relu2"
  type: "ReLU"
  bottom: "conv2"
  top: "conv2"
  relu_param {
    engine: MKL2017
  }
}
layer {
  name: "norm2"
  type: "LRN"
  bottom: "conv2"
  top: "norm2"
  lrn_param {
    local_size: 5
    alpha: 0.0001
    beta: 0.75
    engine: MKL2017
  }
}
layer {
  name: "pool2"
  type: "Pooling"
  bottom: "norm2"
  top: "pool2"
  pooling_param {
    pool: MAX
    kernel_size: 3
    stride: 2
    engine: MKL2017
  }
}
layer {
  name: "conv3"
  type: "Convolution"
  bottom: "pool2"
  top: "conv3"
  param {
    lr_mult: 1
    decay_mult: 1
  }
  param {
    lr_mult: 2
    decay_mult: 0
  }
  convolution_param {
    num_output: 384
    pad: 1
    kernel_size: 3
    weight_filler {
      type: "gaussian"
      std: 0.01
    }
    bias_filler {
      type: "constant"
      value: 0
    }
    engine: MKL2017
  }
}
layer {
  name: "relu3"
  type: "ReLU"
  bottom: "conv3"
  top: "conv3"
  relu_param {
    engine: MKL2017
  }
}
layer {
  name: "conv4"
  type: "Convolution"
  bottom: "conv3"
  top: "conv4"
  param {
    lr_mult: 1
    decay_mult: 1
  }
  param {
    lr_mult: 2
    decay_mult: 0
  }
  convolution_param {
    num_output: 384
    pad: 1
    kernel_size: 3
    group: 2
    weight_filler {
      type: "gaussian"
      std: 0.01
    }
    bias_filler {
      type: "constant"
      value: 0.1
    }
    engine: MKL2017
  }
}
layer {
  name: "relu4"
  type: "ReLU"
  bottom: "conv4"
  top: "conv4"
  relu_param {
    engine: MKL2017
  }
}
layer {
  name: "conv5"
  type: "Convolution"
  bottom: "conv4"
  top: "conv5"
  param {
    lr_mult: 1
    decay_mult: 1
  }
  param {
    lr_mult: 2
    decay_mult: 0
  }
  convolution_param {
    num_output: 256
    pad: 1
    kernel_size: 3
    group: 2
    weight_filler {
      type: "gaussian"
      std: 0.01
    }
    bias_filler {
      type: "constant"
      value: 0.1
    }
    engine: MKL2017
  }
}
layer {
  name: "relu5"
  type: "ReLU"
  bottom: "conv5"
  top: "conv5"
  relu_param {
    engine: MKL2017
  }
}
layer {
  name: "pool5"
  type: "Pooling"
  bottom: "conv5"
  top: "pool5"
  pooling_param {
    pool: MAX
    kernel_size: 3
    stride: 2
    engine: MKL2017
  }
}
layer {
  name: "fc6"
  type: "InnerProduct"
  bottom: "pool5"
  top: "fc6"
  param {
    lr_mult: 1
    decay_mult: 1
  }
  param {
    lr_mult: 2
    decay_mult: 0
  }
  inner_product_param {
    num_output: 4096
    weight_filler {
      type: "gaussian"
      std: 0.005
    }
    bias_filler {
      type: "constant"
      value: 0.1
    }
  }
}
layer {
  name: "relu6"
  type: "ReLU"
  bottom: "fc6"
  top: "fc6"
}
layer {
  name: "drop6"
  type: "Dropout"
  bottom: "fc6"
  top: "fc6"
  dropout_param {
    dropout_ratio: 0.5
  }
}
layer {
  name: "fc7"
  type: "InnerProduct"
  bottom: "fc6"
  top: "fc7"
  param {
    lr_mult: 1
    decay_mult: 1
  }
  param {
    lr_mult: 2
    decay_mult: 0
  }
  inner_product_param {
    num_output: 4096
    weight_filler {
      type: "gaussian"
      std: 0.005
    }
    bias_filler {
      type: "constant"
      value: 0.1
    }
  }
}
layer {
  name: "relu7"
  type: "ReLU"
  bottom: "fc7"
  top: "fc7"
}
layer {
  name: "drop7"
  type: "Dropout"
  bottom: "fc7"
  top: "fc7"
  dropout_param {
    dropout_ratio: 0.5
  }
}
layer {
  name: "fc8"
  type: "InnerProduct"
  bottom: "fc7"
  top: "fc8"
  param {
    lr_mult: 1
    decay_mult: 1
  }
  param {
    lr_mult: 2
    decay_mult: 0
  }
  inner_product_param {
    num_output: 1000
    weight_filler {
      type: "gaussian"
      std: 0.01
    }
    bias_filler {
      type: "constant"
      value: 0
    }
  }
}
layer {
  name: "loss"
  type: "SoftmaxWithLoss"
  bottom: "fc8"
  bottom: "label"
  top: "loss"
}
I1109 00:53:14.449437 139123 layer_factory.hpp:114] Creating layer data
I1109 00:53:14.596408 139123 net.cpp:160] Creating Layer data
I1109 00:53:14.644435 139123 net.cpp:570] data -> data
I1109 00:53:15.110832 139123 net.cpp:570] data -> label
I1109 00:53:22.165705 139123 net.cpp:210] Setting up data
I1109 00:53:22.245875 139123 net.cpp:217] Top shape: 32 3 227 227 (4946784)
I1109 00:53:22.350203 139123 net.cpp:217] Top shape: 32 1 1 1 (32)
I1109 00:53:22.357409 139123 net.cpp:225] Memory required for data: 19787264
I1109 00:53:22.425081 139123 layer_factory.hpp:114] Creating layer conv1
I1109 00:53:22.750427 139123 net.cpp:160] Creating Layer conv1
I1109 00:53:22.800252 139123 net.cpp:596] conv1 <- data
I1109 00:53:22.920492 139123 net.cpp:570] conv1 -> conv1
I1109 00:53:55.622194 139123 net.cpp:210] Setting up conv1
I1109 00:53:55.629060 139123 net.cpp:217] Top shape: 32 96 55 55 (9292800)
I1109 00:53:55.629446 139123 net.cpp:225] Memory required for data: 56958464
I1109 00:53:55.913588 139123 layer_factory.hpp:114] Creating layer relu1
I1109 00:53:56.033771 139123 net.cpp:160] Creating Layer relu1
I1109 00:53:56.038295 139123 net.cpp:596] relu1 <- conv1
I1109 00:53:56.071640 139123 net.cpp:557] relu1 -> conv1 (in-place)
I1109 00:53:56.262043 139123 net.cpp:210] Setting up relu1
I1109 00:53:56.264508 139123 net.cpp:217] Top shape: 32 96 55 55 (9292800)
I1109 00:53:56.264920 139123 net.cpp:225] Memory required for data: 94129664
I1109 00:53:56.265138 139123 layer_factory.hpp:114] Creating layer norm1
I1109 00:53:56.369513 139123 net.cpp:160] Creating Layer norm1
I1109 00:53:56.369827 139123 net.cpp:596] norm1 <- conv1
I1109 00:53:56.372356 139123 net.cpp:570] norm1 -> norm1
I1109 00:53:56.595115 139123 net.cpp:210] Setting up norm1
I1109 00:53:56.607972 139123 net.cpp:217] Top shape: 32 96 55 55 (9292800)
I1109 00:53:56.608341 139123 net.cpp:225] Memory required for data: 131300864
I1109 00:53:56.608640 139123 layer_factory.hpp:114] Creating layer pool1
I1109 00:53:56.702090 139123 net.cpp:160] Creating Layer pool1
I1109 00:53:56.702399 139123 net.cpp:596] pool1 <- norm1
I1109 00:53:56.717241 139123 net.cpp:570] pool1 -> pool1
I1109 00:53:57.017510 139123 net.cpp:210] Setting up pool1
I1109 00:53:57.019945 139123 net.cpp:217] Top shape: 32 96 27 27 (2239488)
I1109 00:53:57.020264 139123 net.cpp:225] Memory required for data: 140258816
I1109 00:53:57.020501 139123 layer_factory.hpp:114] Creating layer conv2
I1109 00:53:57.020912 139123 net.cpp:160] Creating Layer conv2
I1109 00:53:57.021184 139123 net.cpp:596] conv2 <- pool1
I1109 00:53:57.021415 139123 net.cpp:570] conv2 -> conv2
I1109 00:54:02.759673 139123 net.cpp:210] Setting up conv2
I1109 00:54:02.760012 139123 net.cpp:217] Top shape: 32 256 27 27 (5971968)
I1109 00:54:02.760406 139123 net.cpp:225] Memory required for data: 164146688
I1109 00:54:02.811148 139123 layer_factory.hpp:114] Creating layer relu2
I1109 00:54:02.811560 139123 net.cpp:160] Creating Layer relu2
I1109 00:54:02.811916 139123 net.cpp:596] relu2 <- conv2
I1109 00:54:02.812160 139123 net.cpp:557] relu2 -> conv2 (in-place)
I1109 00:54:02.812604 139123 net.cpp:210] Setting up relu2
I1109 00:54:02.812924 139123 net.cpp:217] Top shape: 32 256 27 27 (5971968)
I1109 00:54:02.813160 139123 net.cpp:225] Memory required for data: 188034560
I1109 00:54:02.813341 139123 layer_factory.hpp:114] Creating layer norm2
I1109 00:54:02.813578 139123 net.cpp:160] Creating Layer norm2
I1109 00:54:02.813772 139123 net.cpp:596] norm2 <- conv2
I1109 00:54:02.813999 139123 net.cpp:570] norm2 -> norm2
I1109 00:54:02.816210 139123 net.cpp:210] Setting up norm2
I1109 00:54:02.816517 139123 net.cpp:217] Top shape: 32 256 27 27 (5971968)
I1109 00:54:02.816740 139123 net.cpp:225] Memory required for data: 211922432
I1109 00:54:02.816972 139123 layer_factory.hpp:114] Creating layer pool2
I1109 00:54:02.817828 139123 net.cpp:160] Creating Layer pool2
I1109 00:54:02.818208 139123 net.cpp:596] pool2 <- norm2
I1109 00:54:02.818548 139123 net.cpp:570] pool2 -> pool2
I1109 00:54:02.818949 139123 net.cpp:210] Setting up pool2
I1109 00:54:02.819187 139123 net.cpp:217] Top shape: 32 256 13 13 (1384448)
I1109 00:54:02.819403 139123 net.cpp:225] Memory required for data: 217460224
I1109 00:54:02.819598 139123 layer_factory.hpp:114] Creating layer conv3
I1109 00:54:02.819921 139123 net.cpp:160] Creating Layer conv3
I1109 00:54:02.820137 139123 net.cpp:596] conv3 <- pool2
I1109 00:54:02.820374 139123 net.cpp:570] conv3 -> conv3
I1109 00:54:03.296545 139123 net.cpp:210] Setting up conv3
I1109 00:54:03.298966 139123 net.cpp:217] Top shape: 32 384 13 13 (2076672)
I1109 00:54:03.299310 139123 net.cpp:225] Memory required for data: 225766912
I1109 00:54:03.302407 139123 layer_factory.hpp:114] Creating layer relu3
I1109 00:54:03.302829 139123 net.cpp:160] Creating Layer relu3
I1109 00:54:03.303091 139123 net.cpp:596] relu3 <- conv3
I1109 00:54:03.303342 139123 net.cpp:557] relu3 -> conv3 (in-place)
I1109 00:54:03.307488 139123 net.cpp:210] Setting up relu3
I1109 00:54:03.307796 139123 net.cpp:217] Top shape: 32 384 13 13 (2076672)
I1109 00:54:03.308038 139123 net.cpp:225] Memory required for data: 234073600
I1109 00:54:03.308230 139123 layer_factory.hpp:114] Creating layer conv4
I1109 00:54:03.308588 139123 net.cpp:160] Creating Layer conv4
I1109 00:54:03.308889 139123 net.cpp:596] conv4 <- conv3
I1109 00:54:03.309237 139123 net.cpp:570] conv4 -> conv4
I1109 00:54:03.580381 139123 net.cpp:210] Setting up conv4
I1109 00:54:03.580838 139123 net.cpp:217] Top shape: 32 384 13 13 (2076672)
I1109 00:54:03.581254 139123 net.cpp:225] Memory required for data: 242380288
I1109 00:54:03.581593 139123 layer_factory.hpp:114] Creating layer relu4
I1109 00:54:03.581903 139123 net.cpp:160] Creating Layer relu4
I1109 00:54:03.582144 139123 net.cpp:596] relu4 <- conv4
I1109 00:54:03.582396 139123 net.cpp:557] relu4 -> conv4 (in-place)
I1109 00:54:03.594749 139123 net.cpp:210] Setting up relu4
I1109 00:54:03.595099 139123 net.cpp:217] Top shape: 32 384 13 13 (2076672)
I1109 00:54:03.595481 139123 net.cpp:225] Memory required for data: 250686976
I1109 00:54:03.595823 139123 layer_factory.hpp:114] Creating layer conv5
I1109 00:54:03.596215 139123 net.cpp:160] Creating Layer conv5
I1109 00:54:03.596457 139123 net.cpp:596] conv5 <- conv4
I1109 00:54:03.596700 139123 net.cpp:570] conv5 -> conv5
I1109 00:54:03.764489 139123 net.cpp:210] Setting up conv5
I1109 00:54:03.764924 139123 net.cpp:217] Top shape: 32 256 13 13 (1384448)
I1109 00:54:03.765374 139123 net.cpp:225] Memory required for data: 256224768
I1109 00:54:03.769953 139123 layer_factory.hpp:114] Creating layer relu5
I1109 00:54:03.770359 139123 net.cpp:160] Creating Layer relu5
I1109 00:54:03.770609 139123 net.cpp:596] relu5 <- conv5
I1109 00:54:03.770875 139123 net.cpp:557] relu5 -> conv5 (in-place)
I1109 00:54:03.771384 139123 net.cpp:210] Setting up relu5
I1109 00:54:03.771682 139123 net.cpp:217] Top shape: 32 256 13 13 (1384448)
I1109 00:54:03.771986 139123 net.cpp:225] Memory required for data: 261762560
I1109 00:54:03.772222 139123 layer_factory.hpp:114] Creating layer pool5
I1109 00:54:03.772476 139123 net.cpp:160] Creating Layer pool5
I1109 00:54:03.772686 139123 net.cpp:596] pool5 <- conv5
I1109 00:54:03.772965 139123 net.cpp:570] pool5 -> pool5
I1109 00:54:03.773371 139123 net.cpp:210] Setting up pool5
I1109 00:54:03.773625 139123 net.cpp:217] Top shape: 32 256 6 6 (294912)
I1109 00:54:03.773843 139123 net.cpp:225] Memory required for data: 262942208
I1109 00:54:03.774024 139123 layer_factory.hpp:114] Creating layer fc6
I1109 00:54:03.828264 139123 net.cpp:160] Creating Layer fc6
I1109 00:54:03.828577 139123 net.cpp:596] fc6 <- pool5
I1109 00:54:03.828989 139123 net.cpp:570] fc6 -> fc6
I1109 00:54:07.917268 139123 net.cpp:210] Setting up fc6
I1109 00:54:07.917570 139123 net.cpp:217] Top shape: 32 4096 (131072)
I1109 00:54:07.919620 139123 net.cpp:225] Memory required for data: 263466496
I1109 00:54:07.919924 139123 layer_factory.hpp:114] Creating layer relu6
I1109 00:54:07.922442 139123 net.cpp:160] Creating Layer relu6
I1109 00:54:07.922739 139123 net.cpp:596] relu6 <- fc6
I1109 00:54:07.922961 139123 net.cpp:557] relu6 -> fc6 (in-place)
I1109 00:54:07.923380 139123 net.cpp:210] Setting up relu6
I1109 00:54:07.923638 139123 net.cpp:217] Top shape: 32 4096 (131072)
I1109 00:54:07.923861 139123 net.cpp:225] Memory required for data: 263990784
I1109 00:54:07.924042 139123 layer_factory.hpp:114] Creating layer drop6
I1109 00:54:07.943961 139123 net.cpp:160] Creating Layer drop6
I1109 00:54:07.944265 139123 net.cpp:596] drop6 <- fc6
I1109 00:54:07.944622 139123 net.cpp:557] drop6 -> fc6 (in-place)
I1109 00:54:08.048827 139123 net.cpp:210] Setting up drop6
I1109 00:54:08.049127 139123 net.cpp:217] Top shape: 32 4096 (131072)
I1109 00:54:08.049490 139123 net.cpp:225] Memory required for data: 264515072
I1109 00:54:08.049698 139123 layer_factory.hpp:114] Creating layer fc7
I1109 00:54:08.049963 139123 net.cpp:160] Creating Layer fc7
I1109 00:54:08.050168 139123 net.cpp:596] fc7 <- fc6
I1109 00:54:08.050547 139123 net.cpp:570] fc7 -> fc7
I1109 00:54:09.762320 139123 net.cpp:210] Setting up fc7
I1109 00:54:09.762681 139123 net.cpp:217] Top shape: 32 4096 (131072)
I1109 00:54:09.763123 139123 net.cpp:225] Memory required for data: 265039360
I1109 00:54:09.763476 139123 layer_factory.hpp:114] Creating layer relu7
I1109 00:54:09.763830 139123 net.cpp:160] Creating Layer relu7
I1109 00:54:09.764070 139123 net.cpp:596] relu7 <- fc7
I1109 00:54:09.764318 139123 net.cpp:557] relu7 -> fc7 (in-place)
I1109 00:54:09.764766 139123 net.cpp:210] Setting up relu7
I1109 00:54:09.765103 139123 net.cpp:217] Top shape: 32 4096 (131072)
I1109 00:54:09.765380 139123 net.cpp:225] Memory required for data: 265563648
I1109 00:54:09.765584 139123 layer_factory.hpp:114] Creating layer drop7
I1109 00:54:09.765830 139123 net.cpp:160] Creating Layer drop7
I1109 00:54:09.766041 139123 net.cpp:596] drop7 <- fc7
I1109 00:54:09.766373 139123 net.cpp:557] drop7 -> fc7 (in-place)
I1109 00:54:09.766644 139123 net.cpp:210] Setting up drop7
I1109 00:54:09.766849 139123 net.cpp:217] Top shape: 32 4096 (131072)
I1109 00:54:09.767058 139123 net.cpp:225] Memory required for data: 266087936
I1109 00:54:09.767237 139123 layer_factory.hpp:114] Creating layer fc8
I1109 00:54:09.767483 139123 net.cpp:160] Creating Layer fc8
I1109 00:54:09.767676 139123 net.cpp:596] fc8 <- fc7
I1109 00:54:09.767900 139123 net.cpp:570] fc8 -> fc8
I1109 00:54:10.191875 139123 net.cpp:210] Setting up fc8
I1109 00:54:10.192230 139123 net.cpp:217] Top shape: 32 1000 (32000)
I1109 00:54:10.192617 139123 net.cpp:225] Memory required for data: 266215936
I1109 00:54:10.192991 139123 layer_factory.hpp:114] Creating layer loss
I1109 00:54:10.217691 139123 net.cpp:160] Creating Layer loss
I1109 00:54:10.218003 139123 net.cpp:596] loss <- fc8
I1109 00:54:10.218998 139123 net.cpp:596] loss <- label
I1109 00:54:10.246464 139123 net.cpp:570] loss -> loss
I1109 00:54:10.284370 139123 layer_factory.hpp:114] Creating layer loss
I1109 00:54:12.853221 139123 net.cpp:210] Setting up loss
I1109 00:54:12.902384 139123 net.cpp:217] Top shape: (1)
I1109 00:54:12.914535 139123 net.cpp:220]     with loss weight 1
I1109 00:54:13.046543 139123 net.cpp:225] Memory required for data: 266215940
I1109 00:54:13.086066 139123 net.cpp:287] loss needs backward computation.
I1109 00:54:13.173213 139123 net.cpp:287] fc8 needs backward computation.
I1109 00:54:13.180407 139123 net.cpp:287] drop7 needs backward computation.
I1109 00:54:13.191462 139123 net.cpp:287] relu7 needs backward computation.
I1109 00:54:13.191782 139123 net.cpp:287] fc7 needs backward computation.
I1109 00:54:13.194257 139123 net.cpp:287] drop6 needs backward computation.
I1109 00:54:13.194602 139123 net.cpp:287] relu6 needs backward computation.
I1109 00:54:13.194910 139123 net.cpp:287] fc6 needs backward computation.
I1109 00:54:13.195660 139123 net.cpp:287] pool5 needs backward computation.
I1109 00:54:13.196403 139123 net.cpp:287] relu5 needs backward computation.
I1109 00:54:13.196662 139123 net.cpp:287] conv5 needs backward computation.
I1109 00:54:13.196902 139123 net.cpp:287] relu4 needs backward computation.
I1109 00:54:13.197098 139123 net.cpp:287] conv4 needs backward computation.
I1109 00:54:13.197284 139123 net.cpp:287] relu3 needs backward computation.
I1109 00:54:13.197504 139123 net.cpp:287] conv3 needs backward computation.
I1109 00:54:13.209606 139123 net.cpp:287] pool2 needs backward computation.
I1109 00:54:13.209959 139123 net.cpp:287] norm2 needs backward computation.
I1109 00:54:13.210265 139123 net.cpp:287] relu2 needs backward computation.
I1109 00:54:13.210500 139123 net.cpp:287] conv2 needs backward computation.
I1109 00:54:13.210691 139123 net.cpp:287] pool1 needs backward computation.
I1109 00:54:13.210872 139123 net.cpp:287] norm1 needs backward computation.
I1109 00:54:13.211053 139123 net.cpp:287] relu1 needs backward computation.
I1109 00:54:13.211228 139123 net.cpp:287] conv1 needs backward computation.
I1109 00:54:13.223717 139123 net.cpp:289] data does not need backward computation.
I1109 00:54:13.248513 139123 net.cpp:331] This network produces output loss
I1109 00:54:13.322439 139123 net.cpp:345] Network initialization done.
I1109 00:54:13.491044 139123 caffe.cpp:452] Performing Forward
I1109 00:54:26.692065 139123 caffe.cpp:457] Initial loss: 6.93731
I1109 00:54:26.748697 139123 caffe.cpp:459] Performing Backward
I1109 00:54:31.556066 139123 caffe.cpp:468] *** Benchmark begins ***
I1109 00:54:31.569175 139123 caffe.cpp:469] Testing for 1 iterations.
I1109 00:54:31.713796 139123 caffe.cpp:482] Profiling Layer: relu7 forward
I1109 00:54:33.938448 139123 caffe.cpp:512] Iteration: 1 forward-backward time: 2221 ms.
I1109 00:54:34.101606 139123 caffe.cpp:519] Average time per layer: 
I1109 00:54:34.122328 139123 caffe.cpp:522]       data	forward: 556.057 ms.
I1109 00:54:34.192463 139123 caffe.cpp:526]       data	backward: 5.304 ms.
I1109 00:54:34.215312 139123 caffe.cpp:522]      conv1	forward: 125.159 ms.
I1109 00:54:34.225332 139123 caffe.cpp:526]      conv1	backward: 44.001 ms.
I1109 00:54:34.235347 139123 caffe.cpp:522]      relu1	forward: 19.026 ms.
I1109 00:54:34.242503 139123 caffe.cpp:526]      relu1	backward: 15.615 ms.
I1109 00:54:34.246402 139123 caffe.cpp:522]      norm1	forward: 17.664 ms.
I1109 00:54:34.252111 139123 caffe.cpp:526]      norm1	backward: 19.518 ms.
I1109 00:54:34.258291 139123 caffe.cpp:522]      pool1	forward: 20.371 ms.
I1109 00:54:34.267603 139123 caffe.cpp:526]      pool1	backward: 75.375 ms.
I1109 00:54:34.271801 139123 caffe.cpp:522]      conv2	forward: 67.331 ms.
I1109 00:54:34.272032 139123 caffe.cpp:526]      conv2	backward: 77.805 ms.
I1109 00:54:34.272228 139123 caffe.cpp:522]      relu2	forward: 14.257 ms.
I1109 00:54:34.272420 139123 caffe.cpp:526]      relu2	backward: 15.732 ms.
I1109 00:54:34.272611 139123 caffe.cpp:522]      norm2	forward: 12.118 ms.
I1109 00:54:34.272855 139123 caffe.cpp:526]      norm2	backward: 17.895 ms.
I1109 00:54:34.273051 139123 caffe.cpp:522]      pool2	forward: 24.578 ms.
I1109 00:54:34.273241 139123 caffe.cpp:526]      pool2	backward: 63.546 ms.
I1109 00:54:34.273471 139123 caffe.cpp:522]      conv3	forward: 30.063 ms.
I1109 00:54:34.273684 139123 caffe.cpp:526]      conv3	backward: 78.015 ms.
I1109 00:54:34.273993 139123 caffe.cpp:522]      relu3	forward: 13.511 ms.
I1109 00:54:34.274230 139123 caffe.cpp:526]      relu3	backward: 25.781 ms.
I1109 00:54:34.274422 139123 caffe.cpp:522]      conv4	forward: 31.159 ms.
I1109 00:54:34.274613 139123 caffe.cpp:526]      conv4	backward: 70.576 ms.
I1109 00:54:34.274804 139123 caffe.cpp:522]      relu4	forward: 19.073 ms.
I1109 00:54:34.274996 139123 caffe.cpp:526]      relu4	backward: 40.801 ms.
I1109 00:54:34.275185 139123 caffe.cpp:522]      conv5	forward: 22.085 ms.
I1109 00:54:34.275377 139123 caffe.cpp:526]      conv5	backward: 66.692 ms.
I1109 00:54:34.275568 139123 caffe.cpp:522]      relu5	forward: 0.201 ms.
I1109 00:54:34.275758 139123 caffe.cpp:526]      relu5	backward: 16.085 ms.
I1109 00:54:34.275950 139123 caffe.cpp:522]      pool5	forward: 0.282 ms.
I1109 00:54:34.276139 139123 caffe.cpp:526]      pool5	backward: 51.184 ms.
I1109 00:54:34.276365 139123 caffe.cpp:522]        fc6	forward: 16.339 ms.
I1109 00:54:34.276571 139123 caffe.cpp:526]        fc6	backward: 113.415 ms.
I1109 00:54:34.276893 139123 caffe.cpp:522]      relu6	forward: 0.8 ms.
I1109 00:54:34.277104 139123 caffe.cpp:526]      relu6	backward: 26.809 ms.
I1109 00:54:34.277390 139123 caffe.cpp:522]      drop6	forward: 1.458 ms.
I1109 00:54:34.277577 139123 caffe.cpp:526]      drop6	backward: 12.264 ms.
I1109 00:54:34.277768 139123 caffe.cpp:522]        fc7	forward: 4.522 ms.
I1109 00:54:34.277954 139123 caffe.cpp:526]        fc7	backward: 107.083 ms.
I1109 00:54:34.280464 139123 caffe.cpp:522]      relu7	forward: 12.201 ms.
I1109 00:54:34.280715 139123 caffe.cpp:526]      relu7	backward: 12.792 ms.
I1109 00:54:34.280966 139123 caffe.cpp:522]      drop7	forward: 0.323 ms.
I1109 00:54:34.281159 139123 caffe.cpp:526]      drop7	backward: 16.457 ms.
I1109 00:54:34.281352 139123 caffe.cpp:522]        fc8	forward: 1.905 ms.
I1109 00:54:34.281538 139123 caffe.cpp:526]        fc8	backward: 64.836 ms.
I1109 00:54:34.281730 139123 caffe.cpp:522]       loss	forward: 41.456 ms.
I1109 00:54:34.281921 139123 caffe.cpp:526]       loss	backward: 39.67 ms.
I1109 00:54:34.287528 139123 caffe.cpp:532] Average Forward pass: 1106.69 ms.
I1109 00:54:34.300671 139123 caffe.cpp:535] Average Backward pass: 1087.3 ms.
I1109 00:54:34.311825 139123 caffe.cpp:537] Average Forward-Backward: 2673 ms.
I1109 00:54:34.326462 139123 caffe.cpp:540] Total Time: 2673 ms.
I1109 00:54:34.338667 139123 caffe.cpp:541] *** Benchmark ends ***
Search stanza is "EMIT_GLOBAL_DYNAMIC_STATS"
elements_fp_single_1 = 1
elements_fp_single_4 = 0
elements_fp_single_8 = 0
elements_fp_single_16 = 8192
elements_fp_double_1 = 0
elements_fp_double_2 = 8192
elements_fp_double_4 = 0
elements_fp_double_8 = 0
--->Total single-precision FLOPs = 131073
--->Total double-precision FLOPs = 16384
--->Total FLOPs = 147457
mem-read-1 = 411342
mem-read-2 = 36
mem-read-4 = 3294546
mem-read-8 = 4533184
mem-read-16 = 0
mem-read-32 = 1
mem-read-64 = 16401
mem-write-1 = 54
mem-write-2 = 17
mem-write-4 = 549
mem-write-8 = 414951
mem-write-16 = 0
mem-write-32 = 1
mem-write-64 = 8193
--->Total Bytes read = 50904766
--->Total Bytes written = 3846276
--->Total Bytes = 54751042
