sde64 -knl -d -iform 1 -omix sde_knl/knl_sde_layer10_dir1.out.mix -global_region -start_ssc_mark 111:repeat -stop_ssc_mark 222:repeat -- /project/projectdirs/mpccc/tmalas/intelcaffe/install_carl/bin/caffe time -model=src/models/mkl2017_alexnet/train_val.prototxt -iterations=1 -prof_layer=10 -prof_forward_direction=1
I1108 23:50:22.380071 136604 caffe.cpp:444] Use CPU.
I1108 23:50:39.319857 136604 cpu_info.cpp:452] Processor speed [MHz]: 1400
I1108 23:50:39.375380 136604 cpu_info.cpp:455] Total number of sockets: 1
I1108 23:50:39.387395 136604 cpu_info.cpp:458] Total number of CPU cores: 68
I1108 23:50:39.399859 136604 cpu_info.cpp:461] Total number of processors: 272
I1108 23:50:39.411128 136604 cpu_info.cpp:464] GPU is used: no
I1108 23:50:39.420274 136604 cpu_info.cpp:467] OpenMP environmental variables are specified: yes
I1108 23:50:39.429226 136604 cpu_info.cpp:470] OpenMP thread bind allowed: no
I1108 23:50:39.440194 136604 cpu_info.cpp:473] Number of OpenMP threads: 16
I1108 23:50:48.222867 136604 net.cpp:484] The NetState phase (0) differed from the phase (1) specified by a rule in layer data
I1108 23:50:48.255517 136604 net.cpp:484] The NetState phase (0) differed from the phase (1) specified by a rule in layer accuracy
I1108 23:50:48.886651 136604 net.cpp:120] Initializing net from parameters: 
name: "AlexNet"
state {
  phase: TRAIN
  level: 0
  stage: ""
}
layer {
  name: "data"
  type: "DummyData"
  top: "data"
  top: "label"
  include {
    phase: TRAIN
  }
  dummy_data_param {
    data_filler {
      type: "gaussian"
      std: 1
    }
    data_filler {
      type: "constant"
      value: 0
    }
    shape {
      dim: 32
      dim: 3
      dim: 227
      dim: 227
    }
    shape {
      dim: 32
      dim: 1
      dim: 1
      dim: 1
    }
  }
}
layer {
  name: "conv1"
  type: "Convolution"
  bottom: "data"
  top: "conv1"
  param {
    lr_mult: 1
    decay_mult: 1
  }
  param {
    lr_mult: 2
    decay_mult: 0
  }
  convolution_param {
    num_output: 96
    kernel_size: 11
    stride: 4
    weight_filler {
      type: "gaussian"
      std: 0.01
    }
    bias_filler {
      type: "constant"
      value: 0
    }
    engine: MKL2017
  }
}
layer {
  name: "relu1"
  type: "ReLU"
  bottom: "conv1"
  top: "conv1"
  relu_param {
    engine: MKL2017
  }
}
layer {
  name: "norm1"
  type: "LRN"
  bottom: "conv1"
  top: "norm1"
  lrn_param {
    local_size: 5
    alpha: 0.0001
    beta: 0.75
    engine: MKL2017
  }
}
layer {
  name: "pool1"
  type: "Pooling"
  bottom: "norm1"
  top: "pool1"
  pooling_param {
    pool: MAX
    kernel_size: 3
    stride: 2
    engine: MKL2017
  }
}
layer {
  name: "conv2"
  type: "Convolution"
  bottom: "pool1"
  top: "conv2"
  param {
    lr_mult: 1
    decay_mult: 1
  }
  param {
    lr_mult: 2
    decay_mult: 0
  }
  convolution_param {
    num_output: 256
    pad: 2
    kernel_size: 5
    group: 2
    weight_filler {
      type: "gaussian"
      std: 0.01
    }
    bias_filler {
      type: "constant"
      value: 0.1
    }
    engine: MKL2017
  }
}
layer {
  name: "relu2"
  type: "ReLU"
  bottom: "conv2"
  top: "conv2"
  relu_param {
    engine: MKL2017
  }
}
layer {
  name: "norm2"
  type: "LRN"
  bottom: "conv2"
  top: "norm2"
  lrn_param {
    local_size: 5
    alpha: 0.0001
    beta: 0.75
    engine: MKL2017
  }
}
layer {
  name: "pool2"
  type: "Pooling"
  bottom: "norm2"
  top: "pool2"
  pooling_param {
    pool: MAX
    kernel_size: 3
    stride: 2
    engine: MKL2017
  }
}
layer {
  name: "conv3"
  type: "Convolution"
  bottom: "pool2"
  top: "conv3"
  param {
    lr_mult: 1
    decay_mult: 1
  }
  param {
    lr_mult: 2
    decay_mult: 0
  }
  convolution_param {
    num_output: 384
    pad: 1
    kernel_size: 3
    weight_filler {
      type: "gaussian"
      std: 0.01
    }
    bias_filler {
      type: "constant"
      value: 0
    }
    engine: MKL2017
  }
}
layer {
  name: "relu3"
  type: "ReLU"
  bottom: "conv3"
  top: "conv3"
  relu_param {
    engine: MKL2017
  }
}
layer {
  name: "conv4"
  type: "Convolution"
  bottom: "conv3"
  top: "conv4"
  param {
    lr_mult: 1
    decay_mult: 1
  }
  param {
    lr_mult: 2
    decay_mult: 0
  }
  convolution_param {
    num_output: 384
    pad: 1
    kernel_size: 3
    group: 2
    weight_filler {
      type: "gaussian"
      std: 0.01
    }
    bias_filler {
      type: "constant"
      value: 0.1
    }
    engine: MKL2017
  }
}
layer {
  name: "relu4"
  type: "ReLU"
  bottom: "conv4"
  top: "conv4"
  relu_param {
    engine: MKL2017
  }
}
layer {
  name: "conv5"
  type: "Convolution"
  bottom: "conv4"
  top: "conv5"
  param {
    lr_mult: 1
    decay_mult: 1
  }
  param {
    lr_mult: 2
    decay_mult: 0
  }
  convolution_param {
    num_output: 256
    pad: 1
    kernel_size: 3
    group: 2
    weight_filler {
      type: "gaussian"
      std: 0.01
    }
    bias_filler {
      type: "constant"
      value: 0.1
    }
    engine: MKL2017
  }
}
layer {
  name: "relu5"
  type: "ReLU"
  bottom: "conv5"
  top: "conv5"
  relu_param {
    engine: MKL2017
  }
}
layer {
  name: "pool5"
  type: "Pooling"
  bottom: "conv5"
  top: "pool5"
  pooling_param {
    pool: MAX
    kernel_size: 3
    stride: 2
    engine: MKL2017
  }
}
layer {
  name: "fc6"
  type: "InnerProduct"
  bottom: "pool5"
  top: "fc6"
  param {
    lr_mult: 1
    decay_mult: 1
  }
  param {
    lr_mult: 2
    decay_mult: 0
  }
  inner_product_param {
    num_output: 4096
    weight_filler {
      type: "gaussian"
      std: 0.005
    }
    bias_filler {
      type: "constant"
      value: 0.1
    }
  }
}
layer {
  name: "relu6"
  type: "ReLU"
  bottom: "fc6"
  top: "fc6"
}
layer {
  name: "drop6"
  type: "Dropout"
  bottom: "fc6"
  top: "fc6"
  dropout_param {
    dropout_ratio: 0.5
  }
}
layer {
  name: "fc7"
  type: "InnerProduct"
  bottom: "fc6"
  top: "fc7"
  param {
    lr_mult: 1
    decay_mult: 1
  }
  param {
    lr_mult: 2
    decay_mult: 0
  }
  inner_product_param {
    num_output: 4096
    weight_filler {
      type: "gaussian"
      std: 0.005
    }
    bias_filler {
      type: "constant"
      value: 0.1
    }
  }
}
layer {
  name: "relu7"
  type: "ReLU"
  bottom: "fc7"
  top: "fc7"
}
layer {
  name: "drop7"
  type: "Dropout"
  bottom: "fc7"
  top: "fc7"
  dropout_param {
    dropout_ratio: 0.5
  }
}
layer {
  name: "fc8"
  type: "InnerProduct"
  bottom: "fc7"
  top: "fc8"
  param {
    lr_mult: 1
    decay_mult: 1
  }
  param {
    lr_mult: 2
    decay_mult: 0
  }
  inner_product_param {
    num_output: 1000
    weight_filler {
      type: "gaussian"
      std: 0.01
    }
    bias_filler {
      type: "constant"
      value: 0
    }
  }
}
layer {
  name: "loss"
  type: "SoftmaxWithLoss"
  bottom: "fc8"
  bottom: "label"
  top: "loss"
}
I1108 23:50:51.330468 136604 layer_factory.hpp:114] Creating layer data
I1108 23:50:51.476652 136604 net.cpp:160] Creating Layer data
I1108 23:50:51.524634 136604 net.cpp:570] data -> data
I1108 23:50:51.994590 136604 net.cpp:570] data -> label
I1108 23:50:59.048962 136604 net.cpp:210] Setting up data
I1108 23:50:59.128847 136604 net.cpp:217] Top shape: 32 3 227 227 (4946784)
I1108 23:50:59.236322 136604 net.cpp:217] Top shape: 32 1 1 1 (32)
I1108 23:50:59.243794 136604 net.cpp:225] Memory required for data: 19787264
I1108 23:50:59.311806 136604 layer_factory.hpp:114] Creating layer conv1
I1108 23:50:59.640943 136604 net.cpp:160] Creating Layer conv1
I1108 23:50:59.690670 136604 net.cpp:596] conv1 <- data
I1108 23:50:59.809660 136604 net.cpp:570] conv1 -> conv1
I1108 23:51:32.546144 136604 net.cpp:210] Setting up conv1
I1108 23:51:32.553025 136604 net.cpp:217] Top shape: 32 96 55 55 (9292800)
I1108 23:51:32.553375 136604 net.cpp:225] Memory required for data: 56958464
I1108 23:51:32.830298 136604 layer_factory.hpp:114] Creating layer relu1
I1108 23:51:32.951207 136604 net.cpp:160] Creating Layer relu1
I1108 23:51:32.955689 136604 net.cpp:596] relu1 <- conv1
I1108 23:51:32.989070 136604 net.cpp:557] relu1 -> conv1 (in-place)
I1108 23:51:33.180397 136604 net.cpp:210] Setting up relu1
I1108 23:51:33.182862 136604 net.cpp:217] Top shape: 32 96 55 55 (9292800)
I1108 23:51:33.183220 136604 net.cpp:225] Memory required for data: 94129664
I1108 23:51:33.183431 136604 layer_factory.hpp:114] Creating layer norm1
I1108 23:51:33.288159 136604 net.cpp:160] Creating Layer norm1
I1108 23:51:33.288477 136604 net.cpp:596] norm1 <- conv1
I1108 23:51:33.291030 136604 net.cpp:570] norm1 -> norm1
I1108 23:51:33.515254 136604 net.cpp:210] Setting up norm1
I1108 23:51:33.528034 136604 net.cpp:217] Top shape: 32 96 55 55 (9292800)
I1108 23:51:33.528422 136604 net.cpp:225] Memory required for data: 131300864
I1108 23:51:33.528733 136604 layer_factory.hpp:114] Creating layer pool1
I1108 23:51:33.621963 136604 net.cpp:160] Creating Layer pool1
I1108 23:51:33.622282 136604 net.cpp:596] pool1 <- norm1
I1108 23:51:33.637034 136604 net.cpp:570] pool1 -> pool1
I1108 23:51:33.938552 136604 net.cpp:210] Setting up pool1
I1108 23:51:33.941056 136604 net.cpp:217] Top shape: 32 96 27 27 (2239488)
I1108 23:51:33.941388 136604 net.cpp:225] Memory required for data: 140258816
I1108 23:51:33.941606 136604 layer_factory.hpp:114] Creating layer conv2
I1108 23:51:33.941959 136604 net.cpp:160] Creating Layer conv2
I1108 23:51:33.942216 136604 net.cpp:596] conv2 <- pool1
I1108 23:51:33.942458 136604 net.cpp:570] conv2 -> conv2
I1108 23:51:39.695768 136604 net.cpp:210] Setting up conv2
I1108 23:51:39.696135 136604 net.cpp:217] Top shape: 32 256 27 27 (5971968)
I1108 23:51:39.696627 136604 net.cpp:225] Memory required for data: 164146688
I1108 23:51:39.748225 136604 layer_factory.hpp:114] Creating layer relu2
I1108 23:51:39.748646 136604 net.cpp:160] Creating Layer relu2
I1108 23:51:39.749061 136604 net.cpp:596] relu2 <- conv2
I1108 23:51:39.749325 136604 net.cpp:557] relu2 -> conv2 (in-place)
I1108 23:51:39.749785 136604 net.cpp:210] Setting up relu2
I1108 23:51:39.750056 136604 net.cpp:217] Top shape: 32 256 27 27 (5971968)
I1108 23:51:39.750290 136604 net.cpp:225] Memory required for data: 188034560
I1108 23:51:39.750480 136604 layer_factory.hpp:114] Creating layer norm2
I1108 23:51:39.750725 136604 net.cpp:160] Creating Layer norm2
I1108 23:51:39.750928 136604 net.cpp:596] norm2 <- conv2
I1108 23:51:39.751158 136604 net.cpp:570] norm2 -> norm2
I1108 23:51:39.753450 136604 net.cpp:210] Setting up norm2
I1108 23:51:39.753767 136604 net.cpp:217] Top shape: 32 256 27 27 (5971968)
I1108 23:51:39.754001 136604 net.cpp:225] Memory required for data: 211922432
I1108 23:51:39.754225 136604 layer_factory.hpp:114] Creating layer pool2
I1108 23:51:39.755199 136604 net.cpp:160] Creating Layer pool2
I1108 23:51:39.755498 136604 net.cpp:596] pool2 <- norm2
I1108 23:51:39.755743 136604 net.cpp:570] pool2 -> pool2
I1108 23:51:39.756150 136604 net.cpp:210] Setting up pool2
I1108 23:51:39.756398 136604 net.cpp:217] Top shape: 32 256 13 13 (1384448)
I1108 23:51:39.756618 136604 net.cpp:225] Memory required for data: 217460224
I1108 23:51:39.756891 136604 layer_factory.hpp:114] Creating layer conv3
I1108 23:51:39.757297 136604 net.cpp:160] Creating Layer conv3
I1108 23:51:39.757566 136604 net.cpp:596] conv3 <- pool2
I1108 23:51:39.757845 136604 net.cpp:570] conv3 -> conv3
I1108 23:51:40.260871 136604 net.cpp:210] Setting up conv3
I1108 23:51:40.263276 136604 net.cpp:217] Top shape: 32 384 13 13 (2076672)
I1108 23:51:40.263629 136604 net.cpp:225] Memory required for data: 225766912
I1108 23:51:40.266702 136604 layer_factory.hpp:114] Creating layer relu3
I1108 23:51:40.267102 136604 net.cpp:160] Creating Layer relu3
I1108 23:51:40.267354 136604 net.cpp:596] relu3 <- conv3
I1108 23:51:40.267633 136604 net.cpp:557] relu3 -> conv3 (in-place)
I1108 23:51:40.271729 136604 net.cpp:210] Setting up relu3
I1108 23:51:40.272037 136604 net.cpp:217] Top shape: 32 384 13 13 (2076672)
I1108 23:51:40.272282 136604 net.cpp:225] Memory required for data: 234073600
I1108 23:51:40.272476 136604 layer_factory.hpp:114] Creating layer conv4
I1108 23:51:40.272879 136604 net.cpp:160] Creating Layer conv4
I1108 23:51:40.273207 136604 net.cpp:596] conv4 <- conv3
I1108 23:51:40.273481 136604 net.cpp:570] conv4 -> conv4
I1108 23:51:40.514405 136604 net.cpp:210] Setting up conv4
I1108 23:51:40.514789 136604 net.cpp:217] Top shape: 32 384 13 13 (2076672)
I1108 23:51:40.515229 136604 net.cpp:225] Memory required for data: 242380288
I1108 23:51:40.515568 136604 layer_factory.hpp:114] Creating layer relu4
I1108 23:51:40.515861 136604 net.cpp:160] Creating Layer relu4
I1108 23:51:40.516080 136604 net.cpp:596] relu4 <- conv4
I1108 23:51:40.516309 136604 net.cpp:557] relu4 -> conv4 (in-place)
I1108 23:51:40.528748 136604 net.cpp:210] Setting up relu4
I1108 23:51:40.529135 136604 net.cpp:217] Top shape: 32 384 13 13 (2076672)
I1108 23:51:40.529569 136604 net.cpp:225] Memory required for data: 250686976
I1108 23:51:40.529814 136604 layer_factory.hpp:114] Creating layer conv5
I1108 23:51:40.530176 136604 net.cpp:160] Creating Layer conv5
I1108 23:51:40.530413 136604 net.cpp:596] conv5 <- conv4
I1108 23:51:40.530652 136604 net.cpp:570] conv5 -> conv5
I1108 23:51:40.699769 136604 net.cpp:210] Setting up conv5
I1108 23:51:40.700162 136604 net.cpp:217] Top shape: 32 256 13 13 (1384448)
I1108 23:51:40.700594 136604 net.cpp:225] Memory required for data: 256224768
I1108 23:51:40.705231 136604 layer_factory.hpp:114] Creating layer relu5
I1108 23:51:40.705636 136604 net.cpp:160] Creating Layer relu5
I1108 23:51:40.705924 136604 net.cpp:596] relu5 <- conv5
I1108 23:51:40.706209 136604 net.cpp:557] relu5 -> conv5 (in-place)
I1108 23:51:40.706707 136604 net.cpp:210] Setting up relu5
I1108 23:51:40.706997 136604 net.cpp:217] Top shape: 32 256 13 13 (1384448)
I1108 23:51:40.707238 136604 net.cpp:225] Memory required for data: 261762560
I1108 23:51:40.707450 136604 layer_factory.hpp:114] Creating layer pool5
I1108 23:51:40.707717 136604 net.cpp:160] Creating Layer pool5
I1108 23:51:40.707937 136604 net.cpp:596] pool5 <- conv5
I1108 23:51:40.708159 136604 net.cpp:570] pool5 -> pool5
I1108 23:51:40.708554 136604 net.cpp:210] Setting up pool5
I1108 23:51:40.708853 136604 net.cpp:217] Top shape: 32 256 6 6 (294912)
I1108 23:51:40.709127 136604 net.cpp:225] Memory required for data: 262942208
I1108 23:51:40.709327 136604 layer_factory.hpp:114] Creating layer fc6
I1108 23:51:40.763509 136604 net.cpp:160] Creating Layer fc6
I1108 23:51:40.763819 136604 net.cpp:596] fc6 <- pool5
I1108 23:51:40.764188 136604 net.cpp:570] fc6 -> fc6
I1108 23:51:44.850349 136604 net.cpp:210] Setting up fc6
I1108 23:51:44.850654 136604 net.cpp:217] Top shape: 32 4096 (131072)
I1108 23:51:44.852665 136604 net.cpp:225] Memory required for data: 263466496
I1108 23:51:44.853029 136604 layer_factory.hpp:114] Creating layer relu6
I1108 23:51:44.855484 136604 net.cpp:160] Creating Layer relu6
I1108 23:51:44.855779 136604 net.cpp:596] relu6 <- fc6
I1108 23:51:44.856005 136604 net.cpp:557] relu6 -> fc6 (in-place)
I1108 23:51:44.856422 136604 net.cpp:210] Setting up relu6
I1108 23:51:44.856678 136604 net.cpp:217] Top shape: 32 4096 (131072)
I1108 23:51:44.856958 136604 net.cpp:225] Memory required for data: 263990784
I1108 23:51:44.857149 136604 layer_factory.hpp:114] Creating layer drop6
I1108 23:51:44.880175 136604 net.cpp:160] Creating Layer drop6
I1108 23:51:44.883359 136604 net.cpp:596] drop6 <- fc6
I1108 23:51:44.886121 136604 net.cpp:557] drop6 -> fc6 (in-place)
I1108 23:51:44.989552 136604 net.cpp:210] Setting up drop6
I1108 23:51:44.989845 136604 net.cpp:217] Top shape: 32 4096 (131072)
I1108 23:51:44.990175 136604 net.cpp:225] Memory required for data: 264515072
I1108 23:51:44.990417 136604 layer_factory.hpp:114] Creating layer fc7
I1108 23:51:44.990682 136604 net.cpp:160] Creating Layer fc7
I1108 23:51:44.990881 136604 net.cpp:596] fc7 <- fc6
I1108 23:51:44.991255 136604 net.cpp:570] fc7 -> fc7
I1108 23:51:46.703902 136604 net.cpp:210] Setting up fc7
I1108 23:51:46.704273 136604 net.cpp:217] Top shape: 32 4096 (131072)
I1108 23:51:46.704691 136604 net.cpp:225] Memory required for data: 265039360
I1108 23:51:46.705102 136604 layer_factory.hpp:114] Creating layer relu7
I1108 23:51:46.705431 136604 net.cpp:160] Creating Layer relu7
I1108 23:51:46.705672 136604 net.cpp:596] relu7 <- fc7
I1108 23:51:46.705924 136604 net.cpp:557] relu7 -> fc7 (in-place)
I1108 23:51:46.706368 136604 net.cpp:210] Setting up relu7
I1108 23:51:46.706660 136604 net.cpp:217] Top shape: 32 4096 (131072)
I1108 23:51:46.706900 136604 net.cpp:225] Memory required for data: 265563648
I1108 23:51:46.707128 136604 layer_factory.hpp:114] Creating layer drop7
I1108 23:51:46.707381 136604 net.cpp:160] Creating Layer drop7
I1108 23:51:46.707600 136604 net.cpp:596] drop7 <- fc7
I1108 23:51:46.707883 136604 net.cpp:557] drop7 -> fc7 (in-place)
I1108 23:51:46.708156 136604 net.cpp:210] Setting up drop7
I1108 23:51:46.708359 136604 net.cpp:217] Top shape: 32 4096 (131072)
I1108 23:51:46.708569 136604 net.cpp:225] Memory required for data: 266087936
I1108 23:51:46.708750 136604 layer_factory.hpp:114] Creating layer fc8
I1108 23:51:46.709065 136604 net.cpp:160] Creating Layer fc8
I1108 23:51:46.709271 136604 net.cpp:596] fc8 <- fc7
I1108 23:51:46.709498 136604 net.cpp:570] fc8 -> fc8
I1108 23:51:47.132577 136604 net.cpp:210] Setting up fc8
I1108 23:51:47.133002 136604 net.cpp:217] Top shape: 32 1000 (32000)
I1108 23:51:47.133441 136604 net.cpp:225] Memory required for data: 266215936
I1108 23:51:47.133765 136604 layer_factory.hpp:114] Creating layer loss
I1108 23:51:47.158520 136604 net.cpp:160] Creating Layer loss
I1108 23:51:47.158843 136604 net.cpp:596] loss <- fc8
I1108 23:51:47.159878 136604 net.cpp:596] loss <- label
I1108 23:51:47.187173 136604 net.cpp:570] loss -> loss
I1108 23:51:47.225189 136604 layer_factory.hpp:114] Creating layer loss
I1108 23:51:49.771114 136604 net.cpp:210] Setting up loss
I1108 23:51:49.821096 136604 net.cpp:217] Top shape: (1)
I1108 23:51:49.830441 136604 net.cpp:220]     with loss weight 1
I1108 23:51:49.960149 136604 net.cpp:225] Memory required for data: 266215940
I1108 23:51:50.010949 136604 net.cpp:287] loss needs backward computation.
I1108 23:51:50.097688 136604 net.cpp:287] fc8 needs backward computation.
I1108 23:51:50.104943 136604 net.cpp:287] drop7 needs backward computation.
I1108 23:51:50.115834 136604 net.cpp:287] relu7 needs backward computation.
I1108 23:51:50.116156 136604 net.cpp:287] fc7 needs backward computation.
I1108 23:51:50.118582 136604 net.cpp:287] drop6 needs backward computation.
I1108 23:51:50.118890 136604 net.cpp:287] relu6 needs backward computation.
I1108 23:51:50.119115 136604 net.cpp:287] fc6 needs backward computation.
I1108 23:51:50.119927 136604 net.cpp:287] pool5 needs backward computation.
I1108 23:51:50.120687 136604 net.cpp:287] relu5 needs backward computation.
I1108 23:51:50.121014 136604 net.cpp:287] conv5 needs backward computation.
I1108 23:51:50.121212 136604 net.cpp:287] relu4 needs backward computation.
I1108 23:51:50.121399 136604 net.cpp:287] conv4 needs backward computation.
I1108 23:51:50.121582 136604 net.cpp:287] relu3 needs backward computation.
I1108 23:51:50.121762 136604 net.cpp:287] conv3 needs backward computation.
I1108 23:51:50.134063 136604 net.cpp:287] pool2 needs backward computation.
I1108 23:51:50.134419 136604 net.cpp:287] norm2 needs backward computation.
I1108 23:51:50.134783 136604 net.cpp:287] relu2 needs backward computation.
I1108 23:51:50.135021 136604 net.cpp:287] conv2 needs backward computation.
I1108 23:51:50.135208 136604 net.cpp:287] pool1 needs backward computation.
I1108 23:51:50.135390 136604 net.cpp:287] norm1 needs backward computation.
I1108 23:51:50.135567 136604 net.cpp:287] relu1 needs backward computation.
I1108 23:51:50.135740 136604 net.cpp:287] conv1 needs backward computation.
I1108 23:51:50.148237 136604 net.cpp:289] data does not need backward computation.
I1108 23:51:50.172992 136604 net.cpp:331] This network produces output loss
I1108 23:51:50.243615 136604 net.cpp:345] Network initialization done.
I1108 23:51:50.412299 136604 caffe.cpp:452] Performing Forward
I1108 23:52:03.433328 136604 caffe.cpp:457] Initial loss: 6.95284
I1108 23:52:03.492092 136604 caffe.cpp:459] Performing Backward
I1108 23:52:08.338235 136604 caffe.cpp:468] *** Benchmark begins ***
I1108 23:52:08.353289 136604 caffe.cpp:469] Testing for 1 iterations.
I1108 23:52:08.498728 136604 caffe.cpp:482] Profiling Layer: relu3 forward
I1108 23:52:10.666218 136604 caffe.cpp:512] Iteration: 1 forward-backward time: 2154 ms.
I1108 23:52:10.822667 136604 caffe.cpp:519] Average time per layer: 
I1108 23:52:10.838317 136604 caffe.cpp:522]       data	forward: 544.949 ms.
I1108 23:52:10.907183 136604 caffe.cpp:526]       data	backward: 7.25 ms.
I1108 23:52:10.933677 136604 caffe.cpp:522]      conv1	forward: 136.856 ms.
I1108 23:52:10.939343 136604 caffe.cpp:526]      conv1	backward: 48.61 ms.
I1108 23:52:10.945474 136604 caffe.cpp:522]      relu1	forward: 14.83 ms.
I1108 23:52:10.954380 136604 caffe.cpp:526]      relu1	backward: 22.374 ms.
I1108 23:52:10.964221 136604 caffe.cpp:522]      norm1	forward: 19.887 ms.
I1108 23:52:10.972079 136604 caffe.cpp:526]      norm1	backward: 13.309 ms.
I1108 23:52:10.981439 136604 caffe.cpp:522]      pool1	forward: 14.638 ms.
I1108 23:52:10.987134 136604 caffe.cpp:526]      pool1	backward: 81.539 ms.
I1108 23:52:10.999697 136604 caffe.cpp:522]      conv2	forward: 73.273 ms.
I1108 23:52:11.004463 136604 caffe.cpp:526]      conv2	backward: 79.469 ms.
I1108 23:52:11.009070 136604 caffe.cpp:522]      relu2	forward: 17.307 ms.
I1108 23:52:11.013269 136604 caffe.cpp:526]      relu2	backward: 15.628 ms.
I1108 23:52:11.025512 136604 caffe.cpp:522]      norm2	forward: 12.629 ms.
I1108 23:52:11.037096 136604 caffe.cpp:526]      norm2	backward: 14.893 ms.
I1108 23:52:11.039913 136604 caffe.cpp:522]      pool2	forward: 15.736 ms.
I1108 23:52:11.040211 136604 caffe.cpp:526]      pool2	backward: 62.702 ms.
I1108 23:52:11.040505 136604 caffe.cpp:522]      conv3	forward: 36.215 ms.
I1108 23:52:11.040745 136604 caffe.cpp:526]      conv3	backward: 87.682 ms.
I1108 23:52:11.040980 136604 caffe.cpp:522]      relu3	forward: 26.321 ms.
I1108 23:52:11.041172 136604 caffe.cpp:526]      relu3	backward: 35.498 ms.
I1108 23:52:11.041360 136604 caffe.cpp:522]      conv4	forward: 25.731 ms.
I1108 23:52:11.041549 136604 caffe.cpp:526]      conv4	backward: 48.475 ms.
I1108 23:52:11.041739 136604 caffe.cpp:522]      relu4	forward: 15.309 ms.
I1108 23:52:11.041929 136604 caffe.cpp:526]      relu4	backward: 7.31 ms.
I1108 23:52:11.042115 136604 caffe.cpp:522]      conv5	forward: 31.099 ms.
I1108 23:52:11.042917 136604 caffe.cpp:526]      conv5	backward: 18.552 ms.
I1108 23:52:11.043217 136604 caffe.cpp:522]      relu5	forward: 16.186 ms.
I1108 23:52:11.043484 136604 caffe.cpp:526]      relu5	backward: 0.225 ms.
I1108 23:52:11.043735 136604 caffe.cpp:522]      pool5	forward: 8.091 ms.
I1108 23:52:11.044499 136604 caffe.cpp:526]      pool5	backward: 9.156 ms.
I1108 23:52:11.044720 136604 caffe.cpp:522]        fc6	forward: 45.324 ms.
I1108 23:52:11.044963 136604 caffe.cpp:526]        fc6	backward: 27.138 ms.
I1108 23:52:11.045156 136604 caffe.cpp:522]      relu6	forward: 19.173 ms.
I1108 23:52:11.045346 136604 caffe.cpp:526]      relu6	backward: 0.085 ms.
I1108 23:52:11.047873 136604 caffe.cpp:522]      drop6	forward: 32.988 ms.
I1108 23:52:11.048125 136604 caffe.cpp:526]      drop6	backward: 0.079 ms.
I1108 23:52:11.048321 136604 caffe.cpp:522]        fc7	forward: 13.721 ms.
I1108 23:52:11.048517 136604 caffe.cpp:526]        fc7	backward: 16.707 ms.
I1108 23:52:11.048746 136604 caffe.cpp:522]      relu7	forward: 13.796 ms.
I1108 23:52:11.049021 136604 caffe.cpp:526]      relu7	backward: 0.086 ms.
I1108 23:52:11.049338 136604 caffe.cpp:522]      drop7	forward: 25.013 ms.
I1108 23:52:11.049615 136604 caffe.cpp:526]      drop7	backward: 0.099 ms.
I1108 23:52:11.049844 136604 caffe.cpp:522]        fc8	forward: 11.473 ms.
I1108 23:52:11.050035 136604 caffe.cpp:526]        fc8	backward: 185.864 ms.
I1108 23:52:11.050226 136604 caffe.cpp:522]       loss	forward: 47.594 ms.
I1108 23:52:11.050415 136604 caffe.cpp:526]       loss	backward: 60.01 ms.
I1108 23:52:11.055850 136604 caffe.cpp:532] Average Forward pass: 1273.68 ms.
I1108 23:52:11.070359 136604 caffe.cpp:535] Average Backward pass: 851.479 ms.
I1108 23:52:11.081420 136604 caffe.cpp:537] Average Forward-Backward: 2658 ms.
I1108 23:52:11.096065 136604 caffe.cpp:540] Total Time: 2658 ms.
I1108 23:52:11.108244 136604 caffe.cpp:541] *** Benchmark ends ***
Search stanza is "EMIT_GLOBAL_DYNAMIC_STATS"
elements_fp_single_1 = 1
elements_fp_single_4 = 0
elements_fp_single_8 = 0
elements_fp_single_16 = 129792
elements_fp_double_1 = 0
elements_fp_double_2 = 129792
elements_fp_double_4 = 0
elements_fp_double_8 = 0
--->Total single-precision FLOPs = 2076673
--->Total double-precision FLOPs = 259584
--->Total FLOPs = 2336257
mem-read-1 = 21836
mem-read-2 = 34
mem-read-4 = 175515
mem-read-8 = 244226
mem-read-16 = 0
mem-read-32 = 1
mem-read-64 = 259601
mem-write-1 = 50
mem-write-2 = 17
mem-write-4 = 564
mem-write-8 = 23920
mem-write-16 = 0
mem-write-32 = 1
mem-write-64 = 129793
--->Total Bytes read = 19292268
--->Total Bytes written = 8500484
--->Total Bytes = 27792752
