sde64 -knl -d -iform 1 -omix sde_knl/knl_sde_layer6_dir1.out.mix -global_region -start_ssc_mark 111:repeat -stop_ssc_mark 222:repeat -- /project/projectdirs/mpccc/tmalas/intelcaffe/install_carl/bin/caffe time -model=src/models/mkl2017_alexnet/train_val.prototxt -iterations=1 -prof_layer=6 -prof_forward_direction=1
I1108 23:27:55.164598 136042 caffe.cpp:444] Use CPU.
I1108 23:28:11.983562 136042 cpu_info.cpp:452] Processor speed [MHz]: 1400
I1108 23:28:12.039065 136042 cpu_info.cpp:455] Total number of sockets: 1
I1108 23:28:12.051154 136042 cpu_info.cpp:458] Total number of CPU cores: 68
I1108 23:28:12.063665 136042 cpu_info.cpp:461] Total number of processors: 272
I1108 23:28:12.074959 136042 cpu_info.cpp:464] GPU is used: no
I1108 23:28:12.083859 136042 cpu_info.cpp:467] OpenMP environmental variables are specified: yes
I1108 23:28:12.092738 136042 cpu_info.cpp:470] OpenMP thread bind allowed: no
I1108 23:28:12.103850 136042 cpu_info.cpp:473] Number of OpenMP threads: 16
I1108 23:28:20.829848 136042 net.cpp:484] The NetState phase (0) differed from the phase (1) specified by a rule in layer data
I1108 23:28:20.862455 136042 net.cpp:484] The NetState phase (0) differed from the phase (1) specified by a rule in layer accuracy
I1108 23:28:21.487121 136042 net.cpp:120] Initializing net from parameters: 
name: "AlexNet"
state {
  phase: TRAIN
  level: 0
  stage: ""
}
layer {
  name: "data"
  type: "DummyData"
  top: "data"
  top: "label"
  include {
    phase: TRAIN
  }
  dummy_data_param {
    data_filler {
      type: "gaussian"
      std: 1
    }
    data_filler {
      type: "constant"
      value: 0
    }
    shape {
      dim: 32
      dim: 3
      dim: 227
      dim: 227
    }
    shape {
      dim: 32
      dim: 1
      dim: 1
      dim: 1
    }
  }
}
layer {
  name: "conv1"
  type: "Convolution"
  bottom: "data"
  top: "conv1"
  param {
    lr_mult: 1
    decay_mult: 1
  }
  param {
    lr_mult: 2
    decay_mult: 0
  }
  convolution_param {
    num_output: 96
    kernel_size: 11
    stride: 4
    weight_filler {
      type: "gaussian"
      std: 0.01
    }
    bias_filler {
      type: "constant"
      value: 0
    }
    engine: MKL2017
  }
}
layer {
  name: "relu1"
  type: "ReLU"
  bottom: "conv1"
  top: "conv1"
  relu_param {
    engine: MKL2017
  }
}
layer {
  name: "norm1"
  type: "LRN"
  bottom: "conv1"
  top: "norm1"
  lrn_param {
    local_size: 5
    alpha: 0.0001
    beta: 0.75
    engine: MKL2017
  }
}
layer {
  name: "pool1"
  type: "Pooling"
  bottom: "norm1"
  top: "pool1"
  pooling_param {
    pool: MAX
    kernel_size: 3
    stride: 2
    engine: MKL2017
  }
}
layer {
  name: "conv2"
  type: "Convolution"
  bottom: "pool1"
  top: "conv2"
  param {
    lr_mult: 1
    decay_mult: 1
  }
  param {
    lr_mult: 2
    decay_mult: 0
  }
  convolution_param {
    num_output: 256
    pad: 2
    kernel_size: 5
    group: 2
    weight_filler {
      type: "gaussian"
      std: 0.01
    }
    bias_filler {
      type: "constant"
      value: 0.1
    }
    engine: MKL2017
  }
}
layer {
  name: "relu2"
  type: "ReLU"
  bottom: "conv2"
  top: "conv2"
  relu_param {
    engine: MKL2017
  }
}
layer {
  name: "norm2"
  type: "LRN"
  bottom: "conv2"
  top: "norm2"
  lrn_param {
    local_size: 5
    alpha: 0.0001
    beta: 0.75
    engine: MKL2017
  }
}
layer {
  name: "pool2"
  type: "Pooling"
  bottom: "norm2"
  top: "pool2"
  pooling_param {
    pool: MAX
    kernel_size: 3
    stride: 2
    engine: MKL2017
  }
}
layer {
  name: "conv3"
  type: "Convolution"
  bottom: "pool2"
  top: "conv3"
  param {
    lr_mult: 1
    decay_mult: 1
  }
  param {
    lr_mult: 2
    decay_mult: 0
  }
  convolution_param {
    num_output: 384
    pad: 1
    kernel_size: 3
    weight_filler {
      type: "gaussian"
      std: 0.01
    }
    bias_filler {
      type: "constant"
      value: 0
    }
    engine: MKL2017
  }
}
layer {
  name: "relu3"
  type: "ReLU"
  bottom: "conv3"
  top: "conv3"
  relu_param {
    engine: MKL2017
  }
}
layer {
  name: "conv4"
  type: "Convolution"
  bottom: "conv3"
  top: "conv4"
  param {
    lr_mult: 1
    decay_mult: 1
  }
  param {
    lr_mult: 2
    decay_mult: 0
  }
  convolution_param {
    num_output: 384
    pad: 1
    kernel_size: 3
    group: 2
    weight_filler {
      type: "gaussian"
      std: 0.01
    }
    bias_filler {
      type: "constant"
      value: 0.1
    }
    engine: MKL2017
  }
}
layer {
  name: "relu4"
  type: "ReLU"
  bottom: "conv4"
  top: "conv4"
  relu_param {
    engine: MKL2017
  }
}
layer {
  name: "conv5"
  type: "Convolution"
  bottom: "conv4"
  top: "conv5"
  param {
    lr_mult: 1
    decay_mult: 1
  }
  param {
    lr_mult: 2
    decay_mult: 0
  }
  convolution_param {
    num_output: 256
    pad: 1
    kernel_size: 3
    group: 2
    weight_filler {
      type: "gaussian"
      std: 0.01
    }
    bias_filler {
      type: "constant"
      value: 0.1
    }
    engine: MKL2017
  }
}
layer {
  name: "relu5"
  type: "ReLU"
  bottom: "conv5"
  top: "conv5"
  relu_param {
    engine: MKL2017
  }
}
layer {
  name: "pool5"
  type: "Pooling"
  bottom: "conv5"
  top: "pool5"
  pooling_param {
    pool: MAX
    kernel_size: 3
    stride: 2
    engine: MKL2017
  }
}
layer {
  name: "fc6"
  type: "InnerProduct"
  bottom: "pool5"
  top: "fc6"
  param {
    lr_mult: 1
    decay_mult: 1
  }
  param {
    lr_mult: 2
    decay_mult: 0
  }
  inner_product_param {
    num_output: 4096
    weight_filler {
      type: "gaussian"
      std: 0.005
    }
    bias_filler {
      type: "constant"
      value: 0.1
    }
  }
}
layer {
  name: "relu6"
  type: "ReLU"
  bottom: "fc6"
  top: "fc6"
}
layer {
  name: "drop6"
  type: "Dropout"
  bottom: "fc6"
  top: "fc6"
  dropout_param {
    dropout_ratio: 0.5
  }
}
layer {
  name: "fc7"
  type: "InnerProduct"
  bottom: "fc6"
  top: "fc7"
  param {
    lr_mult: 1
    decay_mult: 1
  }
  param {
    lr_mult: 2
    decay_mult: 0
  }
  inner_product_param {
    num_output: 4096
    weight_filler {
      type: "gaussian"
      std: 0.005
    }
    bias_filler {
      type: "constant"
      value: 0.1
    }
  }
}
layer {
  name: "relu7"
  type: "ReLU"
  bottom: "fc7"
  top: "fc7"
}
layer {
  name: "drop7"
  type: "Dropout"
  bottom: "fc7"
  top: "fc7"
  dropout_param {
    dropout_ratio: 0.5
  }
}
layer {
  name: "fc8"
  type: "InnerProduct"
  bottom: "fc7"
  top: "fc8"
  param {
    lr_mult: 1
    decay_mult: 1
  }
  param {
    lr_mult: 2
    decay_mult: 0
  }
  inner_product_param {
    num_output: 1000
    weight_filler {
      type: "gaussian"
      std: 0.01
    }
    bias_filler {
      type: "constant"
      value: 0
    }
  }
}
layer {
  name: "loss"
  type: "SoftmaxWithLoss"
  bottom: "fc8"
  bottom: "label"
  top: "loss"
}
I1108 23:28:23.910548 136042 layer_factory.hpp:114] Creating layer data
I1108 23:28:24.056545 136042 net.cpp:160] Creating Layer data
I1108 23:28:24.104398 136042 net.cpp:570] data -> data
I1108 23:28:24.569362 136042 net.cpp:570] data -> label
I1108 23:28:31.536248 136042 net.cpp:210] Setting up data
I1108 23:28:31.618154 136042 net.cpp:217] Top shape: 32 3 227 227 (4946784)
I1108 23:28:31.721978 136042 net.cpp:217] Top shape: 32 1 1 1 (32)
I1108 23:28:31.729212 136042 net.cpp:225] Memory required for data: 19787264
I1108 23:28:31.795910 136042 layer_factory.hpp:114] Creating layer conv1
I1108 23:28:32.119140 136042 net.cpp:160] Creating Layer conv1
I1108 23:28:32.168274 136042 net.cpp:596] conv1 <- data
I1108 23:28:32.291317 136042 net.cpp:570] conv1 -> conv1
I1108 23:29:04.977851 136042 net.cpp:210] Setting up conv1
I1108 23:29:04.984694 136042 net.cpp:217] Top shape: 32 96 55 55 (9292800)
I1108 23:29:04.985158 136042 net.cpp:225] Memory required for data: 56958464
I1108 23:29:05.263978 136042 layer_factory.hpp:114] Creating layer relu1
I1108 23:29:05.383131 136042 net.cpp:160] Creating Layer relu1
I1108 23:29:05.387699 136042 net.cpp:596] relu1 <- conv1
I1108 23:29:05.419469 136042 net.cpp:557] relu1 -> conv1 (in-place)
I1108 23:29:05.611632 136042 net.cpp:210] Setting up relu1
I1108 23:29:05.614127 136042 net.cpp:217] Top shape: 32 96 55 55 (9292800)
I1108 23:29:05.614498 136042 net.cpp:225] Memory required for data: 94129664
I1108 23:29:05.614715 136042 layer_factory.hpp:114] Creating layer norm1
I1108 23:29:05.718842 136042 net.cpp:160] Creating Layer norm1
I1108 23:29:05.719154 136042 net.cpp:596] norm1 <- conv1
I1108 23:29:05.721709 136042 net.cpp:570] norm1 -> norm1
I1108 23:29:05.944649 136042 net.cpp:210] Setting up norm1
I1108 23:29:05.957506 136042 net.cpp:217] Top shape: 32 96 55 55 (9292800)
I1108 23:29:05.957880 136042 net.cpp:225] Memory required for data: 131300864
I1108 23:29:05.958214 136042 layer_factory.hpp:114] Creating layer pool1
I1108 23:29:06.050983 136042 net.cpp:160] Creating Layer pool1
I1108 23:29:06.051293 136042 net.cpp:596] pool1 <- norm1
I1108 23:29:06.065979 136042 net.cpp:570] pool1 -> pool1
I1108 23:29:06.363966 136042 net.cpp:210] Setting up pool1
I1108 23:29:06.366437 136042 net.cpp:217] Top shape: 32 96 27 27 (2239488)
I1108 23:29:06.366762 136042 net.cpp:225] Memory required for data: 140258816
I1108 23:29:06.367007 136042 layer_factory.hpp:114] Creating layer conv2
I1108 23:29:06.367374 136042 net.cpp:160] Creating Layer conv2
I1108 23:29:06.367591 136042 net.cpp:596] conv2 <- pool1
I1108 23:29:06.367828 136042 net.cpp:570] conv2 -> conv2
I1108 23:29:12.077703 136042 net.cpp:210] Setting up conv2
I1108 23:29:12.078016 136042 net.cpp:217] Top shape: 32 256 27 27 (5971968)
I1108 23:29:12.078408 136042 net.cpp:225] Memory required for data: 164146688
I1108 23:29:12.129670 136042 layer_factory.hpp:114] Creating layer relu2
I1108 23:29:12.130084 136042 net.cpp:160] Creating Layer relu2
I1108 23:29:12.130447 136042 net.cpp:596] relu2 <- conv2
I1108 23:29:12.130731 136042 net.cpp:557] relu2 -> conv2 (in-place)
I1108 23:29:12.131166 136042 net.cpp:210] Setting up relu2
I1108 23:29:12.131429 136042 net.cpp:217] Top shape: 32 256 27 27 (5971968)
I1108 23:29:12.131661 136042 net.cpp:225] Memory required for data: 188034560
I1108 23:29:12.131846 136042 layer_factory.hpp:114] Creating layer norm2
I1108 23:29:12.132082 136042 net.cpp:160] Creating Layer norm2
I1108 23:29:12.132272 136042 net.cpp:596] norm2 <- conv2
I1108 23:29:12.132535 136042 net.cpp:570] norm2 -> norm2
I1108 23:29:12.134579 136042 net.cpp:210] Setting up norm2
I1108 23:29:12.134902 136042 net.cpp:217] Top shape: 32 256 27 27 (5971968)
I1108 23:29:12.135145 136042 net.cpp:225] Memory required for data: 211922432
I1108 23:29:12.135344 136042 layer_factory.hpp:114] Creating layer pool2
I1108 23:29:12.136248 136042 net.cpp:160] Creating Layer pool2
I1108 23:29:12.136554 136042 net.cpp:596] pool2 <- norm2
I1108 23:29:12.136858 136042 net.cpp:570] pool2 -> pool2
I1108 23:29:12.137331 136042 net.cpp:210] Setting up pool2
I1108 23:29:12.137578 136042 net.cpp:217] Top shape: 32 256 13 13 (1384448)
I1108 23:29:12.137796 136042 net.cpp:225] Memory required for data: 217460224
I1108 23:29:12.137992 136042 layer_factory.hpp:114] Creating layer conv3
I1108 23:29:12.138365 136042 net.cpp:160] Creating Layer conv3
I1108 23:29:12.138725 136042 net.cpp:596] conv3 <- pool2
I1108 23:29:12.139047 136042 net.cpp:570] conv3 -> conv3
I1108 23:29:12.635665 136042 net.cpp:210] Setting up conv3
I1108 23:29:12.638025 136042 net.cpp:217] Top shape: 32 384 13 13 (2076672)
I1108 23:29:12.638366 136042 net.cpp:225] Memory required for data: 225766912
I1108 23:29:12.641361 136042 layer_factory.hpp:114] Creating layer relu3
I1108 23:29:12.641788 136042 net.cpp:160] Creating Layer relu3
I1108 23:29:12.642036 136042 net.cpp:596] relu3 <- conv3
I1108 23:29:12.642282 136042 net.cpp:557] relu3 -> conv3 (in-place)
I1108 23:29:12.646361 136042 net.cpp:210] Setting up relu3
I1108 23:29:12.646666 136042 net.cpp:217] Top shape: 32 384 13 13 (2076672)
I1108 23:29:12.646905 136042 net.cpp:225] Memory required for data: 234073600
I1108 23:29:12.647099 136042 layer_factory.hpp:114] Creating layer conv4
I1108 23:29:12.647482 136042 net.cpp:160] Creating Layer conv4
I1108 23:29:12.647742 136042 net.cpp:596] conv4 <- conv3
I1108 23:29:12.647999 136042 net.cpp:570] conv4 -> conv4
I1108 23:29:12.893352 136042 net.cpp:210] Setting up conv4
I1108 23:29:12.893753 136042 net.cpp:217] Top shape: 32 384 13 13 (2076672)
I1108 23:29:12.894177 136042 net.cpp:225] Memory required for data: 242380288
I1108 23:29:12.894502 136042 layer_factory.hpp:114] Creating layer relu4
I1108 23:29:12.894814 136042 net.cpp:160] Creating Layer relu4
I1108 23:29:12.895038 136042 net.cpp:596] relu4 <- conv4
I1108 23:29:12.895269 136042 net.cpp:557] relu4 -> conv4 (in-place)
I1108 23:29:12.907492 136042 net.cpp:210] Setting up relu4
I1108 23:29:12.907829 136042 net.cpp:217] Top shape: 32 384 13 13 (2076672)
I1108 23:29:12.908219 136042 net.cpp:225] Memory required for data: 250686976
I1108 23:29:12.908432 136042 layer_factory.hpp:114] Creating layer conv5
I1108 23:29:12.908838 136042 net.cpp:160] Creating Layer conv5
I1108 23:29:12.909101 136042 net.cpp:596] conv5 <- conv4
I1108 23:29:12.909348 136042 net.cpp:570] conv5 -> conv5
I1108 23:29:13.078950 136042 net.cpp:210] Setting up conv5
I1108 23:29:13.079329 136042 net.cpp:217] Top shape: 32 256 13 13 (1384448)
I1108 23:29:13.079722 136042 net.cpp:225] Memory required for data: 256224768
I1108 23:29:13.084386 136042 layer_factory.hpp:114] Creating layer relu5
I1108 23:29:13.084836 136042 net.cpp:160] Creating Layer relu5
I1108 23:29:13.085125 136042 net.cpp:596] relu5 <- conv5
I1108 23:29:13.085386 136042 net.cpp:557] relu5 -> conv5 (in-place)
I1108 23:29:13.085824 136042 net.cpp:210] Setting up relu5
I1108 23:29:13.086109 136042 net.cpp:217] Top shape: 32 256 13 13 (1384448)
I1108 23:29:13.086347 136042 net.cpp:225] Memory required for data: 261762560
I1108 23:29:13.086554 136042 layer_factory.hpp:114] Creating layer pool5
I1108 23:29:13.086810 136042 net.cpp:160] Creating Layer pool5
I1108 23:29:13.087016 136042 net.cpp:596] pool5 <- conv5
I1108 23:29:13.087268 136042 net.cpp:570] pool5 -> pool5
I1108 23:29:13.087676 136042 net.cpp:210] Setting up pool5
I1108 23:29:13.087963 136042 net.cpp:217] Top shape: 32 256 6 6 (294912)
I1108 23:29:13.088181 136042 net.cpp:225] Memory required for data: 262942208
I1108 23:29:13.088361 136042 layer_factory.hpp:114] Creating layer fc6
I1108 23:29:13.142213 136042 net.cpp:160] Creating Layer fc6
I1108 23:29:13.142518 136042 net.cpp:596] fc6 <- pool5
I1108 23:29:13.142874 136042 net.cpp:570] fc6 -> fc6
I1108 23:29:17.375531 136042 net.cpp:210] Setting up fc6
I1108 23:29:17.375833 136042 net.cpp:217] Top shape: 32 4096 (131072)
I1108 23:29:17.378042 136042 net.cpp:225] Memory required for data: 263466496
I1108 23:29:17.378355 136042 layer_factory.hpp:114] Creating layer relu6
I1108 23:29:17.380952 136042 net.cpp:160] Creating Layer relu6
I1108 23:29:17.381278 136042 net.cpp:596] relu6 <- fc6
I1108 23:29:17.381500 136042 net.cpp:557] relu6 -> fc6 (in-place)
I1108 23:29:17.381907 136042 net.cpp:210] Setting up relu6
I1108 23:29:17.382163 136042 net.cpp:217] Top shape: 32 4096 (131072)
I1108 23:29:17.382380 136042 net.cpp:225] Memory required for data: 263990784
I1108 23:29:17.382561 136042 layer_factory.hpp:114] Creating layer drop6
I1108 23:29:17.403167 136042 net.cpp:160] Creating Layer drop6
I1108 23:29:17.403484 136042 net.cpp:596] drop6 <- fc6
I1108 23:29:17.403885 136042 net.cpp:557] drop6 -> fc6 (in-place)
I1108 23:29:17.507678 136042 net.cpp:210] Setting up drop6
I1108 23:29:17.507967 136042 net.cpp:217] Top shape: 32 4096 (131072)
I1108 23:29:17.508357 136042 net.cpp:225] Memory required for data: 264515072
I1108 23:29:17.508608 136042 layer_factory.hpp:114] Creating layer fc7
I1108 23:29:17.508944 136042 net.cpp:160] Creating Layer fc7
I1108 23:29:17.509186 136042 net.cpp:596] fc7 <- fc6
I1108 23:29:17.509557 136042 net.cpp:570] fc7 -> fc7
I1108 23:29:19.235605 136042 net.cpp:210] Setting up fc7
I1108 23:29:19.235942 136042 net.cpp:217] Top shape: 32 4096 (131072)
I1108 23:29:19.236311 136042 net.cpp:225] Memory required for data: 265039360
I1108 23:29:19.236640 136042 layer_factory.hpp:114] Creating layer relu7
I1108 23:29:19.236979 136042 net.cpp:160] Creating Layer relu7
I1108 23:29:19.237211 136042 net.cpp:596] relu7 <- fc7
I1108 23:29:19.237439 136042 net.cpp:557] relu7 -> fc7 (in-place)
I1108 23:29:19.237854 136042 net.cpp:210] Setting up relu7
I1108 23:29:19.238118 136042 net.cpp:217] Top shape: 32 4096 (131072)
I1108 23:29:19.238346 136042 net.cpp:225] Memory required for data: 265563648
I1108 23:29:19.238533 136042 layer_factory.hpp:114] Creating layer drop7
I1108 23:29:19.238786 136042 net.cpp:160] Creating Layer drop7
I1108 23:29:19.238984 136042 net.cpp:596] drop7 <- fc7
I1108 23:29:19.239225 136042 net.cpp:557] drop7 -> fc7 (in-place)
I1108 23:29:19.239493 136042 net.cpp:210] Setting up drop7
I1108 23:29:19.239711 136042 net.cpp:217] Top shape: 32 4096 (131072)
I1108 23:29:19.239920 136042 net.cpp:225] Memory required for data: 266087936
I1108 23:29:19.240097 136042 layer_factory.hpp:114] Creating layer fc8
I1108 23:29:19.240334 136042 net.cpp:160] Creating Layer fc8
I1108 23:29:19.240525 136042 net.cpp:596] fc8 <- fc7
I1108 23:29:19.240742 136042 net.cpp:570] fc8 -> fc8
I1108 23:29:19.663746 136042 net.cpp:210] Setting up fc8
I1108 23:29:19.664106 136042 net.cpp:217] Top shape: 32 1000 (32000)
I1108 23:29:19.664510 136042 net.cpp:225] Memory required for data: 266215936
I1108 23:29:19.664894 136042 layer_factory.hpp:114] Creating layer loss
I1108 23:29:19.689699 136042 net.cpp:160] Creating Layer loss
I1108 23:29:19.690012 136042 net.cpp:596] loss <- fc8
I1108 23:29:19.690948 136042 net.cpp:596] loss <- label
I1108 23:29:19.718189 136042 net.cpp:570] loss -> loss
I1108 23:29:19.755893 136042 layer_factory.hpp:114] Creating layer loss
I1108 23:29:22.255797 136042 net.cpp:210] Setting up loss
I1108 23:29:22.301170 136042 net.cpp:217] Top shape: (1)
I1108 23:29:22.313973 136042 net.cpp:220]     with loss weight 1
I1108 23:29:22.442149 136042 net.cpp:225] Memory required for data: 266215940
I1108 23:29:22.481854 136042 net.cpp:287] loss needs backward computation.
I1108 23:29:22.567178 136042 net.cpp:287] fc8 needs backward computation.
I1108 23:29:22.574319 136042 net.cpp:287] drop7 needs backward computation.
I1108 23:29:22.585458 136042 net.cpp:287] relu7 needs backward computation.
I1108 23:29:22.585760 136042 net.cpp:287] fc7 needs backward computation.
I1108 23:29:22.588129 136042 net.cpp:287] drop6 needs backward computation.
I1108 23:29:22.588456 136042 net.cpp:287] relu6 needs backward computation.
I1108 23:29:22.588665 136042 net.cpp:287] fc6 needs backward computation.
I1108 23:29:22.589510 136042 net.cpp:287] pool5 needs backward computation.
I1108 23:29:22.590265 136042 net.cpp:287] relu5 needs backward computation.
I1108 23:29:22.590546 136042 net.cpp:287] conv5 needs backward computation.
I1108 23:29:22.590733 136042 net.cpp:287] relu4 needs backward computation.
I1108 23:29:22.590909 136042 net.cpp:287] conv4 needs backward computation.
I1108 23:29:22.591087 136042 net.cpp:287] relu3 needs backward computation.
I1108 23:29:22.591264 136042 net.cpp:287] conv3 needs backward computation.
I1108 23:29:22.603199 136042 net.cpp:287] pool2 needs backward computation.
I1108 23:29:22.603534 136042 net.cpp:287] norm2 needs backward computation.
I1108 23:29:22.603832 136042 net.cpp:287] relu2 needs backward computation.
I1108 23:29:22.604066 136042 net.cpp:287] conv2 needs backward computation.
I1108 23:29:22.604249 136042 net.cpp:287] pool1 needs backward computation.
I1108 23:29:22.604430 136042 net.cpp:287] norm1 needs backward computation.
I1108 23:29:22.604609 136042 net.cpp:287] relu1 needs backward computation.
I1108 23:29:22.604815 136042 net.cpp:287] conv1 needs backward computation.
I1108 23:29:22.617055 136042 net.cpp:289] data does not need backward computation.
I1108 23:29:22.643338 136042 net.cpp:331] This network produces output loss
I1108 23:29:22.716094 136042 net.cpp:345] Network initialization done.
I1108 23:29:22.882268 136042 caffe.cpp:452] Performing Forward
I1108 23:29:35.829942 136042 caffe.cpp:457] Initial loss: 6.95103
I1108 23:29:35.881341 136042 caffe.cpp:459] Performing Backward
I1108 23:29:40.622680 136042 caffe.cpp:468] *** Benchmark begins ***
I1108 23:29:40.635798 136042 caffe.cpp:469] Testing for 1 iterations.
I1108 23:29:40.780241 136042 caffe.cpp:482] Profiling Layer: relu2 forward
I1108 23:29:42.869884 136042 caffe.cpp:512] Iteration: 1 forward-backward time: 2079 ms.
I1108 23:29:43.028981 136042 caffe.cpp:519] Average time per layer: 
I1108 23:29:43.040374 136042 caffe.cpp:522]       data	forward: 559.845 ms.
I1108 23:29:43.110437 136042 caffe.cpp:526]       data	backward: 3.358 ms.
I1108 23:29:43.133406 136042 caffe.cpp:522]      conv1	forward: 124.683 ms.
I1108 23:29:43.139469 136042 caffe.cpp:526]      conv1	backward: 27.616 ms.
I1108 23:29:43.146299 136042 caffe.cpp:522]      relu1	forward: 19.528 ms.
I1108 23:29:43.155787 136042 caffe.cpp:526]      relu1	backward: 1.026 ms.
I1108 23:29:43.163362 136042 caffe.cpp:522]      norm1	forward: 16.349 ms.
I1108 23:29:43.171031 136042 caffe.cpp:526]      norm1	backward: 3.111 ms.
I1108 23:29:43.179075 136042 caffe.cpp:522]      pool1	forward: 18.476 ms.
I1108 23:29:43.189561 136042 caffe.cpp:526]      pool1	backward: 35.8 ms.
I1108 23:29:43.197654 136042 caffe.cpp:522]      conv2	forward: 64.714 ms.
I1108 23:29:43.210206 136042 caffe.cpp:526]      conv2	backward: 31.597 ms.
I1108 23:29:43.220387 136042 caffe.cpp:522]      relu2	forward: 25.874 ms.
I1108 23:29:43.228214 136042 caffe.cpp:526]      relu2	backward: 0.718 ms.
I1108 23:29:43.240964 136042 caffe.cpp:522]      norm2	forward: 14.424 ms.
I1108 23:29:43.248247 136042 caffe.cpp:526]      norm2	backward: 2.118 ms.
I1108 23:29:43.250156 136042 caffe.cpp:522]      pool2	forward: 13.15 ms.
I1108 23:29:43.250921 136042 caffe.cpp:526]      pool2	backward: 22.418 ms.
I1108 23:29:43.251143 136042 caffe.cpp:522]      conv3	forward: 39.195 ms.
I1108 23:29:43.251337 136042 caffe.cpp:526]      conv3	backward: 36.378 ms.
I1108 23:29:43.251528 136042 caffe.cpp:522]      relu3	forward: 15.357 ms.
I1108 23:29:43.251718 136042 caffe.cpp:526]      relu3	backward: 0.665 ms.
I1108 23:29:43.251909 136042 caffe.cpp:522]      conv4	forward: 36.016 ms.
I1108 23:29:43.252135 136042 caffe.cpp:526]      conv4	backward: 28.094 ms.
I1108 23:29:43.252343 136042 caffe.cpp:522]      relu4	forward: 14.143 ms.
I1108 23:29:43.252666 136042 caffe.cpp:526]      relu4	backward: 7.006 ms.
I1108 23:29:43.252960 136042 caffe.cpp:522]      conv5	forward: 34.944 ms.
I1108 23:29:43.253155 136042 caffe.cpp:526]      conv5	backward: 18.773 ms.
I1108 23:29:43.253346 136042 caffe.cpp:522]      relu5	forward: 13.963 ms.
I1108 23:29:43.253535 136042 caffe.cpp:526]      relu5	backward: 1.797 ms.
I1108 23:29:43.253721 136042 caffe.cpp:522]      pool5	forward: 11.417 ms.
I1108 23:29:43.253911 136042 caffe.cpp:526]      pool5	backward: 58.688 ms.
I1108 23:29:43.254101 136042 caffe.cpp:522]        fc6	forward: 45.295 ms.
I1108 23:29:43.254290 136042 caffe.cpp:526]        fc6	backward: 85.203 ms.
I1108 23:29:43.254480 136042 caffe.cpp:522]      relu6	forward: 21.09 ms.
I1108 23:29:43.254670 136042 caffe.cpp:526]      relu6	backward: 12.304 ms.
I1108 23:29:43.254896 136042 caffe.cpp:522]      drop6	forward: 27.744 ms.
I1108 23:29:43.255101 136042 caffe.cpp:526]      drop6	backward: 10.682 ms.
I1108 23:29:43.257510 136042 caffe.cpp:522]        fc7	forward: 15.409 ms.
I1108 23:29:43.257779 136042 caffe.cpp:526]        fc7	backward: 115.243 ms.
I1108 23:29:43.260195 136042 caffe.cpp:522]      relu7	forward: 17.695 ms.
I1108 23:29:43.260473 136042 caffe.cpp:526]      relu7	backward: 15.562 ms.
I1108 23:29:43.260829 136042 caffe.cpp:522]      drop7	forward: 33.998 ms.
I1108 23:29:43.261116 136042 caffe.cpp:526]      drop7	backward: 12.491 ms.
I1108 23:29:43.261404 136042 caffe.cpp:522]        fc8	forward: 18.602 ms.
I1108 23:29:43.261595 136042 caffe.cpp:526]        fc8	backward: 144.65 ms.
I1108 23:29:43.261787 136042 caffe.cpp:522]       loss	forward: 49.27 ms.
I1108 23:29:43.261976 136042 caffe.cpp:526]       loss	backward: 59.83 ms.
I1108 23:29:43.267531 136042 caffe.cpp:532] Average Forward pass: 1305.34 ms.
I1108 23:29:43.280266 136042 caffe.cpp:535] Average Backward pass: 746.047 ms.
I1108 23:29:43.290901 136042 caffe.cpp:537] Average Forward-Backward: 2586 ms.
I1108 23:29:43.306850 136042 caffe.cpp:540] Total Time: 2586 ms.
I1108 23:29:43.319012 136042 caffe.cpp:541] *** Benchmark ends ***
Search stanza is "EMIT_GLOBAL_DYNAMIC_STATS"
elements_fp_single_1 = 1
elements_fp_single_4 = 0
elements_fp_single_8 = 0
elements_fp_single_16 = 373248
elements_fp_double_1 = 0
elements_fp_double_2 = 373248
elements_fp_double_4 = 0
elements_fp_double_8 = 0
--->Total single-precision FLOPs = 5971969
--->Total double-precision FLOPs = 746496
--->Total FLOPs = 6718465
mem-read-1 = 20300
mem-read-2 = 34
mem-read-4 = 163224
mem-read-8 = 227313
mem-read-16 = 0
mem-read-32 = 1
mem-read-64 = 746513
mem-write-1 = 50
mem-write-2 = 17
mem-write-4 = 568
mem-write-8 = 22380
mem-write-16 = 0
mem-write-32 = 1
mem-write-64 = 373249
--->Total Bytes read = 50268632
--->Total Bytes written = 24069364
--->Total Bytes = 74337996
