sde64 -knl -d -iform 1 -omix sde_knl/knl_sde_layer9_dir1.out.mix -global_region -start_ssc_mark 111:repeat -stop_ssc_mark 222:repeat -- /project/projectdirs/mpccc/tmalas/intelcaffe/install_carl/bin/caffe time -model=src/models/mkl2017_alexnet/train_val.prototxt -iterations=1 -prof_layer=9 -prof_forward_direction=1
I1108 23:43:54.867290 136435 caffe.cpp:444] Use CPU.
I1108 23:44:11.836814 136435 cpu_info.cpp:452] Processor speed [MHz]: 1400
I1108 23:44:11.892706 136435 cpu_info.cpp:455] Total number of sockets: 1
I1108 23:44:11.904680 136435 cpu_info.cpp:458] Total number of CPU cores: 68
I1108 23:44:11.917291 136435 cpu_info.cpp:461] Total number of processors: 272
I1108 23:44:11.928534 136435 cpu_info.cpp:464] GPU is used: no
I1108 23:44:11.937661 136435 cpu_info.cpp:467] OpenMP environmental variables are specified: yes
I1108 23:44:11.946566 136435 cpu_info.cpp:470] OpenMP thread bind allowed: no
I1108 23:44:11.957720 136435 cpu_info.cpp:473] Number of OpenMP threads: 16
I1108 23:44:20.834631 136435 net.cpp:484] The NetState phase (0) differed from the phase (1) specified by a rule in layer data
I1108 23:44:20.867380 136435 net.cpp:484] The NetState phase (0) differed from the phase (1) specified by a rule in layer accuracy
I1108 23:44:21.506429 136435 net.cpp:120] Initializing net from parameters: 
name: "AlexNet"
state {
  phase: TRAIN
  level: 0
  stage: ""
}
layer {
  name: "data"
  type: "DummyData"
  top: "data"
  top: "label"
  include {
    phase: TRAIN
  }
  dummy_data_param {
    data_filler {
      type: "gaussian"
      std: 1
    }
    data_filler {
      type: "constant"
      value: 0
    }
    shape {
      dim: 32
      dim: 3
      dim: 227
      dim: 227
    }
    shape {
      dim: 32
      dim: 1
      dim: 1
      dim: 1
    }
  }
}
layer {
  name: "conv1"
  type: "Convolution"
  bottom: "data"
  top: "conv1"
  param {
    lr_mult: 1
    decay_mult: 1
  }
  param {
    lr_mult: 2
    decay_mult: 0
  }
  convolution_param {
    num_output: 96
    kernel_size: 11
    stride: 4
    weight_filler {
      type: "gaussian"
      std: 0.01
    }
    bias_filler {
      type: "constant"
      value: 0
    }
    engine: MKL2017
  }
}
layer {
  name: "relu1"
  type: "ReLU"
  bottom: "conv1"
  top: "conv1"
  relu_param {
    engine: MKL2017
  }
}
layer {
  name: "norm1"
  type: "LRN"
  bottom: "conv1"
  top: "norm1"
  lrn_param {
    local_size: 5
    alpha: 0.0001
    beta: 0.75
    engine: MKL2017
  }
}
layer {
  name: "pool1"
  type: "Pooling"
  bottom: "norm1"
  top: "pool1"
  pooling_param {
    pool: MAX
    kernel_size: 3
    stride: 2
    engine: MKL2017
  }
}
layer {
  name: "conv2"
  type: "Convolution"
  bottom: "pool1"
  top: "conv2"
  param {
    lr_mult: 1
    decay_mult: 1
  }
  param {
    lr_mult: 2
    decay_mult: 0
  }
  convolution_param {
    num_output: 256
    pad: 2
    kernel_size: 5
    group: 2
    weight_filler {
      type: "gaussian"
      std: 0.01
    }
    bias_filler {
      type: "constant"
      value: 0.1
    }
    engine: MKL2017
  }
}
layer {
  name: "relu2"
  type: "ReLU"
  bottom: "conv2"
  top: "conv2"
  relu_param {
    engine: MKL2017
  }
}
layer {
  name: "norm2"
  type: "LRN"
  bottom: "conv2"
  top: "norm2"
  lrn_param {
    local_size: 5
    alpha: 0.0001
    beta: 0.75
    engine: MKL2017
  }
}
layer {
  name: "pool2"
  type: "Pooling"
  bottom: "norm2"
  top: "pool2"
  pooling_param {
    pool: MAX
    kernel_size: 3
    stride: 2
    engine: MKL2017
  }
}
layer {
  name: "conv3"
  type: "Convolution"
  bottom: "pool2"
  top: "conv3"
  param {
    lr_mult: 1
    decay_mult: 1
  }
  param {
    lr_mult: 2
    decay_mult: 0
  }
  convolution_param {
    num_output: 384
    pad: 1
    kernel_size: 3
    weight_filler {
      type: "gaussian"
      std: 0.01
    }
    bias_filler {
      type: "constant"
      value: 0
    }
    engine: MKL2017
  }
}
layer {
  name: "relu3"
  type: "ReLU"
  bottom: "conv3"
  top: "conv3"
  relu_param {
    engine: MKL2017
  }
}
layer {
  name: "conv4"
  type: "Convolution"
  bottom: "conv3"
  top: "conv4"
  param {
    lr_mult: 1
    decay_mult: 1
  }
  param {
    lr_mult: 2
    decay_mult: 0
  }
  convolution_param {
    num_output: 384
    pad: 1
    kernel_size: 3
    group: 2
    weight_filler {
      type: "gaussian"
      std: 0.01
    }
    bias_filler {
      type: "constant"
      value: 0.1
    }
    engine: MKL2017
  }
}
layer {
  name: "relu4"
  type: "ReLU"
  bottom: "conv4"
  top: "conv4"
  relu_param {
    engine: MKL2017
  }
}
layer {
  name: "conv5"
  type: "Convolution"
  bottom: "conv4"
  top: "conv5"
  param {
    lr_mult: 1
    decay_mult: 1
  }
  param {
    lr_mult: 2
    decay_mult: 0
  }
  convolution_param {
    num_output: 256
    pad: 1
    kernel_size: 3
    group: 2
    weight_filler {
      type: "gaussian"
      std: 0.01
    }
    bias_filler {
      type: "constant"
      value: 0.1
    }
    engine: MKL2017
  }
}
layer {
  name: "relu5"
  type: "ReLU"
  bottom: "conv5"
  top: "conv5"
  relu_param {
    engine: MKL2017
  }
}
layer {
  name: "pool5"
  type: "Pooling"
  bottom: "conv5"
  top: "pool5"
  pooling_param {
    pool: MAX
    kernel_size: 3
    stride: 2
    engine: MKL2017
  }
}
layer {
  name: "fc6"
  type: "InnerProduct"
  bottom: "pool5"
  top: "fc6"
  param {
    lr_mult: 1
    decay_mult: 1
  }
  param {
    lr_mult: 2
    decay_mult: 0
  }
  inner_product_param {
    num_output: 4096
    weight_filler {
      type: "gaussian"
      std: 0.005
    }
    bias_filler {
      type: "constant"
      value: 0.1
    }
  }
}
layer {
  name: "relu6"
  type: "ReLU"
  bottom: "fc6"
  top: "fc6"
}
layer {
  name: "drop6"
  type: "Dropout"
  bottom: "fc6"
  top: "fc6"
  dropout_param {
    dropout_ratio: 0.5
  }
}
layer {
  name: "fc7"
  type: "InnerProduct"
  bottom: "fc6"
  top: "fc7"
  param {
    lr_mult: 1
    decay_mult: 1
  }
  param {
    lr_mult: 2
    decay_mult: 0
  }
  inner_product_param {
    num_output: 4096
    weight_filler {
      type: "gaussian"
      std: 0.005
    }
    bias_filler {
      type: "constant"
      value: 0.1
    }
  }
}
layer {
  name: "relu7"
  type: "ReLU"
  bottom: "fc7"
  top: "fc7"
}
layer {
  name: "drop7"
  type: "Dropout"
  bottom: "fc7"
  top: "fc7"
  dropout_param {
    dropout_ratio: 0.5
  }
}
layer {
  name: "fc8"
  type: "InnerProduct"
  bottom: "fc7"
  top: "fc8"
  param {
    lr_mult: 1
    decay_mult: 1
  }
  param {
    lr_mult: 2
    decay_mult: 0
  }
  inner_product_param {
    num_output: 1000
    weight_filler {
      type: "gaussian"
      std: 0.01
    }
    bias_filler {
      type: "constant"
      value: 0
    }
  }
}
layer {
  name: "loss"
  type: "SoftmaxWithLoss"
  bottom: "fc8"
  bottom: "label"
  top: "loss"
}
I1108 23:44:23.967208 136435 layer_factory.hpp:114] Creating layer data
I1108 23:44:24.114641 136435 net.cpp:160] Creating Layer data
I1108 23:44:24.162869 136435 net.cpp:570] data -> data
I1108 23:44:24.629201 136435 net.cpp:570] data -> label
I1108 23:44:31.705498 136435 net.cpp:210] Setting up data
I1108 23:44:31.785426 136435 net.cpp:217] Top shape: 32 3 227 227 (4946784)
I1108 23:44:31.890508 136435 net.cpp:217] Top shape: 32 1 1 1 (32)
I1108 23:44:31.897310 136435 net.cpp:225] Memory required for data: 19787264
I1108 23:44:31.964586 136435 layer_factory.hpp:114] Creating layer conv1
I1108 23:44:32.290649 136435 net.cpp:160] Creating Layer conv1
I1108 23:44:32.340246 136435 net.cpp:596] conv1 <- data
I1108 23:44:32.459537 136435 net.cpp:570] conv1 -> conv1
I1108 23:45:05.347260 136435 net.cpp:210] Setting up conv1
I1108 23:45:05.354508 136435 net.cpp:217] Top shape: 32 96 55 55 (9292800)
I1108 23:45:05.354858 136435 net.cpp:225] Memory required for data: 56958464
I1108 23:45:05.631489 136435 layer_factory.hpp:114] Creating layer relu1
I1108 23:45:05.751092 136435 net.cpp:160] Creating Layer relu1
I1108 23:45:05.755692 136435 net.cpp:596] relu1 <- conv1
I1108 23:45:05.787797 136435 net.cpp:557] relu1 -> conv1 (in-place)
I1108 23:45:05.978384 136435 net.cpp:210] Setting up relu1
I1108 23:45:05.980767 136435 net.cpp:217] Top shape: 32 96 55 55 (9292800)
I1108 23:45:05.981154 136435 net.cpp:225] Memory required for data: 94129664
I1108 23:45:05.981356 136435 layer_factory.hpp:114] Creating layer norm1
I1108 23:45:06.087208 136435 net.cpp:160] Creating Layer norm1
I1108 23:45:06.087514 136435 net.cpp:596] norm1 <- conv1
I1108 23:45:06.090128 136435 net.cpp:570] norm1 -> norm1
I1108 23:45:06.312741 136435 net.cpp:210] Setting up norm1
I1108 23:45:06.325583 136435 net.cpp:217] Top shape: 32 96 55 55 (9292800)
I1108 23:45:06.325958 136435 net.cpp:225] Memory required for data: 131300864
I1108 23:45:06.326259 136435 layer_factory.hpp:114] Creating layer pool1
I1108 23:45:06.419576 136435 net.cpp:160] Creating Layer pool1
I1108 23:45:06.419891 136435 net.cpp:596] pool1 <- norm1
I1108 23:45:06.434619 136435 net.cpp:570] pool1 -> pool1
I1108 23:45:06.734297 136435 net.cpp:210] Setting up pool1
I1108 23:45:06.736873 136435 net.cpp:217] Top shape: 32 96 27 27 (2239488)
I1108 23:45:06.737201 136435 net.cpp:225] Memory required for data: 140258816
I1108 23:45:06.737440 136435 layer_factory.hpp:114] Creating layer conv2
I1108 23:45:06.737803 136435 net.cpp:160] Creating Layer conv2
I1108 23:45:06.738065 136435 net.cpp:596] conv2 <- pool1
I1108 23:45:06.738292 136435 net.cpp:570] conv2 -> conv2
I1108 23:45:12.485321 136435 net.cpp:210] Setting up conv2
I1108 23:45:12.485653 136435 net.cpp:217] Top shape: 32 256 27 27 (5971968)
I1108 23:45:12.486039 136435 net.cpp:225] Memory required for data: 164146688
I1108 23:45:12.535929 136435 layer_factory.hpp:114] Creating layer relu2
I1108 23:45:12.536337 136435 net.cpp:160] Creating Layer relu2
I1108 23:45:12.536691 136435 net.cpp:596] relu2 <- conv2
I1108 23:45:12.536983 136435 net.cpp:557] relu2 -> conv2 (in-place)
I1108 23:45:12.537434 136435 net.cpp:210] Setting up relu2
I1108 23:45:12.537690 136435 net.cpp:217] Top shape: 32 256 27 27 (5971968)
I1108 23:45:12.537915 136435 net.cpp:225] Memory required for data: 188034560
I1108 23:45:12.538101 136435 layer_factory.hpp:114] Creating layer norm2
I1108 23:45:12.538339 136435 net.cpp:160] Creating Layer norm2
I1108 23:45:12.538528 136435 net.cpp:596] norm2 <- conv2
I1108 23:45:12.538786 136435 net.cpp:570] norm2 -> norm2
I1108 23:45:12.540881 136435 net.cpp:210] Setting up norm2
I1108 23:45:12.541188 136435 net.cpp:217] Top shape: 32 256 27 27 (5971968)
I1108 23:45:12.541414 136435 net.cpp:225] Memory required for data: 211922432
I1108 23:45:12.541597 136435 layer_factory.hpp:114] Creating layer pool2
I1108 23:45:12.542538 136435 net.cpp:160] Creating Layer pool2
I1108 23:45:12.542858 136435 net.cpp:596] pool2 <- norm2
I1108 23:45:12.543097 136435 net.cpp:570] pool2 -> pool2
I1108 23:45:12.543494 136435 net.cpp:210] Setting up pool2
I1108 23:45:12.543733 136435 net.cpp:217] Top shape: 32 256 13 13 (1384448)
I1108 23:45:12.543951 136435 net.cpp:225] Memory required for data: 217460224
I1108 23:45:12.544142 136435 layer_factory.hpp:114] Creating layer conv3
I1108 23:45:12.544466 136435 net.cpp:160] Creating Layer conv3
I1108 23:45:12.544680 136435 net.cpp:596] conv3 <- pool2
I1108 23:45:12.545014 136435 net.cpp:570] conv3 -> conv3
I1108 23:45:13.047400 136435 net.cpp:210] Setting up conv3
I1108 23:45:13.049768 136435 net.cpp:217] Top shape: 32 384 13 13 (2076672)
I1108 23:45:13.050101 136435 net.cpp:225] Memory required for data: 225766912
I1108 23:45:13.053163 136435 layer_factory.hpp:114] Creating layer relu3
I1108 23:45:13.053551 136435 net.cpp:160] Creating Layer relu3
I1108 23:45:13.053789 136435 net.cpp:596] relu3 <- conv3
I1108 23:45:13.054020 136435 net.cpp:557] relu3 -> conv3 (in-place)
I1108 23:45:13.058105 136435 net.cpp:210] Setting up relu3
I1108 23:45:13.058464 136435 net.cpp:217] Top shape: 32 384 13 13 (2076672)
I1108 23:45:13.058732 136435 net.cpp:225] Memory required for data: 234073600
I1108 23:45:13.059003 136435 layer_factory.hpp:114] Creating layer conv4
I1108 23:45:13.059468 136435 net.cpp:160] Creating Layer conv4
I1108 23:45:13.059727 136435 net.cpp:596] conv4 <- conv3
I1108 23:45:13.059975 136435 net.cpp:570] conv4 -> conv4
I1108 23:45:13.302170 136435 net.cpp:210] Setting up conv4
I1108 23:45:13.302551 136435 net.cpp:217] Top shape: 32 384 13 13 (2076672)
I1108 23:45:13.302932 136435 net.cpp:225] Memory required for data: 242380288
I1108 23:45:13.303273 136435 layer_factory.hpp:114] Creating layer relu4
I1108 23:45:13.303558 136435 net.cpp:160] Creating Layer relu4
I1108 23:45:13.303781 136435 net.cpp:596] relu4 <- conv4
I1108 23:45:13.304010 136435 net.cpp:557] relu4 -> conv4 (in-place)
I1108 23:45:13.315930 136435 net.cpp:210] Setting up relu4
I1108 23:45:13.316272 136435 net.cpp:217] Top shape: 32 384 13 13 (2076672)
I1108 23:45:13.316530 136435 net.cpp:225] Memory required for data: 250686976
I1108 23:45:13.316735 136435 layer_factory.hpp:114] Creating layer conv5
I1108 23:45:13.317183 136435 net.cpp:160] Creating Layer conv5
I1108 23:45:13.317423 136435 net.cpp:596] conv5 <- conv4
I1108 23:45:13.317662 136435 net.cpp:570] conv5 -> conv5
I1108 23:45:13.486524 136435 net.cpp:210] Setting up conv5
I1108 23:45:13.486908 136435 net.cpp:217] Top shape: 32 256 13 13 (1384448)
I1108 23:45:13.487303 136435 net.cpp:225] Memory required for data: 256224768
I1108 23:45:13.491919 136435 layer_factory.hpp:114] Creating layer relu5
I1108 23:45:13.492313 136435 net.cpp:160] Creating Layer relu5
I1108 23:45:13.492554 136435 net.cpp:596] relu5 <- conv5
I1108 23:45:13.492852 136435 net.cpp:557] relu5 -> conv5 (in-place)
I1108 23:45:13.493368 136435 net.cpp:210] Setting up relu5
I1108 23:45:13.493657 136435 net.cpp:217] Top shape: 32 256 13 13 (1384448)
I1108 23:45:13.493973 136435 net.cpp:225] Memory required for data: 261762560
I1108 23:45:13.494213 136435 layer_factory.hpp:114] Creating layer pool5
I1108 23:45:13.494472 136435 net.cpp:160] Creating Layer pool5
I1108 23:45:13.494683 136435 net.cpp:596] pool5 <- conv5
I1108 23:45:13.494904 136435 net.cpp:570] pool5 -> pool5
I1108 23:45:13.495301 136435 net.cpp:210] Setting up pool5
I1108 23:45:13.495548 136435 net.cpp:217] Top shape: 32 256 6 6 (294912)
I1108 23:45:13.495767 136435 net.cpp:225] Memory required for data: 262942208
I1108 23:45:13.495949 136435 layer_factory.hpp:114] Creating layer fc6
I1108 23:45:13.550266 136435 net.cpp:160] Creating Layer fc6
I1108 23:45:13.550573 136435 net.cpp:596] fc6 <- pool5
I1108 23:45:13.550962 136435 net.cpp:570] fc6 -> fc6
I1108 23:45:17.638679 136435 net.cpp:210] Setting up fc6
I1108 23:45:17.638978 136435 net.cpp:217] Top shape: 32 4096 (131072)
I1108 23:45:17.641038 136435 net.cpp:225] Memory required for data: 263466496
I1108 23:45:17.641353 136435 layer_factory.hpp:114] Creating layer relu6
I1108 23:45:17.643815 136435 net.cpp:160] Creating Layer relu6
I1108 23:45:17.644104 136435 net.cpp:596] relu6 <- fc6
I1108 23:45:17.644330 136435 net.cpp:557] relu6 -> fc6 (in-place)
I1108 23:45:17.644752 136435 net.cpp:210] Setting up relu6
I1108 23:45:17.645058 136435 net.cpp:217] Top shape: 32 4096 (131072)
I1108 23:45:17.645284 136435 net.cpp:225] Memory required for data: 263990784
I1108 23:45:17.645467 136435 layer_factory.hpp:114] Creating layer drop6
I1108 23:45:17.665246 136435 net.cpp:160] Creating Layer drop6
I1108 23:45:17.665540 136435 net.cpp:596] drop6 <- fc6
I1108 23:45:17.665900 136435 net.cpp:557] drop6 -> fc6 (in-place)
I1108 23:45:17.770387 136435 net.cpp:210] Setting up drop6
I1108 23:45:17.770684 136435 net.cpp:217] Top shape: 32 4096 (131072)
I1108 23:45:17.771013 136435 net.cpp:225] Memory required for data: 264515072
I1108 23:45:17.771255 136435 layer_factory.hpp:114] Creating layer fc7
I1108 23:45:17.771523 136435 net.cpp:160] Creating Layer fc7
I1108 23:45:17.771730 136435 net.cpp:596] fc7 <- fc6
I1108 23:45:17.772109 136435 net.cpp:570] fc7 -> fc7
I1108 23:45:19.482807 136435 net.cpp:210] Setting up fc7
I1108 23:45:19.483146 136435 net.cpp:217] Top shape: 32 4096 (131072)
I1108 23:45:19.483520 136435 net.cpp:225] Memory required for data: 265039360
I1108 23:45:19.483865 136435 layer_factory.hpp:114] Creating layer relu7
I1108 23:45:19.484163 136435 net.cpp:160] Creating Layer relu7
I1108 23:45:19.484386 136435 net.cpp:596] relu7 <- fc7
I1108 23:45:19.484617 136435 net.cpp:557] relu7 -> fc7 (in-place)
I1108 23:45:19.485080 136435 net.cpp:210] Setting up relu7
I1108 23:45:19.485364 136435 net.cpp:217] Top shape: 32 4096 (131072)
I1108 23:45:19.485597 136435 net.cpp:225] Memory required for data: 265563648
I1108 23:45:19.485785 136435 layer_factory.hpp:114] Creating layer drop7
I1108 23:45:19.486008 136435 net.cpp:160] Creating Layer drop7
I1108 23:45:19.486235 136435 net.cpp:596] drop7 <- fc7
I1108 23:45:19.486481 136435 net.cpp:557] drop7 -> fc7 (in-place)
I1108 23:45:19.486752 136435 net.cpp:210] Setting up drop7
I1108 23:45:19.486979 136435 net.cpp:217] Top shape: 32 4096 (131072)
I1108 23:45:19.487187 136435 net.cpp:225] Memory required for data: 266087936
I1108 23:45:19.487363 136435 layer_factory.hpp:114] Creating layer fc8
I1108 23:45:19.487604 136435 net.cpp:160] Creating Layer fc8
I1108 23:45:19.487797 136435 net.cpp:596] fc8 <- fc7
I1108 23:45:19.488055 136435 net.cpp:570] fc8 -> fc8
I1108 23:45:19.912904 136435 net.cpp:210] Setting up fc8
I1108 23:45:19.913267 136435 net.cpp:217] Top shape: 32 1000 (32000)
I1108 23:45:19.913669 136435 net.cpp:225] Memory required for data: 266215936
I1108 23:45:19.914016 136435 layer_factory.hpp:114] Creating layer loss
I1108 23:45:19.939103 136435 net.cpp:160] Creating Layer loss
I1108 23:45:19.939419 136435 net.cpp:596] loss <- fc8
I1108 23:45:19.940371 136435 net.cpp:596] loss <- label
I1108 23:45:19.968092 136435 net.cpp:570] loss -> loss
I1108 23:45:20.006402 136435 layer_factory.hpp:114] Creating layer loss
I1108 23:45:22.542821 136435 net.cpp:210] Setting up loss
I1108 23:45:22.591078 136435 net.cpp:217] Top shape: (1)
I1108 23:45:22.600673 136435 net.cpp:220]     with loss weight 1
I1108 23:45:22.732148 136435 net.cpp:225] Memory required for data: 266215940
I1108 23:45:22.776041 136435 net.cpp:287] loss needs backward computation.
I1108 23:45:22.862499 136435 net.cpp:287] fc8 needs backward computation.
I1108 23:45:22.869597 136435 net.cpp:287] drop7 needs backward computation.
I1108 23:45:22.880460 136435 net.cpp:287] relu7 needs backward computation.
I1108 23:45:22.880833 136435 net.cpp:287] fc7 needs backward computation.
I1108 23:45:22.883265 136435 net.cpp:287] drop6 needs backward computation.
I1108 23:45:22.883599 136435 net.cpp:287] relu6 needs backward computation.
I1108 23:45:22.883867 136435 net.cpp:287] fc6 needs backward computation.
I1108 23:45:22.884579 136435 net.cpp:287] pool5 needs backward computation.
I1108 23:45:22.885401 136435 net.cpp:287] relu5 needs backward computation.
I1108 23:45:22.885670 136435 net.cpp:287] conv5 needs backward computation.
I1108 23:45:22.885865 136435 net.cpp:287] relu4 needs backward computation.
I1108 23:45:22.886054 136435 net.cpp:287] conv4 needs backward computation.
I1108 23:45:22.886239 136435 net.cpp:287] relu3 needs backward computation.
I1108 23:45:22.886484 136435 net.cpp:287] conv3 needs backward computation.
I1108 23:45:22.898129 136435 net.cpp:287] pool2 needs backward computation.
I1108 23:45:22.898450 136435 net.cpp:287] norm2 needs backward computation.
I1108 23:45:22.898645 136435 net.cpp:287] relu2 needs backward computation.
I1108 23:45:22.898828 136435 net.cpp:287] conv2 needs backward computation.
I1108 23:45:22.899011 136435 net.cpp:287] pool1 needs backward computation.
I1108 23:45:22.899190 136435 net.cpp:287] norm1 needs backward computation.
I1108 23:45:22.899369 136435 net.cpp:287] relu1 needs backward computation.
I1108 23:45:22.899544 136435 net.cpp:287] conv1 needs backward computation.
I1108 23:45:22.910897 136435 net.cpp:289] data does not need backward computation.
I1108 23:45:22.935796 136435 net.cpp:331] This network produces output loss
I1108 23:45:23.010325 136435 net.cpp:345] Network initialization done.
I1108 23:45:23.178453 136435 caffe.cpp:452] Performing Forward
I1108 23:45:36.278079 136435 caffe.cpp:457] Initial loss: 6.88422
I1108 23:45:36.325312 136435 caffe.cpp:459] Performing Backward
I1108 23:45:40.859148 136435 caffe.cpp:468] *** Benchmark begins ***
I1108 23:45:40.871785 136435 caffe.cpp:469] Testing for 1 iterations.
I1108 23:45:41.016342 136435 caffe.cpp:482] Profiling Layer: conv3 forward
I1108 23:45:43.102015 136435 caffe.cpp:512] Iteration: 1 forward-backward time: 2079 ms.
I1108 23:45:43.261978 136435 caffe.cpp:519] Average time per layer: 
I1108 23:45:43.280539 136435 caffe.cpp:522]       data	forward: 546.274 ms.
I1108 23:45:43.351208 136435 caffe.cpp:526]       data	backward: 5.261 ms.
I1108 23:45:43.373522 136435 caffe.cpp:522]      conv1	forward: 128.79 ms.
I1108 23:45:43.382819 136435 caffe.cpp:526]      conv1	backward: 26.77 ms.
I1108 23:45:43.389219 136435 caffe.cpp:522]      relu1	forward: 14.591 ms.
I1108 23:45:43.399399 136435 caffe.cpp:526]      relu1	backward: 1.051 ms.
I1108 23:45:43.409361 136435 caffe.cpp:522]      norm1	forward: 21.683 ms.
I1108 23:45:43.416442 136435 caffe.cpp:526]      norm1	backward: 3.098 ms.
I1108 23:45:43.424244 136435 caffe.cpp:522]      pool1	forward: 21.606 ms.
I1108 23:45:43.433241 136435 caffe.cpp:526]      pool1	backward: 35.728 ms.
I1108 23:45:43.437124 136435 caffe.cpp:522]      conv2	forward: 68.063 ms.
I1108 23:45:43.444048 136435 caffe.cpp:526]      conv2	backward: 31.525 ms.
I1108 23:45:43.453447 136435 caffe.cpp:522]      relu2	forward: 19.066 ms.
I1108 23:45:43.462342 136435 caffe.cpp:526]      relu2	backward: 0.707 ms.
I1108 23:45:43.478564 136435 caffe.cpp:522]      norm2	forward: 11.632 ms.
I1108 23:45:43.480331 136435 caffe.cpp:526]      norm2	backward: 2.107 ms.
I1108 23:45:43.480711 136435 caffe.cpp:522]      pool2	forward: 18.624 ms.
I1108 23:45:43.480994 136435 caffe.cpp:526]      pool2	backward: 22.322 ms.
I1108 23:45:43.481187 136435 caffe.cpp:522]      conv3	forward: 49.047 ms.
I1108 23:45:43.481379 136435 caffe.cpp:526]      conv3	backward: 36.364 ms.
I1108 23:45:43.481569 136435 caffe.cpp:522]      relu3	forward: 12.197 ms.
I1108 23:45:43.481756 136435 caffe.cpp:526]      relu3	backward: 0.682 ms.
I1108 23:45:43.481943 136435 caffe.cpp:522]      conv4	forward: 26.047 ms.
I1108 23:45:43.482132 136435 caffe.cpp:526]      conv4	backward: 27.846 ms.
I1108 23:45:43.482321 136435 caffe.cpp:522]      relu4	forward: 14.436 ms.
I1108 23:45:43.482511 136435 caffe.cpp:526]      relu4	backward: 6.963 ms.
I1108 23:45:43.482694 136435 caffe.cpp:522]      conv5	forward: 28.042 ms.
I1108 23:45:43.482883 136435 caffe.cpp:526]      conv5	backward: 20.13 ms.
I1108 23:45:43.483113 136435 caffe.cpp:522]      relu5	forward: 18.972 ms.
I1108 23:45:43.483325 136435 caffe.cpp:526]      relu5	backward: 0.645 ms.
I1108 23:45:43.483553 136435 caffe.cpp:522]      pool5	forward: 18.038 ms.
I1108 23:45:43.483781 136435 caffe.cpp:526]      pool5	backward: 43.717 ms.
I1108 23:45:43.483971 136435 caffe.cpp:522]        fc6	forward: 40.071 ms.
I1108 23:45:43.484163 136435 caffe.cpp:526]        fc6	backward: 116.09 ms.
I1108 23:45:43.484354 136435 caffe.cpp:522]      relu6	forward: 15.325 ms.
I1108 23:45:43.484544 136435 caffe.cpp:526]      relu6	backward: 12.365 ms.
I1108 23:45:43.484732 136435 caffe.cpp:522]      drop6	forward: 33.134 ms.
I1108 23:45:43.484947 136435 caffe.cpp:526]      drop6	backward: 13.065 ms.
I1108 23:45:43.485136 136435 caffe.cpp:522]        fc7	forward: 11.262 ms.
I1108 23:45:43.485326 136435 caffe.cpp:526]        fc7	backward: 95.471 ms.
I1108 23:45:43.485514 136435 caffe.cpp:522]      relu7	forward: 18.521 ms.
I1108 23:45:43.485702 136435 caffe.cpp:526]      relu7	backward: 14.564 ms.
I1108 23:45:43.485891 136435 caffe.cpp:522]      drop7	forward: 29.121 ms.
I1108 23:45:43.486080 136435 caffe.cpp:526]      drop7	backward: 11.005 ms.
I1108 23:45:43.486310 136435 caffe.cpp:522]        fc8	forward: 12.161 ms.
I1108 23:45:43.486520 136435 caffe.cpp:526]        fc8	backward: 135.1 ms.
I1108 23:45:43.486807 136435 caffe.cpp:522]       loss	forward: 62.093 ms.
I1108 23:45:43.487040 136435 caffe.cpp:526]       loss	backward: 77.408 ms.
I1108 23:45:43.492240 136435 caffe.cpp:532] Average Forward pass: 1297.96 ms.
I1108 23:45:43.508168 136435 caffe.cpp:535] Average Backward pass: 750.789 ms.
I1108 23:45:43.519119 136435 caffe.cpp:537] Average Forward-Backward: 2577 ms.
I1108 23:45:43.534569 136435 caffe.cpp:540] Total Time: 2577 ms.
I1108 23:45:43.546958 136435 caffe.cpp:541] *** Benchmark ends ***
Search stanza is "EMIT_GLOBAL_DYNAMIC_STATS"
elements_fp_single_1 = 2
elements_fp_single_4 = 0
elements_fp_single_8 = 0
elements_fp_single_16 = 540389376
elements_fp_double_1 = 0
elements_fp_double_2 = 0
elements_fp_double_4 = 0
elements_fp_double_8 = 0
--->Total single-precision FLOPs = 8646230018
--->Total double-precision FLOPs = 0
--->Total FLOPs = 8646230018
mem-read-1 = 48059
mem-read-2 = 75
mem-read-4 = 271515851
mem-read-8 = 6758489
mem-read-16 = 0
mem-read-32 = 2
mem-read-64 = 56458501
mem-write-1 = 114
mem-write-2 = 34
mem-write-4 = 161137
mem-write-8 = 4161903
mem-write-16 = 0
mem-write-32 = 2
mem-write-64 = 2321696
--->Total Bytes read = 4753523653
--->Total Bytes written = 182528562
--->Total Bytes = 4936052215
