sde64 -knl -d -iform 1 -omix sde_knl/knl_sde_layer23_dir1.out.mix -global_region -start_ssc_mark 111:repeat -stop_ssc_mark 222:repeat -- /project/projectdirs/mpccc/tmalas/intelcaffe/install_carl/bin/caffe time -model=src/models/mkl2017_alexnet/train_val.prototxt -iterations=1 -prof_layer=23 -prof_forward_direction=1
I1109 01:13:15.050696 139536 caffe.cpp:444] Use CPU.
I1109 01:13:31.893908 139536 cpu_info.cpp:452] Processor speed [MHz]: 1400
I1109 01:13:31.949542 139536 cpu_info.cpp:455] Total number of sockets: 1
I1109 01:13:31.961448 139536 cpu_info.cpp:458] Total number of CPU cores: 68
I1109 01:13:31.973960 139536 cpu_info.cpp:461] Total number of processors: 272
I1109 01:13:31.985115 139536 cpu_info.cpp:464] GPU is used: no
I1109 01:13:31.994259 139536 cpu_info.cpp:467] OpenMP environmental variables are specified: yes
I1109 01:13:32.004497 139536 cpu_info.cpp:470] OpenMP thread bind allowed: no
I1109 01:13:32.018231 139536 cpu_info.cpp:473] Number of OpenMP threads: 16
I1109 01:13:40.741670 139536 net.cpp:484] The NetState phase (0) differed from the phase (1) specified by a rule in layer data
I1109 01:13:40.774411 139536 net.cpp:484] The NetState phase (0) differed from the phase (1) specified by a rule in layer accuracy
I1109 01:13:41.410280 139536 net.cpp:120] Initializing net from parameters: 
name: "AlexNet"
state {
  phase: TRAIN
  level: 0
  stage: ""
}
layer {
  name: "data"
  type: "DummyData"
  top: "data"
  top: "label"
  include {
    phase: TRAIN
  }
  dummy_data_param {
    data_filler {
      type: "gaussian"
      std: 1
    }
    data_filler {
      type: "constant"
      value: 0
    }
    shape {
      dim: 32
      dim: 3
      dim: 227
      dim: 227
    }
    shape {
      dim: 32
      dim: 1
      dim: 1
      dim: 1
    }
  }
}
layer {
  name: "conv1"
  type: "Convolution"
  bottom: "data"
  top: "conv1"
  param {
    lr_mult: 1
    decay_mult: 1
  }
  param {
    lr_mult: 2
    decay_mult: 0
  }
  convolution_param {
    num_output: 96
    kernel_size: 11
    stride: 4
    weight_filler {
      type: "gaussian"
      std: 0.01
    }
    bias_filler {
      type: "constant"
      value: 0
    }
    engine: MKL2017
  }
}
layer {
  name: "relu1"
  type: "ReLU"
  bottom: "conv1"
  top: "conv1"
  relu_param {
    engine: MKL2017
  }
}
layer {
  name: "norm1"
  type: "LRN"
  bottom: "conv1"
  top: "norm1"
  lrn_param {
    local_size: 5
    alpha: 0.0001
    beta: 0.75
    engine: MKL2017
  }
}
layer {
  name: "pool1"
  type: "Pooling"
  bottom: "norm1"
  top: "pool1"
  pooling_param {
    pool: MAX
    kernel_size: 3
    stride: 2
    engine: MKL2017
  }
}
layer {
  name: "conv2"
  type: "Convolution"
  bottom: "pool1"
  top: "conv2"
  param {
    lr_mult: 1
    decay_mult: 1
  }
  param {
    lr_mult: 2
    decay_mult: 0
  }
  convolution_param {
    num_output: 256
    pad: 2
    kernel_size: 5
    group: 2
    weight_filler {
      type: "gaussian"
      std: 0.01
    }
    bias_filler {
      type: "constant"
      value: 0.1
    }
    engine: MKL2017
  }
}
layer {
  name: "relu2"
  type: "ReLU"
  bottom: "conv2"
  top: "conv2"
  relu_param {
    engine: MKL2017
  }
}
layer {
  name: "norm2"
  type: "LRN"
  bottom: "conv2"
  top: "norm2"
  lrn_param {
    local_size: 5
    alpha: 0.0001
    beta: 0.75
    engine: MKL2017
  }
}
layer {
  name: "pool2"
  type: "Pooling"
  bottom: "norm2"
  top: "pool2"
  pooling_param {
    pool: MAX
    kernel_size: 3
    stride: 2
    engine: MKL2017
  }
}
layer {
  name: "conv3"
  type: "Convolution"
  bottom: "pool2"
  top: "conv3"
  param {
    lr_mult: 1
    decay_mult: 1
  }
  param {
    lr_mult: 2
    decay_mult: 0
  }
  convolution_param {
    num_output: 384
    pad: 1
    kernel_size: 3
    weight_filler {
      type: "gaussian"
      std: 0.01
    }
    bias_filler {
      type: "constant"
      value: 0
    }
    engine: MKL2017
  }
}
layer {
  name: "relu3"
  type: "ReLU"
  bottom: "conv3"
  top: "conv3"
  relu_param {
    engine: MKL2017
  }
}
layer {
  name: "conv4"
  type: "Convolution"
  bottom: "conv3"
  top: "conv4"
  param {
    lr_mult: 1
    decay_mult: 1
  }
  param {
    lr_mult: 2
    decay_mult: 0
  }
  convolution_param {
    num_output: 384
    pad: 1
    kernel_size: 3
    group: 2
    weight_filler {
      type: "gaussian"
      std: 0.01
    }
    bias_filler {
      type: "constant"
      value: 0.1
    }
    engine: MKL2017
  }
}
layer {
  name: "relu4"
  type: "ReLU"
  bottom: "conv4"
  top: "conv4"
  relu_param {
    engine: MKL2017
  }
}
layer {
  name: "conv5"
  type: "Convolution"
  bottom: "conv4"
  top: "conv5"
  param {
    lr_mult: 1
    decay_mult: 1
  }
  param {
    lr_mult: 2
    decay_mult: 0
  }
  convolution_param {
    num_output: 256
    pad: 1
    kernel_size: 3
    group: 2
    weight_filler {
      type: "gaussian"
      std: 0.01
    }
    bias_filler {
      type: "constant"
      value: 0.1
    }
    engine: MKL2017
  }
}
layer {
  name: "relu5"
  type: "ReLU"
  bottom: "conv5"
  top: "conv5"
  relu_param {
    engine: MKL2017
  }
}
layer {
  name: "pool5"
  type: "Pooling"
  bottom: "conv5"
  top: "pool5"
  pooling_param {
    pool: MAX
    kernel_size: 3
    stride: 2
    engine: MKL2017
  }
}
layer {
  name: "fc6"
  type: "InnerProduct"
  bottom: "pool5"
  top: "fc6"
  param {
    lr_mult: 1
    decay_mult: 1
  }
  param {
    lr_mult: 2
    decay_mult: 0
  }
  inner_product_param {
    num_output: 4096
    weight_filler {
      type: "gaussian"
      std: 0.005
    }
    bias_filler {
      type: "constant"
      value: 0.1
    }
  }
}
layer {
  name: "relu6"
  type: "ReLU"
  bottom: "fc6"
  top: "fc6"
}
layer {
  name: "drop6"
  type: "Dropout"
  bottom: "fc6"
  top: "fc6"
  dropout_param {
    dropout_ratio: 0.5
  }
}
layer {
  name: "fc7"
  type: "InnerProduct"
  bottom: "fc6"
  top: "fc7"
  param {
    lr_mult: 1
    decay_mult: 1
  }
  param {
    lr_mult: 2
    decay_mult: 0
  }
  inner_product_param {
    num_output: 4096
    weight_filler {
      type: "gaussian"
      std: 0.005
    }
    bias_filler {
      type: "constant"
      value: 0.1
    }
  }
}
layer {
  name: "relu7"
  type: "ReLU"
  bottom: "fc7"
  top: "fc7"
}
layer {
  name: "drop7"
  type: "Dropout"
  bottom: "fc7"
  top: "fc7"
  dropout_param {
    dropout_ratio: 0.5
  }
}
layer {
  name: "fc8"
  type: "InnerProduct"
  bottom: "fc7"
  top: "fc8"
  param {
    lr_mult: 1
    decay_mult: 1
  }
  param {
    lr_mult: 2
    decay_mult: 0
  }
  inner_product_param {
    num_output: 1000
    weight_filler {
      type: "gaussian"
      std: 0.01
    }
    bias_filler {
      type: "constant"
      value: 0
    }
  }
}
layer {
  name: "loss"
  type: "SoftmaxWithLoss"
  bottom: "fc8"
  bottom: "label"
  top: "loss"
}
I1109 01:13:43.858948 139536 layer_factory.hpp:114] Creating layer data
I1109 01:13:44.006649 139536 net.cpp:160] Creating Layer data
I1109 01:13:44.054519 139536 net.cpp:570] data -> data
I1109 01:13:44.525921 139536 net.cpp:570] data -> label
I1109 01:13:51.564754 139536 net.cpp:210] Setting up data
I1109 01:13:51.648720 139536 net.cpp:217] Top shape: 32 3 227 227 (4946784)
I1109 01:13:51.753885 139536 net.cpp:217] Top shape: 32 1 1 1 (32)
I1109 01:13:51.761104 139536 net.cpp:225] Memory required for data: 19787264
I1109 01:13:51.828585 139536 layer_factory.hpp:114] Creating layer conv1
I1109 01:13:52.157866 139536 net.cpp:160] Creating Layer conv1
I1109 01:13:52.210969 139536 net.cpp:596] conv1 <- data
I1109 01:13:52.331924 139536 net.cpp:570] conv1 -> conv1
I1109 01:14:25.265671 139536 net.cpp:210] Setting up conv1
I1109 01:14:25.272076 139536 net.cpp:217] Top shape: 32 96 55 55 (9292800)
I1109 01:14:25.272467 139536 net.cpp:225] Memory required for data: 56958464
I1109 01:14:25.558161 139536 layer_factory.hpp:114] Creating layer relu1
I1109 01:14:25.678241 139536 net.cpp:160] Creating Layer relu1
I1109 01:14:25.682862 139536 net.cpp:596] relu1 <- conv1
I1109 01:14:25.714993 139536 net.cpp:557] relu1 -> conv1 (in-place)
I1109 01:14:25.914957 139536 net.cpp:210] Setting up relu1
I1109 01:14:25.917414 139536 net.cpp:217] Top shape: 32 96 55 55 (9292800)
I1109 01:14:25.917757 139536 net.cpp:225] Memory required for data: 94129664
I1109 01:14:25.917970 139536 layer_factory.hpp:114] Creating layer norm1
I1109 01:14:26.022686 139536 net.cpp:160] Creating Layer norm1
I1109 01:14:26.023001 139536 net.cpp:596] norm1 <- conv1
I1109 01:14:26.025563 139536 net.cpp:570] norm1 -> norm1
I1109 01:14:26.246850 139536 net.cpp:210] Setting up norm1
I1109 01:14:26.259629 139536 net.cpp:217] Top shape: 32 96 55 55 (9292800)
I1109 01:14:26.260010 139536 net.cpp:225] Memory required for data: 131300864
I1109 01:14:26.260313 139536 layer_factory.hpp:114] Creating layer pool1
I1109 01:14:26.354768 139536 net.cpp:160] Creating Layer pool1
I1109 01:14:26.355082 139536 net.cpp:596] pool1 <- norm1
I1109 01:14:26.369810 139536 net.cpp:570] pool1 -> pool1
I1109 01:14:26.669605 139536 net.cpp:210] Setting up pool1
I1109 01:14:26.672052 139536 net.cpp:217] Top shape: 32 96 27 27 (2239488)
I1109 01:14:26.672381 139536 net.cpp:225] Memory required for data: 140258816
I1109 01:14:26.672600 139536 layer_factory.hpp:114] Creating layer conv2
I1109 01:14:26.672997 139536 net.cpp:160] Creating Layer conv2
I1109 01:14:26.673271 139536 net.cpp:596] conv2 <- pool1
I1109 01:14:26.673524 139536 net.cpp:570] conv2 -> conv2
I1109 01:14:32.418443 139536 net.cpp:210] Setting up conv2
I1109 01:14:32.418798 139536 net.cpp:217] Top shape: 32 256 27 27 (5971968)
I1109 01:14:32.419266 139536 net.cpp:225] Memory required for data: 164146688
I1109 01:14:32.470099 139536 layer_factory.hpp:114] Creating layer relu2
I1109 01:14:32.470533 139536 net.cpp:160] Creating Layer relu2
I1109 01:14:32.470897 139536 net.cpp:596] relu2 <- conv2
I1109 01:14:32.471165 139536 net.cpp:557] relu2 -> conv2 (in-place)
I1109 01:14:32.471659 139536 net.cpp:210] Setting up relu2
I1109 01:14:32.471926 139536 net.cpp:217] Top shape: 32 256 27 27 (5971968)
I1109 01:14:32.472159 139536 net.cpp:225] Memory required for data: 188034560
I1109 01:14:32.472350 139536 layer_factory.hpp:114] Creating layer norm2
I1109 01:14:32.472595 139536 net.cpp:160] Creating Layer norm2
I1109 01:14:32.472828 139536 net.cpp:596] norm2 <- conv2
I1109 01:14:32.473120 139536 net.cpp:570] norm2 -> norm2
I1109 01:14:32.475188 139536 net.cpp:210] Setting up norm2
I1109 01:14:32.475494 139536 net.cpp:217] Top shape: 32 256 27 27 (5971968)
I1109 01:14:32.475734 139536 net.cpp:225] Memory required for data: 211922432
I1109 01:14:32.475929 139536 layer_factory.hpp:114] Creating layer pool2
I1109 01:14:32.476807 139536 net.cpp:160] Creating Layer pool2
I1109 01:14:32.477157 139536 net.cpp:596] pool2 <- norm2
I1109 01:14:32.477454 139536 net.cpp:570] pool2 -> pool2
I1109 01:14:32.477885 139536 net.cpp:210] Setting up pool2
I1109 01:14:32.478137 139536 net.cpp:217] Top shape: 32 256 13 13 (1384448)
I1109 01:14:32.478375 139536 net.cpp:225] Memory required for data: 217460224
I1109 01:14:32.478590 139536 layer_factory.hpp:114] Creating layer conv3
I1109 01:14:32.478947 139536 net.cpp:160] Creating Layer conv3
I1109 01:14:32.479178 139536 net.cpp:596] conv3 <- pool2
I1109 01:14:32.479437 139536 net.cpp:570] conv3 -> conv3
I1109 01:14:32.960449 139536 net.cpp:210] Setting up conv3
I1109 01:14:32.963486 139536 net.cpp:217] Top shape: 32 384 13 13 (2076672)
I1109 01:14:32.964006 139536 net.cpp:225] Memory required for data: 225766912
I1109 01:14:32.967401 139536 layer_factory.hpp:114] Creating layer relu3
I1109 01:14:32.967834 139536 net.cpp:160] Creating Layer relu3
I1109 01:14:32.968164 139536 net.cpp:596] relu3 <- conv3
I1109 01:14:32.968459 139536 net.cpp:557] relu3 -> conv3 (in-place)
I1109 01:14:32.972834 139536 net.cpp:210] Setting up relu3
I1109 01:14:32.973177 139536 net.cpp:217] Top shape: 32 384 13 13 (2076672)
I1109 01:14:32.973453 139536 net.cpp:225] Memory required for data: 234073600
I1109 01:14:32.973666 139536 layer_factory.hpp:114] Creating layer conv4
I1109 01:14:32.974048 139536 net.cpp:160] Creating Layer conv4
I1109 01:14:32.974319 139536 net.cpp:596] conv4 <- conv3
I1109 01:14:32.974583 139536 net.cpp:570] conv4 -> conv4
I1109 01:14:33.243438 139536 net.cpp:210] Setting up conv4
I1109 01:14:33.243870 139536 net.cpp:217] Top shape: 32 384 13 13 (2076672)
I1109 01:14:33.244279 139536 net.cpp:225] Memory required for data: 242380288
I1109 01:14:33.244633 139536 layer_factory.hpp:114] Creating layer relu4
I1109 01:14:33.244997 139536 net.cpp:160] Creating Layer relu4
I1109 01:14:33.245245 139536 net.cpp:596] relu4 <- conv4
I1109 01:14:33.245496 139536 net.cpp:557] relu4 -> conv4 (in-place)
I1109 01:14:33.257664 139536 net.cpp:210] Setting up relu4
I1109 01:14:33.257998 139536 net.cpp:217] Top shape: 32 384 13 13 (2076672)
I1109 01:14:33.258272 139536 net.cpp:225] Memory required for data: 250686976
I1109 01:14:33.258491 139536 layer_factory.hpp:114] Creating layer conv5
I1109 01:14:33.258882 139536 net.cpp:160] Creating Layer conv5
I1109 01:14:33.259141 139536 net.cpp:596] conv5 <- conv4
I1109 01:14:33.259412 139536 net.cpp:570] conv5 -> conv5
I1109 01:14:33.427460 139536 net.cpp:210] Setting up conv5
I1109 01:14:33.427857 139536 net.cpp:217] Top shape: 32 256 13 13 (1384448)
I1109 01:14:33.428319 139536 net.cpp:225] Memory required for data: 256224768
I1109 01:14:33.433009 139536 layer_factory.hpp:114] Creating layer relu5
I1109 01:14:33.433420 139536 net.cpp:160] Creating Layer relu5
I1109 01:14:33.433717 139536 net.cpp:596] relu5 <- conv5
I1109 01:14:33.434015 139536 net.cpp:557] relu5 -> conv5 (in-place)
I1109 01:14:33.434541 139536 net.cpp:210] Setting up relu5
I1109 01:14:33.434900 139536 net.cpp:217] Top shape: 32 256 13 13 (1384448)
I1109 01:14:33.435164 139536 net.cpp:225] Memory required for data: 261762560
I1109 01:14:33.435382 139536 layer_factory.hpp:114] Creating layer pool5
I1109 01:14:33.435652 139536 net.cpp:160] Creating Layer pool5
I1109 01:14:33.435873 139536 net.cpp:596] pool5 <- conv5
I1109 01:14:33.436105 139536 net.cpp:570] pool5 -> pool5
I1109 01:14:33.436501 139536 net.cpp:210] Setting up pool5
I1109 01:14:33.436758 139536 net.cpp:217] Top shape: 32 256 6 6 (294912)
I1109 01:14:33.437088 139536 net.cpp:225] Memory required for data: 262942208
I1109 01:14:33.437299 139536 layer_factory.hpp:114] Creating layer fc6
I1109 01:14:33.491490 139536 net.cpp:160] Creating Layer fc6
I1109 01:14:33.491803 139536 net.cpp:596] fc6 <- pool5
I1109 01:14:33.492197 139536 net.cpp:570] fc6 -> fc6
I1109 01:14:37.579253 139536 net.cpp:210] Setting up fc6
I1109 01:14:37.579563 139536 net.cpp:217] Top shape: 32 4096 (131072)
I1109 01:14:37.581662 139536 net.cpp:225] Memory required for data: 263466496
I1109 01:14:37.581977 139536 layer_factory.hpp:114] Creating layer relu6
I1109 01:14:37.584440 139536 net.cpp:160] Creating Layer relu6
I1109 01:14:37.584738 139536 net.cpp:596] relu6 <- fc6
I1109 01:14:37.585029 139536 net.cpp:557] relu6 -> fc6 (in-place)
I1109 01:14:37.585458 139536 net.cpp:210] Setting up relu6
I1109 01:14:37.585714 139536 net.cpp:217] Top shape: 32 4096 (131072)
I1109 01:14:37.585943 139536 net.cpp:225] Memory required for data: 263990784
I1109 01:14:37.586134 139536 layer_factory.hpp:114] Creating layer drop6
I1109 01:14:37.606515 139536 net.cpp:160] Creating Layer drop6
I1109 01:14:37.606838 139536 net.cpp:596] drop6 <- fc6
I1109 01:14:37.607190 139536 net.cpp:557] drop6 -> fc6 (in-place)
I1109 01:14:37.710752 139536 net.cpp:210] Setting up drop6
I1109 01:14:37.711050 139536 net.cpp:217] Top shape: 32 4096 (131072)
I1109 01:14:37.711391 139536 net.cpp:225] Memory required for data: 264515072
I1109 01:14:37.711637 139536 layer_factory.hpp:114] Creating layer fc7
I1109 01:14:37.711915 139536 net.cpp:160] Creating Layer fc7
I1109 01:14:37.712126 139536 net.cpp:596] fc7 <- fc6
I1109 01:14:37.712517 139536 net.cpp:570] fc7 -> fc7
I1109 01:14:39.425382 139536 net.cpp:210] Setting up fc7
I1109 01:14:39.425752 139536 net.cpp:217] Top shape: 32 4096 (131072)
I1109 01:14:39.426182 139536 net.cpp:225] Memory required for data: 265039360
I1109 01:14:39.426551 139536 layer_factory.hpp:114] Creating layer relu7
I1109 01:14:39.426890 139536 net.cpp:160] Creating Layer relu7
I1109 01:14:39.427144 139536 net.cpp:596] relu7 <- fc7
I1109 01:14:39.427404 139536 net.cpp:557] relu7 -> fc7 (in-place)
I1109 01:14:39.427862 139536 net.cpp:210] Setting up relu7
I1109 01:14:39.428154 139536 net.cpp:217] Top shape: 32 4096 (131072)
I1109 01:14:39.428411 139536 net.cpp:225] Memory required for data: 265563648
I1109 01:14:39.428617 139536 layer_factory.hpp:114] Creating layer drop7
I1109 01:14:39.428905 139536 net.cpp:160] Creating Layer drop7
I1109 01:14:39.429172 139536 net.cpp:596] drop7 <- fc7
I1109 01:14:39.429441 139536 net.cpp:557] drop7 -> fc7 (in-place)
I1109 01:14:39.429739 139536 net.cpp:210] Setting up drop7
I1109 01:14:39.430042 139536 net.cpp:217] Top shape: 32 4096 (131072)
I1109 01:14:39.430270 139536 net.cpp:225] Memory required for data: 266087936
I1109 01:14:39.430464 139536 layer_factory.hpp:114] Creating layer fc8
I1109 01:14:39.430729 139536 net.cpp:160] Creating Layer fc8
I1109 01:14:39.430938 139536 net.cpp:596] fc8 <- fc7
I1109 01:14:39.431174 139536 net.cpp:570] fc8 -> fc8
I1109 01:14:39.855365 139536 net.cpp:210] Setting up fc8
I1109 01:14:39.855734 139536 net.cpp:217] Top shape: 32 1000 (32000)
I1109 01:14:39.856151 139536 net.cpp:225] Memory required for data: 266215936
I1109 01:14:39.856508 139536 layer_factory.hpp:114] Creating layer loss
I1109 01:14:39.881235 139536 net.cpp:160] Creating Layer loss
I1109 01:14:39.881556 139536 net.cpp:596] loss <- fc8
I1109 01:14:39.882469 139536 net.cpp:596] loss <- label
I1109 01:14:39.910682 139536 net.cpp:570] loss -> loss
I1109 01:14:39.948699 139536 layer_factory.hpp:114] Creating layer loss
I1109 01:14:42.497375 139536 net.cpp:210] Setting up loss
I1109 01:14:42.551065 139536 net.cpp:217] Top shape: (1)
I1109 01:14:42.558923 139536 net.cpp:220]     with loss weight 1
I1109 01:14:42.685067 139536 net.cpp:225] Memory required for data: 266215940
I1109 01:14:42.733191 139536 net.cpp:287] loss needs backward computation.
I1109 01:14:42.822013 139536 net.cpp:287] fc8 needs backward computation.
I1109 01:14:42.829200 139536 net.cpp:287] drop7 needs backward computation.
I1109 01:14:42.840096 139536 net.cpp:287] relu7 needs backward computation.
I1109 01:14:42.840427 139536 net.cpp:287] fc7 needs backward computation.
I1109 01:14:42.842875 139536 net.cpp:287] drop6 needs backward computation.
I1109 01:14:42.843205 139536 net.cpp:287] relu6 needs backward computation.
I1109 01:14:42.843541 139536 net.cpp:287] fc6 needs backward computation.
I1109 01:14:42.844405 139536 net.cpp:287] pool5 needs backward computation.
I1109 01:14:42.845201 139536 net.cpp:287] relu5 needs backward computation.
I1109 01:14:42.845484 139536 net.cpp:287] conv5 needs backward computation.
I1109 01:14:42.845693 139536 net.cpp:287] relu4 needs backward computation.
I1109 01:14:42.845893 139536 net.cpp:287] conv4 needs backward computation.
I1109 01:14:42.846087 139536 net.cpp:287] relu3 needs backward computation.
I1109 01:14:42.846276 139536 net.cpp:287] conv3 needs backward computation.
I1109 01:14:42.858427 139536 net.cpp:287] pool2 needs backward computation.
I1109 01:14:42.858788 139536 net.cpp:287] norm2 needs backward computation.
I1109 01:14:42.859113 139536 net.cpp:287] relu2 needs backward computation.
I1109 01:14:42.859359 139536 net.cpp:287] conv2 needs backward computation.
I1109 01:14:42.859557 139536 net.cpp:287] pool1 needs backward computation.
I1109 01:14:42.859746 139536 net.cpp:287] norm1 needs backward computation.
I1109 01:14:42.859935 139536 net.cpp:287] relu1 needs backward computation.
I1109 01:14:42.860119 139536 net.cpp:287] conv1 needs backward computation.
I1109 01:14:42.872656 139536 net.cpp:289] data does not need backward computation.
I1109 01:14:42.897239 139536 net.cpp:331] This network produces output loss
I1109 01:14:42.969476 139536 net.cpp:345] Network initialization done.
I1109 01:14:43.135900 139536 caffe.cpp:452] Performing Forward
I1109 01:14:56.239434 139536 caffe.cpp:457] Initial loss: 6.78582
I1109 01:14:56.299706 139536 caffe.cpp:459] Performing Backward
I1109 01:15:01.529135 139536 caffe.cpp:468] *** Benchmark begins ***
I1109 01:15:01.545447 139536 caffe.cpp:469] Testing for 1 iterations.
I1109 01:15:01.702329 139536 caffe.cpp:482] Profiling Layer: loss forward
I1109 01:15:04.446882 139536 caffe.cpp:512] Iteration: 1 forward-backward time: 2730 ms.
I1109 01:15:04.604312 139536 caffe.cpp:519] Average time per layer: 
I1109 01:15:04.620895 139536 caffe.cpp:522]       data	forward: 564.267 ms.
I1109 01:15:04.694356 139536 caffe.cpp:526]       data	backward: 3.652 ms.
I1109 01:15:04.717241 139536 caffe.cpp:522]      conv1	forward: 129.636 ms.
I1109 01:15:04.728875 139536 caffe.cpp:526]      conv1	backward: 21.301 ms.
I1109 01:15:04.737610 139536 caffe.cpp:522]      relu1	forward: 24.308 ms.
I1109 01:15:04.743544 139536 caffe.cpp:526]      relu1	backward: 1.083 ms.
I1109 01:15:04.749408 139536 caffe.cpp:522]      norm1	forward: 17.483 ms.
I1109 01:15:04.757004 139536 caffe.cpp:526]      norm1	backward: 3.059 ms.
I1109 01:15:04.765202 139536 caffe.cpp:522]      pool1	forward: 27.898 ms.
I1109 01:15:04.772949 139536 caffe.cpp:526]      pool1	backward: 76.364 ms.
I1109 01:15:04.777379 139536 caffe.cpp:522]      conv2	forward: 67.175 ms.
I1109 01:15:04.783502 139536 caffe.cpp:526]      conv2	backward: 81.017 ms.
I1109 01:15:04.796181 139536 caffe.cpp:522]      relu2	forward: 17.17 ms.
I1109 01:15:04.798050 139536 caffe.cpp:526]      relu2	backward: 13.323 ms.
I1109 01:15:04.798307 139536 caffe.cpp:522]      norm2	forward: 12.255 ms.
I1109 01:15:04.798507 139536 caffe.cpp:526]      norm2	backward: 15.638 ms.
I1109 01:15:04.798704 139536 caffe.cpp:522]      pool2	forward: 23.36 ms.
I1109 01:15:04.798900 139536 caffe.cpp:526]      pool2	backward: 60.716 ms.
I1109 01:15:04.799099 139536 caffe.cpp:522]      conv3	forward: 40.265 ms.
I1109 01:15:04.799295 139536 caffe.cpp:526]      conv3	backward: 76.335 ms.
I1109 01:15:04.799489 139536 caffe.cpp:522]      relu3	forward: 13.986 ms.
I1109 01:15:04.799680 139536 caffe.cpp:526]      relu3	backward: 31.323 ms.
I1109 01:15:04.799903 139536 caffe.cpp:522]      conv4	forward: 37.192 ms.
I1109 01:15:04.800107 139536 caffe.cpp:526]      conv4	backward: 77.466 ms.
I1109 01:15:04.800389 139536 caffe.cpp:522]      relu4	forward: 10.37 ms.
I1109 01:15:04.802773 139536 caffe.cpp:526]      relu4	backward: 44.183 ms.
I1109 01:15:04.803032 139536 caffe.cpp:522]      conv5	forward: 29.567 ms.
I1109 01:15:04.803272 139536 caffe.cpp:526]      conv5	backward: 74.793 ms.
I1109 01:15:04.803490 139536 caffe.cpp:522]      relu5	forward: 13.726 ms.
I1109 01:15:04.803799 139536 caffe.cpp:526]      relu5	backward: 12.513 ms.
I1109 01:15:04.804057 139536 caffe.cpp:522]      pool5	forward: 9.816 ms.
I1109 01:15:04.805063 139536 caffe.cpp:526]      pool5	backward: 52.782 ms.
I1109 01:15:04.805300 139536 caffe.cpp:522]        fc6	forward: 32.578 ms.
I1109 01:15:04.805505 139536 caffe.cpp:526]        fc6	backward: 194.965 ms.
I1109 01:15:04.805711 139536 caffe.cpp:522]      relu6	forward: 20.854 ms.
I1109 01:15:04.805914 139536 caffe.cpp:526]      relu6	backward: 9.874 ms.
I1109 01:15:04.806113 139536 caffe.cpp:522]      drop6	forward: 39.138 ms.
I1109 01:15:04.806349 139536 caffe.cpp:526]      drop6	backward: 17.54 ms.
I1109 01:15:04.806566 139536 caffe.cpp:522]        fc7	forward: 11.962 ms.
I1109 01:15:04.806882 139536 caffe.cpp:526]        fc7	backward: 238.801 ms.
I1109 01:15:04.807137 139536 caffe.cpp:522]      relu7	forward: 13.285 ms.
I1109 01:15:04.807339 139536 caffe.cpp:526]      relu7	backward: 14.929 ms.
I1109 01:15:04.807541 139536 caffe.cpp:522]      drop7	forward: 25.488 ms.
I1109 01:15:04.807741 139536 caffe.cpp:526]      drop7	backward: 14.679 ms.
I1109 01:15:04.807940 139536 caffe.cpp:522]        fc8	forward: 15.309 ms.
I1109 01:15:04.808140 139536 caffe.cpp:526]        fc8	backward: 190.399 ms.
I1109 01:15:04.808337 139536 caffe.cpp:522]       loss	forward: 52.458 ms.
I1109 01:15:04.808534 139536 caffe.cpp:526]       loss	backward: 63.584 ms.
I1109 01:15:04.813750 139536 caffe.cpp:532] Average Forward pass: 1306.33 ms.
I1109 01:15:04.827003 139536 caffe.cpp:535] Average Backward pass: 1399.39 ms.
I1109 01:15:04.837729 139536 caffe.cpp:537] Average Forward-Backward: 3220 ms.
I1109 01:15:04.852277 139536 caffe.cpp:540] Total Time: 3220 ms.
I1109 01:15:04.864392 139536 caffe.cpp:541] *** Benchmark ends ***
Search stanza is "EMIT_GLOBAL_DYNAMIC_STATS"
elements_fp_single_1 = 128023
elements_fp_single_4 = 20
elements_fp_single_8 = 4
elements_fp_single_16 = 64847
elements_fp_double_1 = 32
elements_fp_double_2 = 2016
elements_fp_double_4 = 0
elements_fp_double_8 = 864
--->Total single-precision FLOPs = 1165687
--->Total double-precision FLOPs = 10976
--->Total FLOPs = 1176663
mem-read-1 = 76086
mem-read-2 = 129
mem-read-4 = 781312
mem-read-8 = 2742869
mem-read-16 = 17
mem-read-32 = 32
mem-read-64 = 109289
mem-write-1 = 71463
mem-write-2 = 26
mem-write-4 = 258508
mem-write-8 = 1325153
mem-write-16 = 0
mem-write-32 = 32
mem-write-64 = 36352
--->Total Bytes read = 32140336
--->Total Bytes written = 14034323
--->Total Bytes = 46174659
