sde64 -knl -d -iform 1 -omix sde_knl/knl_sde_layer18_dir1.out.mix -global_region -start_ssc_mark 111:repeat -stop_ssc_mark 222:repeat -- /project/projectdirs/mpccc/tmalas/intelcaffe/install_carl/bin/caffe time -model=src/models/mkl2017_alexnet/train_val.prototxt -iterations=1 -prof_layer=18 -prof_forward_direction=1
I1109 00:38:07.591753 138786 caffe.cpp:444] Use CPU.
I1109 00:38:24.449777 138786 cpu_info.cpp:452] Processor speed [MHz]: 1400
I1109 00:38:24.505378 138786 cpu_info.cpp:455] Total number of sockets: 1
I1109 00:38:24.517199 138786 cpu_info.cpp:458] Total number of CPU cores: 68
I1109 00:38:24.528488 138786 cpu_info.cpp:461] Total number of processors: 272
I1109 00:38:24.539641 138786 cpu_info.cpp:464] GPU is used: no
I1109 00:38:24.548349 138786 cpu_info.cpp:467] OpenMP environmental variables are specified: yes
I1109 00:38:24.556646 138786 cpu_info.cpp:470] OpenMP thread bind allowed: no
I1109 00:38:24.567638 138786 cpu_info.cpp:473] Number of OpenMP threads: 16
I1109 00:38:33.304162 138786 net.cpp:484] The NetState phase (0) differed from the phase (1) specified by a rule in layer data
I1109 00:38:33.335407 138786 net.cpp:484] The NetState phase (0) differed from the phase (1) specified by a rule in layer accuracy
I1109 00:38:33.967399 138786 net.cpp:120] Initializing net from parameters: 
name: "AlexNet"
state {
  phase: TRAIN
  level: 0
  stage: ""
}
layer {
  name: "data"
  type: "DummyData"
  top: "data"
  top: "label"
  include {
    phase: TRAIN
  }
  dummy_data_param {
    data_filler {
      type: "gaussian"
      std: 1
    }
    data_filler {
      type: "constant"
      value: 0
    }
    shape {
      dim: 32
      dim: 3
      dim: 227
      dim: 227
    }
    shape {
      dim: 32
      dim: 1
      dim: 1
      dim: 1
    }
  }
}
layer {
  name: "conv1"
  type: "Convolution"
  bottom: "data"
  top: "conv1"
  param {
    lr_mult: 1
    decay_mult: 1
  }
  param {
    lr_mult: 2
    decay_mult: 0
  }
  convolution_param {
    num_output: 96
    kernel_size: 11
    stride: 4
    weight_filler {
      type: "gaussian"
      std: 0.01
    }
    bias_filler {
      type: "constant"
      value: 0
    }
    engine: MKL2017
  }
}
layer {
  name: "relu1"
  type: "ReLU"
  bottom: "conv1"
  top: "conv1"
  relu_param {
    engine: MKL2017
  }
}
layer {
  name: "norm1"
  type: "LRN"
  bottom: "conv1"
  top: "norm1"
  lrn_param {
    local_size: 5
    alpha: 0.0001
    beta: 0.75
    engine: MKL2017
  }
}
layer {
  name: "pool1"
  type: "Pooling"
  bottom: "norm1"
  top: "pool1"
  pooling_param {
    pool: MAX
    kernel_size: 3
    stride: 2
    engine: MKL2017
  }
}
layer {
  name: "conv2"
  type: "Convolution"
  bottom: "pool1"
  top: "conv2"
  param {
    lr_mult: 1
    decay_mult: 1
  }
  param {
    lr_mult: 2
    decay_mult: 0
  }
  convolution_param {
    num_output: 256
    pad: 2
    kernel_size: 5
    group: 2
    weight_filler {
      type: "gaussian"
      std: 0.01
    }
    bias_filler {
      type: "constant"
      value: 0.1
    }
    engine: MKL2017
  }
}
layer {
  name: "relu2"
  type: "ReLU"
  bottom: "conv2"
  top: "conv2"
  relu_param {
    engine: MKL2017
  }
}
layer {
  name: "norm2"
  type: "LRN"
  bottom: "conv2"
  top: "norm2"
  lrn_param {
    local_size: 5
    alpha: 0.0001
    beta: 0.75
    engine: MKL2017
  }
}
layer {
  name: "pool2"
  type: "Pooling"
  bottom: "norm2"
  top: "pool2"
  pooling_param {
    pool: MAX
    kernel_size: 3
    stride: 2
    engine: MKL2017
  }
}
layer {
  name: "conv3"
  type: "Convolution"
  bottom: "pool2"
  top: "conv3"
  param {
    lr_mult: 1
    decay_mult: 1
  }
  param {
    lr_mult: 2
    decay_mult: 0
  }
  convolution_param {
    num_output: 384
    pad: 1
    kernel_size: 3
    weight_filler {
      type: "gaussian"
      std: 0.01
    }
    bias_filler {
      type: "constant"
      value: 0
    }
    engine: MKL2017
  }
}
layer {
  name: "relu3"
  type: "ReLU"
  bottom: "conv3"
  top: "conv3"
  relu_param {
    engine: MKL2017
  }
}
layer {
  name: "conv4"
  type: "Convolution"
  bottom: "conv3"
  top: "conv4"
  param {
    lr_mult: 1
    decay_mult: 1
  }
  param {
    lr_mult: 2
    decay_mult: 0
  }
  convolution_param {
    num_output: 384
    pad: 1
    kernel_size: 3
    group: 2
    weight_filler {
      type: "gaussian"
      std: 0.01
    }
    bias_filler {
      type: "constant"
      value: 0.1
    }
    engine: MKL2017
  }
}
layer {
  name: "relu4"
  type: "ReLU"
  bottom: "conv4"
  top: "conv4"
  relu_param {
    engine: MKL2017
  }
}
layer {
  name: "conv5"
  type: "Convolution"
  bottom: "conv4"
  top: "conv5"
  param {
    lr_mult: 1
    decay_mult: 1
  }
  param {
    lr_mult: 2
    decay_mult: 0
  }
  convolution_param {
    num_output: 256
    pad: 1
    kernel_size: 3
    group: 2
    weight_filler {
      type: "gaussian"
      std: 0.01
    }
    bias_filler {
      type: "constant"
      value: 0.1
    }
    engine: MKL2017
  }
}
layer {
  name: "relu5"
  type: "ReLU"
  bottom: "conv5"
  top: "conv5"
  relu_param {
    engine: MKL2017
  }
}
layer {
  name: "pool5"
  type: "Pooling"
  bottom: "conv5"
  top: "pool5"
  pooling_param {
    pool: MAX
    kernel_size: 3
    stride: 2
    engine: MKL2017
  }
}
layer {
  name: "fc6"
  type: "InnerProduct"
  bottom: "pool5"
  top: "fc6"
  param {
    lr_mult: 1
    decay_mult: 1
  }
  param {
    lr_mult: 2
    decay_mult: 0
  }
  inner_product_param {
    num_output: 4096
    weight_filler {
      type: "gaussian"
      std: 0.005
    }
    bias_filler {
      type: "constant"
      value: 0.1
    }
  }
}
layer {
  name: "relu6"
  type: "ReLU"
  bottom: "fc6"
  top: "fc6"
}
layer {
  name: "drop6"
  type: "Dropout"
  bottom: "fc6"
  top: "fc6"
  dropout_param {
    dropout_ratio: 0.5
  }
}
layer {
  name: "fc7"
  type: "InnerProduct"
  bottom: "fc6"
  top: "fc7"
  param {
    lr_mult: 1
    decay_mult: 1
  }
  param {
    lr_mult: 2
    decay_mult: 0
  }
  inner_product_param {
    num_output: 4096
    weight_filler {
      type: "gaussian"
      std: 0.005
    }
    bias_filler {
      type: "constant"
      value: 0.1
    }
  }
}
layer {
  name: "relu7"
  type: "ReLU"
  bottom: "fc7"
  top: "fc7"
}
layer {
  name: "drop7"
  type: "Dropout"
  bottom: "fc7"
  top: "fc7"
  dropout_param {
    dropout_ratio: 0.5
  }
}
layer {
  name: "fc8"
  type: "InnerProduct"
  bottom: "fc7"
  top: "fc8"
  param {
    lr_mult: 1
    decay_mult: 1
  }
  param {
    lr_mult: 2
    decay_mult: 0
  }
  inner_product_param {
    num_output: 1000
    weight_filler {
      type: "gaussian"
      std: 0.01
    }
    bias_filler {
      type: "constant"
      value: 0
    }
  }
}
layer {
  name: "loss"
  type: "SoftmaxWithLoss"
  bottom: "fc8"
  bottom: "label"
  top: "loss"
}
I1109 00:38:36.422721 138786 layer_factory.hpp:114] Creating layer data
I1109 00:38:36.568954 138786 net.cpp:160] Creating Layer data
I1109 00:38:36.616942 138786 net.cpp:570] data -> data
I1109 00:38:37.086020 138786 net.cpp:570] data -> label
I1109 00:38:44.137070 138786 net.cpp:210] Setting up data
I1109 00:38:44.216609 138786 net.cpp:217] Top shape: 32 3 227 227 (4946784)
I1109 00:38:44.320272 138786 net.cpp:217] Top shape: 32 1 1 1 (32)
I1109 00:38:44.328444 138786 net.cpp:225] Memory required for data: 19787264
I1109 00:38:44.397281 138786 layer_factory.hpp:114] Creating layer conv1
I1109 00:38:44.726205 138786 net.cpp:160] Creating Layer conv1
I1109 00:38:44.776579 138786 net.cpp:596] conv1 <- data
I1109 00:38:44.899840 138786 net.cpp:570] conv1 -> conv1
I1109 00:39:17.765936 138786 net.cpp:210] Setting up conv1
I1109 00:39:17.772732 138786 net.cpp:217] Top shape: 32 96 55 55 (9292800)
I1109 00:39:17.773200 138786 net.cpp:225] Memory required for data: 56958464
I1109 00:39:18.054190 138786 layer_factory.hpp:114] Creating layer relu1
I1109 00:39:18.175544 138786 net.cpp:160] Creating Layer relu1
I1109 00:39:18.180172 138786 net.cpp:596] relu1 <- conv1
I1109 00:39:18.212713 138786 net.cpp:557] relu1 -> conv1 (in-place)
I1109 00:39:18.404258 138786 net.cpp:210] Setting up relu1
I1109 00:39:18.406673 138786 net.cpp:217] Top shape: 32 96 55 55 (9292800)
I1109 00:39:18.407011 138786 net.cpp:225] Memory required for data: 94129664
I1109 00:39:18.407244 138786 layer_factory.hpp:114] Creating layer norm1
I1109 00:39:18.511684 138786 net.cpp:160] Creating Layer norm1
I1109 00:39:18.511996 138786 net.cpp:596] norm1 <- conv1
I1109 00:39:18.514538 138786 net.cpp:570] norm1 -> norm1
I1109 00:39:18.735666 138786 net.cpp:210] Setting up norm1
I1109 00:39:18.748405 138786 net.cpp:217] Top shape: 32 96 55 55 (9292800)
I1109 00:39:18.748836 138786 net.cpp:225] Memory required for data: 131300864
I1109 00:39:18.749127 138786 layer_factory.hpp:114] Creating layer pool1
I1109 00:39:18.841951 138786 net.cpp:160] Creating Layer pool1
I1109 00:39:18.842262 138786 net.cpp:596] pool1 <- norm1
I1109 00:39:18.857044 138786 net.cpp:570] pool1 -> pool1
I1109 00:39:19.159191 138786 net.cpp:210] Setting up pool1
I1109 00:39:19.161728 138786 net.cpp:217] Top shape: 32 96 27 27 (2239488)
I1109 00:39:19.162055 138786 net.cpp:225] Memory required for data: 140258816
I1109 00:39:19.162263 138786 layer_factory.hpp:114] Creating layer conv2
I1109 00:39:19.162659 138786 net.cpp:160] Creating Layer conv2
I1109 00:39:19.162889 138786 net.cpp:596] conv2 <- pool1
I1109 00:39:19.163147 138786 net.cpp:570] conv2 -> conv2
I1109 00:39:24.880244 138786 net.cpp:210] Setting up conv2
I1109 00:39:24.880594 138786 net.cpp:217] Top shape: 32 256 27 27 (5971968)
I1109 00:39:24.881062 138786 net.cpp:225] Memory required for data: 164146688
I1109 00:39:24.932164 138786 layer_factory.hpp:114] Creating layer relu2
I1109 00:39:24.932581 138786 net.cpp:160] Creating Layer relu2
I1109 00:39:24.933015 138786 net.cpp:596] relu2 <- conv2
I1109 00:39:24.933293 138786 net.cpp:557] relu2 -> conv2 (in-place)
I1109 00:39:24.933753 138786 net.cpp:210] Setting up relu2
I1109 00:39:24.934020 138786 net.cpp:217] Top shape: 32 256 27 27 (5971968)
I1109 00:39:24.934250 138786 net.cpp:225] Memory required for data: 188034560
I1109 00:39:24.934437 138786 layer_factory.hpp:114] Creating layer norm2
I1109 00:39:24.934675 138786 net.cpp:160] Creating Layer norm2
I1109 00:39:24.934870 138786 net.cpp:596] norm2 <- conv2
I1109 00:39:24.935094 138786 net.cpp:570] norm2 -> norm2
I1109 00:39:24.937377 138786 net.cpp:210] Setting up norm2
I1109 00:39:24.937685 138786 net.cpp:217] Top shape: 32 256 27 27 (5971968)
I1109 00:39:24.937916 138786 net.cpp:225] Memory required for data: 211922432
I1109 00:39:24.938107 138786 layer_factory.hpp:114] Creating layer pool2
I1109 00:39:24.938387 138786 net.cpp:160] Creating Layer pool2
I1109 00:39:24.938606 138786 net.cpp:596] pool2 <- norm2
I1109 00:39:24.938835 138786 net.cpp:570] pool2 -> pool2
I1109 00:39:24.939260 138786 net.cpp:210] Setting up pool2
I1109 00:39:24.939633 138786 net.cpp:217] Top shape: 32 256 13 13 (1384448)
I1109 00:39:24.939921 138786 net.cpp:225] Memory required for data: 217460224
I1109 00:39:24.940125 138786 layer_factory.hpp:114] Creating layer conv3
I1109 00:39:24.940461 138786 net.cpp:160] Creating Layer conv3
I1109 00:39:24.940685 138786 net.cpp:596] conv3 <- pool2
I1109 00:39:24.940973 138786 net.cpp:570] conv3 -> conv3
I1109 00:39:25.431728 138786 net.cpp:210] Setting up conv3
I1109 00:39:25.434236 138786 net.cpp:217] Top shape: 32 384 13 13 (2076672)
I1109 00:39:25.434589 138786 net.cpp:225] Memory required for data: 225766912
I1109 00:39:25.437765 138786 layer_factory.hpp:114] Creating layer relu3
I1109 00:39:25.438163 138786 net.cpp:160] Creating Layer relu3
I1109 00:39:25.438412 138786 net.cpp:596] relu3 <- conv3
I1109 00:39:25.438685 138786 net.cpp:557] relu3 -> conv3 (in-place)
I1109 00:39:25.442817 138786 net.cpp:210] Setting up relu3
I1109 00:39:25.443127 138786 net.cpp:217] Top shape: 32 384 13 13 (2076672)
I1109 00:39:25.443380 138786 net.cpp:225] Memory required for data: 234073600
I1109 00:39:25.443583 138786 layer_factory.hpp:114] Creating layer conv4
I1109 00:39:25.443948 138786 net.cpp:160] Creating Layer conv4
I1109 00:39:25.444205 138786 net.cpp:596] conv4 <- conv3
I1109 00:39:25.444453 138786 net.cpp:570] conv4 -> conv4
I1109 00:39:25.685781 138786 net.cpp:210] Setting up conv4
I1109 00:39:25.686167 138786 net.cpp:217] Top shape: 32 384 13 13 (2076672)
I1109 00:39:25.686560 138786 net.cpp:225] Memory required for data: 242380288
I1109 00:39:25.686902 138786 layer_factory.hpp:114] Creating layer relu4
I1109 00:39:25.687198 138786 net.cpp:160] Creating Layer relu4
I1109 00:39:25.687424 138786 net.cpp:596] relu4 <- conv4
I1109 00:39:25.687659 138786 net.cpp:557] relu4 -> conv4 (in-place)
I1109 00:39:25.699960 138786 net.cpp:210] Setting up relu4
I1109 00:39:25.700271 138786 net.cpp:217] Top shape: 32 384 13 13 (2076672)
I1109 00:39:25.700516 138786 net.cpp:225] Memory required for data: 250686976
I1109 00:39:25.700749 138786 layer_factory.hpp:114] Creating layer conv5
I1109 00:39:25.701192 138786 net.cpp:160] Creating Layer conv5
I1109 00:39:25.701444 138786 net.cpp:596] conv5 <- conv4
I1109 00:39:25.701719 138786 net.cpp:570] conv5 -> conv5
I1109 00:39:25.869577 138786 net.cpp:210] Setting up conv5
I1109 00:39:25.869973 138786 net.cpp:217] Top shape: 32 256 13 13 (1384448)
I1109 00:39:25.870419 138786 net.cpp:225] Memory required for data: 256224768
I1109 00:39:25.875133 138786 layer_factory.hpp:114] Creating layer relu5
I1109 00:39:25.875561 138786 net.cpp:160] Creating Layer relu5
I1109 00:39:25.875807 138786 net.cpp:596] relu5 <- conv5
I1109 00:39:25.876068 138786 net.cpp:557] relu5 -> conv5 (in-place)
I1109 00:39:25.876566 138786 net.cpp:210] Setting up relu5
I1109 00:39:25.876946 138786 net.cpp:217] Top shape: 32 256 13 13 (1384448)
I1109 00:39:25.877202 138786 net.cpp:225] Memory required for data: 261762560
I1109 00:39:25.877408 138786 layer_factory.hpp:114] Creating layer pool5
I1109 00:39:25.877670 138786 net.cpp:160] Creating Layer pool5
I1109 00:39:25.877876 138786 net.cpp:596] pool5 <- conv5
I1109 00:39:25.878093 138786 net.cpp:570] pool5 -> pool5
I1109 00:39:25.878485 138786 net.cpp:210] Setting up pool5
I1109 00:39:25.878739 138786 net.cpp:217] Top shape: 32 256 6 6 (294912)
I1109 00:39:25.878962 138786 net.cpp:225] Memory required for data: 262942208
I1109 00:39:25.879179 138786 layer_factory.hpp:114] Creating layer fc6
I1109 00:39:25.934411 138786 net.cpp:160] Creating Layer fc6
I1109 00:39:25.934722 138786 net.cpp:596] fc6 <- pool5
I1109 00:39:25.935091 138786 net.cpp:570] fc6 -> fc6
I1109 00:39:30.074082 138786 net.cpp:210] Setting up fc6
I1109 00:39:30.074386 138786 net.cpp:217] Top shape: 32 4096 (131072)
I1109 00:39:30.076479 138786 net.cpp:225] Memory required for data: 263466496
I1109 00:39:30.076828 138786 layer_factory.hpp:114] Creating layer relu6
I1109 00:39:30.079344 138786 net.cpp:160] Creating Layer relu6
I1109 00:39:30.079633 138786 net.cpp:596] relu6 <- fc6
I1109 00:39:30.079857 138786 net.cpp:557] relu6 -> fc6 (in-place)
I1109 00:39:30.080274 138786 net.cpp:210] Setting up relu6
I1109 00:39:30.080523 138786 net.cpp:217] Top shape: 32 4096 (131072)
I1109 00:39:30.080745 138786 net.cpp:225] Memory required for data: 263990784
I1109 00:39:30.080988 138786 layer_factory.hpp:114] Creating layer drop6
I1109 00:39:30.100873 138786 net.cpp:160] Creating Layer drop6
I1109 00:39:30.101176 138786 net.cpp:596] drop6 <- fc6
I1109 00:39:30.101541 138786 net.cpp:557] drop6 -> fc6 (in-place)
I1109 00:39:30.204430 138786 net.cpp:210] Setting up drop6
I1109 00:39:30.204725 138786 net.cpp:217] Top shape: 32 4096 (131072)
I1109 00:39:30.205112 138786 net.cpp:225] Memory required for data: 264515072
I1109 00:39:30.205377 138786 layer_factory.hpp:114] Creating layer fc7
I1109 00:39:30.205669 138786 net.cpp:160] Creating Layer fc7
I1109 00:39:30.205886 138786 net.cpp:596] fc7 <- fc6
I1109 00:39:30.206279 138786 net.cpp:570] fc7 -> fc7
I1109 00:39:31.927567 138786 net.cpp:210] Setting up fc7
I1109 00:39:31.927922 138786 net.cpp:217] Top shape: 32 4096 (131072)
I1109 00:39:31.928319 138786 net.cpp:225] Memory required for data: 265039360
I1109 00:39:31.928668 138786 layer_factory.hpp:114] Creating layer relu7
I1109 00:39:31.929044 138786 net.cpp:160] Creating Layer relu7
I1109 00:39:31.929286 138786 net.cpp:596] relu7 <- fc7
I1109 00:39:31.929532 138786 net.cpp:557] relu7 -> fc7 (in-place)
I1109 00:39:31.929972 138786 net.cpp:210] Setting up relu7
I1109 00:39:31.930250 138786 net.cpp:217] Top shape: 32 4096 (131072)
I1109 00:39:31.930490 138786 net.cpp:225] Memory required for data: 265563648
I1109 00:39:31.930686 138786 layer_factory.hpp:114] Creating layer drop7
I1109 00:39:31.930950 138786 net.cpp:160] Creating Layer drop7
I1109 00:39:31.931159 138786 net.cpp:596] drop7 <- fc7
I1109 00:39:31.931391 138786 net.cpp:557] drop7 -> fc7 (in-place)
I1109 00:39:31.931717 138786 net.cpp:210] Setting up drop7
I1109 00:39:31.931951 138786 net.cpp:217] Top shape: 32 4096 (131072)
I1109 00:39:31.932168 138786 net.cpp:225] Memory required for data: 266087936
I1109 00:39:31.932354 138786 layer_factory.hpp:114] Creating layer fc8
I1109 00:39:31.932623 138786 net.cpp:160] Creating Layer fc8
I1109 00:39:31.932870 138786 net.cpp:596] fc8 <- fc7
I1109 00:39:31.933114 138786 net.cpp:570] fc8 -> fc8
I1109 00:39:32.356950 138786 net.cpp:210] Setting up fc8
I1109 00:39:32.357301 138786 net.cpp:217] Top shape: 32 1000 (32000)
I1109 00:39:32.357698 138786 net.cpp:225] Memory required for data: 266215936
I1109 00:39:32.358005 138786 layer_factory.hpp:114] Creating layer loss
I1109 00:39:32.382381 138786 net.cpp:160] Creating Layer loss
I1109 00:39:32.382694 138786 net.cpp:596] loss <- fc8
I1109 00:39:32.383687 138786 net.cpp:596] loss <- label
I1109 00:39:32.411078 138786 net.cpp:570] loss -> loss
I1109 00:39:32.448604 138786 layer_factory.hpp:114] Creating layer loss
I1109 00:39:34.998252 138786 net.cpp:210] Setting up loss
I1109 00:39:35.045897 138786 net.cpp:217] Top shape: (1)
I1109 00:39:35.067200 138786 net.cpp:220]     with loss weight 1
I1109 00:39:35.199882 138786 net.cpp:225] Memory required for data: 266215940
I1109 00:39:35.238345 138786 net.cpp:287] loss needs backward computation.
I1109 00:39:35.327798 138786 net.cpp:287] fc8 needs backward computation.
I1109 00:39:35.335218 138786 net.cpp:287] drop7 needs backward computation.
I1109 00:39:35.346643 138786 net.cpp:287] relu7 needs backward computation.
I1109 00:39:35.346962 138786 net.cpp:287] fc7 needs backward computation.
I1109 00:39:35.349560 138786 net.cpp:287] drop6 needs backward computation.
I1109 00:39:35.349930 138786 net.cpp:287] relu6 needs backward computation.
I1109 00:39:35.350260 138786 net.cpp:287] fc6 needs backward computation.
I1109 00:39:35.350951 138786 net.cpp:287] pool5 needs backward computation.
I1109 00:39:35.351711 138786 net.cpp:287] relu5 needs backward computation.
I1109 00:39:35.351979 138786 net.cpp:287] conv5 needs backward computation.
I1109 00:39:35.352181 138786 net.cpp:287] relu4 needs backward computation.
I1109 00:39:35.352373 138786 net.cpp:287] conv4 needs backward computation.
I1109 00:39:35.352566 138786 net.cpp:287] relu3 needs backward computation.
I1109 00:39:35.352833 138786 net.cpp:287] conv3 needs backward computation.
I1109 00:39:35.365192 138786 net.cpp:287] pool2 needs backward computation.
I1109 00:39:35.365530 138786 net.cpp:287] norm2 needs backward computation.
I1109 00:39:35.365841 138786 net.cpp:287] relu2 needs backward computation.
I1109 00:39:35.366080 138786 net.cpp:287] conv2 needs backward computation.
I1109 00:39:35.366272 138786 net.cpp:287] pool1 needs backward computation.
I1109 00:39:35.366463 138786 net.cpp:287] norm1 needs backward computation.
I1109 00:39:35.366652 138786 net.cpp:287] relu1 needs backward computation.
I1109 00:39:35.366837 138786 net.cpp:287] conv1 needs backward computation.
I1109 00:39:35.379393 138786 net.cpp:289] data does not need backward computation.
I1109 00:39:35.404424 138786 net.cpp:331] This network produces output loss
I1109 00:39:35.485728 138786 net.cpp:345] Network initialization done.
I1109 00:39:35.655592 138786 caffe.cpp:452] Performing Forward
I1109 00:39:48.899852 138786 caffe.cpp:457] Initial loss: 6.80948
I1109 00:39:48.952395 138786 caffe.cpp:459] Performing Backward
I1109 00:39:53.589550 138786 caffe.cpp:468] *** Benchmark begins ***
I1109 00:39:53.598834 138786 caffe.cpp:469] Testing for 1 iterations.
I1109 00:39:53.740180 138786 caffe.cpp:482] Profiling Layer: drop6 forward
I1109 00:39:55.941421 138786 caffe.cpp:512] Iteration: 1 forward-backward time: 2195 ms.
I1109 00:39:56.096535 138786 caffe.cpp:519] Average time per layer: 
I1109 00:39:56.112035 138786 caffe.cpp:522]       data	forward: 550.143 ms.
I1109 00:39:56.184286 138786 caffe.cpp:526]       data	backward: 4.949 ms.
I1109 00:39:56.208117 138786 caffe.cpp:522]      conv1	forward: 128.595 ms.
I1109 00:39:56.218683 138786 caffe.cpp:526]      conv1	backward: 45.794 ms.
I1109 00:39:56.228085 138786 caffe.cpp:522]      relu1	forward: 18.508 ms.
I1109 00:39:56.234062 138786 caffe.cpp:526]      relu1	backward: 8.469 ms.
I1109 00:39:56.242494 138786 caffe.cpp:522]      norm1	forward: 23.172 ms.
I1109 00:39:56.246561 138786 caffe.cpp:526]      norm1	backward: 12.166 ms.
I1109 00:39:56.254817 138786 caffe.cpp:522]      pool1	forward: 16.696 ms.
I1109 00:39:56.259033 138786 caffe.cpp:526]      pool1	backward: 73.632 ms.
I1109 00:39:56.270495 138786 caffe.cpp:522]      conv2	forward: 63.362 ms.
I1109 00:39:56.276983 138786 caffe.cpp:526]      conv2	backward: 86.6 ms.
I1109 00:39:56.284549 138786 caffe.cpp:522]      relu2	forward: 16.91 ms.
I1109 00:39:56.288408 138786 caffe.cpp:526]      relu2	backward: 15.679 ms.
I1109 00:39:56.290290 138786 caffe.cpp:522]      norm2	forward: 14.784 ms.
I1109 00:39:56.290552 138786 caffe.cpp:526]      norm2	backward: 14.677 ms.
I1109 00:39:56.290750 138786 caffe.cpp:522]      pool2	forward: 14.463 ms.
I1109 00:39:56.290941 138786 caffe.cpp:526]      pool2	backward: 60.461 ms.
I1109 00:39:56.291132 138786 caffe.cpp:522]      conv3	forward: 34.656 ms.
I1109 00:39:56.291323 138786 caffe.cpp:526]      conv3	backward: 80.55 ms.
I1109 00:39:56.291514 138786 caffe.cpp:522]      relu3	forward: 15.866 ms.
I1109 00:39:56.291705 138786 caffe.cpp:526]      relu3	backward: 28.764 ms.
I1109 00:39:56.291934 138786 caffe.cpp:522]      conv4	forward: 38.092 ms.
I1109 00:39:56.292986 138786 caffe.cpp:526]      conv4	backward: 68.947 ms.
I1109 00:39:56.293261 138786 caffe.cpp:522]      relu4	forward: 12.131 ms.
I1109 00:39:56.293457 138786 caffe.cpp:526]      relu4	backward: 44.359 ms.
I1109 00:39:56.293650 138786 caffe.cpp:522]      conv5	forward: 17.576 ms.
I1109 00:39:56.293844 138786 caffe.cpp:526]      conv5	backward: 72.822 ms.
I1109 00:39:56.294035 138786 caffe.cpp:522]      relu5	forward: 0.196 ms.
I1109 00:39:56.294225 138786 caffe.cpp:526]      relu5	backward: 13.274 ms.
I1109 00:39:56.294416 138786 caffe.cpp:522]      pool5	forward: 0.284 ms.
I1109 00:39:56.294605 138786 caffe.cpp:526]      pool5	backward: 41.743 ms.
I1109 00:39:56.294827 138786 caffe.cpp:522]        fc6	forward: 16.453 ms.
I1109 00:39:56.295032 138786 caffe.cpp:526]        fc6	backward: 125.843 ms.
I1109 00:39:56.295323 138786 caffe.cpp:522]      relu6	forward: 0.803 ms.
I1109 00:39:56.295584 138786 caffe.cpp:526]      relu6	backward: 9.082 ms.
I1109 00:39:56.295779 138786 caffe.cpp:522]      drop6	forward: 13.478 ms.
I1109 00:39:56.295972 138786 caffe.cpp:526]      drop6	backward: 9.926 ms.
I1109 00:39:56.296164 138786 caffe.cpp:522]        fc7	forward: 4.59 ms.
I1109 00:39:56.296351 138786 caffe.cpp:526]        fc7	backward: 87.275 ms.
I1109 00:39:56.296543 138786 caffe.cpp:522]      relu7	forward: 0.136 ms.
I1109 00:39:56.296731 138786 caffe.cpp:526]      relu7	backward: 11.872 ms.
I1109 00:39:56.296953 138786 caffe.cpp:522]      drop7	forward: 0.309 ms.
I1109 00:39:56.297143 138786 caffe.cpp:526]      drop7	backward: 12.887 ms.
I1109 00:39:56.297372 138786 caffe.cpp:522]        fc8	forward: 1.925 ms.
I1109 00:39:56.297590 138786 caffe.cpp:526]        fc8	backward: 90.03 ms.
I1109 00:39:56.297781 138786 caffe.cpp:522]       loss	forward: 40.942 ms.
I1109 00:39:56.297972 138786 caffe.cpp:526]       loss	backward: 37.368 ms.
I1109 00:39:56.303459 138786 caffe.cpp:532] Average Forward pass: 1099.86 ms.
I1109 00:39:56.316148 138786 caffe.cpp:535] Average Backward pass: 1067.05 ms.
I1109 00:39:56.326900 138786 caffe.cpp:537] Average Forward-Backward: 2662 ms.
I1109 00:39:56.341665 138786 caffe.cpp:540] Total Time: 2662 ms.
I1109 00:39:56.353756 138786 caffe.cpp:541] *** Benchmark ends ***
Search stanza is "EMIT_GLOBAL_DYNAMIC_STATS"
elements_fp_single_1 = 3
elements_fp_single_4 = 0
elements_fp_single_8 = 0
elements_fp_single_16 = 16384
elements_fp_double_1 = 33
elements_fp_double_2 = 196832
elements_fp_double_4 = 0
elements_fp_double_8 = 0
--->Total single-precision FLOPs = 262147
--->Total double-precision FLOPs = 393697
--->Total FLOPs = 655844
mem-read-1 = 480312
mem-read-2 = 71
mem-read-4 = 3864574
mem-read-8 = 5297524
mem-read-16 = 655376
mem-read-32 = 0
mem-read-64 = 24592
mem-write-1 = 138
mem-write-2 = 50
mem-write-4 = 1877
mem-write-8 = 553180
mem-write-16 = 32
mem-write-32 = 0
mem-write-64 = 16384
--->Total Bytes read = 70378846
--->Total Bytes written = 5482274
--->Total Bytes = 75861120
