sde64 -knl -d -iform 1 -omix sde_knl/knl_sde_layer16_dir0.out.mix -global_region -start_ssc_mark 111:repeat -stop_ssc_mark 222:repeat -- /project/projectdirs/mpccc/tmalas/intelcaffe/install_carl/bin/caffe time -model=src/models/mkl2017_alexnet/train_val.prototxt -iterations=1 -prof_layer=16 -prof_forward_direction=0
I1109 03:00:22.502769 144290 caffe.cpp:444] Use CPU.
I1109 03:00:39.316923 144290 cpu_info.cpp:452] Processor speed [MHz]: 1400
I1109 03:00:39.372577 144290 cpu_info.cpp:455] Total number of sockets: 1
I1109 03:00:39.384609 144290 cpu_info.cpp:458] Total number of CPU cores: 68
I1109 03:00:39.397181 144290 cpu_info.cpp:461] Total number of processors: 272
I1109 03:00:39.408500 144290 cpu_info.cpp:464] GPU is used: no
I1109 03:00:39.417632 144290 cpu_info.cpp:467] OpenMP environmental variables are specified: yes
I1109 03:00:39.426563 144290 cpu_info.cpp:470] OpenMP thread bind allowed: no
I1109 03:00:39.437551 144290 cpu_info.cpp:473] Number of OpenMP threads: 16
I1109 03:00:48.188498 144290 net.cpp:484] The NetState phase (0) differed from the phase (1) specified by a rule in layer data
I1109 03:00:48.219691 144290 net.cpp:484] The NetState phase (0) differed from the phase (1) specified by a rule in layer accuracy
I1109 03:00:48.853377 144290 net.cpp:120] Initializing net from parameters: 
name: "AlexNet"
state {
  phase: TRAIN
  level: 0
  stage: ""
}
layer {
  name: "data"
  type: "DummyData"
  top: "data"
  top: "label"
  include {
    phase: TRAIN
  }
  dummy_data_param {
    data_filler {
      type: "gaussian"
      std: 1
    }
    data_filler {
      type: "constant"
      value: 0
    }
    shape {
      dim: 32
      dim: 3
      dim: 227
      dim: 227
    }
    shape {
      dim: 32
      dim: 1
      dim: 1
      dim: 1
    }
  }
}
layer {
  name: "conv1"
  type: "Convolution"
  bottom: "data"
  top: "conv1"
  param {
    lr_mult: 1
    decay_mult: 1
  }
  param {
    lr_mult: 2
    decay_mult: 0
  }
  convolution_param {
    num_output: 96
    kernel_size: 11
    stride: 4
    weight_filler {
      type: "gaussian"
      std: 0.01
    }
    bias_filler {
      type: "constant"
      value: 0
    }
    engine: MKL2017
  }
}
layer {
  name: "relu1"
  type: "ReLU"
  bottom: "conv1"
  top: "conv1"
  relu_param {
    engine: MKL2017
  }
}
layer {
  name: "norm1"
  type: "LRN"
  bottom: "conv1"
  top: "norm1"
  lrn_param {
    local_size: 5
    alpha: 0.0001
    beta: 0.75
    engine: MKL2017
  }
}
layer {
  name: "pool1"
  type: "Pooling"
  bottom: "norm1"
  top: "pool1"
  pooling_param {
    pool: MAX
    kernel_size: 3
    stride: 2
    engine: MKL2017
  }
}
layer {
  name: "conv2"
  type: "Convolution"
  bottom: "pool1"
  top: "conv2"
  param {
    lr_mult: 1
    decay_mult: 1
  }
  param {
    lr_mult: 2
    decay_mult: 0
  }
  convolution_param {
    num_output: 256
    pad: 2
    kernel_size: 5
    group: 2
    weight_filler {
      type: "gaussian"
      std: 0.01
    }
    bias_filler {
      type: "constant"
      value: 0.1
    }
    engine: MKL2017
  }
}
layer {
  name: "relu2"
  type: "ReLU"
  bottom: "conv2"
  top: "conv2"
  relu_param {
    engine: MKL2017
  }
}
layer {
  name: "norm2"
  type: "LRN"
  bottom: "conv2"
  top: "norm2"
  lrn_param {
    local_size: 5
    alpha: 0.0001
    beta: 0.75
    engine: MKL2017
  }
}
layer {
  name: "pool2"
  type: "Pooling"
  bottom: "norm2"
  top: "pool2"
  pooling_param {
    pool: MAX
    kernel_size: 3
    stride: 2
    engine: MKL2017
  }
}
layer {
  name: "conv3"
  type: "Convolution"
  bottom: "pool2"
  top: "conv3"
  param {
    lr_mult: 1
    decay_mult: 1
  }
  param {
    lr_mult: 2
    decay_mult: 0
  }
  convolution_param {
    num_output: 384
    pad: 1
    kernel_size: 3
    weight_filler {
      type: "gaussian"
      std: 0.01
    }
    bias_filler {
      type: "constant"
      value: 0
    }
    engine: MKL2017
  }
}
layer {
  name: "relu3"
  type: "ReLU"
  bottom: "conv3"
  top: "conv3"
  relu_param {
    engine: MKL2017
  }
}
layer {
  name: "conv4"
  type: "Convolution"
  bottom: "conv3"
  top: "conv4"
  param {
    lr_mult: 1
    decay_mult: 1
  }
  param {
    lr_mult: 2
    decay_mult: 0
  }
  convolution_param {
    num_output: 384
    pad: 1
    kernel_size: 3
    group: 2
    weight_filler {
      type: "gaussian"
      std: 0.01
    }
    bias_filler {
      type: "constant"
      value: 0.1
    }
    engine: MKL2017
  }
}
layer {
  name: "relu4"
  type: "ReLU"
  bottom: "conv4"
  top: "conv4"
  relu_param {
    engine: MKL2017
  }
}
layer {
  name: "conv5"
  type: "Convolution"
  bottom: "conv4"
  top: "conv5"
  param {
    lr_mult: 1
    decay_mult: 1
  }
  param {
    lr_mult: 2
    decay_mult: 0
  }
  convolution_param {
    num_output: 256
    pad: 1
    kernel_size: 3
    group: 2
    weight_filler {
      type: "gaussian"
      std: 0.01
    }
    bias_filler {
      type: "constant"
      value: 0.1
    }
    engine: MKL2017
  }
}
layer {
  name: "relu5"
  type: "ReLU"
  bottom: "conv5"
  top: "conv5"
  relu_param {
    engine: MKL2017
  }
}
layer {
  name: "pool5"
  type: "Pooling"
  bottom: "conv5"
  top: "pool5"
  pooling_param {
    pool: MAX
    kernel_size: 3
    stride: 2
    engine: MKL2017
  }
}
layer {
  name: "fc6"
  type: "InnerProduct"
  bottom: "pool5"
  top: "fc6"
  param {
    lr_mult: 1
    decay_mult: 1
  }
  param {
    lr_mult: 2
    decay_mult: 0
  }
  inner_product_param {
    num_output: 4096
    weight_filler {
      type: "gaussian"
      std: 0.005
    }
    bias_filler {
      type: "constant"
      value: 0.1
    }
  }
}
layer {
  name: "relu6"
  type: "ReLU"
  bottom: "fc6"
  top: "fc6"
}
layer {
  name: "drop6"
  type: "Dropout"
  bottom: "fc6"
  top: "fc6"
  dropout_param {
    dropout_ratio: 0.5
  }
}
layer {
  name: "fc7"
  type: "InnerProduct"
  bottom: "fc6"
  top: "fc7"
  param {
    lr_mult: 1
    decay_mult: 1
  }
  param {
    lr_mult: 2
    decay_mult: 0
  }
  inner_product_param {
    num_output: 4096
    weight_filler {
      type: "gaussian"
      std: 0.005
    }
    bias_filler {
      type: "constant"
      value: 0.1
    }
  }
}
layer {
  name: "relu7"
  type: "ReLU"
  bottom: "fc7"
  top: "fc7"
}
layer {
  name: "drop7"
  type: "Dropout"
  bottom: "fc7"
  top: "fc7"
  dropout_param {
    dropout_ratio: 0.5
  }
}
layer {
  name: "fc8"
  type: "InnerProduct"
  bottom: "fc7"
  top: "fc8"
  param {
    lr_mult: 1
    decay_mult: 1
  }
  param {
    lr_mult: 2
    decay_mult: 0
  }
  inner_product_param {
    num_output: 1000
    weight_filler {
      type: "gaussian"
      std: 0.01
    }
    bias_filler {
      type: "constant"
      value: 0
    }
  }
}
layer {
  name: "loss"
  type: "SoftmaxWithLoss"
  bottom: "fc8"
  bottom: "label"
  top: "loss"
}
I1109 03:00:51.301725 144290 layer_factory.hpp:114] Creating layer data
I1109 03:00:51.448971 144290 net.cpp:160] Creating Layer data
I1109 03:00:51.496834 144290 net.cpp:570] data -> data
I1109 03:00:51.964977 144290 net.cpp:570] data -> label
I1109 03:00:58.998251 144290 net.cpp:210] Setting up data
I1109 03:00:59.077414 144290 net.cpp:217] Top shape: 32 3 227 227 (4946784)
I1109 03:00:59.181534 144290 net.cpp:217] Top shape: 32 1 1 1 (32)
I1109 03:00:59.188817 144290 net.cpp:225] Memory required for data: 19787264
I1109 03:00:59.255980 144290 layer_factory.hpp:114] Creating layer conv1
I1109 03:00:59.587045 144290 net.cpp:160] Creating Layer conv1
I1109 03:00:59.637835 144290 net.cpp:596] conv1 <- data
I1109 03:00:59.757448 144290 net.cpp:570] conv1 -> conv1
I1109 03:01:32.452304 144290 net.cpp:210] Setting up conv1
I1109 03:01:32.459484 144290 net.cpp:217] Top shape: 32 96 55 55 (9292800)
I1109 03:01:32.459841 144290 net.cpp:225] Memory required for data: 56958464
I1109 03:01:32.739552 144290 layer_factory.hpp:114] Creating layer relu1
I1109 03:01:32.859926 144290 net.cpp:160] Creating Layer relu1
I1109 03:01:32.864548 144290 net.cpp:596] relu1 <- conv1
I1109 03:01:32.896744 144290 net.cpp:557] relu1 -> conv1 (in-place)
I1109 03:01:33.086446 144290 net.cpp:210] Setting up relu1
I1109 03:01:33.088953 144290 net.cpp:217] Top shape: 32 96 55 55 (9292800)
I1109 03:01:33.089299 144290 net.cpp:225] Memory required for data: 94129664
I1109 03:01:33.089541 144290 layer_factory.hpp:114] Creating layer norm1
I1109 03:01:33.193688 144290 net.cpp:160] Creating Layer norm1
I1109 03:01:33.194006 144290 net.cpp:596] norm1 <- conv1
I1109 03:01:33.196569 144290 net.cpp:570] norm1 -> norm1
I1109 03:01:33.418234 144290 net.cpp:210] Setting up norm1
I1109 03:01:33.431138 144290 net.cpp:217] Top shape: 32 96 55 55 (9292800)
I1109 03:01:33.431522 144290 net.cpp:225] Memory required for data: 131300864
I1109 03:01:33.431833 144290 layer_factory.hpp:114] Creating layer pool1
I1109 03:01:33.528465 144290 net.cpp:160] Creating Layer pool1
I1109 03:01:33.528856 144290 net.cpp:596] pool1 <- norm1
I1109 03:01:33.543895 144290 net.cpp:570] pool1 -> pool1
I1109 03:01:33.843276 144290 net.cpp:210] Setting up pool1
I1109 03:01:33.845790 144290 net.cpp:217] Top shape: 32 96 27 27 (2239488)
I1109 03:01:33.846125 144290 net.cpp:225] Memory required for data: 140258816
I1109 03:01:33.846350 144290 layer_factory.hpp:114] Creating layer conv2
I1109 03:01:33.846755 144290 net.cpp:160] Creating Layer conv2
I1109 03:01:33.846997 144290 net.cpp:596] conv2 <- pool1
I1109 03:01:33.847277 144290 net.cpp:570] conv2 -> conv2
I1109 03:01:39.608764 144290 net.cpp:210] Setting up conv2
I1109 03:01:39.609138 144290 net.cpp:217] Top shape: 32 256 27 27 (5971968)
I1109 03:01:39.609547 144290 net.cpp:225] Memory required for data: 164146688
I1109 03:01:39.661161 144290 layer_factory.hpp:114] Creating layer relu2
I1109 03:01:39.661563 144290 net.cpp:160] Creating Layer relu2
I1109 03:01:39.661941 144290 net.cpp:596] relu2 <- conv2
I1109 03:01:39.662212 144290 net.cpp:557] relu2 -> conv2 (in-place)
I1109 03:01:39.662668 144290 net.cpp:210] Setting up relu2
I1109 03:01:39.662942 144290 net.cpp:217] Top shape: 32 256 27 27 (5971968)
I1109 03:01:39.663183 144290 net.cpp:225] Memory required for data: 188034560
I1109 03:01:39.663378 144290 layer_factory.hpp:114] Creating layer norm2
I1109 03:01:39.663631 144290 net.cpp:160] Creating Layer norm2
I1109 03:01:39.663835 144290 net.cpp:596] norm2 <- conv2
I1109 03:01:39.664063 144290 net.cpp:570] norm2 -> norm2
I1109 03:01:39.666154 144290 net.cpp:210] Setting up norm2
I1109 03:01:39.666486 144290 net.cpp:217] Top shape: 32 256 27 27 (5971968)
I1109 03:01:39.666764 144290 net.cpp:225] Memory required for data: 211922432
I1109 03:01:39.666954 144290 layer_factory.hpp:114] Creating layer pool2
I1109 03:01:39.667805 144290 net.cpp:160] Creating Layer pool2
I1109 03:01:39.668112 144290 net.cpp:596] pool2 <- norm2
I1109 03:01:39.668516 144290 net.cpp:570] pool2 -> pool2
I1109 03:01:39.669025 144290 net.cpp:210] Setting up pool2
I1109 03:01:39.669281 144290 net.cpp:217] Top shape: 32 256 13 13 (1384448)
I1109 03:01:39.669512 144290 net.cpp:225] Memory required for data: 217460224
I1109 03:01:39.669715 144290 layer_factory.hpp:114] Creating layer conv3
I1109 03:01:39.670054 144290 net.cpp:160] Creating Layer conv3
I1109 03:01:39.670279 144290 net.cpp:596] conv3 <- pool2
I1109 03:01:39.670523 144290 net.cpp:570] conv3 -> conv3
I1109 03:01:40.131139 144290 net.cpp:210] Setting up conv3
I1109 03:01:40.133630 144290 net.cpp:217] Top shape: 32 384 13 13 (2076672)
I1109 03:01:40.133991 144290 net.cpp:225] Memory required for data: 225766912
I1109 03:01:40.137202 144290 layer_factory.hpp:114] Creating layer relu3
I1109 03:01:40.137619 144290 net.cpp:160] Creating Layer relu3
I1109 03:01:40.137879 144290 net.cpp:596] relu3 <- conv3
I1109 03:01:40.138161 144290 net.cpp:557] relu3 -> conv3 (in-place)
I1109 03:01:40.142374 144290 net.cpp:210] Setting up relu3
I1109 03:01:40.142693 144290 net.cpp:217] Top shape: 32 384 13 13 (2076672)
I1109 03:01:40.142949 144290 net.cpp:225] Memory required for data: 234073600
I1109 03:01:40.143149 144290 layer_factory.hpp:114] Creating layer conv4
I1109 03:01:40.143515 144290 net.cpp:160] Creating Layer conv4
I1109 03:01:40.143772 144290 net.cpp:596] conv4 <- conv3
I1109 03:01:40.144028 144290 net.cpp:570] conv4 -> conv4
I1109 03:01:40.412714 144290 net.cpp:210] Setting up conv4
I1109 03:01:40.413144 144290 net.cpp:217] Top shape: 32 384 13 13 (2076672)
I1109 03:01:40.413550 144290 net.cpp:225] Memory required for data: 242380288
I1109 03:01:40.413902 144290 layer_factory.hpp:114] Creating layer relu4
I1109 03:01:40.414201 144290 net.cpp:160] Creating Layer relu4
I1109 03:01:40.414438 144290 net.cpp:596] relu4 <- conv4
I1109 03:01:40.414680 144290 net.cpp:557] relu4 -> conv4 (in-place)
I1109 03:01:40.427160 144290 net.cpp:210] Setting up relu4
I1109 03:01:40.427525 144290 net.cpp:217] Top shape: 32 384 13 13 (2076672)
I1109 03:01:40.427881 144290 net.cpp:225] Memory required for data: 250686976
I1109 03:01:40.428134 144290 layer_factory.hpp:114] Creating layer conv5
I1109 03:01:40.428503 144290 net.cpp:160] Creating Layer conv5
I1109 03:01:40.428752 144290 net.cpp:596] conv5 <- conv4
I1109 03:01:40.429067 144290 net.cpp:570] conv5 -> conv5
I1109 03:01:40.597914 144290 net.cpp:210] Setting up conv5
I1109 03:01:40.598315 144290 net.cpp:217] Top shape: 32 256 13 13 (1384448)
I1109 03:01:40.598770 144290 net.cpp:225] Memory required for data: 256224768
I1109 03:01:40.603461 144290 layer_factory.hpp:114] Creating layer relu5
I1109 03:01:40.603868 144290 net.cpp:160] Creating Layer relu5
I1109 03:01:40.604135 144290 net.cpp:596] relu5 <- conv5
I1109 03:01:40.604418 144290 net.cpp:557] relu5 -> conv5 (in-place)
I1109 03:01:40.604974 144290 net.cpp:210] Setting up relu5
I1109 03:01:40.605298 144290 net.cpp:217] Top shape: 32 256 13 13 (1384448)
I1109 03:01:40.605657 144290 net.cpp:225] Memory required for data: 261762560
I1109 03:01:40.605875 144290 layer_factory.hpp:114] Creating layer pool5
I1109 03:01:40.606144 144290 net.cpp:160] Creating Layer pool5
I1109 03:01:40.606374 144290 net.cpp:596] pool5 <- conv5
I1109 03:01:40.606604 144290 net.cpp:570] pool5 -> pool5
I1109 03:01:40.607005 144290 net.cpp:210] Setting up pool5
I1109 03:01:40.607266 144290 net.cpp:217] Top shape: 32 256 6 6 (294912)
I1109 03:01:40.607497 144290 net.cpp:225] Memory required for data: 262942208
I1109 03:01:40.607686 144290 layer_factory.hpp:114] Creating layer fc6
I1109 03:01:40.662917 144290 net.cpp:160] Creating Layer fc6
I1109 03:01:40.663230 144290 net.cpp:596] fc6 <- pool5
I1109 03:01:40.663633 144290 net.cpp:570] fc6 -> fc6
I1109 03:01:44.758280 144290 net.cpp:210] Setting up fc6
I1109 03:01:44.758587 144290 net.cpp:217] Top shape: 32 4096 (131072)
I1109 03:01:44.760614 144290 net.cpp:225] Memory required for data: 263466496
I1109 03:01:44.760982 144290 layer_factory.hpp:114] Creating layer relu6
I1109 03:01:44.763492 144290 net.cpp:160] Creating Layer relu6
I1109 03:01:44.763792 144290 net.cpp:596] relu6 <- fc6
I1109 03:01:44.764024 144290 net.cpp:557] relu6 -> fc6 (in-place)
I1109 03:01:44.764453 144290 net.cpp:210] Setting up relu6
I1109 03:01:44.764710 144290 net.cpp:217] Top shape: 32 4096 (131072)
I1109 03:01:44.764998 144290 net.cpp:225] Memory required for data: 263990784
I1109 03:01:44.765195 144290 layer_factory.hpp:114] Creating layer drop6
I1109 03:01:44.785430 144290 net.cpp:160] Creating Layer drop6
I1109 03:01:44.785738 144290 net.cpp:596] drop6 <- fc6
I1109 03:01:44.786137 144290 net.cpp:557] drop6 -> fc6 (in-place)
I1109 03:01:44.890697 144290 net.cpp:210] Setting up drop6
I1109 03:01:44.891003 144290 net.cpp:217] Top shape: 32 4096 (131072)
I1109 03:01:44.891350 144290 net.cpp:225] Memory required for data: 264515072
I1109 03:01:44.891602 144290 layer_factory.hpp:114] Creating layer fc7
I1109 03:01:44.891881 144290 net.cpp:160] Creating Layer fc7
I1109 03:01:44.892102 144290 net.cpp:596] fc7 <- fc6
I1109 03:01:44.892503 144290 net.cpp:570] fc7 -> fc7
I1109 03:01:46.606578 144290 net.cpp:210] Setting up fc7
I1109 03:01:46.606923 144290 net.cpp:217] Top shape: 32 4096 (131072)
I1109 03:01:46.607302 144290 net.cpp:225] Memory required for data: 265039360
I1109 03:01:46.607651 144290 layer_factory.hpp:114] Creating layer relu7
I1109 03:01:46.607964 144290 net.cpp:160] Creating Layer relu7
I1109 03:01:46.608199 144290 net.cpp:596] relu7 <- fc7
I1109 03:01:46.608446 144290 net.cpp:557] relu7 -> fc7 (in-place)
I1109 03:01:46.608932 144290 net.cpp:210] Setting up relu7
I1109 03:01:46.609227 144290 net.cpp:217] Top shape: 32 4096 (131072)
I1109 03:01:46.609468 144290 net.cpp:225] Memory required for data: 265563648
I1109 03:01:46.609670 144290 layer_factory.hpp:114] Creating layer drop7
I1109 03:01:46.609906 144290 net.cpp:160] Creating Layer drop7
I1109 03:01:46.610152 144290 net.cpp:596] drop7 <- fc7
I1109 03:01:46.610405 144290 net.cpp:557] drop7 -> fc7 (in-place)
I1109 03:01:46.610692 144290 net.cpp:210] Setting up drop7
I1109 03:01:46.610929 144290 net.cpp:217] Top shape: 32 4096 (131072)
I1109 03:01:46.611147 144290 net.cpp:225] Memory required for data: 266087936
I1109 03:01:46.611332 144290 layer_factory.hpp:114] Creating layer fc8
I1109 03:01:46.611584 144290 net.cpp:160] Creating Layer fc8
I1109 03:01:46.611780 144290 net.cpp:596] fc8 <- fc7
I1109 03:01:46.612005 144290 net.cpp:570] fc8 -> fc8
I1109 03:01:47.035086 144290 net.cpp:210] Setting up fc8
I1109 03:01:47.035467 144290 net.cpp:217] Top shape: 32 1000 (32000)
I1109 03:01:47.035892 144290 net.cpp:225] Memory required for data: 266215936
I1109 03:01:47.036257 144290 layer_factory.hpp:114] Creating layer loss
I1109 03:01:47.061362 144290 net.cpp:160] Creating Layer loss
I1109 03:01:47.061736 144290 net.cpp:596] loss <- fc8
I1109 03:01:47.062794 144290 net.cpp:596] loss <- label
I1109 03:01:47.090327 144290 net.cpp:570] loss -> loss
I1109 03:01:47.128103 144290 layer_factory.hpp:114] Creating layer loss
I1109 03:01:49.671699 144290 net.cpp:210] Setting up loss
I1109 03:01:49.715323 144290 net.cpp:217] Top shape: (1)
I1109 03:01:49.733422 144290 net.cpp:220]     with loss weight 1
I1109 03:01:49.863550 144290 net.cpp:225] Memory required for data: 266215940
I1109 03:01:49.913738 144290 net.cpp:287] loss needs backward computation.
I1109 03:01:50.009930 144290 net.cpp:287] fc8 needs backward computation.
I1109 03:01:50.019384 144290 net.cpp:287] drop7 needs backward computation.
I1109 03:01:50.030403 144290 net.cpp:287] relu7 needs backward computation.
I1109 03:01:50.030712 144290 net.cpp:287] fc7 needs backward computation.
I1109 03:01:50.033228 144290 net.cpp:287] drop6 needs backward computation.
I1109 03:01:50.033560 144290 net.cpp:287] relu6 needs backward computation.
I1109 03:01:50.033764 144290 net.cpp:287] fc6 needs backward computation.
I1109 03:01:50.034592 144290 net.cpp:287] pool5 needs backward computation.
I1109 03:01:50.035346 144290 net.cpp:287] relu5 needs backward computation.
I1109 03:01:50.035603 144290 net.cpp:287] conv5 needs backward computation.
I1109 03:01:50.035799 144290 net.cpp:287] relu4 needs backward computation.
I1109 03:01:50.035980 144290 net.cpp:287] conv4 needs backward computation.
I1109 03:01:50.036166 144290 net.cpp:287] relu3 needs backward computation.
I1109 03:01:50.036348 144290 net.cpp:287] conv3 needs backward computation.
I1109 03:01:50.048611 144290 net.cpp:287] pool2 needs backward computation.
I1109 03:01:50.048988 144290 net.cpp:287] norm2 needs backward computation.
I1109 03:01:50.049326 144290 net.cpp:287] relu2 needs backward computation.
I1109 03:01:50.049530 144290 net.cpp:287] conv2 needs backward computation.
I1109 03:01:50.049721 144290 net.cpp:287] pool1 needs backward computation.
I1109 03:01:50.049904 144290 net.cpp:287] norm1 needs backward computation.
I1109 03:01:50.050092 144290 net.cpp:287] relu1 needs backward computation.
I1109 03:01:50.050271 144290 net.cpp:287] conv1 needs backward computation.
I1109 03:01:50.062852 144290 net.cpp:289] data does not need backward computation.
I1109 03:01:50.087015 144290 net.cpp:331] This network produces output loss
I1109 03:01:50.160704 144290 net.cpp:345] Network initialization done.
I1109 03:01:50.326108 144290 caffe.cpp:452] Performing Forward
I1109 03:02:03.551740 144290 caffe.cpp:457] Initial loss: 6.99479
I1109 03:02:03.597899 144290 caffe.cpp:459] Performing Backward
I1109 03:02:08.378672 144290 caffe.cpp:468] *** Benchmark begins ***
I1109 03:02:08.391319 144290 caffe.cpp:469] Testing for 1 iterations.
I1109 03:02:08.536427 144290 caffe.cpp:485] Profiling Layer: fc6 backward
I1109 03:02:10.921944 144290 caffe.cpp:512] Iteration: 1 forward-backward time: 2381 ms.
I1109 03:02:11.083434 144290 caffe.cpp:519] Average time per layer: 
I1109 03:02:11.100414 144290 caffe.cpp:522]       data	forward: 542.894 ms.
I1109 03:02:11.171015 144290 caffe.cpp:526]       data	backward: 4.978 ms.
I1109 03:02:11.197763 144290 caffe.cpp:522]      conv1	forward: 122.222 ms.
I1109 03:02:11.209666 144290 caffe.cpp:526]      conv1	backward: 52.163 ms.
I1109 03:02:11.214233 144290 caffe.cpp:522]      relu1	forward: 23.775 ms.
I1109 03:02:11.221961 144290 caffe.cpp:526]      relu1	backward: 17.674 ms.
I1109 03:02:11.230217 144290 caffe.cpp:522]      norm1	forward: 16.095 ms.
I1109 03:02:11.240643 144290 caffe.cpp:526]      norm1	backward: 24.136 ms.
I1109 03:02:11.251850 144290 caffe.cpp:522]      pool1	forward: 22.038 ms.
I1109 03:02:11.254196 144290 caffe.cpp:526]      pool1	backward: 78.892 ms.
I1109 03:02:11.254988 144290 caffe.cpp:522]      conv2	forward: 70.956 ms.
I1109 03:02:11.255213 144290 caffe.cpp:526]      conv2	backward: 85.459 ms.
I1109 03:02:11.255411 144290 caffe.cpp:522]      relu2	forward: 13.756 ms.
I1109 03:02:11.257220 144290 caffe.cpp:526]      relu2	backward: 18.144 ms.
I1109 03:02:11.257525 144290 caffe.cpp:522]      norm2	forward: 13.467 ms.
I1109 03:02:11.257762 144290 caffe.cpp:526]      norm2	backward: 16.873 ms.
I1109 03:02:11.257992 144290 caffe.cpp:522]      pool2	forward: 14.642 ms.
I1109 03:02:11.258220 144290 caffe.cpp:526]      pool2	backward: 62.423 ms.
I1109 03:02:11.258456 144290 caffe.cpp:522]      conv3	forward: 35.848 ms.
I1109 03:02:11.258684 144290 caffe.cpp:526]      conv3	backward: 78.912 ms.
I1109 03:02:11.258940 144290 caffe.cpp:522]      relu3	forward: 13.007 ms.
I1109 03:02:11.259214 144290 caffe.cpp:526]      relu3	backward: 65.592 ms.
I1109 03:02:11.259613 144290 caffe.cpp:522]      conv4	forward: 32.891 ms.
I1109 03:02:11.259858 144290 caffe.cpp:526]      conv4	backward: 79.084 ms.
I1109 03:02:11.260079 144290 caffe.cpp:522]      relu4	forward: 9.334 ms.
I1109 03:02:11.260965 144290 caffe.cpp:526]      relu4	backward: 40.698 ms.
I1109 03:02:11.261229 144290 caffe.cpp:522]      conv5	forward: 25.933 ms.
I1109 03:02:11.261451 144290 caffe.cpp:526]      conv5	backward: 66.112 ms.
I1109 03:02:11.261667 144290 caffe.cpp:522]      relu5	forward: 8.955 ms.
I1109 03:02:11.261876 144290 caffe.cpp:526]      relu5	backward: 14.248 ms.
I1109 03:02:11.262089 144290 caffe.cpp:522]      pool5	forward: 0.812 ms.
I1109 03:02:11.262337 144290 caffe.cpp:526]      pool5	backward: 51.387 ms.
I1109 03:02:11.262629 144290 caffe.cpp:522]        fc6	forward: 18.709 ms.
I1109 03:02:11.262943 144290 caffe.cpp:526]        fc6	backward: 121.649 ms.
I1109 03:02:11.263234 144290 caffe.cpp:522]      relu6	forward: 0.88 ms.
I1109 03:02:11.263478 144290 caffe.cpp:526]      relu6	backward: 13.283 ms.
I1109 03:02:11.263684 144290 caffe.cpp:522]      drop6	forward: 1.504 ms.
I1109 03:02:11.263887 144290 caffe.cpp:526]      drop6	backward: 22.945 ms.
I1109 03:02:11.264091 144290 caffe.cpp:522]        fc7	forward: 4.547 ms.
I1109 03:02:11.264288 144290 caffe.cpp:526]        fc7	backward: 139.963 ms.
I1109 03:02:11.264492 144290 caffe.cpp:522]      relu7	forward: 0.13 ms.
I1109 03:02:11.264688 144290 caffe.cpp:526]      relu7	backward: 14.997 ms.
I1109 03:02:11.264931 144290 caffe.cpp:522]      drop7	forward: 0.299 ms.
I1109 03:02:11.265131 144290 caffe.cpp:526]      drop7	backward: 16.636 ms.
I1109 03:02:11.265362 144290 caffe.cpp:522]        fc8	forward: 1.955 ms.
I1109 03:02:11.265566 144290 caffe.cpp:526]        fc8	backward: 124.444 ms.
I1109 03:02:11.265830 144290 caffe.cpp:522]       loss	forward: 37.083 ms.
I1109 03:02:11.266098 144290 caffe.cpp:526]       loss	backward: 43.784 ms.
I1109 03:02:11.271459 144290 caffe.cpp:532] Average Forward pass: 1086.78 ms.
I1109 03:02:11.284592 144290 caffe.cpp:535] Average Backward pass: 1266.26 ms.
I1109 03:02:11.295651 144290 caffe.cpp:537] Average Forward-Backward: 2836 ms.
I1109 03:02:11.310480 144290 caffe.cpp:540] Total Time: 2836 ms.
I1109 03:02:11.322942 144290 caffe.cpp:541] *** Benchmark ends ***
Search stanza is "EMIT_GLOBAL_DYNAMIC_STATS"
elements_fp_single_1 = 7763
elements_fp_single_4 = 4608
elements_fp_single_8 = 5064448
elements_fp_single_16 = 304587264
elements_fp_double_1 = 0
elements_fp_double_2 = 0
elements_fp_double_4 = 0
elements_fp_double_8 = 0
--->Total single-precision FLOPs = 4913938003
--->Total double-precision FLOPs = 0
--->Total FLOPs = 4913938003
mem-read-1 = 66364
mem-read-2 = 143
mem-read-4 = 151867562
mem-read-8 = 1617105
mem-read-16 = 465620
mem-read-32 = 4802048
mem-read-64 = 37011936
mem-write-1 = 169
mem-write-2 = 51
mem-write-4 = 3805
mem-write-8 = 380476
mem-write-16 = 71892
mem-write-32 = 4998912
mem-write-64 = 2631968
--->Total Bytes read = 3150353098
--->Total Bytes written = 332620707
--->Total Bytes = 3482973805
