sde64 -knl -d -iform 1 -omix sde_knl/knl_sde_layer21_dir0.out.mix -global_region -start_ssc_mark 111:repeat -stop_ssc_mark 222:repeat -- /project/projectdirs/mpccc/tmalas/intelcaffe/install_carl/bin/caffe time -model=src/models/mkl2017_alexnet/train_val.prototxt -iterations=1 -prof_layer=21 -prof_forward_direction=0
I1109 03:33:04.064440 145038 caffe.cpp:444] Use CPU.
I1109 03:33:20.910365 145038 cpu_info.cpp:452] Processor speed [MHz]: 1400
I1109 03:33:20.965917 145038 cpu_info.cpp:455] Total number of sockets: 1
I1109 03:33:20.977784 145038 cpu_info.cpp:458] Total number of CPU cores: 68
I1109 03:33:20.988732 145038 cpu_info.cpp:461] Total number of processors: 272
I1109 03:33:20.999651 145038 cpu_info.cpp:464] GPU is used: no
I1109 03:33:21.008348 145038 cpu_info.cpp:467] OpenMP environmental variables are specified: yes
I1109 03:33:21.019999 145038 cpu_info.cpp:470] OpenMP thread bind allowed: no
I1109 03:33:21.031083 145038 cpu_info.cpp:473] Number of OpenMP threads: 16
I1109 03:33:29.725384 145038 net.cpp:484] The NetState phase (0) differed from the phase (1) specified by a rule in layer data
I1109 03:33:29.758244 145038 net.cpp:484] The NetState phase (0) differed from the phase (1) specified by a rule in layer accuracy
I1109 03:33:30.389441 145038 net.cpp:120] Initializing net from parameters: 
name: "AlexNet"
state {
  phase: TRAIN
  level: 0
  stage: ""
}
layer {
  name: "data"
  type: "DummyData"
  top: "data"
  top: "label"
  include {
    phase: TRAIN
  }
  dummy_data_param {
    data_filler {
      type: "gaussian"
      std: 1
    }
    data_filler {
      type: "constant"
      value: 0
    }
    shape {
      dim: 32
      dim: 3
      dim: 227
      dim: 227
    }
    shape {
      dim: 32
      dim: 1
      dim: 1
      dim: 1
    }
  }
}
layer {
  name: "conv1"
  type: "Convolution"
  bottom: "data"
  top: "conv1"
  param {
    lr_mult: 1
    decay_mult: 1
  }
  param {
    lr_mult: 2
    decay_mult: 0
  }
  convolution_param {
    num_output: 96
    kernel_size: 11
    stride: 4
    weight_filler {
      type: "gaussian"
      std: 0.01
    }
    bias_filler {
      type: "constant"
      value: 0
    }
    engine: MKL2017
  }
}
layer {
  name: "relu1"
  type: "ReLU"
  bottom: "conv1"
  top: "conv1"
  relu_param {
    engine: MKL2017
  }
}
layer {
  name: "norm1"
  type: "LRN"
  bottom: "conv1"
  top: "norm1"
  lrn_param {
    local_size: 5
    alpha: 0.0001
    beta: 0.75
    engine: MKL2017
  }
}
layer {
  name: "pool1"
  type: "Pooling"
  bottom: "norm1"
  top: "pool1"
  pooling_param {
    pool: MAX
    kernel_size: 3
    stride: 2
    engine: MKL2017
  }
}
layer {
  name: "conv2"
  type: "Convolution"
  bottom: "pool1"
  top: "conv2"
  param {
    lr_mult: 1
    decay_mult: 1
  }
  param {
    lr_mult: 2
    decay_mult: 0
  }
  convolution_param {
    num_output: 256
    pad: 2
    kernel_size: 5
    group: 2
    weight_filler {
      type: "gaussian"
      std: 0.01
    }
    bias_filler {
      type: "constant"
      value: 0.1
    }
    engine: MKL2017
  }
}
layer {
  name: "relu2"
  type: "ReLU"
  bottom: "conv2"
  top: "conv2"
  relu_param {
    engine: MKL2017
  }
}
layer {
  name: "norm2"
  type: "LRN"
  bottom: "conv2"
  top: "norm2"
  lrn_param {
    local_size: 5
    alpha: 0.0001
    beta: 0.75
    engine: MKL2017
  }
}
layer {
  name: "pool2"
  type: "Pooling"
  bottom: "norm2"
  top: "pool2"
  pooling_param {
    pool: MAX
    kernel_size: 3
    stride: 2
    engine: MKL2017
  }
}
layer {
  name: "conv3"
  type: "Convolution"
  bottom: "pool2"
  top: "conv3"
  param {
    lr_mult: 1
    decay_mult: 1
  }
  param {
    lr_mult: 2
    decay_mult: 0
  }
  convolution_param {
    num_output: 384
    pad: 1
    kernel_size: 3
    weight_filler {
      type: "gaussian"
      std: 0.01
    }
    bias_filler {
      type: "constant"
      value: 0
    }
    engine: MKL2017
  }
}
layer {
  name: "relu3"
  type: "ReLU"
  bottom: "conv3"
  top: "conv3"
  relu_param {
    engine: MKL2017
  }
}
layer {
  name: "conv4"
  type: "Convolution"
  bottom: "conv3"
  top: "conv4"
  param {
    lr_mult: 1
    decay_mult: 1
  }
  param {
    lr_mult: 2
    decay_mult: 0
  }
  convolution_param {
    num_output: 384
    pad: 1
    kernel_size: 3
    group: 2
    weight_filler {
      type: "gaussian"
      std: 0.01
    }
    bias_filler {
      type: "constant"
      value: 0.1
    }
    engine: MKL2017
  }
}
layer {
  name: "relu4"
  type: "ReLU"
  bottom: "conv4"
  top: "conv4"
  relu_param {
    engine: MKL2017
  }
}
layer {
  name: "conv5"
  type: "Convolution"
  bottom: "conv4"
  top: "conv5"
  param {
    lr_mult: 1
    decay_mult: 1
  }
  param {
    lr_mult: 2
    decay_mult: 0
  }
  convolution_param {
    num_output: 256
    pad: 1
    kernel_size: 3
    group: 2
    weight_filler {
      type: "gaussian"
      std: 0.01
    }
    bias_filler {
      type: "constant"
      value: 0.1
    }
    engine: MKL2017
  }
}
layer {
  name: "relu5"
  type: "ReLU"
  bottom: "conv5"
  top: "conv5"
  relu_param {
    engine: MKL2017
  }
}
layer {
  name: "pool5"
  type: "Pooling"
  bottom: "conv5"
  top: "pool5"
  pooling_param {
    pool: MAX
    kernel_size: 3
    stride: 2
    engine: MKL2017
  }
}
layer {
  name: "fc6"
  type: "InnerProduct"
  bottom: "pool5"
  top: "fc6"
  param {
    lr_mult: 1
    decay_mult: 1
  }
  param {
    lr_mult: 2
    decay_mult: 0
  }
  inner_product_param {
    num_output: 4096
    weight_filler {
      type: "gaussian"
      std: 0.005
    }
    bias_filler {
      type: "constant"
      value: 0.1
    }
  }
}
layer {
  name: "relu6"
  type: "ReLU"
  bottom: "fc6"
  top: "fc6"
}
layer {
  name: "drop6"
  type: "Dropout"
  bottom: "fc6"
  top: "fc6"
  dropout_param {
    dropout_ratio: 0.5
  }
}
layer {
  name: "fc7"
  type: "InnerProduct"
  bottom: "fc6"
  top: "fc7"
  param {
    lr_mult: 1
    decay_mult: 1
  }
  param {
    lr_mult: 2
    decay_mult: 0
  }
  inner_product_param {
    num_output: 4096
    weight_filler {
      type: "gaussian"
      std: 0.005
    }
    bias_filler {
      type: "constant"
      value: 0.1
    }
  }
}
layer {
  name: "relu7"
  type: "ReLU"
  bottom: "fc7"
  top: "fc7"
}
layer {
  name: "drop7"
  type: "Dropout"
  bottom: "fc7"
  top: "fc7"
  dropout_param {
    dropout_ratio: 0.5
  }
}
layer {
  name: "fc8"
  type: "InnerProduct"
  bottom: "fc7"
  top: "fc8"
  param {
    lr_mult: 1
    decay_mult: 1
  }
  param {
    lr_mult: 2
    decay_mult: 0
  }
  inner_product_param {
    num_output: 1000
    weight_filler {
      type: "gaussian"
      std: 0.01
    }
    bias_filler {
      type: "constant"
      value: 0
    }
  }
}
layer {
  name: "loss"
  type: "SoftmaxWithLoss"
  bottom: "fc8"
  bottom: "label"
  top: "loss"
}
I1109 03:33:32.834697 145038 layer_factory.hpp:114] Creating layer data
I1109 03:33:32.980923 145038 net.cpp:160] Creating Layer data
I1109 03:33:33.029307 145038 net.cpp:570] data -> data
I1109 03:33:33.491943 145038 net.cpp:570] data -> label
I1109 03:33:40.514871 145038 net.cpp:210] Setting up data
I1109 03:33:40.594156 145038 net.cpp:217] Top shape: 32 3 227 227 (4946784)
I1109 03:33:40.698868 145038 net.cpp:217] Top shape: 32 1 1 1 (32)
I1109 03:33:40.706064 145038 net.cpp:225] Memory required for data: 19787264
I1109 03:33:40.773466 145038 layer_factory.hpp:114] Creating layer conv1
I1109 03:33:41.100891 145038 net.cpp:160] Creating Layer conv1
I1109 03:33:41.150722 145038 net.cpp:596] conv1 <- data
I1109 03:33:41.269964 145038 net.cpp:570] conv1 -> conv1
I1109 03:34:13.963341 145038 net.cpp:210] Setting up conv1
I1109 03:34:13.970616 145038 net.cpp:217] Top shape: 32 96 55 55 (9292800)
I1109 03:34:13.971001 145038 net.cpp:225] Memory required for data: 56958464
I1109 03:34:14.253644 145038 layer_factory.hpp:114] Creating layer relu1
I1109 03:34:14.375411 145038 net.cpp:160] Creating Layer relu1
I1109 03:34:14.380086 145038 net.cpp:596] relu1 <- conv1
I1109 03:34:14.413959 145038 net.cpp:557] relu1 -> conv1 (in-place)
I1109 03:34:14.611484 145038 net.cpp:210] Setting up relu1
I1109 03:34:14.613941 145038 net.cpp:217] Top shape: 32 96 55 55 (9292800)
I1109 03:34:14.614295 145038 net.cpp:225] Memory required for data: 94129664
I1109 03:34:14.614511 145038 layer_factory.hpp:114] Creating layer norm1
I1109 03:34:14.723565 145038 net.cpp:160] Creating Layer norm1
I1109 03:34:14.723881 145038 net.cpp:596] norm1 <- conv1
I1109 03:34:14.726529 145038 net.cpp:570] norm1 -> norm1
I1109 03:34:14.961781 145038 net.cpp:210] Setting up norm1
I1109 03:34:14.974897 145038 net.cpp:217] Top shape: 32 96 55 55 (9292800)
I1109 03:34:14.975280 145038 net.cpp:225] Memory required for data: 131300864
I1109 03:34:14.975584 145038 layer_factory.hpp:114] Creating layer pool1
I1109 03:34:15.070410 145038 net.cpp:160] Creating Layer pool1
I1109 03:34:15.070721 145038 net.cpp:596] pool1 <- norm1
I1109 03:34:15.085835 145038 net.cpp:570] pool1 -> pool1
I1109 03:34:15.391662 145038 net.cpp:210] Setting up pool1
I1109 03:34:15.394191 145038 net.cpp:217] Top shape: 32 96 27 27 (2239488)
I1109 03:34:15.394536 145038 net.cpp:225] Memory required for data: 140258816
I1109 03:34:15.394759 145038 layer_factory.hpp:114] Creating layer conv2
I1109 03:34:15.395140 145038 net.cpp:160] Creating Layer conv2
I1109 03:34:15.395371 145038 net.cpp:596] conv2 <- pool1
I1109 03:34:15.395618 145038 net.cpp:570] conv2 -> conv2
I1109 03:34:21.202111 145038 net.cpp:210] Setting up conv2
I1109 03:34:21.202426 145038 net.cpp:217] Top shape: 32 256 27 27 (5971968)
I1109 03:34:21.202822 145038 net.cpp:225] Memory required for data: 164146688
I1109 03:34:21.252377 145038 layer_factory.hpp:114] Creating layer relu2
I1109 03:34:21.252771 145038 net.cpp:160] Creating Layer relu2
I1109 03:34:21.253156 145038 net.cpp:596] relu2 <- conv2
I1109 03:34:21.253480 145038 net.cpp:557] relu2 -> conv2 (in-place)
I1109 03:34:21.253942 145038 net.cpp:210] Setting up relu2
I1109 03:34:21.254209 145038 net.cpp:217] Top shape: 32 256 27 27 (5971968)
I1109 03:34:21.254451 145038 net.cpp:225] Memory required for data: 188034560
I1109 03:34:21.254649 145038 layer_factory.hpp:114] Creating layer norm2
I1109 03:34:21.254909 145038 net.cpp:160] Creating Layer norm2
I1109 03:34:21.255115 145038 net.cpp:596] norm2 <- conv2
I1109 03:34:21.255352 145038 net.cpp:570] norm2 -> norm2
I1109 03:34:21.257470 145038 net.cpp:210] Setting up norm2
I1109 03:34:21.257779 145038 net.cpp:217] Top shape: 32 256 27 27 (5971968)
I1109 03:34:21.258008 145038 net.cpp:225] Memory required for data: 211922432
I1109 03:34:21.258231 145038 layer_factory.hpp:114] Creating layer pool2
I1109 03:34:21.258561 145038 net.cpp:160] Creating Layer pool2
I1109 03:34:21.258895 145038 net.cpp:596] pool2 <- norm2
I1109 03:34:21.259186 145038 net.cpp:570] pool2 -> pool2
I1109 03:34:21.259584 145038 net.cpp:210] Setting up pool2
I1109 03:34:21.259825 145038 net.cpp:217] Top shape: 32 256 13 13 (1384448)
I1109 03:34:21.260046 145038 net.cpp:225] Memory required for data: 217460224
I1109 03:34:21.260243 145038 layer_factory.hpp:114] Creating layer conv3
I1109 03:34:21.261214 145038 net.cpp:160] Creating Layer conv3
I1109 03:34:21.261615 145038 net.cpp:596] conv3 <- pool2
I1109 03:34:21.261945 145038 net.cpp:570] conv3 -> conv3
I1109 03:34:21.738649 145038 net.cpp:210] Setting up conv3
I1109 03:34:21.741153 145038 net.cpp:217] Top shape: 32 384 13 13 (2076672)
I1109 03:34:21.741521 145038 net.cpp:225] Memory required for data: 225766912
I1109 03:34:21.744716 145038 layer_factory.hpp:114] Creating layer relu3
I1109 03:34:21.745193 145038 net.cpp:160] Creating Layer relu3
I1109 03:34:21.745478 145038 net.cpp:596] relu3 <- conv3
I1109 03:34:21.745723 145038 net.cpp:557] relu3 -> conv3 (in-place)
I1109 03:34:21.749799 145038 net.cpp:210] Setting up relu3
I1109 03:34:21.750149 145038 net.cpp:217] Top shape: 32 384 13 13 (2076672)
I1109 03:34:21.750413 145038 net.cpp:225] Memory required for data: 234073600
I1109 03:34:21.750641 145038 layer_factory.hpp:114] Creating layer conv4
I1109 03:34:21.750996 145038 net.cpp:160] Creating Layer conv4
I1109 03:34:21.751241 145038 net.cpp:596] conv4 <- conv3
I1109 03:34:21.751482 145038 net.cpp:570] conv4 -> conv4
I1109 03:34:21.993850 145038 net.cpp:210] Setting up conv4
I1109 03:34:21.994236 145038 net.cpp:217] Top shape: 32 384 13 13 (2076672)
I1109 03:34:21.994654 145038 net.cpp:225] Memory required for data: 242380288
I1109 03:34:21.994966 145038 layer_factory.hpp:114] Creating layer relu4
I1109 03:34:21.995251 145038 net.cpp:160] Creating Layer relu4
I1109 03:34:21.995478 145038 net.cpp:596] relu4 <- conv4
I1109 03:34:21.995714 145038 net.cpp:557] relu4 -> conv4 (in-place)
I1109 03:34:22.007972 145038 net.cpp:210] Setting up relu4
I1109 03:34:22.008339 145038 net.cpp:217] Top shape: 32 384 13 13 (2076672)
I1109 03:34:22.008718 145038 net.cpp:225] Memory required for data: 250686976
I1109 03:34:22.009009 145038 layer_factory.hpp:114] Creating layer conv5
I1109 03:34:22.009377 145038 net.cpp:160] Creating Layer conv5
I1109 03:34:22.009620 145038 net.cpp:596] conv5 <- conv4
I1109 03:34:22.009869 145038 net.cpp:570] conv5 -> conv5
I1109 03:34:22.177930 145038 net.cpp:210] Setting up conv5
I1109 03:34:22.178329 145038 net.cpp:217] Top shape: 32 256 13 13 (1384448)
I1109 03:34:22.178766 145038 net.cpp:225] Memory required for data: 256224768
I1109 03:34:22.183401 145038 layer_factory.hpp:114] Creating layer relu5
I1109 03:34:22.183809 145038 net.cpp:160] Creating Layer relu5
I1109 03:34:22.184101 145038 net.cpp:596] relu5 <- conv5
I1109 03:34:22.184383 145038 net.cpp:557] relu5 -> conv5 (in-place)
I1109 03:34:22.184964 145038 net.cpp:210] Setting up relu5
I1109 03:34:22.185283 145038 net.cpp:217] Top shape: 32 256 13 13 (1384448)
I1109 03:34:22.185547 145038 net.cpp:225] Memory required for data: 261762560
I1109 03:34:22.185767 145038 layer_factory.hpp:114] Creating layer pool5
I1109 03:34:22.186038 145038 net.cpp:160] Creating Layer pool5
I1109 03:34:22.186265 145038 net.cpp:596] pool5 <- conv5
I1109 03:34:22.186499 145038 net.cpp:570] pool5 -> pool5
I1109 03:34:22.186918 145038 net.cpp:210] Setting up pool5
I1109 03:34:22.187181 145038 net.cpp:217] Top shape: 32 256 6 6 (294912)
I1109 03:34:22.187417 145038 net.cpp:225] Memory required for data: 262942208
I1109 03:34:22.187611 145038 layer_factory.hpp:114] Creating layer fc6
I1109 03:34:22.242271 145038 net.cpp:160] Creating Layer fc6
I1109 03:34:22.242581 145038 net.cpp:596] fc6 <- pool5
I1109 03:34:22.242954 145038 net.cpp:570] fc6 -> fc6
I1109 03:34:26.330611 145038 net.cpp:210] Setting up fc6
I1109 03:34:26.330916 145038 net.cpp:217] Top shape: 32 4096 (131072)
I1109 03:34:26.333046 145038 net.cpp:225] Memory required for data: 263466496
I1109 03:34:26.333359 145038 layer_factory.hpp:114] Creating layer relu6
I1109 03:34:26.335813 145038 net.cpp:160] Creating Layer relu6
I1109 03:34:26.336108 145038 net.cpp:596] relu6 <- fc6
I1109 03:34:26.336333 145038 net.cpp:557] relu6 -> fc6 (in-place)
I1109 03:34:26.336745 145038 net.cpp:210] Setting up relu6
I1109 03:34:26.337044 145038 net.cpp:217] Top shape: 32 4096 (131072)
I1109 03:34:26.337308 145038 net.cpp:225] Memory required for data: 263990784
I1109 03:34:26.337507 145038 layer_factory.hpp:114] Creating layer drop6
I1109 03:34:26.357810 145038 net.cpp:160] Creating Layer drop6
I1109 03:34:26.358125 145038 net.cpp:596] drop6 <- fc6
I1109 03:34:26.358497 145038 net.cpp:557] drop6 -> fc6 (in-place)
I1109 03:34:26.463824 145038 net.cpp:210] Setting up drop6
I1109 03:34:26.464181 145038 net.cpp:217] Top shape: 32 4096 (131072)
I1109 03:34:26.464673 145038 net.cpp:225] Memory required for data: 264515072
I1109 03:34:26.464967 145038 layer_factory.hpp:114] Creating layer fc7
I1109 03:34:26.465273 145038 net.cpp:160] Creating Layer fc7
I1109 03:34:26.465512 145038 net.cpp:596] fc7 <- fc6
I1109 03:34:26.465934 145038 net.cpp:570] fc7 -> fc7
I1109 03:34:28.176014 145038 net.cpp:210] Setting up fc7
I1109 03:34:28.176370 145038 net.cpp:217] Top shape: 32 4096 (131072)
I1109 03:34:28.176762 145038 net.cpp:225] Memory required for data: 265039360
I1109 03:34:28.177155 145038 layer_factory.hpp:114] Creating layer relu7
I1109 03:34:28.177464 145038 net.cpp:160] Creating Layer relu7
I1109 03:34:28.177700 145038 net.cpp:596] relu7 <- fc7
I1109 03:34:28.177930 145038 net.cpp:557] relu7 -> fc7 (in-place)
I1109 03:34:28.178354 145038 net.cpp:210] Setting up relu7
I1109 03:34:28.178623 145038 net.cpp:217] Top shape: 32 4096 (131072)
I1109 03:34:28.178855 145038 net.cpp:225] Memory required for data: 265563648
I1109 03:34:28.179088 145038 layer_factory.hpp:114] Creating layer drop7
I1109 03:34:28.179333 145038 net.cpp:160] Creating Layer drop7
I1109 03:34:28.179569 145038 net.cpp:596] drop7 <- fc7
I1109 03:34:28.179782 145038 net.cpp:557] drop7 -> fc7 (in-place)
I1109 03:34:28.180032 145038 net.cpp:210] Setting up drop7
I1109 03:34:28.180229 145038 net.cpp:217] Top shape: 32 4096 (131072)
I1109 03:34:28.180438 145038 net.cpp:225] Memory required for data: 266087936
I1109 03:34:28.180619 145038 layer_factory.hpp:114] Creating layer fc8
I1109 03:34:28.180929 145038 net.cpp:160] Creating Layer fc8
I1109 03:34:28.181154 145038 net.cpp:596] fc8 <- fc7
I1109 03:34:28.181381 145038 net.cpp:570] fc8 -> fc8
I1109 03:34:28.605120 145038 net.cpp:210] Setting up fc8
I1109 03:34:28.605494 145038 net.cpp:217] Top shape: 32 1000 (32000)
I1109 03:34:28.605953 145038 net.cpp:225] Memory required for data: 266215936
I1109 03:34:28.606276 145038 layer_factory.hpp:114] Creating layer loss
I1109 03:34:28.631203 145038 net.cpp:160] Creating Layer loss
I1109 03:34:28.631520 145038 net.cpp:596] loss <- fc8
I1109 03:34:28.632536 145038 net.cpp:596] loss <- label
I1109 03:34:28.660410 145038 net.cpp:570] loss -> loss
I1109 03:34:28.698667 145038 layer_factory.hpp:114] Creating layer loss
I1109 03:34:31.270828 145038 net.cpp:210] Setting up loss
I1109 03:34:31.320264 145038 net.cpp:217] Top shape: (1)
I1109 03:34:31.330202 145038 net.cpp:220]     with loss weight 1
I1109 03:34:31.458791 145038 net.cpp:225] Memory required for data: 266215940
I1109 03:34:31.516649 145038 net.cpp:287] loss needs backward computation.
I1109 03:34:31.619060 145038 net.cpp:287] fc8 needs backward computation.
I1109 03:34:31.627841 145038 net.cpp:287] drop7 needs backward computation.
I1109 03:34:31.638808 145038 net.cpp:287] relu7 needs backward computation.
I1109 03:34:31.639113 145038 net.cpp:287] fc7 needs backward computation.
I1109 03:34:31.641556 145038 net.cpp:287] drop6 needs backward computation.
I1109 03:34:31.641880 145038 net.cpp:287] relu6 needs backward computation.
I1109 03:34:31.642189 145038 net.cpp:287] fc6 needs backward computation.
I1109 03:34:31.643028 145038 net.cpp:287] pool5 needs backward computation.
I1109 03:34:31.643774 145038 net.cpp:287] relu5 needs backward computation.
I1109 03:34:31.644027 145038 net.cpp:287] conv5 needs backward computation.
I1109 03:34:31.644217 145038 net.cpp:287] relu4 needs backward computation.
I1109 03:34:31.644434 145038 net.cpp:287] conv4 needs backward computation.
I1109 03:34:31.644645 145038 net.cpp:287] relu3 needs backward computation.
I1109 03:34:31.644978 145038 net.cpp:287] conv3 needs backward computation.
I1109 03:34:31.657402 145038 net.cpp:287] pool2 needs backward computation.
I1109 03:34:31.657734 145038 net.cpp:287] norm2 needs backward computation.
I1109 03:34:31.658057 145038 net.cpp:287] relu2 needs backward computation.
I1109 03:34:31.658259 145038 net.cpp:287] conv2 needs backward computation.
I1109 03:34:31.658448 145038 net.cpp:287] pool1 needs backward computation.
I1109 03:34:31.658632 145038 net.cpp:287] norm1 needs backward computation.
I1109 03:34:31.658814 145038 net.cpp:287] relu1 needs backward computation.
I1109 03:34:31.658993 145038 net.cpp:287] conv1 needs backward computation.
I1109 03:34:31.671475 145038 net.cpp:289] data does not need backward computation.
I1109 03:34:31.695855 145038 net.cpp:331] This network produces output loss
I1109 03:34:31.769420 145038 net.cpp:345] Network initialization done.
I1109 03:34:31.937314 145038 caffe.cpp:452] Performing Forward
I1109 03:34:45.008661 145038 caffe.cpp:457] Initial loss: 6.88533
I1109 03:34:45.064837 145038 caffe.cpp:459] Performing Backward
I1109 03:34:49.908082 145038 caffe.cpp:468] *** Benchmark begins ***
I1109 03:34:49.919252 145038 caffe.cpp:469] Testing for 1 iterations.
I1109 03:34:50.065366 145038 caffe.cpp:485] Profiling Layer: drop7 backward
I1109 03:34:51.990389 145038 caffe.cpp:512] Iteration: 1 forward-backward time: 1922 ms.
I1109 03:34:52.153327 145038 caffe.cpp:519] Average time per layer: 
I1109 03:34:52.169627 145038 caffe.cpp:522]       data	forward: 545.966 ms.
I1109 03:34:52.240253 145038 caffe.cpp:526]       data	backward: 5.442 ms.
I1109 03:34:52.262305 145038 caffe.cpp:522]      conv1	forward: 120.936 ms.
I1109 03:34:52.268424 145038 caffe.cpp:526]      conv1	backward: 44.51 ms.
I1109 03:34:52.276114 145038 caffe.cpp:522]      relu1	forward: 21.912 ms.
I1109 03:34:52.283812 145038 caffe.cpp:526]      relu1	backward: 15.897 ms.
I1109 03:34:52.291618 145038 caffe.cpp:522]      norm1	forward: 18.296 ms.
I1109 03:34:52.298298 145038 caffe.cpp:526]      norm1	backward: 16.02 ms.
I1109 03:34:52.304728 145038 caffe.cpp:522]      pool1	forward: 18.318 ms.
I1109 03:34:52.310219 145038 caffe.cpp:526]      pool1	backward: 78.182 ms.
I1109 03:34:52.321231 145038 caffe.cpp:522]      conv2	forward: 58.966 ms.
I1109 03:34:52.325244 145038 caffe.cpp:526]      conv2	backward: 70.82 ms.
I1109 03:34:52.329107 145038 caffe.cpp:522]      relu2	forward: 19.564 ms.
I1109 03:34:52.340267 145038 caffe.cpp:526]      relu2	backward: 19.773 ms.
I1109 03:34:52.341675 145038 caffe.cpp:522]      norm2	forward: 11.17 ms.
I1109 03:34:52.341895 145038 caffe.cpp:526]      norm2	backward: 13.976 ms.
I1109 03:34:52.342102 145038 caffe.cpp:522]      pool2	forward: 11.628 ms.
I1109 03:34:52.342319 145038 caffe.cpp:526]      pool2	backward: 28.467 ms.
I1109 03:34:52.342550 145038 caffe.cpp:522]      conv3	forward: 28.171 ms.
I1109 03:34:52.342756 145038 caffe.cpp:526]      conv3	backward: 36.351 ms.
I1109 03:34:52.342960 145038 caffe.cpp:522]      relu3	forward: 17.49 ms.
I1109 03:34:52.343163 145038 caffe.cpp:526]      relu3	backward: 0.641 ms.
I1109 03:34:52.343364 145038 caffe.cpp:522]      conv4	forward: 31.691 ms.
I1109 03:34:52.343566 145038 caffe.cpp:526]      conv4	backward: 30.802 ms.
I1109 03:34:52.343768 145038 caffe.cpp:522]      relu4	forward: 15.124 ms.
I1109 03:34:52.343971 145038 caffe.cpp:526]      relu4	backward: 9.204 ms.
I1109 03:34:52.344873 145038 caffe.cpp:522]      conv5	forward: 32.394 ms.
I1109 03:34:52.345172 145038 caffe.cpp:526]      conv5	backward: 18.678 ms.
I1109 03:34:52.345384 145038 caffe.cpp:522]      relu5	forward: 16.181 ms.
I1109 03:34:52.345588 145038 caffe.cpp:526]      relu5	backward: 0.254 ms.
I1109 03:34:52.345791 145038 caffe.cpp:522]      pool5	forward: 13.967 ms.
I1109 03:34:52.345994 145038 caffe.cpp:526]      pool5	backward: 9.198 ms.
I1109 03:34:52.346194 145038 caffe.cpp:522]        fc6	forward: 46.244 ms.
I1109 03:34:52.346396 145038 caffe.cpp:526]        fc6	backward: 27.884 ms.
I1109 03:34:52.346598 145038 caffe.cpp:522]      relu6	forward: 32.995 ms.
I1109 03:34:52.346801 145038 caffe.cpp:526]      relu6	backward: 2.682 ms.
I1109 03:34:52.346997 145038 caffe.cpp:522]      drop6	forward: 29.982 ms.
I1109 03:34:52.347199 145038 caffe.cpp:526]      drop6	backward: 0.089 ms.
I1109 03:34:52.349822 145038 caffe.cpp:522]        fc7	forward: 13.922 ms.
I1109 03:34:52.350105 145038 caffe.cpp:526]        fc7	backward: 20.427 ms.
I1109 03:34:52.350436 145038 caffe.cpp:522]      relu7	forward: 8.797 ms.
I1109 03:34:52.350680 145038 caffe.cpp:526]      relu7	backward: 0.133 ms.
I1109 03:34:52.350870 145038 caffe.cpp:522]      drop7	forward: 25.007 ms.
I1109 03:34:52.351063 145038 caffe.cpp:526]      drop7	backward: 11.454 ms.
I1109 03:34:52.351253 145038 caffe.cpp:522]        fc8	forward: 25.409 ms.
I1109 03:34:52.351444 145038 caffe.cpp:526]        fc8	backward: 76.405 ms.
I1109 03:34:52.351634 145038 caffe.cpp:522]       loss	forward: 62.083 ms.
I1109 03:34:52.351824 145038 caffe.cpp:526]       loss	backward: 65.51 ms.
I1109 03:34:52.357396 145038 caffe.cpp:532] Average Forward pass: 1281.81 ms.
I1109 03:34:52.372174 145038 caffe.cpp:535] Average Backward pass: 611.617 ms.
I1109 03:34:52.383071 145038 caffe.cpp:537] Average Forward-Backward: 2393 ms.
I1109 03:34:52.397807 145038 caffe.cpp:540] Total Time: 2393 ms.
I1109 03:34:52.410089 145038 caffe.cpp:541] *** Benchmark ends ***
Search stanza is "EMIT_GLOBAL_DYNAMIC_STATS"
elements_fp_single_1 = 0
elements_fp_single_4 = 0
elements_fp_single_8 = 0
elements_fp_single_16 = 16384
elements_fp_double_1 = 0
elements_fp_double_2 = 0
elements_fp_double_4 = 0
elements_fp_double_8 = 0
--->Total single-precision FLOPs = 262144
--->Total double-precision FLOPs = 0
--->Total FLOPs = 262144
mem-read-1 = 382428
mem-read-2 = 37
mem-read-4 = 3063176
mem-read-8 = 4214336
mem-read-16 = 0
mem-read-32 = 0
mem-read-64 = 16384
mem-write-1 = 56
mem-write-2 = 17
mem-write-4 = 731
mem-write-8 = 385829
mem-write-16 = 0
mem-write-32 = 0
mem-write-64 = 8192
--->Total Bytes read = 47398470
--->Total Bytes written = 3613934
--->Total Bytes = 51012404
