sde64 -knl -d -iform 1 -omix sde_knl/knl_sde_layer4_dir1.out.mix -global_region -start_ssc_mark 111:repeat -stop_ssc_mark 222:repeat -- /project/projectdirs/mpccc/tmalas/intelcaffe/install_carl/bin/caffe time -model=src/models/mkl2017_alexnet/train_val.prototxt -iterations=1 -prof_layer=4 -prof_forward_direction=1
I1108 23:16:30.863229 135804 caffe.cpp:444] Use CPU.
I1108 23:16:47.724738 135804 cpu_info.cpp:452] Processor speed [MHz]: 1400
I1108 23:16:47.780748 135804 cpu_info.cpp:455] Total number of sockets: 1
I1108 23:16:47.792614 135804 cpu_info.cpp:458] Total number of CPU cores: 68
I1108 23:16:47.805135 135804 cpu_info.cpp:461] Total number of processors: 272
I1108 23:16:47.816260 135804 cpu_info.cpp:464] GPU is used: no
I1108 23:16:47.825335 135804 cpu_info.cpp:467] OpenMP environmental variables are specified: yes
I1108 23:16:47.834200 135804 cpu_info.cpp:470] OpenMP thread bind allowed: no
I1108 23:16:47.845253 135804 cpu_info.cpp:473] Number of OpenMP threads: 16
I1108 23:16:56.563204 135804 net.cpp:484] The NetState phase (0) differed from the phase (1) specified by a rule in layer data
I1108 23:16:56.595883 135804 net.cpp:484] The NetState phase (0) differed from the phase (1) specified by a rule in layer accuracy
I1108 23:16:57.231508 135804 net.cpp:120] Initializing net from parameters: 
name: "AlexNet"
state {
  phase: TRAIN
  level: 0
  stage: ""
}
layer {
  name: "data"
  type: "DummyData"
  top: "data"
  top: "label"
  include {
    phase: TRAIN
  }
  dummy_data_param {
    data_filler {
      type: "gaussian"
      std: 1
    }
    data_filler {
      type: "constant"
      value: 0
    }
    shape {
      dim: 32
      dim: 3
      dim: 227
      dim: 227
    }
    shape {
      dim: 32
      dim: 1
      dim: 1
      dim: 1
    }
  }
}
layer {
  name: "conv1"
  type: "Convolution"
  bottom: "data"
  top: "conv1"
  param {
    lr_mult: 1
    decay_mult: 1
  }
  param {
    lr_mult: 2
    decay_mult: 0
  }
  convolution_param {
    num_output: 96
    kernel_size: 11
    stride: 4
    weight_filler {
      type: "gaussian"
      std: 0.01
    }
    bias_filler {
      type: "constant"
      value: 0
    }
    engine: MKL2017
  }
}
layer {
  name: "relu1"
  type: "ReLU"
  bottom: "conv1"
  top: "conv1"
  relu_param {
    engine: MKL2017
  }
}
layer {
  name: "norm1"
  type: "LRN"
  bottom: "conv1"
  top: "norm1"
  lrn_param {
    local_size: 5
    alpha: 0.0001
    beta: 0.75
    engine: MKL2017
  }
}
layer {
  name: "pool1"
  type: "Pooling"
  bottom: "norm1"
  top: "pool1"
  pooling_param {
    pool: MAX
    kernel_size: 3
    stride: 2
    engine: MKL2017
  }
}
layer {
  name: "conv2"
  type: "Convolution"
  bottom: "pool1"
  top: "conv2"
  param {
    lr_mult: 1
    decay_mult: 1
  }
  param {
    lr_mult: 2
    decay_mult: 0
  }
  convolution_param {
    num_output: 256
    pad: 2
    kernel_size: 5
    group: 2
    weight_filler {
      type: "gaussian"
      std: 0.01
    }
    bias_filler {
      type: "constant"
      value: 0.1
    }
    engine: MKL2017
  }
}
layer {
  name: "relu2"
  type: "ReLU"
  bottom: "conv2"
  top: "conv2"
  relu_param {
    engine: MKL2017
  }
}
layer {
  name: "norm2"
  type: "LRN"
  bottom: "conv2"
  top: "norm2"
  lrn_param {
    local_size: 5
    alpha: 0.0001
    beta: 0.75
    engine: MKL2017
  }
}
layer {
  name: "pool2"
  type: "Pooling"
  bottom: "norm2"
  top: "pool2"
  pooling_param {
    pool: MAX
    kernel_size: 3
    stride: 2
    engine: MKL2017
  }
}
layer {
  name: "conv3"
  type: "Convolution"
  bottom: "pool2"
  top: "conv3"
  param {
    lr_mult: 1
    decay_mult: 1
  }
  param {
    lr_mult: 2
    decay_mult: 0
  }
  convolution_param {
    num_output: 384
    pad: 1
    kernel_size: 3
    weight_filler {
      type: "gaussian"
      std: 0.01
    }
    bias_filler {
      type: "constant"
      value: 0
    }
    engine: MKL2017
  }
}
layer {
  name: "relu3"
  type: "ReLU"
  bottom: "conv3"
  top: "conv3"
  relu_param {
    engine: MKL2017
  }
}
layer {
  name: "conv4"
  type: "Convolution"
  bottom: "conv3"
  top: "conv4"
  param {
    lr_mult: 1
    decay_mult: 1
  }
  param {
    lr_mult: 2
    decay_mult: 0
  }
  convolution_param {
    num_output: 384
    pad: 1
    kernel_size: 3
    group: 2
    weight_filler {
      type: "gaussian"
      std: 0.01
    }
    bias_filler {
      type: "constant"
      value: 0.1
    }
    engine: MKL2017
  }
}
layer {
  name: "relu4"
  type: "ReLU"
  bottom: "conv4"
  top: "conv4"
  relu_param {
    engine: MKL2017
  }
}
layer {
  name: "conv5"
  type: "Convolution"
  bottom: "conv4"
  top: "conv5"
  param {
    lr_mult: 1
    decay_mult: 1
  }
  param {
    lr_mult: 2
    decay_mult: 0
  }
  convolution_param {
    num_output: 256
    pad: 1
    kernel_size: 3
    group: 2
    weight_filler {
      type: "gaussian"
      std: 0.01
    }
    bias_filler {
      type: "constant"
      value: 0.1
    }
    engine: MKL2017
  }
}
layer {
  name: "relu5"
  type: "ReLU"
  bottom: "conv5"
  top: "conv5"
  relu_param {
    engine: MKL2017
  }
}
layer {
  name: "pool5"
  type: "Pooling"
  bottom: "conv5"
  top: "pool5"
  pooling_param {
    pool: MAX
    kernel_size: 3
    stride: 2
    engine: MKL2017
  }
}
layer {
  name: "fc6"
  type: "InnerProduct"
  bottom: "pool5"
  top: "fc6"
  param {
    lr_mult: 1
    decay_mult: 1
  }
  param {
    lr_mult: 2
    decay_mult: 0
  }
  inner_product_param {
    num_output: 4096
    weight_filler {
      type: "gaussian"
      std: 0.005
    }
    bias_filler {
      type: "constant"
      value: 0.1
    }
  }
}
layer {
  name: "relu6"
  type: "ReLU"
  bottom: "fc6"
  top: "fc6"
}
layer {
  name: "drop6"
  type: "Dropout"
  bottom: "fc6"
  top: "fc6"
  dropout_param {
    dropout_ratio: 0.5
  }
}
layer {
  name: "fc7"
  type: "InnerProduct"
  bottom: "fc6"
  top: "fc7"
  param {
    lr_mult: 1
    decay_mult: 1
  }
  param {
    lr_mult: 2
    decay_mult: 0
  }
  inner_product_param {
    num_output: 4096
    weight_filler {
      type: "gaussian"
      std: 0.005
    }
    bias_filler {
      type: "constant"
      value: 0.1
    }
  }
}
layer {
  name: "relu7"
  type: "ReLU"
  bottom: "fc7"
  top: "fc7"
}
layer {
  name: "drop7"
  type: "Dropout"
  bottom: "fc7"
  top: "fc7"
  dropout_param {
    dropout_ratio: 0.5
  }
}
layer {
  name: "fc8"
  type: "InnerProduct"
  bottom: "fc7"
  top: "fc8"
  param {
    lr_mult: 1
    decay_mult: 1
  }
  param {
    lr_mult: 2
    decay_mult: 0
  }
  inner_product_param {
    num_output: 1000
    weight_filler {
      type: "gaussian"
      std: 0.01
    }
    bias_filler {
      type: "constant"
      value: 0
    }
  }
}
layer {
  name: "loss"
  type: "SoftmaxWithLoss"
  bottom: "fc8"
  bottom: "label"
  top: "loss"
}
I1108 23:16:59.685550 135804 layer_factory.hpp:114] Creating layer data
I1108 23:16:59.832526 135804 net.cpp:160] Creating Layer data
I1108 23:16:59.880563 135804 net.cpp:570] data -> data
I1108 23:17:00.342928 135804 net.cpp:570] data -> label
I1108 23:17:07.356407 135804 net.cpp:210] Setting up data
I1108 23:17:07.438402 135804 net.cpp:217] Top shape: 32 3 227 227 (4946784)
I1108 23:17:07.544626 135804 net.cpp:217] Top shape: 32 1 1 1 (32)
I1108 23:17:07.552248 135804 net.cpp:225] Memory required for data: 19787264
I1108 23:17:07.620393 135804 layer_factory.hpp:114] Creating layer conv1
I1108 23:17:07.951908 135804 net.cpp:160] Creating Layer conv1
I1108 23:17:08.002264 135804 net.cpp:596] conv1 <- data
I1108 23:17:08.124629 135804 net.cpp:570] conv1 -> conv1
I1108 23:17:40.872661 135804 net.cpp:210] Setting up conv1
I1108 23:17:40.880898 135804 net.cpp:217] Top shape: 32 96 55 55 (9292800)
I1108 23:17:40.881320 135804 net.cpp:225] Memory required for data: 56958464
I1108 23:17:41.165777 135804 layer_factory.hpp:114] Creating layer relu1
I1108 23:17:41.286469 135804 net.cpp:160] Creating Layer relu1
I1108 23:17:41.291098 135804 net.cpp:596] relu1 <- conv1
I1108 23:17:41.324692 135804 net.cpp:557] relu1 -> conv1 (in-place)
I1108 23:17:41.515121 135804 net.cpp:210] Setting up relu1
I1108 23:17:41.517559 135804 net.cpp:217] Top shape: 32 96 55 55 (9292800)
I1108 23:17:41.517895 135804 net.cpp:225] Memory required for data: 94129664
I1108 23:17:41.518132 135804 layer_factory.hpp:114] Creating layer norm1
I1108 23:17:41.622556 135804 net.cpp:160] Creating Layer norm1
I1108 23:17:41.622870 135804 net.cpp:596] norm1 <- conv1
I1108 23:17:41.625449 135804 net.cpp:570] norm1 -> norm1
I1108 23:17:41.850154 135804 net.cpp:210] Setting up norm1
I1108 23:17:41.862983 135804 net.cpp:217] Top shape: 32 96 55 55 (9292800)
I1108 23:17:41.863384 135804 net.cpp:225] Memory required for data: 131300864
I1108 23:17:41.863798 135804 layer_factory.hpp:114] Creating layer pool1
I1108 23:17:41.958770 135804 net.cpp:160] Creating Layer pool1
I1108 23:17:41.959097 135804 net.cpp:596] pool1 <- norm1
I1108 23:17:41.975633 135804 net.cpp:570] pool1 -> pool1
I1108 23:17:42.281015 135804 net.cpp:210] Setting up pool1
I1108 23:17:42.283571 135804 net.cpp:217] Top shape: 32 96 27 27 (2239488)
I1108 23:17:42.283932 135804 net.cpp:225] Memory required for data: 140258816
I1108 23:17:42.284159 135804 layer_factory.hpp:114] Creating layer conv2
I1108 23:17:42.284548 135804 net.cpp:160] Creating Layer conv2
I1108 23:17:42.284755 135804 net.cpp:596] conv2 <- pool1
I1108 23:17:42.285040 135804 net.cpp:570] conv2 -> conv2
I1108 23:17:48.079574 135804 net.cpp:210] Setting up conv2
I1108 23:17:48.079921 135804 net.cpp:217] Top shape: 32 256 27 27 (5971968)
I1108 23:17:48.080324 135804 net.cpp:225] Memory required for data: 164146688
I1108 23:17:48.131161 135804 layer_factory.hpp:114] Creating layer relu2
I1108 23:17:48.131585 135804 net.cpp:160] Creating Layer relu2
I1108 23:17:48.131916 135804 net.cpp:596] relu2 <- conv2
I1108 23:17:48.132194 135804 net.cpp:557] relu2 -> conv2 (in-place)
I1108 23:17:48.132664 135804 net.cpp:210] Setting up relu2
I1108 23:17:48.132982 135804 net.cpp:217] Top shape: 32 256 27 27 (5971968)
I1108 23:17:48.133216 135804 net.cpp:225] Memory required for data: 188034560
I1108 23:17:48.133407 135804 layer_factory.hpp:114] Creating layer norm2
I1108 23:17:48.133651 135804 net.cpp:160] Creating Layer norm2
I1108 23:17:48.133843 135804 net.cpp:596] norm2 <- conv2
I1108 23:17:48.134109 135804 net.cpp:570] norm2 -> norm2
I1108 23:17:48.136241 135804 net.cpp:210] Setting up norm2
I1108 23:17:48.136546 135804 net.cpp:217] Top shape: 32 256 27 27 (5971968)
I1108 23:17:48.136775 135804 net.cpp:225] Memory required for data: 211922432
I1108 23:17:48.137017 135804 layer_factory.hpp:114] Creating layer pool2
I1108 23:17:48.137977 135804 net.cpp:160] Creating Layer pool2
I1108 23:17:48.138308 135804 net.cpp:596] pool2 <- norm2
I1108 23:17:48.138551 135804 net.cpp:570] pool2 -> pool2
I1108 23:17:48.138944 135804 net.cpp:210] Setting up pool2
I1108 23:17:48.139189 135804 net.cpp:217] Top shape: 32 256 13 13 (1384448)
I1108 23:17:48.139408 135804 net.cpp:225] Memory required for data: 217460224
I1108 23:17:48.139603 135804 layer_factory.hpp:114] Creating layer conv3
I1108 23:17:48.139961 135804 net.cpp:160] Creating Layer conv3
I1108 23:17:48.140194 135804 net.cpp:596] conv3 <- pool2
I1108 23:17:48.140579 135804 net.cpp:570] conv3 -> conv3
I1108 23:17:48.591253 135804 net.cpp:210] Setting up conv3
I1108 23:17:48.593745 135804 net.cpp:217] Top shape: 32 384 13 13 (2076672)
I1108 23:17:48.594128 135804 net.cpp:225] Memory required for data: 225766912
I1108 23:17:48.597141 135804 layer_factory.hpp:114] Creating layer relu3
I1108 23:17:48.597573 135804 net.cpp:160] Creating Layer relu3
I1108 23:17:48.597877 135804 net.cpp:596] relu3 <- conv3
I1108 23:17:48.598109 135804 net.cpp:557] relu3 -> conv3 (in-place)
I1108 23:17:48.602408 135804 net.cpp:210] Setting up relu3
I1108 23:17:48.602735 135804 net.cpp:217] Top shape: 32 384 13 13 (2076672)
I1108 23:17:48.603024 135804 net.cpp:225] Memory required for data: 234073600
I1108 23:17:48.603224 135804 layer_factory.hpp:114] Creating layer conv4
I1108 23:17:48.603592 135804 net.cpp:160] Creating Layer conv4
I1108 23:17:48.603850 135804 net.cpp:596] conv4 <- conv3
I1108 23:17:48.604094 135804 net.cpp:570] conv4 -> conv4
I1108 23:17:48.871219 135804 net.cpp:210] Setting up conv4
I1108 23:17:48.871604 135804 net.cpp:217] Top shape: 32 384 13 13 (2076672)
I1108 23:17:48.871973 135804 net.cpp:225] Memory required for data: 242380288
I1108 23:17:48.872304 135804 layer_factory.hpp:114] Creating layer relu4
I1108 23:17:48.872586 135804 net.cpp:160] Creating Layer relu4
I1108 23:17:48.872833 135804 net.cpp:596] relu4 <- conv4
I1108 23:17:48.873073 135804 net.cpp:557] relu4 -> conv4 (in-place)
I1108 23:17:48.885449 135804 net.cpp:210] Setting up relu4
I1108 23:17:48.885795 135804 net.cpp:217] Top shape: 32 384 13 13 (2076672)
I1108 23:17:48.886149 135804 net.cpp:225] Memory required for data: 250686976
I1108 23:17:48.886385 135804 layer_factory.hpp:114] Creating layer conv5
I1108 23:17:48.886744 135804 net.cpp:160] Creating Layer conv5
I1108 23:17:48.886976 135804 net.cpp:596] conv5 <- conv4
I1108 23:17:48.887208 135804 net.cpp:570] conv5 -> conv5
I1108 23:17:49.057669 135804 net.cpp:210] Setting up conv5
I1108 23:17:49.058066 135804 net.cpp:217] Top shape: 32 256 13 13 (1384448)
I1108 23:17:49.058524 135804 net.cpp:225] Memory required for data: 256224768
I1108 23:17:49.063274 135804 layer_factory.hpp:114] Creating layer relu5
I1108 23:17:49.063694 135804 net.cpp:160] Creating Layer relu5
I1108 23:17:49.063987 135804 net.cpp:596] relu5 <- conv5
I1108 23:17:49.064256 135804 net.cpp:557] relu5 -> conv5 (in-place)
I1108 23:17:49.064723 135804 net.cpp:210] Setting up relu5
I1108 23:17:49.065075 135804 net.cpp:217] Top shape: 32 256 13 13 (1384448)
I1108 23:17:49.065325 135804 net.cpp:225] Memory required for data: 261762560
I1108 23:17:49.065564 135804 layer_factory.hpp:114] Creating layer pool5
I1108 23:17:49.065840 135804 net.cpp:160] Creating Layer pool5
I1108 23:17:49.066074 135804 net.cpp:596] pool5 <- conv5
I1108 23:17:49.066332 135804 net.cpp:570] pool5 -> pool5
I1108 23:17:49.066733 135804 net.cpp:210] Setting up pool5
I1108 23:17:49.067004 135804 net.cpp:217] Top shape: 32 256 6 6 (294912)
I1108 23:17:49.067224 135804 net.cpp:225] Memory required for data: 262942208
I1108 23:17:49.067404 135804 layer_factory.hpp:114] Creating layer fc6
I1108 23:17:49.122565 135804 net.cpp:160] Creating Layer fc6
I1108 23:17:49.122871 135804 net.cpp:596] fc6 <- pool5
I1108 23:17:49.123221 135804 net.cpp:570] fc6 -> fc6
I1108 23:17:53.211522 135804 net.cpp:210] Setting up fc6
I1108 23:17:53.211827 135804 net.cpp:217] Top shape: 32 4096 (131072)
I1108 23:17:53.213956 135804 net.cpp:225] Memory required for data: 263466496
I1108 23:17:53.214259 135804 layer_factory.hpp:114] Creating layer relu6
I1108 23:17:53.216754 135804 net.cpp:160] Creating Layer relu6
I1108 23:17:53.217100 135804 net.cpp:596] relu6 <- fc6
I1108 23:17:53.217325 135804 net.cpp:557] relu6 -> fc6 (in-place)
I1108 23:17:53.217735 135804 net.cpp:210] Setting up relu6
I1108 23:17:53.217985 135804 net.cpp:217] Top shape: 32 4096 (131072)
I1108 23:17:53.218246 135804 net.cpp:225] Memory required for data: 263990784
I1108 23:17:53.218446 135804 layer_factory.hpp:114] Creating layer drop6
I1108 23:17:53.238427 135804 net.cpp:160] Creating Layer drop6
I1108 23:17:53.238729 135804 net.cpp:596] drop6 <- fc6
I1108 23:17:53.239084 135804 net.cpp:557] drop6 -> fc6 (in-place)
I1108 23:17:53.343025 135804 net.cpp:210] Setting up drop6
I1108 23:17:53.343322 135804 net.cpp:217] Top shape: 32 4096 (131072)
I1108 23:17:53.343644 135804 net.cpp:225] Memory required for data: 264515072
I1108 23:17:53.343883 135804 layer_factory.hpp:114] Creating layer fc7
I1108 23:17:53.344144 135804 net.cpp:160] Creating Layer fc7
I1108 23:17:53.344350 135804 net.cpp:596] fc7 <- fc6
I1108 23:17:53.344724 135804 net.cpp:570] fc7 -> fc7
I1108 23:17:55.055639 135804 net.cpp:210] Setting up fc7
I1108 23:17:55.056001 135804 net.cpp:217] Top shape: 32 4096 (131072)
I1108 23:17:55.056418 135804 net.cpp:225] Memory required for data: 265039360
I1108 23:17:55.056776 135804 layer_factory.hpp:114] Creating layer relu7
I1108 23:17:55.057152 135804 net.cpp:160] Creating Layer relu7
I1108 23:17:55.057399 135804 net.cpp:596] relu7 <- fc7
I1108 23:17:55.057651 135804 net.cpp:557] relu7 -> fc7 (in-place)
I1108 23:17:55.058094 135804 net.cpp:210] Setting up relu7
I1108 23:17:55.058383 135804 net.cpp:217] Top shape: 32 4096 (131072)
I1108 23:17:55.058663 135804 net.cpp:225] Memory required for data: 265563648
I1108 23:17:55.058871 135804 layer_factory.hpp:114] Creating layer drop7
I1108 23:17:55.059118 135804 net.cpp:160] Creating Layer drop7
I1108 23:17:55.059394 135804 net.cpp:596] drop7 <- fc7
I1108 23:17:55.059670 135804 net.cpp:557] drop7 -> fc7 (in-place)
I1108 23:17:55.059947 135804 net.cpp:210] Setting up drop7
I1108 23:17:55.060155 135804 net.cpp:217] Top shape: 32 4096 (131072)
I1108 23:17:55.060370 135804 net.cpp:225] Memory required for data: 266087936
I1108 23:17:55.060554 135804 layer_factory.hpp:114] Creating layer fc8
I1108 23:17:55.060844 135804 net.cpp:160] Creating Layer fc8
I1108 23:17:55.061066 135804 net.cpp:596] fc8 <- fc7
I1108 23:17:55.061297 135804 net.cpp:570] fc8 -> fc8
I1108 23:17:55.485765 135804 net.cpp:210] Setting up fc8
I1108 23:17:55.486135 135804 net.cpp:217] Top shape: 32 1000 (32000)
I1108 23:17:55.486568 135804 net.cpp:225] Memory required for data: 266215936
I1108 23:17:55.486892 135804 layer_factory.hpp:114] Creating layer loss
I1108 23:17:55.512042 135804 net.cpp:160] Creating Layer loss
I1108 23:17:55.512358 135804 net.cpp:596] loss <- fc8
I1108 23:17:55.513327 135804 net.cpp:596] loss <- label
I1108 23:17:55.541708 135804 net.cpp:570] loss -> loss
I1108 23:17:55.582121 135804 layer_factory.hpp:114] Creating layer loss
I1108 23:17:58.154209 135804 net.cpp:210] Setting up loss
I1108 23:17:58.202654 135804 net.cpp:217] Top shape: (1)
I1108 23:17:58.218267 135804 net.cpp:220]     with loss weight 1
I1108 23:17:58.346788 135804 net.cpp:225] Memory required for data: 266215940
I1108 23:17:58.390023 135804 net.cpp:287] loss needs backward computation.
I1108 23:17:58.477746 135804 net.cpp:287] fc8 needs backward computation.
I1108 23:17:58.485013 135804 net.cpp:287] drop7 needs backward computation.
I1108 23:17:58.495995 135804 net.cpp:287] relu7 needs backward computation.
I1108 23:17:58.496315 135804 net.cpp:287] fc7 needs backward computation.
I1108 23:17:58.498865 135804 net.cpp:287] drop6 needs backward computation.
I1108 23:17:58.499281 135804 net.cpp:287] relu6 needs backward computation.
I1108 23:17:58.499543 135804 net.cpp:287] fc6 needs backward computation.
I1108 23:17:58.500218 135804 net.cpp:287] pool5 needs backward computation.
I1108 23:17:58.501019 135804 net.cpp:287] relu5 needs backward computation.
I1108 23:17:58.501298 135804 net.cpp:287] conv5 needs backward computation.
I1108 23:17:58.501492 135804 net.cpp:287] relu4 needs backward computation.
I1108 23:17:58.501677 135804 net.cpp:287] conv4 needs backward computation.
I1108 23:17:58.501893 135804 net.cpp:287] relu3 needs backward computation.
I1108 23:17:58.502086 135804 net.cpp:287] conv3 needs backward computation.
I1108 23:17:58.514703 135804 net.cpp:287] pool2 needs backward computation.
I1108 23:17:58.515055 135804 net.cpp:287] norm2 needs backward computation.
I1108 23:17:58.515364 135804 net.cpp:287] relu2 needs backward computation.
I1108 23:17:58.515594 135804 net.cpp:287] conv2 needs backward computation.
I1108 23:17:58.515781 135804 net.cpp:287] pool1 needs backward computation.
I1108 23:17:58.515961 135804 net.cpp:287] norm1 needs backward computation.
I1108 23:17:58.516140 135804 net.cpp:287] relu1 needs backward computation.
I1108 23:17:58.516315 135804 net.cpp:287] conv1 needs backward computation.
I1108 23:17:58.528534 135804 net.cpp:289] data does not need backward computation.
I1108 23:17:58.553378 135804 net.cpp:331] This network produces output loss
I1108 23:17:58.624287 135804 net.cpp:345] Network initialization done.
I1108 23:17:58.791282 135804 caffe.cpp:452] Performing Forward
I1108 23:18:12.056125 135804 caffe.cpp:457] Initial loss: 6.87554
I1108 23:18:12.118574 135804 caffe.cpp:459] Performing Backward
I1108 23:18:16.668658 135804 caffe.cpp:468] *** Benchmark begins ***
I1108 23:18:16.678055 135804 caffe.cpp:469] Testing for 1 iterations.
I1108 23:18:16.825978 135804 caffe.cpp:482] Profiling Layer: pool1 forward
I1108 23:18:19.140429 135804 caffe.cpp:512] Iteration: 1 forward-backward time: 2308 ms.
I1108 23:18:19.301728 135804 caffe.cpp:519] Average time per layer: 
I1108 23:18:19.320428 135804 caffe.cpp:522]       data	forward: 554.141 ms.
I1108 23:18:19.388967 135804 caffe.cpp:526]       data	backward: 5.199 ms.
I1108 23:18:19.415309 135804 caffe.cpp:522]      conv1	forward: 125.187 ms.
I1108 23:18:19.424679 135804 caffe.cpp:526]      conv1	backward: 42.949 ms.
I1108 23:18:19.429080 135804 caffe.cpp:522]      relu1	forward: 20.609 ms.
I1108 23:18:19.439613 135804 caffe.cpp:526]      relu1	backward: 15.565 ms.
I1108 23:18:19.441985 135804 caffe.cpp:522]      norm1	forward: 19.442 ms.
I1108 23:18:19.448026 135804 caffe.cpp:526]      norm1	backward: 12.567 ms.
I1108 23:18:19.454018 135804 caffe.cpp:522]      pool1	forward: 32.803 ms.
I1108 23:18:19.457984 135804 caffe.cpp:526]      pool1	backward: 77.093 ms.
I1108 23:18:19.469038 135804 caffe.cpp:522]      conv2	forward: 71.825 ms.
I1108 23:18:19.475962 135804 caffe.cpp:526]      conv2	backward: 73.788 ms.
I1108 23:18:19.483381 135804 caffe.cpp:522]      relu2	forward: 15.296 ms.
I1108 23:18:19.489262 135804 caffe.cpp:526]      relu2	backward: 22.329 ms.
I1108 23:18:19.494956 135804 caffe.cpp:522]      norm2	forward: 17.775 ms.
I1108 23:18:19.495746 135804 caffe.cpp:526]      norm2	backward: 13.033 ms.
I1108 23:18:19.496078 135804 caffe.cpp:522]      pool2	forward: 19.341 ms.
I1108 23:18:19.496273 135804 caffe.cpp:526]      pool2	backward: 57.695 ms.
I1108 23:18:19.496464 135804 caffe.cpp:522]      conv3	forward: 32.954 ms.
I1108 23:18:19.496654 135804 caffe.cpp:526]      conv3	backward: 78.506 ms.
I1108 23:18:19.496886 135804 caffe.cpp:522]      relu3	forward: 9.056 ms.
I1108 23:18:19.497704 135804 caffe.cpp:526]      relu3	backward: 31.706 ms.
I1108 23:18:19.497968 135804 caffe.cpp:522]      conv4	forward: 32.444 ms.
I1108 23:18:19.498180 135804 caffe.cpp:526]      conv4	backward: 71.775 ms.
I1108 23:18:19.498467 135804 caffe.cpp:522]      relu4	forward: 20.351 ms.
I1108 23:18:19.498695 135804 caffe.cpp:526]      relu4	backward: 46.503 ms.
I1108 23:18:19.498888 135804 caffe.cpp:522]      conv5	forward: 30.735 ms.
I1108 23:18:19.499079 135804 caffe.cpp:526]      conv5	backward: 68.846 ms.
I1108 23:18:19.499269 135804 caffe.cpp:522]      relu5	forward: 16.612 ms.
I1108 23:18:19.499459 135804 caffe.cpp:526]      relu5	backward: 17.898 ms.
I1108 23:18:19.499650 135804 caffe.cpp:522]      pool5	forward: 13.468 ms.
I1108 23:18:19.499840 135804 caffe.cpp:526]      pool5	backward: 53.51 ms.
I1108 23:18:19.500030 135804 caffe.cpp:522]        fc6	forward: 38.181 ms.
I1108 23:18:19.500219 135804 caffe.cpp:526]        fc6	backward: 95.724 ms.
I1108 23:18:19.500411 135804 caffe.cpp:522]      relu6	forward: 21.683 ms.
I1108 23:18:19.500600 135804 caffe.cpp:526]      relu6	backward: 15.402 ms.
I1108 23:18:19.500862 135804 caffe.cpp:522]      drop6	forward: 29.263 ms.
I1108 23:18:19.501081 135804 caffe.cpp:526]      drop6	backward: 17.128 ms.
I1108 23:18:19.501363 135804 caffe.cpp:522]        fc7	forward: 14.529 ms.
I1108 23:18:19.501597 135804 caffe.cpp:526]        fc7	backward: 54.095 ms.
I1108 23:18:19.501855 135804 caffe.cpp:522]      relu7	forward: 12.063 ms.
I1108 23:18:19.502045 135804 caffe.cpp:526]      relu7	backward: 0.092 ms.
I1108 23:18:19.504667 135804 caffe.cpp:522]      drop7	forward: 22.797 ms.
I1108 23:18:19.504963 135804 caffe.cpp:526]      drop7	backward: 0.094 ms.
I1108 23:18:19.505162 135804 caffe.cpp:522]        fc8	forward: 5.853 ms.
I1108 23:18:19.505349 135804 caffe.cpp:526]        fc8	backward: 92.468 ms.
I1108 23:18:19.505542 135804 caffe.cpp:522]       loss	forward: 37.798 ms.
I1108 23:18:19.505733 135804 caffe.cpp:526]       loss	backward: 37.305 ms.
I1108 23:18:19.511267 135804 caffe.cpp:532] Average Forward pass: 1269.07 ms.
I1108 23:18:19.527005 135804 caffe.cpp:535] Average Backward pass: 1011.08 ms.
I1108 23:18:19.538344 135804 caffe.cpp:537] Average Forward-Backward: 2787 ms.
I1108 23:18:19.553812 135804 caffe.cpp:540] Total Time: 2787 ms.
I1108 23:18:19.566289 135804 caffe.cpp:541] *** Benchmark ends ***
Search stanza is "EMIT_GLOBAL_DYNAMIC_STATS"
elements_fp_single_1 = 25
elements_fp_single_4 = 0
elements_fp_single_8 = 0
elements_fp_single_16 = 0
elements_fp_double_1 = 0
elements_fp_double_2 = 1259712
elements_fp_double_4 = 0
elements_fp_double_8 = 0
--->Total single-precision FLOPs = 25
--->Total double-precision FLOPs = 2519424
--->Total FLOPs = 2519449
mem-read-1 = 27727
mem-read-2 = 35
mem-read-4 = 705462
mem-read-8 = 459681
mem-read-16 = 0
mem-read-32 = 1
mem-read-64 = 3779153
mem-write-1 = 52
mem-write-2 = 17
mem-write-4 = 21767
mem-write-8 = 30142
mem-write-16 = 0
mem-write-32 = 1
mem-write-64 = 2799361
--->Total Bytes read = 248392917
--->Total Bytes written = 179487426
--->Total Bytes = 427880343
