sde64 -knl -d -iform 1 -omix sde_knl/knl_sde_layer15_dir0.out.mix -global_region -start_ssc_mark 111:repeat -stop_ssc_mark 222:repeat -- /project/projectdirs/mpccc/tmalas/intelcaffe/install_carl/bin/caffe time -model=src/models/mkl2017_alexnet/train_val.prototxt -iterations=1 -prof_layer=15 -prof_forward_direction=0
I1109 02:54:38.384865 144172 caffe.cpp:444] Use CPU.
I1109 02:54:55.404243 144172 cpu_info.cpp:452] Processor speed [MHz]: 1400
I1109 02:54:55.461091 144172 cpu_info.cpp:455] Total number of sockets: 1
I1109 02:54:55.472749 144172 cpu_info.cpp:458] Total number of CPU cores: 68
I1109 02:54:55.485417 144172 cpu_info.cpp:461] Total number of processors: 272
I1109 02:54:55.496672 144172 cpu_info.cpp:464] GPU is used: no
I1109 02:54:55.505935 144172 cpu_info.cpp:467] OpenMP environmental variables are specified: yes
I1109 02:54:55.514864 144172 cpu_info.cpp:470] OpenMP thread bind allowed: no
I1109 02:54:55.526198 144172 cpu_info.cpp:473] Number of OpenMP threads: 16
I1109 02:55:04.393177 144172 net.cpp:484] The NetState phase (0) differed from the phase (1) specified by a rule in layer data
I1109 02:55:04.426403 144172 net.cpp:484] The NetState phase (0) differed from the phase (1) specified by a rule in layer accuracy
I1109 02:55:05.062794 144172 net.cpp:120] Initializing net from parameters: 
name: "AlexNet"
state {
  phase: TRAIN
  level: 0
  stage: ""
}
layer {
  name: "data"
  type: "DummyData"
  top: "data"
  top: "label"
  include {
    phase: TRAIN
  }
  dummy_data_param {
    data_filler {
      type: "gaussian"
      std: 1
    }
    data_filler {
      type: "constant"
      value: 0
    }
    shape {
      dim: 32
      dim: 3
      dim: 227
      dim: 227
    }
    shape {
      dim: 32
      dim: 1
      dim: 1
      dim: 1
    }
  }
}
layer {
  name: "conv1"
  type: "Convolution"
  bottom: "data"
  top: "conv1"
  param {
    lr_mult: 1
    decay_mult: 1
  }
  param {
    lr_mult: 2
    decay_mult: 0
  }
  convolution_param {
    num_output: 96
    kernel_size: 11
    stride: 4
    weight_filler {
      type: "gaussian"
      std: 0.01
    }
    bias_filler {
      type: "constant"
      value: 0
    }
    engine: MKL2017
  }
}
layer {
  name: "relu1"
  type: "ReLU"
  bottom: "conv1"
  top: "conv1"
  relu_param {
    engine: MKL2017
  }
}
layer {
  name: "norm1"
  type: "LRN"
  bottom: "conv1"
  top: "norm1"
  lrn_param {
    local_size: 5
    alpha: 0.0001
    beta: 0.75
    engine: MKL2017
  }
}
layer {
  name: "pool1"
  type: "Pooling"
  bottom: "norm1"
  top: "pool1"
  pooling_param {
    pool: MAX
    kernel_size: 3
    stride: 2
    engine: MKL2017
  }
}
layer {
  name: "conv2"
  type: "Convolution"
  bottom: "pool1"
  top: "conv2"
  param {
    lr_mult: 1
    decay_mult: 1
  }
  param {
    lr_mult: 2
    decay_mult: 0
  }
  convolution_param {
    num_output: 256
    pad: 2
    kernel_size: 5
    group: 2
    weight_filler {
      type: "gaussian"
      std: 0.01
    }
    bias_filler {
      type: "constant"
      value: 0.1
    }
    engine: MKL2017
  }
}
layer {
  name: "relu2"
  type: "ReLU"
  bottom: "conv2"
  top: "conv2"
  relu_param {
    engine: MKL2017
  }
}
layer {
  name: "norm2"
  type: "LRN"
  bottom: "conv2"
  top: "norm2"
  lrn_param {
    local_size: 5
    alpha: 0.0001
    beta: 0.75
    engine: MKL2017
  }
}
layer {
  name: "pool2"
  type: "Pooling"
  bottom: "norm2"
  top: "pool2"
  pooling_param {
    pool: MAX
    kernel_size: 3
    stride: 2
    engine: MKL2017
  }
}
layer {
  name: "conv3"
  type: "Convolution"
  bottom: "pool2"
  top: "conv3"
  param {
    lr_mult: 1
    decay_mult: 1
  }
  param {
    lr_mult: 2
    decay_mult: 0
  }
  convolution_param {
    num_output: 384
    pad: 1
    kernel_size: 3
    weight_filler {
      type: "gaussian"
      std: 0.01
    }
    bias_filler {
      type: "constant"
      value: 0
    }
    engine: MKL2017
  }
}
layer {
  name: "relu3"
  type: "ReLU"
  bottom: "conv3"
  top: "conv3"
  relu_param {
    engine: MKL2017
  }
}
layer {
  name: "conv4"
  type: "Convolution"
  bottom: "conv3"
  top: "conv4"
  param {
    lr_mult: 1
    decay_mult: 1
  }
  param {
    lr_mult: 2
    decay_mult: 0
  }
  convolution_param {
    num_output: 384
    pad: 1
    kernel_size: 3
    group: 2
    weight_filler {
      type: "gaussian"
      std: 0.01
    }
    bias_filler {
      type: "constant"
      value: 0.1
    }
    engine: MKL2017
  }
}
layer {
  name: "relu4"
  type: "ReLU"
  bottom: "conv4"
  top: "conv4"
  relu_param {
    engine: MKL2017
  }
}
layer {
  name: "conv5"
  type: "Convolution"
  bottom: "conv4"
  top: "conv5"
  param {
    lr_mult: 1
    decay_mult: 1
  }
  param {
    lr_mult: 2
    decay_mult: 0
  }
  convolution_param {
    num_output: 256
    pad: 1
    kernel_size: 3
    group: 2
    weight_filler {
      type: "gaussian"
      std: 0.01
    }
    bias_filler {
      type: "constant"
      value: 0.1
    }
    engine: MKL2017
  }
}
layer {
  name: "relu5"
  type: "ReLU"
  bottom: "conv5"
  top: "conv5"
  relu_param {
    engine: MKL2017
  }
}
layer {
  name: "pool5"
  type: "Pooling"
  bottom: "conv5"
  top: "pool5"
  pooling_param {
    pool: MAX
    kernel_size: 3
    stride: 2
    engine: MKL2017
  }
}
layer {
  name: "fc6"
  type: "InnerProduct"
  bottom: "pool5"
  top: "fc6"
  param {
    lr_mult: 1
    decay_mult: 1
  }
  param {
    lr_mult: 2
    decay_mult: 0
  }
  inner_product_param {
    num_output: 4096
    weight_filler {
      type: "gaussian"
      std: 0.005
    }
    bias_filler {
      type: "constant"
      value: 0.1
    }
  }
}
layer {
  name: "relu6"
  type: "ReLU"
  bottom: "fc6"
  top: "fc6"
}
layer {
  name: "drop6"
  type: "Dropout"
  bottom: "fc6"
  top: "fc6"
  dropout_param {
    dropout_ratio: 0.5
  }
}
layer {
  name: "fc7"
  type: "InnerProduct"
  bottom: "fc6"
  top: "fc7"
  param {
    lr_mult: 1
    decay_mult: 1
  }
  param {
    lr_mult: 2
    decay_mult: 0
  }
  inner_product_param {
    num_output: 4096
    weight_filler {
      type: "gaussian"
      std: 0.005
    }
    bias_filler {
      type: "constant"
      value: 0.1
    }
  }
}
layer {
  name: "relu7"
  type: "ReLU"
  bottom: "fc7"
  top: "fc7"
}
layer {
  name: "drop7"
  type: "Dropout"
  bottom: "fc7"
  top: "fc7"
  dropout_param {
    dropout_ratio: 0.5
  }
}
layer {
  name: "fc8"
  type: "InnerProduct"
  bottom: "fc7"
  top: "fc8"
  param {
    lr_mult: 1
    decay_mult: 1
  }
  param {
    lr_mult: 2
    decay_mult: 0
  }
  inner_product_param {
    num_output: 1000
    weight_filler {
      type: "gaussian"
      std: 0.01
    }
    bias_filler {
      type: "constant"
      value: 0
    }
  }
}
layer {
  name: "loss"
  type: "SoftmaxWithLoss"
  bottom: "fc8"
  bottom: "label"
  top: "loss"
}
I1109 02:55:07.542866 144172 layer_factory.hpp:114] Creating layer data
I1109 02:55:07.692936 144172 net.cpp:160] Creating Layer data
I1109 02:55:07.741307 144172 net.cpp:570] data -> data
I1109 02:55:08.214570 144172 net.cpp:570] data -> label
I1109 02:55:15.275282 144172 net.cpp:210] Setting up data
I1109 02:55:15.403390 144172 net.cpp:217] Top shape: 32 3 227 227 (4946784)
I1109 02:55:15.507336 144172 net.cpp:217] Top shape: 32 1 1 1 (32)
I1109 02:55:15.514647 144172 net.cpp:225] Memory required for data: 19787264
I1109 02:55:15.584380 144172 layer_factory.hpp:114] Creating layer conv1
I1109 02:55:15.912866 144172 net.cpp:160] Creating Layer conv1
I1109 02:55:15.962640 144172 net.cpp:596] conv1 <- data
I1109 02:55:16.083647 144172 net.cpp:570] conv1 -> conv1
I1109 02:55:48.648488 144172 net.cpp:210] Setting up conv1
I1109 02:55:48.655459 144172 net.cpp:217] Top shape: 32 96 55 55 (9292800)
I1109 02:55:48.655864 144172 net.cpp:225] Memory required for data: 56958464
I1109 02:55:48.937630 144172 layer_factory.hpp:114] Creating layer relu1
I1109 02:55:49.058584 144172 net.cpp:160] Creating Layer relu1
I1109 02:55:49.063161 144172 net.cpp:596] relu1 <- conv1
I1109 02:55:49.095896 144172 net.cpp:557] relu1 -> conv1 (in-place)
I1109 02:55:49.286625 144172 net.cpp:210] Setting up relu1
I1109 02:55:49.289055 144172 net.cpp:217] Top shape: 32 96 55 55 (9292800)
I1109 02:55:49.289397 144172 net.cpp:225] Memory required for data: 94129664
I1109 02:55:49.289600 144172 layer_factory.hpp:114] Creating layer norm1
I1109 02:55:49.394099 144172 net.cpp:160] Creating Layer norm1
I1109 02:55:49.394412 144172 net.cpp:596] norm1 <- conv1
I1109 02:55:49.396937 144172 net.cpp:570] norm1 -> norm1
I1109 02:55:49.618911 144172 net.cpp:210] Setting up norm1
I1109 02:55:49.631654 144172 net.cpp:217] Top shape: 32 96 55 55 (9292800)
I1109 02:55:49.632036 144172 net.cpp:225] Memory required for data: 131300864
I1109 02:55:49.632341 144172 layer_factory.hpp:114] Creating layer pool1
I1109 02:55:49.725487 144172 net.cpp:160] Creating Layer pool1
I1109 02:55:49.725803 144172 net.cpp:596] pool1 <- norm1
I1109 02:55:49.740636 144172 net.cpp:570] pool1 -> pool1
I1109 02:55:50.043198 144172 net.cpp:210] Setting up pool1
I1109 02:55:50.045703 144172 net.cpp:217] Top shape: 32 96 27 27 (2239488)
I1109 02:55:50.046035 144172 net.cpp:225] Memory required for data: 140258816
I1109 02:55:50.046254 144172 layer_factory.hpp:114] Creating layer conv2
I1109 02:55:50.046651 144172 net.cpp:160] Creating Layer conv2
I1109 02:55:50.046892 144172 net.cpp:596] conv2 <- pool1
I1109 02:55:50.047202 144172 net.cpp:570] conv2 -> conv2
I1109 02:55:55.800225 144172 net.cpp:210] Setting up conv2
I1109 02:55:55.800567 144172 net.cpp:217] Top shape: 32 256 27 27 (5971968)
I1109 02:55:55.801021 144172 net.cpp:225] Memory required for data: 164146688
I1109 02:55:55.851749 144172 layer_factory.hpp:114] Creating layer relu2
I1109 02:55:55.852243 144172 net.cpp:160] Creating Layer relu2
I1109 02:55:55.852607 144172 net.cpp:596] relu2 <- conv2
I1109 02:55:55.852898 144172 net.cpp:557] relu2 -> conv2 (in-place)
I1109 02:55:55.853358 144172 net.cpp:210] Setting up relu2
I1109 02:55:55.853621 144172 net.cpp:217] Top shape: 32 256 27 27 (5971968)
I1109 02:55:55.853850 144172 net.cpp:225] Memory required for data: 188034560
I1109 02:55:55.854037 144172 layer_factory.hpp:114] Creating layer norm2
I1109 02:55:55.854280 144172 net.cpp:160] Creating Layer norm2
I1109 02:55:55.854477 144172 net.cpp:596] norm2 <- conv2
I1109 02:55:55.854707 144172 net.cpp:570] norm2 -> norm2
I1109 02:55:55.856835 144172 net.cpp:210] Setting up norm2
I1109 02:55:55.857156 144172 net.cpp:217] Top shape: 32 256 27 27 (5971968)
I1109 02:55:55.857390 144172 net.cpp:225] Memory required for data: 211922432
I1109 02:55:55.857578 144172 layer_factory.hpp:114] Creating layer pool2
I1109 02:55:55.858423 144172 net.cpp:160] Creating Layer pool2
I1109 02:55:55.858731 144172 net.cpp:596] pool2 <- norm2
I1109 02:55:55.859127 144172 net.cpp:570] pool2 -> pool2
I1109 02:55:55.859586 144172 net.cpp:210] Setting up pool2
I1109 02:55:55.859828 144172 net.cpp:217] Top shape: 32 256 13 13 (1384448)
I1109 02:55:55.860051 144172 net.cpp:225] Memory required for data: 217460224
I1109 02:55:55.860249 144172 layer_factory.hpp:114] Creating layer conv3
I1109 02:55:55.860576 144172 net.cpp:160] Creating Layer conv3
I1109 02:55:55.860827 144172 net.cpp:596] conv3 <- pool2
I1109 02:55:55.861090 144172 net.cpp:570] conv3 -> conv3
I1109 02:55:56.362634 144172 net.cpp:210] Setting up conv3
I1109 02:55:56.365030 144172 net.cpp:217] Top shape: 32 384 13 13 (2076672)
I1109 02:55:56.365381 144172 net.cpp:225] Memory required for data: 225766912
I1109 02:55:56.368517 144172 layer_factory.hpp:114] Creating layer relu3
I1109 02:55:56.368973 144172 net.cpp:160] Creating Layer relu3
I1109 02:55:56.369246 144172 net.cpp:596] relu3 <- conv3
I1109 02:55:56.369500 144172 net.cpp:557] relu3 -> conv3 (in-place)
I1109 02:55:56.373903 144172 net.cpp:210] Setting up relu3
I1109 02:55:56.374217 144172 net.cpp:217] Top shape: 32 384 13 13 (2076672)
I1109 02:55:56.374471 144172 net.cpp:225] Memory required for data: 234073600
I1109 02:55:56.374671 144172 layer_factory.hpp:114] Creating layer conv4
I1109 02:55:56.375036 144172 net.cpp:160] Creating Layer conv4
I1109 02:55:56.375293 144172 net.cpp:596] conv4 <- conv3
I1109 02:55:56.375540 144172 net.cpp:570] conv4 -> conv4
I1109 02:55:56.618139 144172 net.cpp:210] Setting up conv4
I1109 02:55:56.618527 144172 net.cpp:217] Top shape: 32 384 13 13 (2076672)
I1109 02:55:56.618922 144172 net.cpp:225] Memory required for data: 242380288
I1109 02:55:56.619266 144172 layer_factory.hpp:114] Creating layer relu4
I1109 02:55:56.619557 144172 net.cpp:160] Creating Layer relu4
I1109 02:55:56.619786 144172 net.cpp:596] relu4 <- conv4
I1109 02:55:56.620018 144172 net.cpp:557] relu4 -> conv4 (in-place)
I1109 02:55:56.632117 144172 net.cpp:210] Setting up relu4
I1109 02:55:56.632463 144172 net.cpp:217] Top shape: 32 384 13 13 (2076672)
I1109 02:55:56.632886 144172 net.cpp:225] Memory required for data: 250686976
I1109 02:55:56.633178 144172 layer_factory.hpp:114] Creating layer conv5
I1109 02:55:56.633572 144172 net.cpp:160] Creating Layer conv5
I1109 02:55:56.633812 144172 net.cpp:596] conv5 <- conv4
I1109 02:55:56.634059 144172 net.cpp:570] conv5 -> conv5
I1109 02:55:56.802003 144172 net.cpp:210] Setting up conv5
I1109 02:55:56.802393 144172 net.cpp:217] Top shape: 32 256 13 13 (1384448)
I1109 02:55:56.802805 144172 net.cpp:225] Memory required for data: 256224768
I1109 02:55:56.807468 144172 layer_factory.hpp:114] Creating layer relu5
I1109 02:55:56.807871 144172 net.cpp:160] Creating Layer relu5
I1109 02:55:56.808123 144172 net.cpp:596] relu5 <- conv5
I1109 02:55:56.808389 144172 net.cpp:557] relu5 -> conv5 (in-place)
I1109 02:55:56.808934 144172 net.cpp:210] Setting up relu5
I1109 02:55:56.809255 144172 net.cpp:217] Top shape: 32 256 13 13 (1384448)
I1109 02:55:56.809551 144172 net.cpp:225] Memory required for data: 261762560
I1109 02:55:56.809762 144172 layer_factory.hpp:114] Creating layer pool5
I1109 02:55:56.810031 144172 net.cpp:160] Creating Layer pool5
I1109 02:55:56.810247 144172 net.cpp:596] pool5 <- conv5
I1109 02:55:56.810477 144172 net.cpp:570] pool5 -> pool5
I1109 02:55:56.810880 144172 net.cpp:210] Setting up pool5
I1109 02:55:56.811147 144172 net.cpp:217] Top shape: 32 256 6 6 (294912)
I1109 02:55:56.811372 144172 net.cpp:225] Memory required for data: 262942208
I1109 02:55:56.811560 144172 layer_factory.hpp:114] Creating layer fc6
I1109 02:55:56.866071 144172 net.cpp:160] Creating Layer fc6
I1109 02:55:56.866384 144172 net.cpp:596] fc6 <- pool5
I1109 02:55:56.866760 144172 net.cpp:570] fc6 -> fc6
I1109 02:56:00.963475 144172 net.cpp:210] Setting up fc6
I1109 02:56:00.963834 144172 net.cpp:217] Top shape: 32 4096 (131072)
I1109 02:56:00.965962 144172 net.cpp:225] Memory required for data: 263466496
I1109 02:56:00.966271 144172 layer_factory.hpp:114] Creating layer relu6
I1109 02:56:00.968672 144172 net.cpp:160] Creating Layer relu6
I1109 02:56:00.969025 144172 net.cpp:596] relu6 <- fc6
I1109 02:56:00.969271 144172 net.cpp:557] relu6 -> fc6 (in-place)
I1109 02:56:00.969787 144172 net.cpp:210] Setting up relu6
I1109 02:56:00.970041 144172 net.cpp:217] Top shape: 32 4096 (131072)
I1109 02:56:00.970266 144172 net.cpp:225] Memory required for data: 263990784
I1109 02:56:00.970451 144172 layer_factory.hpp:114] Creating layer drop6
I1109 02:56:00.990835 144172 net.cpp:160] Creating Layer drop6
I1109 02:56:00.991152 144172 net.cpp:596] drop6 <- fc6
I1109 02:56:00.991504 144172 net.cpp:557] drop6 -> fc6 (in-place)
I1109 02:56:01.095827 144172 net.cpp:210] Setting up drop6
I1109 02:56:01.096127 144172 net.cpp:217] Top shape: 32 4096 (131072)
I1109 02:56:01.096494 144172 net.cpp:225] Memory required for data: 264515072
I1109 02:56:01.096705 144172 layer_factory.hpp:114] Creating layer fc7
I1109 02:56:01.097021 144172 net.cpp:160] Creating Layer fc7
I1109 02:56:01.097234 144172 net.cpp:596] fc7 <- fc6
I1109 02:56:01.097622 144172 net.cpp:570] fc7 -> fc7
I1109 02:56:02.811031 144172 net.cpp:210] Setting up fc7
I1109 02:56:02.811403 144172 net.cpp:217] Top shape: 32 4096 (131072)
I1109 02:56:02.811851 144172 net.cpp:225] Memory required for data: 265039360
I1109 02:56:02.812191 144172 layer_factory.hpp:114] Creating layer relu7
I1109 02:56:02.812531 144172 net.cpp:160] Creating Layer relu7
I1109 02:56:02.812829 144172 net.cpp:596] relu7 <- fc7
I1109 02:56:02.813118 144172 net.cpp:557] relu7 -> fc7 (in-place)
I1109 02:56:02.813583 144172 net.cpp:210] Setting up relu7
I1109 02:56:02.813886 144172 net.cpp:217] Top shape: 32 4096 (131072)
I1109 02:56:02.814184 144172 net.cpp:225] Memory required for data: 265563648
I1109 02:56:02.814410 144172 layer_factory.hpp:114] Creating layer drop7
I1109 02:56:02.814668 144172 net.cpp:160] Creating Layer drop7
I1109 02:56:02.814911 144172 net.cpp:596] drop7 <- fc7
I1109 02:56:02.815165 144172 net.cpp:557] drop7 -> fc7 (in-place)
I1109 02:56:02.815444 144172 net.cpp:210] Setting up drop7
I1109 02:56:02.815656 144172 net.cpp:217] Top shape: 32 4096 (131072)
I1109 02:56:02.815879 144172 net.cpp:225] Memory required for data: 266087936
I1109 02:56:02.816067 144172 layer_factory.hpp:114] Creating layer fc8
I1109 02:56:02.816326 144172 net.cpp:160] Creating Layer fc8
I1109 02:56:02.816529 144172 net.cpp:596] fc8 <- fc7
I1109 02:56:02.816761 144172 net.cpp:570] fc8 -> fc8
I1109 02:56:03.240010 144172 net.cpp:210] Setting up fc8
I1109 02:56:03.240360 144172 net.cpp:217] Top shape: 32 1000 (32000)
I1109 02:56:03.240746 144172 net.cpp:225] Memory required for data: 266215936
I1109 02:56:03.241129 144172 layer_factory.hpp:114] Creating layer loss
I1109 02:56:03.265877 144172 net.cpp:160] Creating Layer loss
I1109 02:56:03.266197 144172 net.cpp:596] loss <- fc8
I1109 02:56:03.267215 144172 net.cpp:596] loss <- label
I1109 02:56:03.295030 144172 net.cpp:570] loss -> loss
I1109 02:56:03.333191 144172 layer_factory.hpp:114] Creating layer loss
I1109 02:56:05.904129 144172 net.cpp:210] Setting up loss
I1109 02:56:05.955176 144172 net.cpp:217] Top shape: (1)
I1109 02:56:05.966620 144172 net.cpp:220]     with loss weight 1
I1109 02:56:06.097831 144172 net.cpp:225] Memory required for data: 266215940
I1109 02:56:06.137825 144172 net.cpp:287] loss needs backward computation.
I1109 02:56:06.224565 144172 net.cpp:287] fc8 needs backward computation.
I1109 02:56:06.231837 144172 net.cpp:287] drop7 needs backward computation.
I1109 02:56:06.242823 144172 net.cpp:287] relu7 needs backward computation.
I1109 02:56:06.243146 144172 net.cpp:287] fc7 needs backward computation.
I1109 02:56:06.245612 144172 net.cpp:287] drop6 needs backward computation.
I1109 02:56:06.245954 144172 net.cpp:287] relu6 needs backward computation.
I1109 02:56:06.246178 144172 net.cpp:287] fc6 needs backward computation.
I1109 02:56:06.247009 144172 net.cpp:287] pool5 needs backward computation.
I1109 02:56:06.247761 144172 net.cpp:287] relu5 needs backward computation.
I1109 02:56:06.248034 144172 net.cpp:287] conv5 needs backward computation.
I1109 02:56:06.248239 144172 net.cpp:287] relu4 needs backward computation.
I1109 02:56:06.248435 144172 net.cpp:287] conv4 needs backward computation.
I1109 02:56:06.248622 144172 net.cpp:287] relu3 needs backward computation.
I1109 02:56:06.248888 144172 net.cpp:287] conv3 needs backward computation.
I1109 02:56:06.260995 144172 net.cpp:287] pool2 needs backward computation.
I1109 02:56:06.261343 144172 net.cpp:287] norm2 needs backward computation.
I1109 02:56:06.261683 144172 net.cpp:287] relu2 needs backward computation.
I1109 02:56:06.261893 144172 net.cpp:287] conv2 needs backward computation.
I1109 02:56:06.262086 144172 net.cpp:287] pool1 needs backward computation.
I1109 02:56:06.262269 144172 net.cpp:287] norm1 needs backward computation.
I1109 02:56:06.262451 144172 net.cpp:287] relu1 needs backward computation.
I1109 02:56:06.262630 144172 net.cpp:287] conv1 needs backward computation.
I1109 02:56:06.275002 144172 net.cpp:289] data does not need backward computation.
I1109 02:56:06.299684 144172 net.cpp:331] This network produces output loss
I1109 02:56:06.374672 144172 net.cpp:345] Network initialization done.
I1109 02:56:06.542485 144172 caffe.cpp:452] Performing Forward
I1109 02:56:19.383066 144172 caffe.cpp:457] Initial loss: 6.97301
I1109 02:56:19.440307 144172 caffe.cpp:459] Performing Backward
I1109 02:56:24.484709 144172 caffe.cpp:468] *** Benchmark begins ***
I1109 02:56:24.495714 144172 caffe.cpp:469] Testing for 1 iterations.
I1109 02:56:24.644623 144172 caffe.cpp:485] Profiling Layer: pool5 backward
I1109 02:56:26.765943 144172 caffe.cpp:512] Iteration: 1 forward-backward time: 2115 ms.
I1109 02:56:26.920330 144172 caffe.cpp:519] Average time per layer: 
I1109 02:56:26.941932 144172 caffe.cpp:522]       data	forward: 549.293 ms.
I1109 02:56:27.021453 144172 caffe.cpp:526]       data	backward: 5.307 ms.
I1109 02:56:27.043715 144172 caffe.cpp:522]      conv1	forward: 132.94 ms.
I1109 02:56:27.051774 144172 caffe.cpp:526]      conv1	backward: 49.305 ms.
I1109 02:56:27.061807 144172 caffe.cpp:522]      relu1	forward: 27.768 ms.
I1109 02:56:27.067586 144172 caffe.cpp:526]      relu1	backward: 19.157 ms.
I1109 02:56:27.075785 144172 caffe.cpp:522]      norm1	forward: 15.933 ms.
I1109 02:56:27.081581 144172 caffe.cpp:526]      norm1	backward: 10.469 ms.
I1109 02:56:27.087817 144172 caffe.cpp:522]      pool1	forward: 24.819 ms.
I1109 02:56:27.091946 144172 caffe.cpp:526]      pool1	backward: 78.432 ms.
I1109 02:56:27.096451 144172 caffe.cpp:522]      conv2	forward: 62.683 ms.
I1109 02:56:27.104322 144172 caffe.cpp:526]      conv2	backward: 83.641 ms.
I1109 02:56:27.111387 144172 caffe.cpp:522]      relu2	forward: 17.314 ms.
I1109 02:56:27.115329 144172 caffe.cpp:526]      relu2	backward: 15.757 ms.
I1109 02:56:27.121681 144172 caffe.cpp:522]      norm2	forward: 10.361 ms.
I1109 02:56:27.128160 144172 caffe.cpp:526]      norm2	backward: 17.929 ms.
I1109 02:56:27.128459 144172 caffe.cpp:522]      pool2	forward: 14.713 ms.
I1109 02:56:27.128655 144172 caffe.cpp:526]      pool2	backward: 53.465 ms.
I1109 02:56:27.128888 144172 caffe.cpp:522]      conv3	forward: 41.449 ms.
I1109 02:56:27.129081 144172 caffe.cpp:526]      conv3	backward: 86 ms.
I1109 02:56:27.129271 144172 caffe.cpp:522]      relu3	forward: 13.373 ms.
I1109 02:56:27.129462 144172 caffe.cpp:526]      relu3	backward: 32.297 ms.
I1109 02:56:27.129652 144172 caffe.cpp:522]      conv4	forward: 31.308 ms.
I1109 02:56:27.129842 144172 caffe.cpp:526]      conv4	backward: 36.274 ms.
I1109 02:56:27.130033 144172 caffe.cpp:522]      relu4	forward: 22.44 ms.
I1109 02:56:27.130223 144172 caffe.cpp:526]      relu4	backward: 7.451 ms.
I1109 02:56:27.130409 144172 caffe.cpp:522]      conv5	forward: 31.81 ms.
I1109 02:56:27.130599 144172 caffe.cpp:526]      conv5	backward: 19.135 ms.
I1109 02:56:27.130790 144172 caffe.cpp:522]      relu5	forward: 17.979 ms.
I1109 02:56:27.130980 144172 caffe.cpp:526]      relu5	backward: 0.25 ms.
I1109 02:56:27.131170 144172 caffe.cpp:522]      pool5	forward: 18.38 ms.
I1109 02:56:27.131359 144172 caffe.cpp:526]      pool5	backward: 19.84 ms.
I1109 02:56:27.131549 144172 caffe.cpp:522]        fc6	forward: 43.042 ms.
I1109 02:56:27.131741 144172 caffe.cpp:526]        fc6	backward: 28.201 ms.
I1109 02:56:27.131930 144172 caffe.cpp:522]      relu6	forward: 14.383 ms.
I1109 02:56:27.132122 144172 caffe.cpp:526]      relu6	backward: 0.082 ms.
I1109 02:56:27.134521 144172 caffe.cpp:522]      drop6	forward: 29.315 ms.
I1109 02:56:27.134770 144172 caffe.cpp:526]      drop6	backward: 0.087 ms.
I1109 02:56:27.134973 144172 caffe.cpp:522]        fc7	forward: 17.257 ms.
I1109 02:56:27.135169 144172 caffe.cpp:526]        fc7	backward: 25.676 ms.
I1109 02:56:27.135365 144172 caffe.cpp:522]      relu7	forward: 12.615 ms.
I1109 02:56:27.135557 144172 caffe.cpp:526]      relu7	backward: 0.083 ms.
I1109 02:56:27.135748 144172 caffe.cpp:522]      drop7	forward: 23.416 ms.
I1109 02:56:27.135939 144172 caffe.cpp:526]      drop7	backward: 0.09 ms.
I1109 02:56:27.136128 144172 caffe.cpp:522]        fc8	forward: 20.597 ms.
I1109 02:56:27.136319 144172 caffe.cpp:526]        fc8	backward: 84.615 ms.
I1109 02:56:27.136510 144172 caffe.cpp:522]       loss	forward: 76.108 ms.
I1109 02:56:27.136701 144172 caffe.cpp:526]       loss	backward: 78.97 ms.
I1109 02:56:27.141676 144172 caffe.cpp:532] Average Forward pass: 1326.13 ms.
I1109 02:56:27.155555 144172 caffe.cpp:535] Average Backward pass: 762.751 ms.
I1109 02:56:27.166497 144172 caffe.cpp:537] Average Forward-Backward: 2599 ms.
I1109 02:56:27.181274 144172 caffe.cpp:540] Total Time: 2599 ms.
I1109 02:56:27.193460 144172 caffe.cpp:541] *** Benchmark ends ***
Search stanza is "EMIT_GLOBAL_DYNAMIC_STATS"
elements_fp_single_1 = 0
elements_fp_single_4 = 0
elements_fp_single_8 = 0
elements_fp_single_16 = 18432
elements_fp_double_1 = 0
elements_fp_double_2 = 0
elements_fp_double_4 = 0
elements_fp_double_8 = 0
--->Total single-precision FLOPs = 294912
--->Total double-precision FLOPs = 0
--->Total FLOPs = 294912
mem-read-1 = 417354
mem-read-2 = 104
mem-read-4 = 3397483
mem-read-8 = 5620003
mem-read-16 = 0
mem-read-32 = 98306
mem-read-64 = 202786
mem-write-1 = 154
mem-write-2 = 51
mem-write-4 = 309407
mem-write-8 = 611771
mem-write-16 = 0
mem-write-32 = 2
mem-write-64 = 158210
--->Total Bytes read = 75091614
--->Total Bytes written = 16257556
--->Total Bytes = 91349170
