sde64 -knl -d -iform 1 -omix sde_knl/knl_sde_layer21_dir1.out.mix -global_region -start_ssc_mark 111:repeat -stop_ssc_mark 222:repeat -- /project/projectdirs/mpccc/tmalas/intelcaffe/install_carl/bin/caffe time -model=src/models/mkl2017_alexnet/train_val.prototxt -iterations=1 -prof_layer=21 -prof_forward_direction=1
I1109 00:58:06.534312 139240 caffe.cpp:444] Use CPU.
I1109 00:58:23.500011 139240 cpu_info.cpp:452] Processor speed [MHz]: 1400
I1109 00:58:23.557376 139240 cpu_info.cpp:455] Total number of sockets: 1
I1109 00:58:23.569295 139240 cpu_info.cpp:458] Total number of CPU cores: 68
I1109 00:58:23.581889 139240 cpu_info.cpp:461] Total number of processors: 272
I1109 00:58:23.592890 139240 cpu_info.cpp:464] GPU is used: no
I1109 00:58:23.602089 139240 cpu_info.cpp:467] OpenMP environmental variables are specified: yes
I1109 00:58:23.611032 139240 cpu_info.cpp:470] OpenMP thread bind allowed: no
I1109 00:58:23.622131 139240 cpu_info.cpp:473] Number of OpenMP threads: 16
I1109 00:58:32.423354 139240 net.cpp:484] The NetState phase (0) differed from the phase (1) specified by a rule in layer data
I1109 00:58:32.454643 139240 net.cpp:484] The NetState phase (0) differed from the phase (1) specified by a rule in layer accuracy
I1109 00:58:33.091648 139240 net.cpp:120] Initializing net from parameters: 
name: "AlexNet"
state {
  phase: TRAIN
  level: 0
  stage: ""
}
layer {
  name: "data"
  type: "DummyData"
  top: "data"
  top: "label"
  include {
    phase: TRAIN
  }
  dummy_data_param {
    data_filler {
      type: "gaussian"
      std: 1
    }
    data_filler {
      type: "constant"
      value: 0
    }
    shape {
      dim: 32
      dim: 3
      dim: 227
      dim: 227
    }
    shape {
      dim: 32
      dim: 1
      dim: 1
      dim: 1
    }
  }
}
layer {
  name: "conv1"
  type: "Convolution"
  bottom: "data"
  top: "conv1"
  param {
    lr_mult: 1
    decay_mult: 1
  }
  param {
    lr_mult: 2
    decay_mult: 0
  }
  convolution_param {
    num_output: 96
    kernel_size: 11
    stride: 4
    weight_filler {
      type: "gaussian"
      std: 0.01
    }
    bias_filler {
      type: "constant"
      value: 0
    }
    engine: MKL2017
  }
}
layer {
  name: "relu1"
  type: "ReLU"
  bottom: "conv1"
  top: "conv1"
  relu_param {
    engine: MKL2017
  }
}
layer {
  name: "norm1"
  type: "LRN"
  bottom: "conv1"
  top: "norm1"
  lrn_param {
    local_size: 5
    alpha: 0.0001
    beta: 0.75
    engine: MKL2017
  }
}
layer {
  name: "pool1"
  type: "Pooling"
  bottom: "norm1"
  top: "pool1"
  pooling_param {
    pool: MAX
    kernel_size: 3
    stride: 2
    engine: MKL2017
  }
}
layer {
  name: "conv2"
  type: "Convolution"
  bottom: "pool1"
  top: "conv2"
  param {
    lr_mult: 1
    decay_mult: 1
  }
  param {
    lr_mult: 2
    decay_mult: 0
  }
  convolution_param {
    num_output: 256
    pad: 2
    kernel_size: 5
    group: 2
    weight_filler {
      type: "gaussian"
      std: 0.01
    }
    bias_filler {
      type: "constant"
      value: 0.1
    }
    engine: MKL2017
  }
}
layer {
  name: "relu2"
  type: "ReLU"
  bottom: "conv2"
  top: "conv2"
  relu_param {
    engine: MKL2017
  }
}
layer {
  name: "norm2"
  type: "LRN"
  bottom: "conv2"
  top: "norm2"
  lrn_param {
    local_size: 5
    alpha: 0.0001
    beta: 0.75
    engine: MKL2017
  }
}
layer {
  name: "pool2"
  type: "Pooling"
  bottom: "norm2"
  top: "pool2"
  pooling_param {
    pool: MAX
    kernel_size: 3
    stride: 2
    engine: MKL2017
  }
}
layer {
  name: "conv3"
  type: "Convolution"
  bottom: "pool2"
  top: "conv3"
  param {
    lr_mult: 1
    decay_mult: 1
  }
  param {
    lr_mult: 2
    decay_mult: 0
  }
  convolution_param {
    num_output: 384
    pad: 1
    kernel_size: 3
    weight_filler {
      type: "gaussian"
      std: 0.01
    }
    bias_filler {
      type: "constant"
      value: 0
    }
    engine: MKL2017
  }
}
layer {
  name: "relu3"
  type: "ReLU"
  bottom: "conv3"
  top: "conv3"
  relu_param {
    engine: MKL2017
  }
}
layer {
  name: "conv4"
  type: "Convolution"
  bottom: "conv3"
  top: "conv4"
  param {
    lr_mult: 1
    decay_mult: 1
  }
  param {
    lr_mult: 2
    decay_mult: 0
  }
  convolution_param {
    num_output: 384
    pad: 1
    kernel_size: 3
    group: 2
    weight_filler {
      type: "gaussian"
      std: 0.01
    }
    bias_filler {
      type: "constant"
      value: 0.1
    }
    engine: MKL2017
  }
}
layer {
  name: "relu4"
  type: "ReLU"
  bottom: "conv4"
  top: "conv4"
  relu_param {
    engine: MKL2017
  }
}
layer {
  name: "conv5"
  type: "Convolution"
  bottom: "conv4"
  top: "conv5"
  param {
    lr_mult: 1
    decay_mult: 1
  }
  param {
    lr_mult: 2
    decay_mult: 0
  }
  convolution_param {
    num_output: 256
    pad: 1
    kernel_size: 3
    group: 2
    weight_filler {
      type: "gaussian"
      std: 0.01
    }
    bias_filler {
      type: "constant"
      value: 0.1
    }
    engine: MKL2017
  }
}
layer {
  name: "relu5"
  type: "ReLU"
  bottom: "conv5"
  top: "conv5"
  relu_param {
    engine: MKL2017
  }
}
layer {
  name: "pool5"
  type: "Pooling"
  bottom: "conv5"
  top: "pool5"
  pooling_param {
    pool: MAX
    kernel_size: 3
    stride: 2
    engine: MKL2017
  }
}
layer {
  name: "fc6"
  type: "InnerProduct"
  bottom: "pool5"
  top: "fc6"
  param {
    lr_mult: 1
    decay_mult: 1
  }
  param {
    lr_mult: 2
    decay_mult: 0
  }
  inner_product_param {
    num_output: 4096
    weight_filler {
      type: "gaussian"
      std: 0.005
    }
    bias_filler {
      type: "constant"
      value: 0.1
    }
  }
}
layer {
  name: "relu6"
  type: "ReLU"
  bottom: "fc6"
  top: "fc6"
}
layer {
  name: "drop6"
  type: "Dropout"
  bottom: "fc6"
  top: "fc6"
  dropout_param {
    dropout_ratio: 0.5
  }
}
layer {
  name: "fc7"
  type: "InnerProduct"
  bottom: "fc6"
  top: "fc7"
  param {
    lr_mult: 1
    decay_mult: 1
  }
  param {
    lr_mult: 2
    decay_mult: 0
  }
  inner_product_param {
    num_output: 4096
    weight_filler {
      type: "gaussian"
      std: 0.005
    }
    bias_filler {
      type: "constant"
      value: 0.1
    }
  }
}
layer {
  name: "relu7"
  type: "ReLU"
  bottom: "fc7"
  top: "fc7"
}
layer {
  name: "drop7"
  type: "Dropout"
  bottom: "fc7"
  top: "fc7"
  dropout_param {
    dropout_ratio: 0.5
  }
}
layer {
  name: "fc8"
  type: "InnerProduct"
  bottom: "fc7"
  top: "fc8"
  param {
    lr_mult: 1
    decay_mult: 1
  }
  param {
    lr_mult: 2
    decay_mult: 0
  }
  inner_product_param {
    num_output: 1000
    weight_filler {
      type: "gaussian"
      std: 0.01
    }
    bias_filler {
      type: "constant"
      value: 0
    }
  }
}
layer {
  name: "loss"
  type: "SoftmaxWithLoss"
  bottom: "fc8"
  bottom: "label"
  top: "loss"
}
I1109 00:58:35.550050 139240 layer_factory.hpp:114] Creating layer data
I1109 00:58:35.707164 139240 net.cpp:160] Creating Layer data
I1109 00:58:35.754880 139240 net.cpp:570] data -> data
I1109 00:58:36.222326 139240 net.cpp:570] data -> label
I1109 00:58:43.286242 139240 net.cpp:210] Setting up data
I1109 00:58:43.367027 139240 net.cpp:217] Top shape: 32 3 227 227 (4946784)
I1109 00:58:43.471271 139240 net.cpp:217] Top shape: 32 1 1 1 (32)
I1109 00:58:43.478377 139240 net.cpp:225] Memory required for data: 19787264
I1109 00:58:43.546778 139240 layer_factory.hpp:114] Creating layer conv1
I1109 00:58:43.877825 139240 net.cpp:160] Creating Layer conv1
I1109 00:58:43.928663 139240 net.cpp:596] conv1 <- data
I1109 00:58:44.047598 139240 net.cpp:570] conv1 -> conv1
I1109 00:59:16.654431 139240 net.cpp:210] Setting up conv1
I1109 00:59:16.660928 139240 net.cpp:217] Top shape: 32 96 55 55 (9292800)
I1109 00:59:16.661336 139240 net.cpp:225] Memory required for data: 56958464
I1109 00:59:16.958458 139240 layer_factory.hpp:114] Creating layer relu1
I1109 00:59:17.087543 139240 net.cpp:160] Creating Layer relu1
I1109 00:59:17.092207 139240 net.cpp:596] relu1 <- conv1
I1109 00:59:17.125540 139240 net.cpp:557] relu1 -> conv1 (in-place)
I1109 00:59:17.318588 139240 net.cpp:210] Setting up relu1
I1109 00:59:17.321095 139240 net.cpp:217] Top shape: 32 96 55 55 (9292800)
I1109 00:59:17.321431 139240 net.cpp:225] Memory required for data: 94129664
I1109 00:59:17.321665 139240 layer_factory.hpp:114] Creating layer norm1
I1109 00:59:17.427691 139240 net.cpp:160] Creating Layer norm1
I1109 00:59:17.428000 139240 net.cpp:596] norm1 <- conv1
I1109 00:59:17.430625 139240 net.cpp:570] norm1 -> norm1
I1109 00:59:17.657583 139240 net.cpp:210] Setting up norm1
I1109 00:59:17.670603 139240 net.cpp:217] Top shape: 32 96 55 55 (9292800)
I1109 00:59:17.670979 139240 net.cpp:225] Memory required for data: 131300864
I1109 00:59:17.671273 139240 layer_factory.hpp:114] Creating layer pool1
I1109 00:59:17.769793 139240 net.cpp:160] Creating Layer pool1
I1109 00:59:17.770108 139240 net.cpp:596] pool1 <- norm1
I1109 00:59:17.785344 139240 net.cpp:570] pool1 -> pool1
I1109 00:59:18.095650 139240 net.cpp:210] Setting up pool1
I1109 00:59:18.098245 139240 net.cpp:217] Top shape: 32 96 27 27 (2239488)
I1109 00:59:18.098572 139240 net.cpp:225] Memory required for data: 140258816
I1109 00:59:18.098814 139240 layer_factory.hpp:114] Creating layer conv2
I1109 00:59:18.099179 139240 net.cpp:160] Creating Layer conv2
I1109 00:59:18.099496 139240 net.cpp:596] conv2 <- pool1
I1109 00:59:18.099726 139240 net.cpp:570] conv2 -> conv2
I1109 00:59:23.879118 139240 net.cpp:210] Setting up conv2
I1109 00:59:23.879463 139240 net.cpp:217] Top shape: 32 256 27 27 (5971968)
I1109 00:59:23.879855 139240 net.cpp:225] Memory required for data: 164146688
I1109 00:59:23.930843 139240 layer_factory.hpp:114] Creating layer relu2
I1109 00:59:23.931841 139240 net.cpp:160] Creating Layer relu2
I1109 00:59:23.932129 139240 net.cpp:596] relu2 <- conv2
I1109 00:59:23.932369 139240 net.cpp:557] relu2 -> conv2 (in-place)
I1109 00:59:23.932860 139240 net.cpp:210] Setting up relu2
I1109 00:59:23.933146 139240 net.cpp:217] Top shape: 32 256 27 27 (5971968)
I1109 00:59:23.933379 139240 net.cpp:225] Memory required for data: 188034560
I1109 00:59:23.933564 139240 layer_factory.hpp:114] Creating layer norm2
I1109 00:59:23.933835 139240 net.cpp:160] Creating Layer norm2
I1109 00:59:23.934049 139240 net.cpp:596] norm2 <- conv2
I1109 00:59:23.934389 139240 net.cpp:570] norm2 -> norm2
I1109 00:59:23.936406 139240 net.cpp:210] Setting up norm2
I1109 00:59:23.936712 139240 net.cpp:217] Top shape: 32 256 27 27 (5971968)
I1109 00:59:23.937039 139240 net.cpp:225] Memory required for data: 211922432
I1109 00:59:23.937302 139240 layer_factory.hpp:114] Creating layer pool2
I1109 00:59:23.937716 139240 net.cpp:160] Creating Layer pool2
I1109 00:59:23.937932 139240 net.cpp:596] pool2 <- norm2
I1109 00:59:23.938160 139240 net.cpp:570] pool2 -> pool2
I1109 00:59:23.938549 139240 net.cpp:210] Setting up pool2
I1109 00:59:23.938783 139240 net.cpp:217] Top shape: 32 256 13 13 (1384448)
I1109 00:59:23.938999 139240 net.cpp:225] Memory required for data: 217460224
I1109 00:59:23.939191 139240 layer_factory.hpp:114] Creating layer conv3
I1109 00:59:23.939509 139240 net.cpp:160] Creating Layer conv3
I1109 00:59:23.939718 139240 net.cpp:596] conv3 <- pool2
I1109 00:59:23.939985 139240 net.cpp:570] conv3 -> conv3
I1109 00:59:24.389659 139240 net.cpp:210] Setting up conv3
I1109 00:59:24.392030 139240 net.cpp:217] Top shape: 32 384 13 13 (2076672)
I1109 00:59:24.392364 139240 net.cpp:225] Memory required for data: 225766912
I1109 00:59:24.395431 139240 layer_factory.hpp:114] Creating layer relu3
I1109 00:59:24.395823 139240 net.cpp:160] Creating Layer relu3
I1109 00:59:24.396064 139240 net.cpp:596] relu3 <- conv3
I1109 00:59:24.396332 139240 net.cpp:557] relu3 -> conv3 (in-place)
I1109 00:59:24.400527 139240 net.cpp:210] Setting up relu3
I1109 00:59:24.400879 139240 net.cpp:217] Top shape: 32 384 13 13 (2076672)
I1109 00:59:24.401130 139240 net.cpp:225] Memory required for data: 234073600
I1109 00:59:24.401319 139240 layer_factory.hpp:114] Creating layer conv4
I1109 00:59:24.401672 139240 net.cpp:160] Creating Layer conv4
I1109 00:59:24.401922 139240 net.cpp:596] conv4 <- conv3
I1109 00:59:24.402158 139240 net.cpp:570] conv4 -> conv4
I1109 00:59:24.642750 139240 net.cpp:210] Setting up conv4
I1109 00:59:24.643134 139240 net.cpp:217] Top shape: 32 384 13 13 (2076672)
I1109 00:59:24.643527 139240 net.cpp:225] Memory required for data: 242380288
I1109 00:59:24.643863 139240 layer_factory.hpp:114] Creating layer relu4
I1109 00:59:24.644150 139240 net.cpp:160] Creating Layer relu4
I1109 00:59:24.644373 139240 net.cpp:596] relu4 <- conv4
I1109 00:59:24.644599 139240 net.cpp:557] relu4 -> conv4 (in-place)
I1109 00:59:24.656826 139240 net.cpp:210] Setting up relu4
I1109 00:59:24.657183 139240 net.cpp:217] Top shape: 32 384 13 13 (2076672)
I1109 00:59:24.657589 139240 net.cpp:225] Memory required for data: 250686976
I1109 00:59:24.657809 139240 layer_factory.hpp:114] Creating layer conv5
I1109 00:59:24.658185 139240 net.cpp:160] Creating Layer conv5
I1109 00:59:24.658440 139240 net.cpp:596] conv5 <- conv4
I1109 00:59:24.658689 139240 net.cpp:570] conv5 -> conv5
I1109 00:59:24.852258 139240 net.cpp:210] Setting up conv5
I1109 00:59:24.852653 139240 net.cpp:217] Top shape: 32 256 13 13 (1384448)
I1109 00:59:24.853178 139240 net.cpp:225] Memory required for data: 256224768
I1109 00:59:24.858705 139240 layer_factory.hpp:114] Creating layer relu5
I1109 00:59:24.859292 139240 net.cpp:160] Creating Layer relu5
I1109 00:59:24.859737 139240 net.cpp:596] relu5 <- conv5
I1109 00:59:24.860147 139240 net.cpp:557] relu5 -> conv5 (in-place)
I1109 00:59:24.860678 139240 net.cpp:210] Setting up relu5
I1109 00:59:24.861060 139240 net.cpp:217] Top shape: 32 256 13 13 (1384448)
I1109 00:59:24.861367 139240 net.cpp:225] Memory required for data: 261762560
I1109 00:59:24.861616 139240 layer_factory.hpp:114] Creating layer pool5
I1109 00:59:24.861912 139240 net.cpp:160] Creating Layer pool5
I1109 00:59:24.862193 139240 net.cpp:596] pool5 <- conv5
I1109 00:59:24.862453 139240 net.cpp:570] pool5 -> pool5
I1109 00:59:24.862921 139240 net.cpp:210] Setting up pool5
I1109 00:59:24.863198 139240 net.cpp:217] Top shape: 32 256 6 6 (294912)
I1109 00:59:24.863436 139240 net.cpp:225] Memory required for data: 262942208
I1109 00:59:24.863631 139240 layer_factory.hpp:114] Creating layer fc6
I1109 00:59:24.920984 139240 net.cpp:160] Creating Layer fc6
I1109 00:59:24.921303 139240 net.cpp:596] fc6 <- pool5
I1109 00:59:24.921708 139240 net.cpp:570] fc6 -> fc6
I1109 00:59:29.006284 139240 net.cpp:210] Setting up fc6
I1109 00:59:29.008827 139240 net.cpp:217] Top shape: 32 4096 (131072)
I1109 00:59:29.011261 139240 net.cpp:225] Memory required for data: 263466496
I1109 00:59:29.011628 139240 layer_factory.hpp:114] Creating layer relu6
I1109 00:59:29.014827 139240 net.cpp:160] Creating Layer relu6
I1109 00:59:29.015246 139240 net.cpp:596] relu6 <- fc6
I1109 00:59:29.015595 139240 net.cpp:557] relu6 -> fc6 (in-place)
I1109 00:59:29.016137 139240 net.cpp:210] Setting up relu6
I1109 00:59:29.016510 139240 net.cpp:217] Top shape: 32 4096 (131072)
I1109 00:59:29.016932 139240 net.cpp:225] Memory required for data: 263990784
I1109 00:59:29.017156 139240 layer_factory.hpp:114] Creating layer drop6
I1109 00:59:29.038004 139240 net.cpp:160] Creating Layer drop6
I1109 00:59:29.038318 139240 net.cpp:596] drop6 <- fc6
I1109 00:59:29.038733 139240 net.cpp:557] drop6 -> fc6 (in-place)
I1109 00:59:29.144158 139240 net.cpp:210] Setting up drop6
I1109 00:59:29.144454 139240 net.cpp:217] Top shape: 32 4096 (131072)
I1109 00:59:29.144860 139240 net.cpp:225] Memory required for data: 264515072
I1109 00:59:29.145074 139240 layer_factory.hpp:114] Creating layer fc7
I1109 00:59:29.145340 139240 net.cpp:160] Creating Layer fc7
I1109 00:59:29.145551 139240 net.cpp:596] fc7 <- fc6
I1109 00:59:29.145923 139240 net.cpp:570] fc7 -> fc7
I1109 00:59:30.854986 139240 net.cpp:210] Setting up fc7
I1109 00:59:30.855351 139240 net.cpp:217] Top shape: 32 4096 (131072)
I1109 00:59:30.855770 139240 net.cpp:225] Memory required for data: 265039360
I1109 00:59:30.856130 139240 layer_factory.hpp:114] Creating layer relu7
I1109 00:59:30.856454 139240 net.cpp:160] Creating Layer relu7
I1109 00:59:30.856695 139240 net.cpp:596] relu7 <- fc7
I1109 00:59:30.857004 139240 net.cpp:557] relu7 -> fc7 (in-place)
I1109 00:59:30.857458 139240 net.cpp:210] Setting up relu7
I1109 00:59:30.857741 139240 net.cpp:217] Top shape: 32 4096 (131072)
I1109 00:59:30.857980 139240 net.cpp:225] Memory required for data: 265563648
I1109 00:59:30.858173 139240 layer_factory.hpp:114] Creating layer drop7
I1109 00:59:30.858408 139240 net.cpp:160] Creating Layer drop7
I1109 00:59:30.858652 139240 net.cpp:596] drop7 <- fc7
I1109 00:59:30.858906 139240 net.cpp:557] drop7 -> fc7 (in-place)
I1109 00:59:30.859189 139240 net.cpp:210] Setting up drop7
I1109 00:59:30.859426 139240 net.cpp:217] Top shape: 32 4096 (131072)
I1109 00:59:30.859638 139240 net.cpp:225] Memory required for data: 266087936
I1109 00:59:30.859822 139240 layer_factory.hpp:114] Creating layer fc8
I1109 00:59:30.860074 139240 net.cpp:160] Creating Layer fc8
I1109 00:59:30.860273 139240 net.cpp:596] fc8 <- fc7
I1109 00:59:30.860497 139240 net.cpp:570] fc8 -> fc8
I1109 00:59:31.281785 139240 net.cpp:210] Setting up fc8
I1109 00:59:31.282133 139240 net.cpp:217] Top shape: 32 1000 (32000)
I1109 00:59:31.282510 139240 net.cpp:225] Memory required for data: 266215936
I1109 00:59:31.282836 139240 layer_factory.hpp:114] Creating layer loss
I1109 00:59:31.307610 139240 net.cpp:160] Creating Layer loss
I1109 00:59:31.307926 139240 net.cpp:596] loss <- fc8
I1109 00:59:31.308981 139240 net.cpp:596] loss <- label
I1109 00:59:31.336468 139240 net.cpp:570] loss -> loss
I1109 00:59:31.377723 139240 layer_factory.hpp:114] Creating layer loss
I1109 00:59:33.954969 139240 net.cpp:210] Setting up loss
I1109 00:59:34.001924 139240 net.cpp:217] Top shape: (1)
I1109 00:59:34.011360 139240 net.cpp:220]     with loss weight 1
I1109 00:59:34.142664 139240 net.cpp:225] Memory required for data: 266215940
I1109 00:59:34.185200 139240 net.cpp:287] loss needs backward computation.
I1109 00:59:34.272547 139240 net.cpp:287] fc8 needs backward computation.
I1109 00:59:34.279893 139240 net.cpp:287] drop7 needs backward computation.
I1109 00:59:34.290879 139240 net.cpp:287] relu7 needs backward computation.
I1109 00:59:34.291196 139240 net.cpp:287] fc7 needs backward computation.
I1109 00:59:34.293674 139240 net.cpp:287] drop6 needs backward computation.
I1109 00:59:34.293972 139240 net.cpp:287] relu6 needs backward computation.
I1109 00:59:34.294198 139240 net.cpp:287] fc6 needs backward computation.
I1109 00:59:34.295020 139240 net.cpp:287] pool5 needs backward computation.
I1109 00:59:34.295807 139240 net.cpp:287] relu5 needs backward computation.
I1109 00:59:34.296084 139240 net.cpp:287] conv5 needs backward computation.
I1109 00:59:34.296281 139240 net.cpp:287] relu4 needs backward computation.
I1109 00:59:34.296466 139240 net.cpp:287] conv4 needs backward computation.
I1109 00:59:34.296649 139240 net.cpp:287] relu3 needs backward computation.
I1109 00:59:34.296881 139240 net.cpp:287] conv3 needs backward computation.
I1109 00:59:34.309134 139240 net.cpp:287] pool2 needs backward computation.
I1109 00:59:34.309486 139240 net.cpp:287] norm2 needs backward computation.
I1109 00:59:34.309851 139240 net.cpp:287] relu2 needs backward computation.
I1109 00:59:34.310081 139240 net.cpp:287] conv2 needs backward computation.
I1109 00:59:34.310268 139240 net.cpp:287] pool1 needs backward computation.
I1109 00:59:34.310452 139240 net.cpp:287] norm1 needs backward computation.
I1109 00:59:34.310633 139240 net.cpp:287] relu1 needs backward computation.
I1109 00:59:34.310809 139240 net.cpp:287] conv1 needs backward computation.
I1109 00:59:34.323338 139240 net.cpp:289] data does not need backward computation.
I1109 00:59:34.348345 139240 net.cpp:331] This network produces output loss
I1109 00:59:34.420963 139240 net.cpp:345] Network initialization done.
I1109 00:59:34.588553 139240 caffe.cpp:452] Performing Forward
I1109 00:59:47.685071 139240 caffe.cpp:457] Initial loss: 7.05841
I1109 00:59:47.756585 139240 caffe.cpp:459] Performing Backward
I1109 00:59:52.336930 139240 caffe.cpp:468] *** Benchmark begins ***
I1109 00:59:52.349798 139240 caffe.cpp:469] Testing for 1 iterations.
I1109 00:59:52.491405 139240 caffe.cpp:482] Profiling Layer: drop7 forward
I1109 00:59:54.539724 139240 caffe.cpp:512] Iteration: 1 forward-backward time: 2044 ms.
I1109 00:59:54.704881 139240 caffe.cpp:519] Average time per layer: 
I1109 00:59:54.725529 139240 caffe.cpp:522]       data	forward: 547.245 ms.
I1109 00:59:54.794069 139240 caffe.cpp:526]       data	backward: 4.892 ms.
I1109 00:59:54.820657 139240 caffe.cpp:522]      conv1	forward: 123.788 ms.
I1109 00:59:54.824858 139240 caffe.cpp:526]      conv1	backward: 46.087 ms.
I1109 00:59:54.825959 139240 caffe.cpp:522]      relu1	forward: 22.692 ms.
I1109 00:59:54.826210 139240 caffe.cpp:526]      relu1	backward: 18.579 ms.
I1109 00:59:54.826418 139240 caffe.cpp:522]      norm1	forward: 15.944 ms.
I1109 00:59:54.826623 139240 caffe.cpp:526]      norm1	backward: 23.651 ms.
I1109 00:59:54.826828 139240 caffe.cpp:522]      pool1	forward: 18.166 ms.
I1109 00:59:54.827030 139240 caffe.cpp:526]      pool1	backward: 79.646 ms.
I1109 00:59:54.827725 139240 caffe.cpp:522]      conv2	forward: 64.248 ms.
I1109 00:59:54.827993 139240 caffe.cpp:526]      conv2	backward: 75.194 ms.
I1109 00:59:54.828203 139240 caffe.cpp:522]      relu2	forward: 15.856 ms.
I1109 00:59:54.828408 139240 caffe.cpp:526]      relu2	backward: 12.923 ms.
I1109 00:59:54.828610 139240 caffe.cpp:522]      norm2	forward: 22.276 ms.
I1109 00:59:54.828872 139240 caffe.cpp:526]      norm2	backward: 13.236 ms.
I1109 00:59:54.829066 139240 caffe.cpp:522]      pool2	forward: 12.912 ms.
I1109 00:59:54.829257 139240 caffe.cpp:526]      pool2	backward: 71.657 ms.
I1109 00:59:54.829447 139240 caffe.cpp:522]      conv3	forward: 32.002 ms.
I1109 00:59:54.829635 139240 caffe.cpp:526]      conv3	backward: 51.817 ms.
I1109 00:59:54.829825 139240 caffe.cpp:522]      relu3	forward: 17.752 ms.
I1109 00:59:54.830015 139240 caffe.cpp:526]      relu3	backward: 0.735 ms.
I1109 00:59:54.830220 139240 caffe.cpp:522]      conv4	forward: 34.348 ms.
I1109 00:59:54.830452 139240 caffe.cpp:526]      conv4	backward: 27.882 ms.
I1109 00:59:54.830667 139240 caffe.cpp:522]      relu4	forward: 18.33 ms.
I1109 00:59:54.830965 139240 caffe.cpp:526]      relu4	backward: 7.284 ms.
I1109 00:59:54.831223 139240 caffe.cpp:522]      conv5	forward: 32.201 ms.
I1109 00:59:54.831513 139240 caffe.cpp:526]      conv5	backward: 18.955 ms.
I1109 00:59:54.831703 139240 caffe.cpp:522]      relu5	forward: 20.243 ms.
I1109 00:59:54.831892 139240 caffe.cpp:526]      relu5	backward: 0.223 ms.
I1109 00:59:54.832080 139240 caffe.cpp:522]      pool5	forward: 17.465 ms.
I1109 00:59:54.832270 139240 caffe.cpp:526]      pool5	backward: 9.067 ms.
I1109 00:59:54.833096 139240 caffe.cpp:522]        fc6	forward: 39.689 ms.
I1109 00:59:54.833360 139240 caffe.cpp:526]        fc6	backward: 31.385 ms.
I1109 00:59:54.833567 139240 caffe.cpp:522]      relu6	forward: 18.46 ms.
I1109 00:59:54.833871 139240 caffe.cpp:526]      relu6	backward: 0.081 ms.
I1109 00:59:54.836346 139240 caffe.cpp:522]      drop6	forward: 31.366 ms.
I1109 00:59:54.836673 139240 caffe.cpp:526]      drop6	backward: 0.088 ms.
I1109 00:59:54.837039 139240 caffe.cpp:522]        fc7	forward: 11.365 ms.
I1109 00:59:54.837239 139240 caffe.cpp:526]        fc7	backward: 38.036 ms.
I1109 00:59:54.837432 139240 caffe.cpp:522]      relu7	forward: 18.328 ms.
I1109 00:59:54.837622 139240 caffe.cpp:526]      relu7	backward: 0.085 ms.
I1109 00:59:54.837810 139240 caffe.cpp:522]      drop7	forward: 38.034 ms.
I1109 00:59:54.838001 139240 caffe.cpp:526]      drop7	backward: 0.11 ms.
I1109 00:59:54.838752 139240 caffe.cpp:522]        fc8	forward: 24.82 ms.
I1109 00:59:54.838976 139240 caffe.cpp:526]        fc8	backward: 101.666 ms.
I1109 00:59:54.839171 139240 caffe.cpp:522]       loss	forward: 49.491 ms.
I1109 00:59:54.839397 139240 caffe.cpp:526]       loss	backward: 71.249 ms.
I1109 00:59:54.844893 139240 caffe.cpp:532] Average Forward pass: 1301.9 ms.
I1109 00:59:54.858134 139240 caffe.cpp:535] Average Backward pass: 713.351 ms.
I1109 00:59:54.868866 139240 caffe.cpp:537] Average Forward-Backward: 2452 ms.
I1109 00:59:54.883435 139240 caffe.cpp:540] Total Time: 2452 ms.
I1109 00:59:54.895689 139240 caffe.cpp:541] *** Benchmark ends ***
Search stanza is "EMIT_GLOBAL_DYNAMIC_STATS"
elements_fp_single_1 = 3
elements_fp_single_4 = 0
elements_fp_single_8 = 0
elements_fp_single_16 = 16384
elements_fp_double_1 = 33
elements_fp_double_2 = 196832
elements_fp_double_4 = 0
elements_fp_double_8 = 0
--->Total single-precision FLOPs = 262147
--->Total double-precision FLOPs = 393697
--->Total FLOPs = 655844
mem-read-1 = 40142
mem-read-2 = 71
mem-read-4 = 339896
mem-read-8 = 450759
mem-read-16 = 655376
mem-read-32 = 0
mem-read-64 = 24592
mem-write-1 = 138
mem-write-2 = 50
mem-write-4 = 1917
mem-write-8 = 111346
mem-write-16 = 32
mem-write-32 = 0
mem-write-64 = 16384
--->Total Bytes read = 17065844
--->Total Bytes written = 1947762
--->Total Bytes = 19013606
