sde64 -knl -d -iform 1 -omix sde_knl/knl_sde_layer0_dir0.out.mix -global_region -start_ssc_mark 111:repeat -stop_ssc_mark 222:repeat -- /project/projectdirs/mpccc/tmalas/intelcaffe/install_carl/bin/caffe time -model=src/models/mkl2017_alexnet/train_val.prototxt -iterations=1 -prof_layer=0 -prof_forward_direction=0
I1109 01:28:33.834050 141011 caffe.cpp:444] Use CPU.
I1109 01:28:50.906008 141011 cpu_info.cpp:452] Processor speed [MHz]: 1400
I1109 01:28:50.962020 141011 cpu_info.cpp:455] Total number of sockets: 1
I1109 01:28:50.973642 141011 cpu_info.cpp:458] Total number of CPU cores: 68
I1109 01:28:50.986044 141011 cpu_info.cpp:461] Total number of processors: 272
I1109 01:28:50.997225 141011 cpu_info.cpp:464] GPU is used: no
I1109 01:28:51.007694 141011 cpu_info.cpp:467] OpenMP environmental variables are specified: yes
I1109 01:28:51.019614 141011 cpu_info.cpp:470] OpenMP thread bind allowed: no
I1109 01:28:51.030889 141011 cpu_info.cpp:473] Number of OpenMP threads: 16
I1109 01:28:59.809362 141011 net.cpp:484] The NetState phase (0) differed from the phase (1) specified by a rule in layer data
I1109 01:28:59.842469 141011 net.cpp:484] The NetState phase (0) differed from the phase (1) specified by a rule in layer accuracy
I1109 01:29:00.482465 141011 net.cpp:120] Initializing net from parameters: 
name: "AlexNet"
state {
  phase: TRAIN
  level: 0
  stage: ""
}
layer {
  name: "data"
  type: "DummyData"
  top: "data"
  top: "label"
  include {
    phase: TRAIN
  }
  dummy_data_param {
    data_filler {
      type: "gaussian"
      std: 1
    }
    data_filler {
      type: "constant"
      value: 0
    }
    shape {
      dim: 32
      dim: 3
      dim: 227
      dim: 227
    }
    shape {
      dim: 32
      dim: 1
      dim: 1
      dim: 1
    }
  }
}
layer {
  name: "conv1"
  type: "Convolution"
  bottom: "data"
  top: "conv1"
  param {
    lr_mult: 1
    decay_mult: 1
  }
  param {
    lr_mult: 2
    decay_mult: 0
  }
  convolution_param {
    num_output: 96
    kernel_size: 11
    stride: 4
    weight_filler {
      type: "gaussian"
      std: 0.01
    }
    bias_filler {
      type: "constant"
      value: 0
    }
    engine: MKL2017
  }
}
layer {
  name: "relu1"
  type: "ReLU"
  bottom: "conv1"
  top: "conv1"
  relu_param {
    engine: MKL2017
  }
}
layer {
  name: "norm1"
  type: "LRN"
  bottom: "conv1"
  top: "norm1"
  lrn_param {
    local_size: 5
    alpha: 0.0001
    beta: 0.75
    engine: MKL2017
  }
}
layer {
  name: "pool1"
  type: "Pooling"
  bottom: "norm1"
  top: "pool1"
  pooling_param {
    pool: MAX
    kernel_size: 3
    stride: 2
    engine: MKL2017
  }
}
layer {
  name: "conv2"
  type: "Convolution"
  bottom: "pool1"
  top: "conv2"
  param {
    lr_mult: 1
    decay_mult: 1
  }
  param {
    lr_mult: 2
    decay_mult: 0
  }
  convolution_param {
    num_output: 256
    pad: 2
    kernel_size: 5
    group: 2
    weight_filler {
      type: "gaussian"
      std: 0.01
    }
    bias_filler {
      type: "constant"
      value: 0.1
    }
    engine: MKL2017
  }
}
layer {
  name: "relu2"
  type: "ReLU"
  bottom: "conv2"
  top: "conv2"
  relu_param {
    engine: MKL2017
  }
}
layer {
  name: "norm2"
  type: "LRN"
  bottom: "conv2"
  top: "norm2"
  lrn_param {
    local_size: 5
    alpha: 0.0001
    beta: 0.75
    engine: MKL2017
  }
}
layer {
  name: "pool2"
  type: "Pooling"
  bottom: "norm2"
  top: "pool2"
  pooling_param {
    pool: MAX
    kernel_size: 3
    stride: 2
    engine: MKL2017
  }
}
layer {
  name: "conv3"
  type: "Convolution"
  bottom: "pool2"
  top: "conv3"
  param {
    lr_mult: 1
    decay_mult: 1
  }
  param {
    lr_mult: 2
    decay_mult: 0
  }
  convolution_param {
    num_output: 384
    pad: 1
    kernel_size: 3
    weight_filler {
      type: "gaussian"
      std: 0.01
    }
    bias_filler {
      type: "constant"
      value: 0
    }
    engine: MKL2017
  }
}
layer {
  name: "relu3"
  type: "ReLU"
  bottom: "conv3"
  top: "conv3"
  relu_param {
    engine: MKL2017
  }
}
layer {
  name: "conv4"
  type: "Convolution"
  bottom: "conv3"
  top: "conv4"
  param {
    lr_mult: 1
    decay_mult: 1
  }
  param {
    lr_mult: 2
    decay_mult: 0
  }
  convolution_param {
    num_output: 384
    pad: 1
    kernel_size: 3
    group: 2
    weight_filler {
      type: "gaussian"
      std: 0.01
    }
    bias_filler {
      type: "constant"
      value: 0.1
    }
    engine: MKL2017
  }
}
layer {
  name: "relu4"
  type: "ReLU"
  bottom: "conv4"
  top: "conv4"
  relu_param {
    engine: MKL2017
  }
}
layer {
  name: "conv5"
  type: "Convolution"
  bottom: "conv4"
  top: "conv5"
  param {
    lr_mult: 1
    decay_mult: 1
  }
  param {
    lr_mult: 2
    decay_mult: 0
  }
  convolution_param {
    num_output: 256
    pad: 1
    kernel_size: 3
    group: 2
    weight_filler {
      type: "gaussian"
      std: 0.01
    }
    bias_filler {
      type: "constant"
      value: 0.1
    }
    engine: MKL2017
  }
}
layer {
  name: "relu5"
  type: "ReLU"
  bottom: "conv5"
  top: "conv5"
  relu_param {
    engine: MKL2017
  }
}
layer {
  name: "pool5"
  type: "Pooling"
  bottom: "conv5"
  top: "pool5"
  pooling_param {
    pool: MAX
    kernel_size: 3
    stride: 2
    engine: MKL2017
  }
}
layer {
  name: "fc6"
  type: "InnerProduct"
  bottom: "pool5"
  top: "fc6"
  param {
    lr_mult: 1
    decay_mult: 1
  }
  param {
    lr_mult: 2
    decay_mult: 0
  }
  inner_product_param {
    num_output: 4096
    weight_filler {
      type: "gaussian"
      std: 0.005
    }
    bias_filler {
      type: "constant"
      value: 0.1
    }
  }
}
layer {
  name: "relu6"
  type: "ReLU"
  bottom: "fc6"
  top: "fc6"
}
layer {
  name: "drop6"
  type: "Dropout"
  bottom: "fc6"
  top: "fc6"
  dropout_param {
    dropout_ratio: 0.5
  }
}
layer {
  name: "fc7"
  type: "InnerProduct"
  bottom: "fc6"
  top: "fc7"
  param {
    lr_mult: 1
    decay_mult: 1
  }
  param {
    lr_mult: 2
    decay_mult: 0
  }
  inner_product_param {
    num_output: 4096
    weight_filler {
      type: "gaussian"
      std: 0.005
    }
    bias_filler {
      type: "constant"
      value: 0.1
    }
  }
}
layer {
  name: "relu7"
  type: "ReLU"
  bottom: "fc7"
  top: "fc7"
}
layer {
  name: "drop7"
  type: "Dropout"
  bottom: "fc7"
  top: "fc7"
  dropout_param {
    dropout_ratio: 0.5
  }
}
layer {
  name: "fc8"
  type: "InnerProduct"
  bottom: "fc7"
  top: "fc8"
  param {
    lr_mult: 1
    decay_mult: 1
  }
  param {
    lr_mult: 2
    decay_mult: 0
  }
  inner_product_param {
    num_output: 1000
    weight_filler {
      type: "gaussian"
      std: 0.01
    }
    bias_filler {
      type: "constant"
      value: 0
    }
  }
}
layer {
  name: "loss"
  type: "SoftmaxWithLoss"
  bottom: "fc8"
  bottom: "label"
  top: "loss"
}
I1109 01:29:02.938961 141011 layer_factory.hpp:114] Creating layer data
I1109 01:29:03.087328 141011 net.cpp:160] Creating Layer data
I1109 01:29:03.135694 141011 net.cpp:570] data -> data
I1109 01:29:03.609202 141011 net.cpp:570] data -> label
I1109 01:29:10.654505 141011 net.cpp:210] Setting up data
I1109 01:29:10.732995 141011 net.cpp:217] Top shape: 32 3 227 227 (4946784)
I1109 01:29:10.840477 141011 net.cpp:217] Top shape: 32 1 1 1 (32)
I1109 01:29:10.847816 141011 net.cpp:225] Memory required for data: 19787264
I1109 01:29:10.915567 141011 layer_factory.hpp:114] Creating layer conv1
I1109 01:29:11.241705 141011 net.cpp:160] Creating Layer conv1
I1109 01:29:11.291889 141011 net.cpp:596] conv1 <- data
I1109 01:29:11.411635 141011 net.cpp:570] conv1 -> conv1
I1109 01:29:44.594503 141011 net.cpp:210] Setting up conv1
I1109 01:29:44.602617 141011 net.cpp:217] Top shape: 32 96 55 55 (9292800)
I1109 01:29:44.603054 141011 net.cpp:225] Memory required for data: 56958464
I1109 01:29:44.900087 141011 layer_factory.hpp:114] Creating layer relu1
I1109 01:29:45.022022 141011 net.cpp:160] Creating Layer relu1
I1109 01:29:45.026617 141011 net.cpp:596] relu1 <- conv1
I1109 01:29:45.059006 141011 net.cpp:557] relu1 -> conv1 (in-place)
I1109 01:29:45.246822 141011 net.cpp:210] Setting up relu1
I1109 01:29:45.249179 141011 net.cpp:217] Top shape: 32 96 55 55 (9292800)
I1109 01:29:45.249512 141011 net.cpp:225] Memory required for data: 94129664
I1109 01:29:45.249709 141011 layer_factory.hpp:114] Creating layer norm1
I1109 01:29:45.353747 141011 net.cpp:160] Creating Layer norm1
I1109 01:29:45.354071 141011 net.cpp:596] norm1 <- conv1
I1109 01:29:45.356431 141011 net.cpp:570] norm1 -> norm1
I1109 01:29:45.577953 141011 net.cpp:210] Setting up norm1
I1109 01:29:45.590360 141011 net.cpp:217] Top shape: 32 96 55 55 (9292800)
I1109 01:29:45.590745 141011 net.cpp:225] Memory required for data: 131300864
I1109 01:29:45.590952 141011 layer_factory.hpp:114] Creating layer pool1
I1109 01:29:45.682909 141011 net.cpp:160] Creating Layer pool1
I1109 01:29:45.683219 141011 net.cpp:596] pool1 <- norm1
I1109 01:29:45.698009 141011 net.cpp:570] pool1 -> pool1
I1109 01:29:46.015720 141011 net.cpp:210] Setting up pool1
I1109 01:29:46.018177 141011 net.cpp:217] Top shape: 32 96 27 27 (2239488)
I1109 01:29:46.018492 141011 net.cpp:225] Memory required for data: 140258816
I1109 01:29:46.018700 141011 layer_factory.hpp:114] Creating layer conv2
I1109 01:29:46.019085 141011 net.cpp:160] Creating Layer conv2
I1109 01:29:46.019306 141011 net.cpp:596] conv2 <- pool1
I1109 01:29:46.019547 141011 net.cpp:570] conv2 -> conv2
I1109 01:29:51.781090 141011 net.cpp:210] Setting up conv2
I1109 01:29:51.781424 141011 net.cpp:217] Top shape: 32 256 27 27 (5971968)
I1109 01:29:51.781821 141011 net.cpp:225] Memory required for data: 164146688
I1109 01:29:51.831754 141011 layer_factory.hpp:114] Creating layer relu2
I1109 01:29:51.832170 141011 net.cpp:160] Creating Layer relu2
I1109 01:29:51.832530 141011 net.cpp:596] relu2 <- conv2
I1109 01:29:51.832819 141011 net.cpp:557] relu2 -> conv2 (in-place)
I1109 01:29:51.833276 141011 net.cpp:210] Setting up relu2
I1109 01:29:51.833539 141011 net.cpp:217] Top shape: 32 256 27 27 (5971968)
I1109 01:29:51.833765 141011 net.cpp:225] Memory required for data: 188034560
I1109 01:29:51.833948 141011 layer_factory.hpp:114] Creating layer norm2
I1109 01:29:51.834187 141011 net.cpp:160] Creating Layer norm2
I1109 01:29:51.834378 141011 net.cpp:596] norm2 <- conv2
I1109 01:29:51.834601 141011 net.cpp:570] norm2 -> norm2
I1109 01:29:51.836691 141011 net.cpp:210] Setting up norm2
I1109 01:29:51.837049 141011 net.cpp:217] Top shape: 32 256 27 27 (5971968)
I1109 01:29:51.837280 141011 net.cpp:225] Memory required for data: 211922432
I1109 01:29:51.837465 141011 layer_factory.hpp:114] Creating layer pool2
I1109 01:29:51.838276 141011 net.cpp:160] Creating Layer pool2
I1109 01:29:51.838598 141011 net.cpp:596] pool2 <- norm2
I1109 01:29:51.838955 141011 net.cpp:570] pool2 -> pool2
I1109 01:29:51.839459 141011 net.cpp:210] Setting up pool2
I1109 01:29:51.839699 141011 net.cpp:217] Top shape: 32 256 13 13 (1384448)
I1109 01:29:51.839915 141011 net.cpp:225] Memory required for data: 217460224
I1109 01:29:51.840108 141011 layer_factory.hpp:114] Creating layer conv3
I1109 01:29:51.840433 141011 net.cpp:160] Creating Layer conv3
I1109 01:29:51.840646 141011 net.cpp:596] conv3 <- pool2
I1109 01:29:51.840932 141011 net.cpp:570] conv3 -> conv3
I1109 01:29:52.293092 141011 net.cpp:210] Setting up conv3
I1109 01:29:52.295454 141011 net.cpp:217] Top shape: 32 384 13 13 (2076672)
I1109 01:29:52.295806 141011 net.cpp:225] Memory required for data: 225766912
I1109 01:29:52.298933 141011 layer_factory.hpp:114] Creating layer relu3
I1109 01:29:52.299337 141011 net.cpp:160] Creating Layer relu3
I1109 01:29:52.299597 141011 net.cpp:596] relu3 <- conv3
I1109 01:29:52.299876 141011 net.cpp:557] relu3 -> conv3 (in-place)
I1109 01:29:52.303921 141011 net.cpp:210] Setting up relu3
I1109 01:29:52.304229 141011 net.cpp:217] Top shape: 32 384 13 13 (2076672)
I1109 01:29:52.304477 141011 net.cpp:225] Memory required for data: 234073600
I1109 01:29:52.304669 141011 layer_factory.hpp:114] Creating layer conv4
I1109 01:29:52.305097 141011 net.cpp:160] Creating Layer conv4
I1109 01:29:52.305419 141011 net.cpp:596] conv4 <- conv3
I1109 01:29:52.305692 141011 net.cpp:570] conv4 -> conv4
I1109 01:29:52.547852 141011 net.cpp:210] Setting up conv4
I1109 01:29:52.548274 141011 net.cpp:217] Top shape: 32 384 13 13 (2076672)
I1109 01:29:52.548666 141011 net.cpp:225] Memory required for data: 242380288
I1109 01:29:52.549055 141011 layer_factory.hpp:114] Creating layer relu4
I1109 01:29:52.549358 141011 net.cpp:160] Creating Layer relu4
I1109 01:29:52.549584 141011 net.cpp:596] relu4 <- conv4
I1109 01:29:52.549819 141011 net.cpp:557] relu4 -> conv4 (in-place)
I1109 01:29:52.562150 141011 net.cpp:210] Setting up relu4
I1109 01:29:52.562495 141011 net.cpp:217] Top shape: 32 384 13 13 (2076672)
I1109 01:29:52.562898 141011 net.cpp:225] Memory required for data: 250686976
I1109 01:29:52.563112 141011 layer_factory.hpp:114] Creating layer conv5
I1109 01:29:52.563480 141011 net.cpp:160] Creating Layer conv5
I1109 01:29:52.563725 141011 net.cpp:596] conv5 <- conv4
I1109 01:29:52.563968 141011 net.cpp:570] conv5 -> conv5
I1109 01:29:52.732295 141011 net.cpp:210] Setting up conv5
I1109 01:29:52.732693 141011 net.cpp:217] Top shape: 32 256 13 13 (1384448)
I1109 01:29:52.733173 141011 net.cpp:225] Memory required for data: 256224768
I1109 01:29:52.737952 141011 layer_factory.hpp:114] Creating layer relu5
I1109 01:29:52.738395 141011 net.cpp:160] Creating Layer relu5
I1109 01:29:52.738662 141011 net.cpp:596] relu5 <- conv5
I1109 01:29:52.738943 141011 net.cpp:557] relu5 -> conv5 (in-place)
I1109 01:29:52.739436 141011 net.cpp:210] Setting up relu5
I1109 01:29:52.739722 141011 net.cpp:217] Top shape: 32 256 13 13 (1384448)
I1109 01:29:52.739966 141011 net.cpp:225] Memory required for data: 261762560
I1109 01:29:52.740175 141011 layer_factory.hpp:114] Creating layer pool5
I1109 01:29:52.740435 141011 net.cpp:160] Creating Layer pool5
I1109 01:29:52.740651 141011 net.cpp:596] pool5 <- conv5
I1109 01:29:52.740922 141011 net.cpp:570] pool5 -> pool5
I1109 01:29:52.741392 141011 net.cpp:210] Setting up pool5
I1109 01:29:52.741717 141011 net.cpp:217] Top shape: 32 256 6 6 (294912)
I1109 01:29:52.742012 141011 net.cpp:225] Memory required for data: 262942208
I1109 01:29:52.742228 141011 layer_factory.hpp:114] Creating layer fc6
I1109 01:29:52.796442 141011 net.cpp:160] Creating Layer fc6
I1109 01:29:52.796743 141011 net.cpp:596] fc6 <- pool5
I1109 01:29:52.797158 141011 net.cpp:570] fc6 -> fc6
I1109 01:29:56.933096 141011 net.cpp:210] Setting up fc6
I1109 01:29:56.933393 141011 net.cpp:217] Top shape: 32 4096 (131072)
I1109 01:29:56.935442 141011 net.cpp:225] Memory required for data: 263466496
I1109 01:29:56.935742 141011 layer_factory.hpp:114] Creating layer relu6
I1109 01:29:56.938315 141011 net.cpp:160] Creating Layer relu6
I1109 01:29:56.938606 141011 net.cpp:596] relu6 <- fc6
I1109 01:29:56.938825 141011 net.cpp:557] relu6 -> fc6 (in-place)
I1109 01:29:56.939239 141011 net.cpp:210] Setting up relu6
I1109 01:29:56.939483 141011 net.cpp:217] Top shape: 32 4096 (131072)
I1109 01:29:56.939702 141011 net.cpp:225] Memory required for data: 263990784
I1109 01:29:56.939919 141011 layer_factory.hpp:114] Creating layer drop6
I1109 01:29:56.960105 141011 net.cpp:160] Creating Layer drop6
I1109 01:29:56.960400 141011 net.cpp:596] drop6 <- fc6
I1109 01:29:56.960759 141011 net.cpp:557] drop6 -> fc6 (in-place)
I1109 01:29:57.063621 141011 net.cpp:210] Setting up drop6
I1109 01:29:57.063910 141011 net.cpp:217] Top shape: 32 4096 (131072)
I1109 01:29:57.064239 141011 net.cpp:225] Memory required for data: 264515072
I1109 01:29:57.064479 141011 layer_factory.hpp:114] Creating layer fc7
I1109 01:29:57.064746 141011 net.cpp:160] Creating Layer fc7
I1109 01:29:57.065002 141011 net.cpp:596] fc7 <- fc6
I1109 01:29:57.065385 141011 net.cpp:570] fc7 -> fc7
I1109 01:29:58.777618 141011 net.cpp:210] Setting up fc7
I1109 01:29:58.777978 141011 net.cpp:217] Top shape: 32 4096 (131072)
I1109 01:29:58.778389 141011 net.cpp:225] Memory required for data: 265039360
I1109 01:29:58.778753 141011 layer_factory.hpp:114] Creating layer relu7
I1109 01:29:58.779084 141011 net.cpp:160] Creating Layer relu7
I1109 01:29:58.779335 141011 net.cpp:596] relu7 <- fc7
I1109 01:29:58.779587 141011 net.cpp:557] relu7 -> fc7 (in-place)
I1109 01:29:58.780035 141011 net.cpp:210] Setting up relu7
I1109 01:29:58.780319 141011 net.cpp:217] Top shape: 32 4096 (131072)
I1109 01:29:58.780597 141011 net.cpp:225] Memory required for data: 265563648
I1109 01:29:58.780850 141011 layer_factory.hpp:114] Creating layer drop7
I1109 01:29:58.781122 141011 net.cpp:160] Creating Layer drop7
I1109 01:29:58.781396 141011 net.cpp:596] drop7 <- fc7
I1109 01:29:58.781672 141011 net.cpp:557] drop7 -> fc7 (in-place)
I1109 01:29:58.781946 141011 net.cpp:210] Setting up drop7
I1109 01:29:58.782146 141011 net.cpp:217] Top shape: 32 4096 (131072)
I1109 01:29:58.782363 141011 net.cpp:225] Memory required for data: 266087936
I1109 01:29:58.782547 141011 layer_factory.hpp:114] Creating layer fc8
I1109 01:29:58.782799 141011 net.cpp:160] Creating Layer fc8
I1109 01:29:58.782997 141011 net.cpp:596] fc8 <- fc7
I1109 01:29:58.783224 141011 net.cpp:570] fc8 -> fc8
I1109 01:29:59.204943 141011 net.cpp:210] Setting up fc8
I1109 01:29:59.205293 141011 net.cpp:217] Top shape: 32 1000 (32000)
I1109 01:29:59.205726 141011 net.cpp:225] Memory required for data: 266215936
I1109 01:29:59.206022 141011 layer_factory.hpp:114] Creating layer loss
I1109 01:29:59.230689 141011 net.cpp:160] Creating Layer loss
I1109 01:29:59.230996 141011 net.cpp:596] loss <- fc8
I1109 01:29:59.231921 141011 net.cpp:596] loss <- label
I1109 01:29:59.259536 141011 net.cpp:570] loss -> loss
I1109 01:29:59.297499 141011 layer_factory.hpp:114] Creating layer loss
I1109 01:30:01.911687 141011 net.cpp:210] Setting up loss
I1109 01:30:01.965890 141011 net.cpp:217] Top shape: (1)
I1109 01:30:01.973817 141011 net.cpp:220]     with loss weight 1
I1109 01:30:02.123476 141011 net.cpp:225] Memory required for data: 266215940
I1109 01:30:02.162163 141011 net.cpp:287] loss needs backward computation.
I1109 01:30:02.248483 141011 net.cpp:287] fc8 needs backward computation.
I1109 01:30:02.255733 141011 net.cpp:287] drop7 needs backward computation.
I1109 01:30:02.266734 141011 net.cpp:287] relu7 needs backward computation.
I1109 01:30:02.267053 141011 net.cpp:287] fc7 needs backward computation.
I1109 01:30:02.269500 141011 net.cpp:287] drop6 needs backward computation.
I1109 01:30:02.269842 141011 net.cpp:287] relu6 needs backward computation.
I1109 01:30:02.270107 141011 net.cpp:287] fc6 needs backward computation.
I1109 01:30:02.270933 141011 net.cpp:287] pool5 needs backward computation.
I1109 01:30:02.271659 141011 net.cpp:287] relu5 needs backward computation.
I1109 01:30:02.271917 141011 net.cpp:287] conv5 needs backward computation.
I1109 01:30:02.272114 141011 net.cpp:287] relu4 needs backward computation.
I1109 01:30:02.272302 141011 net.cpp:287] conv4 needs backward computation.
I1109 01:30:02.272488 141011 net.cpp:287] relu3 needs backward computation.
I1109 01:30:02.272668 141011 net.cpp:287] conv3 needs backward computation.
I1109 01:30:02.284662 141011 net.cpp:287] pool2 needs backward computation.
I1109 01:30:02.285058 141011 net.cpp:287] norm2 needs backward computation.
I1109 01:30:02.285369 141011 net.cpp:287] relu2 needs backward computation.
I1109 01:30:02.285607 141011 net.cpp:287] conv2 needs backward computation.
I1109 01:30:02.285794 141011 net.cpp:287] pool1 needs backward computation.
I1109 01:30:02.285972 141011 net.cpp:287] norm1 needs backward computation.
I1109 01:30:02.286151 141011 net.cpp:287] relu1 needs backward computation.
I1109 01:30:02.286326 141011 net.cpp:287] conv1 needs backward computation.
I1109 01:30:02.298694 141011 net.cpp:289] data does not need backward computation.
I1109 01:30:02.324002 141011 net.cpp:331] This network produces output loss
I1109 01:30:02.395680 141011 net.cpp:345] Network initialization done.
I1109 01:30:02.563283 141011 caffe.cpp:452] Performing Forward
I1109 01:30:15.819241 141011 caffe.cpp:457] Initial loss: 6.9843
I1109 01:30:15.867396 141011 caffe.cpp:459] Performing Backward
I1109 01:30:20.489151 141011 caffe.cpp:468] *** Benchmark begins ***
I1109 01:30:20.500548 141011 caffe.cpp:469] Testing for 1 iterations.
I1109 01:30:20.645560 141011 caffe.cpp:485] Profiling Layer: data backward
I1109 01:30:22.828111 141011 caffe.cpp:512] Iteration: 1 forward-backward time: 2182 ms.
I1109 01:30:22.985896 141011 caffe.cpp:519] Average time per layer: 
I1109 01:30:23.000746 141011 caffe.cpp:522]       data	forward: 549.173 ms.
I1109 01:30:23.073787 141011 caffe.cpp:526]       data	backward: 19.009 ms.
I1109 01:30:23.102634 141011 caffe.cpp:522]      conv1	forward: 109.966 ms.
I1109 01:30:23.115931 141011 caffe.cpp:526]      conv1	backward: 43.145 ms.
I1109 01:30:23.124016 141011 caffe.cpp:522]      relu1	forward: 1.299 ms.
I1109 01:30:23.131780 141011 caffe.cpp:526]      relu1	backward: 17.438 ms.
I1109 01:30:23.141309 141011 caffe.cpp:522]      norm1	forward: 6.965 ms.
I1109 01:30:23.147241 141011 caffe.cpp:526]      norm1	backward: 14.066 ms.
I1109 01:30:23.153381 141011 caffe.cpp:522]      pool1	forward: 3.593 ms.
I1109 01:30:23.155647 141011 caffe.cpp:526]      pool1	backward: 89.35 ms.
I1109 01:30:23.168161 141011 caffe.cpp:522]      conv2	forward: 40.561 ms.
I1109 01:30:23.176241 141011 caffe.cpp:526]      conv2	backward: 78.578 ms.
I1109 01:30:23.183477 141011 caffe.cpp:522]      relu2	forward: 0.52 ms.
I1109 01:30:23.190402 141011 caffe.cpp:526]      relu2	backward: 15.154 ms.
I1109 01:30:23.191676 141011 caffe.cpp:522]      norm2	forward: 3.306 ms.
I1109 01:30:23.191933 141011 caffe.cpp:526]      norm2	backward: 14.048 ms.
I1109 01:30:23.192138 141011 caffe.cpp:522]      pool2	forward: 1.217 ms.
I1109 01:30:23.192327 141011 caffe.cpp:526]      pool2	backward: 58.361 ms.
I1109 01:30:23.192518 141011 caffe.cpp:522]      conv3	forward: 9.805 ms.
I1109 01:30:23.193614 141011 caffe.cpp:526]      conv3	backward: 77.97 ms.
I1109 01:30:23.193895 141011 caffe.cpp:522]      relu3	forward: 0.252 ms.
I1109 01:30:23.194092 141011 caffe.cpp:526]      relu3	backward: 31.029 ms.
I1109 01:30:23.194288 141011 caffe.cpp:522]      conv4	forward: 7.563 ms.
I1109 01:30:23.194478 141011 caffe.cpp:526]      conv4	backward: 68.658 ms.
I1109 01:30:23.194674 141011 caffe.cpp:522]      relu4	forward: 0.241 ms.
I1109 01:30:23.194862 141011 caffe.cpp:526]      relu4	backward: 35.621 ms.
I1109 01:30:23.195055 141011 caffe.cpp:522]      conv5	forward: 5.359 ms.
I1109 01:30:23.195242 141011 caffe.cpp:526]      conv5	backward: 71.067 ms.
I1109 01:30:23.195436 141011 caffe.cpp:522]      relu5	forward: 0.191 ms.
I1109 01:30:23.195623 141011 caffe.cpp:526]      relu5	backward: 13.159 ms.
I1109 01:30:23.195814 141011 caffe.cpp:522]      pool5	forward: 0.292 ms.
I1109 01:30:23.196043 141011 caffe.cpp:526]      pool5	backward: 60.564 ms.
I1109 01:30:23.196260 141011 caffe.cpp:522]        fc6	forward: 16.707 ms.
I1109 01:30:23.196564 141011 caffe.cpp:526]        fc6	backward: 123.244 ms.
I1109 01:30:23.196929 141011 caffe.cpp:522]      relu6	forward: 0.798 ms.
I1109 01:30:23.197159 141011 caffe.cpp:526]      relu6	backward: 13.024 ms.
I1109 01:30:23.197351 141011 caffe.cpp:522]      drop6	forward: 1.39 ms.
I1109 01:30:23.197538 141011 caffe.cpp:526]      drop6	backward: 12.517 ms.
I1109 01:30:23.197729 141011 caffe.cpp:522]        fc7	forward: 4.501 ms.
I1109 01:30:23.197916 141011 caffe.cpp:526]        fc7	backward: 95.001 ms.
I1109 01:30:23.198107 141011 caffe.cpp:522]      relu7	forward: 18.078 ms.
I1109 01:30:23.198297 141011 caffe.cpp:526]      relu7	backward: 15.637 ms.
I1109 01:30:23.198487 141011 caffe.cpp:522]      drop7	forward: 42.617 ms.
I1109 01:30:23.198678 141011 caffe.cpp:526]      drop7	backward: 16.865 ms.
I1109 01:30:23.198905 141011 caffe.cpp:522]        fc8	forward: 21.747 ms.
I1109 01:30:23.199111 141011 caffe.cpp:526]        fc8	backward: 124.196 ms.
I1109 01:30:23.199404 141011 caffe.cpp:522]       loss	forward: 70.551 ms.
I1109 01:30:23.199614 141011 caffe.cpp:526]       loss	backward: 66.473 ms.
I1109 01:30:23.205080 141011 caffe.cpp:532] Average Forward pass: 969.913 ms.
I1109 01:30:23.217828 141011 caffe.cpp:535] Average Backward pass: 1183.18 ms.
I1109 01:30:23.228724 141011 caffe.cpp:537] Average Forward-Backward: 2660 ms.
I1109 01:30:23.243352 141011 caffe.cpp:540] Total Time: 2660 ms.
I1109 01:30:23.255453 141011 caffe.cpp:541] *** Benchmark ends ***
Search stanza is "EMIT_GLOBAL_DYNAMIC_STATS"
elements_fp_single_1 = 0
elements_fp_single_4 = 0
elements_fp_single_8 = 0
elements_fp_single_16 = 0
elements_fp_double_1 = 0
elements_fp_double_2 = 0
elements_fp_double_4 = 0
elements_fp_double_8 = 0
--->Total single-precision FLOPs = 0
--->Total double-precision FLOPs = 0
--->Total FLOPs = 0
mem-read-1 = 2049
mem-read-2 = 0
mem-read-4 = 16406
mem-read-8 = 22624
mem-read-16 = 0
mem-read-32 = 0
mem-read-64 = 0
mem-write-1 = 0
mem-write-2 = 0
mem-write-4 = 0
mem-write-8 = 2082
mem-write-16 = 0
mem-write-32 = 0
mem-write-64 = 0
--->Total Bytes read = 248665
--->Total Bytes written = 16656
--->Total Bytes = 265321
