sde64 -knl -d -iform 1 -omix sde_knl/knl_sde_layer2_dir0.out.mix -global_region -start_ssc_mark 111:repeat -stop_ssc_mark 222:repeat -- /project/projectdirs/mpccc/tmalas/intelcaffe/install_carl/bin/caffe time -model=src/models/mkl2017_alexnet/train_val.prototxt -iterations=1 -prof_layer=2 -prof_forward_direction=0
I1109 01:38:20.330608 141286 caffe.cpp:444] Use CPU.
I1109 01:38:37.235738 141286 cpu_info.cpp:452] Processor speed [MHz]: 1400
I1109 01:38:37.291560 141286 cpu_info.cpp:455] Total number of sockets: 1
I1109 01:38:37.303143 141286 cpu_info.cpp:458] Total number of CPU cores: 68
I1109 01:38:37.315579 141286 cpu_info.cpp:461] Total number of processors: 272
I1109 01:38:37.326795 141286 cpu_info.cpp:464] GPU is used: no
I1109 01:38:37.335775 141286 cpu_info.cpp:467] OpenMP environmental variables are specified: yes
I1109 01:38:37.344568 141286 cpu_info.cpp:470] OpenMP thread bind allowed: no
I1109 01:38:37.355440 141286 cpu_info.cpp:473] Number of OpenMP threads: 16
I1109 01:38:46.136363 141286 net.cpp:484] The NetState phase (0) differed from the phase (1) specified by a rule in layer data
I1109 01:38:46.169034 141286 net.cpp:484] The NetState phase (0) differed from the phase (1) specified by a rule in layer accuracy
I1109 01:38:46.801648 141286 net.cpp:120] Initializing net from parameters: 
name: "AlexNet"
state {
  phase: TRAIN
  level: 0
  stage: ""
}
layer {
  name: "data"
  type: "DummyData"
  top: "data"
  top: "label"
  include {
    phase: TRAIN
  }
  dummy_data_param {
    data_filler {
      type: "gaussian"
      std: 1
    }
    data_filler {
      type: "constant"
      value: 0
    }
    shape {
      dim: 32
      dim: 3
      dim: 227
      dim: 227
    }
    shape {
      dim: 32
      dim: 1
      dim: 1
      dim: 1
    }
  }
}
layer {
  name: "conv1"
  type: "Convolution"
  bottom: "data"
  top: "conv1"
  param {
    lr_mult: 1
    decay_mult: 1
  }
  param {
    lr_mult: 2
    decay_mult: 0
  }
  convolution_param {
    num_output: 96
    kernel_size: 11
    stride: 4
    weight_filler {
      type: "gaussian"
      std: 0.01
    }
    bias_filler {
      type: "constant"
      value: 0
    }
    engine: MKL2017
  }
}
layer {
  name: "relu1"
  type: "ReLU"
  bottom: "conv1"
  top: "conv1"
  relu_param {
    engine: MKL2017
  }
}
layer {
  name: "norm1"
  type: "LRN"
  bottom: "conv1"
  top: "norm1"
  lrn_param {
    local_size: 5
    alpha: 0.0001
    beta: 0.75
    engine: MKL2017
  }
}
layer {
  name: "pool1"
  type: "Pooling"
  bottom: "norm1"
  top: "pool1"
  pooling_param {
    pool: MAX
    kernel_size: 3
    stride: 2
    engine: MKL2017
  }
}
layer {
  name: "conv2"
  type: "Convolution"
  bottom: "pool1"
  top: "conv2"
  param {
    lr_mult: 1
    decay_mult: 1
  }
  param {
    lr_mult: 2
    decay_mult: 0
  }
  convolution_param {
    num_output: 256
    pad: 2
    kernel_size: 5
    group: 2
    weight_filler {
      type: "gaussian"
      std: 0.01
    }
    bias_filler {
      type: "constant"
      value: 0.1
    }
    engine: MKL2017
  }
}
layer {
  name: "relu2"
  type: "ReLU"
  bottom: "conv2"
  top: "conv2"
  relu_param {
    engine: MKL2017
  }
}
layer {
  name: "norm2"
  type: "LRN"
  bottom: "conv2"
  top: "norm2"
  lrn_param {
    local_size: 5
    alpha: 0.0001
    beta: 0.75
    engine: MKL2017
  }
}
layer {
  name: "pool2"
  type: "Pooling"
  bottom: "norm2"
  top: "pool2"
  pooling_param {
    pool: MAX
    kernel_size: 3
    stride: 2
    engine: MKL2017
  }
}
layer {
  name: "conv3"
  type: "Convolution"
  bottom: "pool2"
  top: "conv3"
  param {
    lr_mult: 1
    decay_mult: 1
  }
  param {
    lr_mult: 2
    decay_mult: 0
  }
  convolution_param {
    num_output: 384
    pad: 1
    kernel_size: 3
    weight_filler {
      type: "gaussian"
      std: 0.01
    }
    bias_filler {
      type: "constant"
      value: 0
    }
    engine: MKL2017
  }
}
layer {
  name: "relu3"
  type: "ReLU"
  bottom: "conv3"
  top: "conv3"
  relu_param {
    engine: MKL2017
  }
}
layer {
  name: "conv4"
  type: "Convolution"
  bottom: "conv3"
  top: "conv4"
  param {
    lr_mult: 1
    decay_mult: 1
  }
  param {
    lr_mult: 2
    decay_mult: 0
  }
  convolution_param {
    num_output: 384
    pad: 1
    kernel_size: 3
    group: 2
    weight_filler {
      type: "gaussian"
      std: 0.01
    }
    bias_filler {
      type: "constant"
      value: 0.1
    }
    engine: MKL2017
  }
}
layer {
  name: "relu4"
  type: "ReLU"
  bottom: "conv4"
  top: "conv4"
  relu_param {
    engine: MKL2017
  }
}
layer {
  name: "conv5"
  type: "Convolution"
  bottom: "conv4"
  top: "conv5"
  param {
    lr_mult: 1
    decay_mult: 1
  }
  param {
    lr_mult: 2
    decay_mult: 0
  }
  convolution_param {
    num_output: 256
    pad: 1
    kernel_size: 3
    group: 2
    weight_filler {
      type: "gaussian"
      std: 0.01
    }
    bias_filler {
      type: "constant"
      value: 0.1
    }
    engine: MKL2017
  }
}
layer {
  name: "relu5"
  type: "ReLU"
  bottom: "conv5"
  top: "conv5"
  relu_param {
    engine: MKL2017
  }
}
layer {
  name: "pool5"
  type: "Pooling"
  bottom: "conv5"
  top: "pool5"
  pooling_param {
    pool: MAX
    kernel_size: 3
    stride: 2
    engine: MKL2017
  }
}
layer {
  name: "fc6"
  type: "InnerProduct"
  bottom: "pool5"
  top: "fc6"
  param {
    lr_mult: 1
    decay_mult: 1
  }
  param {
    lr_mult: 2
    decay_mult: 0
  }
  inner_product_param {
    num_output: 4096
    weight_filler {
      type: "gaussian"
      std: 0.005
    }
    bias_filler {
      type: "constant"
      value: 0.1
    }
  }
}
layer {
  name: "relu6"
  type: "ReLU"
  bottom: "fc6"
  top: "fc6"
}
layer {
  name: "drop6"
  type: "Dropout"
  bottom: "fc6"
  top: "fc6"
  dropout_param {
    dropout_ratio: 0.5
  }
}
layer {
  name: "fc7"
  type: "InnerProduct"
  bottom: "fc6"
  top: "fc7"
  param {
    lr_mult: 1
    decay_mult: 1
  }
  param {
    lr_mult: 2
    decay_mult: 0
  }
  inner_product_param {
    num_output: 4096
    weight_filler {
      type: "gaussian"
      std: 0.005
    }
    bias_filler {
      type: "constant"
      value: 0.1
    }
  }
}
layer {
  name: "relu7"
  type: "ReLU"
  bottom: "fc7"
  top: "fc7"
}
layer {
  name: "drop7"
  type: "Dropout"
  bottom: "fc7"
  top: "fc7"
  dropout_param {
    dropout_ratio: 0.5
  }
}
layer {
  name: "fc8"
  type: "InnerProduct"
  bottom: "fc7"
  top: "fc8"
  param {
    lr_mult: 1
    decay_mult: 1
  }
  param {
    lr_mult: 2
    decay_mult: 0
  }
  inner_product_param {
    num_output: 1000
    weight_filler {
      type: "gaussian"
      std: 0.01
    }
    bias_filler {
      type: "constant"
      value: 0
    }
  }
}
layer {
  name: "loss"
  type: "SoftmaxWithLoss"
  bottom: "fc8"
  bottom: "label"
  top: "loss"
}
I1109 01:38:49.256521 141286 layer_factory.hpp:114] Creating layer data
I1109 01:38:49.403642 141286 net.cpp:160] Creating Layer data
I1109 01:38:49.451733 141286 net.cpp:570] data -> data
I1109 01:38:49.918670 141286 net.cpp:570] data -> label
I1109 01:38:56.973260 141286 net.cpp:210] Setting up data
I1109 01:38:57.051735 141286 net.cpp:217] Top shape: 32 3 227 227 (4946784)
I1109 01:38:57.155789 141286 net.cpp:217] Top shape: 32 1 1 1 (32)
I1109 01:38:57.162926 141286 net.cpp:225] Memory required for data: 19787264
I1109 01:38:57.230531 141286 layer_factory.hpp:114] Creating layer conv1
I1109 01:38:57.558456 141286 net.cpp:160] Creating Layer conv1
I1109 01:38:57.608664 141286 net.cpp:596] conv1 <- data
I1109 01:38:57.728816 141286 net.cpp:570] conv1 -> conv1
I1109 01:39:30.856158 141286 net.cpp:210] Setting up conv1
I1109 01:39:30.862701 141286 net.cpp:217] Top shape: 32 96 55 55 (9292800)
I1109 01:39:30.863080 141286 net.cpp:225] Memory required for data: 56958464
I1109 01:39:31.144558 141286 layer_factory.hpp:114] Creating layer relu1
I1109 01:39:31.264209 141286 net.cpp:160] Creating Layer relu1
I1109 01:39:31.268739 141286 net.cpp:596] relu1 <- conv1
I1109 01:39:31.300920 141286 net.cpp:557] relu1 -> conv1 (in-place)
I1109 01:39:31.489519 141286 net.cpp:210] Setting up relu1
I1109 01:39:31.491915 141286 net.cpp:217] Top shape: 32 96 55 55 (9292800)
I1109 01:39:31.492254 141286 net.cpp:225] Memory required for data: 94129664
I1109 01:39:31.492460 141286 layer_factory.hpp:114] Creating layer norm1
I1109 01:39:31.599510 141286 net.cpp:160] Creating Layer norm1
I1109 01:39:31.599825 141286 net.cpp:596] norm1 <- conv1
I1109 01:39:31.602426 141286 net.cpp:570] norm1 -> norm1
I1109 01:39:31.826122 141286 net.cpp:210] Setting up norm1
I1109 01:39:31.838912 141286 net.cpp:217] Top shape: 32 96 55 55 (9292800)
I1109 01:39:31.839296 141286 net.cpp:225] Memory required for data: 131300864
I1109 01:39:31.839603 141286 layer_factory.hpp:114] Creating layer pool1
I1109 01:39:31.935940 141286 net.cpp:160] Creating Layer pool1
I1109 01:39:31.936257 141286 net.cpp:596] pool1 <- norm1
I1109 01:39:31.951227 141286 net.cpp:570] pool1 -> pool1
I1109 01:39:32.254812 141286 net.cpp:210] Setting up pool1
I1109 01:39:32.257313 141286 net.cpp:217] Top shape: 32 96 27 27 (2239488)
I1109 01:39:32.257638 141286 net.cpp:225] Memory required for data: 140258816
I1109 01:39:32.257850 141286 layer_factory.hpp:114] Creating layer conv2
I1109 01:39:32.258194 141286 net.cpp:160] Creating Layer conv2
I1109 01:39:32.258417 141286 net.cpp:596] conv2 <- pool1
I1109 01:39:32.258682 141286 net.cpp:570] conv2 -> conv2
I1109 01:39:38.031550 141286 net.cpp:210] Setting up conv2
I1109 01:39:38.031886 141286 net.cpp:217] Top shape: 32 256 27 27 (5971968)
I1109 01:39:38.032269 141286 net.cpp:225] Memory required for data: 164146688
I1109 01:39:38.082370 141286 layer_factory.hpp:114] Creating layer relu2
I1109 01:39:38.082774 141286 net.cpp:160] Creating Layer relu2
I1109 01:39:38.083139 141286 net.cpp:596] relu2 <- conv2
I1109 01:39:38.083387 141286 net.cpp:557] relu2 -> conv2 (in-place)
I1109 01:39:38.083828 141286 net.cpp:210] Setting up relu2
I1109 01:39:38.084084 141286 net.cpp:217] Top shape: 32 256 27 27 (5971968)
I1109 01:39:38.084311 141286 net.cpp:225] Memory required for data: 188034560
I1109 01:39:38.084497 141286 layer_factory.hpp:114] Creating layer norm2
I1109 01:39:38.084738 141286 net.cpp:160] Creating Layer norm2
I1109 01:39:38.084990 141286 net.cpp:596] norm2 <- conv2
I1109 01:39:38.085247 141286 net.cpp:570] norm2 -> norm2
I1109 01:39:38.087316 141286 net.cpp:210] Setting up norm2
I1109 01:39:38.087616 141286 net.cpp:217] Top shape: 32 256 27 27 (5971968)
I1109 01:39:38.087843 141286 net.cpp:225] Memory required for data: 211922432
I1109 01:39:38.088029 141286 layer_factory.hpp:114] Creating layer pool2
I1109 01:39:38.088910 141286 net.cpp:160] Creating Layer pool2
I1109 01:39:38.089315 141286 net.cpp:596] pool2 <- norm2
I1109 01:39:38.089632 141286 net.cpp:570] pool2 -> pool2
I1109 01:39:38.090035 141286 net.cpp:210] Setting up pool2
I1109 01:39:38.090278 141286 net.cpp:217] Top shape: 32 256 13 13 (1384448)
I1109 01:39:38.090498 141286 net.cpp:225] Memory required for data: 217460224
I1109 01:39:38.090693 141286 layer_factory.hpp:114] Creating layer conv3
I1109 01:39:38.091014 141286 net.cpp:160] Creating Layer conv3
I1109 01:39:38.091228 141286 net.cpp:596] conv3 <- pool2
I1109 01:39:38.091465 141286 net.cpp:570] conv3 -> conv3
I1109 01:39:38.568121 141286 net.cpp:210] Setting up conv3
I1109 01:39:38.570588 141286 net.cpp:217] Top shape: 32 384 13 13 (2076672)
I1109 01:39:38.570943 141286 net.cpp:225] Memory required for data: 225766912
I1109 01:39:38.574059 141286 layer_factory.hpp:114] Creating layer relu3
I1109 01:39:38.574493 141286 net.cpp:160] Creating Layer relu3
I1109 01:39:38.574771 141286 net.cpp:596] relu3 <- conv3
I1109 01:39:38.575026 141286 net.cpp:557] relu3 -> conv3 (in-place)
I1109 01:39:38.579244 141286 net.cpp:210] Setting up relu3
I1109 01:39:38.579548 141286 net.cpp:217] Top shape: 32 384 13 13 (2076672)
I1109 01:39:38.579798 141286 net.cpp:225] Memory required for data: 234073600
I1109 01:39:38.579994 141286 layer_factory.hpp:114] Creating layer conv4
I1109 01:39:38.580389 141286 net.cpp:160] Creating Layer conv4
I1109 01:39:38.580656 141286 net.cpp:596] conv4 <- conv3
I1109 01:39:38.580970 141286 net.cpp:570] conv4 -> conv4
I1109 01:39:38.822510 141286 net.cpp:210] Setting up conv4
I1109 01:39:38.822896 141286 net.cpp:217] Top shape: 32 384 13 13 (2076672)
I1109 01:39:38.823292 141286 net.cpp:225] Memory required for data: 242380288
I1109 01:39:38.823637 141286 layer_factory.hpp:114] Creating layer relu4
I1109 01:39:38.823936 141286 net.cpp:160] Creating Layer relu4
I1109 01:39:38.824163 141286 net.cpp:596] relu4 <- conv4
I1109 01:39:38.824401 141286 net.cpp:557] relu4 -> conv4 (in-place)
I1109 01:39:38.836616 141286 net.cpp:210] Setting up relu4
I1109 01:39:38.837007 141286 net.cpp:217] Top shape: 32 384 13 13 (2076672)
I1109 01:39:38.837378 141286 net.cpp:225] Memory required for data: 250686976
I1109 01:39:38.837656 141286 layer_factory.hpp:114] Creating layer conv5
I1109 01:39:38.838047 141286 net.cpp:160] Creating Layer conv5
I1109 01:39:38.838286 141286 net.cpp:596] conv5 <- conv4
I1109 01:39:38.838529 141286 net.cpp:570] conv5 -> conv5
I1109 01:39:39.007102 141286 net.cpp:210] Setting up conv5
I1109 01:39:39.010082 141286 net.cpp:217] Top shape: 32 256 13 13 (1384448)
I1109 01:39:39.010540 141286 net.cpp:225] Memory required for data: 256224768
I1109 01:39:39.015270 141286 layer_factory.hpp:114] Creating layer relu5
I1109 01:39:39.015671 141286 net.cpp:160] Creating Layer relu5
I1109 01:39:39.015923 141286 net.cpp:596] relu5 <- conv5
I1109 01:39:39.016187 141286 net.cpp:557] relu5 -> conv5 (in-place)
I1109 01:39:39.016679 141286 net.cpp:210] Setting up relu5
I1109 01:39:39.017031 141286 net.cpp:217] Top shape: 32 256 13 13 (1384448)
I1109 01:39:39.017300 141286 net.cpp:225] Memory required for data: 261762560
I1109 01:39:39.017583 141286 layer_factory.hpp:114] Creating layer pool5
I1109 01:39:39.017877 141286 net.cpp:160] Creating Layer pool5
I1109 01:39:39.018093 141286 net.cpp:596] pool5 <- conv5
I1109 01:39:39.018314 141286 net.cpp:570] pool5 -> pool5
I1109 01:39:39.018710 141286 net.cpp:210] Setting up pool5
I1109 01:39:39.018966 141286 net.cpp:217] Top shape: 32 256 6 6 (294912)
I1109 01:39:39.019189 141286 net.cpp:225] Memory required for data: 262942208
I1109 01:39:39.019373 141286 layer_factory.hpp:114] Creating layer fc6
I1109 01:39:39.074128 141286 net.cpp:160] Creating Layer fc6
I1109 01:39:39.074437 141286 net.cpp:596] fc6 <- pool5
I1109 01:39:39.074810 141286 net.cpp:570] fc6 -> fc6
I1109 01:39:43.163564 141286 net.cpp:210] Setting up fc6
I1109 01:39:43.163867 141286 net.cpp:217] Top shape: 32 4096 (131072)
I1109 01:39:43.166049 141286 net.cpp:225] Memory required for data: 263466496
I1109 01:39:43.166357 141286 layer_factory.hpp:114] Creating layer relu6
I1109 01:39:43.168869 141286 net.cpp:160] Creating Layer relu6
I1109 01:39:43.169176 141286 net.cpp:596] relu6 <- fc6
I1109 01:39:43.169404 141286 net.cpp:557] relu6 -> fc6 (in-place)
I1109 01:39:43.169824 141286 net.cpp:210] Setting up relu6
I1109 01:39:43.170073 141286 net.cpp:217] Top shape: 32 4096 (131072)
I1109 01:39:43.170296 141286 net.cpp:225] Memory required for data: 263990784
I1109 01:39:43.170483 141286 layer_factory.hpp:114] Creating layer drop6
I1109 01:39:43.190407 141286 net.cpp:160] Creating Layer drop6
I1109 01:39:43.190711 141286 net.cpp:596] drop6 <- fc6
I1109 01:39:43.191105 141286 net.cpp:557] drop6 -> fc6 (in-place)
I1109 01:39:43.294332 141286 net.cpp:210] Setting up drop6
I1109 01:39:43.294626 141286 net.cpp:217] Top shape: 32 4096 (131072)
I1109 01:39:43.294991 141286 net.cpp:225] Memory required for data: 264515072
I1109 01:39:43.295204 141286 layer_factory.hpp:114] Creating layer fc7
I1109 01:39:43.295475 141286 net.cpp:160] Creating Layer fc7
I1109 01:39:43.295686 141286 net.cpp:596] fc7 <- fc6
I1109 01:39:43.296061 141286 net.cpp:570] fc7 -> fc7
I1109 01:39:45.009621 141286 net.cpp:210] Setting up fc7
I1109 01:39:45.009999 141286 net.cpp:217] Top shape: 32 4096 (131072)
I1109 01:39:45.010455 141286 net.cpp:225] Memory required for data: 265039360
I1109 01:39:45.010793 141286 layer_factory.hpp:114] Creating layer relu7
I1109 01:39:45.011137 141286 net.cpp:160] Creating Layer relu7
I1109 01:39:45.011394 141286 net.cpp:596] relu7 <- fc7
I1109 01:39:45.011656 141286 net.cpp:557] relu7 -> fc7 (in-place)
I1109 01:39:45.012187 141286 net.cpp:210] Setting up relu7
I1109 01:39:45.012477 141286 net.cpp:217] Top shape: 32 4096 (131072)
I1109 01:39:45.012727 141286 net.cpp:225] Memory required for data: 265563648
I1109 01:39:45.012995 141286 layer_factory.hpp:114] Creating layer drop7
I1109 01:39:45.013285 141286 net.cpp:160] Creating Layer drop7
I1109 01:39:45.013516 141286 net.cpp:596] drop7 <- fc7
I1109 01:39:45.013837 141286 net.cpp:557] drop7 -> fc7 (in-place)
I1109 01:39:45.014185 141286 net.cpp:210] Setting up drop7
I1109 01:39:45.014451 141286 net.cpp:217] Top shape: 32 4096 (131072)
I1109 01:39:45.014670 141286 net.cpp:225] Memory required for data: 266087936
I1109 01:39:45.014858 141286 layer_factory.hpp:114] Creating layer fc8
I1109 01:39:45.015110 141286 net.cpp:160] Creating Layer fc8
I1109 01:39:45.015313 141286 net.cpp:596] fc8 <- fc7
I1109 01:39:45.015540 141286 net.cpp:570] fc8 -> fc8
I1109 01:39:45.443354 141286 net.cpp:210] Setting up fc8
I1109 01:39:45.443711 141286 net.cpp:217] Top shape: 32 1000 (32000)
I1109 01:39:45.444102 141286 net.cpp:225] Memory required for data: 266215936
I1109 01:39:45.444438 141286 layer_factory.hpp:114] Creating layer loss
I1109 01:39:45.470782 141286 net.cpp:160] Creating Layer loss
I1109 01:39:45.471101 141286 net.cpp:596] loss <- fc8
I1109 01:39:45.472108 141286 net.cpp:596] loss <- label
I1109 01:39:45.500036 141286 net.cpp:570] loss -> loss
I1109 01:39:45.538322 141286 layer_factory.hpp:114] Creating layer loss
I1109 01:39:48.132621 141286 net.cpp:210] Setting up loss
I1109 01:39:48.187415 141286 net.cpp:217] Top shape: (1)
I1109 01:39:48.201808 141286 net.cpp:220]     with loss weight 1
I1109 01:39:48.328349 141286 net.cpp:225] Memory required for data: 266215940
I1109 01:39:48.371332 141286 net.cpp:287] loss needs backward computation.
I1109 01:39:48.459095 141286 net.cpp:287] fc8 needs backward computation.
I1109 01:39:48.466529 141286 net.cpp:287] drop7 needs backward computation.
I1109 01:39:48.477396 141286 net.cpp:287] relu7 needs backward computation.
I1109 01:39:48.477713 141286 net.cpp:287] fc7 needs backward computation.
I1109 01:39:48.480134 141286 net.cpp:287] drop6 needs backward computation.
I1109 01:39:48.480475 141286 net.cpp:287] relu6 needs backward computation.
I1109 01:39:48.480769 141286 net.cpp:287] fc6 needs backward computation.
I1109 01:39:48.481590 141286 net.cpp:287] pool5 needs backward computation.
I1109 01:39:48.482341 141286 net.cpp:287] relu5 needs backward computation.
I1109 01:39:48.482614 141286 net.cpp:287] conv5 needs backward computation.
I1109 01:39:48.482806 141286 net.cpp:287] relu4 needs backward computation.
I1109 01:39:48.482992 141286 net.cpp:287] conv4 needs backward computation.
I1109 01:39:48.483175 141286 net.cpp:287] relu3 needs backward computation.
I1109 01:39:48.483353 141286 net.cpp:287] conv3 needs backward computation.
I1109 01:39:48.495591 141286 net.cpp:287] pool2 needs backward computation.
I1109 01:39:48.495944 141286 net.cpp:287] norm2 needs backward computation.
I1109 01:39:48.496285 141286 net.cpp:287] relu2 needs backward computation.
I1109 01:39:48.496493 141286 net.cpp:287] conv2 needs backward computation.
I1109 01:39:48.496681 141286 net.cpp:287] pool1 needs backward computation.
I1109 01:39:48.496899 141286 net.cpp:287] norm1 needs backward computation.
I1109 01:39:48.497082 141286 net.cpp:287] relu1 needs backward computation.
I1109 01:39:48.497258 141286 net.cpp:287] conv1 needs backward computation.
I1109 01:39:48.509604 141286 net.cpp:289] data does not need backward computation.
I1109 01:39:48.534591 141286 net.cpp:331] This network produces output loss
I1109 01:39:48.606391 141286 net.cpp:345] Network initialization done.
I1109 01:39:48.774328 141286 caffe.cpp:452] Performing Forward
I1109 01:40:01.987344 141286 caffe.cpp:457] Initial loss: 6.8445
I1109 01:40:02.041188 141286 caffe.cpp:459] Performing Backward
I1109 01:40:06.926704 141286 caffe.cpp:468] *** Benchmark begins ***
I1109 01:40:06.941815 141286 caffe.cpp:469] Testing for 1 iterations.
I1109 01:40:07.088879 141286 caffe.cpp:485] Profiling Layer: relu1 backward
I1109 01:40:09.177489 141286 caffe.cpp:512] Iteration: 1 forward-backward time: 2085 ms.
I1109 01:40:09.333946 141286 caffe.cpp:519] Average time per layer: 
I1109 01:40:09.351536 141286 caffe.cpp:522]       data	forward: 552.119 ms.
I1109 01:40:09.424434 141286 caffe.cpp:526]       data	backward: 5.27 ms.
I1109 01:40:09.451603 141286 caffe.cpp:522]      conv1	forward: 129.983 ms.
I1109 01:40:09.457456 141286 caffe.cpp:526]      conv1	backward: 36.195 ms.
I1109 01:40:09.461781 141286 caffe.cpp:522]      relu1	forward: 17.183 ms.
I1109 01:40:09.476215 141286 caffe.cpp:526]      relu1	backward: 11.802 ms.
I1109 01:40:09.486330 141286 caffe.cpp:522]      norm1	forward: 19.897 ms.
I1109 01:40:09.495635 141286 caffe.cpp:526]      norm1	backward: 3.096 ms.
I1109 01:40:09.508762 141286 caffe.cpp:522]      pool1	forward: 22.196 ms.
I1109 01:40:09.516894 141286 caffe.cpp:526]      pool1	backward: 35.606 ms.
I1109 01:40:09.521132 141286 caffe.cpp:522]      conv2	forward: 63.034 ms.
I1109 01:40:09.528419 141286 caffe.cpp:526]      conv2	backward: 31.591 ms.
I1109 01:40:09.534584 141286 caffe.cpp:522]      relu2	forward: 12.931 ms.
I1109 01:40:09.542402 141286 caffe.cpp:526]      relu2	backward: 0.781 ms.
I1109 01:40:09.545047 141286 caffe.cpp:522]      norm2	forward: 15.609 ms.
I1109 01:40:09.546602 141286 caffe.cpp:526]      norm2	backward: 2.103 ms.
I1109 01:40:09.546890 141286 caffe.cpp:522]      pool2	forward: 11.482 ms.
I1109 01:40:09.547103 141286 caffe.cpp:526]      pool2	backward: 22.419 ms.
I1109 01:40:09.547309 141286 caffe.cpp:522]      conv3	forward: 38.097 ms.
I1109 01:40:09.547513 141286 caffe.cpp:526]      conv3	backward: 36.295 ms.
I1109 01:40:09.547715 141286 caffe.cpp:522]      relu3	forward: 20.199 ms.
I1109 01:40:09.547919 141286 caffe.cpp:526]      relu3	backward: 0.739 ms.
I1109 01:40:09.548120 141286 caffe.cpp:522]      conv4	forward: 33.309 ms.
I1109 01:40:09.548322 141286 caffe.cpp:526]      conv4	backward: 30.601 ms.
I1109 01:40:09.548526 141286 caffe.cpp:522]      relu4	forward: 14.376 ms.
I1109 01:40:09.548727 141286 caffe.cpp:526]      relu4	backward: 6.868 ms.
I1109 01:40:09.548969 141286 caffe.cpp:522]      conv5	forward: 32.516 ms.
I1109 01:40:09.549171 141286 caffe.cpp:526]      conv5	backward: 18.849 ms.
I1109 01:40:09.549373 141286 caffe.cpp:522]      relu5	forward: 16.892 ms.
I1109 01:40:09.549579 141286 caffe.cpp:526]      relu5	backward: 11.242 ms.
I1109 01:40:09.549818 141286 caffe.cpp:522]      pool5	forward: 16.026 ms.
I1109 01:40:09.550040 141286 caffe.cpp:526]      pool5	backward: 56.368 ms.
I1109 01:40:09.550246 141286 caffe.cpp:522]        fc6	forward: 42.656 ms.
I1109 01:40:09.550452 141286 caffe.cpp:526]        fc6	backward: 131.005 ms.
I1109 01:40:09.552888 141286 caffe.cpp:522]      relu6	forward: 22.14 ms.
I1109 01:40:09.553252 141286 caffe.cpp:526]      relu6	backward: 15.963 ms.
I1109 01:40:09.553506 141286 caffe.cpp:522]      drop6	forward: 28.353 ms.
I1109 01:40:09.553833 141286 caffe.cpp:526]      drop6	backward: 12.558 ms.
I1109 01:40:09.554062 141286 caffe.cpp:522]        fc7	forward: 10.76 ms.
I1109 01:40:09.556305 141286 caffe.cpp:526]        fc7	backward: 87.073 ms.
I1109 01:40:09.557117 141286 caffe.cpp:522]      relu7	forward: 9.006 ms.
I1109 01:40:09.557860 141286 caffe.cpp:526]      relu7	backward: 9.173 ms.
I1109 01:40:09.558200 141286 caffe.cpp:522]      drop7	forward: 31.356 ms.
I1109 01:40:09.558475 141286 caffe.cpp:526]      drop7	backward: 11.418 ms.
I1109 01:40:09.558778 141286 caffe.cpp:522]        fc8	forward: 13.163 ms.
I1109 01:40:09.559007 141286 caffe.cpp:526]        fc8	backward: 121.758 ms.
I1109 01:40:09.559203 141286 caffe.cpp:522]       loss	forward: 58.814 ms.
I1109 01:40:09.559396 141286 caffe.cpp:526]       loss	backward: 63.872 ms.
I1109 01:40:09.564847 141286 caffe.cpp:532] Average Forward pass: 1287.74 ms.
I1109 01:40:09.577769 141286 caffe.cpp:535] Average Backward pass: 771.489 ms.
I1109 01:40:09.588565 141286 caffe.cpp:537] Average Forward-Backward: 2580 ms.
I1109 01:40:09.603227 141286 caffe.cpp:540] Total Time: 2580 ms.
I1109 01:40:09.615401 141286 caffe.cpp:541] *** Benchmark ends ***
Search stanza is "EMIT_GLOBAL_DYNAMIC_STATS"
elements_fp_single_1 = 0
elements_fp_single_4 = 0
elements_fp_single_8 = 0
elements_fp_single_16 = 0
elements_fp_double_1 = 0
elements_fp_double_2 = 580800
elements_fp_double_4 = 0
elements_fp_double_8 = 0
--->Total single-precision FLOPs = 0
--->Total double-precision FLOPs = 1161600
--->Total FLOPs = 1161600
mem-read-1 = 379925
mem-read-2 = 34
mem-read-4 = 3043036
mem-read-8 = 4187463
mem-read-16 = 0
mem-read-32 = 1
mem-read-64 = 1161601
mem-write-1 = 50
mem-write-2 = 17
mem-write-4 = 564
mem-write-8 = 383462
mem-write-16 = 0
mem-write-32 = 1
mem-write-64 = 580801
--->Total Bytes read = 120394337
--->Total Bytes written = 40241332
--->Total Bytes = 160635669
