sde64 -knl -d -iform 1 -omix sde_knl/knl_sde_layer19_dir1.out.mix -global_region -start_ssc_mark 111:repeat -stop_ssc_mark 222:repeat -- /project/projectdirs/mpccc/tmalas/intelcaffe/install_carl/bin/caffe time -model=src/models/mkl2017_alexnet/train_val.prototxt -iterations=1 -prof_layer=19 -prof_forward_direction=1
I1109 00:45:18.304345 138939 caffe.cpp:444] Use CPU.
I1109 00:45:35.219615 138939 cpu_info.cpp:452] Processor speed [MHz]: 1400
I1109 00:45:35.276360 138939 cpu_info.cpp:455] Total number of sockets: 1
I1109 00:45:35.288522 138939 cpu_info.cpp:458] Total number of CPU cores: 68
I1109 00:45:35.301755 138939 cpu_info.cpp:461] Total number of processors: 272
I1109 00:45:35.313587 138939 cpu_info.cpp:464] GPU is used: no
I1109 00:45:35.322861 138939 cpu_info.cpp:467] OpenMP environmental variables are specified: yes
I1109 00:45:35.331792 138939 cpu_info.cpp:470] OpenMP thread bind allowed: no
I1109 00:45:35.342854 138939 cpu_info.cpp:473] Number of OpenMP threads: 16
I1109 00:45:44.153791 138939 net.cpp:484] The NetState phase (0) differed from the phase (1) specified by a rule in layer data
I1109 00:45:44.185250 138939 net.cpp:484] The NetState phase (0) differed from the phase (1) specified by a rule in layer accuracy
I1109 00:45:44.818606 138939 net.cpp:120] Initializing net from parameters: 
name: "AlexNet"
state {
  phase: TRAIN
  level: 0
  stage: ""
}
layer {
  name: "data"
  type: "DummyData"
  top: "data"
  top: "label"
  include {
    phase: TRAIN
  }
  dummy_data_param {
    data_filler {
      type: "gaussian"
      std: 1
    }
    data_filler {
      type: "constant"
      value: 0
    }
    shape {
      dim: 32
      dim: 3
      dim: 227
      dim: 227
    }
    shape {
      dim: 32
      dim: 1
      dim: 1
      dim: 1
    }
  }
}
layer {
  name: "conv1"
  type: "Convolution"
  bottom: "data"
  top: "conv1"
  param {
    lr_mult: 1
    decay_mult: 1
  }
  param {
    lr_mult: 2
    decay_mult: 0
  }
  convolution_param {
    num_output: 96
    kernel_size: 11
    stride: 4
    weight_filler {
      type: "gaussian"
      std: 0.01
    }
    bias_filler {
      type: "constant"
      value: 0
    }
    engine: MKL2017
  }
}
layer {
  name: "relu1"
  type: "ReLU"
  bottom: "conv1"
  top: "conv1"
  relu_param {
    engine: MKL2017
  }
}
layer {
  name: "norm1"
  type: "LRN"
  bottom: "conv1"
  top: "norm1"
  lrn_param {
    local_size: 5
    alpha: 0.0001
    beta: 0.75
    engine: MKL2017
  }
}
layer {
  name: "pool1"
  type: "Pooling"
  bottom: "norm1"
  top: "pool1"
  pooling_param {
    pool: MAX
    kernel_size: 3
    stride: 2
    engine: MKL2017
  }
}
layer {
  name: "conv2"
  type: "Convolution"
  bottom: "pool1"
  top: "conv2"
  param {
    lr_mult: 1
    decay_mult: 1
  }
  param {
    lr_mult: 2
    decay_mult: 0
  }
  convolution_param {
    num_output: 256
    pad: 2
    kernel_size: 5
    group: 2
    weight_filler {
      type: "gaussian"
      std: 0.01
    }
    bias_filler {
      type: "constant"
      value: 0.1
    }
    engine: MKL2017
  }
}
layer {
  name: "relu2"
  type: "ReLU"
  bottom: "conv2"
  top: "conv2"
  relu_param {
    engine: MKL2017
  }
}
layer {
  name: "norm2"
  type: "LRN"
  bottom: "conv2"
  top: "norm2"
  lrn_param {
    local_size: 5
    alpha: 0.0001
    beta: 0.75
    engine: MKL2017
  }
}
layer {
  name: "pool2"
  type: "Pooling"
  bottom: "norm2"
  top: "pool2"
  pooling_param {
    pool: MAX
    kernel_size: 3
    stride: 2
    engine: MKL2017
  }
}
layer {
  name: "conv3"
  type: "Convolution"
  bottom: "pool2"
  top: "conv3"
  param {
    lr_mult: 1
    decay_mult: 1
  }
  param {
    lr_mult: 2
    decay_mult: 0
  }
  convolution_param {
    num_output: 384
    pad: 1
    kernel_size: 3
    weight_filler {
      type: "gaussian"
      std: 0.01
    }
    bias_filler {
      type: "constant"
      value: 0
    }
    engine: MKL2017
  }
}
layer {
  name: "relu3"
  type: "ReLU"
  bottom: "conv3"
  top: "conv3"
  relu_param {
    engine: MKL2017
  }
}
layer {
  name: "conv4"
  type: "Convolution"
  bottom: "conv3"
  top: "conv4"
  param {
    lr_mult: 1
    decay_mult: 1
  }
  param {
    lr_mult: 2
    decay_mult: 0
  }
  convolution_param {
    num_output: 384
    pad: 1
    kernel_size: 3
    group: 2
    weight_filler {
      type: "gaussian"
      std: 0.01
    }
    bias_filler {
      type: "constant"
      value: 0.1
    }
    engine: MKL2017
  }
}
layer {
  name: "relu4"
  type: "ReLU"
  bottom: "conv4"
  top: "conv4"
  relu_param {
    engine: MKL2017
  }
}
layer {
  name: "conv5"
  type: "Convolution"
  bottom: "conv4"
  top: "conv5"
  param {
    lr_mult: 1
    decay_mult: 1
  }
  param {
    lr_mult: 2
    decay_mult: 0
  }
  convolution_param {
    num_output: 256
    pad: 1
    kernel_size: 3
    group: 2
    weight_filler {
      type: "gaussian"
      std: 0.01
    }
    bias_filler {
      type: "constant"
      value: 0.1
    }
    engine: MKL2017
  }
}
layer {
  name: "relu5"
  type: "ReLU"
  bottom: "conv5"
  top: "conv5"
  relu_param {
    engine: MKL2017
  }
}
layer {
  name: "pool5"
  type: "Pooling"
  bottom: "conv5"
  top: "pool5"
  pooling_param {
    pool: MAX
    kernel_size: 3
    stride: 2
    engine: MKL2017
  }
}
layer {
  name: "fc6"
  type: "InnerProduct"
  bottom: "pool5"
  top: "fc6"
  param {
    lr_mult: 1
    decay_mult: 1
  }
  param {
    lr_mult: 2
    decay_mult: 0
  }
  inner_product_param {
    num_output: 4096
    weight_filler {
      type: "gaussian"
      std: 0.005
    }
    bias_filler {
      type: "constant"
      value: 0.1
    }
  }
}
layer {
  name: "relu6"
  type: "ReLU"
  bottom: "fc6"
  top: "fc6"
}
layer {
  name: "drop6"
  type: "Dropout"
  bottom: "fc6"
  top: "fc6"
  dropout_param {
    dropout_ratio: 0.5
  }
}
layer {
  name: "fc7"
  type: "InnerProduct"
  bottom: "fc6"
  top: "fc7"
  param {
    lr_mult: 1
    decay_mult: 1
  }
  param {
    lr_mult: 2
    decay_mult: 0
  }
  inner_product_param {
    num_output: 4096
    weight_filler {
      type: "gaussian"
      std: 0.005
    }
    bias_filler {
      type: "constant"
      value: 0.1
    }
  }
}
layer {
  name: "relu7"
  type: "ReLU"
  bottom: "fc7"
  top: "fc7"
}
layer {
  name: "drop7"
  type: "Dropout"
  bottom: "fc7"
  top: "fc7"
  dropout_param {
    dropout_ratio: 0.5
  }
}
layer {
  name: "fc8"
  type: "InnerProduct"
  bottom: "fc7"
  top: "fc8"
  param {
    lr_mult: 1
    decay_mult: 1
  }
  param {
    lr_mult: 2
    decay_mult: 0
  }
  inner_product_param {
    num_output: 1000
    weight_filler {
      type: "gaussian"
      std: 0.01
    }
    bias_filler {
      type: "constant"
      value: 0
    }
  }
}
layer {
  name: "loss"
  type: "SoftmaxWithLoss"
  bottom: "fc8"
  bottom: "label"
  top: "loss"
}
I1109 00:45:47.268435 138939 layer_factory.hpp:114] Creating layer data
I1109 00:45:47.416934 138939 net.cpp:160] Creating Layer data
I1109 00:45:47.465157 138939 net.cpp:570] data -> data
I1109 00:45:47.934255 138939 net.cpp:570] data -> label
I1109 00:45:54.940994 138939 net.cpp:210] Setting up data
I1109 00:45:55.019340 138939 net.cpp:217] Top shape: 32 3 227 227 (4946784)
I1109 00:45:55.123291 138939 net.cpp:217] Top shape: 32 1 1 1 (32)
I1109 00:45:55.130396 138939 net.cpp:225] Memory required for data: 19787264
I1109 00:45:55.197382 138939 layer_factory.hpp:114] Creating layer conv1
I1109 00:45:55.529948 138939 net.cpp:160] Creating Layer conv1
I1109 00:45:55.581516 138939 net.cpp:596] conv1 <- data
I1109 00:45:55.701776 138939 net.cpp:570] conv1 -> conv1
I1109 00:46:28.310817 138939 net.cpp:210] Setting up conv1
I1109 00:46:28.317952 138939 net.cpp:217] Top shape: 32 96 55 55 (9292800)
I1109 00:46:28.318315 138939 net.cpp:225] Memory required for data: 56958464
I1109 00:46:28.596132 138939 layer_factory.hpp:114] Creating layer relu1
I1109 00:46:28.716874 138939 net.cpp:160] Creating Layer relu1
I1109 00:46:28.721423 138939 net.cpp:596] relu1 <- conv1
I1109 00:46:28.755019 138939 net.cpp:557] relu1 -> conv1 (in-place)
I1109 00:46:28.944243 138939 net.cpp:210] Setting up relu1
I1109 00:46:28.946712 138939 net.cpp:217] Top shape: 32 96 55 55 (9292800)
I1109 00:46:28.947053 138939 net.cpp:225] Memory required for data: 94129664
I1109 00:46:28.947259 138939 layer_factory.hpp:114] Creating layer norm1
I1109 00:46:29.051231 138939 net.cpp:160] Creating Layer norm1
I1109 00:46:29.051547 138939 net.cpp:596] norm1 <- conv1
I1109 00:46:29.054121 138939 net.cpp:570] norm1 -> norm1
I1109 00:46:29.276345 138939 net.cpp:210] Setting up norm1
I1109 00:46:29.289314 138939 net.cpp:217] Top shape: 32 96 55 55 (9292800)
I1109 00:46:29.289697 138939 net.cpp:225] Memory required for data: 131300864
I1109 00:46:29.290035 138939 layer_factory.hpp:114] Creating layer pool1
I1109 00:46:29.383070 138939 net.cpp:160] Creating Layer pool1
I1109 00:46:29.383383 138939 net.cpp:596] pool1 <- norm1
I1109 00:46:29.398159 138939 net.cpp:570] pool1 -> pool1
I1109 00:46:29.698921 138939 net.cpp:210] Setting up pool1
I1109 00:46:29.701463 138939 net.cpp:217] Top shape: 32 96 27 27 (2239488)
I1109 00:46:29.701829 138939 net.cpp:225] Memory required for data: 140258816
I1109 00:46:29.702054 138939 layer_factory.hpp:114] Creating layer conv2
I1109 00:46:29.702420 138939 net.cpp:160] Creating Layer conv2
I1109 00:46:29.702648 138939 net.cpp:596] conv2 <- pool1
I1109 00:46:29.702898 138939 net.cpp:570] conv2 -> conv2
I1109 00:46:35.489891 138939 net.cpp:210] Setting up conv2
I1109 00:46:35.490211 138939 net.cpp:217] Top shape: 32 256 27 27 (5971968)
I1109 00:46:35.490535 138939 net.cpp:225] Memory required for data: 164146688
I1109 00:46:35.540391 138939 layer_factory.hpp:114] Creating layer relu2
I1109 00:46:35.540915 138939 net.cpp:160] Creating Layer relu2
I1109 00:46:35.541252 138939 net.cpp:596] relu2 <- conv2
I1109 00:46:35.541537 138939 net.cpp:557] relu2 -> conv2 (in-place)
I1109 00:46:35.542035 138939 net.cpp:210] Setting up relu2
I1109 00:46:35.542331 138939 net.cpp:217] Top shape: 32 256 27 27 (5971968)
I1109 00:46:35.542585 138939 net.cpp:225] Memory required for data: 188034560
I1109 00:46:35.542812 138939 layer_factory.hpp:114] Creating layer norm2
I1109 00:46:35.543056 138939 net.cpp:160] Creating Layer norm2
I1109 00:46:35.543253 138939 net.cpp:596] norm2 <- conv2
I1109 00:46:35.543520 138939 net.cpp:570] norm2 -> norm2
I1109 00:46:35.545758 138939 net.cpp:210] Setting up norm2
I1109 00:46:35.546068 138939 net.cpp:217] Top shape: 32 256 27 27 (5971968)
I1109 00:46:35.546308 138939 net.cpp:225] Memory required for data: 211922432
I1109 00:46:35.546496 138939 layer_factory.hpp:114] Creating layer pool2
I1109 00:46:35.547502 138939 net.cpp:160] Creating Layer pool2
I1109 00:46:35.547791 138939 net.cpp:596] pool2 <- norm2
I1109 00:46:35.548038 138939 net.cpp:570] pool2 -> pool2
I1109 00:46:35.548431 138939 net.cpp:210] Setting up pool2
I1109 00:46:35.548681 138939 net.cpp:217] Top shape: 32 256 13 13 (1384448)
I1109 00:46:35.548969 138939 net.cpp:225] Memory required for data: 217460224
I1109 00:46:35.549173 138939 layer_factory.hpp:114] Creating layer conv3
I1109 00:46:35.549543 138939 net.cpp:160] Creating Layer conv3
I1109 00:46:35.549830 138939 net.cpp:596] conv3 <- pool2
I1109 00:46:35.550246 138939 net.cpp:570] conv3 -> conv3
I1109 00:46:36.003036 138939 net.cpp:210] Setting up conv3
I1109 00:46:36.009558 138939 net.cpp:217] Top shape: 32 384 13 13 (2076672)
I1109 00:46:36.009917 138939 net.cpp:225] Memory required for data: 225766912
I1109 00:46:36.012928 138939 layer_factory.hpp:114] Creating layer relu3
I1109 00:46:36.013335 138939 net.cpp:160] Creating Layer relu3
I1109 00:46:36.013633 138939 net.cpp:596] relu3 <- conv3
I1109 00:46:36.013887 138939 net.cpp:557] relu3 -> conv3 (in-place)
I1109 00:46:36.018009 138939 net.cpp:210] Setting up relu3
I1109 00:46:36.018318 138939 net.cpp:217] Top shape: 32 384 13 13 (2076672)
I1109 00:46:36.018575 138939 net.cpp:225] Memory required for data: 234073600
I1109 00:46:36.018769 138939 layer_factory.hpp:114] Creating layer conv4
I1109 00:46:36.019129 138939 net.cpp:160] Creating Layer conv4
I1109 00:46:36.019381 138939 net.cpp:596] conv4 <- conv3
I1109 00:46:36.019667 138939 net.cpp:570] conv4 -> conv4
I1109 00:46:36.260149 138939 net.cpp:210] Setting up conv4
I1109 00:46:36.260536 138939 net.cpp:217] Top shape: 32 384 13 13 (2076672)
I1109 00:46:36.261070 138939 net.cpp:225] Memory required for data: 242380288
I1109 00:46:36.261391 138939 layer_factory.hpp:114] Creating layer relu4
I1109 00:46:36.261695 138939 net.cpp:160] Creating Layer relu4
I1109 00:46:36.261932 138939 net.cpp:596] relu4 <- conv4
I1109 00:46:36.262171 138939 net.cpp:557] relu4 -> conv4 (in-place)
I1109 00:46:36.274530 138939 net.cpp:210] Setting up relu4
I1109 00:46:36.274875 138939 net.cpp:217] Top shape: 32 384 13 13 (2076672)
I1109 00:46:36.275280 138939 net.cpp:225] Memory required for data: 250686976
I1109 00:46:36.275496 138939 layer_factory.hpp:114] Creating layer conv5
I1109 00:46:36.275861 138939 net.cpp:160] Creating Layer conv5
I1109 00:46:36.276103 138939 net.cpp:596] conv5 <- conv4
I1109 00:46:36.276348 138939 net.cpp:570] conv5 -> conv5
I1109 00:46:36.471426 138939 net.cpp:210] Setting up conv5
I1109 00:46:36.471825 138939 net.cpp:217] Top shape: 32 256 13 13 (1384448)
I1109 00:46:36.472287 138939 net.cpp:225] Memory required for data: 256224768
I1109 00:46:36.477025 138939 layer_factory.hpp:114] Creating layer relu5
I1109 00:46:36.477437 138939 net.cpp:160] Creating Layer relu5
I1109 00:46:36.477699 138939 net.cpp:596] relu5 <- conv5
I1109 00:46:36.477974 138939 net.cpp:557] relu5 -> conv5 (in-place)
I1109 00:46:36.478484 138939 net.cpp:210] Setting up relu5
I1109 00:46:36.478785 138939 net.cpp:217] Top shape: 32 256 13 13 (1384448)
I1109 00:46:36.479107 138939 net.cpp:225] Memory required for data: 261762560
I1109 00:46:36.479347 138939 layer_factory.hpp:114] Creating layer pool5
I1109 00:46:36.479611 138939 net.cpp:160] Creating Layer pool5
I1109 00:46:36.479833 138939 net.cpp:596] pool5 <- conv5
I1109 00:46:36.480057 138939 net.cpp:570] pool5 -> pool5
I1109 00:46:36.480448 138939 net.cpp:210] Setting up pool5
I1109 00:46:36.480715 138939 net.cpp:217] Top shape: 32 256 6 6 (294912)
I1109 00:46:36.481003 138939 net.cpp:225] Memory required for data: 262942208
I1109 00:46:36.481194 138939 layer_factory.hpp:114] Creating layer fc6
I1109 00:46:36.535789 138939 net.cpp:160] Creating Layer fc6
I1109 00:46:36.536097 138939 net.cpp:596] fc6 <- pool5
I1109 00:46:36.536481 138939 net.cpp:570] fc6 -> fc6
I1109 00:46:40.621651 138939 net.cpp:210] Setting up fc6
I1109 00:46:40.621958 138939 net.cpp:217] Top shape: 32 4096 (131072)
I1109 00:46:40.624018 138939 net.cpp:225] Memory required for data: 263466496
I1109 00:46:40.624328 138939 layer_factory.hpp:114] Creating layer relu6
I1109 00:46:40.626811 138939 net.cpp:160] Creating Layer relu6
I1109 00:46:40.627107 138939 net.cpp:596] relu6 <- fc6
I1109 00:46:40.627336 138939 net.cpp:557] relu6 -> fc6 (in-place)
I1109 00:46:40.627750 138939 net.cpp:210] Setting up relu6
I1109 00:46:40.628003 138939 net.cpp:217] Top shape: 32 4096 (131072)
I1109 00:46:40.628228 138939 net.cpp:225] Memory required for data: 263990784
I1109 00:46:40.628417 138939 layer_factory.hpp:114] Creating layer drop6
I1109 00:46:40.648049 138939 net.cpp:160] Creating Layer drop6
I1109 00:46:40.648352 138939 net.cpp:596] drop6 <- fc6
I1109 00:46:40.648730 138939 net.cpp:557] drop6 -> fc6 (in-place)
I1109 00:46:40.752163 138939 net.cpp:210] Setting up drop6
I1109 00:46:40.752460 138939 net.cpp:217] Top shape: 32 4096 (131072)
I1109 00:46:40.752831 138939 net.cpp:225] Memory required for data: 264515072
I1109 00:46:40.753087 138939 layer_factory.hpp:114] Creating layer fc7
I1109 00:46:40.753357 138939 net.cpp:160] Creating Layer fc7
I1109 00:46:40.753561 138939 net.cpp:596] fc7 <- fc6
I1109 00:46:40.753926 138939 net.cpp:570] fc7 -> fc7
I1109 00:46:42.466941 138939 net.cpp:210] Setting up fc7
I1109 00:46:42.467309 138939 net.cpp:217] Top shape: 32 4096 (131072)
I1109 00:46:42.467737 138939 net.cpp:225] Memory required for data: 265039360
I1109 00:46:42.468103 138939 layer_factory.hpp:114] Creating layer relu7
I1109 00:46:42.468443 138939 net.cpp:160] Creating Layer relu7
I1109 00:46:42.468694 138939 net.cpp:596] relu7 <- fc7
I1109 00:46:42.469012 138939 net.cpp:557] relu7 -> fc7 (in-place)
I1109 00:46:42.469473 138939 net.cpp:210] Setting up relu7
I1109 00:46:42.469761 138939 net.cpp:217] Top shape: 32 4096 (131072)
I1109 00:46:42.470016 138939 net.cpp:225] Memory required for data: 265563648
I1109 00:46:42.470259 138939 layer_factory.hpp:114] Creating layer drop7
I1109 00:46:42.470515 138939 net.cpp:160] Creating Layer drop7
I1109 00:46:42.470737 138939 net.cpp:596] drop7 <- fc7
I1109 00:46:42.471009 138939 net.cpp:557] drop7 -> fc7 (in-place)
I1109 00:46:42.471277 138939 net.cpp:210] Setting up drop7
I1109 00:46:42.471489 138939 net.cpp:217] Top shape: 32 4096 (131072)
I1109 00:46:42.471709 138939 net.cpp:225] Memory required for data: 266087936
I1109 00:46:42.471896 138939 layer_factory.hpp:114] Creating layer fc8
I1109 00:46:42.472151 138939 net.cpp:160] Creating Layer fc8
I1109 00:46:42.472347 138939 net.cpp:596] fc8 <- fc7
I1109 00:46:42.472571 138939 net.cpp:570] fc8 -> fc8
I1109 00:46:42.894155 138939 net.cpp:210] Setting up fc8
I1109 00:46:42.894506 138939 net.cpp:217] Top shape: 32 1000 (32000)
I1109 00:46:42.894898 138939 net.cpp:225] Memory required for data: 266215936
I1109 00:46:42.895233 138939 layer_factory.hpp:114] Creating layer loss
I1109 00:46:42.919967 138939 net.cpp:160] Creating Layer loss
I1109 00:46:42.920279 138939 net.cpp:596] loss <- fc8
I1109 00:46:42.921332 138939 net.cpp:596] loss <- label
I1109 00:46:42.948745 138939 net.cpp:570] loss -> loss
I1109 00:46:42.986717 138939 layer_factory.hpp:114] Creating layer loss
I1109 00:46:45.521453 138939 net.cpp:210] Setting up loss
I1109 00:46:45.569030 138939 net.cpp:217] Top shape: (1)
I1109 00:46:45.583094 138939 net.cpp:220]     with loss weight 1
I1109 00:46:45.710487 138939 net.cpp:225] Memory required for data: 266215940
I1109 00:46:45.758507 138939 net.cpp:287] loss needs backward computation.
I1109 00:46:45.846611 138939 net.cpp:287] fc8 needs backward computation.
I1109 00:46:45.853766 138939 net.cpp:287] drop7 needs backward computation.
I1109 00:46:45.864701 138939 net.cpp:287] relu7 needs backward computation.
I1109 00:46:45.865066 138939 net.cpp:287] fc7 needs backward computation.
I1109 00:46:45.867457 138939 net.cpp:287] drop6 needs backward computation.
I1109 00:46:45.867760 138939 net.cpp:287] relu6 needs backward computation.
I1109 00:46:45.868001 138939 net.cpp:287] fc6 needs backward computation.
I1109 00:46:45.868856 138939 net.cpp:287] pool5 needs backward computation.
I1109 00:46:45.869635 138939 net.cpp:287] relu5 needs backward computation.
I1109 00:46:45.869910 138939 net.cpp:287] conv5 needs backward computation.
I1109 00:46:45.870110 138939 net.cpp:287] relu4 needs backward computation.
I1109 00:46:45.870306 138939 net.cpp:287] conv4 needs backward computation.
I1109 00:46:45.870491 138939 net.cpp:287] relu3 needs backward computation.
I1109 00:46:45.870673 138939 net.cpp:287] conv3 needs backward computation.
I1109 00:46:45.882695 138939 net.cpp:287] pool2 needs backward computation.
I1109 00:46:45.883046 138939 net.cpp:287] norm2 needs backward computation.
I1109 00:46:45.883358 138939 net.cpp:287] relu2 needs backward computation.
I1109 00:46:45.883604 138939 net.cpp:287] conv2 needs backward computation.
I1109 00:46:45.883802 138939 net.cpp:287] pool1 needs backward computation.
I1109 00:46:45.883996 138939 net.cpp:287] norm1 needs backward computation.
I1109 00:46:45.884182 138939 net.cpp:287] relu1 needs backward computation.
I1109 00:46:45.884363 138939 net.cpp:287] conv1 needs backward computation.
I1109 00:46:45.897521 138939 net.cpp:289] data does not need backward computation.
I1109 00:46:45.922238 138939 net.cpp:331] This network produces output loss
I1109 00:46:45.994325 138939 net.cpp:345] Network initialization done.
I1109 00:46:46.161288 138939 caffe.cpp:452] Performing Forward
I1109 00:46:59.067812 138939 caffe.cpp:457] Initial loss: 6.98733
I1109 00:46:59.121578 138939 caffe.cpp:459] Performing Backward
I1109 00:47:04.002724 138939 caffe.cpp:468] *** Benchmark begins ***
I1109 00:47:04.015919 138939 caffe.cpp:469] Testing for 1 iterations.
I1109 00:47:04.160351 138939 caffe.cpp:482] Profiling Layer: fc7 forward
I1109 00:47:06.199748 138939 caffe.cpp:512] Iteration: 1 forward-backward time: 2030 ms.
I1109 00:47:06.359289 138939 caffe.cpp:519] Average time per layer: 
I1109 00:47:06.374714 138939 caffe.cpp:522]       data	forward: 546.954 ms.
I1109 00:47:06.443084 138939 caffe.cpp:526]       data	backward: 5.04 ms.
I1109 00:47:06.473100 138939 caffe.cpp:522]      conv1	forward: 136.753 ms.
I1109 00:47:06.484509 138939 caffe.cpp:526]      conv1	backward: 36.212 ms.
I1109 00:47:06.494390 138939 caffe.cpp:522]      relu1	forward: 15.572 ms.
I1109 00:47:06.500473 138939 caffe.cpp:526]      relu1	backward: 14.758 ms.
I1109 00:47:06.504576 138939 caffe.cpp:522]      norm1	forward: 17.202 ms.
I1109 00:47:06.514556 138939 caffe.cpp:526]      norm1	backward: 21.005 ms.
I1109 00:47:06.521674 138939 caffe.cpp:522]      pool1	forward: 19.499 ms.
I1109 00:47:06.527802 138939 caffe.cpp:526]      pool1	backward: 100.76 ms.
I1109 00:47:06.532449 138939 caffe.cpp:522]      conv2	forward: 67.721 ms.
I1109 00:47:06.533223 138939 caffe.cpp:526]      conv2	backward: 80.351 ms.
I1109 00:47:06.533496 138939 caffe.cpp:522]      relu2	forward: 18.835 ms.
I1109 00:47:06.533766 138939 caffe.cpp:526]      relu2	backward: 20.055 ms.
I1109 00:47:06.534049 138939 caffe.cpp:522]      norm2	forward: 15.22 ms.
I1109 00:47:06.534278 138939 caffe.cpp:526]      norm2	backward: 18.878 ms.
I1109 00:47:06.534474 138939 caffe.cpp:522]      pool2	forward: 12.347 ms.
I1109 00:47:06.534668 138939 caffe.cpp:526]      pool2	backward: 63.533 ms.
I1109 00:47:06.534860 138939 caffe.cpp:522]      conv3	forward: 33.468 ms.
I1109 00:47:06.535053 138939 caffe.cpp:526]      conv3	backward: 61.785 ms.
I1109 00:47:06.535244 138939 caffe.cpp:522]      relu3	forward: 9.802 ms.
I1109 00:47:06.536010 138939 caffe.cpp:526]      relu3	backward: 0.631 ms.
I1109 00:47:06.536236 138939 caffe.cpp:522]      conv4	forward: 29.229 ms.
I1109 00:47:06.536468 138939 caffe.cpp:526]      conv4	backward: 28.127 ms.
I1109 00:47:06.536676 138939 caffe.cpp:522]      relu4	forward: 6.666 ms.
I1109 00:47:06.537008 138939 caffe.cpp:526]      relu4	backward: 7.654 ms.
I1109 00:47:06.537230 138939 caffe.cpp:522]      conv5	forward: 29.38 ms.
I1109 00:47:06.537446 138939 caffe.cpp:526]      conv5	backward: 18.939 ms.
I1109 00:47:06.537653 138939 caffe.cpp:522]      relu5	forward: 15.19 ms.
I1109 00:47:06.537859 138939 caffe.cpp:526]      relu5	backward: 0.251 ms.
I1109 00:47:06.538060 138939 caffe.cpp:522]      pool5	forward: 19.485 ms.
I1109 00:47:06.538264 138939 caffe.cpp:526]      pool5	backward: 12.217 ms.
I1109 00:47:06.538467 138939 caffe.cpp:522]        fc6	forward: 42.688 ms.
I1109 00:47:06.538671 138939 caffe.cpp:526]        fc6	backward: 29.457 ms.
I1109 00:47:06.538873 138939 caffe.cpp:522]      relu6	forward: 19.725 ms.
I1109 00:47:06.539077 138939 caffe.cpp:526]      relu6	backward: 0.079 ms.
I1109 00:47:06.539886 138939 caffe.cpp:522]      drop6	forward: 32.133 ms.
I1109 00:47:06.540154 138939 caffe.cpp:526]      drop6	backward: 0.084 ms.
I1109 00:47:06.542284 138939 caffe.cpp:522]        fc7	forward: 27.841 ms.
I1109 00:47:06.542572 138939 caffe.cpp:526]        fc7	backward: 19.213 ms.
I1109 00:47:06.542877 138939 caffe.cpp:522]      relu7	forward: 11.749 ms.
I1109 00:47:06.543155 138939 caffe.cpp:526]      relu7	backward: 0.086 ms.
I1109 00:47:06.543359 138939 caffe.cpp:522]      drop7	forward: 33.293 ms.
I1109 00:47:06.543557 138939 caffe.cpp:526]      drop7	backward: 0.097 ms.
I1109 00:47:06.543750 138939 caffe.cpp:522]        fc8	forward: 17.56 ms.
I1109 00:47:06.543942 138939 caffe.cpp:526]        fc8	backward: 104.941 ms.
I1109 00:47:06.544134 138939 caffe.cpp:522]       loss	forward: 58.02 ms.
I1109 00:47:06.544324 138939 caffe.cpp:526]       loss	backward: 61.956 ms.
I1109 00:47:06.550029 138939 caffe.cpp:532] Average Forward pass: 1290.68 ms.
I1109 00:47:06.563745 138939 caffe.cpp:535] Average Backward pass: 714.9 ms.
I1109 00:47:06.574846 138939 caffe.cpp:537] Average Forward-Backward: 2487 ms.
I1109 00:47:06.589668 138939 caffe.cpp:540] Total Time: 2487 ms.
I1109 00:47:06.601802 138939 caffe.cpp:541] *** Benchmark ends ***
Search stanza is "EMIT_GLOBAL_DYNAMIC_STATS"
elements_fp_single_1 = 3415
elements_fp_single_4 = 0
elements_fp_single_8 = 2392064
elements_fp_single_16 = 67223552
elements_fp_double_1 = 0
elements_fp_double_2 = 0
elements_fp_double_4 = 0
elements_fp_double_8 = 0
--->Total single-precision FLOPs = 1094716759
--->Total double-precision FLOPs = 0
--->Total FLOPs = 1094716759
mem-read-1 = 23679
mem-read-2 = 56
mem-read-4 = 33753117
mem-read-8 = 508451
mem-read-16 = 4653930
mem-read-32 = 32768
mem-read-64 = 9261731
mem-write-1 = 62
mem-write-2 = 17
mem-write-4 = 1884
mem-write-8 = 161659
mem-write-16 = 66410
mem-write-32 = 2326528
mem-write-64 = 128419
--->Total Bytes read = 807366107
--->Total Bytes written = 85031176
--->Total Bytes = 892397283
