sde64 -knl -d -iform 1 -omix sde_knl/knl_sde_layer14_dir1.out.mix -global_region -start_ssc_mark 111:repeat -stop_ssc_mark 222:repeat -- /project/projectdirs/mpccc/tmalas/intelcaffe/install_carl/bin/caffe time -model=src/models/mkl2017_alexnet/train_val.prototxt -iterations=1 -prof_layer=14 -prof_forward_direction=1
I1109 00:13:08.531112 138227 caffe.cpp:444] Use CPU.
I1109 00:13:25.438035 138227 cpu_info.cpp:452] Processor speed [MHz]: 1400
I1109 00:13:25.493477 138227 cpu_info.cpp:455] Total number of sockets: 1
I1109 00:13:25.505009 138227 cpu_info.cpp:458] Total number of CPU cores: 68
I1109 00:13:25.517349 138227 cpu_info.cpp:461] Total number of processors: 272
I1109 00:13:25.528295 138227 cpu_info.cpp:464] GPU is used: no
I1109 00:13:25.537317 138227 cpu_info.cpp:467] OpenMP environmental variables are specified: yes
I1109 00:13:25.546159 138227 cpu_info.cpp:470] OpenMP thread bind allowed: no
I1109 00:13:25.557389 138227 cpu_info.cpp:473] Number of OpenMP threads: 16
I1109 00:13:34.250186 138227 net.cpp:484] The NetState phase (0) differed from the phase (1) specified by a rule in layer data
I1109 00:13:34.281325 138227 net.cpp:484] The NetState phase (0) differed from the phase (1) specified by a rule in layer accuracy
I1109 00:13:34.918927 138227 net.cpp:120] Initializing net from parameters: 
name: "AlexNet"
state {
  phase: TRAIN
  level: 0
  stage: ""
}
layer {
  name: "data"
  type: "DummyData"
  top: "data"
  top: "label"
  include {
    phase: TRAIN
  }
  dummy_data_param {
    data_filler {
      type: "gaussian"
      std: 1
    }
    data_filler {
      type: "constant"
      value: 0
    }
    shape {
      dim: 32
      dim: 3
      dim: 227
      dim: 227
    }
    shape {
      dim: 32
      dim: 1
      dim: 1
      dim: 1
    }
  }
}
layer {
  name: "conv1"
  type: "Convolution"
  bottom: "data"
  top: "conv1"
  param {
    lr_mult: 1
    decay_mult: 1
  }
  param {
    lr_mult: 2
    decay_mult: 0
  }
  convolution_param {
    num_output: 96
    kernel_size: 11
    stride: 4
    weight_filler {
      type: "gaussian"
      std: 0.01
    }
    bias_filler {
      type: "constant"
      value: 0
    }
    engine: MKL2017
  }
}
layer {
  name: "relu1"
  type: "ReLU"
  bottom: "conv1"
  top: "conv1"
  relu_param {
    engine: MKL2017
  }
}
layer {
  name: "norm1"
  type: "LRN"
  bottom: "conv1"
  top: "norm1"
  lrn_param {
    local_size: 5
    alpha: 0.0001
    beta: 0.75
    engine: MKL2017
  }
}
layer {
  name: "pool1"
  type: "Pooling"
  bottom: "norm1"
  top: "pool1"
  pooling_param {
    pool: MAX
    kernel_size: 3
    stride: 2
    engine: MKL2017
  }
}
layer {
  name: "conv2"
  type: "Convolution"
  bottom: "pool1"
  top: "conv2"
  param {
    lr_mult: 1
    decay_mult: 1
  }
  param {
    lr_mult: 2
    decay_mult: 0
  }
  convolution_param {
    num_output: 256
    pad: 2
    kernel_size: 5
    group: 2
    weight_filler {
      type: "gaussian"
      std: 0.01
    }
    bias_filler {
      type: "constant"
      value: 0.1
    }
    engine: MKL2017
  }
}
layer {
  name: "relu2"
  type: "ReLU"
  bottom: "conv2"
  top: "conv2"
  relu_param {
    engine: MKL2017
  }
}
layer {
  name: "norm2"
  type: "LRN"
  bottom: "conv2"
  top: "norm2"
  lrn_param {
    local_size: 5
    alpha: 0.0001
    beta: 0.75
    engine: MKL2017
  }
}
layer {
  name: "pool2"
  type: "Pooling"
  bottom: "norm2"
  top: "pool2"
  pooling_param {
    pool: MAX
    kernel_size: 3
    stride: 2
    engine: MKL2017
  }
}
layer {
  name: "conv3"
  type: "Convolution"
  bottom: "pool2"
  top: "conv3"
  param {
    lr_mult: 1
    decay_mult: 1
  }
  param {
    lr_mult: 2
    decay_mult: 0
  }
  convolution_param {
    num_output: 384
    pad: 1
    kernel_size: 3
    weight_filler {
      type: "gaussian"
      std: 0.01
    }
    bias_filler {
      type: "constant"
      value: 0
    }
    engine: MKL2017
  }
}
layer {
  name: "relu3"
  type: "ReLU"
  bottom: "conv3"
  top: "conv3"
  relu_param {
    engine: MKL2017
  }
}
layer {
  name: "conv4"
  type: "Convolution"
  bottom: "conv3"
  top: "conv4"
  param {
    lr_mult: 1
    decay_mult: 1
  }
  param {
    lr_mult: 2
    decay_mult: 0
  }
  convolution_param {
    num_output: 384
    pad: 1
    kernel_size: 3
    group: 2
    weight_filler {
      type: "gaussian"
      std: 0.01
    }
    bias_filler {
      type: "constant"
      value: 0.1
    }
    engine: MKL2017
  }
}
layer {
  name: "relu4"
  type: "ReLU"
  bottom: "conv4"
  top: "conv4"
  relu_param {
    engine: MKL2017
  }
}
layer {
  name: "conv5"
  type: "Convolution"
  bottom: "conv4"
  top: "conv5"
  param {
    lr_mult: 1
    decay_mult: 1
  }
  param {
    lr_mult: 2
    decay_mult: 0
  }
  convolution_param {
    num_output: 256
    pad: 1
    kernel_size: 3
    group: 2
    weight_filler {
      type: "gaussian"
      std: 0.01
    }
    bias_filler {
      type: "constant"
      value: 0.1
    }
    engine: MKL2017
  }
}
layer {
  name: "relu5"
  type: "ReLU"
  bottom: "conv5"
  top: "conv5"
  relu_param {
    engine: MKL2017
  }
}
layer {
  name: "pool5"
  type: "Pooling"
  bottom: "conv5"
  top: "pool5"
  pooling_param {
    pool: MAX
    kernel_size: 3
    stride: 2
    engine: MKL2017
  }
}
layer {
  name: "fc6"
  type: "InnerProduct"
  bottom: "pool5"
  top: "fc6"
  param {
    lr_mult: 1
    decay_mult: 1
  }
  param {
    lr_mult: 2
    decay_mult: 0
  }
  inner_product_param {
    num_output: 4096
    weight_filler {
      type: "gaussian"
      std: 0.005
    }
    bias_filler {
      type: "constant"
      value: 0.1
    }
  }
}
layer {
  name: "relu6"
  type: "ReLU"
  bottom: "fc6"
  top: "fc6"
}
layer {
  name: "drop6"
  type: "Dropout"
  bottom: "fc6"
  top: "fc6"
  dropout_param {
    dropout_ratio: 0.5
  }
}
layer {
  name: "fc7"
  type: "InnerProduct"
  bottom: "fc6"
  top: "fc7"
  param {
    lr_mult: 1
    decay_mult: 1
  }
  param {
    lr_mult: 2
    decay_mult: 0
  }
  inner_product_param {
    num_output: 4096
    weight_filler {
      type: "gaussian"
      std: 0.005
    }
    bias_filler {
      type: "constant"
      value: 0.1
    }
  }
}
layer {
  name: "relu7"
  type: "ReLU"
  bottom: "fc7"
  top: "fc7"
}
layer {
  name: "drop7"
  type: "Dropout"
  bottom: "fc7"
  top: "fc7"
  dropout_param {
    dropout_ratio: 0.5
  }
}
layer {
  name: "fc8"
  type: "InnerProduct"
  bottom: "fc7"
  top: "fc8"
  param {
    lr_mult: 1
    decay_mult: 1
  }
  param {
    lr_mult: 2
    decay_mult: 0
  }
  inner_product_param {
    num_output: 1000
    weight_filler {
      type: "gaussian"
      std: 0.01
    }
    bias_filler {
      type: "constant"
      value: 0
    }
  }
}
layer {
  name: "loss"
  type: "SoftmaxWithLoss"
  bottom: "fc8"
  bottom: "label"
  top: "loss"
}
I1109 00:13:37.377408 138227 layer_factory.hpp:114] Creating layer data
I1109 00:13:37.524098 138227 net.cpp:160] Creating Layer data
I1109 00:13:37.571931 138227 net.cpp:570] data -> data
I1109 00:13:38.041154 138227 net.cpp:570] data -> label
I1109 00:13:45.100064 138227 net.cpp:210] Setting up data
I1109 00:13:45.189648 138227 net.cpp:217] Top shape: 32 3 227 227 (4946784)
I1109 00:13:45.293071 138227 net.cpp:217] Top shape: 32 1 1 1 (32)
I1109 00:13:45.300104 138227 net.cpp:225] Memory required for data: 19787264
I1109 00:13:45.367542 138227 layer_factory.hpp:114] Creating layer conv1
I1109 00:13:45.697146 138227 net.cpp:160] Creating Layer conv1
I1109 00:13:45.747350 138227 net.cpp:596] conv1 <- data
I1109 00:13:45.867130 138227 net.cpp:570] conv1 -> conv1
I1109 00:14:18.811393 138227 net.cpp:210] Setting up conv1
I1109 00:14:18.818219 138227 net.cpp:217] Top shape: 32 96 55 55 (9292800)
I1109 00:14:18.818612 138227 net.cpp:225] Memory required for data: 56958464
I1109 00:14:19.099093 138227 layer_factory.hpp:114] Creating layer relu1
I1109 00:14:19.223506 138227 net.cpp:160] Creating Layer relu1
I1109 00:14:19.228382 138227 net.cpp:596] relu1 <- conv1
I1109 00:14:19.261659 138227 net.cpp:557] relu1 -> conv1 (in-place)
I1109 00:14:19.453737 138227 net.cpp:210] Setting up relu1
I1109 00:14:19.456163 138227 net.cpp:217] Top shape: 32 96 55 55 (9292800)
I1109 00:14:19.456498 138227 net.cpp:225] Memory required for data: 94129664
I1109 00:14:19.456732 138227 layer_factory.hpp:114] Creating layer norm1
I1109 00:14:19.563138 138227 net.cpp:160] Creating Layer norm1
I1109 00:14:19.563467 138227 net.cpp:596] norm1 <- conv1
I1109 00:14:19.566150 138227 net.cpp:570] norm1 -> norm1
I1109 00:14:19.790024 138227 net.cpp:210] Setting up norm1
I1109 00:14:19.802891 138227 net.cpp:217] Top shape: 32 96 55 55 (9292800)
I1109 00:14:19.803274 138227 net.cpp:225] Memory required for data: 131300864
I1109 00:14:19.803611 138227 layer_factory.hpp:114] Creating layer pool1
I1109 00:14:19.897791 138227 net.cpp:160] Creating Layer pool1
I1109 00:14:19.898104 138227 net.cpp:596] pool1 <- norm1
I1109 00:14:19.912900 138227 net.cpp:570] pool1 -> pool1
I1109 00:14:20.216277 138227 net.cpp:210] Setting up pool1
I1109 00:14:20.218906 138227 net.cpp:217] Top shape: 32 96 27 27 (2239488)
I1109 00:14:20.219296 138227 net.cpp:225] Memory required for data: 140258816
I1109 00:14:20.219540 138227 layer_factory.hpp:114] Creating layer conv2
I1109 00:14:20.219956 138227 net.cpp:160] Creating Layer conv2
I1109 00:14:20.220201 138227 net.cpp:596] conv2 <- pool1
I1109 00:14:20.220458 138227 net.cpp:570] conv2 -> conv2
I1109 00:14:25.986338 138227 net.cpp:210] Setting up conv2
I1109 00:14:25.986673 138227 net.cpp:217] Top shape: 32 256 27 27 (5971968)
I1109 00:14:25.987068 138227 net.cpp:225] Memory required for data: 164146688
I1109 00:14:26.038014 138227 layer_factory.hpp:114] Creating layer relu2
I1109 00:14:26.038437 138227 net.cpp:160] Creating Layer relu2
I1109 00:14:26.038811 138227 net.cpp:596] relu2 <- conv2
I1109 00:14:26.039072 138227 net.cpp:557] relu2 -> conv2 (in-place)
I1109 00:14:26.039539 138227 net.cpp:210] Setting up relu2
I1109 00:14:26.039808 138227 net.cpp:217] Top shape: 32 256 27 27 (5971968)
I1109 00:14:26.040037 138227 net.cpp:225] Memory required for data: 188034560
I1109 00:14:26.040220 138227 layer_factory.hpp:114] Creating layer norm2
I1109 00:14:26.040462 138227 net.cpp:160] Creating Layer norm2
I1109 00:14:26.040660 138227 net.cpp:596] norm2 <- conv2
I1109 00:14:26.040971 138227 net.cpp:570] norm2 -> norm2
I1109 00:14:26.043033 138227 net.cpp:210] Setting up norm2
I1109 00:14:26.043341 138227 net.cpp:217] Top shape: 32 256 27 27 (5971968)
I1109 00:14:26.043573 138227 net.cpp:225] Memory required for data: 211922432
I1109 00:14:26.043761 138227 layer_factory.hpp:114] Creating layer pool2
I1109 00:14:26.044073 138227 net.cpp:160] Creating Layer pool2
I1109 00:14:26.044317 138227 net.cpp:596] pool2 <- norm2
I1109 00:14:26.044711 138227 net.cpp:570] pool2 -> pool2
I1109 00:14:26.045213 138227 net.cpp:210] Setting up pool2
I1109 00:14:26.045454 138227 net.cpp:217] Top shape: 32 256 13 13 (1384448)
I1109 00:14:26.045676 138227 net.cpp:225] Memory required for data: 217460224
I1109 00:14:26.045871 138227 layer_factory.hpp:114] Creating layer conv3
I1109 00:14:26.046196 138227 net.cpp:160] Creating Layer conv3
I1109 00:14:26.046413 138227 net.cpp:596] conv3 <- pool2
I1109 00:14:26.046653 138227 net.cpp:570] conv3 -> conv3
I1109 00:14:26.529115 138227 net.cpp:210] Setting up conv3
I1109 00:14:26.531582 138227 net.cpp:217] Top shape: 32 384 13 13 (2076672)
I1109 00:14:26.531947 138227 net.cpp:225] Memory required for data: 225766912
I1109 00:14:26.535118 138227 layer_factory.hpp:114] Creating layer relu3
I1109 00:14:26.535534 138227 net.cpp:160] Creating Layer relu3
I1109 00:14:26.535851 138227 net.cpp:596] relu3 <- conv3
I1109 00:14:26.536142 138227 net.cpp:557] relu3 -> conv3 (in-place)
I1109 00:14:26.540434 138227 net.cpp:210] Setting up relu3
I1109 00:14:26.540760 138227 net.cpp:217] Top shape: 32 384 13 13 (2076672)
I1109 00:14:26.541151 138227 net.cpp:225] Memory required for data: 234073600
I1109 00:14:26.541416 138227 layer_factory.hpp:114] Creating layer conv4
I1109 00:14:26.541807 138227 net.cpp:160] Creating Layer conv4
I1109 00:14:26.542083 138227 net.cpp:596] conv4 <- conv3
I1109 00:14:26.542393 138227 net.cpp:570] conv4 -> conv4
I1109 00:14:26.787066 138227 net.cpp:210] Setting up conv4
I1109 00:14:26.787457 138227 net.cpp:217] Top shape: 32 384 13 13 (2076672)
I1109 00:14:26.787928 138227 net.cpp:225] Memory required for data: 242380288
I1109 00:14:26.788282 138227 layer_factory.hpp:114] Creating layer relu4
I1109 00:14:26.788591 138227 net.cpp:160] Creating Layer relu4
I1109 00:14:26.788877 138227 net.cpp:596] relu4 <- conv4
I1109 00:14:26.789145 138227 net.cpp:557] relu4 -> conv4 (in-place)
I1109 00:14:26.801497 138227 net.cpp:210] Setting up relu4
I1109 00:14:26.801844 138227 net.cpp:217] Top shape: 32 384 13 13 (2076672)
I1109 00:14:26.802253 138227 net.cpp:225] Memory required for data: 250686976
I1109 00:14:26.802469 138227 layer_factory.hpp:114] Creating layer conv5
I1109 00:14:26.802835 138227 net.cpp:160] Creating Layer conv5
I1109 00:14:26.803084 138227 net.cpp:596] conv5 <- conv4
I1109 00:14:26.803331 138227 net.cpp:570] conv5 -> conv5
I1109 00:14:26.971882 138227 net.cpp:210] Setting up conv5
I1109 00:14:26.972270 138227 net.cpp:217] Top shape: 32 256 13 13 (1384448)
I1109 00:14:26.972698 138227 net.cpp:225] Memory required for data: 256224768
I1109 00:14:26.977475 138227 layer_factory.hpp:114] Creating layer relu5
I1109 00:14:26.977921 138227 net.cpp:160] Creating Layer relu5
I1109 00:14:26.978191 138227 net.cpp:596] relu5 <- conv5
I1109 00:14:26.978482 138227 net.cpp:557] relu5 -> conv5 (in-place)
I1109 00:14:26.979048 138227 net.cpp:210] Setting up relu5
I1109 00:14:26.979343 138227 net.cpp:217] Top shape: 32 256 13 13 (1384448)
I1109 00:14:26.979593 138227 net.cpp:225] Memory required for data: 261762560
I1109 00:14:26.979802 138227 layer_factory.hpp:114] Creating layer pool5
I1109 00:14:26.980067 138227 net.cpp:160] Creating Layer pool5
I1109 00:14:26.980285 138227 net.cpp:596] pool5 <- conv5
I1109 00:14:26.980514 138227 net.cpp:570] pool5 -> pool5
I1109 00:14:26.981001 138227 net.cpp:210] Setting up pool5
I1109 00:14:26.981341 138227 net.cpp:217] Top shape: 32 256 6 6 (294912)
I1109 00:14:26.981577 138227 net.cpp:225] Memory required for data: 262942208
I1109 00:14:26.981763 138227 layer_factory.hpp:114] Creating layer fc6
I1109 00:14:27.036260 138227 net.cpp:160] Creating Layer fc6
I1109 00:14:27.036568 138227 net.cpp:596] fc6 <- pool5
I1109 00:14:27.036983 138227 net.cpp:570] fc6 -> fc6
I1109 00:14:31.176061 138227 net.cpp:210] Setting up fc6
I1109 00:14:31.176398 138227 net.cpp:217] Top shape: 32 4096 (131072)
I1109 00:14:31.178603 138227 net.cpp:225] Memory required for data: 263466496
I1109 00:14:31.178920 138227 layer_factory.hpp:114] Creating layer relu6
I1109 00:14:31.181476 138227 net.cpp:160] Creating Layer relu6
I1109 00:14:31.181772 138227 net.cpp:596] relu6 <- fc6
I1109 00:14:31.182005 138227 net.cpp:557] relu6 -> fc6 (in-place)
I1109 00:14:31.182428 138227 net.cpp:210] Setting up relu6
I1109 00:14:31.182683 138227 net.cpp:217] Top shape: 32 4096 (131072)
I1109 00:14:31.182907 138227 net.cpp:225] Memory required for data: 263990784
I1109 00:14:31.183092 138227 layer_factory.hpp:114] Creating layer drop6
I1109 00:14:31.203398 138227 net.cpp:160] Creating Layer drop6
I1109 00:14:31.203704 138227 net.cpp:596] drop6 <- fc6
I1109 00:14:31.204061 138227 net.cpp:557] drop6 -> fc6 (in-place)
I1109 00:14:31.307080 138227 net.cpp:210] Setting up drop6
I1109 00:14:31.307375 138227 net.cpp:217] Top shape: 32 4096 (131072)
I1109 00:14:31.307714 138227 net.cpp:225] Memory required for data: 264515072
I1109 00:14:31.307958 138227 layer_factory.hpp:114] Creating layer fc7
I1109 00:14:31.308248 138227 net.cpp:160] Creating Layer fc7
I1109 00:14:31.308465 138227 net.cpp:596] fc7 <- fc6
I1109 00:14:31.308869 138227 net.cpp:570] fc7 -> fc7
I1109 00:14:33.033073 138227 net.cpp:210] Setting up fc7
I1109 00:14:33.033426 138227 net.cpp:217] Top shape: 32 4096 (131072)
I1109 00:14:33.033823 138227 net.cpp:225] Memory required for data: 265039360
I1109 00:14:33.034173 138227 layer_factory.hpp:114] Creating layer relu7
I1109 00:14:33.034492 138227 net.cpp:160] Creating Layer relu7
I1109 00:14:33.034736 138227 net.cpp:596] relu7 <- fc7
I1109 00:14:33.034976 138227 net.cpp:557] relu7 -> fc7 (in-place)
I1109 00:14:33.035410 138227 net.cpp:210] Setting up relu7
I1109 00:14:33.035688 138227 net.cpp:217] Top shape: 32 4096 (131072)
I1109 00:14:33.035926 138227 net.cpp:225] Memory required for data: 265563648
I1109 00:14:33.036151 138227 layer_factory.hpp:114] Creating layer drop7
I1109 00:14:33.036396 138227 net.cpp:160] Creating Layer drop7
I1109 00:14:33.036617 138227 net.cpp:596] drop7 <- fc7
I1109 00:14:33.036924 138227 net.cpp:557] drop7 -> fc7 (in-place)
I1109 00:14:33.037212 138227 net.cpp:210] Setting up drop7
I1109 00:14:33.037421 138227 net.cpp:217] Top shape: 32 4096 (131072)
I1109 00:14:33.037634 138227 net.cpp:225] Memory required for data: 266087936
I1109 00:14:33.037816 138227 layer_factory.hpp:114] Creating layer fc8
I1109 00:14:33.038086 138227 net.cpp:160] Creating Layer fc8
I1109 00:14:33.038290 138227 net.cpp:596] fc8 <- fc7
I1109 00:14:33.038518 138227 net.cpp:570] fc8 -> fc8
I1109 00:14:33.462442 138227 net.cpp:210] Setting up fc8
I1109 00:14:33.462785 138227 net.cpp:217] Top shape: 32 1000 (32000)
I1109 00:14:33.463162 138227 net.cpp:225] Memory required for data: 266215936
I1109 00:14:33.463485 138227 layer_factory.hpp:114] Creating layer loss
I1109 00:14:33.487959 138227 net.cpp:160] Creating Layer loss
I1109 00:14:33.488276 138227 net.cpp:596] loss <- fc8
I1109 00:14:33.489321 138227 net.cpp:596] loss <- label
I1109 00:14:33.516728 138227 net.cpp:570] loss -> loss
I1109 00:14:33.554787 138227 layer_factory.hpp:114] Creating layer loss
I1109 00:14:36.109774 138227 net.cpp:210] Setting up loss
I1109 00:14:36.160882 138227 net.cpp:217] Top shape: (1)
I1109 00:14:36.173784 138227 net.cpp:220]     with loss weight 1
I1109 00:14:36.299098 138227 net.cpp:225] Memory required for data: 266215940
I1109 00:14:36.343452 138227 net.cpp:287] loss needs backward computation.
I1109 00:14:36.431542 138227 net.cpp:287] fc8 needs backward computation.
I1109 00:14:36.438907 138227 net.cpp:287] drop7 needs backward computation.
I1109 00:14:36.450032 138227 net.cpp:287] relu7 needs backward computation.
I1109 00:14:36.450353 138227 net.cpp:287] fc7 needs backward computation.
I1109 00:14:36.452821 138227 net.cpp:287] drop6 needs backward computation.
I1109 00:14:36.453233 138227 net.cpp:287] relu6 needs backward computation.
I1109 00:14:36.453511 138227 net.cpp:287] fc6 needs backward computation.
I1109 00:14:36.454188 138227 net.cpp:287] pool5 needs backward computation.
I1109 00:14:36.454943 138227 net.cpp:287] relu5 needs backward computation.
I1109 00:14:36.455214 138227 net.cpp:287] conv5 needs backward computation.
I1109 00:14:36.455447 138227 net.cpp:287] relu4 needs backward computation.
I1109 00:14:36.455649 138227 net.cpp:287] conv4 needs backward computation.
I1109 00:14:36.455966 138227 net.cpp:287] relu3 needs backward computation.
I1109 00:14:36.456220 138227 net.cpp:287] conv3 needs backward computation.
I1109 00:14:36.468556 138227 net.cpp:287] pool2 needs backward computation.
I1109 00:14:36.468945 138227 net.cpp:287] norm2 needs backward computation.
I1109 00:14:36.469279 138227 net.cpp:287] relu2 needs backward computation.
I1109 00:14:36.469501 138227 net.cpp:287] conv2 needs backward computation.
I1109 00:14:36.469688 138227 net.cpp:287] pool1 needs backward computation.
I1109 00:14:36.469868 138227 net.cpp:287] norm1 needs backward computation.
I1109 00:14:36.470047 138227 net.cpp:287] relu1 needs backward computation.
I1109 00:14:36.470222 138227 net.cpp:287] conv1 needs backward computation.
I1109 00:14:36.482621 138227 net.cpp:289] data does not need backward computation.
I1109 00:14:36.507200 138227 net.cpp:331] This network produces output loss
I1109 00:14:36.578672 138227 net.cpp:345] Network initialization done.
I1109 00:14:36.747288 138227 caffe.cpp:452] Performing Forward
I1109 00:14:49.703694 138227 caffe.cpp:457] Initial loss: 6.80725
I1109 00:14:49.757824 138227 caffe.cpp:459] Performing Backward
I1109 00:14:54.393213 138227 caffe.cpp:468] *** Benchmark begins ***
I1109 00:14:54.404510 138227 caffe.cpp:469] Testing for 1 iterations.
I1109 00:14:54.546049 138227 caffe.cpp:482] Profiling Layer: relu5 forward
I1109 00:14:56.640915 138227 caffe.cpp:512] Iteration: 1 forward-backward time: 2083 ms.
I1109 00:14:56.802152 138227 caffe.cpp:519] Average time per layer: 
I1109 00:14:56.819448 138227 caffe.cpp:522]       data	forward: 548.628 ms.
I1109 00:14:56.894654 138227 caffe.cpp:526]       data	backward: 5.093 ms.
I1109 00:14:56.919772 138227 caffe.cpp:522]      conv1	forward: 131.248 ms.
I1109 00:14:56.929770 138227 caffe.cpp:526]      conv1	backward: 47.362 ms.
I1109 00:14:56.932312 138227 caffe.cpp:522]      relu1	forward: 16.218 ms.
I1109 00:14:56.934458 138227 caffe.cpp:526]      relu1	backward: 19.784 ms.
I1109 00:14:56.936883 138227 caffe.cpp:522]      norm1	forward: 21.501 ms.
I1109 00:14:56.940851 138227 caffe.cpp:526]      norm1	backward: 21.825 ms.
I1109 00:14:56.950522 138227 caffe.cpp:522]      pool1	forward: 19.178 ms.
I1109 00:14:56.960294 138227 caffe.cpp:526]      pool1	backward: 79.509 ms.
I1109 00:14:56.971456 138227 caffe.cpp:522]      conv2	forward: 68.737 ms.
I1109 00:14:56.977494 138227 caffe.cpp:526]      conv2	backward: 79.79 ms.
I1109 00:14:56.989898 138227 caffe.cpp:522]      relu2	forward: 14.812 ms.
I1109 00:14:56.996035 138227 caffe.cpp:526]      relu2	backward: 14.69 ms.
I1109 00:14:56.999953 138227 caffe.cpp:522]      norm2	forward: 16.654 ms.
I1109 00:14:57.007766 138227 caffe.cpp:526]      norm2	backward: 18.001 ms.
I1109 00:14:57.011215 138227 caffe.cpp:522]      pool2	forward: 14.455 ms.
I1109 00:14:57.011461 138227 caffe.cpp:526]      pool2	backward: 62.506 ms.
I1109 00:14:57.011660 138227 caffe.cpp:522]      conv3	forward: 42.064 ms.
I1109 00:14:57.011857 138227 caffe.cpp:526]      conv3	backward: 86.877 ms.
I1109 00:14:57.012053 138227 caffe.cpp:522]      relu3	forward: 13.06 ms.
I1109 00:14:57.012246 138227 caffe.cpp:526]      relu3	backward: 0.693 ms.
I1109 00:14:57.012456 138227 caffe.cpp:522]      conv4	forward: 28.926 ms.
I1109 00:14:57.012650 138227 caffe.cpp:526]      conv4	backward: 27.994 ms.
I1109 00:14:57.012886 138227 caffe.cpp:522]      relu4	forward: 16.955 ms.
I1109 00:14:57.013125 138227 caffe.cpp:526]      relu4	backward: 7.546 ms.
I1109 00:14:57.013350 138227 caffe.cpp:522]      conv5	forward: 35.411 ms.
I1109 00:14:57.013664 138227 caffe.cpp:526]      conv5	backward: 18.793 ms.
I1109 00:14:57.013898 138227 caffe.cpp:522]      relu5	forward: 32.422 ms.
I1109 00:14:57.014092 138227 caffe.cpp:526]      relu5	backward: 0.236 ms.
I1109 00:14:57.014283 138227 caffe.cpp:522]      pool5	forward: 13.759 ms.
I1109 00:14:57.014475 138227 caffe.cpp:526]      pool5	backward: 11.974 ms.
I1109 00:14:57.014667 138227 caffe.cpp:522]        fc6	forward: 47.198 ms.
I1109 00:14:57.014858 138227 caffe.cpp:526]        fc6	backward: 33.06 ms.
I1109 00:14:57.015049 138227 caffe.cpp:522]      relu6	forward: 14.55 ms.
I1109 00:14:57.015240 138227 caffe.cpp:526]      relu6	backward: 0.08 ms.
I1109 00:14:57.017873 138227 caffe.cpp:522]      drop6	forward: 31.632 ms.
I1109 00:14:57.018129 138227 caffe.cpp:526]      drop6	backward: 0.086 ms.
I1109 00:14:57.018333 138227 caffe.cpp:522]        fc7	forward: 13.592 ms.
I1109 00:14:57.018566 138227 caffe.cpp:526]        fc7	backward: 20.304 ms.
I1109 00:14:57.018779 138227 caffe.cpp:522]      relu7	forward: 14.4 ms.
I1109 00:14:57.019091 138227 caffe.cpp:526]      relu7	backward: 0.089 ms.
I1109 00:14:57.019335 138227 caffe.cpp:522]      drop7	forward: 34.839 ms.
I1109 00:14:57.019605 138227 caffe.cpp:526]      drop7	backward: 0.095 ms.
I1109 00:14:57.019829 138227 caffe.cpp:522]        fc8	forward: 18.497 ms.
I1109 00:14:57.020022 138227 caffe.cpp:526]        fc8	backward: 95.382 ms.
I1109 00:14:57.020215 138227 caffe.cpp:522]       loss	forward: 53.823 ms.
I1109 00:14:57.020406 138227 caffe.cpp:526]       loss	backward: 69.217 ms.
I1109 00:14:57.026073 138227 caffe.cpp:532] Average Forward pass: 1324.11 ms.
I1109 00:14:57.040618 138227 caffe.cpp:535] Average Backward pass: 729.76 ms.
I1109 00:14:57.051414 138227 caffe.cpp:537] Average Forward-Backward: 2579 ms.
I1109 00:14:57.066018 138227 caffe.cpp:540] Total Time: 2579 ms.
I1109 00:14:57.078101 138227 caffe.cpp:541] *** Benchmark ends ***
Search stanza is "EMIT_GLOBAL_DYNAMIC_STATS"
elements_fp_single_1 = 1
elements_fp_single_4 = 0
elements_fp_single_8 = 0
elements_fp_single_16 = 86528
elements_fp_double_1 = 0
elements_fp_double_2 = 86528
elements_fp_double_4 = 0
elements_fp_double_8 = 0
--->Total single-precision FLOPs = 1384449
--->Total double-precision FLOPs = 173056
--->Total FLOPs = 1557505
mem-read-1 = 31052
mem-read-2 = 34
mem-read-4 = 249324
mem-read-8 = 345753
mem-read-16 = 0
mem-read-32 = 1
mem-read-64 = 173073
mem-write-1 = 50
mem-write-2 = 17
mem-write-4 = 568
mem-write-8 = 33174
mem-write-16 = 0
mem-write-32 = 1
mem-write-64 = 86529
--->Total Bytes read = 14871144
--->Total Bytes written = 5805636
--->Total Bytes = 20676780
