sde64 -knl -d -iform 1 -omix sde_knl/knl_sde_layer22_dir1.out.mix -global_region -start_ssc_mark 111:repeat -stop_ssc_mark 222:repeat -- /project/projectdirs/mpccc/tmalas/intelcaffe/install_carl/bin/caffe time -model=src/models/mkl2017_alexnet/train_val.prototxt -iterations=1 -prof_layer=22 -prof_forward_direction=1
I1109 01:05:20.940774 139398 caffe.cpp:444] Use CPU.
I1109 01:05:37.851802 139398 cpu_info.cpp:452] Processor speed [MHz]: 1400
I1109 01:05:37.907738 139398 cpu_info.cpp:455] Total number of sockets: 1
I1109 01:05:37.919173 139398 cpu_info.cpp:458] Total number of CPU cores: 68
I1109 01:05:37.931387 139398 cpu_info.cpp:461] Total number of processors: 272
I1109 01:05:37.942466 139398 cpu_info.cpp:464] GPU is used: no
I1109 01:05:37.951444 139398 cpu_info.cpp:467] OpenMP environmental variables are specified: yes
I1109 01:05:37.960156 139398 cpu_info.cpp:470] OpenMP thread bind allowed: no
I1109 01:05:37.970952 139398 cpu_info.cpp:473] Number of OpenMP threads: 16
I1109 01:05:46.744981 139398 net.cpp:484] The NetState phase (0) differed from the phase (1) specified by a rule in layer data
I1109 01:05:46.777665 139398 net.cpp:484] The NetState phase (0) differed from the phase (1) specified by a rule in layer accuracy
I1109 01:05:47.407905 139398 net.cpp:120] Initializing net from parameters: 
name: "AlexNet"
state {
  phase: TRAIN
  level: 0
  stage: ""
}
layer {
  name: "data"
  type: "DummyData"
  top: "data"
  top: "label"
  include {
    phase: TRAIN
  }
  dummy_data_param {
    data_filler {
      type: "gaussian"
      std: 1
    }
    data_filler {
      type: "constant"
      value: 0
    }
    shape {
      dim: 32
      dim: 3
      dim: 227
      dim: 227
    }
    shape {
      dim: 32
      dim: 1
      dim: 1
      dim: 1
    }
  }
}
layer {
  name: "conv1"
  type: "Convolution"
  bottom: "data"
  top: "conv1"
  param {
    lr_mult: 1
    decay_mult: 1
  }
  param {
    lr_mult: 2
    decay_mult: 0
  }
  convolution_param {
    num_output: 96
    kernel_size: 11
    stride: 4
    weight_filler {
      type: "gaussian"
      std: 0.01
    }
    bias_filler {
      type: "constant"
      value: 0
    }
    engine: MKL2017
  }
}
layer {
  name: "relu1"
  type: "ReLU"
  bottom: "conv1"
  top: "conv1"
  relu_param {
    engine: MKL2017
  }
}
layer {
  name: "norm1"
  type: "LRN"
  bottom: "conv1"
  top: "norm1"
  lrn_param {
    local_size: 5
    alpha: 0.0001
    beta: 0.75
    engine: MKL2017
  }
}
layer {
  name: "pool1"
  type: "Pooling"
  bottom: "norm1"
  top: "pool1"
  pooling_param {
    pool: MAX
    kernel_size: 3
    stride: 2
    engine: MKL2017
  }
}
layer {
  name: "conv2"
  type: "Convolution"
  bottom: "pool1"
  top: "conv2"
  param {
    lr_mult: 1
    decay_mult: 1
  }
  param {
    lr_mult: 2
    decay_mult: 0
  }
  convolution_param {
    num_output: 256
    pad: 2
    kernel_size: 5
    group: 2
    weight_filler {
      type: "gaussian"
      std: 0.01
    }
    bias_filler {
      type: "constant"
      value: 0.1
    }
    engine: MKL2017
  }
}
layer {
  name: "relu2"
  type: "ReLU"
  bottom: "conv2"
  top: "conv2"
  relu_param {
    engine: MKL2017
  }
}
layer {
  name: "norm2"
  type: "LRN"
  bottom: "conv2"
  top: "norm2"
  lrn_param {
    local_size: 5
    alpha: 0.0001
    beta: 0.75
    engine: MKL2017
  }
}
layer {
  name: "pool2"
  type: "Pooling"
  bottom: "norm2"
  top: "pool2"
  pooling_param {
    pool: MAX
    kernel_size: 3
    stride: 2
    engine: MKL2017
  }
}
layer {
  name: "conv3"
  type: "Convolution"
  bottom: "pool2"
  top: "conv3"
  param {
    lr_mult: 1
    decay_mult: 1
  }
  param {
    lr_mult: 2
    decay_mult: 0
  }
  convolution_param {
    num_output: 384
    pad: 1
    kernel_size: 3
    weight_filler {
      type: "gaussian"
      std: 0.01
    }
    bias_filler {
      type: "constant"
      value: 0
    }
    engine: MKL2017
  }
}
layer {
  name: "relu3"
  type: "ReLU"
  bottom: "conv3"
  top: "conv3"
  relu_param {
    engine: MKL2017
  }
}
layer {
  name: "conv4"
  type: "Convolution"
  bottom: "conv3"
  top: "conv4"
  param {
    lr_mult: 1
    decay_mult: 1
  }
  param {
    lr_mult: 2
    decay_mult: 0
  }
  convolution_param {
    num_output: 384
    pad: 1
    kernel_size: 3
    group: 2
    weight_filler {
      type: "gaussian"
      std: 0.01
    }
    bias_filler {
      type: "constant"
      value: 0.1
    }
    engine: MKL2017
  }
}
layer {
  name: "relu4"
  type: "ReLU"
  bottom: "conv4"
  top: "conv4"
  relu_param {
    engine: MKL2017
  }
}
layer {
  name: "conv5"
  type: "Convolution"
  bottom: "conv4"
  top: "conv5"
  param {
    lr_mult: 1
    decay_mult: 1
  }
  param {
    lr_mult: 2
    decay_mult: 0
  }
  convolution_param {
    num_output: 256
    pad: 1
    kernel_size: 3
    group: 2
    weight_filler {
      type: "gaussian"
      std: 0.01
    }
    bias_filler {
      type: "constant"
      value: 0.1
    }
    engine: MKL2017
  }
}
layer {
  name: "relu5"
  type: "ReLU"
  bottom: "conv5"
  top: "conv5"
  relu_param {
    engine: MKL2017
  }
}
layer {
  name: "pool5"
  type: "Pooling"
  bottom: "conv5"
  top: "pool5"
  pooling_param {
    pool: MAX
    kernel_size: 3
    stride: 2
    engine: MKL2017
  }
}
layer {
  name: "fc6"
  type: "InnerProduct"
  bottom: "pool5"
  top: "fc6"
  param {
    lr_mult: 1
    decay_mult: 1
  }
  param {
    lr_mult: 2
    decay_mult: 0
  }
  inner_product_param {
    num_output: 4096
    weight_filler {
      type: "gaussian"
      std: 0.005
    }
    bias_filler {
      type: "constant"
      value: 0.1
    }
  }
}
layer {
  name: "relu6"
  type: "ReLU"
  bottom: "fc6"
  top: "fc6"
}
layer {
  name: "drop6"
  type: "Dropout"
  bottom: "fc6"
  top: "fc6"
  dropout_param {
    dropout_ratio: 0.5
  }
}
layer {
  name: "fc7"
  type: "InnerProduct"
  bottom: "fc6"
  top: "fc7"
  param {
    lr_mult: 1
    decay_mult: 1
  }
  param {
    lr_mult: 2
    decay_mult: 0
  }
  inner_product_param {
    num_output: 4096
    weight_filler {
      type: "gaussian"
      std: 0.005
    }
    bias_filler {
      type: "constant"
      value: 0.1
    }
  }
}
layer {
  name: "relu7"
  type: "ReLU"
  bottom: "fc7"
  top: "fc7"
}
layer {
  name: "drop7"
  type: "Dropout"
  bottom: "fc7"
  top: "fc7"
  dropout_param {
    dropout_ratio: 0.5
  }
}
layer {
  name: "fc8"
  type: "InnerProduct"
  bottom: "fc7"
  top: "fc8"
  param {
    lr_mult: 1
    decay_mult: 1
  }
  param {
    lr_mult: 2
    decay_mult: 0
  }
  inner_product_param {
    num_output: 1000
    weight_filler {
      type: "gaussian"
      std: 0.01
    }
    bias_filler {
      type: "constant"
      value: 0
    }
  }
}
layer {
  name: "loss"
  type: "SoftmaxWithLoss"
  bottom: "fc8"
  bottom: "label"
  top: "loss"
}
I1109 01:05:49.854411 139398 layer_factory.hpp:114] Creating layer data
I1109 01:05:50.001531 139398 net.cpp:160] Creating Layer data
I1109 01:05:50.053915 139398 net.cpp:570] data -> data
I1109 01:05:50.517240 139398 net.cpp:570] data -> label
I1109 01:05:57.558506 139398 net.cpp:210] Setting up data
I1109 01:05:57.637676 139398 net.cpp:217] Top shape: 32 3 227 227 (4946784)
I1109 01:05:57.741070 139398 net.cpp:217] Top shape: 32 1 1 1 (32)
I1109 01:05:57.749694 139398 net.cpp:225] Memory required for data: 19787264
I1109 01:05:57.817173 139398 layer_factory.hpp:114] Creating layer conv1
I1109 01:05:58.144606 139398 net.cpp:160] Creating Layer conv1
I1109 01:05:58.194352 139398 net.cpp:596] conv1 <- data
I1109 01:05:58.313441 139398 net.cpp:570] conv1 -> conv1
I1109 01:06:30.922826 139398 net.cpp:210] Setting up conv1
I1109 01:06:30.929150 139398 net.cpp:217] Top shape: 32 96 55 55 (9292800)
I1109 01:06:30.929522 139398 net.cpp:225] Memory required for data: 56958464
I1109 01:06:31.211264 139398 layer_factory.hpp:114] Creating layer relu1
I1109 01:06:31.330607 139398 net.cpp:160] Creating Layer relu1
I1109 01:06:31.335224 139398 net.cpp:596] relu1 <- conv1
I1109 01:06:31.367156 139398 net.cpp:557] relu1 -> conv1 (in-place)
I1109 01:06:31.557564 139398 net.cpp:210] Setting up relu1
I1109 01:06:31.559989 139398 net.cpp:217] Top shape: 32 96 55 55 (9292800)
I1109 01:06:31.560333 139398 net.cpp:225] Memory required for data: 94129664
I1109 01:06:31.560572 139398 layer_factory.hpp:114] Creating layer norm1
I1109 01:06:31.665736 139398 net.cpp:160] Creating Layer norm1
I1109 01:06:31.666050 139398 net.cpp:596] norm1 <- conv1
I1109 01:06:31.668558 139398 net.cpp:570] norm1 -> norm1
I1109 01:06:31.892691 139398 net.cpp:210] Setting up norm1
I1109 01:06:31.905674 139398 net.cpp:217] Top shape: 32 96 55 55 (9292800)
I1109 01:06:31.906055 139398 net.cpp:225] Memory required for data: 131300864
I1109 01:06:31.906363 139398 layer_factory.hpp:114] Creating layer pool1
I1109 01:06:31.999116 139398 net.cpp:160] Creating Layer pool1
I1109 01:06:31.999428 139398 net.cpp:596] pool1 <- norm1
I1109 01:06:32.014127 139398 net.cpp:570] pool1 -> pool1
I1109 01:06:32.312963 139398 net.cpp:210] Setting up pool1
I1109 01:06:32.315425 139398 net.cpp:217] Top shape: 32 96 27 27 (2239488)
I1109 01:06:32.315752 139398 net.cpp:225] Memory required for data: 140258816
I1109 01:06:32.315997 139398 layer_factory.hpp:114] Creating layer conv2
I1109 01:06:32.316359 139398 net.cpp:160] Creating Layer conv2
I1109 01:06:32.316676 139398 net.cpp:596] conv2 <- pool1
I1109 01:06:32.316962 139398 net.cpp:570] conv2 -> conv2
I1109 01:06:38.095021 139398 net.cpp:210] Setting up conv2
I1109 01:06:38.095335 139398 net.cpp:217] Top shape: 32 256 27 27 (5971968)
I1109 01:06:38.095778 139398 net.cpp:225] Memory required for data: 164146688
I1109 01:06:38.148170 139398 layer_factory.hpp:114] Creating layer relu2
I1109 01:06:38.148597 139398 net.cpp:160] Creating Layer relu2
I1109 01:06:38.149010 139398 net.cpp:596] relu2 <- conv2
I1109 01:06:38.149327 139398 net.cpp:557] relu2 -> conv2 (in-place)
I1109 01:06:38.149811 139398 net.cpp:210] Setting up relu2
I1109 01:06:38.150074 139398 net.cpp:217] Top shape: 32 256 27 27 (5971968)
I1109 01:06:38.150305 139398 net.cpp:225] Memory required for data: 188034560
I1109 01:06:38.150487 139398 layer_factory.hpp:114] Creating layer norm2
I1109 01:06:38.150727 139398 net.cpp:160] Creating Layer norm2
I1109 01:06:38.150923 139398 net.cpp:596] norm2 <- conv2
I1109 01:06:38.151147 139398 net.cpp:570] norm2 -> norm2
I1109 01:06:38.153319 139398 net.cpp:210] Setting up norm2
I1109 01:06:38.153627 139398 net.cpp:217] Top shape: 32 256 27 27 (5971968)
I1109 01:06:38.153856 139398 net.cpp:225] Memory required for data: 211922432
I1109 01:06:38.154043 139398 layer_factory.hpp:114] Creating layer pool2
I1109 01:06:38.154325 139398 net.cpp:160] Creating Layer pool2
I1109 01:06:38.154573 139398 net.cpp:596] pool2 <- norm2
I1109 01:06:38.154817 139398 net.cpp:570] pool2 -> pool2
I1109 01:06:38.155359 139398 net.cpp:210] Setting up pool2
I1109 01:06:38.155658 139398 net.cpp:217] Top shape: 32 256 13 13 (1384448)
I1109 01:06:38.155880 139398 net.cpp:225] Memory required for data: 217460224
I1109 01:06:38.156077 139398 layer_factory.hpp:114] Creating layer conv3
I1109 01:06:38.156994 139398 net.cpp:160] Creating Layer conv3
I1109 01:06:38.157292 139398 net.cpp:596] conv3 <- pool2
I1109 01:06:38.157582 139398 net.cpp:570] conv3 -> conv3
I1109 01:06:38.663244 139398 net.cpp:210] Setting up conv3
I1109 01:06:38.665690 139398 net.cpp:217] Top shape: 32 384 13 13 (2076672)
I1109 01:06:38.666038 139398 net.cpp:225] Memory required for data: 225766912
I1109 01:06:38.669109 139398 layer_factory.hpp:114] Creating layer relu3
I1109 01:06:38.669541 139398 net.cpp:160] Creating Layer relu3
I1109 01:06:38.669807 139398 net.cpp:596] relu3 <- conv3
I1109 01:06:38.670059 139398 net.cpp:557] relu3 -> conv3 (in-place)
I1109 01:06:38.674159 139398 net.cpp:210] Setting up relu3
I1109 01:06:38.674481 139398 net.cpp:217] Top shape: 32 384 13 13 (2076672)
I1109 01:06:38.674743 139398 net.cpp:225] Memory required for data: 234073600
I1109 01:06:38.674948 139398 layer_factory.hpp:114] Creating layer conv4
I1109 01:06:38.675330 139398 net.cpp:160] Creating Layer conv4
I1109 01:06:38.675603 139398 net.cpp:596] conv4 <- conv3
I1109 01:06:38.675871 139398 net.cpp:570] conv4 -> conv4
I1109 01:06:38.918915 139398 net.cpp:210] Setting up conv4
I1109 01:06:38.919298 139398 net.cpp:217] Top shape: 32 384 13 13 (2076672)
I1109 01:06:38.919688 139398 net.cpp:225] Memory required for data: 242380288
I1109 01:06:38.920044 139398 layer_factory.hpp:114] Creating layer relu4
I1109 01:06:38.920336 139398 net.cpp:160] Creating Layer relu4
I1109 01:06:38.920562 139398 net.cpp:596] relu4 <- conv4
I1109 01:06:38.920867 139398 net.cpp:557] relu4 -> conv4 (in-place)
I1109 01:06:38.933285 139398 net.cpp:210] Setting up relu4
I1109 01:06:38.933660 139398 net.cpp:217] Top shape: 32 384 13 13 (2076672)
I1109 01:06:38.934069 139398 net.cpp:225] Memory required for data: 250686976
I1109 01:06:38.934311 139398 layer_factory.hpp:114] Creating layer conv5
I1109 01:06:38.934681 139398 net.cpp:160] Creating Layer conv5
I1109 01:06:38.934926 139398 net.cpp:596] conv5 <- conv4
I1109 01:06:38.935171 139398 net.cpp:570] conv5 -> conv5
I1109 01:06:39.106359 139398 net.cpp:210] Setting up conv5
I1109 01:06:39.106788 139398 net.cpp:217] Top shape: 32 256 13 13 (1384448)
I1109 01:06:39.107344 139398 net.cpp:225] Memory required for data: 256224768
I1109 01:06:39.112246 139398 layer_factory.hpp:114] Creating layer relu5
I1109 01:06:39.112686 139398 net.cpp:160] Creating Layer relu5
I1109 01:06:39.113039 139398 net.cpp:596] relu5 <- conv5
I1109 01:06:39.113435 139398 net.cpp:557] relu5 -> conv5 (in-place)
I1109 01:06:39.113922 139398 net.cpp:210] Setting up relu5
I1109 01:06:39.114228 139398 net.cpp:217] Top shape: 32 256 13 13 (1384448)
I1109 01:06:39.114495 139398 net.cpp:225] Memory required for data: 261762560
I1109 01:06:39.114713 139398 layer_factory.hpp:114] Creating layer pool5
I1109 01:06:39.114987 139398 net.cpp:160] Creating Layer pool5
I1109 01:06:39.115217 139398 net.cpp:596] pool5 <- conv5
I1109 01:06:39.115496 139398 net.cpp:570] pool5 -> pool5
I1109 01:06:39.115926 139398 net.cpp:210] Setting up pool5
I1109 01:06:39.116224 139398 net.cpp:217] Top shape: 32 256 6 6 (294912)
I1109 01:06:39.116456 139398 net.cpp:225] Memory required for data: 262942208
I1109 01:06:39.116644 139398 layer_factory.hpp:114] Creating layer fc6
I1109 01:06:39.172055 139398 net.cpp:160] Creating Layer fc6
I1109 01:06:39.172366 139398 net.cpp:596] fc6 <- pool5
I1109 01:06:39.172775 139398 net.cpp:570] fc6 -> fc6
I1109 01:06:43.258538 139398 net.cpp:210] Setting up fc6
I1109 01:06:43.258843 139398 net.cpp:217] Top shape: 32 4096 (131072)
I1109 01:06:43.260891 139398 net.cpp:225] Memory required for data: 263466496
I1109 01:06:43.261210 139398 layer_factory.hpp:114] Creating layer relu6
I1109 01:06:43.263659 139398 net.cpp:160] Creating Layer relu6
I1109 01:06:43.263955 139398 net.cpp:596] relu6 <- fc6
I1109 01:06:43.264179 139398 net.cpp:557] relu6 -> fc6 (in-place)
I1109 01:06:43.264660 139398 net.cpp:210] Setting up relu6
I1109 01:06:43.264961 139398 net.cpp:217] Top shape: 32 4096 (131072)
I1109 01:06:43.265190 139398 net.cpp:225] Memory required for data: 263990784
I1109 01:06:43.265377 139398 layer_factory.hpp:114] Creating layer drop6
I1109 01:06:43.285102 139398 net.cpp:160] Creating Layer drop6
I1109 01:06:43.285406 139398 net.cpp:596] drop6 <- fc6
I1109 01:06:43.285778 139398 net.cpp:557] drop6 -> fc6 (in-place)
I1109 01:06:43.388603 139398 net.cpp:210] Setting up drop6
I1109 01:06:43.388953 139398 net.cpp:217] Top shape: 32 4096 (131072)
I1109 01:06:43.389305 139398 net.cpp:225] Memory required for data: 264515072
I1109 01:06:43.389545 139398 layer_factory.hpp:114] Creating layer fc7
I1109 01:06:43.389817 139398 net.cpp:160] Creating Layer fc7
I1109 01:06:43.390027 139398 net.cpp:596] fc7 <- fc6
I1109 01:06:43.390415 139398 net.cpp:570] fc7 -> fc7
I1109 01:06:45.102655 139398 net.cpp:210] Setting up fc7
I1109 01:06:45.103024 139398 net.cpp:217] Top shape: 32 4096 (131072)
I1109 01:06:45.103479 139398 net.cpp:225] Memory required for data: 265039360
I1109 01:06:45.103814 139398 layer_factory.hpp:114] Creating layer relu7
I1109 01:06:45.104146 139398 net.cpp:160] Creating Layer relu7
I1109 01:06:45.104400 139398 net.cpp:596] relu7 <- fc7
I1109 01:06:45.104645 139398 net.cpp:557] relu7 -> fc7 (in-place)
I1109 01:06:45.105147 139398 net.cpp:210] Setting up relu7
I1109 01:06:45.105443 139398 net.cpp:217] Top shape: 32 4096 (131072)
I1109 01:06:45.105690 139398 net.cpp:225] Memory required for data: 265563648
I1109 01:06:45.105892 139398 layer_factory.hpp:114] Creating layer drop7
I1109 01:06:45.106163 139398 net.cpp:160] Creating Layer drop7
I1109 01:06:45.106384 139398 net.cpp:596] drop7 <- fc7
I1109 01:06:45.106627 139398 net.cpp:557] drop7 -> fc7 (in-place)
I1109 01:06:45.106986 139398 net.cpp:210] Setting up drop7
I1109 01:06:45.107195 139398 net.cpp:217] Top shape: 32 4096 (131072)
I1109 01:06:45.107416 139398 net.cpp:225] Memory required for data: 266087936
I1109 01:06:45.107604 139398 layer_factory.hpp:114] Creating layer fc8
I1109 01:06:45.107877 139398 net.cpp:160] Creating Layer fc8
I1109 01:06:45.108086 139398 net.cpp:596] fc8 <- fc7
I1109 01:06:45.108317 139398 net.cpp:570] fc8 -> fc8
I1109 01:06:45.531306 139398 net.cpp:210] Setting up fc8
I1109 01:06:45.531677 139398 net.cpp:217] Top shape: 32 1000 (32000)
I1109 01:06:45.532095 139398 net.cpp:225] Memory required for data: 266215936
I1109 01:06:45.532446 139398 layer_factory.hpp:114] Creating layer loss
I1109 01:06:45.557659 139398 net.cpp:160] Creating Layer loss
I1109 01:06:45.557979 139398 net.cpp:596] loss <- fc8
I1109 01:06:45.559026 139398 net.cpp:596] loss <- label
I1109 01:06:45.586690 139398 net.cpp:570] loss -> loss
I1109 01:06:45.624981 139398 layer_factory.hpp:114] Creating layer loss
I1109 01:06:48.180536 139398 net.cpp:210] Setting up loss
I1109 01:06:48.234715 139398 net.cpp:217] Top shape: (1)
I1109 01:06:48.246357 139398 net.cpp:220]     with loss weight 1
I1109 01:06:48.381229 139398 net.cpp:225] Memory required for data: 266215940
I1109 01:06:48.421725 139398 net.cpp:287] loss needs backward computation.
I1109 01:06:48.507648 139398 net.cpp:287] fc8 needs backward computation.
I1109 01:06:48.514910 139398 net.cpp:287] drop7 needs backward computation.
I1109 01:06:48.525856 139398 net.cpp:287] relu7 needs backward computation.
I1109 01:06:48.526175 139398 net.cpp:287] fc7 needs backward computation.
I1109 01:06:48.528647 139398 net.cpp:287] drop6 needs backward computation.
I1109 01:06:48.529027 139398 net.cpp:287] relu6 needs backward computation.
I1109 01:06:48.529249 139398 net.cpp:287] fc6 needs backward computation.
I1109 01:06:48.530076 139398 net.cpp:287] pool5 needs backward computation.
I1109 01:06:48.530791 139398 net.cpp:287] relu5 needs backward computation.
I1109 01:06:48.531056 139398 net.cpp:287] conv5 needs backward computation.
I1109 01:06:48.531250 139398 net.cpp:287] relu4 needs backward computation.
I1109 01:06:48.531432 139398 net.cpp:287] conv4 needs backward computation.
I1109 01:06:48.531615 139398 net.cpp:287] relu3 needs backward computation.
I1109 01:06:48.531828 139398 net.cpp:287] conv3 needs backward computation.
I1109 01:06:48.543984 139398 net.cpp:287] pool2 needs backward computation.
I1109 01:06:48.544342 139398 net.cpp:287] norm2 needs backward computation.
I1109 01:06:48.544647 139398 net.cpp:287] relu2 needs backward computation.
I1109 01:06:48.544960 139398 net.cpp:287] conv2 needs backward computation.
I1109 01:06:48.545164 139398 net.cpp:287] pool1 needs backward computation.
I1109 01:06:48.545380 139398 net.cpp:287] norm1 needs backward computation.
I1109 01:06:48.545562 139398 net.cpp:287] relu1 needs backward computation.
I1109 01:06:48.545737 139398 net.cpp:287] conv1 needs backward computation.
I1109 01:06:48.558240 139398 net.cpp:289] data does not need backward computation.
I1109 01:06:48.582885 139398 net.cpp:331] This network produces output loss
I1109 01:06:48.653954 139398 net.cpp:345] Network initialization done.
I1109 01:06:48.820025 139398 caffe.cpp:452] Performing Forward
I1109 01:07:01.729063 139398 caffe.cpp:457] Initial loss: 6.96292
I1109 01:07:01.787626 139398 caffe.cpp:459] Performing Backward
I1109 01:07:06.621858 139398 caffe.cpp:468] *** Benchmark begins ***
I1109 01:07:06.635130 139398 caffe.cpp:469] Testing for 1 iterations.
I1109 01:07:06.778601 139398 caffe.cpp:482] Profiling Layer: fc8 forward
I1109 01:07:09.005163 139398 caffe.cpp:512] Iteration: 1 forward-backward time: 2220 ms.
I1109 01:07:09.161263 139398 caffe.cpp:519] Average time per layer: 
I1109 01:07:09.179788 139398 caffe.cpp:522]       data	forward: 548.049 ms.
I1109 01:07:09.253491 139398 caffe.cpp:526]       data	backward: 5.272 ms.
I1109 01:07:09.276461 139398 caffe.cpp:522]      conv1	forward: 129.761 ms.
I1109 01:07:09.280740 139398 caffe.cpp:526]      conv1	backward: 38.941 ms.
I1109 01:07:09.288153 139398 caffe.cpp:522]      relu1	forward: 15.807 ms.
I1109 01:07:09.294421 139398 caffe.cpp:526]      relu1	backward: 20.228 ms.
I1109 01:07:09.305763 139398 caffe.cpp:522]      norm1	forward: 15.184 ms.
I1109 01:07:09.310401 139398 caffe.cpp:526]      norm1	backward: 19.941 ms.
I1109 01:07:09.315752 139398 caffe.cpp:522]      pool1	forward: 19.131 ms.
I1109 01:07:09.321898 139398 caffe.cpp:526]      pool1	backward: 77.143 ms.
I1109 01:07:09.328443 139398 caffe.cpp:522]      conv2	forward: 66.084 ms.
I1109 01:07:09.334628 139398 caffe.cpp:526]      conv2	backward: 78.164 ms.
I1109 01:07:09.341625 139398 caffe.cpp:522]      relu2	forward: 17.637 ms.
I1109 01:07:09.353524 139398 caffe.cpp:526]      relu2	backward: 13.506 ms.
I1109 01:07:09.355417 139398 caffe.cpp:522]      norm2	forward: 19.454 ms.
I1109 01:07:09.355734 139398 caffe.cpp:526]      norm2	backward: 11.13 ms.
I1109 01:07:09.355931 139398 caffe.cpp:522]      pool2	forward: 16.09 ms.
I1109 01:07:09.356156 139398 caffe.cpp:526]      pool2	backward: 64.507 ms.
I1109 01:07:09.356360 139398 caffe.cpp:522]      conv3	forward: 35.828 ms.
I1109 01:07:09.356637 139398 caffe.cpp:526]      conv3	backward: 85.482 ms.
I1109 01:07:09.356909 139398 caffe.cpp:522]      relu3	forward: 15.552 ms.
I1109 01:07:09.357133 139398 caffe.cpp:526]      relu3	backward: 31.129 ms.
I1109 01:07:09.357323 139398 caffe.cpp:522]      conv4	forward: 31.965 ms.
I1109 01:07:09.357513 139398 caffe.cpp:526]      conv4	backward: 74.67 ms.
I1109 01:07:09.357703 139398 caffe.cpp:522]      relu4	forward: 11.784 ms.
I1109 01:07:09.357892 139398 caffe.cpp:526]      relu4	backward: 41.665 ms.
I1109 01:07:09.358081 139398 caffe.cpp:522]      conv5	forward: 35.645 ms.
I1109 01:07:09.358271 139398 caffe.cpp:526]      conv5	backward: 18.921 ms.
I1109 01:07:09.358460 139398 caffe.cpp:522]      relu5	forward: 12.539 ms.
I1109 01:07:09.358649 139398 caffe.cpp:526]      relu5	backward: 0.239 ms.
I1109 01:07:09.358839 139398 caffe.cpp:522]      pool5	forward: 15.505 ms.
I1109 01:07:09.359027 139398 caffe.cpp:526]      pool5	backward: 9.19 ms.
I1109 01:07:09.360067 139398 caffe.cpp:522]        fc6	forward: 41.556 ms.
I1109 01:07:09.360402 139398 caffe.cpp:526]        fc6	backward: 28.881 ms.
I1109 01:07:09.360599 139398 caffe.cpp:522]      relu6	forward: 12.55 ms.
I1109 01:07:09.360829 139398 caffe.cpp:526]      relu6	backward: 0.087 ms.
I1109 01:07:09.363409 139398 caffe.cpp:522]      drop6	forward: 26.825 ms.
I1109 01:07:09.363658 139398 caffe.cpp:526]      drop6	backward: 0.087 ms.
I1109 01:07:09.363860 139398 caffe.cpp:522]        fc7	forward: 18.432 ms.
I1109 01:07:09.364054 139398 caffe.cpp:526]        fc7	backward: 31.757 ms.
I1109 01:07:09.364249 139398 caffe.cpp:522]      relu7	forward: 10.493 ms.
I1109 01:07:09.366909 139398 caffe.cpp:526]      relu7	backward: 0.088 ms.
I1109 01:07:09.367157 139398 caffe.cpp:522]      drop7	forward: 38.902 ms.
I1109 01:07:09.367357 139398 caffe.cpp:526]      drop7	backward: 0.099 ms.
I1109 01:07:09.367550 139398 caffe.cpp:522]        fc8	forward: 29.556 ms.
I1109 01:07:09.367743 139398 caffe.cpp:526]        fc8	backward: 168.951 ms.
I1109 01:07:09.367975 139398 caffe.cpp:522]       loss	forward: 55.909 ms.
I1109 01:07:09.368186 139398 caffe.cpp:526]       loss	backward: 66.756 ms.
I1109 01:07:09.373782 139398 caffe.cpp:532] Average Forward pass: 1295.82 ms.
I1109 01:07:09.386936 139398 caffe.cpp:535] Average Backward pass: 895.703 ms.
I1109 01:07:09.397650 139398 caffe.cpp:537] Average Forward-Backward: 2694 ms.
I1109 01:07:09.412514 139398 caffe.cpp:540] Total Time: 2694 ms.
I1109 01:07:09.424850 139398 caffe.cpp:541] *** Benchmark ends ***
Search stanza is "EMIT_GLOBAL_DYNAMIC_STATS"
elements_fp_single_1 = 906
elements_fp_single_4 = 0
elements_fp_single_8 = 807296
elements_fp_single_16 = 16542912
elements_fp_double_1 = 0
elements_fp_double_2 = 0
elements_fp_double_4 = 0
elements_fp_double_8 = 0
--->Total single-precision FLOPs = 271145866
--->Total double-precision FLOPs = 0
--->Total FLOPs = 271145866
mem-read-1 = 26751
mem-read-2 = 56
mem-read-4 = 8475764
mem-read-8 = 366717
mem-read-16 = 1483626
mem-read-32 = 33152
mem-read-64 = 2532434
mem-write-1 = 62
mem-write-2 = 17
mem-write-4 = 1888
mem-write-8 = 69403
mem-write-16 = 66410
mem-write-32 = 741792
mem-write-64 = 31503
--->Total Bytes read = 223738311
--->Total Bytes written = 27378968
--->Total Bytes = 251117279
