sde64 -knl -d -iform 1 -omix sde_knl/knl_sde_layer15_dir1.out.mix -global_region -start_ssc_mark 111:repeat -stop_ssc_mark 222:repeat -- /project/projectdirs/mpccc/tmalas/intelcaffe/install_carl/bin/caffe time -model=src/models/mkl2017_alexnet/train_val.prototxt -iterations=1 -prof_layer=15 -prof_forward_direction=1
I1109 00:18:44.369244 138384 caffe.cpp:444] Use CPU.
I1109 00:19:01.311909 138384 cpu_info.cpp:452] Processor speed [MHz]: 1400
I1109 00:19:01.367764 138384 cpu_info.cpp:455] Total number of sockets: 1
I1109 00:19:01.379763 138384 cpu_info.cpp:458] Total number of CPU cores: 68
I1109 00:19:01.392396 138384 cpu_info.cpp:461] Total number of processors: 272
I1109 00:19:01.403677 138384 cpu_info.cpp:464] GPU is used: no
I1109 00:19:01.412925 138384 cpu_info.cpp:467] OpenMP environmental variables are specified: yes
I1109 00:19:01.421804 138384 cpu_info.cpp:470] OpenMP thread bind allowed: no
I1109 00:19:01.432770 138384 cpu_info.cpp:473] Number of OpenMP threads: 16
I1109 00:19:10.233883 138384 net.cpp:484] The NetState phase (0) differed from the phase (1) specified by a rule in layer data
I1109 00:19:10.265151 138384 net.cpp:484] The NetState phase (0) differed from the phase (1) specified by a rule in layer accuracy
I1109 00:19:10.896991 138384 net.cpp:120] Initializing net from parameters: 
name: "AlexNet"
state {
  phase: TRAIN
  level: 0
  stage: ""
}
layer {
  name: "data"
  type: "DummyData"
  top: "data"
  top: "label"
  include {
    phase: TRAIN
  }
  dummy_data_param {
    data_filler {
      type: "gaussian"
      std: 1
    }
    data_filler {
      type: "constant"
      value: 0
    }
    shape {
      dim: 32
      dim: 3
      dim: 227
      dim: 227
    }
    shape {
      dim: 32
      dim: 1
      dim: 1
      dim: 1
    }
  }
}
layer {
  name: "conv1"
  type: "Convolution"
  bottom: "data"
  top: "conv1"
  param {
    lr_mult: 1
    decay_mult: 1
  }
  param {
    lr_mult: 2
    decay_mult: 0
  }
  convolution_param {
    num_output: 96
    kernel_size: 11
    stride: 4
    weight_filler {
      type: "gaussian"
      std: 0.01
    }
    bias_filler {
      type: "constant"
      value: 0
    }
    engine: MKL2017
  }
}
layer {
  name: "relu1"
  type: "ReLU"
  bottom: "conv1"
  top: "conv1"
  relu_param {
    engine: MKL2017
  }
}
layer {
  name: "norm1"
  type: "LRN"
  bottom: "conv1"
  top: "norm1"
  lrn_param {
    local_size: 5
    alpha: 0.0001
    beta: 0.75
    engine: MKL2017
  }
}
layer {
  name: "pool1"
  type: "Pooling"
  bottom: "norm1"
  top: "pool1"
  pooling_param {
    pool: MAX
    kernel_size: 3
    stride: 2
    engine: MKL2017
  }
}
layer {
  name: "conv2"
  type: "Convolution"
  bottom: "pool1"
  top: "conv2"
  param {
    lr_mult: 1
    decay_mult: 1
  }
  param {
    lr_mult: 2
    decay_mult: 0
  }
  convolution_param {
    num_output: 256
    pad: 2
    kernel_size: 5
    group: 2
    weight_filler {
      type: "gaussian"
      std: 0.01
    }
    bias_filler {
      type: "constant"
      value: 0.1
    }
    engine: MKL2017
  }
}
layer {
  name: "relu2"
  type: "ReLU"
  bottom: "conv2"
  top: "conv2"
  relu_param {
    engine: MKL2017
  }
}
layer {
  name: "norm2"
  type: "LRN"
  bottom: "conv2"
  top: "norm2"
  lrn_param {
    local_size: 5
    alpha: 0.0001
    beta: 0.75
    engine: MKL2017
  }
}
layer {
  name: "pool2"
  type: "Pooling"
  bottom: "norm2"
  top: "pool2"
  pooling_param {
    pool: MAX
    kernel_size: 3
    stride: 2
    engine: MKL2017
  }
}
layer {
  name: "conv3"
  type: "Convolution"
  bottom: "pool2"
  top: "conv3"
  param {
    lr_mult: 1
    decay_mult: 1
  }
  param {
    lr_mult: 2
    decay_mult: 0
  }
  convolution_param {
    num_output: 384
    pad: 1
    kernel_size: 3
    weight_filler {
      type: "gaussian"
      std: 0.01
    }
    bias_filler {
      type: "constant"
      value: 0
    }
    engine: MKL2017
  }
}
layer {
  name: "relu3"
  type: "ReLU"
  bottom: "conv3"
  top: "conv3"
  relu_param {
    engine: MKL2017
  }
}
layer {
  name: "conv4"
  type: "Convolution"
  bottom: "conv3"
  top: "conv4"
  param {
    lr_mult: 1
    decay_mult: 1
  }
  param {
    lr_mult: 2
    decay_mult: 0
  }
  convolution_param {
    num_output: 384
    pad: 1
    kernel_size: 3
    group: 2
    weight_filler {
      type: "gaussian"
      std: 0.01
    }
    bias_filler {
      type: "constant"
      value: 0.1
    }
    engine: MKL2017
  }
}
layer {
  name: "relu4"
  type: "ReLU"
  bottom: "conv4"
  top: "conv4"
  relu_param {
    engine: MKL2017
  }
}
layer {
  name: "conv5"
  type: "Convolution"
  bottom: "conv4"
  top: "conv5"
  param {
    lr_mult: 1
    decay_mult: 1
  }
  param {
    lr_mult: 2
    decay_mult: 0
  }
  convolution_param {
    num_output: 256
    pad: 1
    kernel_size: 3
    group: 2
    weight_filler {
      type: "gaussian"
      std: 0.01
    }
    bias_filler {
      type: "constant"
      value: 0.1
    }
    engine: MKL2017
  }
}
layer {
  name: "relu5"
  type: "ReLU"
  bottom: "conv5"
  top: "conv5"
  relu_param {
    engine: MKL2017
  }
}
layer {
  name: "pool5"
  type: "Pooling"
  bottom: "conv5"
  top: "pool5"
  pooling_param {
    pool: MAX
    kernel_size: 3
    stride: 2
    engine: MKL2017
  }
}
layer {
  name: "fc6"
  type: "InnerProduct"
  bottom: "pool5"
  top: "fc6"
  param {
    lr_mult: 1
    decay_mult: 1
  }
  param {
    lr_mult: 2
    decay_mult: 0
  }
  inner_product_param {
    num_output: 4096
    weight_filler {
      type: "gaussian"
      std: 0.005
    }
    bias_filler {
      type: "constant"
      value: 0.1
    }
  }
}
layer {
  name: "relu6"
  type: "ReLU"
  bottom: "fc6"
  top: "fc6"
}
layer {
  name: "drop6"
  type: "Dropout"
  bottom: "fc6"
  top: "fc6"
  dropout_param {
    dropout_ratio: 0.5
  }
}
layer {
  name: "fc7"
  type: "InnerProduct"
  bottom: "fc6"
  top: "fc7"
  param {
    lr_mult: 1
    decay_mult: 1
  }
  param {
    lr_mult: 2
    decay_mult: 0
  }
  inner_product_param {
    num_output: 4096
    weight_filler {
      type: "gaussian"
      std: 0.005
    }
    bias_filler {
      type: "constant"
      value: 0.1
    }
  }
}
layer {
  name: "relu7"
  type: "ReLU"
  bottom: "fc7"
  top: "fc7"
}
layer {
  name: "drop7"
  type: "Dropout"
  bottom: "fc7"
  top: "fc7"
  dropout_param {
    dropout_ratio: 0.5
  }
}
layer {
  name: "fc8"
  type: "InnerProduct"
  bottom: "fc7"
  top: "fc8"
  param {
    lr_mult: 1
    decay_mult: 1
  }
  param {
    lr_mult: 2
    decay_mult: 0
  }
  inner_product_param {
    num_output: 1000
    weight_filler {
      type: "gaussian"
      std: 0.01
    }
    bias_filler {
      type: "constant"
      value: 0
    }
  }
}
layer {
  name: "loss"
  type: "SoftmaxWithLoss"
  bottom: "fc8"
  bottom: "label"
  top: "loss"
}
I1109 00:19:13.355038 138384 layer_factory.hpp:114] Creating layer data
I1109 00:19:13.502166 138384 net.cpp:160] Creating Layer data
I1109 00:19:13.550218 138384 net.cpp:570] data -> data
I1109 00:19:14.018079 138384 net.cpp:570] data -> label
I1109 00:19:21.227663 138384 net.cpp:210] Setting up data
I1109 00:19:21.308966 138384 net.cpp:217] Top shape: 32 3 227 227 (4946784)
I1109 00:19:21.415326 138384 net.cpp:217] Top shape: 32 1 1 1 (32)
I1109 00:19:21.422505 138384 net.cpp:225] Memory required for data: 19787264
I1109 00:19:21.489734 138384 layer_factory.hpp:114] Creating layer conv1
I1109 00:19:21.816390 138384 net.cpp:160] Creating Layer conv1
I1109 00:19:21.868541 138384 net.cpp:596] conv1 <- data
I1109 00:19:21.993294 138384 net.cpp:570] conv1 -> conv1
I1109 00:19:54.794127 138384 net.cpp:210] Setting up conv1
I1109 00:19:54.801259 138384 net.cpp:217] Top shape: 32 96 55 55 (9292800)
I1109 00:19:54.801609 138384 net.cpp:225] Memory required for data: 56958464
I1109 00:19:55.079969 138384 layer_factory.hpp:114] Creating layer relu1
I1109 00:19:55.205312 138384 net.cpp:160] Creating Layer relu1
I1109 00:19:55.209931 138384 net.cpp:596] relu1 <- conv1
I1109 00:19:55.242673 138384 net.cpp:557] relu1 -> conv1 (in-place)
I1109 00:19:55.432699 138384 net.cpp:210] Setting up relu1
I1109 00:19:55.435207 138384 net.cpp:217] Top shape: 32 96 55 55 (9292800)
I1109 00:19:55.435547 138384 net.cpp:225] Memory required for data: 94129664
I1109 00:19:55.435788 138384 layer_factory.hpp:114] Creating layer norm1
I1109 00:19:55.544963 138384 net.cpp:160] Creating Layer norm1
I1109 00:19:55.545331 138384 net.cpp:596] norm1 <- conv1
I1109 00:19:55.547888 138384 net.cpp:570] norm1 -> norm1
I1109 00:19:55.774199 138384 net.cpp:210] Setting up norm1
I1109 00:19:55.787158 138384 net.cpp:217] Top shape: 32 96 55 55 (9292800)
I1109 00:19:55.787567 138384 net.cpp:225] Memory required for data: 131300864
I1109 00:19:55.787899 138384 layer_factory.hpp:114] Creating layer pool1
I1109 00:19:55.882357 138384 net.cpp:160] Creating Layer pool1
I1109 00:19:55.882671 138384 net.cpp:596] pool1 <- norm1
I1109 00:19:55.898257 138384 net.cpp:570] pool1 -> pool1
I1109 00:19:56.201455 138384 net.cpp:210] Setting up pool1
I1109 00:19:56.203912 138384 net.cpp:217] Top shape: 32 96 27 27 (2239488)
I1109 00:19:56.204237 138384 net.cpp:225] Memory required for data: 140258816
I1109 00:19:56.204447 138384 layer_factory.hpp:114] Creating layer conv2
I1109 00:19:56.204866 138384 net.cpp:160] Creating Layer conv2
I1109 00:19:56.205121 138384 net.cpp:596] conv2 <- pool1
I1109 00:19:56.205394 138384 net.cpp:570] conv2 -> conv2
I1109 00:20:01.990972 138384 net.cpp:210] Setting up conv2
I1109 00:20:01.991303 138384 net.cpp:217] Top shape: 32 256 27 27 (5971968)
I1109 00:20:01.991735 138384 net.cpp:225] Memory required for data: 164146688
I1109 00:20:02.041817 138384 layer_factory.hpp:114] Creating layer relu2
I1109 00:20:02.042233 138384 net.cpp:160] Creating Layer relu2
I1109 00:20:02.042589 138384 net.cpp:596] relu2 <- conv2
I1109 00:20:02.042839 138384 net.cpp:557] relu2 -> conv2 (in-place)
I1109 00:20:02.043279 138384 net.cpp:210] Setting up relu2
I1109 00:20:02.043545 138384 net.cpp:217] Top shape: 32 256 27 27 (5971968)
I1109 00:20:02.043769 138384 net.cpp:225] Memory required for data: 188034560
I1109 00:20:02.043956 138384 layer_factory.hpp:114] Creating layer norm2
I1109 00:20:02.044198 138384 net.cpp:160] Creating Layer norm2
I1109 00:20:02.044389 138384 net.cpp:596] norm2 <- conv2
I1109 00:20:02.044616 138384 net.cpp:570] norm2 -> norm2
I1109 00:20:02.046742 138384 net.cpp:210] Setting up norm2
I1109 00:20:02.047052 138384 net.cpp:217] Top shape: 32 256 27 27 (5971968)
I1109 00:20:02.047278 138384 net.cpp:225] Memory required for data: 211922432
I1109 00:20:02.047466 138384 layer_factory.hpp:114] Creating layer pool2
I1109 00:20:02.048403 138384 net.cpp:160] Creating Layer pool2
I1109 00:20:02.048750 138384 net.cpp:596] pool2 <- norm2
I1109 00:20:02.049059 138384 net.cpp:570] pool2 -> pool2
I1109 00:20:02.049470 138384 net.cpp:210] Setting up pool2
I1109 00:20:02.049713 138384 net.cpp:217] Top shape: 32 256 13 13 (1384448)
I1109 00:20:02.049933 138384 net.cpp:225] Memory required for data: 217460224
I1109 00:20:02.050132 138384 layer_factory.hpp:114] Creating layer conv3
I1109 00:20:02.050462 138384 net.cpp:160] Creating Layer conv3
I1109 00:20:02.050709 138384 net.cpp:596] conv3 <- pool2
I1109 00:20:02.050966 138384 net.cpp:570] conv3 -> conv3
I1109 00:20:02.526612 138384 net.cpp:210] Setting up conv3
I1109 00:20:02.529016 138384 net.cpp:217] Top shape: 32 384 13 13 (2076672)
I1109 00:20:02.529367 138384 net.cpp:225] Memory required for data: 225766912
I1109 00:20:02.532361 138384 layer_factory.hpp:114] Creating layer relu3
I1109 00:20:02.532759 138384 net.cpp:160] Creating Layer relu3
I1109 00:20:02.533069 138384 net.cpp:596] relu3 <- conv3
I1109 00:20:02.533313 138384 net.cpp:557] relu3 -> conv3 (in-place)
I1109 00:20:02.537447 138384 net.cpp:210] Setting up relu3
I1109 00:20:02.537782 138384 net.cpp:217] Top shape: 32 384 13 13 (2076672)
I1109 00:20:02.538023 138384 net.cpp:225] Memory required for data: 234073600
I1109 00:20:02.538218 138384 layer_factory.hpp:114] Creating layer conv4
I1109 00:20:02.538584 138384 net.cpp:160] Creating Layer conv4
I1109 00:20:02.538837 138384 net.cpp:596] conv4 <- conv3
I1109 00:20:02.539083 138384 net.cpp:570] conv4 -> conv4
I1109 00:20:02.810027 138384 net.cpp:210] Setting up conv4
I1109 00:20:02.810420 138384 net.cpp:217] Top shape: 32 384 13 13 (2076672)
I1109 00:20:02.810824 138384 net.cpp:225] Memory required for data: 242380288
I1109 00:20:02.811164 138384 layer_factory.hpp:114] Creating layer relu4
I1109 00:20:02.811465 138384 net.cpp:160] Creating Layer relu4
I1109 00:20:02.811693 138384 net.cpp:596] relu4 <- conv4
I1109 00:20:02.811939 138384 net.cpp:557] relu4 -> conv4 (in-place)
I1109 00:20:02.824352 138384 net.cpp:210] Setting up relu4
I1109 00:20:02.824702 138384 net.cpp:217] Top shape: 32 384 13 13 (2076672)
I1109 00:20:02.825125 138384 net.cpp:225] Memory required for data: 250686976
I1109 00:20:02.825353 138384 layer_factory.hpp:114] Creating layer conv5
I1109 00:20:02.825747 138384 net.cpp:160] Creating Layer conv5
I1109 00:20:02.826006 138384 net.cpp:596] conv5 <- conv4
I1109 00:20:02.826262 138384 net.cpp:570] conv5 -> conv5
I1109 00:20:02.994627 138384 net.cpp:210] Setting up conv5
I1109 00:20:02.995023 138384 net.cpp:217] Top shape: 32 256 13 13 (1384448)
I1109 00:20:02.995434 138384 net.cpp:225] Memory required for data: 256224768
I1109 00:20:03.000030 138384 layer_factory.hpp:114] Creating layer relu5
I1109 00:20:03.004724 138384 net.cpp:160] Creating Layer relu5
I1109 00:20:03.007061 138384 net.cpp:596] relu5 <- conv5
I1109 00:20:03.007380 138384 net.cpp:557] relu5 -> conv5 (in-place)
I1109 00:20:03.007874 138384 net.cpp:210] Setting up relu5
I1109 00:20:03.008183 138384 net.cpp:217] Top shape: 32 256 13 13 (1384448)
I1109 00:20:03.008445 138384 net.cpp:225] Memory required for data: 261762560
I1109 00:20:03.008672 138384 layer_factory.hpp:114] Creating layer pool5
I1109 00:20:03.009008 138384 net.cpp:160] Creating Layer pool5
I1109 00:20:03.009248 138384 net.cpp:596] pool5 <- conv5
I1109 00:20:03.009487 138384 net.cpp:570] pool5 -> pool5
I1109 00:20:03.009905 138384 net.cpp:210] Setting up pool5
I1109 00:20:03.010180 138384 net.cpp:217] Top shape: 32 256 6 6 (294912)
I1109 00:20:03.010418 138384 net.cpp:225] Memory required for data: 262942208
I1109 00:20:03.010612 138384 layer_factory.hpp:114] Creating layer fc6
I1109 00:20:03.065033 138384 net.cpp:160] Creating Layer fc6
I1109 00:20:03.065342 138384 net.cpp:596] fc6 <- pool5
I1109 00:20:03.065699 138384 net.cpp:570] fc6 -> fc6
I1109 00:20:07.152760 138384 net.cpp:210] Setting up fc6
I1109 00:20:07.153111 138384 net.cpp:217] Top shape: 32 4096 (131072)
I1109 00:20:07.155297 138384 net.cpp:225] Memory required for data: 263466496
I1109 00:20:07.155602 138384 layer_factory.hpp:114] Creating layer relu6
I1109 00:20:07.158116 138384 net.cpp:160] Creating Layer relu6
I1109 00:20:07.158417 138384 net.cpp:596] relu6 <- fc6
I1109 00:20:07.158646 138384 net.cpp:557] relu6 -> fc6 (in-place)
I1109 00:20:07.159057 138384 net.cpp:210] Setting up relu6
I1109 00:20:07.159312 138384 net.cpp:217] Top shape: 32 4096 (131072)
I1109 00:20:07.159533 138384 net.cpp:225] Memory required for data: 263990784
I1109 00:20:07.159718 138384 layer_factory.hpp:114] Creating layer drop6
I1109 00:20:07.179693 138384 net.cpp:160] Creating Layer drop6
I1109 00:20:07.179999 138384 net.cpp:596] drop6 <- fc6
I1109 00:20:07.180398 138384 net.cpp:557] drop6 -> fc6 (in-place)
I1109 00:20:07.285024 138384 net.cpp:210] Setting up drop6
I1109 00:20:07.285316 138384 net.cpp:217] Top shape: 32 4096 (131072)
I1109 00:20:07.285670 138384 net.cpp:225] Memory required for data: 264515072
I1109 00:20:07.285876 138384 layer_factory.hpp:114] Creating layer fc7
I1109 00:20:07.286144 138384 net.cpp:160] Creating Layer fc7
I1109 00:20:07.286348 138384 net.cpp:596] fc7 <- fc6
I1109 00:20:07.286722 138384 net.cpp:570] fc7 -> fc7
I1109 00:20:08.999181 138384 net.cpp:210] Setting up fc7
I1109 00:20:08.999559 138384 net.cpp:217] Top shape: 32 4096 (131072)
I1109 00:20:09.000007 138384 net.cpp:225] Memory required for data: 265039360
I1109 00:20:09.000345 138384 layer_factory.hpp:114] Creating layer relu7
I1109 00:20:09.000684 138384 net.cpp:160] Creating Layer relu7
I1109 00:20:09.000996 138384 net.cpp:596] relu7 <- fc7
I1109 00:20:09.001272 138384 net.cpp:557] relu7 -> fc7 (in-place)
I1109 00:20:09.001729 138384 net.cpp:210] Setting up relu7
I1109 00:20:09.002029 138384 net.cpp:217] Top shape: 32 4096 (131072)
I1109 00:20:09.002282 138384 net.cpp:225] Memory required for data: 265563648
I1109 00:20:09.002487 138384 layer_factory.hpp:114] Creating layer drop7
I1109 00:20:09.002764 138384 net.cpp:160] Creating Layer drop7
I1109 00:20:09.002991 138384 net.cpp:596] drop7 <- fc7
I1109 00:20:09.003259 138384 net.cpp:557] drop7 -> fc7 (in-place)
I1109 00:20:09.003640 138384 net.cpp:210] Setting up drop7
I1109 00:20:09.003854 138384 net.cpp:217] Top shape: 32 4096 (131072)
I1109 00:20:09.004078 138384 net.cpp:225] Memory required for data: 266087936
I1109 00:20:09.004271 138384 layer_factory.hpp:114] Creating layer fc8
I1109 00:20:09.004531 138384 net.cpp:160] Creating Layer fc8
I1109 00:20:09.004741 138384 net.cpp:596] fc8 <- fc7
I1109 00:20:09.005043 138384 net.cpp:570] fc8 -> fc8
I1109 00:20:09.426471 138384 net.cpp:210] Setting up fc8
I1109 00:20:09.426867 138384 net.cpp:217] Top shape: 32 1000 (32000)
I1109 00:20:09.427291 138384 net.cpp:225] Memory required for data: 266215936
I1109 00:20:09.427629 138384 layer_factory.hpp:114] Creating layer loss
I1109 00:20:09.452723 138384 net.cpp:160] Creating Layer loss
I1109 00:20:09.453090 138384 net.cpp:596] loss <- fc8
I1109 00:20:09.454119 138384 net.cpp:596] loss <- label
I1109 00:20:09.481933 138384 net.cpp:570] loss -> loss
I1109 00:20:09.520238 138384 layer_factory.hpp:114] Creating layer loss
I1109 00:20:12.154687 138384 net.cpp:210] Setting up loss
I1109 00:20:12.205910 138384 net.cpp:217] Top shape: (1)
I1109 00:20:12.216719 138384 net.cpp:220]     with loss weight 1
I1109 00:20:12.348991 138384 net.cpp:225] Memory required for data: 266215940
I1109 00:20:12.392137 138384 net.cpp:287] loss needs backward computation.
I1109 00:20:12.479451 138384 net.cpp:287] fc8 needs backward computation.
I1109 00:20:12.486726 138384 net.cpp:287] drop7 needs backward computation.
I1109 00:20:12.497740 138384 net.cpp:287] relu7 needs backward computation.
I1109 00:20:12.498067 138384 net.cpp:287] fc7 needs backward computation.
I1109 00:20:12.500463 138384 net.cpp:287] drop6 needs backward computation.
I1109 00:20:12.500851 138384 net.cpp:287] relu6 needs backward computation.
I1109 00:20:12.501072 138384 net.cpp:287] fc6 needs backward computation.
I1109 00:20:12.501900 138384 net.cpp:287] pool5 needs backward computation.
I1109 00:20:12.502671 138384 net.cpp:287] relu5 needs backward computation.
I1109 00:20:12.502938 138384 net.cpp:287] conv5 needs backward computation.
I1109 00:20:12.503136 138384 net.cpp:287] relu4 needs backward computation.
I1109 00:20:12.503326 138384 net.cpp:287] conv4 needs backward computation.
I1109 00:20:12.503515 138384 net.cpp:287] relu3 needs backward computation.
I1109 00:20:12.503695 138384 net.cpp:287] conv3 needs backward computation.
I1109 00:20:12.517400 138384 net.cpp:287] pool2 needs backward computation.
I1109 00:20:12.517771 138384 net.cpp:287] norm2 needs backward computation.
I1109 00:20:12.518122 138384 net.cpp:287] relu2 needs backward computation.
I1109 00:20:12.518334 138384 net.cpp:287] conv2 needs backward computation.
I1109 00:20:12.518528 138384 net.cpp:287] pool1 needs backward computation.
I1109 00:20:12.518712 138384 net.cpp:287] norm1 needs backward computation.
I1109 00:20:12.518893 138384 net.cpp:287] relu1 needs backward computation.
I1109 00:20:12.519069 138384 net.cpp:287] conv1 needs backward computation.
I1109 00:20:12.531613 138384 net.cpp:289] data does not need backward computation.
I1109 00:20:12.556715 138384 net.cpp:331] This network produces output loss
I1109 00:20:12.628934 138384 net.cpp:345] Network initialization done.
I1109 00:20:12.797371 138384 caffe.cpp:452] Performing Forward
I1109 00:20:25.692715 138384 caffe.cpp:457] Initial loss: 6.95742
I1109 00:20:25.746773 138384 caffe.cpp:459] Performing Backward
I1109 00:20:30.529038 138384 caffe.cpp:468] *** Benchmark begins ***
I1109 00:20:30.536903 138384 caffe.cpp:469] Testing for 1 iterations.
I1109 00:20:30.685796 138384 caffe.cpp:482] Profiling Layer: pool5 forward
I1109 00:20:32.904480 138384 caffe.cpp:512] Iteration: 1 forward-backward time: 2214 ms.
I1109 00:20:33.058917 138384 caffe.cpp:519] Average time per layer: 
I1109 00:20:33.074658 138384 caffe.cpp:522]       data	forward: 546.514 ms.
I1109 00:20:33.144459 138384 caffe.cpp:526]       data	backward: 3.661 ms.
I1109 00:20:33.167568 138384 caffe.cpp:522]      conv1	forward: 138.49 ms.
I1109 00:20:33.168368 138384 caffe.cpp:526]      conv1	backward: 21.4 ms.
I1109 00:20:33.172539 138384 caffe.cpp:522]      relu1	forward: 19.867 ms.
I1109 00:20:33.172837 138384 caffe.cpp:526]      relu1	backward: 1.169 ms.
I1109 00:20:33.173048 138384 caffe.cpp:522]      norm1	forward: 18.615 ms.
I1109 00:20:33.173250 138384 caffe.cpp:526]      norm1	backward: 3.116 ms.
I1109 00:20:33.173444 138384 caffe.cpp:522]      pool1	forward: 27.307 ms.
I1109 00:20:33.173640 138384 caffe.cpp:526]      pool1	backward: 35.741 ms.
I1109 00:20:33.173833 138384 caffe.cpp:522]      conv2	forward: 64.323 ms.
I1109 00:20:33.174520 138384 caffe.cpp:526]      conv2	backward: 31.536 ms.
I1109 00:20:33.174789 138384 caffe.cpp:522]      relu2	forward: 17.766 ms.
I1109 00:20:33.175055 138384 caffe.cpp:526]      relu2	backward: 0.797 ms.
I1109 00:20:33.175335 138384 caffe.cpp:522]      norm2	forward: 13.791 ms.
I1109 00:20:33.175571 138384 caffe.cpp:526]      norm2	backward: 2.171 ms.
I1109 00:20:33.175761 138384 caffe.cpp:522]      pool2	forward: 14.351 ms.
I1109 00:20:33.175956 138384 caffe.cpp:526]      pool2	backward: 22.308 ms.
I1109 00:20:33.176147 138384 caffe.cpp:522]      conv3	forward: 38.433 ms.
I1109 00:20:33.176338 138384 caffe.cpp:526]      conv3	backward: 36.259 ms.
I1109 00:20:33.176529 138384 caffe.cpp:522]      relu3	forward: 15.267 ms.
I1109 00:20:33.176720 138384 caffe.cpp:526]      relu3	backward: 0.736 ms.
I1109 00:20:33.176952 138384 caffe.cpp:522]      conv4	forward: 37.858 ms.
I1109 00:20:33.177145 138384 caffe.cpp:526]      conv4	backward: 50.974 ms.
I1109 00:20:33.177335 138384 caffe.cpp:522]      relu4	forward: 13.483 ms.
I1109 00:20:33.177526 138384 caffe.cpp:526]      relu4	backward: 35.148 ms.
I1109 00:20:33.178285 138384 caffe.cpp:522]      conv5	forward: 25.556 ms.
I1109 00:20:33.178623 138384 caffe.cpp:526]      conv5	backward: 65.469 ms.
I1109 00:20:33.178956 138384 caffe.cpp:522]      relu5	forward: 13.268 ms.
I1109 00:20:33.179154 138384 caffe.cpp:526]      relu5	backward: 17.087 ms.
I1109 00:20:33.179349 138384 caffe.cpp:522]      pool5	forward: 33.854 ms.
I1109 00:20:33.179543 138384 caffe.cpp:526]      pool5	backward: 58.661 ms.
I1109 00:20:33.179734 138384 caffe.cpp:522]        fc6	forward: 46.088 ms.
I1109 00:20:33.179926 138384 caffe.cpp:526]        fc6	backward: 116.888 ms.
I1109 00:20:33.180119 138384 caffe.cpp:522]      relu6	forward: 18.898 ms.
I1109 00:20:33.180310 138384 caffe.cpp:526]      relu6	backward: 11.852 ms.
I1109 00:20:33.180501 138384 caffe.cpp:522]      drop6	forward: 36.643 ms.
I1109 00:20:33.180692 138384 caffe.cpp:526]      drop6	backward: 12.753 ms.
I1109 00:20:33.180920 138384 caffe.cpp:522]        fc7	forward: 19.591 ms.
I1109 00:20:33.181145 138384 caffe.cpp:526]        fc7	backward: 95.736 ms.
I1109 00:20:33.181352 138384 caffe.cpp:522]      relu7	forward: 15.898 ms.
I1109 00:20:33.181653 138384 caffe.cpp:526]      relu7	backward: 13.27 ms.
I1109 00:20:33.181941 138384 caffe.cpp:522]      drop7	forward: 32.003 ms.
I1109 00:20:33.182152 138384 caffe.cpp:526]      drop7	backward: 17.532 ms.
I1109 00:20:33.182379 138384 caffe.cpp:522]        fc8	forward: 13.558 ms.
I1109 00:20:33.182574 138384 caffe.cpp:526]        fc8	backward: 127.423 ms.
I1109 00:20:33.182766 138384 caffe.cpp:522]       loss	forward: 50.838 ms.
I1109 00:20:33.182958 138384 caffe.cpp:526]       loss	backward: 71.249 ms.
I1109 00:20:33.189947 138384 caffe.cpp:532] Average Forward pass: 1327.53 ms.
I1109 00:20:33.204962 138384 caffe.cpp:535] Average Backward pass: 861.993 ms.
I1109 00:20:33.215989 138384 caffe.cpp:537] Average Forward-Backward: 2612 ms.
I1109 00:20:33.230715 138384 caffe.cpp:540] Total Time: 2612 ms.
I1109 00:20:33.242894 138384 caffe.cpp:541] *** Benchmark ends ***
Search stanza is "EMIT_GLOBAL_DYNAMIC_STATS"
elements_fp_single_1 = 25
elements_fp_single_4 = 0
elements_fp_single_8 = 0
elements_fp_single_16 = 0
elements_fp_double_1 = 0
elements_fp_double_2 = 165888
elements_fp_double_4 = 0
elements_fp_double_8 = 0
--->Total single-precision FLOPs = 25
--->Total double-precision FLOPs = 331776
--->Total FLOPs = 331801
mem-read-1 = 27471
mem-read-2 = 35
mem-read-4 = 313780
mem-read-8 = 331101
mem-read-16 = 0
mem-read-32 = 1
mem-read-64 = 497681
mem-write-1 = 52
mem-write-2 = 17
mem-write-4 = 13319
mem-write-8 = 29885
mem-write-16 = 0
mem-write-32 = 1
mem-write-64 = 368641
--->Total Bytes read = 35783085
--->Total Bytes written = 23885498
--->Total Bytes = 59668583
