sde64 -knl -d -iform 1 -omix sde_knl/knl_sde_layer11_dir1.out.mix -global_region -start_ssc_mark 111:repeat -stop_ssc_mark 222:repeat -- /project/projectdirs/mpccc/tmalas/intelcaffe/install_carl/bin/caffe time -model=src/models/mkl2017_alexnet/train_val.prototxt -iterations=1 -prof_layer=11 -prof_forward_direction=1
I1108 23:55:43.111143 136728 caffe.cpp:444] Use CPU.
I1108 23:56:00.037356 136728 cpu_info.cpp:452] Processor speed [MHz]: 1400
I1108 23:56:00.094413 136728 cpu_info.cpp:455] Total number of sockets: 1
I1108 23:56:00.106581 136728 cpu_info.cpp:458] Total number of CPU cores: 68
I1108 23:56:00.119196 136728 cpu_info.cpp:461] Total number of processors: 272
I1108 23:56:00.130570 136728 cpu_info.cpp:464] GPU is used: no
I1108 23:56:00.139657 136728 cpu_info.cpp:467] OpenMP environmental variables are specified: yes
I1108 23:56:00.148526 136728 cpu_info.cpp:470] OpenMP thread bind allowed: no
I1108 23:56:00.159622 136728 cpu_info.cpp:473] Number of OpenMP threads: 16
I1108 23:56:08.916745 136728 net.cpp:484] The NetState phase (0) differed from the phase (1) specified by a rule in layer data
I1108 23:56:08.947962 136728 net.cpp:484] The NetState phase (0) differed from the phase (1) specified by a rule in layer accuracy
I1108 23:56:09.586077 136728 net.cpp:120] Initializing net from parameters: 
name: "AlexNet"
state {
  phase: TRAIN
  level: 0
  stage: ""
}
layer {
  name: "data"
  type: "DummyData"
  top: "data"
  top: "label"
  include {
    phase: TRAIN
  }
  dummy_data_param {
    data_filler {
      type: "gaussian"
      std: 1
    }
    data_filler {
      type: "constant"
      value: 0
    }
    shape {
      dim: 32
      dim: 3
      dim: 227
      dim: 227
    }
    shape {
      dim: 32
      dim: 1
      dim: 1
      dim: 1
    }
  }
}
layer {
  name: "conv1"
  type: "Convolution"
  bottom: "data"
  top: "conv1"
  param {
    lr_mult: 1
    decay_mult: 1
  }
  param {
    lr_mult: 2
    decay_mult: 0
  }
  convolution_param {
    num_output: 96
    kernel_size: 11
    stride: 4
    weight_filler {
      type: "gaussian"
      std: 0.01
    }
    bias_filler {
      type: "constant"
      value: 0
    }
    engine: MKL2017
  }
}
layer {
  name: "relu1"
  type: "ReLU"
  bottom: "conv1"
  top: "conv1"
  relu_param {
    engine: MKL2017
  }
}
layer {
  name: "norm1"
  type: "LRN"
  bottom: "conv1"
  top: "norm1"
  lrn_param {
    local_size: 5
    alpha: 0.0001
    beta: 0.75
    engine: MKL2017
  }
}
layer {
  name: "pool1"
  type: "Pooling"
  bottom: "norm1"
  top: "pool1"
  pooling_param {
    pool: MAX
    kernel_size: 3
    stride: 2
    engine: MKL2017
  }
}
layer {
  name: "conv2"
  type: "Convolution"
  bottom: "pool1"
  top: "conv2"
  param {
    lr_mult: 1
    decay_mult: 1
  }
  param {
    lr_mult: 2
    decay_mult: 0
  }
  convolution_param {
    num_output: 256
    pad: 2
    kernel_size: 5
    group: 2
    weight_filler {
      type: "gaussian"
      std: 0.01
    }
    bias_filler {
      type: "constant"
      value: 0.1
    }
    engine: MKL2017
  }
}
layer {
  name: "relu2"
  type: "ReLU"
  bottom: "conv2"
  top: "conv2"
  relu_param {
    engine: MKL2017
  }
}
layer {
  name: "norm2"
  type: "LRN"
  bottom: "conv2"
  top: "norm2"
  lrn_param {
    local_size: 5
    alpha: 0.0001
    beta: 0.75
    engine: MKL2017
  }
}
layer {
  name: "pool2"
  type: "Pooling"
  bottom: "norm2"
  top: "pool2"
  pooling_param {
    pool: MAX
    kernel_size: 3
    stride: 2
    engine: MKL2017
  }
}
layer {
  name: "conv3"
  type: "Convolution"
  bottom: "pool2"
  top: "conv3"
  param {
    lr_mult: 1
    decay_mult: 1
  }
  param {
    lr_mult: 2
    decay_mult: 0
  }
  convolution_param {
    num_output: 384
    pad: 1
    kernel_size: 3
    weight_filler {
      type: "gaussian"
      std: 0.01
    }
    bias_filler {
      type: "constant"
      value: 0
    }
    engine: MKL2017
  }
}
layer {
  name: "relu3"
  type: "ReLU"
  bottom: "conv3"
  top: "conv3"
  relu_param {
    engine: MKL2017
  }
}
layer {
  name: "conv4"
  type: "Convolution"
  bottom: "conv3"
  top: "conv4"
  param {
    lr_mult: 1
    decay_mult: 1
  }
  param {
    lr_mult: 2
    decay_mult: 0
  }
  convolution_param {
    num_output: 384
    pad: 1
    kernel_size: 3
    group: 2
    weight_filler {
      type: "gaussian"
      std: 0.01
    }
    bias_filler {
      type: "constant"
      value: 0.1
    }
    engine: MKL2017
  }
}
layer {
  name: "relu4"
  type: "ReLU"
  bottom: "conv4"
  top: "conv4"
  relu_param {
    engine: MKL2017
  }
}
layer {
  name: "conv5"
  type: "Convolution"
  bottom: "conv4"
  top: "conv5"
  param {
    lr_mult: 1
    decay_mult: 1
  }
  param {
    lr_mult: 2
    decay_mult: 0
  }
  convolution_param {
    num_output: 256
    pad: 1
    kernel_size: 3
    group: 2
    weight_filler {
      type: "gaussian"
      std: 0.01
    }
    bias_filler {
      type: "constant"
      value: 0.1
    }
    engine: MKL2017
  }
}
layer {
  name: "relu5"
  type: "ReLU"
  bottom: "conv5"
  top: "conv5"
  relu_param {
    engine: MKL2017
  }
}
layer {
  name: "pool5"
  type: "Pooling"
  bottom: "conv5"
  top: "pool5"
  pooling_param {
    pool: MAX
    kernel_size: 3
    stride: 2
    engine: MKL2017
  }
}
layer {
  name: "fc6"
  type: "InnerProduct"
  bottom: "pool5"
  top: "fc6"
  param {
    lr_mult: 1
    decay_mult: 1
  }
  param {
    lr_mult: 2
    decay_mult: 0
  }
  inner_product_param {
    num_output: 4096
    weight_filler {
      type: "gaussian"
      std: 0.005
    }
    bias_filler {
      type: "constant"
      value: 0.1
    }
  }
}
layer {
  name: "relu6"
  type: "ReLU"
  bottom: "fc6"
  top: "fc6"
}
layer {
  name: "drop6"
  type: "Dropout"
  bottom: "fc6"
  top: "fc6"
  dropout_param {
    dropout_ratio: 0.5
  }
}
layer {
  name: "fc7"
  type: "InnerProduct"
  bottom: "fc6"
  top: "fc7"
  param {
    lr_mult: 1
    decay_mult: 1
  }
  param {
    lr_mult: 2
    decay_mult: 0
  }
  inner_product_param {
    num_output: 4096
    weight_filler {
      type: "gaussian"
      std: 0.005
    }
    bias_filler {
      type: "constant"
      value: 0.1
    }
  }
}
layer {
  name: "relu7"
  type: "ReLU"
  bottom: "fc7"
  top: "fc7"
}
layer {
  name: "drop7"
  type: "Dropout"
  bottom: "fc7"
  top: "fc7"
  dropout_param {
    dropout_ratio: 0.5
  }
}
layer {
  name: "fc8"
  type: "InnerProduct"
  bottom: "fc7"
  top: "fc8"
  param {
    lr_mult: 1
    decay_mult: 1
  }
  param {
    lr_mult: 2
    decay_mult: 0
  }
  inner_product_param {
    num_output: 1000
    weight_filler {
      type: "gaussian"
      std: 0.01
    }
    bias_filler {
      type: "constant"
      value: 0
    }
  }
}
layer {
  name: "loss"
  type: "SoftmaxWithLoss"
  bottom: "fc8"
  bottom: "label"
  top: "loss"
}
I1108 23:56:12.036371 136728 layer_factory.hpp:114] Creating layer data
I1108 23:56:12.184502 136728 net.cpp:160] Creating Layer data
I1108 23:56:12.232973 136728 net.cpp:570] data -> data
I1108 23:56:12.699295 136728 net.cpp:570] data -> label
I1108 23:56:19.738359 136728 net.cpp:210] Setting up data
I1108 23:56:19.818007 136728 net.cpp:217] Top shape: 32 3 227 227 (4946784)
I1108 23:56:19.922945 136728 net.cpp:217] Top shape: 32 1 1 1 (32)
I1108 23:56:19.930179 136728 net.cpp:225] Memory required for data: 19787264
I1108 23:56:19.997617 136728 layer_factory.hpp:114] Creating layer conv1
I1108 23:56:20.324968 136728 net.cpp:160] Creating Layer conv1
I1108 23:56:20.374691 136728 net.cpp:596] conv1 <- data
I1108 23:56:20.493667 136728 net.cpp:570] conv1 -> conv1
I1108 23:56:53.316465 136728 net.cpp:210] Setting up conv1
I1108 23:56:53.323421 136728 net.cpp:217] Top shape: 32 96 55 55 (9292800)
I1108 23:56:53.323813 136728 net.cpp:225] Memory required for data: 56958464
I1108 23:56:53.609789 136728 layer_factory.hpp:114] Creating layer relu1
I1108 23:56:53.730339 136728 net.cpp:160] Creating Layer relu1
I1108 23:56:53.734925 136728 net.cpp:596] relu1 <- conv1
I1108 23:56:53.767302 136728 net.cpp:557] relu1 -> conv1 (in-place)
I1108 23:56:53.958384 136728 net.cpp:210] Setting up relu1
I1108 23:56:53.960819 136728 net.cpp:217] Top shape: 32 96 55 55 (9292800)
I1108 23:56:53.961205 136728 net.cpp:225] Memory required for data: 94129664
I1108 23:56:53.961418 136728 layer_factory.hpp:114] Creating layer norm1
I1108 23:56:54.066531 136728 net.cpp:160] Creating Layer norm1
I1108 23:56:54.066846 136728 net.cpp:596] norm1 <- conv1
I1108 23:56:54.069437 136728 net.cpp:570] norm1 -> norm1
I1108 23:56:54.294904 136728 net.cpp:210] Setting up norm1
I1108 23:56:54.307657 136728 net.cpp:217] Top shape: 32 96 55 55 (9292800)
I1108 23:56:54.308043 136728 net.cpp:225] Memory required for data: 131300864
I1108 23:56:54.308377 136728 layer_factory.hpp:114] Creating layer pool1
I1108 23:56:54.401734 136728 net.cpp:160] Creating Layer pool1
I1108 23:56:54.402050 136728 net.cpp:596] pool1 <- norm1
I1108 23:56:54.416860 136728 net.cpp:570] pool1 -> pool1
I1108 23:56:54.717972 136728 net.cpp:210] Setting up pool1
I1108 23:56:54.720505 136728 net.cpp:217] Top shape: 32 96 27 27 (2239488)
I1108 23:56:54.720914 136728 net.cpp:225] Memory required for data: 140258816
I1108 23:56:54.721143 136728 layer_factory.hpp:114] Creating layer conv2
I1108 23:56:54.721596 136728 net.cpp:160] Creating Layer conv2
I1108 23:56:54.721817 136728 net.cpp:596] conv2 <- pool1
I1108 23:56:54.722045 136728 net.cpp:570] conv2 -> conv2
I1108 23:57:00.510067 136728 net.cpp:210] Setting up conv2
I1108 23:57:00.510406 136728 net.cpp:217] Top shape: 32 256 27 27 (5971968)
I1108 23:57:00.510850 136728 net.cpp:225] Memory required for data: 164146688
I1108 23:57:00.563989 136728 layer_factory.hpp:114] Creating layer relu2
I1108 23:57:00.564406 136728 net.cpp:160] Creating Layer relu2
I1108 23:57:00.564812 136728 net.cpp:596] relu2 <- conv2
I1108 23:57:00.565093 136728 net.cpp:557] relu2 -> conv2 (in-place)
I1108 23:57:00.565559 136728 net.cpp:210] Setting up relu2
I1108 23:57:00.565834 136728 net.cpp:217] Top shape: 32 256 27 27 (5971968)
I1108 23:57:00.566067 136728 net.cpp:225] Memory required for data: 188034560
I1108 23:57:00.566256 136728 layer_factory.hpp:114] Creating layer norm2
I1108 23:57:00.566504 136728 net.cpp:160] Creating Layer norm2
I1108 23:57:00.566742 136728 net.cpp:596] norm2 <- conv2
I1108 23:57:00.566998 136728 net.cpp:570] norm2 -> norm2
I1108 23:57:00.569174 136728 net.cpp:210] Setting up norm2
I1108 23:57:00.569489 136728 net.cpp:217] Top shape: 32 256 27 27 (5971968)
I1108 23:57:00.569721 136728 net.cpp:225] Memory required for data: 211922432
I1108 23:57:00.569941 136728 layer_factory.hpp:114] Creating layer pool2
I1108 23:57:00.570919 136728 net.cpp:160] Creating Layer pool2
I1108 23:57:00.571215 136728 net.cpp:596] pool2 <- norm2
I1108 23:57:00.571452 136728 net.cpp:570] pool2 -> pool2
I1108 23:57:00.571851 136728 net.cpp:210] Setting up pool2
I1108 23:57:00.572100 136728 net.cpp:217] Top shape: 32 256 13 13 (1384448)
I1108 23:57:00.572320 136728 net.cpp:225] Memory required for data: 217460224
I1108 23:57:00.572553 136728 layer_factory.hpp:114] Creating layer conv3
I1108 23:57:00.572979 136728 net.cpp:160] Creating Layer conv3
I1108 23:57:00.573452 136728 net.cpp:596] conv3 <- pool2
I1108 23:57:00.573890 136728 net.cpp:570] conv3 -> conv3
I1108 23:57:01.055858 136728 net.cpp:210] Setting up conv3
I1108 23:57:01.058338 136728 net.cpp:217] Top shape: 32 384 13 13 (2076672)
I1108 23:57:01.058686 136728 net.cpp:225] Memory required for data: 225766912
I1108 23:57:01.061704 136728 layer_factory.hpp:114] Creating layer relu3
I1108 23:57:01.062099 136728 net.cpp:160] Creating Layer relu3
I1108 23:57:01.062340 136728 net.cpp:596] relu3 <- conv3
I1108 23:57:01.062582 136728 net.cpp:557] relu3 -> conv3 (in-place)
I1108 23:57:01.066792 136728 net.cpp:210] Setting up relu3
I1108 23:57:01.067119 136728 net.cpp:217] Top shape: 32 384 13 13 (2076672)
I1108 23:57:01.067379 136728 net.cpp:225] Memory required for data: 234073600
I1108 23:57:01.067594 136728 layer_factory.hpp:114] Creating layer conv4
I1108 23:57:01.067982 136728 net.cpp:160] Creating Layer conv4
I1108 23:57:01.068250 136728 net.cpp:596] conv4 <- conv3
I1108 23:57:01.068513 136728 net.cpp:570] conv4 -> conv4
I1108 23:57:01.335469 136728 net.cpp:210] Setting up conv4
I1108 23:57:01.335851 136728 net.cpp:217] Top shape: 32 384 13 13 (2076672)
I1108 23:57:01.336261 136728 net.cpp:225] Memory required for data: 242380288
I1108 23:57:01.336570 136728 layer_factory.hpp:114] Creating layer relu4
I1108 23:57:01.336901 136728 net.cpp:160] Creating Layer relu4
I1108 23:57:01.337144 136728 net.cpp:596] relu4 <- conv4
I1108 23:57:01.337383 136728 net.cpp:557] relu4 -> conv4 (in-place)
I1108 23:57:01.349632 136728 net.cpp:210] Setting up relu4
I1108 23:57:01.349970 136728 net.cpp:217] Top shape: 32 384 13 13 (2076672)
I1108 23:57:01.350368 136728 net.cpp:225] Memory required for data: 250686976
I1108 23:57:01.350582 136728 layer_factory.hpp:114] Creating layer conv5
I1108 23:57:01.350950 136728 net.cpp:160] Creating Layer conv5
I1108 23:57:01.351194 136728 net.cpp:596] conv5 <- conv4
I1108 23:57:01.351435 136728 net.cpp:570] conv5 -> conv5
I1108 23:57:01.521111 136728 net.cpp:210] Setting up conv5
I1108 23:57:01.521494 136728 net.cpp:217] Top shape: 32 256 13 13 (1384448)
I1108 23:57:01.521898 136728 net.cpp:225] Memory required for data: 256224768
I1108 23:57:01.526567 136728 layer_factory.hpp:114] Creating layer relu5
I1108 23:57:01.527009 136728 net.cpp:160] Creating Layer relu5
I1108 23:57:01.527269 136728 net.cpp:596] relu5 <- conv5
I1108 23:57:01.527561 136728 net.cpp:557] relu5 -> conv5 (in-place)
I1108 23:57:01.528013 136728 net.cpp:210] Setting up relu5
I1108 23:57:01.528302 136728 net.cpp:217] Top shape: 32 256 13 13 (1384448)
I1108 23:57:01.528543 136728 net.cpp:225] Memory required for data: 261762560
I1108 23:57:01.528753 136728 layer_factory.hpp:114] Creating layer pool5
I1108 23:57:01.529075 136728 net.cpp:160] Creating Layer pool5
I1108 23:57:01.529327 136728 net.cpp:596] pool5 <- conv5
I1108 23:57:01.529567 136728 net.cpp:570] pool5 -> pool5
I1108 23:57:01.530006 136728 net.cpp:210] Setting up pool5
I1108 23:57:01.530261 136728 net.cpp:217] Top shape: 32 256 6 6 (294912)
I1108 23:57:01.530483 136728 net.cpp:225] Memory required for data: 262942208
I1108 23:57:01.530666 136728 layer_factory.hpp:114] Creating layer fc6
I1108 23:57:01.585503 136728 net.cpp:160] Creating Layer fc6
I1108 23:57:01.585814 136728 net.cpp:596] fc6 <- pool5
I1108 23:57:01.586182 136728 net.cpp:570] fc6 -> fc6
I1108 23:57:05.678997 136728 net.cpp:210] Setting up fc6
I1108 23:57:05.679303 136728 net.cpp:217] Top shape: 32 4096 (131072)
I1108 23:57:05.681622 136728 net.cpp:225] Memory required for data: 263466496
I1108 23:57:05.681932 136728 layer_factory.hpp:114] Creating layer relu6
I1108 23:57:05.684442 136728 net.cpp:160] Creating Layer relu6
I1108 23:57:05.684739 136728 net.cpp:596] relu6 <- fc6
I1108 23:57:05.685060 136728 net.cpp:557] relu6 -> fc6 (in-place)
I1108 23:57:05.685515 136728 net.cpp:210] Setting up relu6
I1108 23:57:05.685771 136728 net.cpp:217] Top shape: 32 4096 (131072)
I1108 23:57:05.685992 136728 net.cpp:225] Memory required for data: 263990784
I1108 23:57:05.686206 136728 layer_factory.hpp:114] Creating layer drop6
I1108 23:57:05.706398 136728 net.cpp:160] Creating Layer drop6
I1108 23:57:05.706701 136728 net.cpp:596] drop6 <- fc6
I1108 23:57:05.707077 136728 net.cpp:557] drop6 -> fc6 (in-place)
I1108 23:57:05.814265 136728 net.cpp:210] Setting up drop6
I1108 23:57:05.814631 136728 net.cpp:217] Top shape: 32 4096 (131072)
I1108 23:57:05.814981 136728 net.cpp:225] Memory required for data: 264515072
I1108 23:57:05.815234 136728 layer_factory.hpp:114] Creating layer fc7
I1108 23:57:05.815510 136728 net.cpp:160] Creating Layer fc7
I1108 23:57:05.815732 136728 net.cpp:596] fc7 <- fc6
I1108 23:57:05.816114 136728 net.cpp:570] fc7 -> fc7
I1108 23:57:07.529161 136728 net.cpp:210] Setting up fc7
I1108 23:57:07.529575 136728 net.cpp:217] Top shape: 32 4096 (131072)
I1108 23:57:07.530094 136728 net.cpp:225] Memory required for data: 265039360
I1108 23:57:07.530581 136728 layer_factory.hpp:114] Creating layer relu7
I1108 23:57:07.531057 136728 net.cpp:160] Creating Layer relu7
I1108 23:57:07.531394 136728 net.cpp:596] relu7 <- fc7
I1108 23:57:07.531699 136728 net.cpp:557] relu7 -> fc7 (in-place)
I1108 23:57:07.532217 136728 net.cpp:210] Setting up relu7
I1108 23:57:07.532539 136728 net.cpp:217] Top shape: 32 4096 (131072)
I1108 23:57:07.532881 136728 net.cpp:225] Memory required for data: 265563648
I1108 23:57:07.533152 136728 layer_factory.hpp:114] Creating layer drop7
I1108 23:57:07.533406 136728 net.cpp:160] Creating Layer drop7
I1108 23:57:07.533620 136728 net.cpp:596] drop7 <- fc7
I1108 23:57:07.533874 136728 net.cpp:557] drop7 -> fc7 (in-place)
I1108 23:57:07.534158 136728 net.cpp:210] Setting up drop7
I1108 23:57:07.534378 136728 net.cpp:217] Top shape: 32 4096 (131072)
I1108 23:57:07.534601 136728 net.cpp:225] Memory required for data: 266087936
I1108 23:57:07.534790 136728 layer_factory.hpp:114] Creating layer fc8
I1108 23:57:07.535048 136728 net.cpp:160] Creating Layer fc8
I1108 23:57:07.535255 136728 net.cpp:596] fc8 <- fc7
I1108 23:57:07.535485 136728 net.cpp:570] fc8 -> fc8
I1108 23:57:07.958693 136728 net.cpp:210] Setting up fc8
I1108 23:57:07.959054 136728 net.cpp:217] Top shape: 32 1000 (32000)
I1108 23:57:07.959475 136728 net.cpp:225] Memory required for data: 266215936
I1108 23:57:07.959791 136728 layer_factory.hpp:114] Creating layer loss
I1108 23:57:07.984833 136728 net.cpp:160] Creating Layer loss
I1108 23:57:07.985157 136728 net.cpp:596] loss <- fc8
I1108 23:57:07.986060 136728 net.cpp:596] loss <- label
I1108 23:57:08.013883 136728 net.cpp:570] loss -> loss
I1108 23:57:08.052115 136728 layer_factory.hpp:114] Creating layer loss
I1108 23:57:10.635710 136728 net.cpp:210] Setting up loss
I1108 23:57:10.686105 136728 net.cpp:217] Top shape: (1)
I1108 23:57:10.700765 136728 net.cpp:220]     with loss weight 1
I1108 23:57:10.829967 136728 net.cpp:225] Memory required for data: 266215940
I1108 23:57:10.886589 136728 net.cpp:287] loss needs backward computation.
I1108 23:57:10.974699 136728 net.cpp:287] fc8 needs backward computation.
I1108 23:57:10.981989 136728 net.cpp:287] drop7 needs backward computation.
I1108 23:57:10.992866 136728 net.cpp:287] relu7 needs backward computation.
I1108 23:57:10.993186 136728 net.cpp:287] fc7 needs backward computation.
I1108 23:57:10.995625 136728 net.cpp:287] drop6 needs backward computation.
I1108 23:57:10.995991 136728 net.cpp:287] relu6 needs backward computation.
I1108 23:57:10.996290 136728 net.cpp:287] fc6 needs backward computation.
I1108 23:57:10.997052 136728 net.cpp:287] pool5 needs backward computation.
I1108 23:57:10.997809 136728 net.cpp:287] relu5 needs backward computation.
I1108 23:57:10.998080 136728 net.cpp:287] conv5 needs backward computation.
I1108 23:57:10.998282 136728 net.cpp:287] relu4 needs backward computation.
I1108 23:57:10.998471 136728 net.cpp:287] conv4 needs backward computation.
I1108 23:57:10.998656 136728 net.cpp:287] relu3 needs backward computation.
I1108 23:57:10.998872 136728 net.cpp:287] conv3 needs backward computation.
I1108 23:57:11.010885 136728 net.cpp:287] pool2 needs backward computation.
I1108 23:57:11.011236 136728 net.cpp:287] norm2 needs backward computation.
I1108 23:57:11.011548 136728 net.cpp:287] relu2 needs backward computation.
I1108 23:57:11.011787 136728 net.cpp:287] conv2 needs backward computation.
I1108 23:57:11.011978 136728 net.cpp:287] pool1 needs backward computation.
I1108 23:57:11.012158 136728 net.cpp:287] norm1 needs backward computation.
I1108 23:57:11.012337 136728 net.cpp:287] relu1 needs backward computation.
I1108 23:57:11.012513 136728 net.cpp:287] conv1 needs backward computation.
I1108 23:57:11.024894 136728 net.cpp:289] data does not need backward computation.
I1108 23:57:11.050492 136728 net.cpp:331] This network produces output loss
I1108 23:57:11.121706 136728 net.cpp:345] Network initialization done.
I1108 23:57:11.291113 136728 caffe.cpp:452] Performing Forward
I1108 23:57:24.191989 136728 caffe.cpp:457] Initial loss: 6.92554
I1108 23:57:24.245095 136728 caffe.cpp:459] Performing Backward
I1108 23:57:29.254866 136728 caffe.cpp:468] *** Benchmark begins ***
I1108 23:57:29.268383 136728 caffe.cpp:469] Testing for 1 iterations.
I1108 23:57:29.412539 136728 caffe.cpp:482] Profiling Layer: conv4 forward
I1108 23:57:31.561480 136728 caffe.cpp:512] Iteration: 1 forward-backward time: 2146 ms.
I1108 23:57:31.723387 136728 caffe.cpp:519] Average time per layer: 
I1108 23:57:31.745805 136728 caffe.cpp:522]       data	forward: 546.572 ms.
I1108 23:57:31.821377 136728 caffe.cpp:526]       data	backward: 5.397 ms.
I1108 23:57:31.847944 136728 caffe.cpp:522]      conv1	forward: 129.853 ms.
I1108 23:57:31.854326 136728 caffe.cpp:526]      conv1	backward: 56.562 ms.
I1108 23:57:31.861009 136728 caffe.cpp:522]      relu1	forward: 18.204 ms.
I1108 23:57:31.870975 136728 caffe.cpp:526]      relu1	backward: 15.974 ms.
I1108 23:57:31.874253 136728 caffe.cpp:522]      norm1	forward: 23.726 ms.
I1108 23:57:31.874578 136728 caffe.cpp:526]      norm1	backward: 18.204 ms.
I1108 23:57:31.874783 136728 caffe.cpp:522]      pool1	forward: 18.883 ms.
I1108 23:57:31.874995 136728 caffe.cpp:526]      pool1	backward: 77.041 ms.
I1108 23:57:31.877894 136728 caffe.cpp:522]      conv2	forward: 67.665 ms.
I1108 23:57:31.878144 136728 caffe.cpp:526]      conv2	backward: 75.822 ms.
I1108 23:57:31.878343 136728 caffe.cpp:522]      relu2	forward: 12.868 ms.
I1108 23:57:31.878535 136728 caffe.cpp:526]      relu2	backward: 17.688 ms.
I1108 23:57:31.878727 136728 caffe.cpp:522]      norm2	forward: 14.335 ms.
I1108 23:57:31.878978 136728 caffe.cpp:526]      norm2	backward: 17.749 ms.
I1108 23:57:31.879205 136728 caffe.cpp:522]      pool2	forward: 20.108 ms.
I1108 23:57:31.879523 136728 caffe.cpp:526]      pool2	backward: 22.379 ms.
I1108 23:57:31.879765 136728 caffe.cpp:522]      conv3	forward: 31.924 ms.
I1108 23:57:31.879958 136728 caffe.cpp:526]      conv3	backward: 36.421 ms.
I1108 23:57:31.880151 136728 caffe.cpp:522]      relu3	forward: 14.04 ms.
I1108 23:57:31.880342 136728 caffe.cpp:526]      relu3	backward: 0.823 ms.
I1108 23:57:31.880532 136728 caffe.cpp:522]      conv4	forward: 46.06 ms.
I1108 23:57:31.880723 136728 caffe.cpp:526]      conv4	backward: 27.964 ms.
I1108 23:57:31.880954 136728 caffe.cpp:522]      relu4	forward: 13.754 ms.
I1108 23:57:31.881148 136728 caffe.cpp:526]      relu4	backward: 7.772 ms.
I1108 23:57:31.881335 136728 caffe.cpp:522]      conv5	forward: 34.005 ms.
I1108 23:57:31.881537 136728 caffe.cpp:526]      conv5	backward: 18.907 ms.
I1108 23:57:31.881727 136728 caffe.cpp:522]      relu5	forward: 14.665 ms.
I1108 23:57:31.881955 136728 caffe.cpp:526]      relu5	backward: 0.259 ms.
I1108 23:57:31.882169 136728 caffe.cpp:522]      pool5	forward: 16.269 ms.
I1108 23:57:31.882417 136728 caffe.cpp:526]      pool5	backward: 9.274 ms.
I1108 23:57:31.883267 136728 caffe.cpp:522]        fc6	forward: 36.495 ms.
I1108 23:57:31.883499 136728 caffe.cpp:526]        fc6	backward: 57.505 ms.
I1108 23:57:31.883694 136728 caffe.cpp:522]      relu6	forward: 20.515 ms.
I1108 23:57:31.883896 136728 caffe.cpp:526]      relu6	backward: 0.117 ms.
I1108 23:57:31.884594 136728 caffe.cpp:522]      drop6	forward: 33.661 ms.
I1108 23:57:31.884917 136728 caffe.cpp:526]      drop6	backward: 0.114 ms.
I1108 23:57:31.885169 136728 caffe.cpp:522]        fc7	forward: 16.916 ms.
I1108 23:57:31.885390 136728 caffe.cpp:526]        fc7	backward: 69.886 ms.
I1108 23:57:31.885700 136728 caffe.cpp:522]      relu7	forward: 19.078 ms.
I1108 23:57:31.885939 136728 caffe.cpp:526]      relu7	backward: 15.064 ms.
I1108 23:57:31.886143 136728 caffe.cpp:522]      drop7	forward: 32.131 ms.
I1108 23:57:31.886337 136728 caffe.cpp:526]      drop7	backward: 26.95 ms.
I1108 23:57:31.886528 136728 caffe.cpp:522]        fc8	forward: 14.022 ms.
I1108 23:57:31.886723 136728 caffe.cpp:526]        fc8	backward: 131.683 ms.
I1108 23:57:31.890018 136728 caffe.cpp:522]       loss	forward: 67.269 ms.
I1108 23:57:31.890282 136728 caffe.cpp:526]       loss	backward: 78.552 ms.
I1108 23:57:31.895952 136728 caffe.cpp:532] Average Forward pass: 1319.05 ms.
I1108 23:57:31.910277 136728 caffe.cpp:535] Average Backward pass: 797.262 ms.
I1108 23:57:31.921226 136728 caffe.cpp:537] Average Forward-Backward: 2584 ms.
I1108 23:57:31.935931 136728 caffe.cpp:540] Total Time: 2584 ms.
I1108 23:57:31.948012 136728 caffe.cpp:541] *** Benchmark ends ***
Search stanza is "EMIT_GLOBAL_DYNAMIC_STATS"
elements_fp_single_1 = 2
elements_fp_single_4 = 0
elements_fp_single_8 = 0
elements_fp_single_16 = 405292032
elements_fp_double_1 = 0
elements_fp_double_2 = 0
elements_fp_double_4 = 0
elements_fp_double_8 = 0
--->Total single-precision FLOPs = 6484672514
--->Total double-precision FLOPs = 0
--->Total FLOPs = 6484672514
mem-read-1 = 47276
mem-read-2 = 75
mem-read-4 = 203735150
mem-read-8 = 5293488
mem-read-16 = 0
mem-read-32 = 2
mem-read-64 = 42441221
mem-write-1 = 114
mem-write-2 = 34
mem-write-4 = 121201
mem-write-8 = 3142493
mem-write-16 = 0
mem-write-32 = 2
mem-write-64 = 1860128
--->Total Bytes read = 3573574138
--->Total Bytes written = 144673186
--->Total Bytes = 3718247324
