sde64 -knl -d -iform 1 -omix sde_knl/knl_sde_layer17_dir0.out.mix -global_region -start_ssc_mark 111:repeat -stop_ssc_mark 222:repeat -- /project/projectdirs/mpccc/tmalas/intelcaffe/install_carl/bin/caffe time -model=src/models/mkl2017_alexnet/train_val.prototxt -iterations=1 -prof_layer=17 -prof_forward_direction=0
I1109 03:08:36.030560 144463 caffe.cpp:444] Use CPU.
I1109 03:08:52.896834 144463 cpu_info.cpp:452] Processor speed [MHz]: 1400
I1109 03:08:52.952639 144463 cpu_info.cpp:455] Total number of sockets: 1
I1109 03:08:52.964507 144463 cpu_info.cpp:458] Total number of CPU cores: 68
I1109 03:08:52.975409 144463 cpu_info.cpp:461] Total number of processors: 272
I1109 03:08:52.986624 144463 cpu_info.cpp:464] GPU is used: no
I1109 03:08:52.995647 144463 cpu_info.cpp:467] OpenMP environmental variables are specified: yes
I1109 03:08:53.006315 144463 cpu_info.cpp:470] OpenMP thread bind allowed: no
I1109 03:08:53.020548 144463 cpu_info.cpp:473] Number of OpenMP threads: 16
I1109 03:09:01.729950 144463 net.cpp:484] The NetState phase (0) differed from the phase (1) specified by a rule in layer data
I1109 03:09:01.762565 144463 net.cpp:484] The NetState phase (0) differed from the phase (1) specified by a rule in layer accuracy
I1109 03:09:02.393585 144463 net.cpp:120] Initializing net from parameters: 
name: "AlexNet"
state {
  phase: TRAIN
  level: 0
  stage: ""
}
layer {
  name: "data"
  type: "DummyData"
  top: "data"
  top: "label"
  include {
    phase: TRAIN
  }
  dummy_data_param {
    data_filler {
      type: "gaussian"
      std: 1
    }
    data_filler {
      type: "constant"
      value: 0
    }
    shape {
      dim: 32
      dim: 3
      dim: 227
      dim: 227
    }
    shape {
      dim: 32
      dim: 1
      dim: 1
      dim: 1
    }
  }
}
layer {
  name: "conv1"
  type: "Convolution"
  bottom: "data"
  top: "conv1"
  param {
    lr_mult: 1
    decay_mult: 1
  }
  param {
    lr_mult: 2
    decay_mult: 0
  }
  convolution_param {
    num_output: 96
    kernel_size: 11
    stride: 4
    weight_filler {
      type: "gaussian"
      std: 0.01
    }
    bias_filler {
      type: "constant"
      value: 0
    }
    engine: MKL2017
  }
}
layer {
  name: "relu1"
  type: "ReLU"
  bottom: "conv1"
  top: "conv1"
  relu_param {
    engine: MKL2017
  }
}
layer {
  name: "norm1"
  type: "LRN"
  bottom: "conv1"
  top: "norm1"
  lrn_param {
    local_size: 5
    alpha: 0.0001
    beta: 0.75
    engine: MKL2017
  }
}
layer {
  name: "pool1"
  type: "Pooling"
  bottom: "norm1"
  top: "pool1"
  pooling_param {
    pool: MAX
    kernel_size: 3
    stride: 2
    engine: MKL2017
  }
}
layer {
  name: "conv2"
  type: "Convolution"
  bottom: "pool1"
  top: "conv2"
  param {
    lr_mult: 1
    decay_mult: 1
  }
  param {
    lr_mult: 2
    decay_mult: 0
  }
  convolution_param {
    num_output: 256
    pad: 2
    kernel_size: 5
    group: 2
    weight_filler {
      type: "gaussian"
      std: 0.01
    }
    bias_filler {
      type: "constant"
      value: 0.1
    }
    engine: MKL2017
  }
}
layer {
  name: "relu2"
  type: "ReLU"
  bottom: "conv2"
  top: "conv2"
  relu_param {
    engine: MKL2017
  }
}
layer {
  name: "norm2"
  type: "LRN"
  bottom: "conv2"
  top: "norm2"
  lrn_param {
    local_size: 5
    alpha: 0.0001
    beta: 0.75
    engine: MKL2017
  }
}
layer {
  name: "pool2"
  type: "Pooling"
  bottom: "norm2"
  top: "pool2"
  pooling_param {
    pool: MAX
    kernel_size: 3
    stride: 2
    engine: MKL2017
  }
}
layer {
  name: "conv3"
  type: "Convolution"
  bottom: "pool2"
  top: "conv3"
  param {
    lr_mult: 1
    decay_mult: 1
  }
  param {
    lr_mult: 2
    decay_mult: 0
  }
  convolution_param {
    num_output: 384
    pad: 1
    kernel_size: 3
    weight_filler {
      type: "gaussian"
      std: 0.01
    }
    bias_filler {
      type: "constant"
      value: 0
    }
    engine: MKL2017
  }
}
layer {
  name: "relu3"
  type: "ReLU"
  bottom: "conv3"
  top: "conv3"
  relu_param {
    engine: MKL2017
  }
}
layer {
  name: "conv4"
  type: "Convolution"
  bottom: "conv3"
  top: "conv4"
  param {
    lr_mult: 1
    decay_mult: 1
  }
  param {
    lr_mult: 2
    decay_mult: 0
  }
  convolution_param {
    num_output: 384
    pad: 1
    kernel_size: 3
    group: 2
    weight_filler {
      type: "gaussian"
      std: 0.01
    }
    bias_filler {
      type: "constant"
      value: 0.1
    }
    engine: MKL2017
  }
}
layer {
  name: "relu4"
  type: "ReLU"
  bottom: "conv4"
  top: "conv4"
  relu_param {
    engine: MKL2017
  }
}
layer {
  name: "conv5"
  type: "Convolution"
  bottom: "conv4"
  top: "conv5"
  param {
    lr_mult: 1
    decay_mult: 1
  }
  param {
    lr_mult: 2
    decay_mult: 0
  }
  convolution_param {
    num_output: 256
    pad: 1
    kernel_size: 3
    group: 2
    weight_filler {
      type: "gaussian"
      std: 0.01
    }
    bias_filler {
      type: "constant"
      value: 0.1
    }
    engine: MKL2017
  }
}
layer {
  name: "relu5"
  type: "ReLU"
  bottom: "conv5"
  top: "conv5"
  relu_param {
    engine: MKL2017
  }
}
layer {
  name: "pool5"
  type: "Pooling"
  bottom: "conv5"
  top: "pool5"
  pooling_param {
    pool: MAX
    kernel_size: 3
    stride: 2
    engine: MKL2017
  }
}
layer {
  name: "fc6"
  type: "InnerProduct"
  bottom: "pool5"
  top: "fc6"
  param {
    lr_mult: 1
    decay_mult: 1
  }
  param {
    lr_mult: 2
    decay_mult: 0
  }
  inner_product_param {
    num_output: 4096
    weight_filler {
      type: "gaussian"
      std: 0.005
    }
    bias_filler {
      type: "constant"
      value: 0.1
    }
  }
}
layer {
  name: "relu6"
  type: "ReLU"
  bottom: "fc6"
  top: "fc6"
}
layer {
  name: "drop6"
  type: "Dropout"
  bottom: "fc6"
  top: "fc6"
  dropout_param {
    dropout_ratio: 0.5
  }
}
layer {
  name: "fc7"
  type: "InnerProduct"
  bottom: "fc6"
  top: "fc7"
  param {
    lr_mult: 1
    decay_mult: 1
  }
  param {
    lr_mult: 2
    decay_mult: 0
  }
  inner_product_param {
    num_output: 4096
    weight_filler {
      type: "gaussian"
      std: 0.005
    }
    bias_filler {
      type: "constant"
      value: 0.1
    }
  }
}
layer {
  name: "relu7"
  type: "ReLU"
  bottom: "fc7"
  top: "fc7"
}
layer {
  name: "drop7"
  type: "Dropout"
  bottom: "fc7"
  top: "fc7"
  dropout_param {
    dropout_ratio: 0.5
  }
}
layer {
  name: "fc8"
  type: "InnerProduct"
  bottom: "fc7"
  top: "fc8"
  param {
    lr_mult: 1
    decay_mult: 1
  }
  param {
    lr_mult: 2
    decay_mult: 0
  }
  inner_product_param {
    num_output: 1000
    weight_filler {
      type: "gaussian"
      std: 0.01
    }
    bias_filler {
      type: "constant"
      value: 0
    }
  }
}
layer {
  name: "loss"
  type: "SoftmaxWithLoss"
  bottom: "fc8"
  bottom: "label"
  top: "loss"
}
I1109 03:09:04.835809 144463 layer_factory.hpp:114] Creating layer data
I1109 03:09:04.983981 144463 net.cpp:160] Creating Layer data
I1109 03:09:05.032243 144463 net.cpp:570] data -> data
I1109 03:09:05.493329 144463 net.cpp:570] data -> label
I1109 03:09:12.485991 144463 net.cpp:210] Setting up data
I1109 03:09:12.565683 144463 net.cpp:217] Top shape: 32 3 227 227 (4946784)
I1109 03:09:12.669304 144463 net.cpp:217] Top shape: 32 1 1 1 (32)
I1109 03:09:12.676527 144463 net.cpp:225] Memory required for data: 19787264
I1109 03:09:12.743638 144463 layer_factory.hpp:114] Creating layer conv1
I1109 03:09:13.071110 144463 net.cpp:160] Creating Layer conv1
I1109 03:09:13.121006 144463 net.cpp:596] conv1 <- data
I1109 03:09:13.239537 144463 net.cpp:570] conv1 -> conv1
I1109 03:09:46.153260 144463 net.cpp:210] Setting up conv1
I1109 03:09:46.159574 144463 net.cpp:217] Top shape: 32 96 55 55 (9292800)
I1109 03:09:46.159951 144463 net.cpp:225] Memory required for data: 56958464
I1109 03:09:46.440542 144463 layer_factory.hpp:114] Creating layer relu1
I1109 03:09:46.562456 144463 net.cpp:160] Creating Layer relu1
I1109 03:09:46.567450 144463 net.cpp:596] relu1 <- conv1
I1109 03:09:46.601171 144463 net.cpp:557] relu1 -> conv1 (in-place)
I1109 03:09:46.791234 144463 net.cpp:210] Setting up relu1
I1109 03:09:46.793661 144463 net.cpp:217] Top shape: 32 96 55 55 (9292800)
I1109 03:09:46.793998 144463 net.cpp:225] Memory required for data: 94129664
I1109 03:09:46.794231 144463 layer_factory.hpp:114] Creating layer norm1
I1109 03:09:46.898448 144463 net.cpp:160] Creating Layer norm1
I1109 03:09:46.898762 144463 net.cpp:596] norm1 <- conv1
I1109 03:09:46.901327 144463 net.cpp:570] norm1 -> norm1
I1109 03:09:47.124492 144463 net.cpp:210] Setting up norm1
I1109 03:09:47.137328 144463 net.cpp:217] Top shape: 32 96 55 55 (9292800)
I1109 03:09:47.137701 144463 net.cpp:225] Memory required for data: 131300864
I1109 03:09:47.138000 144463 layer_factory.hpp:114] Creating layer pool1
I1109 03:09:47.231073 144463 net.cpp:160] Creating Layer pool1
I1109 03:09:47.231386 144463 net.cpp:596] pool1 <- norm1
I1109 03:09:47.245542 144463 net.cpp:570] pool1 -> pool1
I1109 03:09:47.560480 144463 net.cpp:210] Setting up pool1
I1109 03:09:47.563056 144463 net.cpp:217] Top shape: 32 96 27 27 (2239488)
I1109 03:09:47.563377 144463 net.cpp:225] Memory required for data: 140258816
I1109 03:09:47.563623 144463 layer_factory.hpp:114] Creating layer conv2
I1109 03:09:47.563990 144463 net.cpp:160] Creating Layer conv2
I1109 03:09:47.564239 144463 net.cpp:596] conv2 <- pool1
I1109 03:09:47.564468 144463 net.cpp:570] conv2 -> conv2
I1109 03:09:53.305521 144463 net.cpp:210] Setting up conv2
I1109 03:09:53.305871 144463 net.cpp:217] Top shape: 32 256 27 27 (5971968)
I1109 03:09:53.306259 144463 net.cpp:225] Memory required for data: 164146688
I1109 03:09:53.357367 144463 layer_factory.hpp:114] Creating layer relu2
I1109 03:09:53.357784 144463 net.cpp:160] Creating Layer relu2
I1109 03:09:53.358139 144463 net.cpp:596] relu2 <- conv2
I1109 03:09:53.358384 144463 net.cpp:557] relu2 -> conv2 (in-place)
I1109 03:09:53.358860 144463 net.cpp:210] Setting up relu2
I1109 03:09:53.359125 144463 net.cpp:217] Top shape: 32 256 27 27 (5971968)
I1109 03:09:53.359357 144463 net.cpp:225] Memory required for data: 188034560
I1109 03:09:53.359549 144463 layer_factory.hpp:114] Creating layer norm2
I1109 03:09:53.359786 144463 net.cpp:160] Creating Layer norm2
I1109 03:09:53.359979 144463 net.cpp:596] norm2 <- conv2
I1109 03:09:53.360239 144463 net.cpp:570] norm2 -> norm2
I1109 03:09:53.362385 144463 net.cpp:210] Setting up norm2
I1109 03:09:53.362689 144463 net.cpp:217] Top shape: 32 256 27 27 (5971968)
I1109 03:09:53.362915 144463 net.cpp:225] Memory required for data: 211922432
I1109 03:09:53.363131 144463 layer_factory.hpp:114] Creating layer pool2
I1109 03:09:53.364054 144463 net.cpp:160] Creating Layer pool2
I1109 03:09:53.364341 144463 net.cpp:596] pool2 <- norm2
I1109 03:09:53.364580 144463 net.cpp:570] pool2 -> pool2
I1109 03:09:53.365013 144463 net.cpp:210] Setting up pool2
I1109 03:09:53.365268 144463 net.cpp:217] Top shape: 32 256 13 13 (1384448)
I1109 03:09:53.365487 144463 net.cpp:225] Memory required for data: 217460224
I1109 03:09:53.365680 144463 layer_factory.hpp:114] Creating layer conv3
I1109 03:09:53.366051 144463 net.cpp:160] Creating Layer conv3
I1109 03:09:53.366392 144463 net.cpp:596] conv3 <- pool2
I1109 03:09:53.366714 144463 net.cpp:570] conv3 -> conv3
I1109 03:09:53.846577 144463 net.cpp:210] Setting up conv3
I1109 03:09:53.849006 144463 net.cpp:217] Top shape: 32 384 13 13 (2076672)
I1109 03:09:53.849356 144463 net.cpp:225] Memory required for data: 225766912
I1109 03:09:53.852509 144463 layer_factory.hpp:114] Creating layer relu3
I1109 03:09:53.852959 144463 net.cpp:160] Creating Layer relu3
I1109 03:09:53.853250 144463 net.cpp:596] relu3 <- conv3
I1109 03:09:53.853490 144463 net.cpp:557] relu3 -> conv3 (in-place)
I1109 03:09:53.857714 144463 net.cpp:210] Setting up relu3
I1109 03:09:53.858037 144463 net.cpp:217] Top shape: 32 384 13 13 (2076672)
I1109 03:09:53.858295 144463 net.cpp:225] Memory required for data: 234073600
I1109 03:09:53.858520 144463 layer_factory.hpp:114] Creating layer conv4
I1109 03:09:53.858873 144463 net.cpp:160] Creating Layer conv4
I1109 03:09:53.859118 144463 net.cpp:596] conv4 <- conv3
I1109 03:09:53.859364 144463 net.cpp:570] conv4 -> conv4
I1109 03:09:54.102324 144463 net.cpp:210] Setting up conv4
I1109 03:09:54.102700 144463 net.cpp:217] Top shape: 32 384 13 13 (2076672)
I1109 03:09:54.103086 144463 net.cpp:225] Memory required for data: 242380288
I1109 03:09:54.103420 144463 layer_factory.hpp:114] Creating layer relu4
I1109 03:09:54.103704 144463 net.cpp:160] Creating Layer relu4
I1109 03:09:54.103924 144463 net.cpp:596] relu4 <- conv4
I1109 03:09:54.104153 144463 net.cpp:557] relu4 -> conv4 (in-place)
I1109 03:09:54.116374 144463 net.cpp:210] Setting up relu4
I1109 03:09:54.116717 144463 net.cpp:217] Top shape: 32 384 13 13 (2076672)
I1109 03:09:54.117136 144463 net.cpp:225] Memory required for data: 250686976
I1109 03:09:54.117358 144463 layer_factory.hpp:114] Creating layer conv5
I1109 03:09:54.117743 144463 net.cpp:160] Creating Layer conv5
I1109 03:09:54.117995 144463 net.cpp:596] conv5 <- conv4
I1109 03:09:54.118252 144463 net.cpp:570] conv5 -> conv5
I1109 03:09:54.288190 144463 net.cpp:210] Setting up conv5
I1109 03:09:54.288569 144463 net.cpp:217] Top shape: 32 256 13 13 (1384448)
I1109 03:09:54.289011 144463 net.cpp:225] Memory required for data: 256224768
I1109 03:09:54.293630 144463 layer_factory.hpp:114] Creating layer relu5
I1109 03:09:54.294025 144463 net.cpp:160] Creating Layer relu5
I1109 03:09:54.294306 144463 net.cpp:596] relu5 <- conv5
I1109 03:09:54.294581 144463 net.cpp:557] relu5 -> conv5 (in-place)
I1109 03:09:54.295112 144463 net.cpp:210] Setting up relu5
I1109 03:09:54.295426 144463 net.cpp:217] Top shape: 32 256 13 13 (1384448)
I1109 03:09:54.295667 144463 net.cpp:225] Memory required for data: 261762560
I1109 03:09:54.295873 144463 layer_factory.hpp:114] Creating layer pool5
I1109 03:09:54.296125 144463 net.cpp:160] Creating Layer pool5
I1109 03:09:54.296336 144463 net.cpp:596] pool5 <- conv5
I1109 03:09:54.296558 144463 net.cpp:570] pool5 -> pool5
I1109 03:09:54.296989 144463 net.cpp:210] Setting up pool5
I1109 03:09:54.297312 144463 net.cpp:217] Top shape: 32 256 6 6 (294912)
I1109 03:09:54.297554 144463 net.cpp:225] Memory required for data: 262942208
I1109 03:09:54.297773 144463 layer_factory.hpp:114] Creating layer fc6
I1109 03:09:54.352143 144463 net.cpp:160] Creating Layer fc6
I1109 03:09:54.352448 144463 net.cpp:596] fc6 <- pool5
I1109 03:09:54.352885 144463 net.cpp:570] fc6 -> fc6
I1109 03:09:58.465699 144463 net.cpp:210] Setting up fc6
I1109 03:09:58.466001 144463 net.cpp:217] Top shape: 32 4096 (131072)
I1109 03:09:58.468001 144463 net.cpp:225] Memory required for data: 263466496
I1109 03:09:58.468302 144463 layer_factory.hpp:114] Creating layer relu6
I1109 03:09:58.470870 144463 net.cpp:160] Creating Layer relu6
I1109 03:09:58.471163 144463 net.cpp:596] relu6 <- fc6
I1109 03:09:58.471387 144463 net.cpp:557] relu6 -> fc6 (in-place)
I1109 03:09:58.471804 144463 net.cpp:210] Setting up relu6
I1109 03:09:58.472057 144463 net.cpp:217] Top shape: 32 4096 (131072)
I1109 03:09:58.472318 144463 net.cpp:225] Memory required for data: 263990784
I1109 03:09:58.472517 144463 layer_factory.hpp:114] Creating layer drop6
I1109 03:09:58.492416 144463 net.cpp:160] Creating Layer drop6
I1109 03:09:58.492717 144463 net.cpp:596] drop6 <- fc6
I1109 03:09:58.493130 144463 net.cpp:557] drop6 -> fc6 (in-place)
I1109 03:09:58.596438 144463 net.cpp:210] Setting up drop6
I1109 03:09:58.596736 144463 net.cpp:217] Top shape: 32 4096 (131072)
I1109 03:09:58.597118 144463 net.cpp:225] Memory required for data: 264515072
I1109 03:09:58.597342 144463 layer_factory.hpp:114] Creating layer fc7
I1109 03:09:58.597625 144463 net.cpp:160] Creating Layer fc7
I1109 03:09:58.597847 144463 net.cpp:596] fc7 <- fc6
I1109 03:09:58.598249 144463 net.cpp:570] fc7 -> fc7
I1109 03:10:00.321347 144463 net.cpp:210] Setting up fc7
I1109 03:10:00.321715 144463 net.cpp:217] Top shape: 32 4096 (131072)
I1109 03:10:00.322197 144463 net.cpp:225] Memory required for data: 265039360
I1109 03:10:00.322563 144463 layer_factory.hpp:114] Creating layer relu7
I1109 03:10:00.322898 144463 net.cpp:160] Creating Layer relu7
I1109 03:10:00.323153 144463 net.cpp:596] relu7 <- fc7
I1109 03:10:00.323410 144463 net.cpp:557] relu7 -> fc7 (in-place)
I1109 03:10:00.323863 144463 net.cpp:210] Setting up relu7
I1109 03:10:00.324148 144463 net.cpp:217] Top shape: 32 4096 (131072)
I1109 03:10:00.324393 144463 net.cpp:225] Memory required for data: 265563648
I1109 03:10:00.324587 144463 layer_factory.hpp:114] Creating layer drop7
I1109 03:10:00.324892 144463 net.cpp:160] Creating Layer drop7
I1109 03:10:00.325137 144463 net.cpp:596] drop7 <- fc7
I1109 03:10:00.325397 144463 net.cpp:557] drop7 -> fc7 (in-place)
I1109 03:10:00.325778 144463 net.cpp:210] Setting up drop7
I1109 03:10:00.325984 144463 net.cpp:217] Top shape: 32 4096 (131072)
I1109 03:10:00.326200 144463 net.cpp:225] Memory required for data: 266087936
I1109 03:10:00.326382 144463 layer_factory.hpp:114] Creating layer fc8
I1109 03:10:00.326632 144463 net.cpp:160] Creating Layer fc8
I1109 03:10:00.326836 144463 net.cpp:596] fc8 <- fc7
I1109 03:10:00.327062 144463 net.cpp:570] fc8 -> fc8
I1109 03:10:00.751638 144463 net.cpp:210] Setting up fc8
I1109 03:10:00.751989 144463 net.cpp:217] Top shape: 32 1000 (32000)
I1109 03:10:00.752384 144463 net.cpp:225] Memory required for data: 266215936
I1109 03:10:00.752820 144463 layer_factory.hpp:114] Creating layer loss
I1109 03:10:00.777694 144463 net.cpp:160] Creating Layer loss
I1109 03:10:00.778007 144463 net.cpp:596] loss <- fc8
I1109 03:10:00.778986 144463 net.cpp:596] loss <- label
I1109 03:10:00.808769 144463 net.cpp:570] loss -> loss
I1109 03:10:00.847638 144463 layer_factory.hpp:114] Creating layer loss
I1109 03:10:03.495218 144463 net.cpp:210] Setting up loss
I1109 03:10:03.544626 144463 net.cpp:217] Top shape: (1)
I1109 03:10:03.556514 144463 net.cpp:220]     with loss weight 1
I1109 03:10:03.694245 144463 net.cpp:225] Memory required for data: 266215940
I1109 03:10:03.734855 144463 net.cpp:287] loss needs backward computation.
I1109 03:10:03.822216 144463 net.cpp:287] fc8 needs backward computation.
I1109 03:10:03.829470 144463 net.cpp:287] drop7 needs backward computation.
I1109 03:10:03.840442 144463 net.cpp:287] relu7 needs backward computation.
I1109 03:10:03.840764 144463 net.cpp:287] fc7 needs backward computation.
I1109 03:10:03.843317 144463 net.cpp:287] drop6 needs backward computation.
I1109 03:10:03.843675 144463 net.cpp:287] relu6 needs backward computation.
I1109 03:10:03.843909 144463 net.cpp:287] fc6 needs backward computation.
I1109 03:10:03.844615 144463 net.cpp:287] pool5 needs backward computation.
I1109 03:10:03.845443 144463 net.cpp:287] relu5 needs backward computation.
I1109 03:10:03.845743 144463 net.cpp:287] conv5 needs backward computation.
I1109 03:10:03.845957 144463 net.cpp:287] relu4 needs backward computation.
I1109 03:10:03.846251 144463 net.cpp:287] conv4 needs backward computation.
I1109 03:10:03.846500 144463 net.cpp:287] relu3 needs backward computation.
I1109 03:10:03.846720 144463 net.cpp:287] conv3 needs backward computation.
I1109 03:10:03.859176 144463 net.cpp:287] pool2 needs backward computation.
I1109 03:10:03.859525 144463 net.cpp:287] norm2 needs backward computation.
I1109 03:10:03.859835 144463 net.cpp:287] relu2 needs backward computation.
I1109 03:10:03.860070 144463 net.cpp:287] conv2 needs backward computation.
I1109 03:10:03.860260 144463 net.cpp:287] pool1 needs backward computation.
I1109 03:10:03.860441 144463 net.cpp:287] norm1 needs backward computation.
I1109 03:10:03.860621 144463 net.cpp:287] relu1 needs backward computation.
I1109 03:10:03.860828 144463 net.cpp:287] conv1 needs backward computation.
I1109 03:10:03.873313 144463 net.cpp:289] data does not need backward computation.
I1109 03:10:03.899058 144463 net.cpp:331] This network produces output loss
I1109 03:10:03.970859 144463 net.cpp:345] Network initialization done.
I1109 03:10:04.139102 144463 caffe.cpp:452] Performing Forward
I1109 03:10:17.283175 144463 caffe.cpp:457] Initial loss: 7.00373
I1109 03:10:17.333971 144463 caffe.cpp:459] Performing Backward
I1109 03:10:22.116125 144463 caffe.cpp:468] *** Benchmark begins ***
I1109 03:10:22.129698 144463 caffe.cpp:469] Testing for 1 iterations.
I1109 03:10:22.275539 144463 caffe.cpp:485] Profiling Layer: relu6 backward
I1109 03:10:24.872897 144463 caffe.cpp:512] Iteration: 1 forward-backward time: 2595 ms.
I1109 03:10:25.028981 144463 caffe.cpp:519] Average time per layer: 
I1109 03:10:25.047870 144463 caffe.cpp:522]       data	forward: 550.464 ms.
I1109 03:10:25.118580 144463 caffe.cpp:526]       data	backward: 5.556 ms.
I1109 03:10:25.146998 144463 caffe.cpp:522]      conv1	forward: 134.048 ms.
I1109 03:10:25.151942 144463 caffe.cpp:526]      conv1	backward: 43.297 ms.
I1109 03:10:25.158570 144463 caffe.cpp:522]      relu1	forward: 17.182 ms.
I1109 03:10:25.166170 144463 caffe.cpp:526]      relu1	backward: 12.999 ms.
I1109 03:10:25.172339 144463 caffe.cpp:522]      norm1	forward: 18.827 ms.
I1109 03:10:25.180754 144463 caffe.cpp:526]      norm1	backward: 17.623 ms.
I1109 03:10:25.190242 144463 caffe.cpp:522]      pool1	forward: 22.414 ms.
I1109 03:10:25.201570 144463 caffe.cpp:526]      pool1	backward: 76.194 ms.
I1109 03:10:25.206370 144463 caffe.cpp:522]      conv2	forward: 64.675 ms.
I1109 03:10:25.215577 144463 caffe.cpp:526]      conv2	backward: 75.529 ms.
I1109 03:10:25.220145 144463 caffe.cpp:522]      relu2	forward: 16.392 ms.
I1109 03:10:25.223054 144463 caffe.cpp:526]      relu2	backward: 19.751 ms.
I1109 03:10:25.223282 144463 caffe.cpp:522]      norm2	forward: 15.004 ms.
I1109 03:10:25.223489 144463 caffe.cpp:526]      norm2	backward: 9.16 ms.
I1109 03:10:25.224318 144463 caffe.cpp:522]      pool2	forward: 11.65 ms.
I1109 03:10:25.224550 144463 caffe.cpp:526]      pool2	backward: 82.785 ms.
I1109 03:10:25.224756 144463 caffe.cpp:522]      conv3	forward: 33.152 ms.
I1109 03:10:25.225015 144463 caffe.cpp:526]      conv3	backward: 77.38 ms.
I1109 03:10:25.225224 144463 caffe.cpp:522]      relu3	forward: 11.678 ms.
I1109 03:10:25.225462 144463 caffe.cpp:526]      relu3	backward: 24.971 ms.
I1109 03:10:25.225677 144463 caffe.cpp:522]      conv4	forward: 38.102 ms.
I1109 03:10:25.225879 144463 caffe.cpp:526]      conv4	backward: 69.469 ms.
I1109 03:10:25.226083 144463 caffe.cpp:522]      relu4	forward: 13.202 ms.
I1109 03:10:25.226284 144463 caffe.cpp:526]      relu4	backward: 43.721 ms.
I1109 03:10:25.226487 144463 caffe.cpp:522]      conv5	forward: 34.585 ms.
I1109 03:10:25.226689 144463 caffe.cpp:526]      conv5	backward: 72.941 ms.
I1109 03:10:25.226892 144463 caffe.cpp:522]      relu5	forward: 16.086 ms.
I1109 03:10:25.227095 144463 caffe.cpp:526]      relu5	backward: 22.061 ms.
I1109 03:10:25.227298 144463 caffe.cpp:522]      pool5	forward: 17.476 ms.
I1109 03:10:25.227499 144463 caffe.cpp:526]      pool5	backward: 54.785 ms.
I1109 03:10:25.227702 144463 caffe.cpp:522]        fc6	forward: 47.588 ms.
I1109 03:10:25.227929 144463 caffe.cpp:526]        fc6	backward: 178.314 ms.
I1109 03:10:25.230510 144463 caffe.cpp:522]      relu6	forward: 15.668 ms.
I1109 03:10:25.230801 144463 caffe.cpp:526]      relu6	backward: 30.904 ms.
I1109 03:10:25.230998 144463 caffe.cpp:522]      drop6	forward: 30.618 ms.
I1109 03:10:25.231190 144463 caffe.cpp:526]      drop6	backward: 6.564 ms.
I1109 03:10:25.231377 144463 caffe.cpp:522]        fc7	forward: 13.322 ms.
I1109 03:10:25.231569 144463 caffe.cpp:526]        fc7	backward: 31.472 ms.
I1109 03:10:25.231758 144463 caffe.cpp:522]      relu7	forward: 16.574 ms.
I1109 03:10:25.231948 144463 caffe.cpp:526]      relu7	backward: 0.086 ms.
I1109 03:10:25.234630 144463 caffe.cpp:522]      drop7	forward: 26.368 ms.
I1109 03:10:25.234908 144463 caffe.cpp:526]      drop7	backward: 0.092 ms.
I1109 03:10:25.235141 144463 caffe.cpp:522]        fc8	forward: 18.724 ms.
I1109 03:10:25.235350 144463 caffe.cpp:526]        fc8	backward: 252.2 ms.
I1109 03:10:25.235669 144463 caffe.cpp:522]       loss	forward: 51.116 ms.
I1109 03:10:25.235946 144463 caffe.cpp:526]       loss	backward: 59.933 ms.
I1109 03:10:25.241636 144463 caffe.cpp:532] Average Forward pass: 1290.18 ms.
I1109 03:10:25.254838 144463 caffe.cpp:535] Average Backward pass: 1276.53 ms.
I1109 03:10:25.265697 144463 caffe.cpp:537] Average Forward-Backward: 3066 ms.
I1109 03:10:25.280308 144463 caffe.cpp:540] Total Time: 3066 ms.
I1109 03:10:25.292455 144463 caffe.cpp:541] *** Benchmark ends ***
Search stanza is "EMIT_GLOBAL_DYNAMIC_STATS"
elements_fp_single_1 = 0
elements_fp_single_4 = 0
elements_fp_single_8 = 0
elements_fp_single_16 = 0
elements_fp_double_1 = 0
elements_fp_double_2 = 8192
elements_fp_double_4 = 0
elements_fp_double_8 = 0
--->Total single-precision FLOPs = 0
--->Total double-precision FLOPs = 16384
--->Total FLOPs = 16384
mem-read-1 = 25937
mem-read-2 = 37
mem-read-4 = 208338
mem-read-8 = 289370
mem-read-16 = 0
mem-read-32 = 1
mem-read-64 = 16385
mem-write-1 = 56
mem-write-2 = 17
mem-write-4 = 572
mem-write-8 = 28086
mem-write-16 = 0
mem-write-32 = 1
mem-write-64 = 8193
--->Total Bytes read = 4222995
--->Total Bytes written = 751450
--->Total Bytes = 4974445
