sde64 -knl -d -iform 1 -omix sde_knl/knl_sde_layer11_dir0.out.mix -global_region -start_ssc_mark 111:repeat -stop_ssc_mark 222:repeat -- /project/projectdirs/mpccc/tmalas/intelcaffe/install_carl/bin/caffe time -model=src/models/mkl2017_alexnet/train_val.prototxt -iterations=1 -prof_layer=11 -prof_forward_direction=0
I1109 02:30:57.255174 142520 caffe.cpp:444] Use CPU.
I1109 02:31:14.226837 142520 cpu_info.cpp:452] Processor speed [MHz]: 1400
I1109 02:31:14.283488 142520 cpu_info.cpp:455] Total number of sockets: 1
I1109 02:31:14.295440 142520 cpu_info.cpp:458] Total number of CPU cores: 68
I1109 02:31:14.308020 142520 cpu_info.cpp:461] Total number of processors: 272
I1109 02:31:14.319188 142520 cpu_info.cpp:464] GPU is used: no
I1109 02:31:14.328225 142520 cpu_info.cpp:467] OpenMP environmental variables are specified: yes
I1109 02:31:14.337116 142520 cpu_info.cpp:470] OpenMP thread bind allowed: no
I1109 02:31:14.348192 142520 cpu_info.cpp:473] Number of OpenMP threads: 16
I1109 02:31:23.100009 142520 net.cpp:484] The NetState phase (0) differed from the phase (1) specified by a rule in layer data
I1109 02:31:23.132992 142520 net.cpp:484] The NetState phase (0) differed from the phase (1) specified by a rule in layer accuracy
I1109 02:31:23.774179 142520 net.cpp:120] Initializing net from parameters: 
name: "AlexNet"
state {
  phase: TRAIN
  level: 0
  stage: ""
}
layer {
  name: "data"
  type: "DummyData"
  top: "data"
  top: "label"
  include {
    phase: TRAIN
  }
  dummy_data_param {
    data_filler {
      type: "gaussian"
      std: 1
    }
    data_filler {
      type: "constant"
      value: 0
    }
    shape {
      dim: 32
      dim: 3
      dim: 227
      dim: 227
    }
    shape {
      dim: 32
      dim: 1
      dim: 1
      dim: 1
    }
  }
}
layer {
  name: "conv1"
  type: "Convolution"
  bottom: "data"
  top: "conv1"
  param {
    lr_mult: 1
    decay_mult: 1
  }
  param {
    lr_mult: 2
    decay_mult: 0
  }
  convolution_param {
    num_output: 96
    kernel_size: 11
    stride: 4
    weight_filler {
      type: "gaussian"
      std: 0.01
    }
    bias_filler {
      type: "constant"
      value: 0
    }
    engine: MKL2017
  }
}
layer {
  name: "relu1"
  type: "ReLU"
  bottom: "conv1"
  top: "conv1"
  relu_param {
    engine: MKL2017
  }
}
layer {
  name: "norm1"
  type: "LRN"
  bottom: "conv1"
  top: "norm1"
  lrn_param {
    local_size: 5
    alpha: 0.0001
    beta: 0.75
    engine: MKL2017
  }
}
layer {
  name: "pool1"
  type: "Pooling"
  bottom: "norm1"
  top: "pool1"
  pooling_param {
    pool: MAX
    kernel_size: 3
    stride: 2
    engine: MKL2017
  }
}
layer {
  name: "conv2"
  type: "Convolution"
  bottom: "pool1"
  top: "conv2"
  param {
    lr_mult: 1
    decay_mult: 1
  }
  param {
    lr_mult: 2
    decay_mult: 0
  }
  convolution_param {
    num_output: 256
    pad: 2
    kernel_size: 5
    group: 2
    weight_filler {
      type: "gaussian"
      std: 0.01
    }
    bias_filler {
      type: "constant"
      value: 0.1
    }
    engine: MKL2017
  }
}
layer {
  name: "relu2"
  type: "ReLU"
  bottom: "conv2"
  top: "conv2"
  relu_param {
    engine: MKL2017
  }
}
layer {
  name: "norm2"
  type: "LRN"
  bottom: "conv2"
  top: "norm2"
  lrn_param {
    local_size: 5
    alpha: 0.0001
    beta: 0.75
    engine: MKL2017
  }
}
layer {
  name: "pool2"
  type: "Pooling"
  bottom: "norm2"
  top: "pool2"
  pooling_param {
    pool: MAX
    kernel_size: 3
    stride: 2
    engine: MKL2017
  }
}
layer {
  name: "conv3"
  type: "Convolution"
  bottom: "pool2"
  top: "conv3"
  param {
    lr_mult: 1
    decay_mult: 1
  }
  param {
    lr_mult: 2
    decay_mult: 0
  }
  convolution_param {
    num_output: 384
    pad: 1
    kernel_size: 3
    weight_filler {
      type: "gaussian"
      std: 0.01
    }
    bias_filler {
      type: "constant"
      value: 0
    }
    engine: MKL2017
  }
}
layer {
  name: "relu3"
  type: "ReLU"
  bottom: "conv3"
  top: "conv3"
  relu_param {
    engine: MKL2017
  }
}
layer {
  name: "conv4"
  type: "Convolution"
  bottom: "conv3"
  top: "conv4"
  param {
    lr_mult: 1
    decay_mult: 1
  }
  param {
    lr_mult: 2
    decay_mult: 0
  }
  convolution_param {
    num_output: 384
    pad: 1
    kernel_size: 3
    group: 2
    weight_filler {
      type: "gaussian"
      std: 0.01
    }
    bias_filler {
      type: "constant"
      value: 0.1
    }
    engine: MKL2017
  }
}
layer {
  name: "relu4"
  type: "ReLU"
  bottom: "conv4"
  top: "conv4"
  relu_param {
    engine: MKL2017
  }
}
layer {
  name: "conv5"
  type: "Convolution"
  bottom: "conv4"
  top: "conv5"
  param {
    lr_mult: 1
    decay_mult: 1
  }
  param {
    lr_mult: 2
    decay_mult: 0
  }
  convolution_param {
    num_output: 256
    pad: 1
    kernel_size: 3
    group: 2
    weight_filler {
      type: "gaussian"
      std: 0.01
    }
    bias_filler {
      type: "constant"
      value: 0.1
    }
    engine: MKL2017
  }
}
layer {
  name: "relu5"
  type: "ReLU"
  bottom: "conv5"
  top: "conv5"
  relu_param {
    engine: MKL2017
  }
}
layer {
  name: "pool5"
  type: "Pooling"
  bottom: "conv5"
  top: "pool5"
  pooling_param {
    pool: MAX
    kernel_size: 3
    stride: 2
    engine: MKL2017
  }
}
layer {
  name: "fc6"
  type: "InnerProduct"
  bottom: "pool5"
  top: "fc6"
  param {
    lr_mult: 1
    decay_mult: 1
  }
  param {
    lr_mult: 2
    decay_mult: 0
  }
  inner_product_param {
    num_output: 4096
    weight_filler {
      type: "gaussian"
      std: 0.005
    }
    bias_filler {
      type: "constant"
      value: 0.1
    }
  }
}
layer {
  name: "relu6"
  type: "ReLU"
  bottom: "fc6"
  top: "fc6"
}
layer {
  name: "drop6"
  type: "Dropout"
  bottom: "fc6"
  top: "fc6"
  dropout_param {
    dropout_ratio: 0.5
  }
}
layer {
  name: "fc7"
  type: "InnerProduct"
  bottom: "fc6"
  top: "fc7"
  param {
    lr_mult: 1
    decay_mult: 1
  }
  param {
    lr_mult: 2
    decay_mult: 0
  }
  inner_product_param {
    num_output: 4096
    weight_filler {
      type: "gaussian"
      std: 0.005
    }
    bias_filler {
      type: "constant"
      value: 0.1
    }
  }
}
layer {
  name: "relu7"
  type: "ReLU"
  bottom: "fc7"
  top: "fc7"
}
layer {
  name: "drop7"
  type: "Dropout"
  bottom: "fc7"
  top: "fc7"
  dropout_param {
    dropout_ratio: 0.5
  }
}
layer {
  name: "fc8"
  type: "InnerProduct"
  bottom: "fc7"
  top: "fc8"
  param {
    lr_mult: 1
    decay_mult: 1
  }
  param {
    lr_mult: 2
    decay_mult: 0
  }
  inner_product_param {
    num_output: 1000
    weight_filler {
      type: "gaussian"
      std: 0.01
    }
    bias_filler {
      type: "constant"
      value: 0
    }
  }
}
layer {
  name: "loss"
  type: "SoftmaxWithLoss"
  bottom: "fc8"
  bottom: "label"
  top: "loss"
}
I1109 02:31:26.221583 142520 layer_factory.hpp:114] Creating layer data
I1109 02:31:26.368870 142520 net.cpp:160] Creating Layer data
I1109 02:31:26.417146 142520 net.cpp:570] data -> data
I1109 02:31:26.888234 142520 net.cpp:570] data -> label
I1109 02:31:33.919522 142520 net.cpp:210] Setting up data
I1109 02:31:33.998320 142520 net.cpp:217] Top shape: 32 3 227 227 (4946784)
I1109 02:31:34.101564 142520 net.cpp:217] Top shape: 32 1 1 1 (32)
I1109 02:31:34.108762 142520 net.cpp:225] Memory required for data: 19787264
I1109 02:31:34.179285 142520 layer_factory.hpp:114] Creating layer conv1
I1109 02:31:34.506788 142520 net.cpp:160] Creating Layer conv1
I1109 02:31:34.556565 142520 net.cpp:596] conv1 <- data
I1109 02:31:34.675701 142520 net.cpp:570] conv1 -> conv1
I1109 02:32:07.303203 142520 net.cpp:210] Setting up conv1
I1109 02:32:07.310106 142520 net.cpp:217] Top shape: 32 96 55 55 (9292800)
I1109 02:32:07.310462 142520 net.cpp:225] Memory required for data: 56958464
I1109 02:32:07.592056 142520 layer_factory.hpp:114] Creating layer relu1
I1109 02:32:07.712335 142520 net.cpp:160] Creating Layer relu1
I1109 02:32:07.717087 142520 net.cpp:596] relu1 <- conv1
I1109 02:32:07.749172 142520 net.cpp:557] relu1 -> conv1 (in-place)
I1109 02:32:07.938323 142520 net.cpp:210] Setting up relu1
I1109 02:32:07.940697 142520 net.cpp:217] Top shape: 32 96 55 55 (9292800)
I1109 02:32:07.941092 142520 net.cpp:225] Memory required for data: 94129664
I1109 02:32:07.941298 142520 layer_factory.hpp:114] Creating layer norm1
I1109 02:32:08.045825 142520 net.cpp:160] Creating Layer norm1
I1109 02:32:08.046134 142520 net.cpp:596] norm1 <- conv1
I1109 02:32:08.048631 142520 net.cpp:570] norm1 -> norm1
I1109 02:32:08.270900 142520 net.cpp:210] Setting up norm1
I1109 02:32:08.285037 142520 net.cpp:217] Top shape: 32 96 55 55 (9292800)
I1109 02:32:08.285421 142520 net.cpp:225] Memory required for data: 131300864
I1109 02:32:08.285763 142520 layer_factory.hpp:114] Creating layer pool1
I1109 02:32:08.379242 142520 net.cpp:160] Creating Layer pool1
I1109 02:32:08.379555 142520 net.cpp:596] pool1 <- norm1
I1109 02:32:08.394331 142520 net.cpp:570] pool1 -> pool1
I1109 02:32:08.694160 142520 net.cpp:210] Setting up pool1
I1109 02:32:08.696599 142520 net.cpp:217] Top shape: 32 96 27 27 (2239488)
I1109 02:32:08.696977 142520 net.cpp:225] Memory required for data: 140258816
I1109 02:32:08.697227 142520 layer_factory.hpp:114] Creating layer conv2
I1109 02:32:08.697600 142520 net.cpp:160] Creating Layer conv2
I1109 02:32:08.697857 142520 net.cpp:596] conv2 <- pool1
I1109 02:32:08.698094 142520 net.cpp:570] conv2 -> conv2
I1109 02:32:14.421008 142520 net.cpp:210] Setting up conv2
I1109 02:32:14.421339 142520 net.cpp:217] Top shape: 32 256 27 27 (5971968)
I1109 02:32:14.421711 142520 net.cpp:225] Memory required for data: 164146688
I1109 02:32:14.471982 142520 layer_factory.hpp:114] Creating layer relu2
I1109 02:32:14.472395 142520 net.cpp:160] Creating Layer relu2
I1109 02:32:14.472744 142520 net.cpp:596] relu2 <- conv2
I1109 02:32:14.473042 142520 net.cpp:557] relu2 -> conv2 (in-place)
I1109 02:32:14.473516 142520 net.cpp:210] Setting up relu2
I1109 02:32:14.473774 142520 net.cpp:217] Top shape: 32 256 27 27 (5971968)
I1109 02:32:14.474001 142520 net.cpp:225] Memory required for data: 188034560
I1109 02:32:14.474185 142520 layer_factory.hpp:114] Creating layer norm2
I1109 02:32:14.474423 142520 net.cpp:160] Creating Layer norm2
I1109 02:32:14.474618 142520 net.cpp:596] norm2 <- conv2
I1109 02:32:14.474843 142520 net.cpp:570] norm2 -> norm2
I1109 02:32:14.477118 142520 net.cpp:210] Setting up norm2
I1109 02:32:14.477427 142520 net.cpp:217] Top shape: 32 256 27 27 (5971968)
I1109 02:32:14.477653 142520 net.cpp:225] Memory required for data: 211922432
I1109 02:32:14.477838 142520 layer_factory.hpp:114] Creating layer pool2
I1109 02:32:14.478772 142520 net.cpp:160] Creating Layer pool2
I1109 02:32:14.479112 142520 net.cpp:596] pool2 <- norm2
I1109 02:32:14.479357 142520 net.cpp:570] pool2 -> pool2
I1109 02:32:14.479755 142520 net.cpp:210] Setting up pool2
I1109 02:32:14.479990 142520 net.cpp:217] Top shape: 32 256 13 13 (1384448)
I1109 02:32:14.480207 142520 net.cpp:225] Memory required for data: 217460224
I1109 02:32:14.480401 142520 layer_factory.hpp:114] Creating layer conv3
I1109 02:32:14.480722 142520 net.cpp:160] Creating Layer conv3
I1109 02:32:14.480998 142520 net.cpp:596] conv3 <- pool2
I1109 02:32:14.481243 142520 net.cpp:570] conv3 -> conv3
I1109 02:32:14.962874 142520 net.cpp:210] Setting up conv3
I1109 02:32:14.965334 142520 net.cpp:217] Top shape: 32 384 13 13 (2076672)
I1109 02:32:14.965688 142520 net.cpp:225] Memory required for data: 225766912
I1109 02:32:14.968734 142520 layer_factory.hpp:114] Creating layer relu3
I1109 02:32:14.969229 142520 net.cpp:160] Creating Layer relu3
I1109 02:32:14.969497 142520 net.cpp:596] relu3 <- conv3
I1109 02:32:14.969781 142520 net.cpp:557] relu3 -> conv3 (in-place)
I1109 02:32:14.973923 142520 net.cpp:210] Setting up relu3
I1109 02:32:14.974231 142520 net.cpp:217] Top shape: 32 384 13 13 (2076672)
I1109 02:32:14.974534 142520 net.cpp:225] Memory required for data: 234073600
I1109 02:32:14.974751 142520 layer_factory.hpp:114] Creating layer conv4
I1109 02:32:14.975158 142520 net.cpp:160] Creating Layer conv4
I1109 02:32:14.975419 142520 net.cpp:596] conv4 <- conv3
I1109 02:32:14.975674 142520 net.cpp:570] conv4 -> conv4
I1109 02:32:15.222991 142520 net.cpp:210] Setting up conv4
I1109 02:32:15.223376 142520 net.cpp:217] Top shape: 32 384 13 13 (2076672)
I1109 02:32:15.223822 142520 net.cpp:225] Memory required for data: 242380288
I1109 02:32:15.224174 142520 layer_factory.hpp:114] Creating layer relu4
I1109 02:32:15.224467 142520 net.cpp:160] Creating Layer relu4
I1109 02:32:15.224694 142520 net.cpp:596] relu4 <- conv4
I1109 02:32:15.224994 142520 net.cpp:557] relu4 -> conv4 (in-place)
I1109 02:32:15.237622 142520 net.cpp:210] Setting up relu4
I1109 02:32:15.237967 142520 net.cpp:217] Top shape: 32 384 13 13 (2076672)
I1109 02:32:15.238363 142520 net.cpp:225] Memory required for data: 250686976
I1109 02:32:15.238579 142520 layer_factory.hpp:114] Creating layer conv5
I1109 02:32:15.238940 142520 net.cpp:160] Creating Layer conv5
I1109 02:32:15.239181 142520 net.cpp:596] conv5 <- conv4
I1109 02:32:15.239425 142520 net.cpp:570] conv5 -> conv5
I1109 02:32:15.407970 142520 net.cpp:210] Setting up conv5
I1109 02:32:15.408360 142520 net.cpp:217] Top shape: 32 256 13 13 (1384448)
I1109 02:32:15.408828 142520 net.cpp:225] Memory required for data: 256224768
I1109 02:32:15.413554 142520 layer_factory.hpp:114] Creating layer relu5
I1109 02:32:15.413970 142520 net.cpp:160] Creating Layer relu5
I1109 02:32:15.414240 142520 net.cpp:596] relu5 <- conv5
I1109 02:32:15.414526 142520 net.cpp:557] relu5 -> conv5 (in-place)
I1109 02:32:15.415074 142520 net.cpp:210] Setting up relu5
I1109 02:32:15.415390 142520 net.cpp:217] Top shape: 32 256 13 13 (1384448)
I1109 02:32:15.415644 142520 net.cpp:225] Memory required for data: 261762560
I1109 02:32:15.415854 142520 layer_factory.hpp:114] Creating layer pool5
I1109 02:32:15.416113 142520 net.cpp:160] Creating Layer pool5
I1109 02:32:15.416330 142520 net.cpp:596] pool5 <- conv5
I1109 02:32:15.416553 142520 net.cpp:570] pool5 -> pool5
I1109 02:32:15.416997 142520 net.cpp:210] Setting up pool5
I1109 02:32:15.417271 142520 net.cpp:217] Top shape: 32 256 6 6 (294912)
I1109 02:32:15.417541 142520 net.cpp:225] Memory required for data: 262942208
I1109 02:32:15.417742 142520 layer_factory.hpp:114] Creating layer fc6
I1109 02:32:15.472762 142520 net.cpp:160] Creating Layer fc6
I1109 02:32:15.473230 142520 net.cpp:596] fc6 <- pool5
I1109 02:32:15.473788 142520 net.cpp:570] fc6 -> fc6
I1109 02:32:19.586675 142520 net.cpp:210] Setting up fc6
I1109 02:32:19.586977 142520 net.cpp:217] Top shape: 32 4096 (131072)
I1109 02:32:19.589100 142520 net.cpp:225] Memory required for data: 263466496
I1109 02:32:19.589413 142520 layer_factory.hpp:114] Creating layer relu6
I1109 02:32:19.591897 142520 net.cpp:160] Creating Layer relu6
I1109 02:32:19.592190 142520 net.cpp:596] relu6 <- fc6
I1109 02:32:19.592422 142520 net.cpp:557] relu6 -> fc6 (in-place)
I1109 02:32:19.592890 142520 net.cpp:210] Setting up relu6
I1109 02:32:19.593160 142520 net.cpp:217] Top shape: 32 4096 (131072)
I1109 02:32:19.593421 142520 net.cpp:225] Memory required for data: 263990784
I1109 02:32:19.593618 142520 layer_factory.hpp:114] Creating layer drop6
I1109 02:32:19.613579 142520 net.cpp:160] Creating Layer drop6
I1109 02:32:19.613883 142520 net.cpp:596] drop6 <- fc6
I1109 02:32:19.614253 142520 net.cpp:557] drop6 -> fc6 (in-place)
I1109 02:32:19.717360 142520 net.cpp:210] Setting up drop6
I1109 02:32:19.717654 142520 net.cpp:217] Top shape: 32 4096 (131072)
I1109 02:32:19.718055 142520 net.cpp:225] Memory required for data: 264515072
I1109 02:32:19.718299 142520 layer_factory.hpp:114] Creating layer fc7
I1109 02:32:19.718569 142520 net.cpp:160] Creating Layer fc7
I1109 02:32:19.718777 142520 net.cpp:596] fc7 <- fc6
I1109 02:32:19.719166 142520 net.cpp:570] fc7 -> fc7
I1109 02:32:21.430397 142520 net.cpp:210] Setting up fc7
I1109 02:32:21.430730 142520 net.cpp:217] Top shape: 32 4096 (131072)
I1109 02:32:21.431143 142520 net.cpp:225] Memory required for data: 265039360
I1109 02:32:21.431481 142520 layer_factory.hpp:114] Creating layer relu7
I1109 02:32:21.431771 142520 net.cpp:160] Creating Layer relu7
I1109 02:32:21.431988 142520 net.cpp:596] relu7 <- fc7
I1109 02:32:21.432214 142520 net.cpp:557] relu7 -> fc7 (in-place)
I1109 02:32:21.432636 142520 net.cpp:210] Setting up relu7
I1109 02:32:21.432950 142520 net.cpp:217] Top shape: 32 4096 (131072)
I1109 02:32:21.433177 142520 net.cpp:225] Memory required for data: 265563648
I1109 02:32:21.433362 142520 layer_factory.hpp:114] Creating layer drop7
I1109 02:32:21.433583 142520 net.cpp:160] Creating Layer drop7
I1109 02:32:21.433774 142520 net.cpp:596] drop7 <- fc7
I1109 02:32:21.434003 142520 net.cpp:557] drop7 -> fc7 (in-place)
I1109 02:32:21.434309 142520 net.cpp:210] Setting up drop7
I1109 02:32:21.434520 142520 net.cpp:217] Top shape: 32 4096 (131072)
I1109 02:32:21.434765 142520 net.cpp:225] Memory required for data: 266087936
I1109 02:32:21.434942 142520 layer_factory.hpp:114] Creating layer fc8
I1109 02:32:21.435185 142520 net.cpp:160] Creating Layer fc8
I1109 02:32:21.435377 142520 net.cpp:596] fc8 <- fc7
I1109 02:32:21.435597 142520 net.cpp:570] fc8 -> fc8
I1109 02:32:21.859313 142520 net.cpp:210] Setting up fc8
I1109 02:32:21.859679 142520 net.cpp:217] Top shape: 32 1000 (32000)
I1109 02:32:21.860119 142520 net.cpp:225] Memory required for data: 266215936
I1109 02:32:21.860450 142520 layer_factory.hpp:114] Creating layer loss
I1109 02:32:21.885275 142520 net.cpp:160] Creating Layer loss
I1109 02:32:21.885591 142520 net.cpp:596] loss <- fc8
I1109 02:32:21.886569 142520 net.cpp:596] loss <- label
I1109 02:32:21.914867 142520 net.cpp:570] loss -> loss
I1109 02:32:21.953085 142520 layer_factory.hpp:114] Creating layer loss
I1109 02:32:24.490931 142520 net.cpp:210] Setting up loss
I1109 02:32:24.537223 142520 net.cpp:217] Top shape: (1)
I1109 02:32:24.552464 142520 net.cpp:220]     with loss weight 1
I1109 02:32:24.683848 142520 net.cpp:225] Memory required for data: 266215940
I1109 02:32:24.723430 142520 net.cpp:287] loss needs backward computation.
I1109 02:32:24.809707 142520 net.cpp:287] fc8 needs backward computation.
I1109 02:32:24.816927 142520 net.cpp:287] drop7 needs backward computation.
I1109 02:32:24.827770 142520 net.cpp:287] relu7 needs backward computation.
I1109 02:32:24.828097 142520 net.cpp:287] fc7 needs backward computation.
I1109 02:32:24.830529 142520 net.cpp:287] drop6 needs backward computation.
I1109 02:32:24.830867 142520 net.cpp:287] relu6 needs backward computation.
I1109 02:32:24.831077 142520 net.cpp:287] fc6 needs backward computation.
I1109 02:32:24.831915 142520 net.cpp:287] pool5 needs backward computation.
I1109 02:32:24.832664 142520 net.cpp:287] relu5 needs backward computation.
I1109 02:32:24.832978 142520 net.cpp:287] conv5 needs backward computation.
I1109 02:32:24.833181 142520 net.cpp:287] relu4 needs backward computation.
I1109 02:32:24.833375 142520 net.cpp:287] conv4 needs backward computation.
I1109 02:32:24.833565 142520 net.cpp:287] relu3 needs backward computation.
I1109 02:32:24.833751 142520 net.cpp:287] conv3 needs backward computation.
I1109 02:32:24.845801 142520 net.cpp:287] pool2 needs backward computation.
I1109 02:32:24.846153 142520 net.cpp:287] norm2 needs backward computation.
I1109 02:32:24.846467 142520 net.cpp:287] relu2 needs backward computation.
I1109 02:32:24.846704 142520 net.cpp:287] conv2 needs backward computation.
I1109 02:32:24.846899 142520 net.cpp:287] pool1 needs backward computation.
I1109 02:32:24.847084 142520 net.cpp:287] norm1 needs backward computation.
I1109 02:32:24.847267 142520 net.cpp:287] relu1 needs backward computation.
I1109 02:32:24.847445 142520 net.cpp:287] conv1 needs backward computation.
I1109 02:32:24.859875 142520 net.cpp:289] data does not need backward computation.
I1109 02:32:24.884251 142520 net.cpp:331] This network produces output loss
I1109 02:32:24.955328 142520 net.cpp:345] Network initialization done.
I1109 02:32:25.122306 142520 caffe.cpp:452] Performing Forward
I1109 02:32:38.067579 142520 caffe.cpp:457] Initial loss: 6.89597
I1109 02:32:38.118628 142520 caffe.cpp:459] Performing Backward
I1109 02:32:42.953541 142520 caffe.cpp:468] *** Benchmark begins ***
I1109 02:32:42.966717 142520 caffe.cpp:469] Testing for 1 iterations.
I1109 02:32:43.112486 142520 caffe.cpp:485] Profiling Layer: conv4 backward
I1109 02:32:45.357275 142520 caffe.cpp:512] Iteration: 1 forward-backward time: 2239 ms.
I1109 02:32:45.512742 142520 caffe.cpp:519] Average time per layer: 
I1109 02:32:45.526089 142520 caffe.cpp:522]       data	forward: 550.802 ms.
I1109 02:32:45.596058 142520 caffe.cpp:526]       data	backward: 4.801 ms.
I1109 02:32:45.618430 142520 caffe.cpp:522]      conv1	forward: 135.458 ms.
I1109 02:32:45.626351 142520 caffe.cpp:526]      conv1	backward: 49.138 ms.
I1109 02:32:45.631693 142520 caffe.cpp:522]      relu1	forward: 12.739 ms.
I1109 02:32:45.634079 142520 caffe.cpp:526]      relu1	backward: 15.526 ms.
I1109 02:32:45.640146 142520 caffe.cpp:522]      norm1	forward: 16.536 ms.
I1109 02:32:45.650260 142520 caffe.cpp:526]      norm1	backward: 14.825 ms.
I1109 02:32:45.658035 142520 caffe.cpp:522]      pool1	forward: 17.625 ms.
I1109 02:32:45.666292 142520 caffe.cpp:526]      pool1	backward: 77.729 ms.
I1109 02:32:45.680208 142520 caffe.cpp:522]      conv2	forward: 62.983 ms.
I1109 02:32:45.686660 142520 caffe.cpp:526]      conv2	backward: 31.596 ms.
I1109 02:32:45.694805 142520 caffe.cpp:522]      relu2	forward: 16.027 ms.
I1109 02:32:45.705210 142520 caffe.cpp:526]      relu2	backward: 0.711 ms.
I1109 02:32:45.706310 142520 caffe.cpp:522]      norm2	forward: 13.23 ms.
I1109 02:32:45.706743 142520 caffe.cpp:526]      norm2	backward: 2.28 ms.
I1109 02:32:45.707484 142520 caffe.cpp:522]      pool2	forward: 11.33 ms.
I1109 02:32:45.707696 142520 caffe.cpp:526]      pool2	backward: 23.688 ms.
I1109 02:32:45.707890 142520 caffe.cpp:522]      conv3	forward: 31.754 ms.
I1109 02:32:45.708081 142520 caffe.cpp:526]      conv3	backward: 36.498 ms.
I1109 02:32:45.708304 142520 caffe.cpp:522]      relu3	forward: 17.393 ms.
I1109 02:32:45.708508 142520 caffe.cpp:526]      relu3	backward: 0.715 ms.
I1109 02:32:45.708748 142520 caffe.cpp:522]      conv4	forward: 29.343 ms.
I1109 02:32:45.709091 142520 caffe.cpp:526]      conv4	backward: 38.621 ms.
I1109 02:32:45.709290 142520 caffe.cpp:522]      relu4	forward: 21.982 ms.
I1109 02:32:45.709481 142520 caffe.cpp:526]      relu4	backward: 7.267 ms.
I1109 02:32:45.709668 142520 caffe.cpp:522]      conv5	forward: 22.443 ms.
I1109 02:32:45.709859 142520 caffe.cpp:526]      conv5	backward: 21.782 ms.
I1109 02:32:45.710049 142520 caffe.cpp:522]      relu5	forward: 13.511 ms.
I1109 02:32:45.710239 142520 caffe.cpp:526]      relu5	backward: 0.234 ms.
I1109 02:32:45.710427 142520 caffe.cpp:522]      pool5	forward: 11.564 ms.
I1109 02:32:45.710618 142520 caffe.cpp:526]      pool5	backward: 9.182 ms.
I1109 02:32:45.711477 142520 caffe.cpp:522]        fc6	forward: 41.406 ms.
I1109 02:32:45.711836 142520 caffe.cpp:526]        fc6	backward: 186.625 ms.
I1109 02:32:45.712085 142520 caffe.cpp:522]      relu6	forward: 11.645 ms.
I1109 02:32:45.712280 142520 caffe.cpp:526]      relu6	backward: 12.416 ms.
I1109 02:32:45.712472 142520 caffe.cpp:522]      drop6	forward: 31.29 ms.
I1109 02:32:45.712662 142520 caffe.cpp:526]      drop6	backward: 11.13 ms.
I1109 02:32:45.712890 142520 caffe.cpp:522]        fc7	forward: 12.672 ms.
I1109 02:32:45.713083 142520 caffe.cpp:526]        fc7	backward: 141.904 ms.
I1109 02:32:45.713274 142520 caffe.cpp:522]      relu7	forward: 19.234 ms.
I1109 02:32:45.713464 142520 caffe.cpp:526]      relu7	backward: 13.309 ms.
I1109 02:32:45.713654 142520 caffe.cpp:522]      drop7	forward: 31.949 ms.
I1109 02:32:45.713845 142520 caffe.cpp:526]      drop7	backward: 16.775 ms.
I1109 02:32:45.714035 142520 caffe.cpp:522]        fc8	forward: 12.968 ms.
I1109 02:32:45.714224 142520 caffe.cpp:526]        fc8	backward: 153.872 ms.
I1109 02:32:45.714460 142520 caffe.cpp:522]       loss	forward: 65.048 ms.
I1109 02:32:45.714682 142520 caffe.cpp:526]       loss	backward: 66.468 ms.
I1109 02:32:45.720136 142520 caffe.cpp:532] Average Forward pass: 1266.5 ms.
I1109 02:32:45.732962 142520 caffe.cpp:535] Average Backward pass: 945.938 ms.
I1109 02:32:45.743784 142520 caffe.cpp:537] Average Forward-Backward: 2709 ms.
I1109 02:32:45.758278 142520 caffe.cpp:540] Total Time: 2709 ms.
I1109 02:32:45.770299 142520 caffe.cpp:541] *** Benchmark ends ***
Search stanza is "EMIT_GLOBAL_DYNAMIC_STATS"
elements_fp_single_1 = 0
elements_fp_single_4 = 0
elements_fp_single_8 = 0
elements_fp_single_16 = 807598848
elements_fp_double_1 = 0
elements_fp_double_2 = 0
elements_fp_double_4 = 0
elements_fp_double_8 = 0
--->Total single-precision FLOPs = 12921581568
--->Total double-precision FLOPs = 0
--->Total FLOPs = 12921581568
mem-read-1 = 394636
mem-read-2 = 138
mem-read-4 = 408290075
mem-read-8 = 11475199
mem-read-16 = 0
mem-read-32 = 10020
mem-read-64 = 55431989
mem-write-1 = 202
mem-write-2 = 68
mem-write-4 = 25880
mem-write-8 = 6615289
mem-write-16 = 4
mem-write-32 = 4
mem-write-64 = 21575469
--->Total Bytes read = 5273324740
--->Total Bytes written = 1433856378
--->Total Bytes = 6707181118
