sde64 -knl -d -iform 1 -omix sde_knl/knl_sde_layer19_dir0.out.mix -global_region -start_ssc_mark 111:repeat -stop_ssc_mark 222:repeat -- /project/projectdirs/mpccc/tmalas/intelcaffe/install_carl/bin/caffe time -model=src/models/mkl2017_alexnet/train_val.prototxt -iterations=1 -prof_layer=19 -prof_forward_direction=0
I1109 03:19:20.286106 144743 caffe.cpp:444] Use CPU.
I1109 03:19:37.096258 144743 cpu_info.cpp:452] Processor speed [MHz]: 1400
I1109 03:19:37.152024 144743 cpu_info.cpp:455] Total number of sockets: 1
I1109 03:19:37.163873 144743 cpu_info.cpp:458] Total number of CPU cores: 68
I1109 03:19:37.176451 144743 cpu_info.cpp:461] Total number of processors: 272
I1109 03:19:37.187644 144743 cpu_info.cpp:464] GPU is used: no
I1109 03:19:37.196660 144743 cpu_info.cpp:467] OpenMP environmental variables are specified: yes
I1109 03:19:37.205466 144743 cpu_info.cpp:470] OpenMP thread bind allowed: no
I1109 03:19:37.216608 144743 cpu_info.cpp:473] Number of OpenMP threads: 16
I1109 03:19:45.952239 144743 net.cpp:484] The NetState phase (0) differed from the phase (1) specified by a rule in layer data
I1109 03:19:45.984994 144743 net.cpp:484] The NetState phase (0) differed from the phase (1) specified by a rule in layer accuracy
I1109 03:19:46.613996 144743 net.cpp:120] Initializing net from parameters: 
name: "AlexNet"
state {
  phase: TRAIN
  level: 0
  stage: ""
}
layer {
  name: "data"
  type: "DummyData"
  top: "data"
  top: "label"
  include {
    phase: TRAIN
  }
  dummy_data_param {
    data_filler {
      type: "gaussian"
      std: 1
    }
    data_filler {
      type: "constant"
      value: 0
    }
    shape {
      dim: 32
      dim: 3
      dim: 227
      dim: 227
    }
    shape {
      dim: 32
      dim: 1
      dim: 1
      dim: 1
    }
  }
}
layer {
  name: "conv1"
  type: "Convolution"
  bottom: "data"
  top: "conv1"
  param {
    lr_mult: 1
    decay_mult: 1
  }
  param {
    lr_mult: 2
    decay_mult: 0
  }
  convolution_param {
    num_output: 96
    kernel_size: 11
    stride: 4
    weight_filler {
      type: "gaussian"
      std: 0.01
    }
    bias_filler {
      type: "constant"
      value: 0
    }
    engine: MKL2017
  }
}
layer {
  name: "relu1"
  type: "ReLU"
  bottom: "conv1"
  top: "conv1"
  relu_param {
    engine: MKL2017
  }
}
layer {
  name: "norm1"
  type: "LRN"
  bottom: "conv1"
  top: "norm1"
  lrn_param {
    local_size: 5
    alpha: 0.0001
    beta: 0.75
    engine: MKL2017
  }
}
layer {
  name: "pool1"
  type: "Pooling"
  bottom: "norm1"
  top: "pool1"
  pooling_param {
    pool: MAX
    kernel_size: 3
    stride: 2
    engine: MKL2017
  }
}
layer {
  name: "conv2"
  type: "Convolution"
  bottom: "pool1"
  top: "conv2"
  param {
    lr_mult: 1
    decay_mult: 1
  }
  param {
    lr_mult: 2
    decay_mult: 0
  }
  convolution_param {
    num_output: 256
    pad: 2
    kernel_size: 5
    group: 2
    weight_filler {
      type: "gaussian"
      std: 0.01
    }
    bias_filler {
      type: "constant"
      value: 0.1
    }
    engine: MKL2017
  }
}
layer {
  name: "relu2"
  type: "ReLU"
  bottom: "conv2"
  top: "conv2"
  relu_param {
    engine: MKL2017
  }
}
layer {
  name: "norm2"
  type: "LRN"
  bottom: "conv2"
  top: "norm2"
  lrn_param {
    local_size: 5
    alpha: 0.0001
    beta: 0.75
    engine: MKL2017
  }
}
layer {
  name: "pool2"
  type: "Pooling"
  bottom: "norm2"
  top: "pool2"
  pooling_param {
    pool: MAX
    kernel_size: 3
    stride: 2
    engine: MKL2017
  }
}
layer {
  name: "conv3"
  type: "Convolution"
  bottom: "pool2"
  top: "conv3"
  param {
    lr_mult: 1
    decay_mult: 1
  }
  param {
    lr_mult: 2
    decay_mult: 0
  }
  convolution_param {
    num_output: 384
    pad: 1
    kernel_size: 3
    weight_filler {
      type: "gaussian"
      std: 0.01
    }
    bias_filler {
      type: "constant"
      value: 0
    }
    engine: MKL2017
  }
}
layer {
  name: "relu3"
  type: "ReLU"
  bottom: "conv3"
  top: "conv3"
  relu_param {
    engine: MKL2017
  }
}
layer {
  name: "conv4"
  type: "Convolution"
  bottom: "conv3"
  top: "conv4"
  param {
    lr_mult: 1
    decay_mult: 1
  }
  param {
    lr_mult: 2
    decay_mult: 0
  }
  convolution_param {
    num_output: 384
    pad: 1
    kernel_size: 3
    group: 2
    weight_filler {
      type: "gaussian"
      std: 0.01
    }
    bias_filler {
      type: "constant"
      value: 0.1
    }
    engine: MKL2017
  }
}
layer {
  name: "relu4"
  type: "ReLU"
  bottom: "conv4"
  top: "conv4"
  relu_param {
    engine: MKL2017
  }
}
layer {
  name: "conv5"
  type: "Convolution"
  bottom: "conv4"
  top: "conv5"
  param {
    lr_mult: 1
    decay_mult: 1
  }
  param {
    lr_mult: 2
    decay_mult: 0
  }
  convolution_param {
    num_output: 256
    pad: 1
    kernel_size: 3
    group: 2
    weight_filler {
      type: "gaussian"
      std: 0.01
    }
    bias_filler {
      type: "constant"
      value: 0.1
    }
    engine: MKL2017
  }
}
layer {
  name: "relu5"
  type: "ReLU"
  bottom: "conv5"
  top: "conv5"
  relu_param {
    engine: MKL2017
  }
}
layer {
  name: "pool5"
  type: "Pooling"
  bottom: "conv5"
  top: "pool5"
  pooling_param {
    pool: MAX
    kernel_size: 3
    stride: 2
    engine: MKL2017
  }
}
layer {
  name: "fc6"
  type: "InnerProduct"
  bottom: "pool5"
  top: "fc6"
  param {
    lr_mult: 1
    decay_mult: 1
  }
  param {
    lr_mult: 2
    decay_mult: 0
  }
  inner_product_param {
    num_output: 4096
    weight_filler {
      type: "gaussian"
      std: 0.005
    }
    bias_filler {
      type: "constant"
      value: 0.1
    }
  }
}
layer {
  name: "relu6"
  type: "ReLU"
  bottom: "fc6"
  top: "fc6"
}
layer {
  name: "drop6"
  type: "Dropout"
  bottom: "fc6"
  top: "fc6"
  dropout_param {
    dropout_ratio: 0.5
  }
}
layer {
  name: "fc7"
  type: "InnerProduct"
  bottom: "fc6"
  top: "fc7"
  param {
    lr_mult: 1
    decay_mult: 1
  }
  param {
    lr_mult: 2
    decay_mult: 0
  }
  inner_product_param {
    num_output: 4096
    weight_filler {
      type: "gaussian"
      std: 0.005
    }
    bias_filler {
      type: "constant"
      value: 0.1
    }
  }
}
layer {
  name: "relu7"
  type: "ReLU"
  bottom: "fc7"
  top: "fc7"
}
layer {
  name: "drop7"
  type: "Dropout"
  bottom: "fc7"
  top: "fc7"
  dropout_param {
    dropout_ratio: 0.5
  }
}
layer {
  name: "fc8"
  type: "InnerProduct"
  bottom: "fc7"
  top: "fc8"
  param {
    lr_mult: 1
    decay_mult: 1
  }
  param {
    lr_mult: 2
    decay_mult: 0
  }
  inner_product_param {
    num_output: 1000
    weight_filler {
      type: "gaussian"
      std: 0.01
    }
    bias_filler {
      type: "constant"
      value: 0
    }
  }
}
layer {
  name: "loss"
  type: "SoftmaxWithLoss"
  bottom: "fc8"
  bottom: "label"
  top: "loss"
}
I1109 03:19:49.059994 144743 layer_factory.hpp:114] Creating layer data
I1109 03:19:49.209563 144743 net.cpp:160] Creating Layer data
I1109 03:19:49.258191 144743 net.cpp:570] data -> data
I1109 03:19:49.721678 144743 net.cpp:570] data -> label
I1109 03:19:56.742799 144743 net.cpp:210] Setting up data
I1109 03:19:56.822649 144743 net.cpp:217] Top shape: 32 3 227 227 (4946784)
I1109 03:19:56.927377 144743 net.cpp:217] Top shape: 32 1 1 1 (32)
I1109 03:19:56.934571 144743 net.cpp:225] Memory required for data: 19787264
I1109 03:19:57.002116 144743 layer_factory.hpp:114] Creating layer conv1
I1109 03:19:57.335938 144743 net.cpp:160] Creating Layer conv1
I1109 03:19:57.386548 144743 net.cpp:596] conv1 <- data
I1109 03:19:57.506227 144743 net.cpp:570] conv1 -> conv1
I1109 03:20:30.210557 144743 net.cpp:210] Setting up conv1
I1109 03:20:30.216878 144743 net.cpp:217] Top shape: 32 96 55 55 (9292800)
I1109 03:20:30.217260 144743 net.cpp:225] Memory required for data: 56958464
I1109 03:20:30.495723 144743 layer_factory.hpp:114] Creating layer relu1
I1109 03:20:30.616695 144743 net.cpp:160] Creating Layer relu1
I1109 03:20:30.621390 144743 net.cpp:596] relu1 <- conv1
I1109 03:20:30.654727 144743 net.cpp:557] relu1 -> conv1 (in-place)
I1109 03:20:30.842578 144743 net.cpp:210] Setting up relu1
I1109 03:20:30.845059 144743 net.cpp:217] Top shape: 32 96 55 55 (9292800)
I1109 03:20:30.845410 144743 net.cpp:225] Memory required for data: 94129664
I1109 03:20:30.845619 144743 layer_factory.hpp:114] Creating layer norm1
I1109 03:20:30.949838 144743 net.cpp:160] Creating Layer norm1
I1109 03:20:30.950162 144743 net.cpp:596] norm1 <- conv1
I1109 03:20:30.952828 144743 net.cpp:570] norm1 -> norm1
I1109 03:20:31.174656 144743 net.cpp:210] Setting up norm1
I1109 03:20:31.187371 144743 net.cpp:217] Top shape: 32 96 55 55 (9292800)
I1109 03:20:31.187757 144743 net.cpp:225] Memory required for data: 131300864
I1109 03:20:31.188091 144743 layer_factory.hpp:114] Creating layer pool1
I1109 03:20:31.280825 144743 net.cpp:160] Creating Layer pool1
I1109 03:20:31.281146 144743 net.cpp:596] pool1 <- norm1
I1109 03:20:31.295872 144743 net.cpp:570] pool1 -> pool1
I1109 03:20:31.598933 144743 net.cpp:210] Setting up pool1
I1109 03:20:31.601460 144743 net.cpp:217] Top shape: 32 96 27 27 (2239488)
I1109 03:20:31.601836 144743 net.cpp:225] Memory required for data: 140258816
I1109 03:20:31.602068 144743 layer_factory.hpp:114] Creating layer conv2
I1109 03:20:31.602525 144743 net.cpp:160] Creating Layer conv2
I1109 03:20:31.602754 144743 net.cpp:596] conv2 <- pool1
I1109 03:20:31.602991 144743 net.cpp:570] conv2 -> conv2
I1109 03:20:37.345774 144743 net.cpp:210] Setting up conv2
I1109 03:20:37.346096 144743 net.cpp:217] Top shape: 32 256 27 27 (5971968)
I1109 03:20:37.346487 144743 net.cpp:225] Memory required for data: 164146688
I1109 03:20:37.397337 144743 layer_factory.hpp:114] Creating layer relu2
I1109 03:20:37.397745 144743 net.cpp:160] Creating Layer relu2
I1109 03:20:37.398123 144743 net.cpp:596] relu2 <- conv2
I1109 03:20:37.398406 144743 net.cpp:557] relu2 -> conv2 (in-place)
I1109 03:20:37.398869 144743 net.cpp:210] Setting up relu2
I1109 03:20:37.399142 144743 net.cpp:217] Top shape: 32 256 27 27 (5971968)
I1109 03:20:37.399392 144743 net.cpp:225] Memory required for data: 188034560
I1109 03:20:37.399595 144743 layer_factory.hpp:114] Creating layer norm2
I1109 03:20:37.399844 144743 net.cpp:160] Creating Layer norm2
I1109 03:20:37.400049 144743 net.cpp:596] norm2 <- conv2
I1109 03:20:37.400316 144743 net.cpp:570] norm2 -> norm2
I1109 03:20:37.402423 144743 net.cpp:210] Setting up norm2
I1109 03:20:37.402751 144743 net.cpp:217] Top shape: 32 256 27 27 (5971968)
I1109 03:20:37.403003 144743 net.cpp:225] Memory required for data: 211922432
I1109 03:20:37.403201 144743 layer_factory.hpp:114] Creating layer pool2
I1109 03:20:37.404091 144743 net.cpp:160] Creating Layer pool2
I1109 03:20:37.404399 144743 net.cpp:596] pool2 <- norm2
I1109 03:20:37.404661 144743 net.cpp:570] pool2 -> pool2
I1109 03:20:37.405138 144743 net.cpp:210] Setting up pool2
I1109 03:20:37.405416 144743 net.cpp:217] Top shape: 32 256 13 13 (1384448)
I1109 03:20:37.405710 144743 net.cpp:225] Memory required for data: 217460224
I1109 03:20:37.405949 144743 layer_factory.hpp:114] Creating layer conv3
I1109 03:20:37.406376 144743 net.cpp:160] Creating Layer conv3
I1109 03:20:37.406750 144743 net.cpp:596] conv3 <- pool2
I1109 03:20:37.407055 144743 net.cpp:570] conv3 -> conv3
I1109 03:20:37.860918 144743 net.cpp:210] Setting up conv3
I1109 03:20:37.863327 144743 net.cpp:217] Top shape: 32 384 13 13 (2076672)
I1109 03:20:37.863688 144743 net.cpp:225] Memory required for data: 225766912
I1109 03:20:37.866817 144743 layer_factory.hpp:114] Creating layer relu3
I1109 03:20:37.867280 144743 net.cpp:160] Creating Layer relu3
I1109 03:20:37.867547 144743 net.cpp:596] relu3 <- conv3
I1109 03:20:37.867861 144743 net.cpp:557] relu3 -> conv3 (in-place)
I1109 03:20:37.872124 144743 net.cpp:210] Setting up relu3
I1109 03:20:37.872442 144743 net.cpp:217] Top shape: 32 384 13 13 (2076672)
I1109 03:20:37.872740 144743 net.cpp:225] Memory required for data: 234073600
I1109 03:20:37.873011 144743 layer_factory.hpp:114] Creating layer conv4
I1109 03:20:37.873457 144743 net.cpp:160] Creating Layer conv4
I1109 03:20:37.873745 144743 net.cpp:596] conv4 <- conv3
I1109 03:20:37.873996 144743 net.cpp:570] conv4 -> conv4
I1109 03:20:38.116273 144743 net.cpp:210] Setting up conv4
I1109 03:20:38.116665 144743 net.cpp:217] Top shape: 32 384 13 13 (2076672)
I1109 03:20:38.117108 144743 net.cpp:225] Memory required for data: 242380288
I1109 03:20:38.117447 144743 layer_factory.hpp:114] Creating layer relu4
I1109 03:20:38.117766 144743 net.cpp:160] Creating Layer relu4
I1109 03:20:38.118016 144743 net.cpp:596] relu4 <- conv4
I1109 03:20:38.118270 144743 net.cpp:557] relu4 -> conv4 (in-place)
I1109 03:20:38.130563 144743 net.cpp:210] Setting up relu4
I1109 03:20:38.130914 144743 net.cpp:217] Top shape: 32 384 13 13 (2076672)
I1109 03:20:38.131332 144743 net.cpp:225] Memory required for data: 250686976
I1109 03:20:38.131559 144743 layer_factory.hpp:114] Creating layer conv5
I1109 03:20:38.131933 144743 net.cpp:160] Creating Layer conv5
I1109 03:20:38.132187 144743 net.cpp:596] conv5 <- conv4
I1109 03:20:38.132448 144743 net.cpp:570] conv5 -> conv5
I1109 03:20:38.327566 144743 net.cpp:210] Setting up conv5
I1109 03:20:38.327966 144743 net.cpp:217] Top shape: 32 256 13 13 (1384448)
I1109 03:20:38.328429 144743 net.cpp:225] Memory required for data: 256224768
I1109 03:20:38.333340 144743 layer_factory.hpp:114] Creating layer relu5
I1109 03:20:38.333768 144743 net.cpp:160] Creating Layer relu5
I1109 03:20:38.334131 144743 net.cpp:596] relu5 <- conv5
I1109 03:20:38.334419 144743 net.cpp:557] relu5 -> conv5 (in-place)
I1109 03:20:38.334890 144743 net.cpp:210] Setting up relu5
I1109 03:20:38.335191 144743 net.cpp:217] Top shape: 32 256 13 13 (1384448)
I1109 03:20:38.335456 144743 net.cpp:225] Memory required for data: 261762560
I1109 03:20:38.335675 144743 layer_factory.hpp:114] Creating layer pool5
I1109 03:20:38.335985 144743 net.cpp:160] Creating Layer pool5
I1109 03:20:38.336228 144743 net.cpp:596] pool5 <- conv5
I1109 03:20:38.336496 144743 net.cpp:570] pool5 -> pool5
I1109 03:20:38.336949 144743 net.cpp:210] Setting up pool5
I1109 03:20:38.337229 144743 net.cpp:217] Top shape: 32 256 6 6 (294912)
I1109 03:20:38.337465 144743 net.cpp:225] Memory required for data: 262942208
I1109 03:20:38.337649 144743 layer_factory.hpp:114] Creating layer fc6
I1109 03:20:38.392570 144743 net.cpp:160] Creating Layer fc6
I1109 03:20:38.392923 144743 net.cpp:596] fc6 <- pool5
I1109 03:20:38.393308 144743 net.cpp:570] fc6 -> fc6
I1109 03:20:42.481976 144743 net.cpp:210] Setting up fc6
I1109 03:20:42.482286 144743 net.cpp:217] Top shape: 32 4096 (131072)
I1109 03:20:42.484357 144743 net.cpp:225] Memory required for data: 263466496
I1109 03:20:42.484676 144743 layer_factory.hpp:114] Creating layer relu6
I1109 03:20:42.487259 144743 net.cpp:160] Creating Layer relu6
I1109 03:20:42.487563 144743 net.cpp:596] relu6 <- fc6
I1109 03:20:42.487800 144743 net.cpp:557] relu6 -> fc6 (in-place)
I1109 03:20:42.488225 144743 net.cpp:210] Setting up relu6
I1109 03:20:42.488515 144743 net.cpp:217] Top shape: 32 4096 (131072)
I1109 03:20:42.488757 144743 net.cpp:225] Memory required for data: 263990784
I1109 03:20:42.489002 144743 layer_factory.hpp:114] Creating layer drop6
I1109 03:20:42.509171 144743 net.cpp:160] Creating Layer drop6
I1109 03:20:42.509474 144743 net.cpp:596] drop6 <- fc6
I1109 03:20:42.509848 144743 net.cpp:557] drop6 -> fc6 (in-place)
I1109 03:20:42.612927 144743 net.cpp:210] Setting up drop6
I1109 03:20:42.613225 144743 net.cpp:217] Top shape: 32 4096 (131072)
I1109 03:20:42.613571 144743 net.cpp:225] Memory required for data: 264515072
I1109 03:20:42.613819 144743 layer_factory.hpp:114] Creating layer fc7
I1109 03:20:42.614089 144743 net.cpp:160] Creating Layer fc7
I1109 03:20:42.614302 144743 net.cpp:596] fc7 <- fc6
I1109 03:20:42.614696 144743 net.cpp:570] fc7 -> fc7
I1109 03:20:44.327220 144743 net.cpp:210] Setting up fc7
I1109 03:20:44.327580 144743 net.cpp:217] Top shape: 32 4096 (131072)
I1109 03:20:44.327989 144743 net.cpp:225] Memory required for data: 265039360
I1109 03:20:44.328337 144743 layer_factory.hpp:114] Creating layer relu7
I1109 03:20:44.328656 144743 net.cpp:160] Creating Layer relu7
I1109 03:20:44.328961 144743 net.cpp:596] relu7 <- fc7
I1109 03:20:44.329226 144743 net.cpp:557] relu7 -> fc7 (in-place)
I1109 03:20:44.329668 144743 net.cpp:210] Setting up relu7
I1109 03:20:44.329949 144743 net.cpp:217] Top shape: 32 4096 (131072)
I1109 03:20:44.330224 144743 net.cpp:225] Memory required for data: 265563648
I1109 03:20:44.330431 144743 layer_factory.hpp:114] Creating layer drop7
I1109 03:20:44.330678 144743 net.cpp:160] Creating Layer drop7
I1109 03:20:44.330893 144743 net.cpp:596] drop7 <- fc7
I1109 03:20:44.331156 144743 net.cpp:557] drop7 -> fc7 (in-place)
I1109 03:20:44.331421 144743 net.cpp:210] Setting up drop7
I1109 03:20:44.331624 144743 net.cpp:217] Top shape: 32 4096 (131072)
I1109 03:20:44.331838 144743 net.cpp:225] Memory required for data: 266087936
I1109 03:20:44.332018 144743 layer_factory.hpp:114] Creating layer fc8
I1109 03:20:44.332264 144743 net.cpp:160] Creating Layer fc8
I1109 03:20:44.332465 144743 net.cpp:596] fc8 <- fc7
I1109 03:20:44.332693 144743 net.cpp:570] fc8 -> fc8
I1109 03:20:44.754277 144743 net.cpp:210] Setting up fc8
I1109 03:20:44.754632 144743 net.cpp:217] Top shape: 32 1000 (32000)
I1109 03:20:44.755022 144743 net.cpp:225] Memory required for data: 266215936
I1109 03:20:44.755354 144743 layer_factory.hpp:114] Creating layer loss
I1109 03:20:44.779933 144743 net.cpp:160] Creating Layer loss
I1109 03:20:44.780253 144743 net.cpp:596] loss <- fc8
I1109 03:20:44.781204 144743 net.cpp:596] loss <- label
I1109 03:20:44.808743 144743 net.cpp:570] loss -> loss
I1109 03:20:44.846601 144743 layer_factory.hpp:114] Creating layer loss
I1109 03:20:47.369226 144743 net.cpp:210] Setting up loss
I1109 03:20:47.411772 144743 net.cpp:217] Top shape: (1)
I1109 03:20:47.422281 144743 net.cpp:220]     with loss weight 1
I1109 03:20:47.565063 144743 net.cpp:225] Memory required for data: 266215940
I1109 03:20:47.611795 144743 net.cpp:287] loss needs backward computation.
I1109 03:20:47.710481 144743 net.cpp:287] fc8 needs backward computation.
I1109 03:20:47.718381 144743 net.cpp:287] drop7 needs backward computation.
I1109 03:20:47.729153 144743 net.cpp:287] relu7 needs backward computation.
I1109 03:20:47.729460 144743 net.cpp:287] fc7 needs backward computation.
I1109 03:20:47.731865 144743 net.cpp:287] drop6 needs backward computation.
I1109 03:20:47.732156 144743 net.cpp:287] relu6 needs backward computation.
I1109 03:20:47.732342 144743 net.cpp:287] fc6 needs backward computation.
I1109 03:20:47.733073 144743 net.cpp:287] pool5 needs backward computation.
I1109 03:20:47.733887 144743 net.cpp:287] relu5 needs backward computation.
I1109 03:20:47.734158 144743 net.cpp:287] conv5 needs backward computation.
I1109 03:20:47.734360 144743 net.cpp:287] relu4 needs backward computation.
I1109 03:20:47.734549 144743 net.cpp:287] conv4 needs backward computation.
I1109 03:20:47.734740 144743 net.cpp:287] relu3 needs backward computation.
I1109 03:20:47.734947 144743 net.cpp:287] conv3 needs backward computation.
I1109 03:20:47.746804 144743 net.cpp:287] pool2 needs backward computation.
I1109 03:20:47.747143 144743 net.cpp:287] norm2 needs backward computation.
I1109 03:20:47.747440 144743 net.cpp:287] relu2 needs backward computation.
I1109 03:20:47.747676 144743 net.cpp:287] conv2 needs backward computation.
I1109 03:20:47.747865 144743 net.cpp:287] pool1 needs backward computation.
I1109 03:20:47.748049 144743 net.cpp:287] norm1 needs backward computation.
I1109 03:20:47.748229 144743 net.cpp:287] relu1 needs backward computation.
I1109 03:20:47.748406 144743 net.cpp:287] conv1 needs backward computation.
I1109 03:20:47.760849 144743 net.cpp:289] data does not need backward computation.
I1109 03:20:47.785045 144743 net.cpp:331] This network produces output loss
I1109 03:20:47.858706 144743 net.cpp:345] Network initialization done.
I1109 03:20:48.028118 144743 caffe.cpp:452] Performing Forward
I1109 03:21:00.920903 144743 caffe.cpp:457] Initial loss: 6.89213
I1109 03:21:00.976167 144743 caffe.cpp:459] Performing Backward
I1109 03:21:05.859061 144743 caffe.cpp:468] *** Benchmark begins ***
I1109 03:21:05.874209 144743 caffe.cpp:469] Testing for 1 iterations.
I1109 03:21:06.018784 144743 caffe.cpp:485] Profiling Layer: fc7 backward
I1109 03:21:08.073355 144743 caffe.cpp:512] Iteration: 1 forward-backward time: 2053 ms.
I1109 03:21:08.232614 144743 caffe.cpp:519] Average time per layer: 
I1109 03:21:08.248076 144743 caffe.cpp:522]       data	forward: 549.317 ms.
I1109 03:21:08.318249 144743 caffe.cpp:526]       data	backward: 5.363 ms.
I1109 03:21:08.337805 144743 caffe.cpp:522]      conv1	forward: 127.472 ms.
I1109 03:21:08.341058 144743 caffe.cpp:526]      conv1	backward: 45.321 ms.
I1109 03:21:08.341913 144743 caffe.cpp:522]      relu1	forward: 14.806 ms.
I1109 03:21:08.342154 144743 caffe.cpp:526]      relu1	backward: 24.395 ms.
I1109 03:21:08.342355 144743 caffe.cpp:522]      norm1	forward: 20.896 ms.
I1109 03:21:08.342550 144743 caffe.cpp:526]      norm1	backward: 14.705 ms.
I1109 03:21:08.342744 144743 caffe.cpp:522]      pool1	forward: 22.604 ms.
I1109 03:21:08.342936 144743 caffe.cpp:526]      pool1	backward: 75.435 ms.
I1109 03:21:08.343605 144743 caffe.cpp:522]      conv2	forward: 62.506 ms.
I1109 03:21:08.343849 144743 caffe.cpp:526]      conv2	backward: 46.697 ms.
I1109 03:21:08.344187 144743 caffe.cpp:522]      relu2	forward: 16.373 ms.
I1109 03:21:08.344399 144743 caffe.cpp:526]      relu2	backward: 0.715 ms.
I1109 03:21:08.344594 144743 caffe.cpp:522]      norm2	forward: 14.402 ms.
I1109 03:21:08.344822 144743 caffe.cpp:526]      norm2	backward: 2.031 ms.
I1109 03:21:08.345016 144743 caffe.cpp:522]      pool2	forward: 20.098 ms.
I1109 03:21:08.345700 144743 caffe.cpp:526]      pool2	backward: 24.854 ms.
I1109 03:21:08.345924 144743 caffe.cpp:522]      conv3	forward: 39.016 ms.
I1109 03:21:08.346156 144743 caffe.cpp:526]      conv3	backward: 36.749 ms.
I1109 03:21:08.346364 144743 caffe.cpp:522]      relu3	forward: 18.956 ms.
I1109 03:21:08.346662 144743 caffe.cpp:526]      relu3	backward: 0.684 ms.
I1109 03:21:08.346917 144743 caffe.cpp:522]      conv4	forward: 39.443 ms.
I1109 03:21:08.347115 144743 caffe.cpp:526]      conv4	backward: 27.947 ms.
I1109 03:21:08.347307 144743 caffe.cpp:522]      relu4	forward: 13.704 ms.
I1109 03:21:08.347501 144743 caffe.cpp:526]      relu4	backward: 7.328 ms.
I1109 03:21:08.347687 144743 caffe.cpp:522]      conv5	forward: 31.002 ms.
I1109 03:21:08.347877 144743 caffe.cpp:526]      conv5	backward: 18.976 ms.
I1109 03:21:08.348067 144743 caffe.cpp:522]      relu5	forward: 21.774 ms.
I1109 03:21:08.348258 144743 caffe.cpp:526]      relu5	backward: 0.251 ms.
I1109 03:21:08.348444 144743 caffe.cpp:522]      pool5	forward: 15.003 ms.
I1109 03:21:08.348634 144743 caffe.cpp:526]      pool5	backward: 9.194 ms.
I1109 03:21:08.349616 144743 caffe.cpp:522]        fc6	forward: 40.429 ms.
I1109 03:21:08.349859 144743 caffe.cpp:526]        fc6	backward: 55.269 ms.
I1109 03:21:08.350056 144743 caffe.cpp:522]      relu6	forward: 20.2 ms.
I1109 03:21:08.350250 144743 caffe.cpp:526]      relu6	backward: 0.095 ms.
I1109 03:21:08.352872 144743 caffe.cpp:522]      drop6	forward: 38.705 ms.
I1109 03:21:08.353143 144743 caffe.cpp:526]      drop6	backward: 0.11 ms.
I1109 03:21:08.353843 144743 caffe.cpp:522]        fc7	forward: 15.291 ms.
I1109 03:21:08.354076 144743 caffe.cpp:526]        fc7	backward: 89.412 ms.
I1109 03:21:08.354311 144743 caffe.cpp:522]      relu7	forward: 20.122 ms.
I1109 03:21:08.354521 144743 caffe.cpp:526]      relu7	backward: 14.076 ms.
I1109 03:21:08.354826 144743 caffe.cpp:522]      drop7	forward: 22.343 ms.
I1109 03:21:08.355098 144743 caffe.cpp:526]      drop7	backward: 20.06 ms.
I1109 03:21:08.355298 144743 caffe.cpp:522]        fc8	forward: 20.391 ms.
I1109 03:21:08.355492 144743 caffe.cpp:526]        fc8	backward: 109.735 ms.
I1109 03:21:08.355686 144743 caffe.cpp:522]       loss	forward: 59.503 ms.
I1109 03:21:08.355876 144743 caffe.cpp:526]       loss	backward: 66.706 ms.
I1109 03:21:08.361446 144743 caffe.cpp:532] Average Forward pass: 1317.94 ms.
I1109 03:21:08.374615 144743 caffe.cpp:535] Average Backward pass: 704.962 ms.
I1109 03:21:08.385293 144743 caffe.cpp:537] Average Forward-Backward: 2442 ms.
I1109 03:21:08.399772 144743 caffe.cpp:540] Total Time: 2442 ms.
I1109 03:21:08.411905 144743 caffe.cpp:541] *** Benchmark ends ***
Search stanza is "EMIT_GLOBAL_DYNAMIC_STATS"
elements_fp_single_1 = 3603
elements_fp_single_4 = 4608
elements_fp_single_8 = 2422528
elements_fp_single_16 = 135381504
elements_fp_double_1 = 0
elements_fp_double_2 = 0
elements_fp_double_4 = 0
elements_fp_double_8 = 0
--->Total single-precision FLOPs = 2185506323
--->Total double-precision FLOPs = 0
--->Total FLOPs = 2185506323
mem-read-1 = 474628
mem-read-2 = 143
mem-read-4 = 71242479
mem-read-8 = 5821652
mem-read-16 = 465620
mem-read-32 = 2160128
mem-read-64 = 16659616
mem-write-1 = 169
mem-write-2 = 51
mem-write-4 = 3804
mem-write-8 = 632330
mem-write-16 = 71892
mem-write-32 = 2356992
mem-write-64 = 1171488
--->Total Bytes read = 1474807486
--->Total Bytes written = 156623375
--->Total Bytes = 1631430861
