sde64 -knl -d -iform 1 -omix sde_knl/knl_sde_layer17_dir1.out.mix -global_region -start_ssc_mark 111:repeat -stop_ssc_mark 222:repeat -- /project/projectdirs/mpccc/tmalas/intelcaffe/install_carl/bin/caffe time -model=src/models/mkl2017_alexnet/train_val.prototxt -iterations=1 -prof_layer=17 -prof_forward_direction=1
I1109 00:32:46.473225 138669 caffe.cpp:444] Use CPU.
I1109 00:33:03.387949 138669 cpu_info.cpp:452] Processor speed [MHz]: 1400
I1109 00:33:03.444345 138669 cpu_info.cpp:455] Total number of sockets: 1
I1109 00:33:03.456027 138669 cpu_info.cpp:458] Total number of CPU cores: 68
I1109 00:33:03.468437 138669 cpu_info.cpp:461] Total number of processors: 272
I1109 00:33:03.479580 138669 cpu_info.cpp:464] GPU is used: no
I1109 00:33:03.488831 138669 cpu_info.cpp:467] OpenMP environmental variables are specified: yes
I1109 00:33:03.497643 138669 cpu_info.cpp:470] OpenMP thread bind allowed: no
I1109 00:33:03.508545 138669 cpu_info.cpp:473] Number of OpenMP threads: 16
I1109 00:33:12.271688 138669 net.cpp:484] The NetState phase (0) differed from the phase (1) specified by a rule in layer data
I1109 00:33:12.302609 138669 net.cpp:484] The NetState phase (0) differed from the phase (1) specified by a rule in layer accuracy
I1109 00:33:12.932909 138669 net.cpp:120] Initializing net from parameters: 
name: "AlexNet"
state {
  phase: TRAIN
  level: 0
  stage: ""
}
layer {
  name: "data"
  type: "DummyData"
  top: "data"
  top: "label"
  include {
    phase: TRAIN
  }
  dummy_data_param {
    data_filler {
      type: "gaussian"
      std: 1
    }
    data_filler {
      type: "constant"
      value: 0
    }
    shape {
      dim: 32
      dim: 3
      dim: 227
      dim: 227
    }
    shape {
      dim: 32
      dim: 1
      dim: 1
      dim: 1
    }
  }
}
layer {
  name: "conv1"
  type: "Convolution"
  bottom: "data"
  top: "conv1"
  param {
    lr_mult: 1
    decay_mult: 1
  }
  param {
    lr_mult: 2
    decay_mult: 0
  }
  convolution_param {
    num_output: 96
    kernel_size: 11
    stride: 4
    weight_filler {
      type: "gaussian"
      std: 0.01
    }
    bias_filler {
      type: "constant"
      value: 0
    }
    engine: MKL2017
  }
}
layer {
  name: "relu1"
  type: "ReLU"
  bottom: "conv1"
  top: "conv1"
  relu_param {
    engine: MKL2017
  }
}
layer {
  name: "norm1"
  type: "LRN"
  bottom: "conv1"
  top: "norm1"
  lrn_param {
    local_size: 5
    alpha: 0.0001
    beta: 0.75
    engine: MKL2017
  }
}
layer {
  name: "pool1"
  type: "Pooling"
  bottom: "norm1"
  top: "pool1"
  pooling_param {
    pool: MAX
    kernel_size: 3
    stride: 2
    engine: MKL2017
  }
}
layer {
  name: "conv2"
  type: "Convolution"
  bottom: "pool1"
  top: "conv2"
  param {
    lr_mult: 1
    decay_mult: 1
  }
  param {
    lr_mult: 2
    decay_mult: 0
  }
  convolution_param {
    num_output: 256
    pad: 2
    kernel_size: 5
    group: 2
    weight_filler {
      type: "gaussian"
      std: 0.01
    }
    bias_filler {
      type: "constant"
      value: 0.1
    }
    engine: MKL2017
  }
}
layer {
  name: "relu2"
  type: "ReLU"
  bottom: "conv2"
  top: "conv2"
  relu_param {
    engine: MKL2017
  }
}
layer {
  name: "norm2"
  type: "LRN"
  bottom: "conv2"
  top: "norm2"
  lrn_param {
    local_size: 5
    alpha: 0.0001
    beta: 0.75
    engine: MKL2017
  }
}
layer {
  name: "pool2"
  type: "Pooling"
  bottom: "norm2"
  top: "pool2"
  pooling_param {
    pool: MAX
    kernel_size: 3
    stride: 2
    engine: MKL2017
  }
}
layer {
  name: "conv3"
  type: "Convolution"
  bottom: "pool2"
  top: "conv3"
  param {
    lr_mult: 1
    decay_mult: 1
  }
  param {
    lr_mult: 2
    decay_mult: 0
  }
  convolution_param {
    num_output: 384
    pad: 1
    kernel_size: 3
    weight_filler {
      type: "gaussian"
      std: 0.01
    }
    bias_filler {
      type: "constant"
      value: 0
    }
    engine: MKL2017
  }
}
layer {
  name: "relu3"
  type: "ReLU"
  bottom: "conv3"
  top: "conv3"
  relu_param {
    engine: MKL2017
  }
}
layer {
  name: "conv4"
  type: "Convolution"
  bottom: "conv3"
  top: "conv4"
  param {
    lr_mult: 1
    decay_mult: 1
  }
  param {
    lr_mult: 2
    decay_mult: 0
  }
  convolution_param {
    num_output: 384
    pad: 1
    kernel_size: 3
    group: 2
    weight_filler {
      type: "gaussian"
      std: 0.01
    }
    bias_filler {
      type: "constant"
      value: 0.1
    }
    engine: MKL2017
  }
}
layer {
  name: "relu4"
  type: "ReLU"
  bottom: "conv4"
  top: "conv4"
  relu_param {
    engine: MKL2017
  }
}
layer {
  name: "conv5"
  type: "Convolution"
  bottom: "conv4"
  top: "conv5"
  param {
    lr_mult: 1
    decay_mult: 1
  }
  param {
    lr_mult: 2
    decay_mult: 0
  }
  convolution_param {
    num_output: 256
    pad: 1
    kernel_size: 3
    group: 2
    weight_filler {
      type: "gaussian"
      std: 0.01
    }
    bias_filler {
      type: "constant"
      value: 0.1
    }
    engine: MKL2017
  }
}
layer {
  name: "relu5"
  type: "ReLU"
  bottom: "conv5"
  top: "conv5"
  relu_param {
    engine: MKL2017
  }
}
layer {
  name: "pool5"
  type: "Pooling"
  bottom: "conv5"
  top: "pool5"
  pooling_param {
    pool: MAX
    kernel_size: 3
    stride: 2
    engine: MKL2017
  }
}
layer {
  name: "fc6"
  type: "InnerProduct"
  bottom: "pool5"
  top: "fc6"
  param {
    lr_mult: 1
    decay_mult: 1
  }
  param {
    lr_mult: 2
    decay_mult: 0
  }
  inner_product_param {
    num_output: 4096
    weight_filler {
      type: "gaussian"
      std: 0.005
    }
    bias_filler {
      type: "constant"
      value: 0.1
    }
  }
}
layer {
  name: "relu6"
  type: "ReLU"
  bottom: "fc6"
  top: "fc6"
}
layer {
  name: "drop6"
  type: "Dropout"
  bottom: "fc6"
  top: "fc6"
  dropout_param {
    dropout_ratio: 0.5
  }
}
layer {
  name: "fc7"
  type: "InnerProduct"
  bottom: "fc6"
  top: "fc7"
  param {
    lr_mult: 1
    decay_mult: 1
  }
  param {
    lr_mult: 2
    decay_mult: 0
  }
  inner_product_param {
    num_output: 4096
    weight_filler {
      type: "gaussian"
      std: 0.005
    }
    bias_filler {
      type: "constant"
      value: 0.1
    }
  }
}
layer {
  name: "relu7"
  type: "ReLU"
  bottom: "fc7"
  top: "fc7"
}
layer {
  name: "drop7"
  type: "Dropout"
  bottom: "fc7"
  top: "fc7"
  dropout_param {
    dropout_ratio: 0.5
  }
}
layer {
  name: "fc8"
  type: "InnerProduct"
  bottom: "fc7"
  top: "fc8"
  param {
    lr_mult: 1
    decay_mult: 1
  }
  param {
    lr_mult: 2
    decay_mult: 0
  }
  inner_product_param {
    num_output: 1000
    weight_filler {
      type: "gaussian"
      std: 0.01
    }
    bias_filler {
      type: "constant"
      value: 0
    }
  }
}
layer {
  name: "loss"
  type: "SoftmaxWithLoss"
  bottom: "fc8"
  bottom: "label"
  top: "loss"
}
I1109 00:33:15.378710 138669 layer_factory.hpp:114] Creating layer data
I1109 00:33:15.525518 138669 net.cpp:160] Creating Layer data
I1109 00:33:15.575548 138669 net.cpp:570] data -> data
I1109 00:33:16.041283 138669 net.cpp:570] data -> label
I1109 00:33:23.082515 138669 net.cpp:210] Setting up data
I1109 00:33:23.162058 138669 net.cpp:217] Top shape: 32 3 227 227 (4946784)
I1109 00:33:23.265897 138669 net.cpp:217] Top shape: 32 1 1 1 (32)
I1109 00:33:23.273066 138669 net.cpp:225] Memory required for data: 19787264
I1109 00:33:23.343495 138669 layer_factory.hpp:114] Creating layer conv1
I1109 00:33:23.675642 138669 net.cpp:160] Creating Layer conv1
I1109 00:33:23.725392 138669 net.cpp:596] conv1 <- data
I1109 00:33:23.845011 138669 net.cpp:570] conv1 -> conv1
I1109 00:33:56.738620 138669 net.cpp:210] Setting up conv1
I1109 00:33:56.745708 138669 net.cpp:217] Top shape: 32 96 55 55 (9292800)
I1109 00:33:56.746106 138669 net.cpp:225] Memory required for data: 56958464
I1109 00:33:57.027050 138669 layer_factory.hpp:114] Creating layer relu1
I1109 00:33:57.147233 138669 net.cpp:160] Creating Layer relu1
I1109 00:33:57.151844 138669 net.cpp:596] relu1 <- conv1
I1109 00:33:57.184092 138669 net.cpp:557] relu1 -> conv1 (in-place)
I1109 00:33:57.372560 138669 net.cpp:210] Setting up relu1
I1109 00:33:57.374985 138669 net.cpp:217] Top shape: 32 96 55 55 (9292800)
I1109 00:33:57.375322 138669 net.cpp:225] Memory required for data: 94129664
I1109 00:33:57.375522 138669 layer_factory.hpp:114] Creating layer norm1
I1109 00:33:57.484690 138669 net.cpp:160] Creating Layer norm1
I1109 00:33:57.485064 138669 net.cpp:596] norm1 <- conv1
I1109 00:33:57.487629 138669 net.cpp:570] norm1 -> norm1
I1109 00:33:57.712618 138669 net.cpp:210] Setting up norm1
I1109 00:33:57.725611 138669 net.cpp:217] Top shape: 32 96 55 55 (9292800)
I1109 00:33:57.725986 138669 net.cpp:225] Memory required for data: 131300864
I1109 00:33:57.726290 138669 layer_factory.hpp:114] Creating layer pool1
I1109 00:33:57.819473 138669 net.cpp:160] Creating Layer pool1
I1109 00:33:57.819784 138669 net.cpp:596] pool1 <- norm1
I1109 00:33:57.834527 138669 net.cpp:570] pool1 -> pool1
I1109 00:33:58.135546 138669 net.cpp:210] Setting up pool1
I1109 00:33:58.138089 138669 net.cpp:217] Top shape: 32 96 27 27 (2239488)
I1109 00:33:58.138412 138669 net.cpp:225] Memory required for data: 140258816
I1109 00:33:58.138660 138669 layer_factory.hpp:114] Creating layer conv2
I1109 00:33:58.139035 138669 net.cpp:160] Creating Layer conv2
I1109 00:33:58.139291 138669 net.cpp:596] conv2 <- pool1
I1109 00:33:58.139523 138669 net.cpp:570] conv2 -> conv2
I1109 00:34:03.895375 138669 net.cpp:210] Setting up conv2
I1109 00:34:03.895711 138669 net.cpp:217] Top shape: 32 256 27 27 (5971968)
I1109 00:34:03.896114 138669 net.cpp:225] Memory required for data: 164146688
I1109 00:34:03.946535 138669 layer_factory.hpp:114] Creating layer relu2
I1109 00:34:03.946949 138669 net.cpp:160] Creating Layer relu2
I1109 00:34:03.947302 138669 net.cpp:596] relu2 <- conv2
I1109 00:34:03.947561 138669 net.cpp:557] relu2 -> conv2 (in-place)
I1109 00:34:03.948012 138669 net.cpp:210] Setting up relu2
I1109 00:34:03.948282 138669 net.cpp:217] Top shape: 32 256 27 27 (5971968)
I1109 00:34:03.948511 138669 net.cpp:225] Memory required for data: 188034560
I1109 00:34:03.948696 138669 layer_factory.hpp:114] Creating layer norm2
I1109 00:34:03.948988 138669 net.cpp:160] Creating Layer norm2
I1109 00:34:03.949188 138669 net.cpp:596] norm2 <- conv2
I1109 00:34:03.949419 138669 net.cpp:570] norm2 -> norm2
I1109 00:34:03.951534 138669 net.cpp:210] Setting up norm2
I1109 00:34:03.951840 138669 net.cpp:217] Top shape: 32 256 27 27 (5971968)
I1109 00:34:03.952069 138669 net.cpp:225] Memory required for data: 211922432
I1109 00:34:03.952256 138669 layer_factory.hpp:114] Creating layer pool2
I1109 00:34:03.953117 138669 net.cpp:160] Creating Layer pool2
I1109 00:34:03.953405 138669 net.cpp:596] pool2 <- norm2
I1109 00:34:03.953677 138669 net.cpp:570] pool2 -> pool2
I1109 00:34:03.954128 138669 net.cpp:210] Setting up pool2
I1109 00:34:03.954501 138669 net.cpp:217] Top shape: 32 256 13 13 (1384448)
I1109 00:34:03.954727 138669 net.cpp:225] Memory required for data: 217460224
I1109 00:34:03.954923 138669 layer_factory.hpp:114] Creating layer conv3
I1109 00:34:03.955257 138669 net.cpp:160] Creating Layer conv3
I1109 00:34:03.955482 138669 net.cpp:596] conv3 <- pool2
I1109 00:34:03.955724 138669 net.cpp:570] conv3 -> conv3
I1109 00:34:04.456323 138669 net.cpp:210] Setting up conv3
I1109 00:34:04.458767 138669 net.cpp:217] Top shape: 32 384 13 13 (2076672)
I1109 00:34:04.459131 138669 net.cpp:225] Memory required for data: 225766912
I1109 00:34:04.462167 138669 layer_factory.hpp:114] Creating layer relu3
I1109 00:34:04.462560 138669 net.cpp:160] Creating Layer relu3
I1109 00:34:04.462812 138669 net.cpp:596] relu3 <- conv3
I1109 00:34:04.463052 138669 net.cpp:557] relu3 -> conv3 (in-place)
I1109 00:34:04.467303 138669 net.cpp:210] Setting up relu3
I1109 00:34:04.467641 138669 net.cpp:217] Top shape: 32 384 13 13 (2076672)
I1109 00:34:04.467881 138669 net.cpp:225] Memory required for data: 234073600
I1109 00:34:04.468073 138669 layer_factory.hpp:114] Creating layer conv4
I1109 00:34:04.468436 138669 net.cpp:160] Creating Layer conv4
I1109 00:34:04.468690 138669 net.cpp:596] conv4 <- conv3
I1109 00:34:04.468994 138669 net.cpp:570] conv4 -> conv4
I1109 00:34:04.710831 138669 net.cpp:210] Setting up conv4
I1109 00:34:04.711212 138669 net.cpp:217] Top shape: 32 384 13 13 (2076672)
I1109 00:34:04.711596 138669 net.cpp:225] Memory required for data: 242380288
I1109 00:34:04.711933 138669 layer_factory.hpp:114] Creating layer relu4
I1109 00:34:04.712225 138669 net.cpp:160] Creating Layer relu4
I1109 00:34:04.712445 138669 net.cpp:596] relu4 <- conv4
I1109 00:34:04.712673 138669 net.cpp:557] relu4 -> conv4 (in-place)
I1109 00:34:04.724910 138669 net.cpp:210] Setting up relu4
I1109 00:34:04.725252 138669 net.cpp:217] Top shape: 32 384 13 13 (2076672)
I1109 00:34:04.725697 138669 net.cpp:225] Memory required for data: 250686976
I1109 00:34:04.725940 138669 layer_factory.hpp:114] Creating layer conv5
I1109 00:34:04.726306 138669 net.cpp:160] Creating Layer conv5
I1109 00:34:04.726541 138669 net.cpp:596] conv5 <- conv4
I1109 00:34:04.726783 138669 net.cpp:570] conv5 -> conv5
I1109 00:34:04.894877 138669 net.cpp:210] Setting up conv5
I1109 00:34:04.895269 138669 net.cpp:217] Top shape: 32 256 13 13 (1384448)
I1109 00:34:04.895673 138669 net.cpp:225] Memory required for data: 256224768
I1109 00:34:04.900319 138669 layer_factory.hpp:114] Creating layer relu5
I1109 00:34:04.900719 138669 net.cpp:160] Creating Layer relu5
I1109 00:34:04.901058 138669 net.cpp:596] relu5 <- conv5
I1109 00:34:04.901341 138669 net.cpp:557] relu5 -> conv5 (in-place)
I1109 00:34:04.901820 138669 net.cpp:210] Setting up relu5
I1109 00:34:04.902194 138669 net.cpp:217] Top shape: 32 256 13 13 (1384448)
I1109 00:34:04.902428 138669 net.cpp:225] Memory required for data: 261762560
I1109 00:34:04.902633 138669 layer_factory.hpp:114] Creating layer pool5
I1109 00:34:04.902890 138669 net.cpp:160] Creating Layer pool5
I1109 00:34:04.903101 138669 net.cpp:596] pool5 <- conv5
I1109 00:34:04.903321 138669 net.cpp:570] pool5 -> pool5
I1109 00:34:04.903720 138669 net.cpp:210] Setting up pool5
I1109 00:34:04.903975 138669 net.cpp:217] Top shape: 32 256 6 6 (294912)
I1109 00:34:04.904237 138669 net.cpp:225] Memory required for data: 262942208
I1109 00:34:04.904433 138669 layer_factory.hpp:114] Creating layer fc6
I1109 00:34:04.959162 138669 net.cpp:160] Creating Layer fc6
I1109 00:34:04.959470 138669 net.cpp:596] fc6 <- pool5
I1109 00:34:04.959870 138669 net.cpp:570] fc6 -> fc6
I1109 00:34:09.050470 138669 net.cpp:210] Setting up fc6
I1109 00:34:09.050772 138669 net.cpp:217] Top shape: 32 4096 (131072)
I1109 00:34:09.052938 138669 net.cpp:225] Memory required for data: 263466496
I1109 00:34:09.053253 138669 layer_factory.hpp:114] Creating layer relu6
I1109 00:34:09.055752 138669 net.cpp:160] Creating Layer relu6
I1109 00:34:09.056049 138669 net.cpp:596] relu6 <- fc6
I1109 00:34:09.056277 138669 net.cpp:557] relu6 -> fc6 (in-place)
I1109 00:34:09.056699 138669 net.cpp:210] Setting up relu6
I1109 00:34:09.057014 138669 net.cpp:217] Top shape: 32 4096 (131072)
I1109 00:34:09.057241 138669 net.cpp:225] Memory required for data: 263990784
I1109 00:34:09.057425 138669 layer_factory.hpp:114] Creating layer drop6
I1109 00:34:09.077149 138669 net.cpp:160] Creating Layer drop6
I1109 00:34:09.077450 138669 net.cpp:596] drop6 <- fc6
I1109 00:34:09.077821 138669 net.cpp:557] drop6 -> fc6 (in-place)
I1109 00:34:09.182649 138669 net.cpp:210] Setting up drop6
I1109 00:34:09.182950 138669 net.cpp:217] Top shape: 32 4096 (131072)
I1109 00:34:09.183341 138669 net.cpp:225] Memory required for data: 264515072
I1109 00:34:09.183588 138669 layer_factory.hpp:114] Creating layer fc7
I1109 00:34:09.183862 138669 net.cpp:160] Creating Layer fc7
I1109 00:34:09.184064 138669 net.cpp:596] fc7 <- fc6
I1109 00:34:09.184448 138669 net.cpp:570] fc7 -> fc7
I1109 00:34:10.894073 138669 net.cpp:210] Setting up fc7
I1109 00:34:10.894412 138669 net.cpp:217] Top shape: 32 4096 (131072)
I1109 00:34:10.894778 138669 net.cpp:225] Memory required for data: 265039360
I1109 00:34:10.895112 138669 layer_factory.hpp:114] Creating layer relu7
I1109 00:34:10.895411 138669 net.cpp:160] Creating Layer relu7
I1109 00:34:10.895632 138669 net.cpp:596] relu7 <- fc7
I1109 00:34:10.895865 138669 net.cpp:557] relu7 -> fc7 (in-place)
I1109 00:34:10.896292 138669 net.cpp:210] Setting up relu7
I1109 00:34:10.896559 138669 net.cpp:217] Top shape: 32 4096 (131072)
I1109 00:34:10.896826 138669 net.cpp:225] Memory required for data: 265563648
I1109 00:34:10.897027 138669 layer_factory.hpp:114] Creating layer drop7
I1109 00:34:10.897251 138669 net.cpp:160] Creating Layer drop7
I1109 00:34:10.897444 138669 net.cpp:596] drop7 <- fc7
I1109 00:34:10.897675 138669 net.cpp:557] drop7 -> fc7 (in-place)
I1109 00:34:10.897977 138669 net.cpp:210] Setting up drop7
I1109 00:34:10.898185 138669 net.cpp:217] Top shape: 32 4096 (131072)
I1109 00:34:10.898409 138669 net.cpp:225] Memory required for data: 266087936
I1109 00:34:10.898617 138669 layer_factory.hpp:114] Creating layer fc8
I1109 00:34:10.898859 138669 net.cpp:160] Creating Layer fc8
I1109 00:34:10.899046 138669 net.cpp:596] fc8 <- fc7
I1109 00:34:10.899266 138669 net.cpp:570] fc8 -> fc8
I1109 00:34:11.323036 138669 net.cpp:210] Setting up fc8
I1109 00:34:11.323403 138669 net.cpp:217] Top shape: 32 1000 (32000)
I1109 00:34:11.323870 138669 net.cpp:225] Memory required for data: 266215936
I1109 00:34:11.324200 138669 layer_factory.hpp:114] Creating layer loss
I1109 00:34:11.349272 138669 net.cpp:160] Creating Layer loss
I1109 00:34:11.349587 138669 net.cpp:596] loss <- fc8
I1109 00:34:11.350559 138669 net.cpp:596] loss <- label
I1109 00:34:11.377883 138669 net.cpp:570] loss -> loss
I1109 00:34:11.415694 138669 layer_factory.hpp:114] Creating layer loss
I1109 00:34:13.965836 138669 net.cpp:210] Setting up loss
I1109 00:34:14.017160 138669 net.cpp:217] Top shape: (1)
I1109 00:34:14.026803 138669 net.cpp:220]     with loss weight 1
I1109 00:34:14.152037 138669 net.cpp:225] Memory required for data: 266215940
I1109 00:34:14.198390 138669 net.cpp:287] loss needs backward computation.
I1109 00:34:14.284703 138669 net.cpp:287] fc8 needs backward computation.
I1109 00:34:14.291795 138669 net.cpp:287] drop7 needs backward computation.
I1109 00:34:14.302588 138669 net.cpp:287] relu7 needs backward computation.
I1109 00:34:14.302922 138669 net.cpp:287] fc7 needs backward computation.
I1109 00:34:14.305380 138669 net.cpp:287] drop6 needs backward computation.
I1109 00:34:14.305681 138669 net.cpp:287] relu6 needs backward computation.
I1109 00:34:14.305871 138669 net.cpp:287] fc6 needs backward computation.
I1109 00:34:14.306594 138669 net.cpp:287] pool5 needs backward computation.
I1109 00:34:14.307476 138669 net.cpp:287] relu5 needs backward computation.
I1109 00:34:14.307750 138669 net.cpp:287] conv5 needs backward computation.
I1109 00:34:14.307946 138669 net.cpp:287] relu4 needs backward computation.
I1109 00:34:14.308133 138669 net.cpp:287] conv4 needs backward computation.
I1109 00:34:14.308316 138669 net.cpp:287] relu3 needs backward computation.
I1109 00:34:14.308495 138669 net.cpp:287] conv3 needs backward computation.
I1109 00:34:14.320405 138669 net.cpp:287] pool2 needs backward computation.
I1109 00:34:14.320811 138669 net.cpp:287] norm2 needs backward computation.
I1109 00:34:14.321110 138669 net.cpp:287] relu2 needs backward computation.
I1109 00:34:14.321375 138669 net.cpp:287] conv2 needs backward computation.
I1109 00:34:14.321586 138669 net.cpp:287] pool1 needs backward computation.
I1109 00:34:14.321779 138669 net.cpp:287] norm1 needs backward computation.
I1109 00:34:14.321969 138669 net.cpp:287] relu1 needs backward computation.
I1109 00:34:14.322155 138669 net.cpp:287] conv1 needs backward computation.
I1109 00:34:14.334537 138669 net.cpp:289] data does not need backward computation.
I1109 00:34:14.360083 138669 net.cpp:331] This network produces output loss
I1109 00:34:14.434223 138669 net.cpp:345] Network initialization done.
I1109 00:34:14.607973 138669 caffe.cpp:452] Performing Forward
I1109 00:34:27.870164 138669 caffe.cpp:457] Initial loss: 6.85464
I1109 00:34:27.926937 138669 caffe.cpp:459] Performing Backward
I1109 00:34:32.842591 138669 caffe.cpp:468] *** Benchmark begins ***
I1109 00:34:32.855305 138669 caffe.cpp:469] Testing for 1 iterations.
I1109 00:34:32.997864 138669 caffe.cpp:482] Profiling Layer: relu6 forward
I1109 00:34:35.303077 138669 caffe.cpp:512] Iteration: 1 forward-backward time: 2299 ms.
I1109 00:34:35.459537 138669 caffe.cpp:519] Average time per layer: 
I1109 00:34:35.478274 138669 caffe.cpp:522]       data	forward: 539.685 ms.
I1109 00:34:35.549127 138669 caffe.cpp:526]       data	backward: 5.017 ms.
I1109 00:34:35.573570 138669 caffe.cpp:522]      conv1	forward: 109.664 ms.
I1109 00:34:35.592751 138669 caffe.cpp:526]      conv1	backward: 48.311 ms.
I1109 00:34:35.606299 138669 caffe.cpp:522]      relu1	forward: 1.358 ms.
I1109 00:34:35.615635 138669 caffe.cpp:526]      relu1	backward: 16.639 ms.
I1109 00:34:35.623340 138669 caffe.cpp:522]      norm1	forward: 6.972 ms.
I1109 00:34:35.628988 138669 caffe.cpp:526]      norm1	backward: 17.165 ms.
I1109 00:34:35.634496 138669 caffe.cpp:522]      pool1	forward: 3.547 ms.
I1109 00:34:35.641767 138669 caffe.cpp:526]      pool1	backward: 82.89 ms.
I1109 00:34:35.656368 138669 caffe.cpp:522]      conv2	forward: 40.828 ms.
I1109 00:34:35.667971 138669 caffe.cpp:526]      conv2	backward: 81.968 ms.
I1109 00:34:35.672230 138669 caffe.cpp:522]      relu2	forward: 0.521 ms.
I1109 00:34:35.672569 138669 caffe.cpp:526]      relu2	backward: 12.857 ms.
I1109 00:34:35.672845 138669 caffe.cpp:522]      norm2	forward: 3.314 ms.
I1109 00:34:35.673038 138669 caffe.cpp:526]      norm2	backward: 12.35 ms.
I1109 00:34:35.673230 138669 caffe.cpp:522]      pool2	forward: 1.178 ms.
I1109 00:34:35.673416 138669 caffe.cpp:526]      pool2	backward: 72.023 ms.
I1109 00:34:35.674165 138669 caffe.cpp:522]      conv3	forward: 9.968 ms.
I1109 00:34:35.674906 138669 caffe.cpp:526]      conv3	backward: 87.89 ms.
I1109 00:34:35.675245 138669 caffe.cpp:522]      relu3	forward: 0.241 ms.
I1109 00:34:35.675530 138669 caffe.cpp:526]      relu3	backward: 31.359 ms.
I1109 00:34:35.675760 138669 caffe.cpp:522]      conv4	forward: 7.606 ms.
I1109 00:34:35.675947 138669 caffe.cpp:526]      conv4	backward: 75.218 ms.
I1109 00:34:35.676138 138669 caffe.cpp:522]      relu4	forward: 0.249 ms.
I1109 00:34:35.676326 138669 caffe.cpp:526]      relu4	backward: 33.854 ms.
I1109 00:34:35.676515 138669 caffe.cpp:522]      conv5	forward: 5.253 ms.
I1109 00:34:35.676702 138669 caffe.cpp:526]      conv5	backward: 74.282 ms.
I1109 00:34:35.676929 138669 caffe.cpp:522]      relu5	forward: 0.194 ms.
I1109 00:34:35.677115 138669 caffe.cpp:526]      relu5	backward: 17.712 ms.
I1109 00:34:35.677306 138669 caffe.cpp:522]      pool5	forward: 0.299 ms.
I1109 00:34:35.677492 138669 caffe.cpp:526]      pool5	backward: 62.33 ms.
I1109 00:34:35.677716 138669 caffe.cpp:522]        fc6	forward: 16.583 ms.
I1109 00:34:35.677918 138669 caffe.cpp:526]        fc6	backward: 132.225 ms.
I1109 00:34:35.678205 138669 caffe.cpp:522]      relu6	forward: 12.745 ms.
I1109 00:34:35.678433 138669 caffe.cpp:526]      relu6	backward: 16.709 ms.
I1109 00:34:35.678724 138669 caffe.cpp:522]      drop6	forward: 1.432 ms.
I1109 00:34:35.678910 138669 caffe.cpp:526]      drop6	backward: 19.972 ms.
I1109 00:34:35.679101 138669 caffe.cpp:522]        fc7	forward: 18.57 ms.
I1109 00:34:35.679291 138669 caffe.cpp:526]        fc7	backward: 158.598 ms.
I1109 00:34:35.679483 138669 caffe.cpp:522]      relu7	forward: 17.44 ms.
I1109 00:34:35.679672 138669 caffe.cpp:526]      relu7	backward: 17.914 ms.
I1109 00:34:35.679863 138669 caffe.cpp:522]      drop7	forward: 28.552 ms.
I1109 00:34:35.680053 138669 caffe.cpp:526]      drop7	backward: 14.194 ms.
I1109 00:34:35.680244 138669 caffe.cpp:522]        fc8	forward: 14.581 ms.
I1109 00:34:35.680434 138669 caffe.cpp:526]        fc8	backward: 149.965 ms.
I1109 00:34:35.680626 138669 caffe.cpp:522]       loss	forward: 62.467 ms.
I1109 00:34:35.680874 138669 caffe.cpp:526]       loss	backward: 62.422 ms.
I1109 00:34:35.686575 138669 caffe.cpp:532] Average Forward pass: 958.452 ms.
I1109 00:34:35.699792 138669 caffe.cpp:535] Average Backward pass: 1312.75 ms.
I1109 00:34:35.710642 138669 caffe.cpp:537] Average Forward-Backward: 2787 ms.
I1109 00:34:35.725510 138669 caffe.cpp:540] Total Time: 2787 ms.
I1109 00:34:35.737838 138669 caffe.cpp:541] *** Benchmark ends ***
Search stanza is "EMIT_GLOBAL_DYNAMIC_STATS"
elements_fp_single_1 = 1
elements_fp_single_4 = 0
elements_fp_single_8 = 0
elements_fp_single_16 = 8192
elements_fp_double_1 = 0
elements_fp_double_2 = 8192
elements_fp_double_4 = 0
elements_fp_double_8 = 0
--->Total single-precision FLOPs = 131073
--->Total double-precision FLOPs = 16384
--->Total FLOPs = 147457
mem-read-1 = 453653
mem-read-2 = 36
mem-read-4 = 3633362
mem-read-8 = 4999095
mem-read-16 = 0
mem-read-32 = 1
mem-read-64 = 16401
mem-write-1 = 54
mem-write-2 = 17
mem-write-4 = 553
mem-write-8 = 457430
mem-write-16 = 0
mem-write-32 = 1
mem-write-64 = 8193
--->Total Bytes read = 56029629
--->Total Bytes written = 4186124
--->Total Bytes = 60215753
