sde64 -knl -d -iform 1 -omix sde_knl/knl_sde_layer20_dir0.out.mix -global_region -start_ssc_mark 111:repeat -stop_ssc_mark 222:repeat -- /project/projectdirs/mpccc/tmalas/intelcaffe/install_carl/bin/caffe time -model=src/models/mkl2017_alexnet/train_val.prototxt -iterations=1 -prof_layer=20 -prof_forward_direction=0
I1109 03:27:34.539726 144881 caffe.cpp:444] Use CPU.
I1109 03:27:51.436434 144881 cpu_info.cpp:452] Processor speed [MHz]: 1400
I1109 03:27:51.492121 144881 cpu_info.cpp:455] Total number of sockets: 1
I1109 03:27:51.503773 144881 cpu_info.cpp:458] Total number of CPU cores: 68
I1109 03:27:51.516252 144881 cpu_info.cpp:461] Total number of processors: 272
I1109 03:27:51.527462 144881 cpu_info.cpp:464] GPU is used: no
I1109 03:27:51.537464 144881 cpu_info.cpp:467] OpenMP environmental variables are specified: yes
I1109 03:27:51.547122 144881 cpu_info.cpp:470] OpenMP thread bind allowed: no
I1109 03:27:51.558715 144881 cpu_info.cpp:473] Number of OpenMP threads: 16
I1109 03:28:00.349259 144881 net.cpp:484] The NetState phase (0) differed from the phase (1) specified by a rule in layer data
I1109 03:28:00.382097 144881 net.cpp:484] The NetState phase (0) differed from the phase (1) specified by a rule in layer accuracy
I1109 03:28:01.011497 144881 net.cpp:120] Initializing net from parameters: 
name: "AlexNet"
state {
  phase: TRAIN
  level: 0
  stage: ""
}
layer {
  name: "data"
  type: "DummyData"
  top: "data"
  top: "label"
  include {
    phase: TRAIN
  }
  dummy_data_param {
    data_filler {
      type: "gaussian"
      std: 1
    }
    data_filler {
      type: "constant"
      value: 0
    }
    shape {
      dim: 32
      dim: 3
      dim: 227
      dim: 227
    }
    shape {
      dim: 32
      dim: 1
      dim: 1
      dim: 1
    }
  }
}
layer {
  name: "conv1"
  type: "Convolution"
  bottom: "data"
  top: "conv1"
  param {
    lr_mult: 1
    decay_mult: 1
  }
  param {
    lr_mult: 2
    decay_mult: 0
  }
  convolution_param {
    num_output: 96
    kernel_size: 11
    stride: 4
    weight_filler {
      type: "gaussian"
      std: 0.01
    }
    bias_filler {
      type: "constant"
      value: 0
    }
    engine: MKL2017
  }
}
layer {
  name: "relu1"
  type: "ReLU"
  bottom: "conv1"
  top: "conv1"
  relu_param {
    engine: MKL2017
  }
}
layer {
  name: "norm1"
  type: "LRN"
  bottom: "conv1"
  top: "norm1"
  lrn_param {
    local_size: 5
    alpha: 0.0001
    beta: 0.75
    engine: MKL2017
  }
}
layer {
  name: "pool1"
  type: "Pooling"
  bottom: "norm1"
  top: "pool1"
  pooling_param {
    pool: MAX
    kernel_size: 3
    stride: 2
    engine: MKL2017
  }
}
layer {
  name: "conv2"
  type: "Convolution"
  bottom: "pool1"
  top: "conv2"
  param {
    lr_mult: 1
    decay_mult: 1
  }
  param {
    lr_mult: 2
    decay_mult: 0
  }
  convolution_param {
    num_output: 256
    pad: 2
    kernel_size: 5
    group: 2
    weight_filler {
      type: "gaussian"
      std: 0.01
    }
    bias_filler {
      type: "constant"
      value: 0.1
    }
    engine: MKL2017
  }
}
layer {
  name: "relu2"
  type: "ReLU"
  bottom: "conv2"
  top: "conv2"
  relu_param {
    engine: MKL2017
  }
}
layer {
  name: "norm2"
  type: "LRN"
  bottom: "conv2"
  top: "norm2"
  lrn_param {
    local_size: 5
    alpha: 0.0001
    beta: 0.75
    engine: MKL2017
  }
}
layer {
  name: "pool2"
  type: "Pooling"
  bottom: "norm2"
  top: "pool2"
  pooling_param {
    pool: MAX
    kernel_size: 3
    stride: 2
    engine: MKL2017
  }
}
layer {
  name: "conv3"
  type: "Convolution"
  bottom: "pool2"
  top: "conv3"
  param {
    lr_mult: 1
    decay_mult: 1
  }
  param {
    lr_mult: 2
    decay_mult: 0
  }
  convolution_param {
    num_output: 384
    pad: 1
    kernel_size: 3
    weight_filler {
      type: "gaussian"
      std: 0.01
    }
    bias_filler {
      type: "constant"
      value: 0
    }
    engine: MKL2017
  }
}
layer {
  name: "relu3"
  type: "ReLU"
  bottom: "conv3"
  top: "conv3"
  relu_param {
    engine: MKL2017
  }
}
layer {
  name: "conv4"
  type: "Convolution"
  bottom: "conv3"
  top: "conv4"
  param {
    lr_mult: 1
    decay_mult: 1
  }
  param {
    lr_mult: 2
    decay_mult: 0
  }
  convolution_param {
    num_output: 384
    pad: 1
    kernel_size: 3
    group: 2
    weight_filler {
      type: "gaussian"
      std: 0.01
    }
    bias_filler {
      type: "constant"
      value: 0.1
    }
    engine: MKL2017
  }
}
layer {
  name: "relu4"
  type: "ReLU"
  bottom: "conv4"
  top: "conv4"
  relu_param {
    engine: MKL2017
  }
}
layer {
  name: "conv5"
  type: "Convolution"
  bottom: "conv4"
  top: "conv5"
  param {
    lr_mult: 1
    decay_mult: 1
  }
  param {
    lr_mult: 2
    decay_mult: 0
  }
  convolution_param {
    num_output: 256
    pad: 1
    kernel_size: 3
    group: 2
    weight_filler {
      type: "gaussian"
      std: 0.01
    }
    bias_filler {
      type: "constant"
      value: 0.1
    }
    engine: MKL2017
  }
}
layer {
  name: "relu5"
  type: "ReLU"
  bottom: "conv5"
  top: "conv5"
  relu_param {
    engine: MKL2017
  }
}
layer {
  name: "pool5"
  type: "Pooling"
  bottom: "conv5"
  top: "pool5"
  pooling_param {
    pool: MAX
    kernel_size: 3
    stride: 2
    engine: MKL2017
  }
}
layer {
  name: "fc6"
  type: "InnerProduct"
  bottom: "pool5"
  top: "fc6"
  param {
    lr_mult: 1
    decay_mult: 1
  }
  param {
    lr_mult: 2
    decay_mult: 0
  }
  inner_product_param {
    num_output: 4096
    weight_filler {
      type: "gaussian"
      std: 0.005
    }
    bias_filler {
      type: "constant"
      value: 0.1
    }
  }
}
layer {
  name: "relu6"
  type: "ReLU"
  bottom: "fc6"
  top: "fc6"
}
layer {
  name: "drop6"
  type: "Dropout"
  bottom: "fc6"
  top: "fc6"
  dropout_param {
    dropout_ratio: 0.5
  }
}
layer {
  name: "fc7"
  type: "InnerProduct"
  bottom: "fc6"
  top: "fc7"
  param {
    lr_mult: 1
    decay_mult: 1
  }
  param {
    lr_mult: 2
    decay_mult: 0
  }
  inner_product_param {
    num_output: 4096
    weight_filler {
      type: "gaussian"
      std: 0.005
    }
    bias_filler {
      type: "constant"
      value: 0.1
    }
  }
}
layer {
  name: "relu7"
  type: "ReLU"
  bottom: "fc7"
  top: "fc7"
}
layer {
  name: "drop7"
  type: "Dropout"
  bottom: "fc7"
  top: "fc7"
  dropout_param {
    dropout_ratio: 0.5
  }
}
layer {
  name: "fc8"
  type: "InnerProduct"
  bottom: "fc7"
  top: "fc8"
  param {
    lr_mult: 1
    decay_mult: 1
  }
  param {
    lr_mult: 2
    decay_mult: 0
  }
  inner_product_param {
    num_output: 1000
    weight_filler {
      type: "gaussian"
      std: 0.01
    }
    bias_filler {
      type: "constant"
      value: 0
    }
  }
}
layer {
  name: "loss"
  type: "SoftmaxWithLoss"
  bottom: "fc8"
  bottom: "label"
  top: "loss"
}
I1109 03:28:03.452901 144881 layer_factory.hpp:114] Creating layer data
I1109 03:28:03.604413 144881 net.cpp:160] Creating Layer data
I1109 03:28:03.652830 144881 net.cpp:570] data -> data
I1109 03:28:04.119251 144881 net.cpp:570] data -> label
I1109 03:28:11.156235 144881 net.cpp:210] Setting up data
I1109 03:28:11.236340 144881 net.cpp:217] Top shape: 32 3 227 227 (4946784)
I1109 03:28:11.339606 144881 net.cpp:217] Top shape: 32 1 1 1 (32)
I1109 03:28:11.346896 144881 net.cpp:225] Memory required for data: 19787264
I1109 03:28:11.414185 144881 layer_factory.hpp:114] Creating layer conv1
I1109 03:28:11.744374 144881 net.cpp:160] Creating Layer conv1
I1109 03:28:11.794193 144881 net.cpp:596] conv1 <- data
I1109 03:28:11.914216 144881 net.cpp:570] conv1 -> conv1
I1109 03:28:44.499079 144881 net.cpp:210] Setting up conv1
I1109 03:28:44.505520 144881 net.cpp:217] Top shape: 32 96 55 55 (9292800)
I1109 03:28:44.505903 144881 net.cpp:225] Memory required for data: 56958464
I1109 03:28:44.785181 144881 layer_factory.hpp:114] Creating layer relu1
I1109 03:28:44.906395 144881 net.cpp:160] Creating Layer relu1
I1109 03:28:44.911130 144881 net.cpp:596] relu1 <- conv1
I1109 03:28:44.943897 144881 net.cpp:557] relu1 -> conv1 (in-place)
I1109 03:28:45.132133 144881 net.cpp:210] Setting up relu1
I1109 03:28:45.134589 144881 net.cpp:217] Top shape: 32 96 55 55 (9292800)
I1109 03:28:45.134965 144881 net.cpp:225] Memory required for data: 94129664
I1109 03:28:45.135177 144881 layer_factory.hpp:114] Creating layer norm1
I1109 03:28:45.239378 144881 net.cpp:160] Creating Layer norm1
I1109 03:28:45.239692 144881 net.cpp:596] norm1 <- conv1
I1109 03:28:45.242269 144881 net.cpp:570] norm1 -> norm1
I1109 03:28:45.463958 144881 net.cpp:210] Setting up norm1
I1109 03:28:45.476670 144881 net.cpp:217] Top shape: 32 96 55 55 (9292800)
I1109 03:28:45.477092 144881 net.cpp:225] Memory required for data: 131300864
I1109 03:28:45.477390 144881 layer_factory.hpp:114] Creating layer pool1
I1109 03:28:45.570169 144881 net.cpp:160] Creating Layer pool1
I1109 03:28:45.570487 144881 net.cpp:596] pool1 <- norm1
I1109 03:28:45.585281 144881 net.cpp:570] pool1 -> pool1
I1109 03:28:45.886119 144881 net.cpp:210] Setting up pool1
I1109 03:28:45.888557 144881 net.cpp:217] Top shape: 32 96 27 27 (2239488)
I1109 03:28:45.889574 144881 net.cpp:225] Memory required for data: 140258816
I1109 03:28:45.889848 144881 layer_factory.hpp:114] Creating layer conv2
I1109 03:28:45.890210 144881 net.cpp:160] Creating Layer conv2
I1109 03:28:45.890437 144881 net.cpp:596] conv2 <- pool1
I1109 03:28:45.890673 144881 net.cpp:570] conv2 -> conv2
I1109 03:28:51.629567 144881 net.cpp:210] Setting up conv2
I1109 03:28:51.629884 144881 net.cpp:217] Top shape: 32 256 27 27 (5971968)
I1109 03:28:51.630302 144881 net.cpp:225] Memory required for data: 164146688
I1109 03:28:51.683339 144881 layer_factory.hpp:114] Creating layer relu2
I1109 03:28:51.683769 144881 net.cpp:160] Creating Layer relu2
I1109 03:28:51.684131 144881 net.cpp:596] relu2 <- conv2
I1109 03:28:51.684391 144881 net.cpp:557] relu2 -> conv2 (in-place)
I1109 03:28:51.684906 144881 net.cpp:210] Setting up relu2
I1109 03:28:51.685190 144881 net.cpp:217] Top shape: 32 256 27 27 (5971968)
I1109 03:28:51.685428 144881 net.cpp:225] Memory required for data: 188034560
I1109 03:28:51.685617 144881 layer_factory.hpp:114] Creating layer norm2
I1109 03:28:51.685863 144881 net.cpp:160] Creating Layer norm2
I1109 03:28:51.686095 144881 net.cpp:596] norm2 <- conv2
I1109 03:28:51.686336 144881 net.cpp:570] norm2 -> norm2
I1109 03:28:51.688438 144881 net.cpp:210] Setting up norm2
I1109 03:28:51.688745 144881 net.cpp:217] Top shape: 32 256 27 27 (5971968)
I1109 03:28:51.689035 144881 net.cpp:225] Memory required for data: 211922432
I1109 03:28:51.689225 144881 layer_factory.hpp:114] Creating layer pool2
I1109 03:28:51.690232 144881 net.cpp:160] Creating Layer pool2
I1109 03:28:51.690524 144881 net.cpp:596] pool2 <- norm2
I1109 03:28:51.690764 144881 net.cpp:570] pool2 -> pool2
I1109 03:28:51.691164 144881 net.cpp:210] Setting up pool2
I1109 03:28:51.691404 144881 net.cpp:217] Top shape: 32 256 13 13 (1384448)
I1109 03:28:51.691627 144881 net.cpp:225] Memory required for data: 217460224
I1109 03:28:51.691823 144881 layer_factory.hpp:114] Creating layer conv3
I1109 03:28:51.692198 144881 net.cpp:160] Creating Layer conv3
I1109 03:28:51.692569 144881 net.cpp:596] conv3 <- pool2
I1109 03:28:51.692931 144881 net.cpp:570] conv3 -> conv3
I1109 03:28:52.171483 144881 net.cpp:210] Setting up conv3
I1109 03:28:52.173955 144881 net.cpp:217] Top shape: 32 384 13 13 (2076672)
I1109 03:28:52.174314 144881 net.cpp:225] Memory required for data: 225766912
I1109 03:28:52.177446 144881 layer_factory.hpp:114] Creating layer relu3
I1109 03:28:52.177893 144881 net.cpp:160] Creating Layer relu3
I1109 03:28:52.178189 144881 net.cpp:596] relu3 <- conv3
I1109 03:28:52.178434 144881 net.cpp:557] relu3 -> conv3 (in-place)
I1109 03:28:52.182507 144881 net.cpp:210] Setting up relu3
I1109 03:28:52.182821 144881 net.cpp:217] Top shape: 32 384 13 13 (2076672)
I1109 03:28:52.183075 144881 net.cpp:225] Memory required for data: 234073600
I1109 03:28:52.183306 144881 layer_factory.hpp:114] Creating layer conv4
I1109 03:28:52.183688 144881 net.cpp:160] Creating Layer conv4
I1109 03:28:52.183987 144881 net.cpp:596] conv4 <- conv3
I1109 03:28:52.184242 144881 net.cpp:570] conv4 -> conv4
I1109 03:28:52.452867 144881 net.cpp:210] Setting up conv4
I1109 03:28:52.453250 144881 net.cpp:217] Top shape: 32 384 13 13 (2076672)
I1109 03:28:52.453694 144881 net.cpp:225] Memory required for data: 242380288
I1109 03:28:52.454036 144881 layer_factory.hpp:114] Creating layer relu4
I1109 03:28:52.454329 144881 net.cpp:160] Creating Layer relu4
I1109 03:28:52.454552 144881 net.cpp:596] relu4 <- conv4
I1109 03:28:52.454785 144881 net.cpp:557] relu4 -> conv4 (in-place)
I1109 03:28:52.467123 144881 net.cpp:210] Setting up relu4
I1109 03:28:52.467463 144881 net.cpp:217] Top shape: 32 384 13 13 (2076672)
I1109 03:28:52.467844 144881 net.cpp:225] Memory required for data: 250686976
I1109 03:28:52.468091 144881 layer_factory.hpp:114] Creating layer conv5
I1109 03:28:52.468449 144881 net.cpp:160] Creating Layer conv5
I1109 03:28:52.468691 144881 net.cpp:596] conv5 <- conv4
I1109 03:28:52.468988 144881 net.cpp:570] conv5 -> conv5
I1109 03:28:52.637284 144881 net.cpp:210] Setting up conv5
I1109 03:28:52.637677 144881 net.cpp:217] Top shape: 32 256 13 13 (1384448)
I1109 03:28:52.638100 144881 net.cpp:225] Memory required for data: 256224768
I1109 03:28:52.642747 144881 layer_factory.hpp:114] Creating layer relu5
I1109 03:28:52.643149 144881 net.cpp:160] Creating Layer relu5
I1109 03:28:52.643401 144881 net.cpp:596] relu5 <- conv5
I1109 03:28:52.643666 144881 net.cpp:557] relu5 -> conv5 (in-place)
I1109 03:28:52.644125 144881 net.cpp:210] Setting up relu5
I1109 03:28:52.644415 144881 net.cpp:217] Top shape: 32 256 13 13 (1384448)
I1109 03:28:52.644661 144881 net.cpp:225] Memory required for data: 261762560
I1109 03:28:52.644915 144881 layer_factory.hpp:114] Creating layer pool5
I1109 03:28:52.645191 144881 net.cpp:160] Creating Layer pool5
I1109 03:28:52.645406 144881 net.cpp:596] pool5 <- conv5
I1109 03:28:52.645628 144881 net.cpp:570] pool5 -> pool5
I1109 03:28:52.646020 144881 net.cpp:210] Setting up pool5
I1109 03:28:52.646270 144881 net.cpp:217] Top shape: 32 256 6 6 (294912)
I1109 03:28:52.646488 144881 net.cpp:225] Memory required for data: 262942208
I1109 03:28:52.646667 144881 layer_factory.hpp:114] Creating layer fc6
I1109 03:28:52.701212 144881 net.cpp:160] Creating Layer fc6
I1109 03:28:52.701524 144881 net.cpp:596] fc6 <- pool5
I1109 03:28:52.701946 144881 net.cpp:570] fc6 -> fc6
I1109 03:28:56.789912 144881 net.cpp:210] Setting up fc6
I1109 03:28:56.790215 144881 net.cpp:217] Top shape: 32 4096 (131072)
I1109 03:28:56.792250 144881 net.cpp:225] Memory required for data: 263466496
I1109 03:28:56.792557 144881 layer_factory.hpp:114] Creating layer relu6
I1109 03:28:56.795054 144881 net.cpp:160] Creating Layer relu6
I1109 03:28:56.795343 144881 net.cpp:596] relu6 <- fc6
I1109 03:28:56.795567 144881 net.cpp:557] relu6 -> fc6 (in-place)
I1109 03:28:56.795989 144881 net.cpp:210] Setting up relu6
I1109 03:28:56.796249 144881 net.cpp:217] Top shape: 32 4096 (131072)
I1109 03:28:56.796507 144881 net.cpp:225] Memory required for data: 263990784
I1109 03:28:56.796701 144881 layer_factory.hpp:114] Creating layer drop6
I1109 03:28:56.816823 144881 net.cpp:160] Creating Layer drop6
I1109 03:28:56.817131 144881 net.cpp:596] drop6 <- fc6
I1109 03:28:56.817503 144881 net.cpp:557] drop6 -> fc6 (in-place)
I1109 03:28:56.920754 144881 net.cpp:210] Setting up drop6
I1109 03:28:56.921099 144881 net.cpp:217] Top shape: 32 4096 (131072)
I1109 03:28:56.921468 144881 net.cpp:225] Memory required for data: 264515072
I1109 03:28:56.921670 144881 layer_factory.hpp:114] Creating layer fc7
I1109 03:28:56.921937 144881 net.cpp:160] Creating Layer fc7
I1109 03:28:56.922149 144881 net.cpp:596] fc7 <- fc6
I1109 03:28:56.922535 144881 net.cpp:570] fc7 -> fc7
I1109 03:28:58.635546 144881 net.cpp:210] Setting up fc7
I1109 03:28:58.635892 144881 net.cpp:217] Top shape: 32 4096 (131072)
I1109 03:28:58.636268 144881 net.cpp:225] Memory required for data: 265039360
I1109 03:28:58.636613 144881 layer_factory.hpp:114] Creating layer relu7
I1109 03:28:58.636970 144881 net.cpp:160] Creating Layer relu7
I1109 03:28:58.637219 144881 net.cpp:596] relu7 <- fc7
I1109 03:28:58.637466 144881 net.cpp:557] relu7 -> fc7 (in-place)
I1109 03:28:58.637905 144881 net.cpp:210] Setting up relu7
I1109 03:28:58.638180 144881 net.cpp:217] Top shape: 32 4096 (131072)
I1109 03:28:58.638458 144881 net.cpp:225] Memory required for data: 265563648
I1109 03:28:58.638669 144881 layer_factory.hpp:114] Creating layer drop7
I1109 03:28:58.638926 144881 net.cpp:160] Creating Layer drop7
I1109 03:28:58.639197 144881 net.cpp:596] drop7 <- fc7
I1109 03:28:58.639472 144881 net.cpp:557] drop7 -> fc7 (in-place)
I1109 03:28:58.639739 144881 net.cpp:210] Setting up drop7
I1109 03:28:58.639943 144881 net.cpp:217] Top shape: 32 4096 (131072)
I1109 03:28:58.640159 144881 net.cpp:225] Memory required for data: 266087936
I1109 03:28:58.640344 144881 layer_factory.hpp:114] Creating layer fc8
I1109 03:28:58.640595 144881 net.cpp:160] Creating Layer fc8
I1109 03:28:58.640832 144881 net.cpp:596] fc8 <- fc7
I1109 03:28:58.641072 144881 net.cpp:570] fc8 -> fc8
I1109 03:28:59.062435 144881 net.cpp:210] Setting up fc8
I1109 03:28:59.062785 144881 net.cpp:217] Top shape: 32 1000 (32000)
I1109 03:28:59.063150 144881 net.cpp:225] Memory required for data: 266215936
I1109 03:28:59.063483 144881 layer_factory.hpp:114] Creating layer loss
I1109 03:28:59.088143 144881 net.cpp:160] Creating Layer loss
I1109 03:28:59.088460 144881 net.cpp:596] loss <- fc8
I1109 03:28:59.089501 144881 net.cpp:596] loss <- label
I1109 03:28:59.116859 144881 net.cpp:570] loss -> loss
I1109 03:28:59.154628 144881 layer_factory.hpp:114] Creating layer loss
I1109 03:29:01.720705 144881 net.cpp:210] Setting up loss
I1109 03:29:01.770252 144881 net.cpp:217] Top shape: (1)
I1109 03:29:01.787358 144881 net.cpp:220]     with loss weight 1
I1109 03:29:01.922313 144881 net.cpp:225] Memory required for data: 266215940
I1109 03:29:01.962576 144881 net.cpp:287] loss needs backward computation.
I1109 03:29:02.053524 144881 net.cpp:287] fc8 needs backward computation.
I1109 03:29:02.061663 144881 net.cpp:287] drop7 needs backward computation.
I1109 03:29:02.073873 144881 net.cpp:287] relu7 needs backward computation.
I1109 03:29:02.074224 144881 net.cpp:287] fc7 needs backward computation.
I1109 03:29:02.076838 144881 net.cpp:287] drop6 needs backward computation.
I1109 03:29:02.077426 144881 net.cpp:287] relu6 needs backward computation.
I1109 03:29:02.077805 144881 net.cpp:287] fc6 needs backward computation.
I1109 03:29:02.078819 144881 net.cpp:287] pool5 needs backward computation.
I1109 03:29:02.079740 144881 net.cpp:287] relu5 needs backward computation.
I1109 03:29:02.080121 144881 net.cpp:287] conv5 needs backward computation.
I1109 03:29:02.080531 144881 net.cpp:287] relu4 needs backward computation.
I1109 03:29:02.080945 144881 net.cpp:287] conv4 needs backward computation.
I1109 03:29:02.081192 144881 net.cpp:287] relu3 needs backward computation.
I1109 03:29:02.081416 144881 net.cpp:287] conv3 needs backward computation.
I1109 03:29:02.094388 144881 net.cpp:287] pool2 needs backward computation.
I1109 03:29:02.094755 144881 net.cpp:287] norm2 needs backward computation.
I1109 03:29:02.095104 144881 net.cpp:287] relu2 needs backward computation.
I1109 03:29:02.095361 144881 net.cpp:287] conv2 needs backward computation.
I1109 03:29:02.095569 144881 net.cpp:287] pool1 needs backward computation.
I1109 03:29:02.095763 144881 net.cpp:287] norm1 needs backward computation.
I1109 03:29:02.095950 144881 net.cpp:287] relu1 needs backward computation.
I1109 03:29:02.096129 144881 net.cpp:287] conv1 needs backward computation.
I1109 03:29:02.109014 144881 net.cpp:289] data does not need backward computation.
I1109 03:29:02.134414 144881 net.cpp:331] This network produces output loss
I1109 03:29:02.205440 144881 net.cpp:345] Network initialization done.
I1109 03:29:02.373265 144881 caffe.cpp:452] Performing Forward
I1109 03:29:15.269232 144881 caffe.cpp:457] Initial loss: 6.89544
I1109 03:29:15.322060 144881 caffe.cpp:459] Performing Backward
I1109 03:29:20.149788 144881 caffe.cpp:468] *** Benchmark begins ***
I1109 03:29:20.165249 144881 caffe.cpp:469] Testing for 1 iterations.
I1109 03:29:20.311383 144881 caffe.cpp:485] Profiling Layer: relu7 backward
I1109 03:29:22.500908 144881 caffe.cpp:512] Iteration: 1 forward-backward time: 2182 ms.
I1109 03:29:22.657636 144881 caffe.cpp:519] Average time per layer: 
I1109 03:29:22.673125 144881 caffe.cpp:522]       data	forward: 549.863 ms.
I1109 03:29:22.750947 144881 caffe.cpp:526]       data	backward: 4.981 ms.
I1109 03:29:22.776031 144881 caffe.cpp:522]      conv1	forward: 126.42 ms.
I1109 03:29:22.784696 144881 caffe.cpp:526]      conv1	backward: 49.172 ms.
I1109 03:29:22.792755 144881 caffe.cpp:522]      relu1	forward: 21.246 ms.
I1109 03:29:22.804673 144881 caffe.cpp:526]      relu1	backward: 12.538 ms.
I1109 03:29:22.812271 144881 caffe.cpp:522]      norm1	forward: 19.597 ms.
I1109 03:29:22.816766 144881 caffe.cpp:526]      norm1	backward: 10.07 ms.
I1109 03:29:22.825214 144881 caffe.cpp:522]      pool1	forward: 19.308 ms.
I1109 03:29:22.829030 144881 caffe.cpp:526]      pool1	backward: 40.017 ms.
I1109 03:29:22.837680 144881 caffe.cpp:522]      conv2	forward: 63.172 ms.
I1109 03:29:22.843682 144881 caffe.cpp:526]      conv2	backward: 31.575 ms.
I1109 03:29:22.850020 144881 caffe.cpp:522]      relu2	forward: 17.386 ms.
I1109 03:29:22.855487 144881 caffe.cpp:526]      relu2	backward: 0.714 ms.
I1109 03:29:22.863865 144881 caffe.cpp:522]      norm2	forward: 15.407 ms.
I1109 03:29:22.868259 144881 caffe.cpp:526]      norm2	backward: 2.111 ms.
I1109 03:29:22.868944 144881 caffe.cpp:522]      pool2	forward: 18.864 ms.
I1109 03:29:22.869151 144881 caffe.cpp:526]      pool2	backward: 22.329 ms.
I1109 03:29:22.869344 144881 caffe.cpp:522]      conv3	forward: 38.675 ms.
I1109 03:29:22.869535 144881 caffe.cpp:526]      conv3	backward: 36.377 ms.
I1109 03:29:22.869725 144881 caffe.cpp:522]      relu3	forward: 11.205 ms.
I1109 03:29:22.869916 144881 caffe.cpp:526]      relu3	backward: 0.581 ms.
I1109 03:29:22.870105 144881 caffe.cpp:522]      conv4	forward: 28.678 ms.
I1109 03:29:22.870296 144881 caffe.cpp:526]      conv4	backward: 28.014 ms.
I1109 03:29:22.870528 144881 caffe.cpp:522]      relu4	forward: 14.646 ms.
I1109 03:29:22.870744 144881 caffe.cpp:526]      relu4	backward: 7.302 ms.
I1109 03:29:22.870968 144881 caffe.cpp:522]      conv5	forward: 32.184 ms.
I1109 03:29:22.871230 144881 caffe.cpp:526]      conv5	backward: 18.933 ms.
I1109 03:29:22.871450 144881 caffe.cpp:522]      relu5	forward: 14.97 ms.
I1109 03:29:22.871642 144881 caffe.cpp:526]      relu5	backward: 0.24 ms.
I1109 03:29:22.871830 144881 caffe.cpp:522]      pool5	forward: 16.765 ms.
I1109 03:29:22.872020 144881 caffe.cpp:526]      pool5	backward: 9.094 ms.
I1109 03:29:22.872860 144881 caffe.cpp:522]        fc6	forward: 41.123 ms.
I1109 03:29:22.873127 144881 caffe.cpp:526]        fc6	backward: 28.106 ms.
I1109 03:29:22.873333 144881 caffe.cpp:522]      relu6	forward: 18.745 ms.
I1109 03:29:22.873621 144881 caffe.cpp:526]      relu6	backward: 2.548 ms.
I1109 03:29:22.873867 144881 caffe.cpp:522]      drop6	forward: 31.671 ms.
I1109 03:29:22.874061 144881 caffe.cpp:526]      drop6	backward: 19.048 ms.
I1109 03:29:22.874251 144881 caffe.cpp:522]        fc7	forward: 11.576 ms.
I1109 03:29:22.874442 144881 caffe.cpp:526]        fc7	backward: 169.375 ms.
I1109 03:29:22.874634 144881 caffe.cpp:522]      relu7	forward: 18.636 ms.
I1109 03:29:22.874825 144881 caffe.cpp:526]      relu7	backward: 29.676 ms.
I1109 03:29:22.875013 144881 caffe.cpp:522]      drop7	forward: 26.43 ms.
I1109 03:29:22.875203 144881 caffe.cpp:526]      drop7	backward: 16.901 ms.
I1109 03:29:22.875393 144881 caffe.cpp:522]        fc8	forward: 12.379 ms.
I1109 03:29:22.875583 144881 caffe.cpp:526]        fc8	backward: 234.918 ms.
I1109 03:29:22.875814 144881 caffe.cpp:522]       loss	forward: 58.661 ms.
I1109 03:29:22.876026 144881 caffe.cpp:526]       loss	backward: 85.676 ms.
I1109 03:29:22.882351 144881 caffe.cpp:532] Average Forward pass: 1284.34 ms.
I1109 03:29:22.895107 144881 caffe.cpp:535] Average Backward pass: 870.749 ms.
I1109 03:29:22.906014 144881 caffe.cpp:537] Average Forward-Backward: 2672 ms.
I1109 03:29:22.920544 144881 caffe.cpp:540] Total Time: 2672 ms.
I1109 03:29:22.932729 144881 caffe.cpp:541] *** Benchmark ends ***
Search stanza is "EMIT_GLOBAL_DYNAMIC_STATS"
elements_fp_single_1 = 0
elements_fp_single_4 = 0
elements_fp_single_8 = 0
elements_fp_single_16 = 0
elements_fp_double_1 = 0
elements_fp_double_2 = 8192
elements_fp_double_4 = 0
elements_fp_double_8 = 0
--->Total single-precision FLOPs = 0
--->Total double-precision FLOPs = 16384
--->Total FLOPs = 16384
mem-read-1 = 26961
mem-read-2 = 37
mem-read-4 = 216587
mem-read-8 = 300711
mem-read-16 = 0
mem-read-32 = 1
mem-read-64 = 16385
mem-write-1 = 56
mem-write-2 = 17
mem-write-4 = 598
mem-write-8 = 29150
mem-write-16 = 0
mem-write-32 = 1
mem-write-64 = 8193
--->Total Bytes read = 4347743
--->Total Bytes written = 760066
--->Total Bytes = 5107809
