sde64 -knl -d -iform 1 -omix sde_knl/knl_sde_layer5_dir0.out.mix -global_region -start_ssc_mark 111:repeat -stop_ssc_mark 222:repeat -- /project/projectdirs/mpccc/tmalas/intelcaffe/install_carl/bin/caffe time -model=src/models/mkl2017_alexnet/train_val.prototxt -iterations=1 -prof_layer=5 -prof_forward_direction=0
I1109 01:55:45.999624 141706 caffe.cpp:444] Use CPU.
I1109 01:56:02.796214 141706 cpu_info.cpp:452] Processor speed [MHz]: 1400
I1109 01:56:02.851953 141706 cpu_info.cpp:455] Total number of sockets: 1
I1109 01:56:02.863829 141706 cpu_info.cpp:458] Total number of CPU cores: 68
I1109 01:56:02.876330 141706 cpu_info.cpp:461] Total number of processors: 272
I1109 01:56:02.887523 141706 cpu_info.cpp:464] GPU is used: no
I1109 01:56:02.896471 141706 cpu_info.cpp:467] OpenMP environmental variables are specified: yes
I1109 01:56:02.905385 141706 cpu_info.cpp:470] OpenMP thread bind allowed: no
I1109 01:56:02.916766 141706 cpu_info.cpp:473] Number of OpenMP threads: 16
I1109 01:56:11.637894 141706 net.cpp:484] The NetState phase (0) differed from the phase (1) specified by a rule in layer data
I1109 01:56:11.670449 141706 net.cpp:484] The NetState phase (0) differed from the phase (1) specified by a rule in layer accuracy
I1109 01:56:12.302198 141706 net.cpp:120] Initializing net from parameters: 
name: "AlexNet"
state {
  phase: TRAIN
  level: 0
  stage: ""
}
layer {
  name: "data"
  type: "DummyData"
  top: "data"
  top: "label"
  include {
    phase: TRAIN
  }
  dummy_data_param {
    data_filler {
      type: "gaussian"
      std: 1
    }
    data_filler {
      type: "constant"
      value: 0
    }
    shape {
      dim: 32
      dim: 3
      dim: 227
      dim: 227
    }
    shape {
      dim: 32
      dim: 1
      dim: 1
      dim: 1
    }
  }
}
layer {
  name: "conv1"
  type: "Convolution"
  bottom: "data"
  top: "conv1"
  param {
    lr_mult: 1
    decay_mult: 1
  }
  param {
    lr_mult: 2
    decay_mult: 0
  }
  convolution_param {
    num_output: 96
    kernel_size: 11
    stride: 4
    weight_filler {
      type: "gaussian"
      std: 0.01
    }
    bias_filler {
      type: "constant"
      value: 0
    }
    engine: MKL2017
  }
}
layer {
  name: "relu1"
  type: "ReLU"
  bottom: "conv1"
  top: "conv1"
  relu_param {
    engine: MKL2017
  }
}
layer {
  name: "norm1"
  type: "LRN"
  bottom: "conv1"
  top: "norm1"
  lrn_param {
    local_size: 5
    alpha: 0.0001
    beta: 0.75
    engine: MKL2017
  }
}
layer {
  name: "pool1"
  type: "Pooling"
  bottom: "norm1"
  top: "pool1"
  pooling_param {
    pool: MAX
    kernel_size: 3
    stride: 2
    engine: MKL2017
  }
}
layer {
  name: "conv2"
  type: "Convolution"
  bottom: "pool1"
  top: "conv2"
  param {
    lr_mult: 1
    decay_mult: 1
  }
  param {
    lr_mult: 2
    decay_mult: 0
  }
  convolution_param {
    num_output: 256
    pad: 2
    kernel_size: 5
    group: 2
    weight_filler {
      type: "gaussian"
      std: 0.01
    }
    bias_filler {
      type: "constant"
      value: 0.1
    }
    engine: MKL2017
  }
}
layer {
  name: "relu2"
  type: "ReLU"
  bottom: "conv2"
  top: "conv2"
  relu_param {
    engine: MKL2017
  }
}
layer {
  name: "norm2"
  type: "LRN"
  bottom: "conv2"
  top: "norm2"
  lrn_param {
    local_size: 5
    alpha: 0.0001
    beta: 0.75
    engine: MKL2017
  }
}
layer {
  name: "pool2"
  type: "Pooling"
  bottom: "norm2"
  top: "pool2"
  pooling_param {
    pool: MAX
    kernel_size: 3
    stride: 2
    engine: MKL2017
  }
}
layer {
  name: "conv3"
  type: "Convolution"
  bottom: "pool2"
  top: "conv3"
  param {
    lr_mult: 1
    decay_mult: 1
  }
  param {
    lr_mult: 2
    decay_mult: 0
  }
  convolution_param {
    num_output: 384
    pad: 1
    kernel_size: 3
    weight_filler {
      type: "gaussian"
      std: 0.01
    }
    bias_filler {
      type: "constant"
      value: 0
    }
    engine: MKL2017
  }
}
layer {
  name: "relu3"
  type: "ReLU"
  bottom: "conv3"
  top: "conv3"
  relu_param {
    engine: MKL2017
  }
}
layer {
  name: "conv4"
  type: "Convolution"
  bottom: "conv3"
  top: "conv4"
  param {
    lr_mult: 1
    decay_mult: 1
  }
  param {
    lr_mult: 2
    decay_mult: 0
  }
  convolution_param {
    num_output: 384
    pad: 1
    kernel_size: 3
    group: 2
    weight_filler {
      type: "gaussian"
      std: 0.01
    }
    bias_filler {
      type: "constant"
      value: 0.1
    }
    engine: MKL2017
  }
}
layer {
  name: "relu4"
  type: "ReLU"
  bottom: "conv4"
  top: "conv4"
  relu_param {
    engine: MKL2017
  }
}
layer {
  name: "conv5"
  type: "Convolution"
  bottom: "conv4"
  top: "conv5"
  param {
    lr_mult: 1
    decay_mult: 1
  }
  param {
    lr_mult: 2
    decay_mult: 0
  }
  convolution_param {
    num_output: 256
    pad: 1
    kernel_size: 3
    group: 2
    weight_filler {
      type: "gaussian"
      std: 0.01
    }
    bias_filler {
      type: "constant"
      value: 0.1
    }
    engine: MKL2017
  }
}
layer {
  name: "relu5"
  type: "ReLU"
  bottom: "conv5"
  top: "conv5"
  relu_param {
    engine: MKL2017
  }
}
layer {
  name: "pool5"
  type: "Pooling"
  bottom: "conv5"
  top: "pool5"
  pooling_param {
    pool: MAX
    kernel_size: 3
    stride: 2
    engine: MKL2017
  }
}
layer {
  name: "fc6"
  type: "InnerProduct"
  bottom: "pool5"
  top: "fc6"
  param {
    lr_mult: 1
    decay_mult: 1
  }
  param {
    lr_mult: 2
    decay_mult: 0
  }
  inner_product_param {
    num_output: 4096
    weight_filler {
      type: "gaussian"
      std: 0.005
    }
    bias_filler {
      type: "constant"
      value: 0.1
    }
  }
}
layer {
  name: "relu6"
  type: "ReLU"
  bottom: "fc6"
  top: "fc6"
}
layer {
  name: "drop6"
  type: "Dropout"
  bottom: "fc6"
  top: "fc6"
  dropout_param {
    dropout_ratio: 0.5
  }
}
layer {
  name: "fc7"
  type: "InnerProduct"
  bottom: "fc6"
  top: "fc7"
  param {
    lr_mult: 1
    decay_mult: 1
  }
  param {
    lr_mult: 2
    decay_mult: 0
  }
  inner_product_param {
    num_output: 4096
    weight_filler {
      type: "gaussian"
      std: 0.005
    }
    bias_filler {
      type: "constant"
      value: 0.1
    }
  }
}
layer {
  name: "relu7"
  type: "ReLU"
  bottom: "fc7"
  top: "fc7"
}
layer {
  name: "drop7"
  type: "Dropout"
  bottom: "fc7"
  top: "fc7"
  dropout_param {
    dropout_ratio: 0.5
  }
}
layer {
  name: "fc8"
  type: "InnerProduct"
  bottom: "fc7"
  top: "fc8"
  param {
    lr_mult: 1
    decay_mult: 1
  }
  param {
    lr_mult: 2
    decay_mult: 0
  }
  inner_product_param {
    num_output: 1000
    weight_filler {
      type: "gaussian"
      std: 0.01
    }
    bias_filler {
      type: "constant"
      value: 0
    }
  }
}
layer {
  name: "loss"
  type: "SoftmaxWithLoss"
  bottom: "fc8"
  bottom: "label"
  top: "loss"
}
I1109 01:56:14.735340 141706 layer_factory.hpp:114] Creating layer data
I1109 01:56:14.881709 141706 net.cpp:160] Creating Layer data
I1109 01:56:14.930094 141706 net.cpp:570] data -> data
I1109 01:56:15.392884 141706 net.cpp:570] data -> label
I1109 01:56:22.450409 141706 net.cpp:210] Setting up data
I1109 01:56:22.529191 141706 net.cpp:217] Top shape: 32 3 227 227 (4946784)
I1109 01:56:22.633105 141706 net.cpp:217] Top shape: 32 1 1 1 (32)
I1109 01:56:22.640408 141706 net.cpp:225] Memory required for data: 19787264
I1109 01:56:22.707628 141706 layer_factory.hpp:114] Creating layer conv1
I1109 01:56:23.034663 141706 net.cpp:160] Creating Layer conv1
I1109 01:56:23.084391 141706 net.cpp:596] conv1 <- data
I1109 01:56:23.203379 141706 net.cpp:570] conv1 -> conv1
I1109 01:56:56.030565 141706 net.cpp:210] Setting up conv1
I1109 01:56:56.037438 141706 net.cpp:217] Top shape: 32 96 55 55 (9292800)
I1109 01:56:56.037830 141706 net.cpp:225] Memory required for data: 56958464
I1109 01:56:56.323196 141706 layer_factory.hpp:114] Creating layer relu1
I1109 01:56:56.443670 141706 net.cpp:160] Creating Layer relu1
I1109 01:56:56.448225 141706 net.cpp:596] relu1 <- conv1
I1109 01:56:56.480360 141706 net.cpp:557] relu1 -> conv1 (in-place)
I1109 01:56:56.669409 141706 net.cpp:210] Setting up relu1
I1109 01:56:56.671857 141706 net.cpp:217] Top shape: 32 96 55 55 (9292800)
I1109 01:56:56.672202 141706 net.cpp:225] Memory required for data: 94129664
I1109 01:56:56.672415 141706 layer_factory.hpp:114] Creating layer norm1
I1109 01:56:56.778916 141706 net.cpp:160] Creating Layer norm1
I1109 01:56:56.779233 141706 net.cpp:596] norm1 <- conv1
I1109 01:56:56.781828 141706 net.cpp:570] norm1 -> norm1
I1109 01:56:57.004974 141706 net.cpp:210] Setting up norm1
I1109 01:56:57.020016 141706 net.cpp:217] Top shape: 32 96 55 55 (9292800)
I1109 01:56:57.020396 141706 net.cpp:225] Memory required for data: 131300864
I1109 01:56:57.020704 141706 layer_factory.hpp:114] Creating layer pool1
I1109 01:56:57.114276 141706 net.cpp:160] Creating Layer pool1
I1109 01:56:57.114591 141706 net.cpp:596] pool1 <- norm1
I1109 01:56:57.129575 141706 net.cpp:570] pool1 -> pool1
I1109 01:56:57.442566 141706 net.cpp:210] Setting up pool1
I1109 01:56:57.445091 141706 net.cpp:217] Top shape: 32 96 27 27 (2239488)
I1109 01:56:57.445438 141706 net.cpp:225] Memory required for data: 140258816
I1109 01:56:57.445665 141706 layer_factory.hpp:114] Creating layer conv2
I1109 01:56:57.446035 141706 net.cpp:160] Creating Layer conv2
I1109 01:56:57.446260 141706 net.cpp:596] conv2 <- pool1
I1109 01:56:57.446506 141706 net.cpp:570] conv2 -> conv2
I1109 01:57:03.246069 141706 net.cpp:210] Setting up conv2
I1109 01:57:03.246389 141706 net.cpp:217] Top shape: 32 256 27 27 (5971968)
I1109 01:57:03.246829 141706 net.cpp:225] Memory required for data: 164146688
I1109 01:57:03.296484 141706 layer_factory.hpp:114] Creating layer relu2
I1109 01:57:03.296934 141706 net.cpp:160] Creating Layer relu2
I1109 01:57:03.297266 141706 net.cpp:596] relu2 <- conv2
I1109 01:57:03.297585 141706 net.cpp:557] relu2 -> conv2 (in-place)
I1109 01:57:03.298044 141706 net.cpp:210] Setting up relu2
I1109 01:57:03.298321 141706 net.cpp:217] Top shape: 32 256 27 27 (5971968)
I1109 01:57:03.298568 141706 net.cpp:225] Memory required for data: 188034560
I1109 01:57:03.298771 141706 layer_factory.hpp:114] Creating layer norm2
I1109 01:57:03.299024 141706 net.cpp:160] Creating Layer norm2
I1109 01:57:03.299228 141706 net.cpp:596] norm2 <- conv2
I1109 01:57:03.299470 141706 net.cpp:570] norm2 -> norm2
I1109 01:57:03.301612 141706 net.cpp:210] Setting up norm2
I1109 01:57:03.301931 141706 net.cpp:217] Top shape: 32 256 27 27 (5971968)
I1109 01:57:03.302168 141706 net.cpp:225] Memory required for data: 211922432
I1109 01:57:03.302359 141706 layer_factory.hpp:114] Creating layer pool2
I1109 01:57:03.303167 141706 net.cpp:160] Creating Layer pool2
I1109 01:57:03.303454 141706 net.cpp:596] pool2 <- norm2
I1109 01:57:03.303699 141706 net.cpp:570] pool2 -> pool2
I1109 01:57:03.304137 141706 net.cpp:210] Setting up pool2
I1109 01:57:03.304513 141706 net.cpp:217] Top shape: 32 256 13 13 (1384448)
I1109 01:57:03.304838 141706 net.cpp:225] Memory required for data: 217460224
I1109 01:57:03.305054 141706 layer_factory.hpp:114] Creating layer conv3
I1109 01:57:03.305393 141706 net.cpp:160] Creating Layer conv3
I1109 01:57:03.305618 141706 net.cpp:596] conv3 <- pool2
I1109 01:57:03.305858 141706 net.cpp:570] conv3 -> conv3
I1109 01:57:03.787977 141706 net.cpp:210] Setting up conv3
I1109 01:57:03.790417 141706 net.cpp:217] Top shape: 32 384 13 13 (2076672)
I1109 01:57:03.790776 141706 net.cpp:225] Memory required for data: 225766912
I1109 01:57:03.793934 141706 layer_factory.hpp:114] Creating layer relu3
I1109 01:57:03.794358 141706 net.cpp:160] Creating Layer relu3
I1109 01:57:03.794617 141706 net.cpp:596] relu3 <- conv3
I1109 01:57:03.794894 141706 net.cpp:557] relu3 -> conv3 (in-place)
I1109 01:57:03.798997 141706 net.cpp:210] Setting up relu3
I1109 01:57:03.799350 141706 net.cpp:217] Top shape: 32 384 13 13 (2076672)
I1109 01:57:03.799605 141706 net.cpp:225] Memory required for data: 234073600
I1109 01:57:03.799813 141706 layer_factory.hpp:114] Creating layer conv4
I1109 01:57:03.800184 141706 net.cpp:160] Creating Layer conv4
I1109 01:57:03.800446 141706 net.cpp:596] conv4 <- conv3
I1109 01:57:03.800703 141706 net.cpp:570] conv4 -> conv4
I1109 01:57:04.071640 141706 net.cpp:210] Setting up conv4
I1109 01:57:04.072033 141706 net.cpp:217] Top shape: 32 384 13 13 (2076672)
I1109 01:57:04.072443 141706 net.cpp:225] Memory required for data: 242380288
I1109 01:57:04.072959 141706 layer_factory.hpp:114] Creating layer relu4
I1109 01:57:04.073295 141706 net.cpp:160] Creating Layer relu4
I1109 01:57:04.073532 141706 net.cpp:596] relu4 <- conv4
I1109 01:57:04.073776 141706 net.cpp:557] relu4 -> conv4 (in-place)
I1109 01:57:04.085921 141706 net.cpp:210] Setting up relu4
I1109 01:57:04.086277 141706 net.cpp:217] Top shape: 32 384 13 13 (2076672)
I1109 01:57:04.086544 141706 net.cpp:225] Memory required for data: 250686976
I1109 01:57:04.086761 141706 layer_factory.hpp:114] Creating layer conv5
I1109 01:57:04.087172 141706 net.cpp:160] Creating Layer conv5
I1109 01:57:04.087425 141706 net.cpp:596] conv5 <- conv4
I1109 01:57:04.087678 141706 net.cpp:570] conv5 -> conv5
I1109 01:57:04.256052 141706 net.cpp:210] Setting up conv5
I1109 01:57:04.256453 141706 net.cpp:217] Top shape: 32 256 13 13 (1384448)
I1109 01:57:04.256981 141706 net.cpp:225] Memory required for data: 256224768
I1109 01:57:04.261687 141706 layer_factory.hpp:114] Creating layer relu5
I1109 01:57:04.262102 141706 net.cpp:160] Creating Layer relu5
I1109 01:57:04.262368 141706 net.cpp:596] relu5 <- conv5
I1109 01:57:04.262642 141706 net.cpp:557] relu5 -> conv5 (in-place)
I1109 01:57:04.263139 141706 net.cpp:210] Setting up relu5
I1109 01:57:04.263447 141706 net.cpp:217] Top shape: 32 256 13 13 (1384448)
I1109 01:57:04.263739 141706 net.cpp:225] Memory required for data: 261762560
I1109 01:57:04.263954 141706 layer_factory.hpp:114] Creating layer pool5
I1109 01:57:04.264217 141706 net.cpp:160] Creating Layer pool5
I1109 01:57:04.264441 141706 net.cpp:596] pool5 <- conv5
I1109 01:57:04.264669 141706 net.cpp:570] pool5 -> pool5
I1109 01:57:04.265125 141706 net.cpp:210] Setting up pool5
I1109 01:57:04.265391 141706 net.cpp:217] Top shape: 32 256 6 6 (294912)
I1109 01:57:04.265621 141706 net.cpp:225] Memory required for data: 262942208
I1109 01:57:04.265810 141706 layer_factory.hpp:114] Creating layer fc6
I1109 01:57:04.320567 141706 net.cpp:160] Creating Layer fc6
I1109 01:57:04.320921 141706 net.cpp:596] fc6 <- pool5
I1109 01:57:04.321305 141706 net.cpp:570] fc6 -> fc6
I1109 01:57:08.409864 141706 net.cpp:210] Setting up fc6
I1109 01:57:08.410171 141706 net.cpp:217] Top shape: 32 4096 (131072)
I1109 01:57:08.412221 141706 net.cpp:225] Memory required for data: 263466496
I1109 01:57:08.412534 141706 layer_factory.hpp:114] Creating layer relu6
I1109 01:57:08.415066 141706 net.cpp:160] Creating Layer relu6
I1109 01:57:08.415370 141706 net.cpp:596] relu6 <- fc6
I1109 01:57:08.415598 141706 net.cpp:557] relu6 -> fc6 (in-place)
I1109 01:57:08.416014 141706 net.cpp:210] Setting up relu6
I1109 01:57:08.416271 141706 net.cpp:217] Top shape: 32 4096 (131072)
I1109 01:57:08.416498 141706 net.cpp:225] Memory required for data: 263990784
I1109 01:57:08.416685 141706 layer_factory.hpp:114] Creating layer drop6
I1109 01:57:08.436704 141706 net.cpp:160] Creating Layer drop6
I1109 01:57:08.437057 141706 net.cpp:596] drop6 <- fc6
I1109 01:57:08.437434 141706 net.cpp:557] drop6 -> fc6 (in-place)
I1109 01:57:08.541512 141706 net.cpp:210] Setting up drop6
I1109 01:57:08.541813 141706 net.cpp:217] Top shape: 32 4096 (131072)
I1109 01:57:08.542153 141706 net.cpp:225] Memory required for data: 264515072
I1109 01:57:08.542403 141706 layer_factory.hpp:114] Creating layer fc7
I1109 01:57:08.542681 141706 net.cpp:160] Creating Layer fc7
I1109 01:57:08.542891 141706 net.cpp:596] fc7 <- fc6
I1109 01:57:08.543280 141706 net.cpp:570] fc7 -> fc7
I1109 01:57:10.255559 141706 net.cpp:210] Setting up fc7
I1109 01:57:10.255900 141706 net.cpp:217] Top shape: 32 4096 (131072)
I1109 01:57:10.256265 141706 net.cpp:225] Memory required for data: 265039360
I1109 01:57:10.256597 141706 layer_factory.hpp:114] Creating layer relu7
I1109 01:57:10.256932 141706 net.cpp:160] Creating Layer relu7
I1109 01:57:10.257170 141706 net.cpp:596] relu7 <- fc7
I1109 01:57:10.257398 141706 net.cpp:557] relu7 -> fc7 (in-place)
I1109 01:57:10.257815 141706 net.cpp:210] Setting up relu7
I1109 01:57:10.258082 141706 net.cpp:217] Top shape: 32 4096 (131072)
I1109 01:57:10.258306 141706 net.cpp:225] Memory required for data: 265563648
I1109 01:57:10.258497 141706 layer_factory.hpp:114] Creating layer drop7
I1109 01:57:10.258723 141706 net.cpp:160] Creating Layer drop7
I1109 01:57:10.258913 141706 net.cpp:596] drop7 <- fc7
I1109 01:57:10.259183 141706 net.cpp:557] drop7 -> fc7 (in-place)
I1109 01:57:10.259454 141706 net.cpp:210] Setting up drop7
I1109 01:57:10.259716 141706 net.cpp:217] Top shape: 32 4096 (131072)
I1109 01:57:10.259963 141706 net.cpp:225] Memory required for data: 266087936
I1109 01:57:10.260143 141706 layer_factory.hpp:114] Creating layer fc8
I1109 01:57:10.260385 141706 net.cpp:160] Creating Layer fc8
I1109 01:57:10.260573 141706 net.cpp:596] fc8 <- fc7
I1109 01:57:10.260831 141706 net.cpp:570] fc8 -> fc8
I1109 01:57:10.683053 141706 net.cpp:210] Setting up fc8
I1109 01:57:10.683403 141706 net.cpp:217] Top shape: 32 1000 (32000)
I1109 01:57:10.683796 141706 net.cpp:225] Memory required for data: 266215936
I1109 01:57:10.684098 141706 layer_factory.hpp:114] Creating layer loss
I1109 01:57:10.708375 141706 net.cpp:160] Creating Layer loss
I1109 01:57:10.708688 141706 net.cpp:596] loss <- fc8
I1109 01:57:10.709585 141706 net.cpp:596] loss <- label
I1109 01:57:10.736739 141706 net.cpp:570] loss -> loss
I1109 01:57:10.774482 141706 layer_factory.hpp:114] Creating layer loss
I1109 01:57:13.372575 141706 net.cpp:210] Setting up loss
I1109 01:57:13.415215 141706 net.cpp:217] Top shape: (1)
I1109 01:57:13.431269 141706 net.cpp:220]     with loss weight 1
I1109 01:57:13.557755 141706 net.cpp:225] Memory required for data: 266215940
I1109 01:57:13.608266 141706 net.cpp:287] loss needs backward computation.
I1109 01:57:13.706817 141706 net.cpp:287] fc8 needs backward computation.
I1109 01:57:13.717561 141706 net.cpp:287] drop7 needs backward computation.
I1109 01:57:13.730458 141706 net.cpp:287] relu7 needs backward computation.
I1109 01:57:13.730779 141706 net.cpp:287] fc7 needs backward computation.
I1109 01:57:13.733285 141706 net.cpp:287] drop6 needs backward computation.
I1109 01:57:13.733580 141706 net.cpp:287] relu6 needs backward computation.
I1109 01:57:13.733770 141706 net.cpp:287] fc6 needs backward computation.
I1109 01:57:13.734555 141706 net.cpp:287] pool5 needs backward computation.
I1109 01:57:13.735347 141706 net.cpp:287] relu5 needs backward computation.
I1109 01:57:13.735600 141706 net.cpp:287] conv5 needs backward computation.
I1109 01:57:13.735793 141706 net.cpp:287] relu4 needs backward computation.
I1109 01:57:13.735973 141706 net.cpp:287] conv4 needs backward computation.
I1109 01:57:13.736156 141706 net.cpp:287] relu3 needs backward computation.
I1109 01:57:13.736333 141706 net.cpp:287] conv3 needs backward computation.
I1109 01:57:13.748222 141706 net.cpp:287] pool2 needs backward computation.
I1109 01:57:13.748558 141706 net.cpp:287] norm2 needs backward computation.
I1109 01:57:13.748890 141706 net.cpp:287] relu2 needs backward computation.
I1109 01:57:13.749125 141706 net.cpp:287] conv2 needs backward computation.
I1109 01:57:13.749315 141706 net.cpp:287] pool1 needs backward computation.
I1109 01:57:13.749502 141706 net.cpp:287] norm1 needs backward computation.
I1109 01:57:13.749686 141706 net.cpp:287] relu1 needs backward computation.
I1109 01:57:13.749861 141706 net.cpp:287] conv1 needs backward computation.
I1109 01:57:13.762109 141706 net.cpp:289] data does not need backward computation.
I1109 01:57:13.786207 141706 net.cpp:331] This network produces output loss
I1109 01:57:13.858415 141706 net.cpp:345] Network initialization done.
I1109 01:57:14.030848 141706 caffe.cpp:452] Performing Forward
I1109 01:57:27.233069 141706 caffe.cpp:457] Initial loss: 6.80349
I1109 01:57:27.286761 141706 caffe.cpp:459] Performing Backward
I1109 01:57:32.189635 141706 caffe.cpp:468] *** Benchmark begins ***
I1109 01:57:32.200978 141706 caffe.cpp:469] Testing for 1 iterations.
I1109 01:57:32.343915 141706 caffe.cpp:485] Profiling Layer: conv2 backward
I1109 01:57:34.552505 141706 caffe.cpp:512] Iteration: 1 forward-backward time: 2208 ms.
I1109 01:57:34.716927 141706 caffe.cpp:519] Average time per layer: 
I1109 01:57:34.736234 141706 caffe.cpp:522]       data	forward: 547.708 ms.
I1109 01:57:34.806090 141706 caffe.cpp:526]       data	backward: 4.736 ms.
I1109 01:57:34.829998 141706 caffe.cpp:522]      conv1	forward: 132.624 ms.
I1109 01:57:34.834030 141706 caffe.cpp:526]      conv1	backward: 48.495 ms.
I1109 01:57:34.839643 141706 caffe.cpp:522]      relu1	forward: 13.791 ms.
I1109 01:57:34.851003 141706 caffe.cpp:526]      relu1	backward: 17.746 ms.
I1109 01:57:34.858806 141706 caffe.cpp:522]      norm1	forward: 23.374 ms.
I1109 01:57:34.868602 141706 caffe.cpp:526]      norm1	backward: 12.718 ms.
I1109 01:57:34.878468 141706 caffe.cpp:522]      pool1	forward: 18.938 ms.
I1109 01:57:34.887861 141706 caffe.cpp:526]      pool1	backward: 81.185 ms.
I1109 01:57:34.902740 141706 caffe.cpp:522]      conv2	forward: 55.529 ms.
I1109 01:57:34.903717 141706 caffe.cpp:526]      conv2	backward: 102.382 ms.
I1109 01:57:34.903929 141706 caffe.cpp:522]      relu2	forward: 0.533 ms.
I1109 01:57:34.904178 141706 caffe.cpp:526]      relu2	backward: 13.429 ms.
I1109 01:57:34.904393 141706 caffe.cpp:522]      norm2	forward: 3.357 ms.
I1109 01:57:34.904721 141706 caffe.cpp:526]      norm2	backward: 16.36 ms.
I1109 01:57:34.905041 141706 caffe.cpp:522]      pool2	forward: 1.22 ms.
I1109 01:57:34.905246 141706 caffe.cpp:526]      pool2	backward: 66.349 ms.
I1109 01:57:34.905452 141706 caffe.cpp:522]      conv3	forward: 9.754 ms.
I1109 01:57:34.906317 141706 caffe.cpp:526]      conv3	backward: 82.067 ms.
I1109 01:57:34.907006 141706 caffe.cpp:522]      relu3	forward: 0.235 ms.
I1109 01:57:34.907241 141706 caffe.cpp:526]      relu3	backward: 30.89 ms.
I1109 01:57:34.907591 141706 caffe.cpp:522]      conv4	forward: 7.561 ms.
I1109 01:57:34.907795 141706 caffe.cpp:526]      conv4	backward: 68.733 ms.
I1109 01:57:34.907995 141706 caffe.cpp:522]      relu4	forward: 0.243 ms.
I1109 01:57:34.908191 141706 caffe.cpp:526]      relu4	backward: 38.768 ms.
I1109 01:57:34.908385 141706 caffe.cpp:522]      conv5	forward: 5.208 ms.
I1109 01:57:34.908572 141706 caffe.cpp:526]      conv5	backward: 68.244 ms.
I1109 01:57:34.908762 141706 caffe.cpp:522]      relu5	forward: 0.194 ms.
I1109 01:57:34.908987 141706 caffe.cpp:526]      relu5	backward: 17.358 ms.
I1109 01:57:34.909178 141706 caffe.cpp:522]      pool5	forward: 0.286 ms.
I1109 01:57:34.909364 141706 caffe.cpp:526]      pool5	backward: 57.224 ms.
I1109 01:57:34.909554 141706 caffe.cpp:522]        fc6	forward: 16.392 ms.
I1109 01:57:34.909744 141706 caffe.cpp:526]        fc6	backward: 123.349 ms.
I1109 01:57:34.909976 141706 caffe.cpp:522]      relu6	forward: 0.815 ms.
I1109 01:57:34.910197 141706 caffe.cpp:526]      relu6	backward: 19.821 ms.
I1109 01:57:34.910488 141706 caffe.cpp:522]      drop6	forward: 1.462 ms.
I1109 01:57:34.910720 141706 caffe.cpp:526]      drop6	backward: 12.904 ms.
I1109 01:57:34.910914 141706 caffe.cpp:522]        fc7	forward: 4.459 ms.
I1109 01:57:34.911103 141706 caffe.cpp:526]        fc7	backward: 114.096 ms.
I1109 01:57:34.911293 141706 caffe.cpp:522]      relu7	forward: 0.14 ms.
I1109 01:57:34.911481 141706 caffe.cpp:526]      relu7	backward: 15.015 ms.
I1109 01:57:34.911671 141706 caffe.cpp:522]      drop7	forward: 0.308 ms.
I1109 01:57:34.911859 141706 caffe.cpp:526]      drop7	backward: 22.582 ms.
I1109 01:57:34.912047 141706 caffe.cpp:522]        fc8	forward: 1.951 ms.
I1109 01:57:34.912231 141706 caffe.cpp:526]        fc8	backward: 144.091 ms.
I1109 01:57:34.912422 141706 caffe.cpp:522]       loss	forward: 45.361 ms.
I1109 01:57:34.912612 141706 caffe.cpp:526]       loss	backward: 43.336 ms.
I1109 01:57:34.918272 141706 caffe.cpp:532] Average Forward pass: 946.413 ms.
I1109 01:57:34.931183 141706 caffe.cpp:535] Average Backward pass: 1231.95 ms.
I1109 01:57:34.941987 141706 caffe.cpp:537] Average Forward-Backward: 2674 ms.
I1109 01:57:34.956446 141706 caffe.cpp:540] Total Time: 2674 ms.
I1109 01:57:34.968564 141706 caffe.cpp:541] *** Benchmark ends ***
Search stanza is "EMIT_GLOBAL_DYNAMIC_STATS"
elements_fp_single_1 = 0
elements_fp_single_4 = 0
elements_fp_single_8 = 0
elements_fp_single_16 = 1636250112
elements_fp_double_1 = 0
elements_fp_double_2 = 0
elements_fp_double_4 = 0
elements_fp_double_8 = 0
--->Total single-precision FLOPs = 26180001792
--->Total double-precision FLOPs = 0
--->Total FLOPs = 26180001792
mem-read-1 = 109237
mem-read-2 = 138
mem-read-4 = 819644224
mem-read-8 = 5123977
mem-read-16 = 0
mem-read-32 = 5220
mem-read-64 = 59251637
mem-write-1 = 202
mem-write-2 = 68
mem-write-4 = 11312
mem-write-8 = 3522847
mem-write-16 = 4
mem-write-32 = 4
mem-write-64 = 21981925
--->Total Bytes read = 7111950033
--->Total Bytes written = 1435071754
--->Total Bytes = 8547021787
