sde64 -knl -d -iform 1 -omix sde_knl/knl_sde_layer22_dir0.out.mix -global_region -start_ssc_mark 111:repeat -stop_ssc_mark 222:repeat -- /project/projectdirs/mpccc/tmalas/intelcaffe/install_carl/bin/caffe time -model=src/models/mkl2017_alexnet/train_val.prototxt -iterations=1 -prof_layer=22 -prof_forward_direction=0
I1109 03:38:05.576231 145154 caffe.cpp:444] Use CPU.
I1109 03:38:22.477769 145154 cpu_info.cpp:452] Processor speed [MHz]: 1400
I1109 03:38:22.533565 145154 cpu_info.cpp:455] Total number of sockets: 1
I1109 03:38:22.545486 145154 cpu_info.cpp:458] Total number of CPU cores: 68
I1109 03:38:22.557992 145154 cpu_info.cpp:461] Total number of processors: 272
I1109 03:38:22.569090 145154 cpu_info.cpp:464] GPU is used: no
I1109 03:38:22.578186 145154 cpu_info.cpp:467] OpenMP environmental variables are specified: yes
I1109 03:38:22.586990 145154 cpu_info.cpp:470] OpenMP thread bind allowed: no
I1109 03:38:22.598181 145154 cpu_info.cpp:473] Number of OpenMP threads: 16
I1109 03:38:31.341341 145154 net.cpp:484] The NetState phase (0) differed from the phase (1) specified by a rule in layer data
I1109 03:38:31.374465 145154 net.cpp:484] The NetState phase (0) differed from the phase (1) specified by a rule in layer accuracy
I1109 03:38:32.016983 145154 net.cpp:120] Initializing net from parameters: 
name: "AlexNet"
state {
  phase: TRAIN
  level: 0
  stage: ""
}
layer {
  name: "data"
  type: "DummyData"
  top: "data"
  top: "label"
  include {
    phase: TRAIN
  }
  dummy_data_param {
    data_filler {
      type: "gaussian"
      std: 1
    }
    data_filler {
      type: "constant"
      value: 0
    }
    shape {
      dim: 32
      dim: 3
      dim: 227
      dim: 227
    }
    shape {
      dim: 32
      dim: 1
      dim: 1
      dim: 1
    }
  }
}
layer {
  name: "conv1"
  type: "Convolution"
  bottom: "data"
  top: "conv1"
  param {
    lr_mult: 1
    decay_mult: 1
  }
  param {
    lr_mult: 2
    decay_mult: 0
  }
  convolution_param {
    num_output: 96
    kernel_size: 11
    stride: 4
    weight_filler {
      type: "gaussian"
      std: 0.01
    }
    bias_filler {
      type: "constant"
      value: 0
    }
    engine: MKL2017
  }
}
layer {
  name: "relu1"
  type: "ReLU"
  bottom: "conv1"
  top: "conv1"
  relu_param {
    engine: MKL2017
  }
}
layer {
  name: "norm1"
  type: "LRN"
  bottom: "conv1"
  top: "norm1"
  lrn_param {
    local_size: 5
    alpha: 0.0001
    beta: 0.75
    engine: MKL2017
  }
}
layer {
  name: "pool1"
  type: "Pooling"
  bottom: "norm1"
  top: "pool1"
  pooling_param {
    pool: MAX
    kernel_size: 3
    stride: 2
    engine: MKL2017
  }
}
layer {
  name: "conv2"
  type: "Convolution"
  bottom: "pool1"
  top: "conv2"
  param {
    lr_mult: 1
    decay_mult: 1
  }
  param {
    lr_mult: 2
    decay_mult: 0
  }
  convolution_param {
    num_output: 256
    pad: 2
    kernel_size: 5
    group: 2
    weight_filler {
      type: "gaussian"
      std: 0.01
    }
    bias_filler {
      type: "constant"
      value: 0.1
    }
    engine: MKL2017
  }
}
layer {
  name: "relu2"
  type: "ReLU"
  bottom: "conv2"
  top: "conv2"
  relu_param {
    engine: MKL2017
  }
}
layer {
  name: "norm2"
  type: "LRN"
  bottom: "conv2"
  top: "norm2"
  lrn_param {
    local_size: 5
    alpha: 0.0001
    beta: 0.75
    engine: MKL2017
  }
}
layer {
  name: "pool2"
  type: "Pooling"
  bottom: "norm2"
  top: "pool2"
  pooling_param {
    pool: MAX
    kernel_size: 3
    stride: 2
    engine: MKL2017
  }
}
layer {
  name: "conv3"
  type: "Convolution"
  bottom: "pool2"
  top: "conv3"
  param {
    lr_mult: 1
    decay_mult: 1
  }
  param {
    lr_mult: 2
    decay_mult: 0
  }
  convolution_param {
    num_output: 384
    pad: 1
    kernel_size: 3
    weight_filler {
      type: "gaussian"
      std: 0.01
    }
    bias_filler {
      type: "constant"
      value: 0
    }
    engine: MKL2017
  }
}
layer {
  name: "relu3"
  type: "ReLU"
  bottom: "conv3"
  top: "conv3"
  relu_param {
    engine: MKL2017
  }
}
layer {
  name: "conv4"
  type: "Convolution"
  bottom: "conv3"
  top: "conv4"
  param {
    lr_mult: 1
    decay_mult: 1
  }
  param {
    lr_mult: 2
    decay_mult: 0
  }
  convolution_param {
    num_output: 384
    pad: 1
    kernel_size: 3
    group: 2
    weight_filler {
      type: "gaussian"
      std: 0.01
    }
    bias_filler {
      type: "constant"
      value: 0.1
    }
    engine: MKL2017
  }
}
layer {
  name: "relu4"
  type: "ReLU"
  bottom: "conv4"
  top: "conv4"
  relu_param {
    engine: MKL2017
  }
}
layer {
  name: "conv5"
  type: "Convolution"
  bottom: "conv4"
  top: "conv5"
  param {
    lr_mult: 1
    decay_mult: 1
  }
  param {
    lr_mult: 2
    decay_mult: 0
  }
  convolution_param {
    num_output: 256
    pad: 1
    kernel_size: 3
    group: 2
    weight_filler {
      type: "gaussian"
      std: 0.01
    }
    bias_filler {
      type: "constant"
      value: 0.1
    }
    engine: MKL2017
  }
}
layer {
  name: "relu5"
  type: "ReLU"
  bottom: "conv5"
  top: "conv5"
  relu_param {
    engine: MKL2017
  }
}
layer {
  name: "pool5"
  type: "Pooling"
  bottom: "conv5"
  top: "pool5"
  pooling_param {
    pool: MAX
    kernel_size: 3
    stride: 2
    engine: MKL2017
  }
}
layer {
  name: "fc6"
  type: "InnerProduct"
  bottom: "pool5"
  top: "fc6"
  param {
    lr_mult: 1
    decay_mult: 1
  }
  param {
    lr_mult: 2
    decay_mult: 0
  }
  inner_product_param {
    num_output: 4096
    weight_filler {
      type: "gaussian"
      std: 0.005
    }
    bias_filler {
      type: "constant"
      value: 0.1
    }
  }
}
layer {
  name: "relu6"
  type: "ReLU"
  bottom: "fc6"
  top: "fc6"
}
layer {
  name: "drop6"
  type: "Dropout"
  bottom: "fc6"
  top: "fc6"
  dropout_param {
    dropout_ratio: 0.5
  }
}
layer {
  name: "fc7"
  type: "InnerProduct"
  bottom: "fc6"
  top: "fc7"
  param {
    lr_mult: 1
    decay_mult: 1
  }
  param {
    lr_mult: 2
    decay_mult: 0
  }
  inner_product_param {
    num_output: 4096
    weight_filler {
      type: "gaussian"
      std: 0.005
    }
    bias_filler {
      type: "constant"
      value: 0.1
    }
  }
}
layer {
  name: "relu7"
  type: "ReLU"
  bottom: "fc7"
  top: "fc7"
}
layer {
  name: "drop7"
  type: "Dropout"
  bottom: "fc7"
  top: "fc7"
  dropout_param {
    dropout_ratio: 0.5
  }
}
layer {
  name: "fc8"
  type: "InnerProduct"
  bottom: "fc7"
  top: "fc8"
  param {
    lr_mult: 1
    decay_mult: 1
  }
  param {
    lr_mult: 2
    decay_mult: 0
  }
  inner_product_param {
    num_output: 1000
    weight_filler {
      type: "gaussian"
      std: 0.01
    }
    bias_filler {
      type: "constant"
      value: 0
    }
  }
}
layer {
  name: "loss"
  type: "SoftmaxWithLoss"
  bottom: "fc8"
  bottom: "label"
  top: "loss"
}
I1109 03:38:34.472467 145154 layer_factory.hpp:114] Creating layer data
I1109 03:38:34.621644 145154 net.cpp:160] Creating Layer data
I1109 03:38:34.669729 145154 net.cpp:570] data -> data
I1109 03:38:35.135038 145154 net.cpp:570] data -> label
I1109 03:38:42.208150 145154 net.cpp:210] Setting up data
I1109 03:38:42.287233 145154 net.cpp:217] Top shape: 32 3 227 227 (4946784)
I1109 03:38:42.391479 145154 net.cpp:217] Top shape: 32 1 1 1 (32)
I1109 03:38:42.398689 145154 net.cpp:225] Memory required for data: 19787264
I1109 03:38:42.467300 145154 layer_factory.hpp:114] Creating layer conv1
I1109 03:38:42.801347 145154 net.cpp:160] Creating Layer conv1
I1109 03:38:42.851150 145154 net.cpp:596] conv1 <- data
I1109 03:38:42.970893 145154 net.cpp:570] conv1 -> conv1
I1109 03:39:15.910284 145154 net.cpp:210] Setting up conv1
I1109 03:39:15.917243 145154 net.cpp:217] Top shape: 32 96 55 55 (9292800)
I1109 03:39:15.917632 145154 net.cpp:225] Memory required for data: 56958464
I1109 03:39:16.209010 145154 layer_factory.hpp:114] Creating layer relu1
I1109 03:39:16.333528 145154 net.cpp:160] Creating Layer relu1
I1109 03:39:16.338184 145154 net.cpp:596] relu1 <- conv1
I1109 03:39:16.371799 145154 net.cpp:557] relu1 -> conv1 (in-place)
I1109 03:39:16.567484 145154 net.cpp:210] Setting up relu1
I1109 03:39:16.569944 145154 net.cpp:217] Top shape: 32 96 55 55 (9292800)
I1109 03:39:16.570292 145154 net.cpp:225] Memory required for data: 94129664
I1109 03:39:16.570499 145154 layer_factory.hpp:114] Creating layer norm1
I1109 03:39:16.679292 145154 net.cpp:160] Creating Layer norm1
I1109 03:39:16.679615 145154 net.cpp:596] norm1 <- conv1
I1109 03:39:16.682183 145154 net.cpp:570] norm1 -> norm1
I1109 03:39:16.921017 145154 net.cpp:210] Setting up norm1
I1109 03:39:16.934180 145154 net.cpp:217] Top shape: 32 96 55 55 (9292800)
I1109 03:39:16.934557 145154 net.cpp:225] Memory required for data: 131300864
I1109 03:39:16.934919 145154 layer_factory.hpp:114] Creating layer pool1
I1109 03:39:17.030390 145154 net.cpp:160] Creating Layer pool1
I1109 03:39:17.030699 145154 net.cpp:596] pool1 <- norm1
I1109 03:39:17.045724 145154 net.cpp:570] pool1 -> pool1
I1109 03:39:17.350558 145154 net.cpp:210] Setting up pool1
I1109 03:39:17.353130 145154 net.cpp:217] Top shape: 32 96 27 27 (2239488)
I1109 03:39:17.353485 145154 net.cpp:225] Memory required for data: 140258816
I1109 03:39:17.353708 145154 layer_factory.hpp:114] Creating layer conv2
I1109 03:39:17.354090 145154 net.cpp:160] Creating Layer conv2
I1109 03:39:17.354310 145154 net.cpp:596] conv2 <- pool1
I1109 03:39:17.354539 145154 net.cpp:570] conv2 -> conv2
I1109 03:39:23.250622 145154 net.cpp:210] Setting up conv2
I1109 03:39:23.250955 145154 net.cpp:217] Top shape: 32 256 27 27 (5971968)
I1109 03:39:23.251413 145154 net.cpp:225] Memory required for data: 164146688
I1109 03:39:23.302657 145154 layer_factory.hpp:114] Creating layer relu2
I1109 03:39:23.303084 145154 net.cpp:160] Creating Layer relu2
I1109 03:39:23.303455 145154 net.cpp:596] relu2 <- conv2
I1109 03:39:23.303719 145154 net.cpp:557] relu2 -> conv2 (in-place)
I1109 03:39:23.304152 145154 net.cpp:210] Setting up relu2
I1109 03:39:23.304415 145154 net.cpp:217] Top shape: 32 256 27 27 (5971968)
I1109 03:39:23.304644 145154 net.cpp:225] Memory required for data: 188034560
I1109 03:39:23.304878 145154 layer_factory.hpp:114] Creating layer norm2
I1109 03:39:23.305136 145154 net.cpp:160] Creating Layer norm2
I1109 03:39:23.305337 145154 net.cpp:596] norm2 <- conv2
I1109 03:39:23.305593 145154 net.cpp:570] norm2 -> norm2
I1109 03:39:23.307638 145154 net.cpp:210] Setting up norm2
I1109 03:39:23.307945 145154 net.cpp:217] Top shape: 32 256 27 27 (5971968)
I1109 03:39:23.308176 145154 net.cpp:225] Memory required for data: 211922432
I1109 03:39:23.308394 145154 layer_factory.hpp:114] Creating layer pool2
I1109 03:39:23.309378 145154 net.cpp:160] Creating Layer pool2
I1109 03:39:23.309691 145154 net.cpp:596] pool2 <- norm2
I1109 03:39:23.309948 145154 net.cpp:570] pool2 -> pool2
I1109 03:39:23.310370 145154 net.cpp:210] Setting up pool2
I1109 03:39:23.310633 145154 net.cpp:217] Top shape: 32 256 13 13 (1384448)
I1109 03:39:23.310868 145154 net.cpp:225] Memory required for data: 217460224
I1109 03:39:23.311071 145154 layer_factory.hpp:114] Creating layer conv3
I1109 03:39:23.311419 145154 net.cpp:160] Creating Layer conv3
I1109 03:39:23.311700 145154 net.cpp:596] conv3 <- pool2
I1109 03:39:23.312019 145154 net.cpp:570] conv3 -> conv3
I1109 03:39:23.791998 145154 net.cpp:210] Setting up conv3
I1109 03:39:23.794422 145154 net.cpp:217] Top shape: 32 384 13 13 (2076672)
I1109 03:39:23.794772 145154 net.cpp:225] Memory required for data: 225766912
I1109 03:39:23.797890 145154 layer_factory.hpp:114] Creating layer relu3
I1109 03:39:23.798305 145154 net.cpp:160] Creating Layer relu3
I1109 03:39:23.798585 145154 net.cpp:596] relu3 <- conv3
I1109 03:39:23.798823 145154 net.cpp:557] relu3 -> conv3 (in-place)
I1109 03:39:23.802942 145154 net.cpp:210] Setting up relu3
I1109 03:39:23.803293 145154 net.cpp:217] Top shape: 32 384 13 13 (2076672)
I1109 03:39:23.803552 145154 net.cpp:225] Memory required for data: 234073600
I1109 03:39:23.803758 145154 layer_factory.hpp:114] Creating layer conv4
I1109 03:39:23.804149 145154 net.cpp:160] Creating Layer conv4
I1109 03:39:23.804407 145154 net.cpp:596] conv4 <- conv3
I1109 03:39:23.804649 145154 net.cpp:570] conv4 -> conv4
I1109 03:39:24.049742 145154 net.cpp:210] Setting up conv4
I1109 03:39:24.050132 145154 net.cpp:217] Top shape: 32 384 13 13 (2076672)
I1109 03:39:24.050530 145154 net.cpp:225] Memory required for data: 242380288
I1109 03:39:24.050865 145154 layer_factory.hpp:114] Creating layer relu4
I1109 03:39:24.051161 145154 net.cpp:160] Creating Layer relu4
I1109 03:39:24.051393 145154 net.cpp:596] relu4 <- conv4
I1109 03:39:24.051630 145154 net.cpp:557] relu4 -> conv4 (in-place)
I1109 03:39:24.064075 145154 net.cpp:210] Setting up relu4
I1109 03:39:24.064447 145154 net.cpp:217] Top shape: 32 384 13 13 (2076672)
I1109 03:39:24.064894 145154 net.cpp:225] Memory required for data: 250686976
I1109 03:39:24.065143 145154 layer_factory.hpp:114] Creating layer conv5
I1109 03:39:24.065510 145154 net.cpp:160] Creating Layer conv5
I1109 03:39:24.065752 145154 net.cpp:596] conv5 <- conv4
I1109 03:39:24.065994 145154 net.cpp:570] conv5 -> conv5
I1109 03:39:24.234340 145154 net.cpp:210] Setting up conv5
I1109 03:39:24.234724 145154 net.cpp:217] Top shape: 32 256 13 13 (1384448)
I1109 03:39:24.235167 145154 net.cpp:225] Memory required for data: 256224768
I1109 03:39:24.239787 145154 layer_factory.hpp:114] Creating layer relu5
I1109 03:39:24.240234 145154 net.cpp:160] Creating Layer relu5
I1109 03:39:24.240492 145154 net.cpp:596] relu5 <- conv5
I1109 03:39:24.240871 145154 net.cpp:557] relu5 -> conv5 (in-place)
I1109 03:39:24.241381 145154 net.cpp:210] Setting up relu5
I1109 03:39:24.241670 145154 net.cpp:217] Top shape: 32 256 13 13 (1384448)
I1109 03:39:24.241916 145154 net.cpp:225] Memory required for data: 261762560
I1109 03:39:24.242120 145154 layer_factory.hpp:114] Creating layer pool5
I1109 03:39:24.242373 145154 net.cpp:160] Creating Layer pool5
I1109 03:39:24.242589 145154 net.cpp:596] pool5 <- conv5
I1109 03:39:24.242843 145154 net.cpp:570] pool5 -> pool5
I1109 03:39:24.243260 145154 net.cpp:210] Setting up pool5
I1109 03:39:24.243561 145154 net.cpp:217] Top shape: 32 256 6 6 (294912)
I1109 03:39:24.243778 145154 net.cpp:225] Memory required for data: 262942208
I1109 03:39:24.243962 145154 layer_factory.hpp:114] Creating layer fc6
I1109 03:39:24.298899 145154 net.cpp:160] Creating Layer fc6
I1109 03:39:24.299208 145154 net.cpp:596] fc6 <- pool5
I1109 03:39:24.299602 145154 net.cpp:570] fc6 -> fc6
I1109 03:39:28.388984 145154 net.cpp:210] Setting up fc6
I1109 03:39:28.389291 145154 net.cpp:217] Top shape: 32 4096 (131072)
I1109 03:39:28.391414 145154 net.cpp:225] Memory required for data: 263466496
I1109 03:39:28.391724 145154 layer_factory.hpp:114] Creating layer relu6
I1109 03:39:28.394273 145154 net.cpp:160] Creating Layer relu6
I1109 03:39:28.394573 145154 net.cpp:596] relu6 <- fc6
I1109 03:39:28.394798 145154 net.cpp:557] relu6 -> fc6 (in-place)
I1109 03:39:28.395215 145154 net.cpp:210] Setting up relu6
I1109 03:39:28.395473 145154 net.cpp:217] Top shape: 32 4096 (131072)
I1109 03:39:28.395694 145154 net.cpp:225] Memory required for data: 263990784
I1109 03:39:28.395915 145154 layer_factory.hpp:114] Creating layer drop6
I1109 03:39:28.416108 145154 net.cpp:160] Creating Layer drop6
I1109 03:39:28.416416 145154 net.cpp:596] drop6 <- fc6
I1109 03:39:28.416831 145154 net.cpp:557] drop6 -> fc6 (in-place)
I1109 03:39:28.522912 145154 net.cpp:210] Setting up drop6
I1109 03:39:28.523213 145154 net.cpp:217] Top shape: 32 4096 (131072)
I1109 03:39:28.523550 145154 net.cpp:225] Memory required for data: 264515072
I1109 03:39:28.523792 145154 layer_factory.hpp:114] Creating layer fc7
I1109 03:39:28.524062 145154 net.cpp:160] Creating Layer fc7
I1109 03:39:28.524276 145154 net.cpp:596] fc7 <- fc6
I1109 03:39:28.524660 145154 net.cpp:570] fc7 -> fc7
I1109 03:39:30.235255 145154 net.cpp:210] Setting up fc7
I1109 03:39:30.235591 145154 net.cpp:217] Top shape: 32 4096 (131072)
I1109 03:39:30.235957 145154 net.cpp:225] Memory required for data: 265039360
I1109 03:39:30.236282 145154 layer_factory.hpp:114] Creating layer relu7
I1109 03:39:30.236582 145154 net.cpp:160] Creating Layer relu7
I1109 03:39:30.236842 145154 net.cpp:596] relu7 <- fc7
I1109 03:39:30.237090 145154 net.cpp:557] relu7 -> fc7 (in-place)
I1109 03:39:30.237514 145154 net.cpp:210] Setting up relu7
I1109 03:39:30.237783 145154 net.cpp:217] Top shape: 32 4096 (131072)
I1109 03:39:30.238014 145154 net.cpp:225] Memory required for data: 265563648
I1109 03:39:30.238236 145154 layer_factory.hpp:114] Creating layer drop7
I1109 03:39:30.238473 145154 net.cpp:160] Creating Layer drop7
I1109 03:39:30.238677 145154 net.cpp:596] drop7 <- fc7
I1109 03:39:30.238978 145154 net.cpp:557] drop7 -> fc7 (in-place)
I1109 03:39:30.239266 145154 net.cpp:210] Setting up drop7
I1109 03:39:30.239461 145154 net.cpp:217] Top shape: 32 4096 (131072)
I1109 03:39:30.239670 145154 net.cpp:225] Memory required for data: 266087936
I1109 03:39:30.239848 145154 layer_factory.hpp:114] Creating layer fc8
I1109 03:39:30.240090 145154 net.cpp:160] Creating Layer fc8
I1109 03:39:30.240278 145154 net.cpp:596] fc8 <- fc7
I1109 03:39:30.240499 145154 net.cpp:570] fc8 -> fc8
I1109 03:39:30.664476 145154 net.cpp:210] Setting up fc8
I1109 03:39:30.664918 145154 net.cpp:217] Top shape: 32 1000 (32000)
I1109 03:39:30.665324 145154 net.cpp:225] Memory required for data: 266215936
I1109 03:39:30.665658 145154 layer_factory.hpp:114] Creating layer loss
I1109 03:39:30.690351 145154 net.cpp:160] Creating Layer loss
I1109 03:39:30.690665 145154 net.cpp:596] loss <- fc8
I1109 03:39:30.691699 145154 net.cpp:596] loss <- label
I1109 03:39:30.719081 145154 net.cpp:570] loss -> loss
I1109 03:39:30.757087 145154 layer_factory.hpp:114] Creating layer loss
I1109 03:39:33.344600 145154 net.cpp:210] Setting up loss
I1109 03:39:33.394805 145154 net.cpp:217] Top shape: (1)
I1109 03:39:33.404652 145154 net.cpp:220]     with loss weight 1
I1109 03:39:33.536586 145154 net.cpp:225] Memory required for data: 266215940
I1109 03:39:33.580140 145154 net.cpp:287] loss needs backward computation.
I1109 03:39:33.668668 145154 net.cpp:287] fc8 needs backward computation.
I1109 03:39:33.675894 145154 net.cpp:287] drop7 needs backward computation.
I1109 03:39:33.686962 145154 net.cpp:287] relu7 needs backward computation.
I1109 03:39:33.687285 145154 net.cpp:287] fc7 needs backward computation.
I1109 03:39:33.689820 145154 net.cpp:287] drop6 needs backward computation.
I1109 03:39:33.690230 145154 net.cpp:287] relu6 needs backward computation.
I1109 03:39:33.690495 145154 net.cpp:287] fc6 needs backward computation.
I1109 03:39:33.691175 145154 net.cpp:287] pool5 needs backward computation.
I1109 03:39:33.691916 145154 net.cpp:287] relu5 needs backward computation.
I1109 03:39:33.692179 145154 net.cpp:287] conv5 needs backward computation.
I1109 03:39:33.692415 145154 net.cpp:287] relu4 needs backward computation.
I1109 03:39:33.692629 145154 net.cpp:287] conv4 needs backward computation.
I1109 03:39:33.693006 145154 net.cpp:287] relu3 needs backward computation.
I1109 03:39:33.693203 145154 net.cpp:287] conv3 needs backward computation.
I1109 03:39:33.705580 145154 net.cpp:287] pool2 needs backward computation.
I1109 03:39:33.705905 145154 net.cpp:287] norm2 needs backward computation.
I1109 03:39:33.706104 145154 net.cpp:287] relu2 needs backward computation.
I1109 03:39:33.706316 145154 net.cpp:287] conv2 needs backward computation.
I1109 03:39:33.706513 145154 net.cpp:287] pool1 needs backward computation.
I1109 03:39:33.706763 145154 net.cpp:287] norm1 needs backward computation.
I1109 03:39:33.707041 145154 net.cpp:287] relu1 needs backward computation.
I1109 03:39:33.707252 145154 net.cpp:287] conv1 needs backward computation.
I1109 03:39:33.719668 145154 net.cpp:289] data does not need backward computation.
I1109 03:39:33.744614 145154 net.cpp:331] This network produces output loss
I1109 03:39:33.816488 145154 net.cpp:345] Network initialization done.
I1109 03:39:33.991325 145154 caffe.cpp:452] Performing Forward
I1109 03:39:47.000088 145154 caffe.cpp:457] Initial loss: 7.03892
I1109 03:39:47.052137 145154 caffe.cpp:459] Performing Backward
I1109 03:39:51.754902 145154 caffe.cpp:468] *** Benchmark begins ***
I1109 03:39:51.768137 145154 caffe.cpp:469] Testing for 1 iterations.
I1109 03:39:51.917495 145154 caffe.cpp:485] Profiling Layer: fc8 backward
I1109 03:39:54.000286 145154 caffe.cpp:512] Iteration: 1 forward-backward time: 2079 ms.
I1109 03:39:54.160722 145154 caffe.cpp:519] Average time per layer: 
I1109 03:39:54.179579 145154 caffe.cpp:522]       data	forward: 545.959 ms.
I1109 03:39:54.246481 145154 caffe.cpp:526]       data	backward: 4.928 ms.
I1109 03:39:54.265611 145154 caffe.cpp:522]      conv1	forward: 132.274 ms.
I1109 03:39:54.270730 145154 caffe.cpp:526]      conv1	backward: 49.123 ms.
I1109 03:39:54.276510 145154 caffe.cpp:522]      relu1	forward: 25.585 ms.
I1109 03:39:54.280227 145154 caffe.cpp:526]      relu1	backward: 13.027 ms.
I1109 03:39:54.283411 145154 caffe.cpp:522]      norm1	forward: 15.357 ms.
I1109 03:39:54.286851 145154 caffe.cpp:526]      norm1	backward: 21.801 ms.
I1109 03:39:54.288924 145154 caffe.cpp:522]      pool1	forward: 18.731 ms.
I1109 03:39:54.290729 145154 caffe.cpp:526]      pool1	backward: 97.074 ms.
I1109 03:39:54.299593 145154 caffe.cpp:522]      conv2	forward: 63.617 ms.
I1109 03:39:54.302033 145154 caffe.cpp:526]      conv2	backward: 44.953 ms.
I1109 03:39:54.303886 145154 caffe.cpp:522]      relu2	forward: 21.932 ms.
I1109 03:39:54.305460 145154 caffe.cpp:526]      relu2	backward: 0.695 ms.
I1109 03:39:54.307157 145154 caffe.cpp:522]      norm2	forward: 17.344 ms.
I1109 03:39:54.308020 145154 caffe.cpp:526]      norm2	backward: 2.113 ms.
I1109 03:39:54.309329 145154 caffe.cpp:522]      pool2	forward: 18.062 ms.
I1109 03:39:54.310514 145154 caffe.cpp:526]      pool2	backward: 22.518 ms.
I1109 03:39:54.311383 145154 caffe.cpp:522]      conv3	forward: 36.401 ms.
I1109 03:39:54.312477 145154 caffe.cpp:526]      conv3	backward: 36.485 ms.
I1109 03:39:54.313470 145154 caffe.cpp:522]      relu3	forward: 14.468 ms.
I1109 03:39:54.314086 145154 caffe.cpp:526]      relu3	backward: 0.658 ms.
I1109 03:39:54.314996 145154 caffe.cpp:522]      conv4	forward: 37.892 ms.
I1109 03:39:54.315919 145154 caffe.cpp:526]      conv4	backward: 27.961 ms.
I1109 03:39:54.316493 145154 caffe.cpp:522]      relu4	forward: 11.535 ms.
I1109 03:39:54.316951 145154 caffe.cpp:526]      relu4	backward: 7.479 ms.
I1109 03:39:54.317837 145154 caffe.cpp:522]      conv5	forward: 35.709 ms.
I1109 03:39:54.318636 145154 caffe.cpp:526]      conv5	backward: 21.491 ms.
I1109 03:39:54.319356 145154 caffe.cpp:522]      relu5	forward: 17.797 ms.
I1109 03:39:54.320257 145154 caffe.cpp:526]      relu5	backward: 0.238 ms.
I1109 03:39:54.320886 145154 caffe.cpp:522]      pool5	forward: 14.109 ms.
I1109 03:39:54.321662 145154 caffe.cpp:526]      pool5	backward: 11.934 ms.
I1109 03:39:54.322553 145154 caffe.cpp:522]        fc6	forward: 39.68 ms.
I1109 03:39:54.323447 145154 caffe.cpp:526]        fc6	backward: 39.346 ms.
I1109 03:39:54.324229 145154 caffe.cpp:522]      relu6	forward: 20.822 ms.
I1109 03:39:54.325147 145154 caffe.cpp:526]      relu6	backward: 0.085 ms.
I1109 03:39:54.330374 145154 caffe.cpp:522]      drop6	forward: 40.663 ms.
I1109 03:39:54.352993 145154 caffe.cpp:526]      drop6	backward: 0.084 ms.
I1109 03:39:54.353787 145154 caffe.cpp:522]        fc7	forward: 12.716 ms.
I1109 03:39:54.357812 145154 caffe.cpp:526]        fc7	backward: 62.442 ms.
I1109 03:39:54.358722 145154 caffe.cpp:522]      relu7	forward: 19.28 ms.
I1109 03:39:54.359498 145154 caffe.cpp:526]      relu7	backward: 9.799 ms.
I1109 03:39:54.361423 145154 caffe.cpp:522]      drop7	forward: 33.915 ms.
I1109 03:39:54.381635 145154 caffe.cpp:526]      drop7	backward: 25.59 ms.
I1109 03:39:54.381909 145154 caffe.cpp:522]        fc8	forward: 17.458 ms.
I1109 03:39:54.382124 145154 caffe.cpp:526]        fc8	backward: 135.513 ms.
I1109 03:39:54.382339 145154 caffe.cpp:522]       loss	forward: 63.206 ms.
I1109 03:39:54.382546 145154 caffe.cpp:526]       loss	backward: 75.345 ms.
I1109 03:39:54.388144 145154 caffe.cpp:532] Average Forward pass: 1330.13 ms.
I1109 03:39:54.401623 145154 caffe.cpp:535] Average Backward pass: 719.481 ms.
I1109 03:39:54.412896 145154 caffe.cpp:537] Average Forward-Backward: 2574 ms.
I1109 03:39:54.427989 145154 caffe.cpp:540] Total Time: 2574 ms.
I1109 03:39:54.440490 145154 caffe.cpp:541] *** Benchmark ends ***
Search stanza is "EMIT_GLOBAL_DYNAMIC_STATS"
elements_fp_single_1 = 918
elements_fp_single_4 = 1120
elements_fp_single_8 = 603824
elements_fp_single_16 = 33044704
elements_fp_double_1 = 0
elements_fp_double_2 = 0
elements_fp_double_4 = 0
elements_fp_double_8 = 0
--->Total single-precision FLOPs = 533551254
--->Total double-precision FLOPs = 0
--->Total FLOPs = 533551254
mem-read-1 = 116064
mem-read-2 = 139
mem-read-4 = 17368652
mem-read-8 = 1508586
mem-read-16 = 115232
mem-read-32 = 539456
mem-read-64 = 4515656
mem-write-1 = 21843
mem-write-2 = 55
mem-write-4 = 4350
mem-write-8 = 145924
mem-write-16 = 18890
mem-write-32 = 589988
mem-write-64 = 284436
--->Total Bytes read = 389767926
--->Total Bytes written = 38592505
--->Total Bytes = 428360431
