sde64 -knl -d -iform 1 -omix sde_knl/knl_sde_layer7_dir0.out.mix -global_region -start_ssc_mark 111:repeat -stop_ssc_mark 222:repeat -- /project/projectdirs/mpccc/tmalas/intelcaffe/install_carl/bin/caffe time -model=src/models/mkl2017_alexnet/train_val.prototxt -iterations=1 -prof_layer=7 -prof_forward_direction=0
I1109 02:07:47.875537 141990 caffe.cpp:444] Use CPU.
I1109 02:08:04.819535 141990 cpu_info.cpp:452] Processor speed [MHz]: 1400
I1109 02:08:04.876009 141990 cpu_info.cpp:455] Total number of sockets: 1
I1109 02:08:04.887519 141990 cpu_info.cpp:458] Total number of CPU cores: 68
I1109 02:08:04.898753 141990 cpu_info.cpp:461] Total number of processors: 272
I1109 02:08:04.910192 141990 cpu_info.cpp:464] GPU is used: no
I1109 02:08:04.918846 141990 cpu_info.cpp:467] OpenMP environmental variables are specified: yes
I1109 02:08:04.927413 141990 cpu_info.cpp:470] OpenMP thread bind allowed: no
I1109 02:08:04.938475 141990 cpu_info.cpp:473] Number of OpenMP threads: 16
I1109 02:08:13.741753 141990 net.cpp:484] The NetState phase (0) differed from the phase (1) specified by a rule in layer data
I1109 02:08:13.774891 141990 net.cpp:484] The NetState phase (0) differed from the phase (1) specified by a rule in layer accuracy
I1109 02:08:14.411010 141990 net.cpp:120] Initializing net from parameters: 
name: "AlexNet"
state {
  phase: TRAIN
  level: 0
  stage: ""
}
layer {
  name: "data"
  type: "DummyData"
  top: "data"
  top: "label"
  include {
    phase: TRAIN
  }
  dummy_data_param {
    data_filler {
      type: "gaussian"
      std: 1
    }
    data_filler {
      type: "constant"
      value: 0
    }
    shape {
      dim: 32
      dim: 3
      dim: 227
      dim: 227
    }
    shape {
      dim: 32
      dim: 1
      dim: 1
      dim: 1
    }
  }
}
layer {
  name: "conv1"
  type: "Convolution"
  bottom: "data"
  top: "conv1"
  param {
    lr_mult: 1
    decay_mult: 1
  }
  param {
    lr_mult: 2
    decay_mult: 0
  }
  convolution_param {
    num_output: 96
    kernel_size: 11
    stride: 4
    weight_filler {
      type: "gaussian"
      std: 0.01
    }
    bias_filler {
      type: "constant"
      value: 0
    }
    engine: MKL2017
  }
}
layer {
  name: "relu1"
  type: "ReLU"
  bottom: "conv1"
  top: "conv1"
  relu_param {
    engine: MKL2017
  }
}
layer {
  name: "norm1"
  type: "LRN"
  bottom: "conv1"
  top: "norm1"
  lrn_param {
    local_size: 5
    alpha: 0.0001
    beta: 0.75
    engine: MKL2017
  }
}
layer {
  name: "pool1"
  type: "Pooling"
  bottom: "norm1"
  top: "pool1"
  pooling_param {
    pool: MAX
    kernel_size: 3
    stride: 2
    engine: MKL2017
  }
}
layer {
  name: "conv2"
  type: "Convolution"
  bottom: "pool1"
  top: "conv2"
  param {
    lr_mult: 1
    decay_mult: 1
  }
  param {
    lr_mult: 2
    decay_mult: 0
  }
  convolution_param {
    num_output: 256
    pad: 2
    kernel_size: 5
    group: 2
    weight_filler {
      type: "gaussian"
      std: 0.01
    }
    bias_filler {
      type: "constant"
      value: 0.1
    }
    engine: MKL2017
  }
}
layer {
  name: "relu2"
  type: "ReLU"
  bottom: "conv2"
  top: "conv2"
  relu_param {
    engine: MKL2017
  }
}
layer {
  name: "norm2"
  type: "LRN"
  bottom: "conv2"
  top: "norm2"
  lrn_param {
    local_size: 5
    alpha: 0.0001
    beta: 0.75
    engine: MKL2017
  }
}
layer {
  name: "pool2"
  type: "Pooling"
  bottom: "norm2"
  top: "pool2"
  pooling_param {
    pool: MAX
    kernel_size: 3
    stride: 2
    engine: MKL2017
  }
}
layer {
  name: "conv3"
  type: "Convolution"
  bottom: "pool2"
  top: "conv3"
  param {
    lr_mult: 1
    decay_mult: 1
  }
  param {
    lr_mult: 2
    decay_mult: 0
  }
  convolution_param {
    num_output: 384
    pad: 1
    kernel_size: 3
    weight_filler {
      type: "gaussian"
      std: 0.01
    }
    bias_filler {
      type: "constant"
      value: 0
    }
    engine: MKL2017
  }
}
layer {
  name: "relu3"
  type: "ReLU"
  bottom: "conv3"
  top: "conv3"
  relu_param {
    engine: MKL2017
  }
}
layer {
  name: "conv4"
  type: "Convolution"
  bottom: "conv3"
  top: "conv4"
  param {
    lr_mult: 1
    decay_mult: 1
  }
  param {
    lr_mult: 2
    decay_mult: 0
  }
  convolution_param {
    num_output: 384
    pad: 1
    kernel_size: 3
    group: 2
    weight_filler {
      type: "gaussian"
      std: 0.01
    }
    bias_filler {
      type: "constant"
      value: 0.1
    }
    engine: MKL2017
  }
}
layer {
  name: "relu4"
  type: "ReLU"
  bottom: "conv4"
  top: "conv4"
  relu_param {
    engine: MKL2017
  }
}
layer {
  name: "conv5"
  type: "Convolution"
  bottom: "conv4"
  top: "conv5"
  param {
    lr_mult: 1
    decay_mult: 1
  }
  param {
    lr_mult: 2
    decay_mult: 0
  }
  convolution_param {
    num_output: 256
    pad: 1
    kernel_size: 3
    group: 2
    weight_filler {
      type: "gaussian"
      std: 0.01
    }
    bias_filler {
      type: "constant"
      value: 0.1
    }
    engine: MKL2017
  }
}
layer {
  name: "relu5"
  type: "ReLU"
  bottom: "conv5"
  top: "conv5"
  relu_param {
    engine: MKL2017
  }
}
layer {
  name: "pool5"
  type: "Pooling"
  bottom: "conv5"
  top: "pool5"
  pooling_param {
    pool: MAX
    kernel_size: 3
    stride: 2
    engine: MKL2017
  }
}
layer {
  name: "fc6"
  type: "InnerProduct"
  bottom: "pool5"
  top: "fc6"
  param {
    lr_mult: 1
    decay_mult: 1
  }
  param {
    lr_mult: 2
    decay_mult: 0
  }
  inner_product_param {
    num_output: 4096
    weight_filler {
      type: "gaussian"
      std: 0.005
    }
    bias_filler {
      type: "constant"
      value: 0.1
    }
  }
}
layer {
  name: "relu6"
  type: "ReLU"
  bottom: "fc6"
  top: "fc6"
}
layer {
  name: "drop6"
  type: "Dropout"
  bottom: "fc6"
  top: "fc6"
  dropout_param {
    dropout_ratio: 0.5
  }
}
layer {
  name: "fc7"
  type: "InnerProduct"
  bottom: "fc6"
  top: "fc7"
  param {
    lr_mult: 1
    decay_mult: 1
  }
  param {
    lr_mult: 2
    decay_mult: 0
  }
  inner_product_param {
    num_output: 4096
    weight_filler {
      type: "gaussian"
      std: 0.005
    }
    bias_filler {
      type: "constant"
      value: 0.1
    }
  }
}
layer {
  name: "relu7"
  type: "ReLU"
  bottom: "fc7"
  top: "fc7"
}
layer {
  name: "drop7"
  type: "Dropout"
  bottom: "fc7"
  top: "fc7"
  dropout_param {
    dropout_ratio: 0.5
  }
}
layer {
  name: "fc8"
  type: "InnerProduct"
  bottom: "fc7"
  top: "fc8"
  param {
    lr_mult: 1
    decay_mult: 1
  }
  param {
    lr_mult: 2
    decay_mult: 0
  }
  inner_product_param {
    num_output: 1000
    weight_filler {
      type: "gaussian"
      std: 0.01
    }
    bias_filler {
      type: "constant"
      value: 0
    }
  }
}
layer {
  name: "loss"
  type: "SoftmaxWithLoss"
  bottom: "fc8"
  bottom: "label"
  top: "loss"
}
I1109 02:08:16.886390 141990 layer_factory.hpp:114] Creating layer data
I1109 02:08:17.033943 141990 net.cpp:160] Creating Layer data
I1109 02:08:17.082245 141990 net.cpp:570] data -> data
I1109 02:08:17.550375 141990 net.cpp:570] data -> label
I1109 02:08:24.648706 141990 net.cpp:210] Setting up data
I1109 02:08:24.728646 141990 net.cpp:217] Top shape: 32 3 227 227 (4946784)
I1109 02:08:24.832610 141990 net.cpp:217] Top shape: 32 1 1 1 (32)
I1109 02:08:24.839952 141990 net.cpp:225] Memory required for data: 19787264
I1109 02:08:24.907562 141990 layer_factory.hpp:114] Creating layer conv1
I1109 02:08:25.234233 141990 net.cpp:160] Creating Layer conv1
I1109 02:08:25.284124 141990 net.cpp:596] conv1 <- data
I1109 02:08:25.405484 141990 net.cpp:570] conv1 -> conv1
I1109 02:08:58.093659 141990 net.cpp:210] Setting up conv1
I1109 02:08:58.100010 141990 net.cpp:217] Top shape: 32 96 55 55 (9292800)
I1109 02:08:58.100389 141990 net.cpp:225] Memory required for data: 56958464
I1109 02:08:58.382355 141990 layer_factory.hpp:114] Creating layer relu1
I1109 02:08:58.501807 141990 net.cpp:160] Creating Layer relu1
I1109 02:08:58.506317 141990 net.cpp:596] relu1 <- conv1
I1109 02:08:58.538425 141990 net.cpp:557] relu1 -> conv1 (in-place)
I1109 02:08:58.728829 141990 net.cpp:210] Setting up relu1
I1109 02:08:58.731276 141990 net.cpp:217] Top shape: 32 96 55 55 (9292800)
I1109 02:08:58.731608 141990 net.cpp:225] Memory required for data: 94129664
I1109 02:08:58.731803 141990 layer_factory.hpp:114] Creating layer norm1
I1109 02:08:58.836020 141990 net.cpp:160] Creating Layer norm1
I1109 02:08:58.836328 141990 net.cpp:596] norm1 <- conv1
I1109 02:08:58.838898 141990 net.cpp:570] norm1 -> norm1
I1109 02:08:59.060969 141990 net.cpp:210] Setting up norm1
I1109 02:08:59.073904 141990 net.cpp:217] Top shape: 32 96 55 55 (9292800)
I1109 02:08:59.074292 141990 net.cpp:225] Memory required for data: 131300864
I1109 02:08:59.074606 141990 layer_factory.hpp:114] Creating layer pool1
I1109 02:08:59.168769 141990 net.cpp:160] Creating Layer pool1
I1109 02:08:59.169127 141990 net.cpp:596] pool1 <- norm1
I1109 02:08:59.183845 141990 net.cpp:570] pool1 -> pool1
I1109 02:08:59.486423 141990 net.cpp:210] Setting up pool1
I1109 02:08:59.489028 141990 net.cpp:217] Top shape: 32 96 27 27 (2239488)
I1109 02:08:59.489367 141990 net.cpp:225] Memory required for data: 140258816
I1109 02:08:59.489590 141990 layer_factory.hpp:114] Creating layer conv2
I1109 02:08:59.490000 141990 net.cpp:160] Creating Layer conv2
I1109 02:08:59.490244 141990 net.cpp:596] conv2 <- pool1
I1109 02:08:59.490512 141990 net.cpp:570] conv2 -> conv2
I1109 02:09:05.232383 141990 net.cpp:210] Setting up conv2
I1109 02:09:05.232717 141990 net.cpp:217] Top shape: 32 256 27 27 (5971968)
I1109 02:09:05.233211 141990 net.cpp:225] Memory required for data: 164146688
I1109 02:09:05.284356 141990 layer_factory.hpp:114] Creating layer relu2
I1109 02:09:05.284768 141990 net.cpp:160] Creating Layer relu2
I1109 02:09:05.285140 141990 net.cpp:596] relu2 <- conv2
I1109 02:09:05.285406 141990 net.cpp:557] relu2 -> conv2 (in-place)
I1109 02:09:05.285890 141990 net.cpp:210] Setting up relu2
I1109 02:09:05.286162 141990 net.cpp:217] Top shape: 32 256 27 27 (5971968)
I1109 02:09:05.286403 141990 net.cpp:225] Memory required for data: 188034560
I1109 02:09:05.286597 141990 layer_factory.hpp:114] Creating layer norm2
I1109 02:09:05.286864 141990 net.cpp:160] Creating Layer norm2
I1109 02:09:05.287050 141990 net.cpp:596] norm2 <- conv2
I1109 02:09:05.287271 141990 net.cpp:570] norm2 -> norm2
I1109 02:09:05.289551 141990 net.cpp:210] Setting up norm2
I1109 02:09:05.289858 141990 net.cpp:217] Top shape: 32 256 27 27 (5971968)
I1109 02:09:05.290088 141990 net.cpp:225] Memory required for data: 211922432
I1109 02:09:05.290274 141990 layer_factory.hpp:114] Creating layer pool2
I1109 02:09:05.290555 141990 net.cpp:160] Creating Layer pool2
I1109 02:09:05.290769 141990 net.cpp:596] pool2 <- norm2
I1109 02:09:05.291038 141990 net.cpp:570] pool2 -> pool2
I1109 02:09:05.291573 141990 net.cpp:210] Setting up pool2
I1109 02:09:05.291877 141990 net.cpp:217] Top shape: 32 256 13 13 (1384448)
I1109 02:09:05.292098 141990 net.cpp:225] Memory required for data: 217460224
I1109 02:09:05.292297 141990 layer_factory.hpp:114] Creating layer conv3
I1109 02:09:05.293225 141990 net.cpp:160] Creating Layer conv3
I1109 02:09:05.293516 141990 net.cpp:596] conv3 <- pool2
I1109 02:09:05.293766 141990 net.cpp:570] conv3 -> conv3
I1109 02:09:05.745928 141990 net.cpp:210] Setting up conv3
I1109 02:09:05.748551 141990 net.cpp:217] Top shape: 32 384 13 13 (2076672)
I1109 02:09:05.748985 141990 net.cpp:225] Memory required for data: 225766912
I1109 02:09:05.752164 141990 layer_factory.hpp:114] Creating layer relu3
I1109 02:09:05.752606 141990 net.cpp:160] Creating Layer relu3
I1109 02:09:05.752938 141990 net.cpp:596] relu3 <- conv3
I1109 02:09:05.753214 141990 net.cpp:557] relu3 -> conv3 (in-place)
I1109 02:09:05.757475 141990 net.cpp:210] Setting up relu3
I1109 02:09:05.757793 141990 net.cpp:217] Top shape: 32 384 13 13 (2076672)
I1109 02:09:05.758050 141990 net.cpp:225] Memory required for data: 234073600
I1109 02:09:05.758249 141990 layer_factory.hpp:114] Creating layer conv4
I1109 02:09:05.758620 141990 net.cpp:160] Creating Layer conv4
I1109 02:09:05.758911 141990 net.cpp:596] conv4 <- conv3
I1109 02:09:05.759174 141990 net.cpp:570] conv4 -> conv4
I1109 02:09:06.001862 141990 net.cpp:210] Setting up conv4
I1109 02:09:06.006391 141990 net.cpp:217] Top shape: 32 384 13 13 (2076672)
I1109 02:09:06.006827 141990 net.cpp:225] Memory required for data: 242380288
I1109 02:09:06.007134 141990 layer_factory.hpp:114] Creating layer relu4
I1109 02:09:06.007418 141990 net.cpp:160] Creating Layer relu4
I1109 02:09:06.007640 141990 net.cpp:596] relu4 <- conv4
I1109 02:09:06.007866 141990 net.cpp:557] relu4 -> conv4 (in-place)
I1109 02:09:06.020151 141990 net.cpp:210] Setting up relu4
I1109 02:09:06.020494 141990 net.cpp:217] Top shape: 32 384 13 13 (2076672)
I1109 02:09:06.020931 141990 net.cpp:225] Memory required for data: 250686976
I1109 02:09:06.021152 141990 layer_factory.hpp:114] Creating layer conv5
I1109 02:09:06.021517 141990 net.cpp:160] Creating Layer conv5
I1109 02:09:06.021756 141990 net.cpp:596] conv5 <- conv4
I1109 02:09:06.022001 141990 net.cpp:570] conv5 -> conv5
I1109 02:09:06.216336 141990 net.cpp:210] Setting up conv5
I1109 02:09:06.216717 141990 net.cpp:217] Top shape: 32 256 13 13 (1384448)
I1109 02:09:06.217185 141990 net.cpp:225] Memory required for data: 256224768
I1109 02:09:06.221911 141990 layer_factory.hpp:114] Creating layer relu5
I1109 02:09:06.222349 141990 net.cpp:160] Creating Layer relu5
I1109 02:09:06.222611 141990 net.cpp:596] relu5 <- conv5
I1109 02:09:06.222890 141990 net.cpp:557] relu5 -> conv5 (in-place)
I1109 02:09:06.223441 141990 net.cpp:210] Setting up relu5
I1109 02:09:06.223731 141990 net.cpp:217] Top shape: 32 256 13 13 (1384448)
I1109 02:09:06.223975 141990 net.cpp:225] Memory required for data: 261762560
I1109 02:09:06.224180 141990 layer_factory.hpp:114] Creating layer pool5
I1109 02:09:06.224436 141990 net.cpp:160] Creating Layer pool5
I1109 02:09:06.224647 141990 net.cpp:596] pool5 <- conv5
I1109 02:09:06.224921 141990 net.cpp:570] pool5 -> pool5
I1109 02:09:06.225389 141990 net.cpp:210] Setting up pool5
I1109 02:09:06.225654 141990 net.cpp:217] Top shape: 32 256 6 6 (294912)
I1109 02:09:06.225911 141990 net.cpp:225] Memory required for data: 262942208
I1109 02:09:06.226099 141990 layer_factory.hpp:114] Creating layer fc6
I1109 02:09:06.280732 141990 net.cpp:160] Creating Layer fc6
I1109 02:09:06.281081 141990 net.cpp:596] fc6 <- pool5
I1109 02:09:06.281450 141990 net.cpp:570] fc6 -> fc6
I1109 02:09:10.366942 141990 net.cpp:210] Setting up fc6
I1109 02:09:10.367243 141990 net.cpp:217] Top shape: 32 4096 (131072)
I1109 02:09:10.369329 141990 net.cpp:225] Memory required for data: 263466496
I1109 02:09:10.369637 141990 layer_factory.hpp:114] Creating layer relu6
I1109 02:09:10.372114 141990 net.cpp:160] Creating Layer relu6
I1109 02:09:10.372414 141990 net.cpp:596] relu6 <- fc6
I1109 02:09:10.372632 141990 net.cpp:557] relu6 -> fc6 (in-place)
I1109 02:09:10.373083 141990 net.cpp:210] Setting up relu6
I1109 02:09:10.373347 141990 net.cpp:217] Top shape: 32 4096 (131072)
I1109 02:09:10.373569 141990 net.cpp:225] Memory required for data: 263990784
I1109 02:09:10.373754 141990 layer_factory.hpp:114] Creating layer drop6
I1109 02:09:10.393718 141990 net.cpp:160] Creating Layer drop6
I1109 02:09:10.394016 141990 net.cpp:596] drop6 <- fc6
I1109 02:09:10.394384 141990 net.cpp:557] drop6 -> fc6 (in-place)
I1109 02:09:10.498523 141990 net.cpp:210] Setting up drop6
I1109 02:09:10.498816 141990 net.cpp:217] Top shape: 32 4096 (131072)
I1109 02:09:10.499156 141990 net.cpp:225] Memory required for data: 264515072
I1109 02:09:10.499403 141990 layer_factory.hpp:114] Creating layer fc7
I1109 02:09:10.499671 141990 net.cpp:160] Creating Layer fc7
I1109 02:09:10.499871 141990 net.cpp:596] fc7 <- fc6
I1109 02:09:10.500247 141990 net.cpp:570] fc7 -> fc7
I1109 02:09:12.210561 141990 net.cpp:210] Setting up fc7
I1109 02:09:12.210927 141990 net.cpp:217] Top shape: 32 4096 (131072)
I1109 02:09:12.211374 141990 net.cpp:225] Memory required for data: 265039360
I1109 02:09:12.211704 141990 layer_factory.hpp:114] Creating layer relu7
I1109 02:09:12.212030 141990 net.cpp:160] Creating Layer relu7
I1109 02:09:12.212280 141990 net.cpp:596] relu7 <- fc7
I1109 02:09:12.212523 141990 net.cpp:557] relu7 -> fc7 (in-place)
I1109 02:09:12.213004 141990 net.cpp:210] Setting up relu7
I1109 02:09:12.213307 141990 net.cpp:217] Top shape: 32 4096 (131072)
I1109 02:09:12.213554 141990 net.cpp:225] Memory required for data: 265563648
I1109 02:09:12.213755 141990 layer_factory.hpp:114] Creating layer drop7
I1109 02:09:12.213994 141990 net.cpp:160] Creating Layer drop7
I1109 02:09:12.214236 141990 net.cpp:596] drop7 <- fc7
I1109 02:09:12.214476 141990 net.cpp:557] drop7 -> fc7 (in-place)
I1109 02:09:12.214762 141990 net.cpp:210] Setting up drop7
I1109 02:09:12.215057 141990 net.cpp:217] Top shape: 32 4096 (131072)
I1109 02:09:12.215272 141990 net.cpp:225] Memory required for data: 266087936
I1109 02:09:12.215453 141990 layer_factory.hpp:114] Creating layer fc8
I1109 02:09:12.215721 141990 net.cpp:160] Creating Layer fc8
I1109 02:09:12.215929 141990 net.cpp:596] fc8 <- fc7
I1109 02:09:12.216161 141990 net.cpp:570] fc8 -> fc8
I1109 02:09:12.637686 141990 net.cpp:210] Setting up fc8
I1109 02:09:12.638041 141990 net.cpp:217] Top shape: 32 1000 (32000)
I1109 02:09:12.638427 141990 net.cpp:225] Memory required for data: 266215936
I1109 02:09:12.638757 141990 layer_factory.hpp:114] Creating layer loss
I1109 02:09:12.663478 141990 net.cpp:160] Creating Layer loss
I1109 02:09:12.663794 141990 net.cpp:596] loss <- fc8
I1109 02:09:12.664860 141990 net.cpp:596] loss <- label
I1109 02:09:12.692467 141990 net.cpp:570] loss -> loss
I1109 02:09:12.730665 141990 layer_factory.hpp:114] Creating layer loss
I1109 02:09:15.234788 141990 net.cpp:210] Setting up loss
I1109 02:09:15.285612 141990 net.cpp:217] Top shape: (1)
I1109 02:09:15.300935 141990 net.cpp:220]     with loss weight 1
I1109 02:09:15.443903 141990 net.cpp:225] Memory required for data: 266215940
I1109 02:09:15.491123 141990 net.cpp:287] loss needs backward computation.
I1109 02:09:15.588116 141990 net.cpp:287] fc8 needs backward computation.
I1109 02:09:15.600304 141990 net.cpp:287] drop7 needs backward computation.
I1109 02:09:15.611484 141990 net.cpp:287] relu7 needs backward computation.
I1109 02:09:15.611799 141990 net.cpp:287] fc7 needs backward computation.
I1109 02:09:15.614226 141990 net.cpp:287] drop6 needs backward computation.
I1109 02:09:15.614532 141990 net.cpp:287] relu6 needs backward computation.
I1109 02:09:15.614743 141990 net.cpp:287] fc6 needs backward computation.
I1109 02:09:15.615491 141990 net.cpp:287] pool5 needs backward computation.
I1109 02:09:15.616268 141990 net.cpp:287] relu5 needs backward computation.
I1109 02:09:15.616528 141990 net.cpp:287] conv5 needs backward computation.
I1109 02:09:15.616726 141990 net.cpp:287] relu4 needs backward computation.
I1109 02:09:15.616953 141990 net.cpp:287] conv4 needs backward computation.
I1109 02:09:15.617143 141990 net.cpp:287] relu3 needs backward computation.
I1109 02:09:15.617329 141990 net.cpp:287] conv3 needs backward computation.
I1109 02:09:15.631350 141990 net.cpp:287] pool2 needs backward computation.
I1109 02:09:15.631726 141990 net.cpp:287] norm2 needs backward computation.
I1109 02:09:15.632047 141990 net.cpp:287] relu2 needs backward computation.
I1109 02:09:15.632290 141990 net.cpp:287] conv2 needs backward computation.
I1109 02:09:15.632519 141990 net.cpp:287] pool1 needs backward computation.
I1109 02:09:15.632741 141990 net.cpp:287] norm1 needs backward computation.
I1109 02:09:15.633005 141990 net.cpp:287] relu1 needs backward computation.
I1109 02:09:15.633216 141990 net.cpp:287] conv1 needs backward computation.
I1109 02:09:15.645941 141990 net.cpp:289] data does not need backward computation.
I1109 02:09:15.671119 141990 net.cpp:331] This network produces output loss
I1109 02:09:15.745260 141990 net.cpp:345] Network initialization done.
I1109 02:09:15.921630 141990 caffe.cpp:452] Performing Forward
I1109 02:09:29.363302 141990 caffe.cpp:457] Initial loss: 6.90483
I1109 02:09:29.412044 141990 caffe.cpp:459] Performing Backward
I1109 02:09:34.292018 141990 caffe.cpp:468] *** Benchmark begins ***
I1109 02:09:34.303431 141990 caffe.cpp:469] Testing for 1 iterations.
I1109 02:09:34.447885 141990 caffe.cpp:485] Profiling Layer: norm2 backward
I1109 02:09:36.915484 141990 caffe.cpp:512] Iteration: 1 forward-backward time: 2461 ms.
I1109 02:09:37.075793 141990 caffe.cpp:519] Average time per layer: 
I1109 02:09:37.091493 141990 caffe.cpp:522]       data	forward: 547.256 ms.
I1109 02:09:37.158092 141990 caffe.cpp:526]       data	backward: 5.441 ms.
I1109 02:09:37.176133 141990 caffe.cpp:522]      conv1	forward: 128.788 ms.
I1109 02:09:37.178591 141990 caffe.cpp:526]      conv1	backward: 50.634 ms.
I1109 02:09:37.179333 141990 caffe.cpp:522]      relu1	forward: 17.066 ms.
I1109 02:09:37.180038 141990 caffe.cpp:526]      relu1	backward: 16.736 ms.
I1109 02:09:37.180341 141990 caffe.cpp:522]      norm1	forward: 13.719 ms.
I1109 02:09:37.180557 141990 caffe.cpp:526]      norm1	backward: 15.527 ms.
I1109 02:09:37.180763 141990 caffe.cpp:522]      pool1	forward: 19.61 ms.
I1109 02:09:37.181028 141990 caffe.cpp:526]      pool1	backward: 80.227 ms.
I1109 02:09:37.181810 141990 caffe.cpp:522]      conv2	forward: 61.851 ms.
I1109 02:09:37.182049 141990 caffe.cpp:526]      conv2	backward: 92.423 ms.
I1109 02:09:37.182257 141990 caffe.cpp:522]      relu2	forward: 12.9 ms.
I1109 02:09:37.182466 141990 caffe.cpp:526]      relu2	backward: 17.246 ms.
I1109 02:09:37.182682 141990 caffe.cpp:522]      norm2	forward: 16.438 ms.
I1109 02:09:37.182963 141990 caffe.cpp:526]      norm2	backward: 28.594 ms.
I1109 02:09:37.183182 141990 caffe.cpp:522]      pool2	forward: 11.743 ms.
I1109 02:09:37.183389 141990 caffe.cpp:526]      pool2	backward: 57.129 ms.
I1109 02:09:37.183593 141990 caffe.cpp:522]      conv3	forward: 39.102 ms.
I1109 02:09:37.183796 141990 caffe.cpp:526]      conv3	backward: 74.408 ms.
I1109 02:09:37.184000 141990 caffe.cpp:522]      relu3	forward: 15.724 ms.
I1109 02:09:37.184202 141990 caffe.cpp:526]      relu3	backward: 39.904 ms.
I1109 02:09:37.184413 141990 caffe.cpp:522]      conv4	forward: 30.439 ms.
I1109 02:09:37.184622 141990 caffe.cpp:526]      conv4	backward: 80.206 ms.
I1109 02:09:37.184857 141990 caffe.cpp:522]      relu4	forward: 11.59 ms.
I1109 02:09:37.185070 141990 caffe.cpp:526]      relu4	backward: 38.338 ms.
I1109 02:09:37.185277 141990 caffe.cpp:522]      conv5	forward: 32.213 ms.
I1109 02:09:37.185539 141990 caffe.cpp:526]      conv5	backward: 60.117 ms.
I1109 02:09:37.185773 141990 caffe.cpp:522]      relu5	forward: 12.421 ms.
I1109 02:09:37.185987 141990 caffe.cpp:526]      relu5	backward: 15.284 ms.
I1109 02:09:37.186190 141990 caffe.cpp:522]      pool5	forward: 16.199 ms.
I1109 02:09:37.186393 141990 caffe.cpp:526]      pool5	backward: 48.157 ms.
I1109 02:09:37.186596 141990 caffe.cpp:522]        fc6	forward: 38.785 ms.
I1109 02:09:37.186800 141990 caffe.cpp:526]        fc6	backward: 114.124 ms.
I1109 02:09:37.187007 141990 caffe.cpp:522]      relu6	forward: 13.22 ms.
I1109 02:09:37.187214 141990 caffe.cpp:526]      relu6	backward: 12.457 ms.
I1109 02:09:37.187420 141990 caffe.cpp:522]      drop6	forward: 42.801 ms.
I1109 02:09:37.187630 141990 caffe.cpp:526]      drop6	backward: 18.22 ms.
I1109 02:09:37.187834 141990 caffe.cpp:522]        fc7	forward: 14.044 ms.
I1109 02:09:37.188043 141990 caffe.cpp:526]        fc7	backward: 80.707 ms.
I1109 02:09:37.188297 141990 caffe.cpp:522]      relu7	forward: 16.128 ms.
I1109 02:09:37.188513 141990 caffe.cpp:526]      relu7	backward: 16.698 ms.
I1109 02:09:37.188724 141990 caffe.cpp:522]      drop7	forward: 33.321 ms.
I1109 02:09:37.188953 141990 caffe.cpp:526]      drop7	backward: 15.365 ms.
I1109 02:09:37.189155 141990 caffe.cpp:522]        fc8	forward: 12.211 ms.
I1109 02:09:37.189363 141990 caffe.cpp:526]        fc8	backward: 101.628 ms.
I1109 02:09:37.189570 141990 caffe.cpp:522]       loss	forward: 61.429 ms.
I1109 02:09:37.189774 141990 caffe.cpp:526]       loss	backward: 73.159 ms.
I1109 02:09:37.196966 141990 caffe.cpp:532] Average Forward pass: 1274.13 ms.
I1109 02:09:37.211271 141990 caffe.cpp:535] Average Backward pass: 1161.71 ms.
I1109 02:09:37.223282 141990 caffe.cpp:537] Average Forward-Backward: 2848 ms.
I1109 02:09:37.239431 141990 caffe.cpp:540] Total Time: 2848 ms.
I1109 02:09:37.252842 141990 caffe.cpp:541] *** Benchmark ends ***
Search stanza is "EMIT_GLOBAL_DYNAMIC_STATS"
elements_fp_single_1 = 0
elements_fp_single_4 = 0
elements_fp_single_8 = 0
elements_fp_single_16 = 3732512
elements_fp_double_1 = 0
elements_fp_double_2 = 0
elements_fp_double_4 = 0
elements_fp_double_8 = 0
--->Total single-precision FLOPs = 59720192
--->Total double-precision FLOPs = 0
--->Total FLOPs = 59720192
mem-read-1 = 24496
mem-read-2 = 34
mem-read-4 = 794205
mem-read-8 = 348004
mem-read-16 = 0
mem-read-32 = 1
mem-read-64 = 4105732
mem-write-1 = 50
mem-write-2 = 17
mem-write-4 = 122741
mem-write-8 = 28506
mem-write-16 = 0
mem-write-32 = 1
mem-write-64 = 1119745
--->Total Bytes read = 268752296
--->Total Bytes written = 72382808
--->Total Bytes = 341135104
