sde64 -knl -d -iform 1 -omix sde_knl/knl_sde_layer16_dir1.out.mix -global_region -start_ssc_mark 111:repeat -stop_ssc_mark 222:repeat -- /project/projectdirs/mpccc/tmalas/intelcaffe/install_carl/bin/caffe time -model=src/models/mkl2017_alexnet/train_val.prototxt -iterations=1 -prof_layer=16 -prof_forward_direction=1
I1109 00:24:28.343590 138496 caffe.cpp:444] Use CPU.
I1109 00:24:45.222465 138496 cpu_info.cpp:452] Processor speed [MHz]: 1400
I1109 00:24:45.284059 138496 cpu_info.cpp:455] Total number of sockets: 1
I1109 00:24:45.295810 138496 cpu_info.cpp:458] Total number of CPU cores: 68
I1109 00:24:45.308328 138496 cpu_info.cpp:461] Total number of processors: 272
I1109 00:24:45.319506 138496 cpu_info.cpp:464] GPU is used: no
I1109 00:24:45.328614 138496 cpu_info.cpp:467] OpenMP environmental variables are specified: yes
I1109 00:24:45.337570 138496 cpu_info.cpp:470] OpenMP thread bind allowed: no
I1109 00:24:45.348429 138496 cpu_info.cpp:473] Number of OpenMP threads: 16
I1109 00:24:54.159312 138496 net.cpp:484] The NetState phase (0) differed from the phase (1) specified by a rule in layer data
I1109 00:24:54.190634 138496 net.cpp:484] The NetState phase (0) differed from the phase (1) specified by a rule in layer accuracy
I1109 00:24:54.823436 138496 net.cpp:120] Initializing net from parameters: 
name: "AlexNet"
state {
  phase: TRAIN
  level: 0
  stage: ""
}
layer {
  name: "data"
  type: "DummyData"
  top: "data"
  top: "label"
  include {
    phase: TRAIN
  }
  dummy_data_param {
    data_filler {
      type: "gaussian"
      std: 1
    }
    data_filler {
      type: "constant"
      value: 0
    }
    shape {
      dim: 32
      dim: 3
      dim: 227
      dim: 227
    }
    shape {
      dim: 32
      dim: 1
      dim: 1
      dim: 1
    }
  }
}
layer {
  name: "conv1"
  type: "Convolution"
  bottom: "data"
  top: "conv1"
  param {
    lr_mult: 1
    decay_mult: 1
  }
  param {
    lr_mult: 2
    decay_mult: 0
  }
  convolution_param {
    num_output: 96
    kernel_size: 11
    stride: 4
    weight_filler {
      type: "gaussian"
      std: 0.01
    }
    bias_filler {
      type: "constant"
      value: 0
    }
    engine: MKL2017
  }
}
layer {
  name: "relu1"
  type: "ReLU"
  bottom: "conv1"
  top: "conv1"
  relu_param {
    engine: MKL2017
  }
}
layer {
  name: "norm1"
  type: "LRN"
  bottom: "conv1"
  top: "norm1"
  lrn_param {
    local_size: 5
    alpha: 0.0001
    beta: 0.75
    engine: MKL2017
  }
}
layer {
  name: "pool1"
  type: "Pooling"
  bottom: "norm1"
  top: "pool1"
  pooling_param {
    pool: MAX
    kernel_size: 3
    stride: 2
    engine: MKL2017
  }
}
layer {
  name: "conv2"
  type: "Convolution"
  bottom: "pool1"
  top: "conv2"
  param {
    lr_mult: 1
    decay_mult: 1
  }
  param {
    lr_mult: 2
    decay_mult: 0
  }
  convolution_param {
    num_output: 256
    pad: 2
    kernel_size: 5
    group: 2
    weight_filler {
      type: "gaussian"
      std: 0.01
    }
    bias_filler {
      type: "constant"
      value: 0.1
    }
    engine: MKL2017
  }
}
layer {
  name: "relu2"
  type: "ReLU"
  bottom: "conv2"
  top: "conv2"
  relu_param {
    engine: MKL2017
  }
}
layer {
  name: "norm2"
  type: "LRN"
  bottom: "conv2"
  top: "norm2"
  lrn_param {
    local_size: 5
    alpha: 0.0001
    beta: 0.75
    engine: MKL2017
  }
}
layer {
  name: "pool2"
  type: "Pooling"
  bottom: "norm2"
  top: "pool2"
  pooling_param {
    pool: MAX
    kernel_size: 3
    stride: 2
    engine: MKL2017
  }
}
layer {
  name: "conv3"
  type: "Convolution"
  bottom: "pool2"
  top: "conv3"
  param {
    lr_mult: 1
    decay_mult: 1
  }
  param {
    lr_mult: 2
    decay_mult: 0
  }
  convolution_param {
    num_output: 384
    pad: 1
    kernel_size: 3
    weight_filler {
      type: "gaussian"
      std: 0.01
    }
    bias_filler {
      type: "constant"
      value: 0
    }
    engine: MKL2017
  }
}
layer {
  name: "relu3"
  type: "ReLU"
  bottom: "conv3"
  top: "conv3"
  relu_param {
    engine: MKL2017
  }
}
layer {
  name: "conv4"
  type: "Convolution"
  bottom: "conv3"
  top: "conv4"
  param {
    lr_mult: 1
    decay_mult: 1
  }
  param {
    lr_mult: 2
    decay_mult: 0
  }
  convolution_param {
    num_output: 384
    pad: 1
    kernel_size: 3
    group: 2
    weight_filler {
      type: "gaussian"
      std: 0.01
    }
    bias_filler {
      type: "constant"
      value: 0.1
    }
    engine: MKL2017
  }
}
layer {
  name: "relu4"
  type: "ReLU"
  bottom: "conv4"
  top: "conv4"
  relu_param {
    engine: MKL2017
  }
}
layer {
  name: "conv5"
  type: "Convolution"
  bottom: "conv4"
  top: "conv5"
  param {
    lr_mult: 1
    decay_mult: 1
  }
  param {
    lr_mult: 2
    decay_mult: 0
  }
  convolution_param {
    num_output: 256
    pad: 1
    kernel_size: 3
    group: 2
    weight_filler {
      type: "gaussian"
      std: 0.01
    }
    bias_filler {
      type: "constant"
      value: 0.1
    }
    engine: MKL2017
  }
}
layer {
  name: "relu5"
  type: "ReLU"
  bottom: "conv5"
  top: "conv5"
  relu_param {
    engine: MKL2017
  }
}
layer {
  name: "pool5"
  type: "Pooling"
  bottom: "conv5"
  top: "pool5"
  pooling_param {
    pool: MAX
    kernel_size: 3
    stride: 2
    engine: MKL2017
  }
}
layer {
  name: "fc6"
  type: "InnerProduct"
  bottom: "pool5"
  top: "fc6"
  param {
    lr_mult: 1
    decay_mult: 1
  }
  param {
    lr_mult: 2
    decay_mult: 0
  }
  inner_product_param {
    num_output: 4096
    weight_filler {
      type: "gaussian"
      std: 0.005
    }
    bias_filler {
      type: "constant"
      value: 0.1
    }
  }
}
layer {
  name: "relu6"
  type: "ReLU"
  bottom: "fc6"
  top: "fc6"
}
layer {
  name: "drop6"
  type: "Dropout"
  bottom: "fc6"
  top: "fc6"
  dropout_param {
    dropout_ratio: 0.5
  }
}
layer {
  name: "fc7"
  type: "InnerProduct"
  bottom: "fc6"
  top: "fc7"
  param {
    lr_mult: 1
    decay_mult: 1
  }
  param {
    lr_mult: 2
    decay_mult: 0
  }
  inner_product_param {
    num_output: 4096
    weight_filler {
      type: "gaussian"
      std: 0.005
    }
    bias_filler {
      type: "constant"
      value: 0.1
    }
  }
}
layer {
  name: "relu7"
  type: "ReLU"
  bottom: "fc7"
  top: "fc7"
}
layer {
  name: "drop7"
  type: "Dropout"
  bottom: "fc7"
  top: "fc7"
  dropout_param {
    dropout_ratio: 0.5
  }
}
layer {
  name: "fc8"
  type: "InnerProduct"
  bottom: "fc7"
  top: "fc8"
  param {
    lr_mult: 1
    decay_mult: 1
  }
  param {
    lr_mult: 2
    decay_mult: 0
  }
  inner_product_param {
    num_output: 1000
    weight_filler {
      type: "gaussian"
      std: 0.01
    }
    bias_filler {
      type: "constant"
      value: 0
    }
  }
}
layer {
  name: "loss"
  type: "SoftmaxWithLoss"
  bottom: "fc8"
  bottom: "label"
  top: "loss"
}
I1109 00:24:57.278214 138496 layer_factory.hpp:114] Creating layer data
I1109 00:24:57.426553 138496 net.cpp:160] Creating Layer data
I1109 00:24:57.474709 138496 net.cpp:570] data -> data
I1109 00:24:57.943174 138496 net.cpp:570] data -> label
I1109 00:25:05.008180 138496 net.cpp:210] Setting up data
I1109 00:25:05.089999 138496 net.cpp:217] Top shape: 32 3 227 227 (4946784)
I1109 00:25:05.193752 138496 net.cpp:217] Top shape: 32 1 1 1 (32)
I1109 00:25:05.201020 138496 net.cpp:225] Memory required for data: 19787264
I1109 00:25:05.273192 138496 layer_factory.hpp:114] Creating layer conv1
I1109 00:25:05.600709 138496 net.cpp:160] Creating Layer conv1
I1109 00:25:05.651026 138496 net.cpp:596] conv1 <- data
I1109 00:25:05.770422 138496 net.cpp:570] conv1 -> conv1
I1109 00:25:38.606298 138496 net.cpp:210] Setting up conv1
I1109 00:25:38.613085 138496 net.cpp:217] Top shape: 32 96 55 55 (9292800)
I1109 00:25:38.613461 138496 net.cpp:225] Memory required for data: 56958464
I1109 00:25:38.898960 138496 layer_factory.hpp:114] Creating layer relu1
I1109 00:25:39.019351 138496 net.cpp:160] Creating Layer relu1
I1109 00:25:39.023911 138496 net.cpp:596] relu1 <- conv1
I1109 00:25:39.057255 138496 net.cpp:557] relu1 -> conv1 (in-place)
I1109 00:25:39.249013 138496 net.cpp:210] Setting up relu1
I1109 00:25:39.251385 138496 net.cpp:217] Top shape: 32 96 55 55 (9292800)
I1109 00:25:39.251732 138496 net.cpp:225] Memory required for data: 94129664
I1109 00:25:39.251971 138496 layer_factory.hpp:114] Creating layer norm1
I1109 00:25:39.356086 138496 net.cpp:160] Creating Layer norm1
I1109 00:25:39.356405 138496 net.cpp:596] norm1 <- conv1
I1109 00:25:39.358973 138496 net.cpp:570] norm1 -> norm1
I1109 00:25:39.583981 138496 net.cpp:210] Setting up norm1
I1109 00:25:39.597123 138496 net.cpp:217] Top shape: 32 96 55 55 (9292800)
I1109 00:25:39.597512 138496 net.cpp:225] Memory required for data: 131300864
I1109 00:25:39.597828 138496 layer_factory.hpp:114] Creating layer pool1
I1109 00:25:39.692504 138496 net.cpp:160] Creating Layer pool1
I1109 00:25:39.692884 138496 net.cpp:596] pool1 <- norm1
I1109 00:25:39.707653 138496 net.cpp:570] pool1 -> pool1
I1109 00:25:40.008893 138496 net.cpp:210] Setting up pool1
I1109 00:25:40.011399 138496 net.cpp:217] Top shape: 32 96 27 27 (2239488)
I1109 00:25:40.011724 138496 net.cpp:225] Memory required for data: 140258816
I1109 00:25:40.011932 138496 layer_factory.hpp:114] Creating layer conv2
I1109 00:25:40.012312 138496 net.cpp:160] Creating Layer conv2
I1109 00:25:40.012545 138496 net.cpp:596] conv2 <- pool1
I1109 00:25:40.012863 138496 net.cpp:570] conv2 -> conv2
I1109 00:25:45.765436 138496 net.cpp:210] Setting up conv2
I1109 00:25:45.765795 138496 net.cpp:217] Top shape: 32 256 27 27 (5971968)
I1109 00:25:45.766192 138496 net.cpp:225] Memory required for data: 164146688
I1109 00:25:45.818853 138496 layer_factory.hpp:114] Creating layer relu2
I1109 00:25:45.819279 138496 net.cpp:160] Creating Layer relu2
I1109 00:25:45.819658 138496 net.cpp:596] relu2 <- conv2
I1109 00:25:45.819916 138496 net.cpp:557] relu2 -> conv2 (in-place)
I1109 00:25:45.820389 138496 net.cpp:210] Setting up relu2
I1109 00:25:45.820653 138496 net.cpp:217] Top shape: 32 256 27 27 (5971968)
I1109 00:25:45.820972 138496 net.cpp:225] Memory required for data: 188034560
I1109 00:25:45.821193 138496 layer_factory.hpp:114] Creating layer norm2
I1109 00:25:45.821432 138496 net.cpp:160] Creating Layer norm2
I1109 00:25:45.821629 138496 net.cpp:596] norm2 <- conv2
I1109 00:25:45.821853 138496 net.cpp:570] norm2 -> norm2
I1109 00:25:45.823974 138496 net.cpp:210] Setting up norm2
I1109 00:25:45.824281 138496 net.cpp:217] Top shape: 32 256 27 27 (5971968)
I1109 00:25:45.824511 138496 net.cpp:225] Memory required for data: 211922432
I1109 00:25:45.824697 138496 layer_factory.hpp:114] Creating layer pool2
I1109 00:25:45.825672 138496 net.cpp:160] Creating Layer pool2
I1109 00:25:45.826068 138496 net.cpp:596] pool2 <- norm2
I1109 00:25:45.826357 138496 net.cpp:570] pool2 -> pool2
I1109 00:25:45.826757 138496 net.cpp:210] Setting up pool2
I1109 00:25:45.826998 138496 net.cpp:217] Top shape: 32 256 13 13 (1384448)
I1109 00:25:45.827216 138496 net.cpp:225] Memory required for data: 217460224
I1109 00:25:45.827410 138496 layer_factory.hpp:114] Creating layer conv3
I1109 00:25:45.827736 138496 net.cpp:160] Creating Layer conv3
I1109 00:25:45.827950 138496 net.cpp:596] conv3 <- pool2
I1109 00:25:45.828183 138496 net.cpp:570] conv3 -> conv3
I1109 00:25:46.344203 138496 net.cpp:210] Setting up conv3
I1109 00:25:46.346652 138496 net.cpp:217] Top shape: 32 384 13 13 (2076672)
I1109 00:25:46.347009 138496 net.cpp:225] Memory required for data: 225766912
I1109 00:25:46.350178 138496 layer_factory.hpp:114] Creating layer relu3
I1109 00:25:46.350623 138496 net.cpp:160] Creating Layer relu3
I1109 00:25:46.350884 138496 net.cpp:596] relu3 <- conv3
I1109 00:25:46.351140 138496 net.cpp:557] relu3 -> conv3 (in-place)
I1109 00:25:46.355294 138496 net.cpp:210] Setting up relu3
I1109 00:25:46.355603 138496 net.cpp:217] Top shape: 32 384 13 13 (2076672)
I1109 00:25:46.355850 138496 net.cpp:225] Memory required for data: 234073600
I1109 00:25:46.356078 138496 layer_factory.hpp:114] Creating layer conv4
I1109 00:25:46.356454 138496 net.cpp:160] Creating Layer conv4
I1109 00:25:46.356748 138496 net.cpp:596] conv4 <- conv3
I1109 00:25:46.357106 138496 net.cpp:570] conv4 -> conv4
I1109 00:25:46.602262 138496 net.cpp:210] Setting up conv4
I1109 00:25:46.602651 138496 net.cpp:217] Top shape: 32 384 13 13 (2076672)
I1109 00:25:46.603076 138496 net.cpp:225] Memory required for data: 242380288
I1109 00:25:46.603391 138496 layer_factory.hpp:114] Creating layer relu4
I1109 00:25:46.603687 138496 net.cpp:160] Creating Layer relu4
I1109 00:25:46.603912 138496 net.cpp:596] relu4 <- conv4
I1109 00:25:46.604146 138496 net.cpp:557] relu4 -> conv4 (in-place)
I1109 00:25:46.616716 138496 net.cpp:210] Setting up relu4
I1109 00:25:46.617151 138496 net.cpp:217] Top shape: 32 384 13 13 (2076672)
I1109 00:25:46.617511 138496 net.cpp:225] Memory required for data: 250686976
I1109 00:25:46.617753 138496 layer_factory.hpp:114] Creating layer conv5
I1109 00:25:46.618113 138496 net.cpp:160] Creating Layer conv5
I1109 00:25:46.618356 138496 net.cpp:596] conv5 <- conv4
I1109 00:25:46.618597 138496 net.cpp:570] conv5 -> conv5
I1109 00:25:46.789381 138496 net.cpp:210] Setting up conv5
I1109 00:25:46.789772 138496 net.cpp:217] Top shape: 32 256 13 13 (1384448)
I1109 00:25:46.790182 138496 net.cpp:225] Memory required for data: 256224768
I1109 00:25:46.794788 138496 layer_factory.hpp:114] Creating layer relu5
I1109 00:25:46.795230 138496 net.cpp:160] Creating Layer relu5
I1109 00:25:46.795497 138496 net.cpp:596] relu5 <- conv5
I1109 00:25:46.795778 138496 net.cpp:557] relu5 -> conv5 (in-place)
I1109 00:25:46.796339 138496 net.cpp:210] Setting up relu5
I1109 00:25:46.796629 138496 net.cpp:217] Top shape: 32 256 13 13 (1384448)
I1109 00:25:46.796937 138496 net.cpp:225] Memory required for data: 261762560
I1109 00:25:46.797157 138496 layer_factory.hpp:114] Creating layer pool5
I1109 00:25:46.797418 138496 net.cpp:160] Creating Layer pool5
I1109 00:25:46.797636 138496 net.cpp:596] pool5 <- conv5
I1109 00:25:46.797857 138496 net.cpp:570] pool5 -> pool5
I1109 00:25:46.798305 138496 net.cpp:210] Setting up pool5
I1109 00:25:46.798598 138496 net.cpp:217] Top shape: 32 256 6 6 (294912)
I1109 00:25:46.798818 138496 net.cpp:225] Memory required for data: 262942208
I1109 00:25:46.799000 138496 layer_factory.hpp:114] Creating layer fc6
I1109 00:25:46.854964 138496 net.cpp:160] Creating Layer fc6
I1109 00:25:46.855275 138496 net.cpp:596] fc6 <- pool5
I1109 00:25:46.855696 138496 net.cpp:570] fc6 -> fc6
I1109 00:25:50.939323 138496 net.cpp:210] Setting up fc6
I1109 00:25:50.939633 138496 net.cpp:217] Top shape: 32 4096 (131072)
I1109 00:25:50.941735 138496 net.cpp:225] Memory required for data: 263466496
I1109 00:25:50.942044 138496 layer_factory.hpp:114] Creating layer relu6
I1109 00:25:50.944468 138496 net.cpp:160] Creating Layer relu6
I1109 00:25:50.944845 138496 net.cpp:596] relu6 <- fc6
I1109 00:25:50.945086 138496 net.cpp:557] relu6 -> fc6 (in-place)
I1109 00:25:50.945502 138496 net.cpp:210] Setting up relu6
I1109 00:25:50.945758 138496 net.cpp:217] Top shape: 32 4096 (131072)
I1109 00:25:50.945978 138496 net.cpp:225] Memory required for data: 263990784
I1109 00:25:50.946161 138496 layer_factory.hpp:114] Creating layer drop6
I1109 00:25:50.965988 138496 net.cpp:160] Creating Layer drop6
I1109 00:25:50.966296 138496 net.cpp:596] drop6 <- fc6
I1109 00:25:50.966683 138496 net.cpp:557] drop6 -> fc6 (in-place)
I1109 00:25:51.070034 138496 net.cpp:210] Setting up drop6
I1109 00:25:51.070333 138496 net.cpp:217] Top shape: 32 4096 (131072)
I1109 00:25:51.070662 138496 net.cpp:225] Memory required for data: 264515072
I1109 00:25:51.070905 138496 layer_factory.hpp:114] Creating layer fc7
I1109 00:25:51.071171 138496 net.cpp:160] Creating Layer fc7
I1109 00:25:51.071379 138496 net.cpp:596] fc7 <- fc6
I1109 00:25:51.071759 138496 net.cpp:570] fc7 -> fc7
I1109 00:25:52.783121 138496 net.cpp:210] Setting up fc7
I1109 00:25:52.783473 138496 net.cpp:217] Top shape: 32 4096 (131072)
I1109 00:25:52.783870 138496 net.cpp:225] Memory required for data: 265039360
I1109 00:25:52.784227 138496 layer_factory.hpp:114] Creating layer relu7
I1109 00:25:52.784540 138496 net.cpp:160] Creating Layer relu7
I1109 00:25:52.784823 138496 net.cpp:596] relu7 <- fc7
I1109 00:25:52.785090 138496 net.cpp:557] relu7 -> fc7 (in-place)
I1109 00:25:52.785533 138496 net.cpp:210] Setting up relu7
I1109 00:25:52.785810 138496 net.cpp:217] Top shape: 32 4096 (131072)
I1109 00:25:52.786051 138496 net.cpp:225] Memory required for data: 265563648
I1109 00:25:52.786281 138496 layer_factory.hpp:114] Creating layer drop7
I1109 00:25:52.786525 138496 net.cpp:160] Creating Layer drop7
I1109 00:25:52.786739 138496 net.cpp:596] drop7 <- fc7
I1109 00:25:52.787014 138496 net.cpp:557] drop7 -> fc7 (in-place)
I1109 00:25:52.787276 138496 net.cpp:210] Setting up drop7
I1109 00:25:52.787478 138496 net.cpp:217] Top shape: 32 4096 (131072)
I1109 00:25:52.787693 138496 net.cpp:225] Memory required for data: 266087936
I1109 00:25:52.787873 138496 layer_factory.hpp:114] Creating layer fc8
I1109 00:25:52.788117 138496 net.cpp:160] Creating Layer fc8
I1109 00:25:52.788310 138496 net.cpp:596] fc8 <- fc7
I1109 00:25:52.788529 138496 net.cpp:570] fc8 -> fc8
I1109 00:25:53.213567 138496 net.cpp:210] Setting up fc8
I1109 00:25:53.213946 138496 net.cpp:217] Top shape: 32 1000 (32000)
I1109 00:25:53.214393 138496 net.cpp:225] Memory required for data: 266215936
I1109 00:25:53.214721 138496 layer_factory.hpp:114] Creating layer loss
I1109 00:25:53.239761 138496 net.cpp:160] Creating Layer loss
I1109 00:25:53.240090 138496 net.cpp:596] loss <- fc8
I1109 00:25:53.241189 138496 net.cpp:596] loss <- label
I1109 00:25:53.268923 138496 net.cpp:570] loss -> loss
I1109 00:25:53.306946 138496 layer_factory.hpp:114] Creating layer loss
I1109 00:25:55.891743 138496 net.cpp:210] Setting up loss
I1109 00:25:55.941995 138496 net.cpp:217] Top shape: (1)
I1109 00:25:55.951906 138496 net.cpp:220]     with loss weight 1
I1109 00:25:56.085389 138496 net.cpp:225] Memory required for data: 266215940
I1109 00:25:56.132673 138496 net.cpp:287] loss needs backward computation.
I1109 00:25:56.230574 138496 net.cpp:287] fc8 needs backward computation.
I1109 00:25:56.238550 138496 net.cpp:287] drop7 needs backward computation.
I1109 00:25:56.249812 138496 net.cpp:287] relu7 needs backward computation.
I1109 00:25:56.250135 138496 net.cpp:287] fc7 needs backward computation.
I1109 00:25:56.252532 138496 net.cpp:287] drop6 needs backward computation.
I1109 00:25:56.252885 138496 net.cpp:287] relu6 needs backward computation.
I1109 00:25:56.253092 138496 net.cpp:287] fc6 needs backward computation.
I1109 00:25:56.253939 138496 net.cpp:287] pool5 needs backward computation.
I1109 00:25:56.254773 138496 net.cpp:287] relu5 needs backward computation.
I1109 00:25:56.255055 138496 net.cpp:287] conv5 needs backward computation.
I1109 00:25:56.255250 138496 net.cpp:287] relu4 needs backward computation.
I1109 00:25:56.255435 138496 net.cpp:287] conv4 needs backward computation.
I1109 00:25:56.255616 138496 net.cpp:287] relu3 needs backward computation.
I1109 00:25:56.255794 138496 net.cpp:287] conv3 needs backward computation.
I1109 00:25:56.267882 138496 net.cpp:287] pool2 needs backward computation.
I1109 00:25:56.268239 138496 net.cpp:287] norm2 needs backward computation.
I1109 00:25:56.268576 138496 net.cpp:287] relu2 needs backward computation.
I1109 00:25:56.268815 138496 net.cpp:287] conv2 needs backward computation.
I1109 00:25:56.269013 138496 net.cpp:287] pool1 needs backward computation.
I1109 00:25:56.269192 138496 net.cpp:287] norm1 needs backward computation.
I1109 00:25:56.269371 138496 net.cpp:287] relu1 needs backward computation.
I1109 00:25:56.269544 138496 net.cpp:287] conv1 needs backward computation.
I1109 00:25:56.281960 138496 net.cpp:289] data does not need backward computation.
I1109 00:25:56.306015 138496 net.cpp:331] This network produces output loss
I1109 00:25:56.379098 138496 net.cpp:345] Network initialization done.
I1109 00:25:56.544025 138496 caffe.cpp:452] Performing Forward
I1109 00:26:09.651836 138496 caffe.cpp:457] Initial loss: 6.94524
I1109 00:26:09.703718 138496 caffe.cpp:459] Performing Backward
I1109 00:26:14.345973 138496 caffe.cpp:468] *** Benchmark begins ***
I1109 00:26:14.359145 138496 caffe.cpp:469] Testing for 1 iterations.
I1109 00:26:14.504228 138496 caffe.cpp:482] Profiling Layer: fc6 forward
I1109 00:26:16.851207 138496 caffe.cpp:512] Iteration: 1 forward-backward time: 2342 ms.
I1109 00:26:17.011479 138496 caffe.cpp:519] Average time per layer: 
I1109 00:26:17.028581 138496 caffe.cpp:522]       data	forward: 548.745 ms.
I1109 00:26:17.100277 138496 caffe.cpp:526]       data	backward: 4.868 ms.
I1109 00:26:17.122607 138496 caffe.cpp:522]      conv1	forward: 133.372 ms.
I1109 00:26:17.130430 138496 caffe.cpp:526]      conv1	backward: 47.805 ms.
I1109 00:26:17.140509 138496 caffe.cpp:522]      relu1	forward: 11.828 ms.
I1109 00:26:17.148911 138496 caffe.cpp:526]      relu1	backward: 23.766 ms.
I1109 00:26:17.152936 138496 caffe.cpp:522]      norm1	forward: 18.809 ms.
I1109 00:26:17.162488 138496 caffe.cpp:526]      norm1	backward: 16.164 ms.
I1109 00:26:17.169715 138496 caffe.cpp:522]      pool1	forward: 15.791 ms.
I1109 00:26:17.176858 138496 caffe.cpp:526]      pool1	backward: 74.634 ms.
I1109 00:26:17.187516 138496 caffe.cpp:522]      conv2	forward: 65.49 ms.
I1109 00:26:17.194679 138496 caffe.cpp:526]      conv2	backward: 74.962 ms.
I1109 00:26:17.203477 138496 caffe.cpp:522]      relu2	forward: 11.591 ms.
I1109 00:26:17.207702 138496 caffe.cpp:526]      relu2	backward: 16.561 ms.
I1109 00:26:17.207998 138496 caffe.cpp:522]      norm2	forward: 19.521 ms.
I1109 00:26:17.208197 138496 caffe.cpp:526]      norm2	backward: 16.43 ms.
I1109 00:26:17.208392 138496 caffe.cpp:522]      pool2	forward: 12.987 ms.
I1109 00:26:17.208583 138496 caffe.cpp:526]      pool2	backward: 56.921 ms.
I1109 00:26:17.208775 138496 caffe.cpp:522]      conv3	forward: 32.53 ms.
I1109 00:26:17.209012 138496 caffe.cpp:526]      conv3	backward: 89.332 ms.
I1109 00:26:17.209240 138496 caffe.cpp:522]      relu3	forward: 17.837 ms.
I1109 00:26:17.209446 138496 caffe.cpp:526]      relu3	backward: 29.616 ms.
I1109 00:26:17.209767 138496 caffe.cpp:522]      conv4	forward: 35.995 ms.
I1109 00:26:17.210045 138496 caffe.cpp:526]      conv4	backward: 69.228 ms.
I1109 00:26:17.210306 138496 caffe.cpp:522]      relu4	forward: 19.63 ms.
I1109 00:26:17.210526 138496 caffe.cpp:526]      relu4	backward: 37.095 ms.
I1109 00:26:17.211257 138496 caffe.cpp:522]      conv5	forward: 26.129 ms.
I1109 00:26:17.211483 138496 caffe.cpp:526]      conv5	backward: 61.233 ms.
I1109 00:26:17.211674 138496 caffe.cpp:522]      relu5	forward: 11.107 ms.
I1109 00:26:17.211894 138496 caffe.cpp:526]      relu5	backward: 20.862 ms.
I1109 00:26:17.212097 138496 caffe.cpp:522]      pool5	forward: 21.42 ms.
I1109 00:26:17.212376 138496 caffe.cpp:526]      pool5	backward: 54.452 ms.
I1109 00:26:17.212622 138496 caffe.cpp:522]        fc6	forward: 56.674 ms.
I1109 00:26:17.212987 138496 caffe.cpp:526]        fc6	backward: 111.736 ms.
I1109 00:26:17.213201 138496 caffe.cpp:522]      relu6	forward: 11.528 ms.
I1109 00:26:17.213410 138496 caffe.cpp:526]      relu6	backward: 17.418 ms.
I1109 00:26:17.213616 138496 caffe.cpp:522]      drop6	forward: 40.457 ms.
I1109 00:26:17.213822 138496 caffe.cpp:526]      drop6	backward: 20.713 ms.
I1109 00:26:17.214028 138496 caffe.cpp:522]        fc7	forward: 13.357 ms.
I1109 00:26:17.214229 138496 caffe.cpp:526]        fc7	backward: 78.138 ms.
I1109 00:26:17.214432 138496 caffe.cpp:522]      relu7	forward: 14.391 ms.
I1109 00:26:17.214634 138496 caffe.cpp:526]      relu7	backward: 0.084 ms.
I1109 00:26:17.217222 138496 caffe.cpp:522]      drop7	forward: 19.99 ms.
I1109 00:26:17.217491 138496 caffe.cpp:526]      drop7	backward: 0.089 ms.
I1109 00:26:17.217715 138496 caffe.cpp:522]        fc8	forward: 4.53 ms.
I1109 00:26:17.217975 138496 caffe.cpp:526]        fc8	backward: 67.618 ms.
I1109 00:26:17.218266 138496 caffe.cpp:522]       loss	forward: 39.016 ms.
I1109 00:26:17.218493 138496 caffe.cpp:526]       loss	backward: 51.744 ms.
I1109 00:26:17.224117 138496 caffe.cpp:532] Average Forward pass: 1256.95 ms.
I1109 00:26:17.238039 138496 caffe.cpp:535] Average Backward pass: 1051.51 ms.
I1109 00:26:17.249120 138496 caffe.cpp:537] Average Forward-Backward: 2819 ms.
I1109 00:26:17.263844 138496 caffe.cpp:540] Total Time: 2819 ms.
I1109 00:26:17.276036 138496 caffe.cpp:541] *** Benchmark ends ***
Search stanza is "EMIT_GLOBAL_DYNAMIC_STATS"
elements_fp_single_1 = 7255
elements_fp_single_4 = 0
elements_fp_single_8 = 5382144
elements_fp_single_16 = 151232512
elements_fp_double_1 = 0
elements_fp_double_2 = 0
elements_fp_double_4 = 0
elements_fp_double_8 = 0
--->Total single-precision FLOPs = 2462784599
--->Total double-precision FLOPs = 0
--->Total FLOPs = 2462784599
mem-read-1 = 55752
mem-read-2 = 90
mem-read-4 = 76011163
mem-read-8 = 1666158
mem-read-16 = 10470251
mem-read-32 = 73729
mem-read-64 = 20922244
mem-write-1 = 112
mem-write-2 = 34
mem-write-4 = 2897
mem-write-8 = 454143
mem-write-16 = 148331
mem-write-32 = 5234689
mem-write-64 = 316292
--->Total Bytes read = 1826336808
--->Total Bytes written = 193770944
--->Total Bytes = 2020107752
