sde64 -knl -d -iform 1 -omix sde_knl/knl_sde_layer14_dir0.out.mix -global_region -start_ssc_mark 111:repeat -stop_ssc_mark 222:repeat -- /project/projectdirs/mpccc/tmalas/intelcaffe/install_carl/bin/caffe time -model=src/models/mkl2017_alexnet/train_val.prototxt -iterations=1 -prof_layer=14 -prof_forward_direction=0
I1109 02:49:16.945276 144052 caffe.cpp:444] Use CPU.
I1109 02:49:33.939175 144052 cpu_info.cpp:452] Processor speed [MHz]: 1400
I1109 02:49:33.995438 144052 cpu_info.cpp:455] Total number of sockets: 1
I1109 02:49:34.007424 144052 cpu_info.cpp:458] Total number of CPU cores: 68
I1109 02:49:34.022826 144052 cpu_info.cpp:461] Total number of processors: 272
I1109 02:49:34.034044 144052 cpu_info.cpp:464] GPU is used: no
I1109 02:49:34.043141 144052 cpu_info.cpp:467] OpenMP environmental variables are specified: yes
I1109 02:49:34.052096 144052 cpu_info.cpp:470] OpenMP thread bind allowed: no
I1109 02:49:34.063097 144052 cpu_info.cpp:473] Number of OpenMP threads: 16
I1109 02:49:42.854343 144052 net.cpp:484] The NetState phase (0) differed from the phase (1) specified by a rule in layer data
I1109 02:49:42.886942 144052 net.cpp:484] The NetState phase (0) differed from the phase (1) specified by a rule in layer accuracy
I1109 02:49:43.516588 144052 net.cpp:120] Initializing net from parameters: 
name: "AlexNet"
state {
  phase: TRAIN
  level: 0
  stage: ""
}
layer {
  name: "data"
  type: "DummyData"
  top: "data"
  top: "label"
  include {
    phase: TRAIN
  }
  dummy_data_param {
    data_filler {
      type: "gaussian"
      std: 1
    }
    data_filler {
      type: "constant"
      value: 0
    }
    shape {
      dim: 32
      dim: 3
      dim: 227
      dim: 227
    }
    shape {
      dim: 32
      dim: 1
      dim: 1
      dim: 1
    }
  }
}
layer {
  name: "conv1"
  type: "Convolution"
  bottom: "data"
  top: "conv1"
  param {
    lr_mult: 1
    decay_mult: 1
  }
  param {
    lr_mult: 2
    decay_mult: 0
  }
  convolution_param {
    num_output: 96
    kernel_size: 11
    stride: 4
    weight_filler {
      type: "gaussian"
      std: 0.01
    }
    bias_filler {
      type: "constant"
      value: 0
    }
    engine: MKL2017
  }
}
layer {
  name: "relu1"
  type: "ReLU"
  bottom: "conv1"
  top: "conv1"
  relu_param {
    engine: MKL2017
  }
}
layer {
  name: "norm1"
  type: "LRN"
  bottom: "conv1"
  top: "norm1"
  lrn_param {
    local_size: 5
    alpha: 0.0001
    beta: 0.75
    engine: MKL2017
  }
}
layer {
  name: "pool1"
  type: "Pooling"
  bottom: "norm1"
  top: "pool1"
  pooling_param {
    pool: MAX
    kernel_size: 3
    stride: 2
    engine: MKL2017
  }
}
layer {
  name: "conv2"
  type: "Convolution"
  bottom: "pool1"
  top: "conv2"
  param {
    lr_mult: 1
    decay_mult: 1
  }
  param {
    lr_mult: 2
    decay_mult: 0
  }
  convolution_param {
    num_output: 256
    pad: 2
    kernel_size: 5
    group: 2
    weight_filler {
      type: "gaussian"
      std: 0.01
    }
    bias_filler {
      type: "constant"
      value: 0.1
    }
    engine: MKL2017
  }
}
layer {
  name: "relu2"
  type: "ReLU"
  bottom: "conv2"
  top: "conv2"
  relu_param {
    engine: MKL2017
  }
}
layer {
  name: "norm2"
  type: "LRN"
  bottom: "conv2"
  top: "norm2"
  lrn_param {
    local_size: 5
    alpha: 0.0001
    beta: 0.75
    engine: MKL2017
  }
}
layer {
  name: "pool2"
  type: "Pooling"
  bottom: "norm2"
  top: "pool2"
  pooling_param {
    pool: MAX
    kernel_size: 3
    stride: 2
    engine: MKL2017
  }
}
layer {
  name: "conv3"
  type: "Convolution"
  bottom: "pool2"
  top: "conv3"
  param {
    lr_mult: 1
    decay_mult: 1
  }
  param {
    lr_mult: 2
    decay_mult: 0
  }
  convolution_param {
    num_output: 384
    pad: 1
    kernel_size: 3
    weight_filler {
      type: "gaussian"
      std: 0.01
    }
    bias_filler {
      type: "constant"
      value: 0
    }
    engine: MKL2017
  }
}
layer {
  name: "relu3"
  type: "ReLU"
  bottom: "conv3"
  top: "conv3"
  relu_param {
    engine: MKL2017
  }
}
layer {
  name: "conv4"
  type: "Convolution"
  bottom: "conv3"
  top: "conv4"
  param {
    lr_mult: 1
    decay_mult: 1
  }
  param {
    lr_mult: 2
    decay_mult: 0
  }
  convolution_param {
    num_output: 384
    pad: 1
    kernel_size: 3
    group: 2
    weight_filler {
      type: "gaussian"
      std: 0.01
    }
    bias_filler {
      type: "constant"
      value: 0.1
    }
    engine: MKL2017
  }
}
layer {
  name: "relu4"
  type: "ReLU"
  bottom: "conv4"
  top: "conv4"
  relu_param {
    engine: MKL2017
  }
}
layer {
  name: "conv5"
  type: "Convolution"
  bottom: "conv4"
  top: "conv5"
  param {
    lr_mult: 1
    decay_mult: 1
  }
  param {
    lr_mult: 2
    decay_mult: 0
  }
  convolution_param {
    num_output: 256
    pad: 1
    kernel_size: 3
    group: 2
    weight_filler {
      type: "gaussian"
      std: 0.01
    }
    bias_filler {
      type: "constant"
      value: 0.1
    }
    engine: MKL2017
  }
}
layer {
  name: "relu5"
  type: "ReLU"
  bottom: "conv5"
  top: "conv5"
  relu_param {
    engine: MKL2017
  }
}
layer {
  name: "pool5"
  type: "Pooling"
  bottom: "conv5"
  top: "pool5"
  pooling_param {
    pool: MAX
    kernel_size: 3
    stride: 2
    engine: MKL2017
  }
}
layer {
  name: "fc6"
  type: "InnerProduct"
  bottom: "pool5"
  top: "fc6"
  param {
    lr_mult: 1
    decay_mult: 1
  }
  param {
    lr_mult: 2
    decay_mult: 0
  }
  inner_product_param {
    num_output: 4096
    weight_filler {
      type: "gaussian"
      std: 0.005
    }
    bias_filler {
      type: "constant"
      value: 0.1
    }
  }
}
layer {
  name: "relu6"
  type: "ReLU"
  bottom: "fc6"
  top: "fc6"
}
layer {
  name: "drop6"
  type: "Dropout"
  bottom: "fc6"
  top: "fc6"
  dropout_param {
    dropout_ratio: 0.5
  }
}
layer {
  name: "fc7"
  type: "InnerProduct"
  bottom: "fc6"
  top: "fc7"
  param {
    lr_mult: 1
    decay_mult: 1
  }
  param {
    lr_mult: 2
    decay_mult: 0
  }
  inner_product_param {
    num_output: 4096
    weight_filler {
      type: "gaussian"
      std: 0.005
    }
    bias_filler {
      type: "constant"
      value: 0.1
    }
  }
}
layer {
  name: "relu7"
  type: "ReLU"
  bottom: "fc7"
  top: "fc7"
}
layer {
  name: "drop7"
  type: "Dropout"
  bottom: "fc7"
  top: "fc7"
  dropout_param {
    dropout_ratio: 0.5
  }
}
layer {
  name: "fc8"
  type: "InnerProduct"
  bottom: "fc7"
  top: "fc8"
  param {
    lr_mult: 1
    decay_mult: 1
  }
  param {
    lr_mult: 2
    decay_mult: 0
  }
  inner_product_param {
    num_output: 1000
    weight_filler {
      type: "gaussian"
      std: 0.01
    }
    bias_filler {
      type: "constant"
      value: 0
    }
  }
}
layer {
  name: "loss"
  type: "SoftmaxWithLoss"
  bottom: "fc8"
  bottom: "label"
  top: "loss"
}
I1109 02:49:45.953474 144052 layer_factory.hpp:114] Creating layer data
I1109 02:49:46.100155 144052 net.cpp:160] Creating Layer data
I1109 02:49:46.147840 144052 net.cpp:570] data -> data
I1109 02:49:46.611330 144052 net.cpp:570] data -> label
I1109 02:49:53.651404 144052 net.cpp:210] Setting up data
I1109 02:49:53.730842 144052 net.cpp:217] Top shape: 32 3 227 227 (4946784)
I1109 02:49:53.834863 144052 net.cpp:217] Top shape: 32 1 1 1 (32)
I1109 02:49:53.841709 144052 net.cpp:225] Memory required for data: 19787264
I1109 02:49:53.910918 144052 layer_factory.hpp:114] Creating layer conv1
I1109 02:49:54.238461 144052 net.cpp:160] Creating Layer conv1
I1109 02:49:54.289247 144052 net.cpp:596] conv1 <- data
I1109 02:49:54.409255 144052 net.cpp:570] conv1 -> conv1
I1109 02:50:26.842164 144052 net.cpp:210] Setting up conv1
I1109 02:50:26.849292 144052 net.cpp:217] Top shape: 32 96 55 55 (9292800)
I1109 02:50:26.849695 144052 net.cpp:225] Memory required for data: 56958464
I1109 02:50:27.141158 144052 layer_factory.hpp:114] Creating layer relu1
I1109 02:50:27.261540 144052 net.cpp:160] Creating Layer relu1
I1109 02:50:27.266067 144052 net.cpp:596] relu1 <- conv1
I1109 02:50:27.298102 144052 net.cpp:557] relu1 -> conv1 (in-place)
I1109 02:50:27.486907 144052 net.cpp:210] Setting up relu1
I1109 02:50:27.489388 144052 net.cpp:217] Top shape: 32 96 55 55 (9292800)
I1109 02:50:27.489730 144052 net.cpp:225] Memory required for data: 94129664
I1109 02:50:27.489944 144052 layer_factory.hpp:114] Creating layer norm1
I1109 02:50:27.599870 144052 net.cpp:160] Creating Layer norm1
I1109 02:50:27.600196 144052 net.cpp:596] norm1 <- conv1
I1109 02:50:27.602792 144052 net.cpp:570] norm1 -> norm1
I1109 02:50:27.826696 144052 net.cpp:210] Setting up norm1
I1109 02:50:27.839447 144052 net.cpp:217] Top shape: 32 96 55 55 (9292800)
I1109 02:50:27.839834 144052 net.cpp:225] Memory required for data: 131300864
I1109 02:50:27.840170 144052 layer_factory.hpp:114] Creating layer pool1
I1109 02:50:27.934614 144052 net.cpp:160] Creating Layer pool1
I1109 02:50:27.934933 144052 net.cpp:596] pool1 <- norm1
I1109 02:50:27.949764 144052 net.cpp:570] pool1 -> pool1
I1109 02:50:28.251389 144052 net.cpp:210] Setting up pool1
I1109 02:50:28.253860 144052 net.cpp:217] Top shape: 32 96 27 27 (2239488)
I1109 02:50:28.254190 144052 net.cpp:225] Memory required for data: 140258816
I1109 02:50:28.254415 144052 layer_factory.hpp:114] Creating layer conv2
I1109 02:50:28.254819 144052 net.cpp:160] Creating Layer conv2
I1109 02:50:28.255061 144052 net.cpp:596] conv2 <- pool1
I1109 02:50:28.255321 144052 net.cpp:570] conv2 -> conv2
I1109 02:50:34.035656 144052 net.cpp:210] Setting up conv2
I1109 02:50:34.036005 144052 net.cpp:217] Top shape: 32 256 27 27 (5971968)
I1109 02:50:34.036407 144052 net.cpp:225] Memory required for data: 164146688
I1109 02:50:34.086846 144052 layer_factory.hpp:114] Creating layer relu2
I1109 02:50:34.087267 144052 net.cpp:160] Creating Layer relu2
I1109 02:50:34.087627 144052 net.cpp:596] relu2 <- conv2
I1109 02:50:34.087890 144052 net.cpp:557] relu2 -> conv2 (in-place)
I1109 02:50:34.088358 144052 net.cpp:210] Setting up relu2
I1109 02:50:34.088634 144052 net.cpp:217] Top shape: 32 256 27 27 (5971968)
I1109 02:50:34.088933 144052 net.cpp:225] Memory required for data: 188034560
I1109 02:50:34.089136 144052 layer_factory.hpp:114] Creating layer norm2
I1109 02:50:34.089395 144052 net.cpp:160] Creating Layer norm2
I1109 02:50:34.089596 144052 net.cpp:596] norm2 <- conv2
I1109 02:50:34.089831 144052 net.cpp:570] norm2 -> norm2
I1109 02:50:34.092027 144052 net.cpp:210] Setting up norm2
I1109 02:50:34.092336 144052 net.cpp:217] Top shape: 32 256 27 27 (5971968)
I1109 02:50:34.092581 144052 net.cpp:225] Memory required for data: 211922432
I1109 02:50:34.092818 144052 layer_factory.hpp:114] Creating layer pool2
I1109 02:50:34.093658 144052 net.cpp:160] Creating Layer pool2
I1109 02:50:34.094061 144052 net.cpp:596] pool2 <- norm2
I1109 02:50:34.094391 144052 net.cpp:570] pool2 -> pool2
I1109 02:50:34.094801 144052 net.cpp:210] Setting up pool2
I1109 02:50:34.095049 144052 net.cpp:217] Top shape: 32 256 13 13 (1384448)
I1109 02:50:34.095281 144052 net.cpp:225] Memory required for data: 217460224
I1109 02:50:34.095491 144052 layer_factory.hpp:114] Creating layer conv3
I1109 02:50:34.095830 144052 net.cpp:160] Creating Layer conv3
I1109 02:50:34.096051 144052 net.cpp:596] conv3 <- pool2
I1109 02:50:34.096303 144052 net.cpp:570] conv3 -> conv3
I1109 02:50:34.574600 144052 net.cpp:210] Setting up conv3
I1109 02:50:34.577033 144052 net.cpp:217] Top shape: 32 384 13 13 (2076672)
I1109 02:50:34.577389 144052 net.cpp:225] Memory required for data: 225766912
I1109 02:50:34.580432 144052 layer_factory.hpp:114] Creating layer relu3
I1109 02:50:34.580883 144052 net.cpp:160] Creating Layer relu3
I1109 02:50:34.581166 144052 net.cpp:596] relu3 <- conv3
I1109 02:50:34.581420 144052 net.cpp:557] relu3 -> conv3 (in-place)
I1109 02:50:34.585427 144052 net.cpp:210] Setting up relu3
I1109 02:50:34.585763 144052 net.cpp:217] Top shape: 32 384 13 13 (2076672)
I1109 02:50:34.586073 144052 net.cpp:225] Memory required for data: 234073600
I1109 02:50:34.586285 144052 layer_factory.hpp:114] Creating layer conv4
I1109 02:50:34.586664 144052 net.cpp:160] Creating Layer conv4
I1109 02:50:34.586925 144052 net.cpp:596] conv4 <- conv3
I1109 02:50:34.587183 144052 net.cpp:570] conv4 -> conv4
I1109 02:50:34.831720 144052 net.cpp:210] Setting up conv4
I1109 02:50:34.832118 144052 net.cpp:217] Top shape: 32 384 13 13 (2076672)
I1109 02:50:34.832556 144052 net.cpp:225] Memory required for data: 242380288
I1109 02:50:34.832924 144052 layer_factory.hpp:114] Creating layer relu4
I1109 02:50:34.833264 144052 net.cpp:160] Creating Layer relu4
I1109 02:50:34.833506 144052 net.cpp:596] relu4 <- conv4
I1109 02:50:34.833760 144052 net.cpp:557] relu4 -> conv4 (in-place)
I1109 02:50:34.846101 144052 net.cpp:210] Setting up relu4
I1109 02:50:34.846451 144052 net.cpp:217] Top shape: 32 384 13 13 (2076672)
I1109 02:50:34.846861 144052 net.cpp:225] Memory required for data: 250686976
I1109 02:50:34.847087 144052 layer_factory.hpp:114] Creating layer conv5
I1109 02:50:34.847470 144052 net.cpp:160] Creating Layer conv5
I1109 02:50:34.847721 144052 net.cpp:596] conv5 <- conv4
I1109 02:50:34.847986 144052 net.cpp:570] conv5 -> conv5
I1109 02:50:35.017179 144052 net.cpp:210] Setting up conv5
I1109 02:50:35.017571 144052 net.cpp:217] Top shape: 32 256 13 13 (1384448)
I1109 02:50:35.018019 144052 net.cpp:225] Memory required for data: 256224768
I1109 02:50:35.022552 144052 layer_factory.hpp:114] Creating layer relu5
I1109 02:50:35.022964 144052 net.cpp:160] Creating Layer relu5
I1109 02:50:35.023224 144052 net.cpp:596] relu5 <- conv5
I1109 02:50:35.023504 144052 net.cpp:557] relu5 -> conv5 (in-place)
I1109 02:50:35.024025 144052 net.cpp:210] Setting up relu5
I1109 02:50:35.024370 144052 net.cpp:217] Top shape: 32 256 13 13 (1384448)
I1109 02:50:35.024701 144052 net.cpp:225] Memory required for data: 261762560
I1109 02:50:35.024989 144052 layer_factory.hpp:114] Creating layer pool5
I1109 02:50:35.025274 144052 net.cpp:160] Creating Layer pool5
I1109 02:50:35.025506 144052 net.cpp:596] pool5 <- conv5
I1109 02:50:35.025749 144052 net.cpp:570] pool5 -> pool5
I1109 02:50:35.026162 144052 net.cpp:210] Setting up pool5
I1109 02:50:35.026428 144052 net.cpp:217] Top shape: 32 256 6 6 (294912)
I1109 02:50:35.026670 144052 net.cpp:225] Memory required for data: 262942208
I1109 02:50:35.026867 144052 layer_factory.hpp:114] Creating layer fc6
I1109 02:50:35.083179 144052 net.cpp:160] Creating Layer fc6
I1109 02:50:35.083494 144052 net.cpp:596] fc6 <- pool5
I1109 02:50:35.083870 144052 net.cpp:570] fc6 -> fc6
I1109 02:50:39.194689 144052 net.cpp:210] Setting up fc6
I1109 02:50:39.195026 144052 net.cpp:217] Top shape: 32 4096 (131072)
I1109 02:50:39.197268 144052 net.cpp:225] Memory required for data: 263466496
I1109 02:50:39.197630 144052 layer_factory.hpp:114] Creating layer relu6
I1109 02:50:39.200206 144052 net.cpp:160] Creating Layer relu6
I1109 02:50:39.200513 144052 net.cpp:596] relu6 <- fc6
I1109 02:50:39.200763 144052 net.cpp:557] relu6 -> fc6 (in-place)
I1109 02:50:39.201268 144052 net.cpp:210] Setting up relu6
I1109 02:50:39.201551 144052 net.cpp:217] Top shape: 32 4096 (131072)
I1109 02:50:39.201799 144052 net.cpp:225] Memory required for data: 263990784
I1109 02:50:39.202003 144052 layer_factory.hpp:114] Creating layer drop6
I1109 02:50:39.221892 144052 net.cpp:160] Creating Layer drop6
I1109 02:50:39.222285 144052 net.cpp:596] drop6 <- fc6
I1109 02:50:39.222672 144052 net.cpp:557] drop6 -> fc6 (in-place)
I1109 02:50:39.326109 144052 net.cpp:210] Setting up drop6
I1109 02:50:39.326409 144052 net.cpp:217] Top shape: 32 4096 (131072)
I1109 02:50:39.326755 144052 net.cpp:225] Memory required for data: 264515072
I1109 02:50:39.327004 144052 layer_factory.hpp:114] Creating layer fc7
I1109 02:50:39.327282 144052 net.cpp:160] Creating Layer fc7
I1109 02:50:39.327497 144052 net.cpp:596] fc7 <- fc6
I1109 02:50:39.327891 144052 net.cpp:570] fc7 -> fc7
I1109 02:50:41.050710 144052 net.cpp:210] Setting up fc7
I1109 02:50:41.051079 144052 net.cpp:217] Top shape: 32 4096 (131072)
I1109 02:50:41.051524 144052 net.cpp:225] Memory required for data: 265039360
I1109 02:50:41.051862 144052 layer_factory.hpp:114] Creating layer relu7
I1109 02:50:41.052202 144052 net.cpp:160] Creating Layer relu7
I1109 02:50:41.052458 144052 net.cpp:596] relu7 <- fc7
I1109 02:50:41.052729 144052 net.cpp:557] relu7 -> fc7 (in-place)
I1109 02:50:41.053254 144052 net.cpp:210] Setting up relu7
I1109 02:50:41.053580 144052 net.cpp:217] Top shape: 32 4096 (131072)
I1109 02:50:41.053854 144052 net.cpp:225] Memory required for data: 265563648
I1109 02:50:41.054083 144052 layer_factory.hpp:114] Creating layer drop7
I1109 02:50:41.054378 144052 net.cpp:160] Creating Layer drop7
I1109 02:50:41.054597 144052 net.cpp:596] drop7 <- fc7
I1109 02:50:41.054858 144052 net.cpp:557] drop7 -> fc7 (in-place)
I1109 02:50:41.055150 144052 net.cpp:210] Setting up drop7
I1109 02:50:41.055366 144052 net.cpp:217] Top shape: 32 4096 (131072)
I1109 02:50:41.055599 144052 net.cpp:225] Memory required for data: 266087936
I1109 02:50:41.055799 144052 layer_factory.hpp:114] Creating layer fc8
I1109 02:50:41.056063 144052 net.cpp:160] Creating Layer fc8
I1109 02:50:41.056274 144052 net.cpp:596] fc8 <- fc7
I1109 02:50:41.056556 144052 net.cpp:570] fc8 -> fc8
I1109 02:50:41.480820 144052 net.cpp:210] Setting up fc8
I1109 02:50:41.481186 144052 net.cpp:217] Top shape: 32 1000 (32000)
I1109 02:50:41.481637 144052 net.cpp:225] Memory required for data: 266215936
I1109 02:50:41.481979 144052 layer_factory.hpp:114] Creating layer loss
I1109 02:50:41.506523 144052 net.cpp:160] Creating Layer loss
I1109 02:50:41.506845 144052 net.cpp:596] loss <- fc8
I1109 02:50:41.507776 144052 net.cpp:596] loss <- label
I1109 02:50:41.535018 144052 net.cpp:570] loss -> loss
I1109 02:50:41.572562 144052 layer_factory.hpp:114] Creating layer loss
I1109 02:50:44.153174 144052 net.cpp:210] Setting up loss
I1109 02:50:44.203707 144052 net.cpp:217] Top shape: (1)
I1109 02:50:44.213260 144052 net.cpp:220]     with loss weight 1
I1109 02:50:44.344295 144052 net.cpp:225] Memory required for data: 266215940
I1109 02:50:44.387565 144052 net.cpp:287] loss needs backward computation.
I1109 02:50:44.482172 144052 net.cpp:287] fc8 needs backward computation.
I1109 02:50:44.490178 144052 net.cpp:287] drop7 needs backward computation.
I1109 02:50:44.501088 144052 net.cpp:287] relu7 needs backward computation.
I1109 02:50:44.501413 144052 net.cpp:287] fc7 needs backward computation.
I1109 02:50:44.503809 144052 net.cpp:287] drop6 needs backward computation.
I1109 02:50:44.504112 144052 net.cpp:287] relu6 needs backward computation.
I1109 02:50:44.504345 144052 net.cpp:287] fc6 needs backward computation.
I1109 02:50:44.505182 144052 net.cpp:287] pool5 needs backward computation.
I1109 02:50:44.506008 144052 net.cpp:287] relu5 needs backward computation.
I1109 02:50:44.506304 144052 net.cpp:287] conv5 needs backward computation.
I1109 02:50:44.506523 144052 net.cpp:287] relu4 needs backward computation.
I1109 02:50:44.506768 144052 net.cpp:287] conv4 needs backward computation.
I1109 02:50:44.506969 144052 net.cpp:287] relu3 needs backward computation.
I1109 02:50:44.507164 144052 net.cpp:287] conv3 needs backward computation.
I1109 02:50:44.519109 144052 net.cpp:287] pool2 needs backward computation.
I1109 02:50:44.519469 144052 net.cpp:287] norm2 needs backward computation.
I1109 02:50:44.519784 144052 net.cpp:287] relu2 needs backward computation.
I1109 02:50:44.520031 144052 net.cpp:287] conv2 needs backward computation.
I1109 02:50:44.520234 144052 net.cpp:287] pool1 needs backward computation.
I1109 02:50:44.520427 144052 net.cpp:287] norm1 needs backward computation.
I1109 02:50:44.520622 144052 net.cpp:287] relu1 needs backward computation.
I1109 02:50:44.520843 144052 net.cpp:287] conv1 needs backward computation.
I1109 02:50:44.533037 144052 net.cpp:289] data does not need backward computation.
I1109 02:50:44.557762 144052 net.cpp:331] This network produces output loss
I1109 02:50:44.630589 144052 net.cpp:345] Network initialization done.
I1109 02:50:44.797650 144052 caffe.cpp:452] Performing Forward
I1109 02:50:57.976191 144052 caffe.cpp:457] Initial loss: 6.87819
I1109 02:50:58.031901 144052 caffe.cpp:459] Performing Backward
I1109 02:51:02.720968 144052 caffe.cpp:468] *** Benchmark begins ***
I1109 02:51:02.736289 144052 caffe.cpp:469] Testing for 1 iterations.
I1109 02:51:02.880100 144052 caffe.cpp:485] Profiling Layer: relu5 backward
I1109 02:51:05.138368 144052 caffe.cpp:512] Iteration: 1 forward-backward time: 2252 ms.
I1109 02:51:05.295516 144052 caffe.cpp:519] Average time per layer: 
I1109 02:51:05.310478 144052 caffe.cpp:522]       data	forward: 548.662 ms.
I1109 02:51:05.382484 144052 caffe.cpp:526]       data	backward: 5.712 ms.
I1109 02:51:05.406138 144052 caffe.cpp:522]      conv1	forward: 128.638 ms.
I1109 02:51:05.412962 144052 caffe.cpp:526]      conv1	backward: 36.521 ms.
I1109 02:51:05.421571 144052 caffe.cpp:522]      relu1	forward: 20.038 ms.
I1109 02:51:05.436288 144052 caffe.cpp:526]      relu1	backward: 21.177 ms.
I1109 02:51:05.451910 144052 caffe.cpp:522]      norm1	forward: 19.821 ms.
I1109 02:51:05.462698 144052 caffe.cpp:526]      norm1	backward: 21.011 ms.
I1109 02:51:05.470393 144052 caffe.cpp:522]      pool1	forward: 25.721 ms.
I1109 02:51:05.479545 144052 caffe.cpp:526]      pool1	backward: 89.005 ms.
I1109 02:51:05.495537 144052 caffe.cpp:522]      conv2	forward: 62.053 ms.
I1109 02:51:05.503484 144052 caffe.cpp:526]      conv2	backward: 39.122 ms.
I1109 02:51:05.508455 144052 caffe.cpp:522]      relu2	forward: 19.909 ms.
I1109 02:51:05.508754 144052 caffe.cpp:526]      relu2	backward: 0.753 ms.
I1109 02:51:05.509004 144052 caffe.cpp:522]      norm2	forward: 22.113 ms.
I1109 02:51:05.509244 144052 caffe.cpp:526]      norm2	backward: 2.113 ms.
I1109 02:51:05.509485 144052 caffe.cpp:522]      pool2	forward: 13.764 ms.
I1109 02:51:05.509758 144052 caffe.cpp:526]      pool2	backward: 22.323 ms.
I1109 02:51:05.509995 144052 caffe.cpp:522]      conv3	forward: 40.192 ms.
I1109 02:51:05.510196 144052 caffe.cpp:526]      conv3	backward: 36.452 ms.
I1109 02:51:05.510396 144052 caffe.cpp:522]      relu3	forward: 16.837 ms.
I1109 02:51:05.510594 144052 caffe.cpp:526]      relu3	backward: 0.609 ms.
I1109 02:51:05.510787 144052 caffe.cpp:522]      conv4	forward: 32.522 ms.
I1109 02:51:05.510979 144052 caffe.cpp:526]      conv4	backward: 27.888 ms.
I1109 02:51:05.511173 144052 caffe.cpp:522]      relu4	forward: 13.173 ms.
I1109 02:51:05.511363 144052 caffe.cpp:526]      relu4	backward: 7.603 ms.
I1109 02:51:05.511548 144052 caffe.cpp:522]      conv5	forward: 29.378 ms.
I1109 02:51:05.511739 144052 caffe.cpp:526]      conv5	backward: 18.884 ms.
I1109 02:51:05.511929 144052 caffe.cpp:522]      relu5	forward: 15.568 ms.
I1109 02:51:05.512120 144052 caffe.cpp:526]      relu5	backward: 11.135 ms.
I1109 02:51:05.512349 144052 caffe.cpp:522]      pool5	forward: 13.262 ms.
I1109 02:51:05.512568 144052 caffe.cpp:526]      pool5	backward: 9.41 ms.
I1109 02:51:05.513592 144052 caffe.cpp:522]        fc6	forward: 35.225 ms.
I1109 02:51:05.513829 144052 caffe.cpp:526]        fc6	backward: 31.32 ms.
I1109 02:51:05.514031 144052 caffe.cpp:522]      relu6	forward: 15.7 ms.
I1109 02:51:05.514232 144052 caffe.cpp:526]      relu6	backward: 0.41 ms.
I1109 02:51:05.514430 144052 caffe.cpp:522]      drop6	forward: 43.73 ms.
I1109 02:51:05.514627 144052 caffe.cpp:526]      drop6	backward: 11.066 ms.
I1109 02:51:05.514825 144052 caffe.cpp:522]        fc7	forward: 15.864 ms.
I1109 02:51:05.515020 144052 caffe.cpp:526]        fc7	backward: 231.483 ms.
I1109 02:51:05.515216 144052 caffe.cpp:522]      relu7	forward: 11.816 ms.
I1109 02:51:05.515440 144052 caffe.cpp:526]      relu7	backward: 21.671 ms.
I1109 02:51:05.515645 144052 caffe.cpp:522]      drop7	forward: 30.696 ms.
I1109 02:51:05.515902 144052 caffe.cpp:526]      drop7	backward: 17.118 ms.
I1109 02:51:05.516180 144052 caffe.cpp:522]        fc8	forward: 18.145 ms.
I1109 02:51:05.516417 144052 caffe.cpp:526]        fc8	backward: 188.047 ms.
I1109 02:51:05.518703 144052 caffe.cpp:522]       loss	forward: 55.984 ms.
I1109 02:51:05.519001 144052 caffe.cpp:526]       loss	backward: 57.234 ms.
I1109 02:51:05.524569 144052 caffe.cpp:532] Average Forward pass: 1309.01 ms.
I1109 02:51:05.537554 144052 caffe.cpp:535] Average Backward pass: 916.813 ms.
I1109 02:51:05.548107 144052 caffe.cpp:537] Average Forward-Backward: 2746 ms.
I1109 02:51:05.562542 144052 caffe.cpp:540] Total Time: 2746 ms.
I1109 02:51:05.574594 144052 caffe.cpp:541] *** Benchmark ends ***
Search stanza is "EMIT_GLOBAL_DYNAMIC_STATS"
elements_fp_single_1 = 0
elements_fp_single_4 = 0
elements_fp_single_8 = 0
elements_fp_single_16 = 0
elements_fp_double_1 = 0
elements_fp_double_2 = 86528
elements_fp_double_4 = 0
elements_fp_double_8 = 0
--->Total single-precision FLOPs = 0
--->Total double-precision FLOPs = 173056
--->Total FLOPs = 173056
mem-read-1 = 395874
mem-read-2 = 34
mem-read-4 = 3170701
mem-read-8 = 4363036
mem-read-16 = 0
mem-read-32 = 1
mem-read-64 = 173057
mem-write-1 = 50
mem-write-2 = 17
mem-write-4 = 542
mem-write-8 = 399458
mem-write-16 = 0
mem-write-32 = 1
mem-write-64 = 86529
--->Total Bytes read = 59058714
--->Total Bytes written = 8735804
--->Total Bytes = 67794518
