sde64 -knl -d -iform 1 -omix sde_knl/knl_sde_layer13_dir1.out.mix -global_region -start_ssc_mark 111:repeat -stop_ssc_mark 222:repeat -- /project/projectdirs/mpccc/tmalas/intelcaffe/install_carl/bin/caffe time -model=src/models/mkl2017_alexnet/train_val.prototxt -iterations=1 -prof_layer=13 -prof_forward_direction=1
I1109 00:07:29.056637 138105 caffe.cpp:444] Use CPU.
I1109 00:07:45.858052 138105 cpu_info.cpp:452] Processor speed [MHz]: 1400
I1109 00:07:45.913633 138105 cpu_info.cpp:455] Total number of sockets: 1
I1109 00:07:45.925106 138105 cpu_info.cpp:458] Total number of CPU cores: 68
I1109 00:07:45.936039 138105 cpu_info.cpp:461] Total number of processors: 272
I1109 00:07:45.946918 138105 cpu_info.cpp:464] GPU is used: no
I1109 00:07:45.955348 138105 cpu_info.cpp:467] OpenMP environmental variables are specified: yes
I1109 00:07:45.963680 138105 cpu_info.cpp:470] OpenMP thread bind allowed: no
I1109 00:07:45.974323 138105 cpu_info.cpp:473] Number of OpenMP threads: 16
I1109 00:07:54.612699 138105 net.cpp:484] The NetState phase (0) differed from the phase (1) specified by a rule in layer data
I1109 00:07:54.643745 138105 net.cpp:484] The NetState phase (0) differed from the phase (1) specified by a rule in layer accuracy
I1109 00:07:55.270922 138105 net.cpp:120] Initializing net from parameters: 
name: "AlexNet"
state {
  phase: TRAIN
  level: 0
  stage: ""
}
layer {
  name: "data"
  type: "DummyData"
  top: "data"
  top: "label"
  include {
    phase: TRAIN
  }
  dummy_data_param {
    data_filler {
      type: "gaussian"
      std: 1
    }
    data_filler {
      type: "constant"
      value: 0
    }
    shape {
      dim: 32
      dim: 3
      dim: 227
      dim: 227
    }
    shape {
      dim: 32
      dim: 1
      dim: 1
      dim: 1
    }
  }
}
layer {
  name: "conv1"
  type: "Convolution"
  bottom: "data"
  top: "conv1"
  param {
    lr_mult: 1
    decay_mult: 1
  }
  param {
    lr_mult: 2
    decay_mult: 0
  }
  convolution_param {
    num_output: 96
    kernel_size: 11
    stride: 4
    weight_filler {
      type: "gaussian"
      std: 0.01
    }
    bias_filler {
      type: "constant"
      value: 0
    }
    engine: MKL2017
  }
}
layer {
  name: "relu1"
  type: "ReLU"
  bottom: "conv1"
  top: "conv1"
  relu_param {
    engine: MKL2017
  }
}
layer {
  name: "norm1"
  type: "LRN"
  bottom: "conv1"
  top: "norm1"
  lrn_param {
    local_size: 5
    alpha: 0.0001
    beta: 0.75
    engine: MKL2017
  }
}
layer {
  name: "pool1"
  type: "Pooling"
  bottom: "norm1"
  top: "pool1"
  pooling_param {
    pool: MAX
    kernel_size: 3
    stride: 2
    engine: MKL2017
  }
}
layer {
  name: "conv2"
  type: "Convolution"
  bottom: "pool1"
  top: "conv2"
  param {
    lr_mult: 1
    decay_mult: 1
  }
  param {
    lr_mult: 2
    decay_mult: 0
  }
  convolution_param {
    num_output: 256
    pad: 2
    kernel_size: 5
    group: 2
    weight_filler {
      type: "gaussian"
      std: 0.01
    }
    bias_filler {
      type: "constant"
      value: 0.1
    }
    engine: MKL2017
  }
}
layer {
  name: "relu2"
  type: "ReLU"
  bottom: "conv2"
  top: "conv2"
  relu_param {
    engine: MKL2017
  }
}
layer {
  name: "norm2"
  type: "LRN"
  bottom: "conv2"
  top: "norm2"
  lrn_param {
    local_size: 5
    alpha: 0.0001
    beta: 0.75
    engine: MKL2017
  }
}
layer {
  name: "pool2"
  type: "Pooling"
  bottom: "norm2"
  top: "pool2"
  pooling_param {
    pool: MAX
    kernel_size: 3
    stride: 2
    engine: MKL2017
  }
}
layer {
  name: "conv3"
  type: "Convolution"
  bottom: "pool2"
  top: "conv3"
  param {
    lr_mult: 1
    decay_mult: 1
  }
  param {
    lr_mult: 2
    decay_mult: 0
  }
  convolution_param {
    num_output: 384
    pad: 1
    kernel_size: 3
    weight_filler {
      type: "gaussian"
      std: 0.01
    }
    bias_filler {
      type: "constant"
      value: 0
    }
    engine: MKL2017
  }
}
layer {
  name: "relu3"
  type: "ReLU"
  bottom: "conv3"
  top: "conv3"
  relu_param {
    engine: MKL2017
  }
}
layer {
  name: "conv4"
  type: "Convolution"
  bottom: "conv3"
  top: "conv4"
  param {
    lr_mult: 1
    decay_mult: 1
  }
  param {
    lr_mult: 2
    decay_mult: 0
  }
  convolution_param {
    num_output: 384
    pad: 1
    kernel_size: 3
    group: 2
    weight_filler {
      type: "gaussian"
      std: 0.01
    }
    bias_filler {
      type: "constant"
      value: 0.1
    }
    engine: MKL2017
  }
}
layer {
  name: "relu4"
  type: "ReLU"
  bottom: "conv4"
  top: "conv4"
  relu_param {
    engine: MKL2017
  }
}
layer {
  name: "conv5"
  type: "Convolution"
  bottom: "conv4"
  top: "conv5"
  param {
    lr_mult: 1
    decay_mult: 1
  }
  param {
    lr_mult: 2
    decay_mult: 0
  }
  convolution_param {
    num_output: 256
    pad: 1
    kernel_size: 3
    group: 2
    weight_filler {
      type: "gaussian"
      std: 0.01
    }
    bias_filler {
      type: "constant"
      value: 0.1
    }
    engine: MKL2017
  }
}
layer {
  name: "relu5"
  type: "ReLU"
  bottom: "conv5"
  top: "conv5"
  relu_param {
    engine: MKL2017
  }
}
layer {
  name: "pool5"
  type: "Pooling"
  bottom: "conv5"
  top: "pool5"
  pooling_param {
    pool: MAX
    kernel_size: 3
    stride: 2
    engine: MKL2017
  }
}
layer {
  name: "fc6"
  type: "InnerProduct"
  bottom: "pool5"
  top: "fc6"
  param {
    lr_mult: 1
    decay_mult: 1
  }
  param {
    lr_mult: 2
    decay_mult: 0
  }
  inner_product_param {
    num_output: 4096
    weight_filler {
      type: "gaussian"
      std: 0.005
    }
    bias_filler {
      type: "constant"
      value: 0.1
    }
  }
}
layer {
  name: "relu6"
  type: "ReLU"
  bottom: "fc6"
  top: "fc6"
}
layer {
  name: "drop6"
  type: "Dropout"
  bottom: "fc6"
  top: "fc6"
  dropout_param {
    dropout_ratio: 0.5
  }
}
layer {
  name: "fc7"
  type: "InnerProduct"
  bottom: "fc6"
  top: "fc7"
  param {
    lr_mult: 1
    decay_mult: 1
  }
  param {
    lr_mult: 2
    decay_mult: 0
  }
  inner_product_param {
    num_output: 4096
    weight_filler {
      type: "gaussian"
      std: 0.005
    }
    bias_filler {
      type: "constant"
      value: 0.1
    }
  }
}
layer {
  name: "relu7"
  type: "ReLU"
  bottom: "fc7"
  top: "fc7"
}
layer {
  name: "drop7"
  type: "Dropout"
  bottom: "fc7"
  top: "fc7"
  dropout_param {
    dropout_ratio: 0.5
  }
}
layer {
  name: "fc8"
  type: "InnerProduct"
  bottom: "fc7"
  top: "fc8"
  param {
    lr_mult: 1
    decay_mult: 1
  }
  param {
    lr_mult: 2
    decay_mult: 0
  }
  inner_product_param {
    num_output: 1000
    weight_filler {
      type: "gaussian"
      std: 0.01
    }
    bias_filler {
      type: "constant"
      value: 0
    }
  }
}
layer {
  name: "loss"
  type: "SoftmaxWithLoss"
  bottom: "fc8"
  bottom: "label"
  top: "loss"
}
I1109 00:07:57.706321 138105 layer_factory.hpp:114] Creating layer data
I1109 00:07:57.853299 138105 net.cpp:160] Creating Layer data
I1109 00:07:57.901864 138105 net.cpp:570] data -> data
I1109 00:07:58.367013 138105 net.cpp:570] data -> label
I1109 00:08:05.389125 138105 net.cpp:210] Setting up data
I1109 00:08:05.472017 138105 net.cpp:217] Top shape: 32 3 227 227 (4946784)
I1109 00:08:05.577029 138105 net.cpp:217] Top shape: 32 1 1 1 (32)
I1109 00:08:05.584941 138105 net.cpp:225] Memory required for data: 19787264
I1109 00:08:05.654244 138105 layer_factory.hpp:114] Creating layer conv1
I1109 00:08:05.980303 138105 net.cpp:160] Creating Layer conv1
I1109 00:08:06.029875 138105 net.cpp:596] conv1 <- data
I1109 00:08:06.148408 138105 net.cpp:570] conv1 -> conv1
I1109 00:08:38.843832 138105 net.cpp:210] Setting up conv1
I1109 00:08:38.851538 138105 net.cpp:217] Top shape: 32 96 55 55 (9292800)
I1109 00:08:38.851964 138105 net.cpp:225] Memory required for data: 56958464
I1109 00:08:39.133616 138105 layer_factory.hpp:114] Creating layer relu1
I1109 00:08:39.253337 138105 net.cpp:160] Creating Layer relu1
I1109 00:08:39.257809 138105 net.cpp:596] relu1 <- conv1
I1109 00:08:39.289573 138105 net.cpp:557] relu1 -> conv1 (in-place)
I1109 00:08:39.476083 138105 net.cpp:210] Setting up relu1
I1109 00:08:39.478461 138105 net.cpp:217] Top shape: 32 96 55 55 (9292800)
I1109 00:08:39.478793 138105 net.cpp:225] Memory required for data: 94129664
I1109 00:08:39.478991 138105 layer_factory.hpp:114] Creating layer norm1
I1109 00:08:39.584364 138105 net.cpp:160] Creating Layer norm1
I1109 00:08:39.584700 138105 net.cpp:596] norm1 <- conv1
I1109 00:08:39.587512 138105 net.cpp:570] norm1 -> norm1
I1109 00:08:39.813889 138105 net.cpp:210] Setting up norm1
I1109 00:08:39.826650 138105 net.cpp:217] Top shape: 32 96 55 55 (9292800)
I1109 00:08:39.827028 138105 net.cpp:225] Memory required for data: 131300864
I1109 00:08:39.827356 138105 layer_factory.hpp:114] Creating layer pool1
I1109 00:08:39.921942 138105 net.cpp:160] Creating Layer pool1
I1109 00:08:39.922252 138105 net.cpp:596] pool1 <- norm1
I1109 00:08:39.936934 138105 net.cpp:570] pool1 -> pool1
I1109 00:08:40.235580 138105 net.cpp:210] Setting up pool1
I1109 00:08:40.238139 138105 net.cpp:217] Top shape: 32 96 27 27 (2239488)
I1109 00:08:40.238469 138105 net.cpp:225] Memory required for data: 140258816
I1109 00:08:40.238723 138105 layer_factory.hpp:114] Creating layer conv2
I1109 00:08:40.239094 138105 net.cpp:160] Creating Layer conv2
I1109 00:08:40.239338 138105 net.cpp:596] conv2 <- pool1
I1109 00:08:40.239574 138105 net.cpp:570] conv2 -> conv2
I1109 00:08:45.992660 138105 net.cpp:210] Setting up conv2
I1109 00:08:45.993036 138105 net.cpp:217] Top shape: 32 256 27 27 (5971968)
I1109 00:08:45.993502 138105 net.cpp:225] Memory required for data: 164146688
I1109 00:08:46.043599 138105 layer_factory.hpp:114] Creating layer relu2
I1109 00:08:46.044008 138105 net.cpp:160] Creating Layer relu2
I1109 00:08:46.044400 138105 net.cpp:596] relu2 <- conv2
I1109 00:08:46.044688 138105 net.cpp:557] relu2 -> conv2 (in-place)
I1109 00:08:46.045189 138105 net.cpp:210] Setting up relu2
I1109 00:08:46.045454 138105 net.cpp:217] Top shape: 32 256 27 27 (5971968)
I1109 00:08:46.045686 138105 net.cpp:225] Memory required for data: 188034560
I1109 00:08:46.045872 138105 layer_factory.hpp:114] Creating layer norm2
I1109 00:08:46.046115 138105 net.cpp:160] Creating Layer norm2
I1109 00:08:46.046317 138105 net.cpp:596] norm2 <- conv2
I1109 00:08:46.046577 138105 net.cpp:570] norm2 -> norm2
I1109 00:08:46.048624 138105 net.cpp:210] Setting up norm2
I1109 00:08:46.048979 138105 net.cpp:217] Top shape: 32 256 27 27 (5971968)
I1109 00:08:46.049216 138105 net.cpp:225] Memory required for data: 211922432
I1109 00:08:46.049399 138105 layer_factory.hpp:114] Creating layer pool2
I1109 00:08:46.049674 138105 net.cpp:160] Creating Layer pool2
I1109 00:08:46.049928 138105 net.cpp:596] pool2 <- norm2
I1109 00:08:46.050227 138105 net.cpp:570] pool2 -> pool2
I1109 00:08:46.050770 138105 net.cpp:210] Setting up pool2
I1109 00:08:46.051008 138105 net.cpp:217] Top shape: 32 256 13 13 (1384448)
I1109 00:08:46.051226 138105 net.cpp:225] Memory required for data: 217460224
I1109 00:08:46.051420 138105 layer_factory.hpp:114] Creating layer conv3
I1109 00:08:46.051744 138105 net.cpp:160] Creating Layer conv3
I1109 00:08:46.051959 138105 net.cpp:596] conv3 <- pool2
I1109 00:08:46.052196 138105 net.cpp:570] conv3 -> conv3
I1109 00:08:46.557006 138105 net.cpp:210] Setting up conv3
I1109 00:08:46.559361 138105 net.cpp:217] Top shape: 32 384 13 13 (2076672)
I1109 00:08:46.559705 138105 net.cpp:225] Memory required for data: 225766912
I1109 00:08:46.562690 138105 layer_factory.hpp:114] Creating layer relu3
I1109 00:08:46.563128 138105 net.cpp:160] Creating Layer relu3
I1109 00:08:46.563380 138105 net.cpp:596] relu3 <- conv3
I1109 00:08:46.563621 138105 net.cpp:557] relu3 -> conv3 (in-place)
I1109 00:08:46.567725 138105 net.cpp:210] Setting up relu3
I1109 00:08:46.568034 138105 net.cpp:217] Top shape: 32 384 13 13 (2076672)
I1109 00:08:46.568287 138105 net.cpp:225] Memory required for data: 234073600
I1109 00:08:46.568483 138105 layer_factory.hpp:114] Creating layer conv4
I1109 00:08:46.568886 138105 net.cpp:160] Creating Layer conv4
I1109 00:08:46.569277 138105 net.cpp:596] conv4 <- conv3
I1109 00:08:46.569589 138105 net.cpp:570] conv4 -> conv4
I1109 00:08:46.812029 138105 net.cpp:210] Setting up conv4
I1109 00:08:46.812422 138105 net.cpp:217] Top shape: 32 384 13 13 (2076672)
I1109 00:08:46.812857 138105 net.cpp:225] Memory required for data: 242380288
I1109 00:08:46.813217 138105 layer_factory.hpp:114] Creating layer relu4
I1109 00:08:46.813515 138105 net.cpp:160] Creating Layer relu4
I1109 00:08:46.813752 138105 net.cpp:596] relu4 <- conv4
I1109 00:08:46.813997 138105 net.cpp:557] relu4 -> conv4 (in-place)
I1109 00:08:46.826395 138105 net.cpp:210] Setting up relu4
I1109 00:08:46.826737 138105 net.cpp:217] Top shape: 32 384 13 13 (2076672)
I1109 00:08:46.827188 138105 net.cpp:225] Memory required for data: 250686976
I1109 00:08:46.827432 138105 layer_factory.hpp:114] Creating layer conv5
I1109 00:08:46.827805 138105 net.cpp:160] Creating Layer conv5
I1109 00:08:46.828053 138105 net.cpp:596] conv5 <- conv4
I1109 00:08:46.828307 138105 net.cpp:570] conv5 -> conv5
I1109 00:08:46.996471 138105 net.cpp:210] Setting up conv5
I1109 00:08:46.996930 138105 net.cpp:217] Top shape: 32 256 13 13 (1384448)
I1109 00:08:46.997340 138105 net.cpp:225] Memory required for data: 256224768
I1109 00:08:47.001994 138105 layer_factory.hpp:114] Creating layer relu5
I1109 00:08:47.004957 138105 net.cpp:160] Creating Layer relu5
I1109 00:08:47.005286 138105 net.cpp:596] relu5 <- conv5
I1109 00:08:47.005581 138105 net.cpp:557] relu5 -> conv5 (in-place)
I1109 00:08:47.006140 138105 net.cpp:210] Setting up relu5
I1109 00:08:47.006429 138105 net.cpp:217] Top shape: 32 256 13 13 (1384448)
I1109 00:08:47.006680 138105 net.cpp:225] Memory required for data: 261762560
I1109 00:08:47.006889 138105 layer_factory.hpp:114] Creating layer pool5
I1109 00:08:47.007153 138105 net.cpp:160] Creating Layer pool5
I1109 00:08:47.007369 138105 net.cpp:596] pool5 <- conv5
I1109 00:08:47.007597 138105 net.cpp:570] pool5 -> pool5
I1109 00:08:47.008039 138105 net.cpp:210] Setting up pool5
I1109 00:08:47.008309 138105 net.cpp:217] Top shape: 32 256 6 6 (294912)
I1109 00:08:47.008545 138105 net.cpp:225] Memory required for data: 262942208
I1109 00:08:47.008901 138105 layer_factory.hpp:114] Creating layer fc6
I1109 00:08:47.062954 138105 net.cpp:160] Creating Layer fc6
I1109 00:08:47.063263 138105 net.cpp:596] fc6 <- pool5
I1109 00:08:47.063639 138105 net.cpp:570] fc6 -> fc6
I1109 00:08:51.173081 138105 net.cpp:210] Setting up fc6
I1109 00:08:51.173375 138105 net.cpp:217] Top shape: 32 4096 (131072)
I1109 00:08:51.175422 138105 net.cpp:225] Memory required for data: 263466496
I1109 00:08:51.175734 138105 layer_factory.hpp:114] Creating layer relu6
I1109 00:08:51.178262 138105 net.cpp:160] Creating Layer relu6
I1109 00:08:51.178601 138105 net.cpp:596] relu6 <- fc6
I1109 00:08:51.178897 138105 net.cpp:557] relu6 -> fc6 (in-place)
I1109 00:08:51.179324 138105 net.cpp:210] Setting up relu6
I1109 00:08:51.179577 138105 net.cpp:217] Top shape: 32 4096 (131072)
I1109 00:08:51.179806 138105 net.cpp:225] Memory required for data: 263990784
I1109 00:08:51.179994 138105 layer_factory.hpp:114] Creating layer drop6
I1109 00:08:51.200276 138105 net.cpp:160] Creating Layer drop6
I1109 00:08:51.200589 138105 net.cpp:596] drop6 <- fc6
I1109 00:08:51.201035 138105 net.cpp:557] drop6 -> fc6 (in-place)
I1109 00:08:51.305613 138105 net.cpp:210] Setting up drop6
I1109 00:08:51.305907 138105 net.cpp:217] Top shape: 32 4096 (131072)
I1109 00:08:51.306251 138105 net.cpp:225] Memory required for data: 264515072
I1109 00:08:51.306498 138105 layer_factory.hpp:114] Creating layer fc7
I1109 00:08:51.306766 138105 net.cpp:160] Creating Layer fc7
I1109 00:08:51.306975 138105 net.cpp:596] fc7 <- fc6
I1109 00:08:51.307364 138105 net.cpp:570] fc7 -> fc7
I1109 00:08:53.029608 138105 net.cpp:210] Setting up fc7
I1109 00:08:53.029968 138105 net.cpp:217] Top shape: 32 4096 (131072)
I1109 00:08:53.030457 138105 net.cpp:225] Memory required for data: 265039360
I1109 00:08:53.030824 138105 layer_factory.hpp:114] Creating layer relu7
I1109 00:08:53.031154 138105 net.cpp:160] Creating Layer relu7
I1109 00:08:53.031409 138105 net.cpp:596] relu7 <- fc7
I1109 00:08:53.031661 138105 net.cpp:557] relu7 -> fc7 (in-place)
I1109 00:08:53.032109 138105 net.cpp:210] Setting up relu7
I1109 00:08:53.032397 138105 net.cpp:217] Top shape: 32 4096 (131072)
I1109 00:08:53.032652 138105 net.cpp:225] Memory required for data: 265563648
I1109 00:08:53.032954 138105 layer_factory.hpp:114] Creating layer drop7
I1109 00:08:53.033219 138105 net.cpp:160] Creating Layer drop7
I1109 00:08:53.033464 138105 net.cpp:596] drop7 <- fc7
I1109 00:08:53.033757 138105 net.cpp:557] drop7 -> fc7 (in-place)
I1109 00:08:53.034024 138105 net.cpp:210] Setting up drop7
I1109 00:08:53.034227 138105 net.cpp:217] Top shape: 32 4096 (131072)
I1109 00:08:53.034448 138105 net.cpp:225] Memory required for data: 266087936
I1109 00:08:53.034633 138105 layer_factory.hpp:114] Creating layer fc8
I1109 00:08:53.034911 138105 net.cpp:160] Creating Layer fc8
I1109 00:08:53.035122 138105 net.cpp:596] fc8 <- fc7
I1109 00:08:53.035351 138105 net.cpp:570] fc8 -> fc8
I1109 00:08:53.461021 138105 net.cpp:210] Setting up fc8
I1109 00:08:53.461375 138105 net.cpp:217] Top shape: 32 1000 (32000)
I1109 00:08:53.461881 138105 net.cpp:225] Memory required for data: 266215936
I1109 00:08:53.462189 138105 layer_factory.hpp:114] Creating layer loss
I1109 00:08:53.486910 138105 net.cpp:160] Creating Layer loss
I1109 00:08:53.487222 138105 net.cpp:596] loss <- fc8
I1109 00:08:53.488170 138105 net.cpp:596] loss <- label
I1109 00:08:53.515396 138105 net.cpp:570] loss -> loss
I1109 00:08:53.552968 138105 layer_factory.hpp:114] Creating layer loss
I1109 00:08:56.123536 138105 net.cpp:210] Setting up loss
I1109 00:08:56.173388 138105 net.cpp:217] Top shape: (1)
I1109 00:08:56.186175 138105 net.cpp:220]     with loss weight 1
I1109 00:08:56.319010 138105 net.cpp:225] Memory required for data: 266215940
I1109 00:08:56.358947 138105 net.cpp:287] loss needs backward computation.
I1109 00:08:56.445106 138105 net.cpp:287] fc8 needs backward computation.
I1109 00:08:56.452293 138105 net.cpp:287] drop7 needs backward computation.
I1109 00:08:56.463112 138105 net.cpp:287] relu7 needs backward computation.
I1109 00:08:56.463433 138105 net.cpp:287] fc7 needs backward computation.
I1109 00:08:56.465926 138105 net.cpp:287] drop6 needs backward computation.
I1109 00:08:56.466253 138105 net.cpp:287] relu6 needs backward computation.
I1109 00:08:56.466588 138105 net.cpp:287] fc6 needs backward computation.
I1109 00:08:56.467311 138105 net.cpp:287] pool5 needs backward computation.
I1109 00:08:56.468021 138105 net.cpp:287] relu5 needs backward computation.
I1109 00:08:56.468286 138105 net.cpp:287] conv5 needs backward computation.
I1109 00:08:56.468487 138105 net.cpp:287] relu4 needs backward computation.
I1109 00:08:56.468673 138105 net.cpp:287] conv4 needs backward computation.
I1109 00:08:56.468937 138105 net.cpp:287] relu3 needs backward computation.
I1109 00:08:56.469135 138105 net.cpp:287] conv3 needs backward computation.
I1109 00:08:56.481498 138105 net.cpp:287] pool2 needs backward computation.
I1109 00:08:56.481845 138105 net.cpp:287] norm2 needs backward computation.
I1109 00:08:56.482162 138105 net.cpp:287] relu2 needs backward computation.
I1109 00:08:56.482408 138105 net.cpp:287] conv2 needs backward computation.
I1109 00:08:56.482599 138105 net.cpp:287] pool1 needs backward computation.
I1109 00:08:56.482782 138105 net.cpp:287] norm1 needs backward computation.
I1109 00:08:56.482964 138105 net.cpp:287] relu1 needs backward computation.
I1109 00:08:56.483139 138105 net.cpp:287] conv1 needs backward computation.
I1109 00:08:56.495386 138105 net.cpp:289] data does not need backward computation.
I1109 00:08:56.519829 138105 net.cpp:331] This network produces output loss
I1109 00:08:56.590914 138105 net.cpp:345] Network initialization done.
I1109 00:08:56.760985 138105 caffe.cpp:452] Performing Forward
I1109 00:09:09.872315 138105 caffe.cpp:457] Initial loss: 6.80602
I1109 00:09:09.926271 138105 caffe.cpp:459] Performing Backward
I1109 00:09:14.833873 138105 caffe.cpp:468] *** Benchmark begins ***
I1109 00:09:14.844995 138105 caffe.cpp:469] Testing for 1 iterations.
I1109 00:09:14.991585 138105 caffe.cpp:482] Profiling Layer: conv5 forward
I1109 00:09:17.481252 138105 caffe.cpp:512] Iteration: 1 forward-backward time: 2477 ms.
I1109 00:09:17.637631 138105 caffe.cpp:519] Average time per layer: 
I1109 00:09:17.654851 138105 caffe.cpp:522]       data	forward: 570.126 ms.
I1109 00:09:17.728432 138105 caffe.cpp:526]       data	backward: 4.913 ms.
I1109 00:09:17.754508 138105 caffe.cpp:522]      conv1	forward: 130.593 ms.
I1109 00:09:17.768118 138105 caffe.cpp:526]      conv1	backward: 54.039 ms.
I1109 00:09:17.774565 138105 caffe.cpp:522]      relu1	forward: 13.697 ms.
I1109 00:09:17.783383 138105 caffe.cpp:526]      relu1	backward: 16.666 ms.
I1109 00:09:17.792910 138105 caffe.cpp:522]      norm1	forward: 29.607 ms.
I1109 00:09:17.802880 138105 caffe.cpp:526]      norm1	backward: 16.563 ms.
I1109 00:09:17.811590 138105 caffe.cpp:522]      pool1	forward: 17.767 ms.
I1109 00:09:17.819725 138105 caffe.cpp:526]      pool1	backward: 88.187 ms.
I1109 00:09:17.829257 138105 caffe.cpp:522]      conv2	forward: 66.382 ms.
I1109 00:09:17.830572 138105 caffe.cpp:526]      conv2	backward: 88.231 ms.
I1109 00:09:17.830843 138105 caffe.cpp:522]      relu2	forward: 18.113 ms.
I1109 00:09:17.831037 138105 caffe.cpp:526]      relu2	backward: 29.66 ms.
I1109 00:09:17.831229 138105 caffe.cpp:522]      norm2	forward: 23.646 ms.
I1109 00:09:17.831421 138105 caffe.cpp:526]      norm2	backward: 14.23 ms.
I1109 00:09:17.831612 138105 caffe.cpp:522]      pool2	forward: 15.69 ms.
I1109 00:09:17.831802 138105 caffe.cpp:526]      pool2	backward: 68.768 ms.
I1109 00:09:17.832028 138105 caffe.cpp:522]      conv3	forward: 33.958 ms.
I1109 00:09:17.832232 138105 caffe.cpp:526]      conv3	backward: 94.346 ms.
I1109 00:09:17.832520 138105 caffe.cpp:522]      relu3	forward: 22.61 ms.
I1109 00:09:17.832758 138105 caffe.cpp:526]      relu3	backward: 41.761 ms.
I1109 00:09:17.833055 138105 caffe.cpp:522]      conv4	forward: 33.398 ms.
I1109 00:09:17.833245 138105 caffe.cpp:526]      conv4	backward: 80.963 ms.
I1109 00:09:17.833436 138105 caffe.cpp:522]      relu4	forward: 16.313 ms.
I1109 00:09:17.833626 138105 caffe.cpp:526]      relu4	backward: 34.898 ms.
I1109 00:09:17.833817 138105 caffe.cpp:522]      conv5	forward: 44.603 ms.
I1109 00:09:17.834007 138105 caffe.cpp:526]      conv5	backward: 69.257 ms.
I1109 00:09:17.834198 138105 caffe.cpp:522]      relu5	forward: 19.305 ms.
I1109 00:09:17.834389 138105 caffe.cpp:526]      relu5	backward: 16.173 ms.
I1109 00:09:17.834579 138105 caffe.cpp:522]      pool5	forward: 10.038 ms.
I1109 00:09:17.837148 138105 caffe.cpp:526]      pool5	backward: 61.357 ms.
I1109 00:09:17.837399 138105 caffe.cpp:522]        fc6	forward: 52.12 ms.
I1109 00:09:17.837595 138105 caffe.cpp:526]        fc6	backward: 56.999 ms.
I1109 00:09:17.837831 138105 caffe.cpp:522]      relu6	forward: 30.929 ms.
I1109 00:09:17.838091 138105 caffe.cpp:526]      relu6	backward: 0.091 ms.
I1109 00:09:17.840672 138105 caffe.cpp:522]      drop6	forward: 30.542 ms.
I1109 00:09:17.841017 138105 caffe.cpp:526]      drop6	backward: 0.093 ms.
I1109 00:09:17.841279 138105 caffe.cpp:522]        fc7	forward: 15.848 ms.
I1109 00:09:17.841549 138105 caffe.cpp:526]        fc7	backward: 63.253 ms.
I1109 00:09:17.841779 138105 caffe.cpp:522]      relu7	forward: 15.56 ms.
I1109 00:09:17.841971 138105 caffe.cpp:526]      relu7	backward: 0.092 ms.
I1109 00:09:17.842161 138105 caffe.cpp:522]      drop7	forward: 34.451 ms.
I1109 00:09:17.842352 138105 caffe.cpp:526]      drop7	backward: 0.096 ms.
I1109 00:09:17.842541 138105 caffe.cpp:522]        fc8	forward: 20.389 ms.
I1109 00:09:17.842732 138105 caffe.cpp:526]        fc8	backward: 103.253 ms.
I1109 00:09:17.842924 138105 caffe.cpp:522]       loss	forward: 54.531 ms.
I1109 00:09:17.843149 138105 caffe.cpp:526]       loss	backward: 57.966 ms.
I1109 00:09:17.848584 138105 caffe.cpp:532] Average Forward pass: 1379.99 ms.
I1109 00:09:17.861805 138105 caffe.cpp:535] Average Backward pass: 1070.55 ms.
I1109 00:09:17.872627 138105 caffe.cpp:537] Average Forward-Backward: 2957 ms.
I1109 00:09:17.887521 138105 caffe.cpp:540] Total Time: 2957 ms.
I1109 00:09:17.900378 138105 caffe.cpp:541] *** Benchmark ends ***
Search stanza is "EMIT_GLOBAL_DYNAMIC_STATS"
elements_fp_single_1 = 2
elements_fp_single_4 = 0
elements_fp_single_8 = 0
elements_fp_single_16 = 270194688
elements_fp_double_1 = 0
elements_fp_double_2 = 0
elements_fp_double_4 = 0
elements_fp_double_8 = 0
--->Total single-precision FLOPs = 4323115010
--->Total double-precision FLOPs = 0
--->Total FLOPs = 4323115010
mem-read-1 = 45996
mem-read-2 = 75
mem-read-4 = 135939904
mem-read-8 = 3746432
mem-read-16 = 0
mem-read-32 = 2
mem-read-64 = 28337413
mem-write-1 = 114
mem-write-2 = 34
mem-write-4 = 81249
mem-write-8 = 2115920
mem-write-16 = 0
mem-write-32 = 2
mem-write-64 = 1297696
--->Total Bytes read = 2387371714
--->Total Bytes written = 100305146
--->Total Bytes = 2487676860
