sde64 -knl -d -iform 1 -omix sde_knl/knl_sde_layer7_dir1.out.mix -global_region -start_ssc_mark 111:repeat -stop_ssc_mark 222:repeat -- /project/projectdirs/mpccc/tmalas/intelcaffe/install_carl/bin/caffe time -model=src/models/mkl2017_alexnet/train_val.prototxt -iterations=1 -prof_layer=7 -prof_forward_direction=1
I1108 23:33:10.965839 136200 caffe.cpp:444] Use CPU.
I1108 23:33:27.840581 136200 cpu_info.cpp:452] Processor speed [MHz]: 1400
I1108 23:33:27.896409 136200 cpu_info.cpp:455] Total number of sockets: 1
I1108 23:33:27.908488 136200 cpu_info.cpp:458] Total number of CPU cores: 68
I1108 23:33:27.921042 136200 cpu_info.cpp:461] Total number of processors: 272
I1108 23:33:27.932044 136200 cpu_info.cpp:464] GPU is used: no
I1108 23:33:27.941155 136200 cpu_info.cpp:467] OpenMP environmental variables are specified: yes
I1108 23:33:27.949961 136200 cpu_info.cpp:470] OpenMP thread bind allowed: no
I1108 23:33:27.960986 136200 cpu_info.cpp:473] Number of OpenMP threads: 16
I1108 23:33:36.693640 136200 net.cpp:484] The NetState phase (0) differed from the phase (1) specified by a rule in layer data
I1108 23:33:36.726241 136200 net.cpp:484] The NetState phase (0) differed from the phase (1) specified by a rule in layer accuracy
I1108 23:33:37.363250 136200 net.cpp:120] Initializing net from parameters: 
name: "AlexNet"
state {
  phase: TRAIN
  level: 0
  stage: ""
}
layer {
  name: "data"
  type: "DummyData"
  top: "data"
  top: "label"
  include {
    phase: TRAIN
  }
  dummy_data_param {
    data_filler {
      type: "gaussian"
      std: 1
    }
    data_filler {
      type: "constant"
      value: 0
    }
    shape {
      dim: 32
      dim: 3
      dim: 227
      dim: 227
    }
    shape {
      dim: 32
      dim: 1
      dim: 1
      dim: 1
    }
  }
}
layer {
  name: "conv1"
  type: "Convolution"
  bottom: "data"
  top: "conv1"
  param {
    lr_mult: 1
    decay_mult: 1
  }
  param {
    lr_mult: 2
    decay_mult: 0
  }
  convolution_param {
    num_output: 96
    kernel_size: 11
    stride: 4
    weight_filler {
      type: "gaussian"
      std: 0.01
    }
    bias_filler {
      type: "constant"
      value: 0
    }
    engine: MKL2017
  }
}
layer {
  name: "relu1"
  type: "ReLU"
  bottom: "conv1"
  top: "conv1"
  relu_param {
    engine: MKL2017
  }
}
layer {
  name: "norm1"
  type: "LRN"
  bottom: "conv1"
  top: "norm1"
  lrn_param {
    local_size: 5
    alpha: 0.0001
    beta: 0.75
    engine: MKL2017
  }
}
layer {
  name: "pool1"
  type: "Pooling"
  bottom: "norm1"
  top: "pool1"
  pooling_param {
    pool: MAX
    kernel_size: 3
    stride: 2
    engine: MKL2017
  }
}
layer {
  name: "conv2"
  type: "Convolution"
  bottom: "pool1"
  top: "conv2"
  param {
    lr_mult: 1
    decay_mult: 1
  }
  param {
    lr_mult: 2
    decay_mult: 0
  }
  convolution_param {
    num_output: 256
    pad: 2
    kernel_size: 5
    group: 2
    weight_filler {
      type: "gaussian"
      std: 0.01
    }
    bias_filler {
      type: "constant"
      value: 0.1
    }
    engine: MKL2017
  }
}
layer {
  name: "relu2"
  type: "ReLU"
  bottom: "conv2"
  top: "conv2"
  relu_param {
    engine: MKL2017
  }
}
layer {
  name: "norm2"
  type: "LRN"
  bottom: "conv2"
  top: "norm2"
  lrn_param {
    local_size: 5
    alpha: 0.0001
    beta: 0.75
    engine: MKL2017
  }
}
layer {
  name: "pool2"
  type: "Pooling"
  bottom: "norm2"
  top: "pool2"
  pooling_param {
    pool: MAX
    kernel_size: 3
    stride: 2
    engine: MKL2017
  }
}
layer {
  name: "conv3"
  type: "Convolution"
  bottom: "pool2"
  top: "conv3"
  param {
    lr_mult: 1
    decay_mult: 1
  }
  param {
    lr_mult: 2
    decay_mult: 0
  }
  convolution_param {
    num_output: 384
    pad: 1
    kernel_size: 3
    weight_filler {
      type: "gaussian"
      std: 0.01
    }
    bias_filler {
      type: "constant"
      value: 0
    }
    engine: MKL2017
  }
}
layer {
  name: "relu3"
  type: "ReLU"
  bottom: "conv3"
  top: "conv3"
  relu_param {
    engine: MKL2017
  }
}
layer {
  name: "conv4"
  type: "Convolution"
  bottom: "conv3"
  top: "conv4"
  param {
    lr_mult: 1
    decay_mult: 1
  }
  param {
    lr_mult: 2
    decay_mult: 0
  }
  convolution_param {
    num_output: 384
    pad: 1
    kernel_size: 3
    group: 2
    weight_filler {
      type: "gaussian"
      std: 0.01
    }
    bias_filler {
      type: "constant"
      value: 0.1
    }
    engine: MKL2017
  }
}
layer {
  name: "relu4"
  type: "ReLU"
  bottom: "conv4"
  top: "conv4"
  relu_param {
    engine: MKL2017
  }
}
layer {
  name: "conv5"
  type: "Convolution"
  bottom: "conv4"
  top: "conv5"
  param {
    lr_mult: 1
    decay_mult: 1
  }
  param {
    lr_mult: 2
    decay_mult: 0
  }
  convolution_param {
    num_output: 256
    pad: 1
    kernel_size: 3
    group: 2
    weight_filler {
      type: "gaussian"
      std: 0.01
    }
    bias_filler {
      type: "constant"
      value: 0.1
    }
    engine: MKL2017
  }
}
layer {
  name: "relu5"
  type: "ReLU"
  bottom: "conv5"
  top: "conv5"
  relu_param {
    engine: MKL2017
  }
}
layer {
  name: "pool5"
  type: "Pooling"
  bottom: "conv5"
  top: "pool5"
  pooling_param {
    pool: MAX
    kernel_size: 3
    stride: 2
    engine: MKL2017
  }
}
layer {
  name: "fc6"
  type: "InnerProduct"
  bottom: "pool5"
  top: "fc6"
  param {
    lr_mult: 1
    decay_mult: 1
  }
  param {
    lr_mult: 2
    decay_mult: 0
  }
  inner_product_param {
    num_output: 4096
    weight_filler {
      type: "gaussian"
      std: 0.005
    }
    bias_filler {
      type: "constant"
      value: 0.1
    }
  }
}
layer {
  name: "relu6"
  type: "ReLU"
  bottom: "fc6"
  top: "fc6"
}
layer {
  name: "drop6"
  type: "Dropout"
  bottom: "fc6"
  top: "fc6"
  dropout_param {
    dropout_ratio: 0.5
  }
}
layer {
  name: "fc7"
  type: "InnerProduct"
  bottom: "fc6"
  top: "fc7"
  param {
    lr_mult: 1
    decay_mult: 1
  }
  param {
    lr_mult: 2
    decay_mult: 0
  }
  inner_product_param {
    num_output: 4096
    weight_filler {
      type: "gaussian"
      std: 0.005
    }
    bias_filler {
      type: "constant"
      value: 0.1
    }
  }
}
layer {
  name: "relu7"
  type: "ReLU"
  bottom: "fc7"
  top: "fc7"
}
layer {
  name: "drop7"
  type: "Dropout"
  bottom: "fc7"
  top: "fc7"
  dropout_param {
    dropout_ratio: 0.5
  }
}
layer {
  name: "fc8"
  type: "InnerProduct"
  bottom: "fc7"
  top: "fc8"
  param {
    lr_mult: 1
    decay_mult: 1
  }
  param {
    lr_mult: 2
    decay_mult: 0
  }
  inner_product_param {
    num_output: 1000
    weight_filler {
      type: "gaussian"
      std: 0.01
    }
    bias_filler {
      type: "constant"
      value: 0
    }
  }
}
layer {
  name: "loss"
  type: "SoftmaxWithLoss"
  bottom: "fc8"
  bottom: "label"
  top: "loss"
}
I1108 23:33:39.809267 136200 layer_factory.hpp:114] Creating layer data
I1108 23:33:39.957386 136200 net.cpp:160] Creating Layer data
I1108 23:33:40.005403 136200 net.cpp:570] data -> data
I1108 23:33:40.474656 136200 net.cpp:570] data -> label
I1108 23:33:47.514199 136200 net.cpp:210] Setting up data
I1108 23:33:47.594912 136200 net.cpp:217] Top shape: 32 3 227 227 (4946784)
I1108 23:33:47.699923 136200 net.cpp:217] Top shape: 32 1 1 1 (32)
I1108 23:33:47.707167 136200 net.cpp:225] Memory required for data: 19787264
I1108 23:33:47.774557 136200 layer_factory.hpp:114] Creating layer conv1
I1108 23:33:48.103922 136200 net.cpp:160] Creating Layer conv1
I1108 23:33:48.153722 136200 net.cpp:596] conv1 <- data
I1108 23:33:48.272475 136200 net.cpp:570] conv1 -> conv1
I1108 23:34:21.469156 136200 net.cpp:210] Setting up conv1
I1108 23:34:21.475579 136200 net.cpp:217] Top shape: 32 96 55 55 (9292800)
I1108 23:34:21.475951 136200 net.cpp:225] Memory required for data: 56958464
I1108 23:34:21.759156 136200 layer_factory.hpp:114] Creating layer relu1
I1108 23:34:21.881623 136200 net.cpp:160] Creating Layer relu1
I1108 23:34:21.886256 136200 net.cpp:596] relu1 <- conv1
I1108 23:34:21.919867 136200 net.cpp:557] relu1 -> conv1 (in-place)
I1108 23:34:22.109496 136200 net.cpp:210] Setting up relu1
I1108 23:34:22.111873 136200 net.cpp:217] Top shape: 32 96 55 55 (9292800)
I1108 23:34:22.112206 136200 net.cpp:225] Memory required for data: 94129664
I1108 23:34:22.112442 136200 layer_factory.hpp:114] Creating layer norm1
I1108 23:34:22.217115 136200 net.cpp:160] Creating Layer norm1
I1108 23:34:22.217460 136200 net.cpp:596] norm1 <- conv1
I1108 23:34:22.220015 136200 net.cpp:570] norm1 -> norm1
I1108 23:34:22.443984 136200 net.cpp:210] Setting up norm1
I1108 23:34:22.456771 136200 net.cpp:217] Top shape: 32 96 55 55 (9292800)
I1108 23:34:22.457191 136200 net.cpp:225] Memory required for data: 131300864
I1108 23:34:22.457489 136200 layer_factory.hpp:114] Creating layer pool1
I1108 23:34:22.550849 136200 net.cpp:160] Creating Layer pool1
I1108 23:34:22.551162 136200 net.cpp:596] pool1 <- norm1
I1108 23:34:22.566001 136200 net.cpp:570] pool1 -> pool1
I1108 23:34:22.872593 136200 net.cpp:210] Setting up pool1
I1108 23:34:22.875124 136200 net.cpp:217] Top shape: 32 96 27 27 (2239488)
I1108 23:34:22.875481 136200 net.cpp:225] Memory required for data: 140258816
I1108 23:34:22.875699 136200 layer_factory.hpp:114] Creating layer conv2
I1108 23:34:22.876088 136200 net.cpp:160] Creating Layer conv2
I1108 23:34:22.876307 136200 net.cpp:596] conv2 <- pool1
I1108 23:34:22.876536 136200 net.cpp:570] conv2 -> conv2
I1108 23:34:28.657194 136200 net.cpp:210] Setting up conv2
I1108 23:34:28.657527 136200 net.cpp:217] Top shape: 32 256 27 27 (5971968)
I1108 23:34:28.657917 136200 net.cpp:225] Memory required for data: 164146688
I1108 23:34:28.708454 136200 layer_factory.hpp:114] Creating layer relu2
I1108 23:34:28.708976 136200 net.cpp:160] Creating Layer relu2
I1108 23:34:28.709309 136200 net.cpp:596] relu2 <- conv2
I1108 23:34:28.709578 136200 net.cpp:557] relu2 -> conv2 (in-place)
I1108 23:34:28.710062 136200 net.cpp:210] Setting up relu2
I1108 23:34:28.710347 136200 net.cpp:217] Top shape: 32 256 27 27 (5971968)
I1108 23:34:28.710593 136200 net.cpp:225] Memory required for data: 188034560
I1108 23:34:28.710793 136200 layer_factory.hpp:114] Creating layer norm2
I1108 23:34:28.711050 136200 net.cpp:160] Creating Layer norm2
I1108 23:34:28.711266 136200 net.cpp:596] norm2 <- conv2
I1108 23:34:28.711524 136200 net.cpp:570] norm2 -> norm2
I1108 23:34:28.713685 136200 net.cpp:210] Setting up norm2
I1108 23:34:28.713994 136200 net.cpp:217] Top shape: 32 256 27 27 (5971968)
I1108 23:34:28.714263 136200 net.cpp:225] Memory required for data: 211922432
I1108 23:34:28.714483 136200 layer_factory.hpp:114] Creating layer pool2
I1108 23:34:28.715466 136200 net.cpp:160] Creating Layer pool2
I1108 23:34:28.715749 136200 net.cpp:596] pool2 <- norm2
I1108 23:34:28.715989 136200 net.cpp:570] pool2 -> pool2
I1108 23:34:28.716387 136200 net.cpp:210] Setting up pool2
I1108 23:34:28.716629 136200 net.cpp:217] Top shape: 32 256 13 13 (1384448)
I1108 23:34:28.716930 136200 net.cpp:225] Memory required for data: 217460224
I1108 23:34:28.717152 136200 layer_factory.hpp:114] Creating layer conv3
I1108 23:34:28.717687 136200 net.cpp:160] Creating Layer conv3
I1108 23:34:28.718025 136200 net.cpp:596] conv3 <- pool2
I1108 23:34:28.718266 136200 net.cpp:570] conv3 -> conv3
I1108 23:34:29.195520 136200 net.cpp:210] Setting up conv3
I1108 23:34:29.197897 136200 net.cpp:217] Top shape: 32 384 13 13 (2076672)
I1108 23:34:29.198247 136200 net.cpp:225] Memory required for data: 225766912
I1108 23:34:29.201287 136200 layer_factory.hpp:114] Creating layer relu3
I1108 23:34:29.201699 136200 net.cpp:160] Creating Layer relu3
I1108 23:34:29.201962 136200 net.cpp:596] relu3 <- conv3
I1108 23:34:29.202216 136200 net.cpp:557] relu3 -> conv3 (in-place)
I1108 23:34:29.206374 136200 net.cpp:210] Setting up relu3
I1108 23:34:29.206688 136200 net.cpp:217] Top shape: 32 384 13 13 (2076672)
I1108 23:34:29.206950 136200 net.cpp:225] Memory required for data: 234073600
I1108 23:34:29.207157 136200 layer_factory.hpp:114] Creating layer conv4
I1108 23:34:29.207538 136200 net.cpp:160] Creating Layer conv4
I1108 23:34:29.207809 136200 net.cpp:596] conv4 <- conv3
I1108 23:34:29.208070 136200 net.cpp:570] conv4 -> conv4
I1108 23:34:29.448298 136200 net.cpp:210] Setting up conv4
I1108 23:34:29.448686 136200 net.cpp:217] Top shape: 32 384 13 13 (2076672)
I1108 23:34:29.449131 136200 net.cpp:225] Memory required for data: 242380288
I1108 23:34:29.449465 136200 layer_factory.hpp:114] Creating layer relu4
I1108 23:34:29.449769 136200 net.cpp:160] Creating Layer relu4
I1108 23:34:29.450002 136200 net.cpp:596] relu4 <- conv4
I1108 23:34:29.450254 136200 net.cpp:557] relu4 -> conv4 (in-place)
I1108 23:34:29.462384 136200 net.cpp:210] Setting up relu4
I1108 23:34:29.462725 136200 net.cpp:217] Top shape: 32 384 13 13 (2076672)
I1108 23:34:29.463096 136200 net.cpp:225] Memory required for data: 250686976
I1108 23:34:29.463340 136200 layer_factory.hpp:114] Creating layer conv5
I1108 23:34:29.463706 136200 net.cpp:160] Creating Layer conv5
I1108 23:34:29.463939 136200 net.cpp:596] conv5 <- conv4
I1108 23:34:29.464181 136200 net.cpp:570] conv5 -> conv5
I1108 23:34:29.659462 136200 net.cpp:210] Setting up conv5
I1108 23:34:29.659855 136200 net.cpp:217] Top shape: 32 256 13 13 (1384448)
I1108 23:34:29.660297 136200 net.cpp:225] Memory required for data: 256224768
I1108 23:34:29.664988 136200 layer_factory.hpp:114] Creating layer relu5
I1108 23:34:29.665402 136200 net.cpp:160] Creating Layer relu5
I1108 23:34:29.665681 136200 net.cpp:596] relu5 <- conv5
I1108 23:34:29.665951 136200 net.cpp:557] relu5 -> conv5 (in-place)
I1108 23:34:29.666406 136200 net.cpp:210] Setting up relu5
I1108 23:34:29.666697 136200 net.cpp:217] Top shape: 32 256 13 13 (1384448)
I1108 23:34:29.666949 136200 net.cpp:225] Memory required for data: 261762560
I1108 23:34:29.667165 136200 layer_factory.hpp:114] Creating layer pool5
I1108 23:34:29.667469 136200 net.cpp:160] Creating Layer pool5
I1108 23:34:29.667696 136200 net.cpp:596] pool5 <- conv5
I1108 23:34:29.667994 136200 net.cpp:570] pool5 -> pool5
I1108 23:34:29.668427 136200 net.cpp:210] Setting up pool5
I1108 23:34:29.668685 136200 net.cpp:217] Top shape: 32 256 6 6 (294912)
I1108 23:34:29.668990 136200 net.cpp:225] Memory required for data: 262942208
I1108 23:34:29.669186 136200 layer_factory.hpp:114] Creating layer fc6
I1108 23:34:29.723719 136200 net.cpp:160] Creating Layer fc6
I1108 23:34:29.724030 136200 net.cpp:596] fc6 <- pool5
I1108 23:34:29.724396 136200 net.cpp:570] fc6 -> fc6
I1108 23:34:33.815064 136200 net.cpp:210] Setting up fc6
I1108 23:34:33.815369 136200 net.cpp:217] Top shape: 32 4096 (131072)
I1108 23:34:33.817534 136200 net.cpp:225] Memory required for data: 263466496
I1108 23:34:33.817873 136200 layer_factory.hpp:114] Creating layer relu6
I1108 23:34:33.820320 136200 net.cpp:160] Creating Layer relu6
I1108 23:34:33.820616 136200 net.cpp:596] relu6 <- fc6
I1108 23:34:33.820883 136200 net.cpp:557] relu6 -> fc6 (in-place)
I1108 23:34:33.821322 136200 net.cpp:210] Setting up relu6
I1108 23:34:33.821580 136200 net.cpp:217] Top shape: 32 4096 (131072)
I1108 23:34:33.821802 136200 net.cpp:225] Memory required for data: 263990784
I1108 23:34:33.821985 136200 layer_factory.hpp:114] Creating layer drop6
I1108 23:34:33.841861 136200 net.cpp:160] Creating Layer drop6
I1108 23:34:33.842165 136200 net.cpp:596] drop6 <- fc6
I1108 23:34:33.842556 136200 net.cpp:557] drop6 -> fc6 (in-place)
I1108 23:34:33.947190 136200 net.cpp:210] Setting up drop6
I1108 23:34:33.947484 136200 net.cpp:217] Top shape: 32 4096 (131072)
I1108 23:34:33.947821 136200 net.cpp:225] Memory required for data: 264515072
I1108 23:34:33.948058 136200 layer_factory.hpp:114] Creating layer fc7
I1108 23:34:33.948323 136200 net.cpp:160] Creating Layer fc7
I1108 23:34:33.948530 136200 net.cpp:596] fc7 <- fc6
I1108 23:34:33.948956 136200 net.cpp:570] fc7 -> fc7
I1108 23:34:35.660156 136200 net.cpp:210] Setting up fc7
I1108 23:34:35.660511 136200 net.cpp:217] Top shape: 32 4096 (131072)
I1108 23:34:35.660992 136200 net.cpp:225] Memory required for data: 265039360
I1108 23:34:35.661406 136200 layer_factory.hpp:114] Creating layer relu7
I1108 23:34:35.661761 136200 net.cpp:160] Creating Layer relu7
I1108 23:34:35.662020 136200 net.cpp:596] relu7 <- fc7
I1108 23:34:35.662289 136200 net.cpp:557] relu7 -> fc7 (in-place)
I1108 23:34:35.662755 136200 net.cpp:210] Setting up relu7
I1108 23:34:35.663074 136200 net.cpp:217] Top shape: 32 4096 (131072)
I1108 23:34:35.663339 136200 net.cpp:225] Memory required for data: 265563648
I1108 23:34:35.663558 136200 layer_factory.hpp:114] Creating layer drop7
I1108 23:34:35.663842 136200 net.cpp:160] Creating Layer drop7
I1108 23:34:35.664055 136200 net.cpp:596] drop7 <- fc7
I1108 23:34:35.664306 136200 net.cpp:557] drop7 -> fc7 (in-place)
I1108 23:34:35.664587 136200 net.cpp:210] Setting up drop7
I1108 23:34:35.664841 136200 net.cpp:217] Top shape: 32 4096 (131072)
I1108 23:34:35.665083 136200 net.cpp:225] Memory required for data: 266087936
I1108 23:34:35.665274 136200 layer_factory.hpp:114] Creating layer fc8
I1108 23:34:35.665530 136200 net.cpp:160] Creating Layer fc8
I1108 23:34:35.665730 136200 net.cpp:596] fc8 <- fc7
I1108 23:34:35.665997 136200 net.cpp:570] fc8 -> fc8
I1108 23:34:36.088194 136200 net.cpp:210] Setting up fc8
I1108 23:34:36.088547 136200 net.cpp:217] Top shape: 32 1000 (32000)
I1108 23:34:36.089009 136200 net.cpp:225] Memory required for data: 266215936
I1108 23:34:36.089324 136200 layer_factory.hpp:114] Creating layer loss
I1108 23:34:36.114132 136200 net.cpp:160] Creating Layer loss
I1108 23:34:36.114445 136200 net.cpp:596] loss <- fc8
I1108 23:34:36.115386 136200 net.cpp:596] loss <- label
I1108 23:34:36.142833 136200 net.cpp:570] loss -> loss
I1108 23:34:36.180752 136200 layer_factory.hpp:114] Creating layer loss
I1108 23:34:38.755259 136200 net.cpp:210] Setting up loss
I1108 23:34:38.810443 136200 net.cpp:217] Top shape: (1)
I1108 23:34:38.820009 136200 net.cpp:220]     with loss weight 1
I1108 23:34:38.953586 136200 net.cpp:225] Memory required for data: 266215940
I1108 23:34:38.996632 136200 net.cpp:287] loss needs backward computation.
I1108 23:34:39.085683 136200 net.cpp:287] fc8 needs backward computation.
I1108 23:34:39.093225 136200 net.cpp:287] drop7 needs backward computation.
I1108 23:34:39.104473 136200 net.cpp:287] relu7 needs backward computation.
I1108 23:34:39.104856 136200 net.cpp:287] fc7 needs backward computation.
I1108 23:34:39.107429 136200 net.cpp:287] drop6 needs backward computation.
I1108 23:34:39.107832 136200 net.cpp:287] relu6 needs backward computation.
I1108 23:34:39.108129 136200 net.cpp:287] fc6 needs backward computation.
I1108 23:34:39.108855 136200 net.cpp:287] pool5 needs backward computation.
I1108 23:34:39.109629 136200 net.cpp:287] relu5 needs backward computation.
I1108 23:34:39.109904 136200 net.cpp:287] conv5 needs backward computation.
I1108 23:34:39.110141 136200 net.cpp:287] relu4 needs backward computation.
I1108 23:34:39.110368 136200 net.cpp:287] conv4 needs backward computation.
I1108 23:34:39.110679 136200 net.cpp:287] relu3 needs backward computation.
I1108 23:34:39.110910 136200 net.cpp:287] conv3 needs backward computation.
I1108 23:34:39.123452 136200 net.cpp:287] pool2 needs backward computation.
I1108 23:34:39.123805 136200 net.cpp:287] norm2 needs backward computation.
I1108 23:34:39.124176 136200 net.cpp:287] relu2 needs backward computation.
I1108 23:34:39.124415 136200 net.cpp:287] conv2 needs backward computation.
I1108 23:34:39.124603 136200 net.cpp:287] pool1 needs backward computation.
I1108 23:34:39.124816 136200 net.cpp:287] norm1 needs backward computation.
I1108 23:34:39.125005 136200 net.cpp:287] relu1 needs backward computation.
I1108 23:34:39.125180 136200 net.cpp:287] conv1 needs backward computation.
I1108 23:34:39.137658 136200 net.cpp:289] data does not need backward computation.
I1108 23:34:39.163208 136200 net.cpp:331] This network produces output loss
I1108 23:34:39.235715 136200 net.cpp:345] Network initialization done.
I1108 23:34:39.404011 136200 caffe.cpp:452] Performing Forward
I1108 23:34:52.331758 136200 caffe.cpp:457] Initial loss: 7.00284
I1108 23:34:52.386672 136200 caffe.cpp:459] Performing Backward
I1108 23:34:57.132597 136200 caffe.cpp:468] *** Benchmark begins ***
I1108 23:34:57.140506 136200 caffe.cpp:469] Testing for 1 iterations.
I1108 23:34:57.288321 136200 caffe.cpp:482] Profiling Layer: norm2 forward
I1108 23:34:59.512948 136200 caffe.cpp:512] Iteration: 1 forward-backward time: 2215 ms.
I1108 23:34:59.675557 136200 caffe.cpp:519] Average time per layer: 
I1108 23:34:59.692878 136200 caffe.cpp:522]       data	forward: 547.358 ms.
I1108 23:34:59.767884 136200 caffe.cpp:526]       data	backward: 3.619 ms.
I1108 23:34:59.783711 136200 caffe.cpp:522]      conv1	forward: 141.954 ms.
I1108 23:34:59.788957 136200 caffe.cpp:526]      conv1	backward: 21.319 ms.
I1108 23:34:59.793292 136200 caffe.cpp:522]      relu1	forward: 17.063 ms.
I1108 23:34:59.794335 136200 caffe.cpp:526]      relu1	backward: 1.031 ms.
I1108 23:34:59.794652 136200 caffe.cpp:522]      norm1	forward: 23.45 ms.
I1108 23:34:59.794996 136200 caffe.cpp:526]      norm1	backward: 3.105 ms.
I1108 23:34:59.795202 136200 caffe.cpp:522]      pool1	forward: 21.565 ms.
I1108 23:34:59.795400 136200 caffe.cpp:526]      pool1	backward: 35.682 ms.
I1108 23:34:59.795598 136200 caffe.cpp:522]      conv2	forward: 63.185 ms.
I1108 23:34:59.795791 136200 caffe.cpp:526]      conv2	backward: 31.486 ms.
I1108 23:34:59.795984 136200 caffe.cpp:522]      relu2	forward: 18.213 ms.
I1108 23:34:59.796176 136200 caffe.cpp:526]      relu2	backward: 0.735 ms.
I1108 23:34:59.796366 136200 caffe.cpp:522]      norm2	forward: 29.269 ms.
I1108 23:34:59.796557 136200 caffe.cpp:526]      norm2	backward: 2.316 ms.
I1108 23:34:59.796744 136200 caffe.cpp:522]      pool2	forward: 13.348 ms.
I1108 23:34:59.797025 136200 caffe.cpp:526]      pool2	backward: 22.345 ms.
I1108 23:34:59.797264 136200 caffe.cpp:522]      conv3	forward: 38.982 ms.
I1108 23:34:59.797533 136200 caffe.cpp:526]      conv3	backward: 36.28 ms.
I1108 23:34:59.797731 136200 caffe.cpp:522]      relu3	forward: 11.197 ms.
I1108 23:34:59.797926 136200 caffe.cpp:526]      relu3	backward: 0.811 ms.
I1108 23:34:59.798118 136200 caffe.cpp:522]      conv4	forward: 35.093 ms.
I1108 23:34:59.798310 136200 caffe.cpp:526]      conv4	backward: 59.631 ms.
I1108 23:34:59.798501 136200 caffe.cpp:522]      relu4	forward: 17.213 ms.
I1108 23:34:59.798693 136200 caffe.cpp:526]      relu4	backward: 53.958 ms.
I1108 23:34:59.798883 136200 caffe.cpp:522]      conv5	forward: 30.292 ms.
I1108 23:34:59.799075 136200 caffe.cpp:526]      conv5	backward: 63.291 ms.
I1108 23:34:59.799266 136200 caffe.cpp:522]      relu5	forward: 19.506 ms.
I1108 23:34:59.799489 136200 caffe.cpp:526]      relu5	backward: 11.446 ms.
I1108 23:34:59.799695 136200 caffe.cpp:522]      pool5	forward: 17.749 ms.
I1108 23:34:59.799942 136200 caffe.cpp:526]      pool5	backward: 54.334 ms.
I1108 23:34:59.800254 136200 caffe.cpp:522]        fc6	forward: 49.391 ms.
I1108 23:34:59.800449 136200 caffe.cpp:526]        fc6	backward: 89.165 ms.
I1108 23:34:59.801270 136200 caffe.cpp:522]      relu6	forward: 15.456 ms.
I1108 23:34:59.801501 136200 caffe.cpp:526]      relu6	backward: 13.175 ms.
I1108 23:34:59.801697 136200 caffe.cpp:522]      drop6	forward: 32.171 ms.
I1108 23:34:59.801890 136200 caffe.cpp:526]      drop6	backward: 14.091 ms.
I1108 23:34:59.802083 136200 caffe.cpp:522]        fc7	forward: 13.518 ms.
I1108 23:34:59.802273 136200 caffe.cpp:526]        fc7	backward: 92.655 ms.
I1108 23:34:59.802464 136200 caffe.cpp:522]      relu7	forward: 12.899 ms.
I1108 23:34:59.802655 136200 caffe.cpp:526]      relu7	backward: 9.999 ms.
I1108 23:34:59.803642 136200 caffe.cpp:522]      drop7	forward: 45.89 ms.
I1108 23:34:59.803899 136200 caffe.cpp:526]      drop7	backward: 12.31 ms.
I1108 23:34:59.804128 136200 caffe.cpp:522]        fc8	forward: 15.711 ms.
I1108 23:34:59.804322 136200 caffe.cpp:526]        fc8	backward: 124.304 ms.
I1108 23:34:59.804517 136200 caffe.cpp:522]       loss	forward: 59.131 ms.
I1108 23:34:59.804708 136200 caffe.cpp:526]       loss	backward: 77.492 ms.
I1108 23:34:59.810405 136200 caffe.cpp:532] Average Forward pass: 1346.94 ms.
I1108 23:34:59.823614 136200 caffe.cpp:535] Average Backward pass: 843.824 ms.
I1108 23:34:59.834424 136200 caffe.cpp:537] Average Forward-Backward: 2629 ms.
I1108 23:34:59.849220 136200 caffe.cpp:540] Total Time: 2629 ms.
I1108 23:34:59.861557 136200 caffe.cpp:541] *** Benchmark ends ***
Search stanza is "EMIT_GLOBAL_DYNAMIC_STATS"
elements_fp_single_1 = 1
elements_fp_single_4 = 0
elements_fp_single_8 = 0
elements_fp_single_16 = 11570688
elements_fp_double_1 = 0
elements_fp_double_2 = 373248
elements_fp_double_4 = 0
elements_fp_double_8 = 0
--->Total single-precision FLOPs = 185131009
--->Total double-precision FLOPs = 746496
--->Total FLOPs = 185877505
mem-read-1 = 24492
mem-read-2 = 34
mem-read-4 = 4767667
mem-read-8 = 779065
mem-read-16 = 0
mem-read-32 = 1
mem-read-64 = 1819588
mem-write-1 = 50
mem-write-2 = 17
mem-write-4 = 59640
mem-write-8 = 40686
mem-write-16 = 0
mem-write-32 = 1
mem-write-64 = 2262818
--->Total Bytes read = 141781412
--->Total Bytes written = 145384516
--->Total Bytes = 287165928
