/project/projectdirs/mpccc/tmalas/intelcaffe/install_carl/bin/caffe time -model=src/models/mkl2017_alexnet/train_val.prototxt -iterations=100
I1108 22:52:56.885267 135167 caffe.cpp:444] Use CPU.
I1108 22:52:56.934800 135167 cpu_info.cpp:452] Processor speed [MHz]: 1400
I1108 22:52:56.934876 135167 cpu_info.cpp:455] Total number of sockets: 1
I1108 22:52:56.934895 135167 cpu_info.cpp:458] Total number of CPU cores: 68
I1108 22:52:56.934911 135167 cpu_info.cpp:461] Total number of processors: 272
I1108 22:52:56.934926 135167 cpu_info.cpp:464] GPU is used: no
I1108 22:52:56.934940 135167 cpu_info.cpp:467] OpenMP environmental variables are specified: yes
I1108 22:52:56.934954 135167 cpu_info.cpp:470] OpenMP thread bind allowed: no
I1108 22:52:56.934968 135167 cpu_info.cpp:473] Number of OpenMP threads: 64
I1108 22:52:56.970516 135167 net.cpp:484] The NetState phase (0) differed from the phase (1) specified by a rule in layer data
I1108 22:52:56.970613 135167 net.cpp:484] The NetState phase (0) differed from the phase (1) specified by a rule in layer accuracy
I1108 22:52:56.970980 135167 net.cpp:120] Initializing net from parameters: 
name: "AlexNet"
state {
  phase: TRAIN
  level: 0
  stage: ""
}
layer {
  name: "data"
  type: "DummyData"
  top: "data"
  top: "label"
  include {
    phase: TRAIN
  }
  dummy_data_param {
    data_filler {
      type: "gaussian"
      std: 1
    }
    data_filler {
      type: "constant"
      value: 0
    }
    shape {
      dim: 32
      dim: 3
      dim: 227
      dim: 227
    }
    shape {
      dim: 32
      dim: 1
      dim: 1
      dim: 1
    }
  }
}
layer {
  name: "conv1"
  type: "Convolution"
  bottom: "data"
  top: "conv1"
  param {
    lr_mult: 1
    decay_mult: 1
  }
  param {
    lr_mult: 2
    decay_mult: 0
  }
  convolution_param {
    num_output: 96
    kernel_size: 11
    stride: 4
    weight_filler {
      type: "gaussian"
      std: 0.01
    }
    bias_filler {
      type: "constant"
      value: 0
    }
    engine: MKL2017
  }
}
layer {
  name: "relu1"
  type: "ReLU"
  bottom: "conv1"
  top: "conv1"
  relu_param {
    engine: MKL2017
  }
}
layer {
  name: "norm1"
  type: "LRN"
  bottom: "conv1"
  top: "norm1"
  lrn_param {
    local_size: 5
    alpha: 0.0001
    beta: 0.75
    engine: MKL2017
  }
}
layer {
  name: "pool1"
  type: "Pooling"
  bottom: "norm1"
  top: "pool1"
  pooling_param {
    pool: MAX
    kernel_size: 3
    stride: 2
    engine: MKL2017
  }
}
layer {
  name: "conv2"
  type: "Convolution"
  bottom: "pool1"
  top: "conv2"
  param {
    lr_mult: 1
    decay_mult: 1
  }
  param {
    lr_mult: 2
    decay_mult: 0
  }
  convolution_param {
    num_output: 256
    pad: 2
    kernel_size: 5
    group: 2
    weight_filler {
      type: "gaussian"
      std: 0.01
    }
    bias_filler {
      type: "constant"
      value: 0.1
    }
    engine: MKL2017
  }
}
layer {
  name: "relu2"
  type: "ReLU"
  bottom: "conv2"
  top: "conv2"
  relu_param {
    engine: MKL2017
  }
}
layer {
  name: "norm2"
  type: "LRN"
  bottom: "conv2"
  top: "norm2"
  lrn_param {
    local_size: 5
    alpha: 0.0001
    beta: 0.75
    engine: MKL2017
  }
}
layer {
  name: "pool2"
  type: "Pooling"
  bottom: "norm2"
  top: "pool2"
  pooling_param {
    pool: MAX
    kernel_size: 3
    stride: 2
    engine: MKL2017
  }
}
layer {
  name: "conv3"
  type: "Convolution"
  bottom: "pool2"
  top: "conv3"
  param {
    lr_mult: 1
    decay_mult: 1
  }
  param {
    lr_mult: 2
    decay_mult: 0
  }
  convolution_param {
    num_output: 384
    pad: 1
    kernel_size: 3
    weight_filler {
      type: "gaussian"
      std: 0.01
    }
    bias_filler {
      type: "constant"
      value: 0
    }
    engine: MKL2017
  }
}
layer {
  name: "relu3"
  type: "ReLU"
  bottom: "conv3"
  top: "conv3"
  relu_param {
    engine: MKL2017
  }
}
layer {
  name: "conv4"
  type: "Convolution"
  bottom: "conv3"
  top: "conv4"
  param {
    lr_mult: 1
    decay_mult: 1
  }
  param {
    lr_mult: 2
    decay_mult: 0
  }
  convolution_param {
    num_output: 384
    pad: 1
    kernel_size: 3
    group: 2
    weight_filler {
      type: "gaussian"
      std: 0.01
    }
    bias_filler {
      type: "constant"
      value: 0.1
    }
    engine: MKL2017
  }
}
layer {
  name: "relu4"
  type: "ReLU"
  bottom: "conv4"
  top: "conv4"
  relu_param {
    engine: MKL2017
  }
}
layer {
  name: "conv5"
  type: "Convolution"
  bottom: "conv4"
  top: "conv5"
  param {
    lr_mult: 1
    decay_mult: 1
  }
  param {
    lr_mult: 2
    decay_mult: 0
  }
  convolution_param {
    num_output: 256
    pad: 1
    kernel_size: 3
    group: 2
    weight_filler {
      type: "gaussian"
      std: 0.01
    }
    bias_filler {
      type: "constant"
      value: 0.1
    }
    engine: MKL2017
  }
}
layer {
  name: "relu5"
  type: "ReLU"
  bottom: "conv5"
  top: "conv5"
  relu_param {
    engine: MKL2017
  }
}
layer {
  name: "pool5"
  type: "Pooling"
  bottom: "conv5"
  top: "pool5"
  pooling_param {
    pool: MAX
    kernel_size: 3
    stride: 2
    engine: MKL2017
  }
}
layer {
  name: "fc6"
  type: "InnerProduct"
  bottom: "pool5"
  top: "fc6"
  param {
    lr_mult: 1
    decay_mult: 1
  }
  param {
    lr_mult: 2
    decay_mult: 0
  }
  inner_product_param {
    num_output: 4096
    weight_filler {
      type: "gaussian"
      std: 0.005
    }
    bias_filler {
      type: "constant"
      value: 0.1
    }
  }
}
layer {
  name: "relu6"
  type: "ReLU"
  bottom: "fc6"
  top: "fc6"
}
layer {
  name: "drop6"
  type: "Dropout"
  bottom: "fc6"
  top: "fc6"
  dropout_param {
    dropout_ratio: 0.5
  }
}
layer {
  name: "fc7"
  type: "InnerProduct"
  bottom: "fc6"
  top: "fc7"
  param {
    lr_mult: 1
    decay_mult: 1
  }
  param {
    lr_mult: 2
    decay_mult: 0
  }
  inner_product_param {
    num_output: 4096
    weight_filler {
      type: "gaussian"
      std: 0.005
    }
    bias_filler {
      type: "constant"
      value: 0.1
    }
  }
}
layer {
  name: "relu7"
  type: "ReLU"
  bottom: "fc7"
  top: "fc7"
}
layer {
  name: "drop7"
  type: "Dropout"
  bottom: "fc7"
  top: "fc7"
  dropout_param {
    dropout_ratio: 0.5
  }
}
layer {
  name: "fc8"
  type: "InnerProduct"
  bottom: "fc7"
  top: "fc8"
  param {
    lr_mult: 1
    decay_mult: 1
  }
  param {
    lr_mult: 2
    decay_mult: 0
  }
  inner_product_param {
    num_output: 1000
    weight_filler {
      type: "gaussian"
      std: 0.01
    }
    bias_filler {
      type: "constant"
      value: 0
    }
  }
}
layer {
  name: "loss"
  type: "SoftmaxWithLoss"
  bottom: "fc8"
  bottom: "label"
  top: "loss"
}
I1108 22:52:56.974145 135167 layer_factory.hpp:114] Creating layer data
I1108 22:52:56.974210 135167 net.cpp:160] Creating Layer data
I1108 22:52:56.974242 135167 net.cpp:570] data -> data
I1108 22:52:56.974297 135167 net.cpp:570] data -> label
I1108 22:52:56.998416 135167 net.cpp:210] Setting up data
I1108 22:52:56.998505 135167 net.cpp:217] Top shape: 32 3 227 227 (4946784)
I1108 22:52:56.998561 135167 net.cpp:217] Top shape: 32 1 1 1 (32)
I1108 22:52:56.998594 135167 net.cpp:225] Memory required for data: 19787264
I1108 22:52:56.998626 135167 layer_factory.hpp:114] Creating layer conv1
I1108 22:52:56.998724 135167 net.cpp:160] Creating Layer conv1
I1108 22:52:56.998754 135167 net.cpp:596] conv1 <- data
I1108 22:52:56.998803 135167 net.cpp:570] conv1 -> conv1
I1108 22:52:57.090262 135167 net.cpp:210] Setting up conv1
I1108 22:52:57.090335 135167 net.cpp:217] Top shape: 32 96 55 55 (9292800)
I1108 22:52:57.090374 135167 net.cpp:225] Memory required for data: 56958464
I1108 22:52:57.090461 135167 layer_factory.hpp:114] Creating layer relu1
I1108 22:52:57.090519 135167 net.cpp:160] Creating Layer relu1
I1108 22:52:57.090539 135167 net.cpp:596] relu1 <- conv1
I1108 22:52:57.090571 135167 net.cpp:557] relu1 -> conv1 (in-place)
I1108 22:52:57.090665 135167 net.cpp:210] Setting up relu1
I1108 22:52:57.090687 135167 net.cpp:217] Top shape: 32 96 55 55 (9292800)
I1108 22:52:57.090711 135167 net.cpp:225] Memory required for data: 94129664
I1108 22:52:57.090731 135167 layer_factory.hpp:114] Creating layer norm1
I1108 22:52:57.090782 135167 net.cpp:160] Creating Layer norm1
I1108 22:52:57.090801 135167 net.cpp:596] norm1 <- conv1
I1108 22:52:57.090828 135167 net.cpp:570] norm1 -> norm1
I1108 22:52:57.090894 135167 net.cpp:210] Setting up norm1
I1108 22:52:57.090914 135167 net.cpp:217] Top shape: 32 96 55 55 (9292800)
I1108 22:52:57.091017 135167 net.cpp:225] Memory required for data: 131300864
I1108 22:52:57.091040 135167 layer_factory.hpp:114] Creating layer pool1
I1108 22:52:57.091083 135167 net.cpp:160] Creating Layer pool1
I1108 22:52:57.091101 135167 net.cpp:596] pool1 <- norm1
I1108 22:52:57.091137 135167 net.cpp:570] pool1 -> pool1
I1108 22:52:57.091222 135167 net.cpp:210] Setting up pool1
I1108 22:52:57.091245 135167 net.cpp:217] Top shape: 32 96 27 27 (2239488)
I1108 22:52:57.091271 135167 net.cpp:225] Memory required for data: 140258816
I1108 22:52:57.091290 135167 layer_factory.hpp:114] Creating layer conv2
I1108 22:52:57.091356 135167 net.cpp:160] Creating Layer conv2
I1108 22:52:57.091374 135167 net.cpp:596] conv2 <- pool1
I1108 22:52:57.091404 135167 net.cpp:570] conv2 -> conv2
I1108 22:52:57.195849 135167 net.cpp:210] Setting up conv2
I1108 22:52:57.195945 135167 net.cpp:217] Top shape: 32 256 27 27 (5971968)
I1108 22:52:57.195988 135167 net.cpp:225] Memory required for data: 164146688
I1108 22:52:57.196058 135167 layer_factory.hpp:114] Creating layer relu2
I1108 22:52:57.196123 135167 net.cpp:160] Creating Layer relu2
I1108 22:52:57.196151 135167 net.cpp:596] relu2 <- conv2
I1108 22:52:57.196221 135167 net.cpp:557] relu2 -> conv2 (in-place)
I1108 22:52:57.196326 135167 net.cpp:210] Setting up relu2
I1108 22:52:57.196413 135167 net.cpp:217] Top shape: 32 256 27 27 (5971968)
I1108 22:52:57.196444 135167 net.cpp:225] Memory required for data: 188034560
I1108 22:52:57.196466 135167 layer_factory.hpp:114] Creating layer norm2
I1108 22:52:57.196507 135167 net.cpp:160] Creating Layer norm2
I1108 22:52:57.196528 135167 net.cpp:596] norm2 <- conv2
I1108 22:52:57.196585 135167 net.cpp:570] norm2 -> norm2
I1108 22:52:57.196651 135167 net.cpp:210] Setting up norm2
I1108 22:52:57.196672 135167 net.cpp:217] Top shape: 32 256 27 27 (5971968)
I1108 22:52:57.196697 135167 net.cpp:225] Memory required for data: 211922432
I1108 22:52:57.196717 135167 layer_factory.hpp:114] Creating layer pool2
I1108 22:52:57.196815 135167 net.cpp:160] Creating Layer pool2
I1108 22:52:57.196843 135167 net.cpp:596] pool2 <- norm2
I1108 22:52:57.196873 135167 net.cpp:570] pool2 -> pool2
I1108 22:52:57.196949 135167 net.cpp:210] Setting up pool2
I1108 22:52:57.196970 135167 net.cpp:217] Top shape: 32 256 13 13 (1384448)
I1108 22:52:57.196996 135167 net.cpp:225] Memory required for data: 217460224
I1108 22:52:57.197016 135167 layer_factory.hpp:114] Creating layer conv3
I1108 22:52:57.197094 135167 net.cpp:160] Creating Layer conv3
I1108 22:52:57.197115 135167 net.cpp:596] conv3 <- pool2
I1108 22:52:57.197165 135167 net.cpp:570] conv3 -> conv3
I1108 22:52:57.299602 135167 net.cpp:210] Setting up conv3
I1108 22:52:57.299698 135167 net.cpp:217] Top shape: 32 384 13 13 (2076672)
I1108 22:52:57.299746 135167 net.cpp:225] Memory required for data: 225766912
I1108 22:52:57.299816 135167 layer_factory.hpp:114] Creating layer relu3
I1108 22:52:57.299943 135167 net.cpp:160] Creating Layer relu3
I1108 22:52:57.299983 135167 net.cpp:596] relu3 <- conv3
I1108 22:52:57.300029 135167 net.cpp:557] relu3 -> conv3 (in-place)
I1108 22:52:57.300137 135167 net.cpp:210] Setting up relu3
I1108 22:52:57.300173 135167 net.cpp:217] Top shape: 32 384 13 13 (2076672)
I1108 22:52:57.300209 135167 net.cpp:225] Memory required for data: 234073600
I1108 22:52:57.300262 135167 layer_factory.hpp:114] Creating layer conv4
I1108 22:52:57.300362 135167 net.cpp:160] Creating Layer conv4
I1108 22:52:57.300393 135167 net.cpp:596] conv4 <- conv3
I1108 22:52:57.300433 135167 net.cpp:570] conv4 -> conv4
I1108 22:52:57.392406 135167 net.cpp:210] Setting up conv4
I1108 22:52:57.392498 135167 net.cpp:217] Top shape: 32 384 13 13 (2076672)
I1108 22:52:57.392542 135167 net.cpp:225] Memory required for data: 242380288
I1108 22:52:57.392606 135167 layer_factory.hpp:114] Creating layer relu4
I1108 22:52:57.392683 135167 net.cpp:160] Creating Layer relu4
I1108 22:52:57.392752 135167 net.cpp:596] relu4 <- conv4
I1108 22:52:57.392834 135167 net.cpp:557] relu4 -> conv4 (in-place)
I1108 22:52:57.392951 135167 net.cpp:210] Setting up relu4
I1108 22:52:57.393129 135167 net.cpp:217] Top shape: 32 384 13 13 (2076672)
I1108 22:52:57.393172 135167 net.cpp:225] Memory required for data: 250686976
I1108 22:52:57.393203 135167 layer_factory.hpp:114] Creating layer conv5
I1108 22:52:57.393329 135167 net.cpp:160] Creating Layer conv5
I1108 22:52:57.393359 135167 net.cpp:596] conv5 <- conv4
I1108 22:52:57.393401 135167 net.cpp:570] conv5 -> conv5
I1108 22:52:57.468238 135167 net.cpp:210] Setting up conv5
I1108 22:52:57.468333 135167 net.cpp:217] Top shape: 32 256 13 13 (1384448)
I1108 22:52:57.468382 135167 net.cpp:225] Memory required for data: 256224768
I1108 22:52:57.468461 135167 layer_factory.hpp:114] Creating layer relu5
I1108 22:52:57.468577 135167 net.cpp:160] Creating Layer relu5
I1108 22:52:57.468617 135167 net.cpp:596] relu5 <- conv5
I1108 22:52:57.468662 135167 net.cpp:557] relu5 -> conv5 (in-place)
I1108 22:52:57.468860 135167 net.cpp:210] Setting up relu5
I1108 22:52:57.468905 135167 net.cpp:217] Top shape: 32 256 13 13 (1384448)
I1108 22:52:57.468940 135167 net.cpp:225] Memory required for data: 261762560
I1108 22:52:57.468964 135167 layer_factory.hpp:114] Creating layer pool5
I1108 22:52:57.469013 135167 net.cpp:160] Creating Layer pool5
I1108 22:52:57.469035 135167 net.cpp:596] pool5 <- conv5
I1108 22:52:57.469069 135167 net.cpp:570] pool5 -> pool5
I1108 22:52:57.469166 135167 net.cpp:210] Setting up pool5
I1108 22:52:57.469192 135167 net.cpp:217] Top shape: 32 256 6 6 (294912)
I1108 22:52:57.469221 135167 net.cpp:225] Memory required for data: 262942208
I1108 22:52:57.469244 135167 layer_factory.hpp:114] Creating layer fc6
I1108 22:52:57.469327 135167 net.cpp:160] Creating Layer fc6
I1108 22:52:57.469353 135167 net.cpp:596] fc6 <- pool5
I1108 22:52:57.469391 135167 net.cpp:570] fc6 -> fc6
I1108 22:52:59.230203 135167 net.cpp:210] Setting up fc6
I1108 22:52:59.230324 135167 net.cpp:217] Top shape: 32 4096 (131072)
I1108 22:52:59.230370 135167 net.cpp:225] Memory required for data: 263466496
I1108 22:52:59.230454 135167 layer_factory.hpp:114] Creating layer relu6
I1108 22:52:59.230589 135167 net.cpp:160] Creating Layer relu6
I1108 22:52:59.230628 135167 net.cpp:596] relu6 <- fc6
I1108 22:52:59.230682 135167 net.cpp:557] relu6 -> fc6 (in-place)
I1108 22:52:59.230803 135167 net.cpp:210] Setting up relu6
I1108 22:52:59.230829 135167 net.cpp:217] Top shape: 32 4096 (131072)
I1108 22:52:59.230888 135167 net.cpp:225] Memory required for data: 263990784
I1108 22:52:59.230912 135167 layer_factory.hpp:114] Creating layer drop6
I1108 22:52:59.230969 135167 net.cpp:160] Creating Layer drop6
I1108 22:52:59.230993 135167 net.cpp:596] drop6 <- fc6
I1108 22:52:59.231024 135167 net.cpp:557] drop6 -> fc6 (in-place)
I1108 22:52:59.231075 135167 net.cpp:210] Setting up drop6
I1108 22:52:59.231093 135167 net.cpp:217] Top shape: 32 4096 (131072)
I1108 22:52:59.231118 135167 net.cpp:225] Memory required for data: 264515072
I1108 22:52:59.231137 135167 layer_factory.hpp:114] Creating layer fc7
I1108 22:52:59.231195 135167 net.cpp:160] Creating Layer fc7
I1108 22:52:59.231217 135167 net.cpp:596] fc7 <- fc6
I1108 22:52:59.231254 135167 net.cpp:570] fc7 -> fc7
I1108 22:53:00.016641 135167 net.cpp:210] Setting up fc7
I1108 22:53:00.016765 135167 net.cpp:217] Top shape: 32 4096 (131072)
I1108 22:53:00.016880 135167 net.cpp:225] Memory required for data: 265039360
I1108 22:53:00.016973 135167 layer_factory.hpp:114] Creating layer relu7
I1108 22:53:00.017082 135167 net.cpp:160] Creating Layer relu7
I1108 22:53:00.017129 135167 net.cpp:596] relu7 <- fc7
I1108 22:53:00.017179 135167 net.cpp:557] relu7 -> fc7 (in-place)
I1108 22:53:00.017302 135167 net.cpp:210] Setting up relu7
I1108 22:53:00.017331 135167 net.cpp:217] Top shape: 32 4096 (131072)
I1108 22:53:00.017364 135167 net.cpp:225] Memory required for data: 265563648
I1108 22:53:00.017390 135167 layer_factory.hpp:114] Creating layer drop7
I1108 22:53:00.017438 135167 net.cpp:160] Creating Layer drop7
I1108 22:53:00.017459 135167 net.cpp:596] drop7 <- fc7
I1108 22:53:00.017490 135167 net.cpp:557] drop7 -> fc7 (in-place)
I1108 22:53:00.017623 135167 net.cpp:210] Setting up drop7
I1108 22:53:00.017648 135167 net.cpp:217] Top shape: 32 4096 (131072)
I1108 22:53:00.017676 135167 net.cpp:225] Memory required for data: 266087936
I1108 22:53:00.017699 135167 layer_factory.hpp:114] Creating layer fc8
I1108 22:53:00.017761 135167 net.cpp:160] Creating Layer fc8
I1108 22:53:00.017786 135167 net.cpp:596] fc8 <- fc7
I1108 22:53:00.017824 135167 net.cpp:570] fc8 -> fc8
I1108 22:53:00.210005 135167 net.cpp:210] Setting up fc8
I1108 22:53:00.210121 135167 net.cpp:217] Top shape: 32 1000 (32000)
I1108 22:53:00.210163 135167 net.cpp:225] Memory required for data: 266215936
I1108 22:53:00.210239 135167 layer_factory.hpp:114] Creating layer loss
I1108 22:53:00.210348 135167 net.cpp:160] Creating Layer loss
I1108 22:53:00.210389 135167 net.cpp:596] loss <- fc8
I1108 22:53:00.210425 135167 net.cpp:596] loss <- label
I1108 22:53:00.210501 135167 net.cpp:570] loss -> loss
I1108 22:53:00.210574 135167 layer_factory.hpp:114] Creating layer loss
I1108 22:53:00.241024 135167 net.cpp:210] Setting up loss
I1108 22:53:00.241112 135167 net.cpp:217] Top shape: (1)
I1108 22:53:00.241163 135167 net.cpp:220]     with loss weight 1
I1108 22:53:00.241297 135167 net.cpp:225] Memory required for data: 266215940
I1108 22:53:00.241346 135167 net.cpp:287] loss needs backward computation.
I1108 22:53:00.241385 135167 net.cpp:287] fc8 needs backward computation.
I1108 22:53:00.241416 135167 net.cpp:287] drop7 needs backward computation.
I1108 22:53:00.241454 135167 net.cpp:287] relu7 needs backward computation.
I1108 22:53:00.241482 135167 net.cpp:287] fc7 needs backward computation.
I1108 22:53:00.241516 135167 net.cpp:287] drop6 needs backward computation.
I1108 22:53:00.241540 135167 net.cpp:287] relu6 needs backward computation.
I1108 22:53:00.241561 135167 net.cpp:287] fc6 needs backward computation.
I1108 22:53:00.241582 135167 net.cpp:287] pool5 needs backward computation.
I1108 22:53:00.241605 135167 net.cpp:287] relu5 needs backward computation.
I1108 22:53:00.241632 135167 net.cpp:287] conv5 needs backward computation.
I1108 22:53:00.241657 135167 net.cpp:287] relu4 needs backward computation.
I1108 22:53:00.241684 135167 net.cpp:287] conv4 needs backward computation.
I1108 22:53:00.241705 135167 net.cpp:287] relu3 needs backward computation.
I1108 22:53:00.241731 135167 net.cpp:287] conv3 needs backward computation.
I1108 22:53:00.241755 135167 net.cpp:287] pool2 needs backward computation.
I1108 22:53:00.241778 135167 net.cpp:287] norm2 needs backward computation.
I1108 22:53:00.241799 135167 net.cpp:287] relu2 needs backward computation.
I1108 22:53:00.241818 135167 net.cpp:287] conv2 needs backward computation.
I1108 22:53:00.241838 135167 net.cpp:287] pool1 needs backward computation.
I1108 22:53:00.241858 135167 net.cpp:287] norm1 needs backward computation.
I1108 22:53:00.241883 135167 net.cpp:287] relu1 needs backward computation.
I1108 22:53:00.241906 135167 net.cpp:287] conv1 needs backward computation.
I1108 22:53:00.241927 135167 net.cpp:289] data does not need backward computation.
I1108 22:53:00.241946 135167 net.cpp:331] This network produces output loss
I1108 22:53:00.242003 135167 net.cpp:345] Network initialization done.
I1108 22:53:00.242419 135167 caffe.cpp:452] Performing Forward
I1108 22:53:00.609964 135167 caffe.cpp:457] Initial loss: 7.00151
I1108 22:53:00.610067 135167 caffe.cpp:459] Performing Backward
I1108 22:53:00.726815 135167 caffe.cpp:468] *** Benchmark begins ***
I1108 22:53:00.726897 135167 caffe.cpp:469] Testing for 100 iterations.
I1108 22:53:01.043684 135167 caffe.cpp:512] Iteration: 1 forward-backward time: 316 ms.
I1108 22:53:01.363595 135167 caffe.cpp:512] Iteration: 2 forward-backward time: 319 ms.
I1108 22:53:01.681140 135167 caffe.cpp:512] Iteration: 3 forward-backward time: 317 ms.
I1108 22:53:02.005935 135167 caffe.cpp:512] Iteration: 4 forward-backward time: 324 ms.
I1108 22:53:02.325573 135167 caffe.cpp:512] Iteration: 5 forward-backward time: 319 ms.
I1108 22:53:02.653828 135167 caffe.cpp:512] Iteration: 6 forward-backward time: 328 ms.
I1108 22:53:02.972903 135167 caffe.cpp:512] Iteration: 7 forward-backward time: 318 ms.
I1108 22:53:03.293689 135167 caffe.cpp:512] Iteration: 8 forward-backward time: 320 ms.
I1108 22:53:03.612887 135167 caffe.cpp:512] Iteration: 9 forward-backward time: 319 ms.
I1108 22:53:03.937922 135167 caffe.cpp:512] Iteration: 10 forward-backward time: 324 ms.
I1108 22:53:04.258951 135167 caffe.cpp:512] Iteration: 11 forward-backward time: 320 ms.
I1108 22:53:04.581430 135167 caffe.cpp:512] Iteration: 12 forward-backward time: 322 ms.
I1108 22:53:04.900372 135167 caffe.cpp:512] Iteration: 13 forward-backward time: 318 ms.
I1108 22:53:05.220268 135167 caffe.cpp:512] Iteration: 14 forward-backward time: 319 ms.
I1108 22:53:05.546219 135167 caffe.cpp:512] Iteration: 15 forward-backward time: 325 ms.
I1108 22:53:05.862151 135167 caffe.cpp:512] Iteration: 16 forward-backward time: 315 ms.
I1108 22:53:06.178242 135167 caffe.cpp:512] Iteration: 17 forward-backward time: 316 ms.
I1108 22:53:06.498348 135167 caffe.cpp:512] Iteration: 18 forward-backward time: 320 ms.
I1108 22:53:06.817399 135167 caffe.cpp:512] Iteration: 19 forward-backward time: 318 ms.
I1108 22:53:07.134537 135167 caffe.cpp:512] Iteration: 20 forward-backward time: 317 ms.
I1108 22:53:07.451750 135167 caffe.cpp:512] Iteration: 21 forward-backward time: 317 ms.
I1108 22:53:07.773752 135167 caffe.cpp:512] Iteration: 22 forward-backward time: 321 ms.
I1108 22:53:08.091812 135167 caffe.cpp:512] Iteration: 23 forward-backward time: 317 ms.
I1108 22:53:08.410073 135167 caffe.cpp:512] Iteration: 24 forward-backward time: 318 ms.
I1108 22:53:08.730020 135167 caffe.cpp:512] Iteration: 25 forward-backward time: 319 ms.
I1108 22:53:09.057648 135167 caffe.cpp:512] Iteration: 26 forward-backward time: 327 ms.
I1108 22:53:09.378188 135167 caffe.cpp:512] Iteration: 27 forward-backward time: 320 ms.
I1108 22:53:09.698902 135167 caffe.cpp:512] Iteration: 28 forward-backward time: 320 ms.
I1108 22:53:10.018087 135167 caffe.cpp:512] Iteration: 29 forward-backward time: 319 ms.
I1108 22:53:10.346004 135167 caffe.cpp:512] Iteration: 30 forward-backward time: 327 ms.
I1108 22:53:10.666290 135167 caffe.cpp:512] Iteration: 31 forward-backward time: 320 ms.
I1108 22:53:10.982146 135167 caffe.cpp:512] Iteration: 32 forward-backward time: 315 ms.
I1108 22:53:11.329251 135167 caffe.cpp:512] Iteration: 33 forward-backward time: 347 ms.
I1108 22:53:11.647677 135167 caffe.cpp:512] Iteration: 34 forward-backward time: 318 ms.
I1108 22:53:11.964681 135167 caffe.cpp:512] Iteration: 35 forward-backward time: 316 ms.
I1108 22:53:12.287300 135167 caffe.cpp:512] Iteration: 36 forward-backward time: 322 ms.
I1108 22:53:12.604933 135167 caffe.cpp:512] Iteration: 37 forward-backward time: 317 ms.
I1108 22:53:12.924429 135167 caffe.cpp:512] Iteration: 38 forward-backward time: 319 ms.
I1108 22:53:13.242307 135167 caffe.cpp:512] Iteration: 39 forward-backward time: 317 ms.
I1108 22:53:13.601434 135167 caffe.cpp:512] Iteration: 40 forward-backward time: 359 ms.
I1108 22:53:13.929664 135167 caffe.cpp:512] Iteration: 41 forward-backward time: 328 ms.
I1108 22:53:14.250422 135167 caffe.cpp:512] Iteration: 42 forward-backward time: 320 ms.
I1108 22:53:14.569628 135167 caffe.cpp:512] Iteration: 43 forward-backward time: 319 ms.
I1108 22:53:14.889400 135167 caffe.cpp:512] Iteration: 44 forward-backward time: 319 ms.
I1108 22:53:15.209631 135167 caffe.cpp:512] Iteration: 45 forward-backward time: 320 ms.
I1108 22:53:15.529924 135167 caffe.cpp:512] Iteration: 46 forward-backward time: 320 ms.
I1108 22:53:15.861930 135167 caffe.cpp:512] Iteration: 47 forward-backward time: 331 ms.
I1108 22:53:16.179635 135167 caffe.cpp:512] Iteration: 48 forward-backward time: 317 ms.
I1108 22:53:16.504709 135167 caffe.cpp:512] Iteration: 49 forward-backward time: 324 ms.
I1108 22:53:16.824255 135167 caffe.cpp:512] Iteration: 50 forward-backward time: 319 ms.
I1108 22:53:17.142366 135167 caffe.cpp:512] Iteration: 51 forward-backward time: 318 ms.
I1108 22:53:17.462064 135167 caffe.cpp:512] Iteration: 52 forward-backward time: 319 ms.
I1108 22:53:17.777376 135167 caffe.cpp:512] Iteration: 53 forward-backward time: 315 ms.
I1108 22:53:18.097404 135167 caffe.cpp:512] Iteration: 54 forward-backward time: 319 ms.
I1108 22:53:18.414254 135167 caffe.cpp:512] Iteration: 55 forward-backward time: 316 ms.
I1108 22:53:18.743002 135167 caffe.cpp:512] Iteration: 56 forward-backward time: 328 ms.
I1108 22:53:19.062366 135167 caffe.cpp:512] Iteration: 57 forward-backward time: 319 ms.
I1108 22:53:19.382072 135167 caffe.cpp:512] Iteration: 58 forward-backward time: 319 ms.
I1108 22:53:19.701548 135167 caffe.cpp:512] Iteration: 59 forward-backward time: 319 ms.
I1108 22:53:20.021046 135167 caffe.cpp:512] Iteration: 60 forward-backward time: 319 ms.
I1108 22:53:20.338415 135167 caffe.cpp:512] Iteration: 61 forward-backward time: 317 ms.
I1108 22:53:20.655771 135167 caffe.cpp:512] Iteration: 62 forward-backward time: 317 ms.
I1108 22:53:20.971293 135167 caffe.cpp:512] Iteration: 63 forward-backward time: 315 ms.
I1108 22:53:21.286180 135167 caffe.cpp:512] Iteration: 64 forward-backward time: 314 ms.
I1108 22:53:21.601650 135167 caffe.cpp:512] Iteration: 65 forward-backward time: 315 ms.
I1108 22:53:21.924115 135167 caffe.cpp:512] Iteration: 66 forward-backward time: 322 ms.
I1108 22:53:22.242553 135167 caffe.cpp:512] Iteration: 67 forward-backward time: 318 ms.
I1108 22:53:22.558598 135167 caffe.cpp:512] Iteration: 68 forward-backward time: 315 ms.
I1108 22:53:22.875178 135167 caffe.cpp:512] Iteration: 69 forward-backward time: 316 ms.
I1108 22:53:23.193148 135167 caffe.cpp:512] Iteration: 70 forward-backward time: 317 ms.
I1108 22:53:23.514415 135167 caffe.cpp:512] Iteration: 71 forward-backward time: 321 ms.
I1108 22:53:23.833755 135167 caffe.cpp:512] Iteration: 72 forward-backward time: 319 ms.
I1108 22:53:24.151238 135167 caffe.cpp:512] Iteration: 73 forward-backward time: 317 ms.
I1108 22:53:24.508711 135167 caffe.cpp:512] Iteration: 74 forward-backward time: 357 ms.
I1108 22:53:24.833379 135167 caffe.cpp:512] Iteration: 75 forward-backward time: 324 ms.
I1108 22:53:25.151765 135167 caffe.cpp:512] Iteration: 76 forward-backward time: 318 ms.
I1108 22:53:25.467327 135167 caffe.cpp:512] Iteration: 77 forward-backward time: 315 ms.
I1108 22:53:25.782052 135167 caffe.cpp:512] Iteration: 78 forward-backward time: 314 ms.
I1108 22:53:26.101884 135167 caffe.cpp:512] Iteration: 79 forward-backward time: 319 ms.
I1108 22:53:26.416877 135167 caffe.cpp:512] Iteration: 80 forward-backward time: 314 ms.
I1108 22:53:26.773303 135167 caffe.cpp:512] Iteration: 81 forward-backward time: 356 ms.
I1108 22:53:27.093920 135167 caffe.cpp:512] Iteration: 82 forward-backward time: 320 ms.
I1108 22:53:27.399035 135167 caffe.cpp:512] Iteration: 83 forward-backward time: 304 ms.
I1108 22:53:27.702049 135167 caffe.cpp:512] Iteration: 84 forward-backward time: 302 ms.
I1108 22:53:28.007921 135167 caffe.cpp:512] Iteration: 85 forward-backward time: 305 ms.
I1108 22:53:28.312659 135167 caffe.cpp:512] Iteration: 86 forward-backward time: 304 ms.
I1108 22:53:28.617225 135167 caffe.cpp:512] Iteration: 87 forward-backward time: 304 ms.
I1108 22:53:28.959694 135167 caffe.cpp:512] Iteration: 88 forward-backward time: 342 ms.
I1108 22:53:29.264775 135167 caffe.cpp:512] Iteration: 89 forward-backward time: 305 ms.
I1108 22:53:29.569025 135167 caffe.cpp:512] Iteration: 90 forward-backward time: 304 ms.
I1108 22:53:29.870414 135167 caffe.cpp:512] Iteration: 91 forward-backward time: 301 ms.
I1108 22:53:30.173804 135167 caffe.cpp:512] Iteration: 92 forward-backward time: 303 ms.
I1108 22:53:30.476075 135167 caffe.cpp:512] Iteration: 93 forward-backward time: 302 ms.
I1108 22:53:30.777412 135167 caffe.cpp:512] Iteration: 94 forward-backward time: 301 ms.
I1108 22:53:31.114703 135167 caffe.cpp:512] Iteration: 95 forward-backward time: 337 ms.
I1108 22:53:31.417989 135167 caffe.cpp:512] Iteration: 96 forward-backward time: 303 ms.
I1108 22:53:31.721552 135167 caffe.cpp:512] Iteration: 97 forward-backward time: 303 ms.
I1108 22:53:32.025264 135167 caffe.cpp:512] Iteration: 98 forward-backward time: 303 ms.
I1108 22:53:32.328860 135167 caffe.cpp:512] Iteration: 99 forward-backward time: 303 ms.
I1108 22:53:32.638870 135167 caffe.cpp:512] Iteration: 100 forward-backward time: 309 ms.
I1108 22:53:32.638989 135167 caffe.cpp:519] Average time per layer: 
I1108 22:53:32.639016 135167 caffe.cpp:522]       data	forward: 250.865 ms.
I1108 22:53:32.639050 135167 caffe.cpp:526]       data	backward: 0.00565 ms.
I1108 22:53:32.639082 135167 caffe.cpp:522]      conv1	forward: 3.46182 ms.
I1108 22:53:32.639118 135167 caffe.cpp:526]      conv1	backward: 3.31907 ms.
I1108 22:53:32.639148 135167 caffe.cpp:522]      relu1	forward: 0.29525 ms.
I1108 22:53:32.639181 135167 caffe.cpp:526]      relu1	backward: 0.45918 ms.
I1108 22:53:32.639214 135167 caffe.cpp:522]      norm1	forward: 1.28644 ms.
I1108 22:53:32.639243 135167 caffe.cpp:526]      norm1	backward: 0.82575 ms.
I1108 22:53:32.639272 135167 caffe.cpp:522]      pool1	forward: 0.40953 ms.
I1108 22:53:32.639302 135167 caffe.cpp:526]      pool1	backward: 0.96365 ms.
I1108 22:53:32.639333 135167 caffe.cpp:522]      conv2	forward: 3.26674 ms.
I1108 22:53:32.639356 135167 caffe.cpp:526]      conv2	backward: 7.33769 ms.
I1108 22:53:32.639379 135167 caffe.cpp:522]      relu2	forward: 0.15533 ms.
I1108 22:53:32.639403 135167 caffe.cpp:526]      relu2	backward: 0.31346 ms.
I1108 22:53:32.639426 135167 caffe.cpp:522]      norm2	forward: 0.88443 ms.
I1108 22:53:32.639451 135167 caffe.cpp:526]      norm2	backward: 0.58084 ms.
I1108 22:53:32.639473 135167 caffe.cpp:522]      pool2	forward: 0.36988 ms.
I1108 22:53:32.639497 135167 caffe.cpp:526]      pool2	backward: 0.92555 ms.
I1108 22:53:32.639519 135167 caffe.cpp:522]      conv3	forward: 2.49013 ms.
I1108 22:53:32.639542 135167 caffe.cpp:526]      conv3	backward: 5.84807 ms.
I1108 22:53:32.639565 135167 caffe.cpp:522]      relu3	forward: 0.07397 ms.
I1108 22:53:32.639590 135167 caffe.cpp:526]      relu3	backward: 0.4431 ms.
I1108 22:53:32.639612 135167 caffe.cpp:522]      conv4	forward: 1.91577 ms.
I1108 22:53:32.639636 135167 caffe.cpp:526]      conv4	backward: 4.56085 ms.
I1108 22:53:32.639657 135167 caffe.cpp:522]      relu4	forward: 0.08167 ms.
I1108 22:53:32.639688 135167 caffe.cpp:526]      relu4	backward: 0.28968 ms.
I1108 22:53:32.639713 135167 caffe.cpp:522]      conv5	forward: 1.35462 ms.
I1108 22:53:32.639735 135167 caffe.cpp:526]      conv5	backward: 2.97705 ms.
I1108 22:53:32.639757 135167 caffe.cpp:522]      relu5	forward: 0.06729 ms.
I1108 22:53:32.639781 135167 caffe.cpp:526]      relu5	backward: 0.05816 ms.
I1108 22:53:32.639804 135167 caffe.cpp:522]      pool5	forward: 0.08541 ms.
I1108 22:53:32.639833 135167 caffe.cpp:526]      pool5	backward: 0.18723 ms.
I1108 22:53:32.639916 135167 caffe.cpp:522]        fc6	forward: 2.46137 ms.
I1108 22:53:32.639941 135167 caffe.cpp:526]        fc6	backward: 7.05614 ms.
I1108 22:53:32.639964 135167 caffe.cpp:522]      relu6	forward: 0.07479 ms.
I1108 22:53:32.639988 135167 caffe.cpp:526]      relu6	backward: 0.04255 ms.
I1108 22:53:32.640012 135167 caffe.cpp:522]      drop6	forward: 0.11448 ms.
I1108 22:53:32.640036 135167 caffe.cpp:526]      drop6	backward: 0.04775 ms.
I1108 22:53:32.640059 135167 caffe.cpp:522]        fc7	forward: 1.36579 ms.
I1108 22:53:32.640082 135167 caffe.cpp:526]        fc7	backward: 5.57058 ms.
I1108 22:53:32.640105 135167 caffe.cpp:522]      relu7	forward: 0.07555 ms.
I1108 22:53:32.640130 135167 caffe.cpp:526]      relu7	backward: 0.04148 ms.
I1108 22:53:32.640152 135167 caffe.cpp:522]      drop7	forward: 0.08424 ms.
I1108 22:53:32.640182 135167 caffe.cpp:526]      drop7	backward: 0.04299 ms.
I1108 22:53:32.640205 135167 caffe.cpp:522]        fc8	forward: 0.82905 ms.
I1108 22:53:32.640228 135167 caffe.cpp:526]        fc8	backward: 2.32826 ms.
I1108 22:53:32.640251 135167 caffe.cpp:522]       loss	forward: 1.66905 ms.
I1108 22:53:32.640275 135167 caffe.cpp:526]       loss	backward: 0.54929 ms.
I1108 22:53:32.640303 135167 caffe.cpp:532] Average Forward pass: 273.959 ms.
I1108 22:53:32.640328 135167 caffe.cpp:535] Average Backward pass: 45.0067 ms.
I1108 22:53:32.640352 135167 caffe.cpp:537] Average Forward-Backward: 319.13 ms.
I1108 22:53:32.640378 135167 caffe.cpp:540] Total Time: 31913 ms.
I1108 22:53:32.640404 135167 caffe.cpp:541] *** Benchmark ends ***
