srun -n 1 -c 32 --cpu_bind=socket -m block:cyclic /project/projectdirs/mpccc/tmalas/intelcaffe/install_cori-hsw/bin//caffe time -model=subst_train_val.prototxt -iterations=10
I1013 15:24:39.567947 56753 caffe.cpp:437] Use CPU.
I1013 15:24:39.575251 56753 cpu_info.cpp:452] Processor speed [MHz]: 2300
I1013 15:24:39.575259 56753 cpu_info.cpp:455] Total number of sockets: 2
I1013 15:24:39.575261 56753 cpu_info.cpp:458] Total number of CPU cores: 32
I1013 15:24:39.575263 56753 cpu_info.cpp:461] Total number of processors: 64
I1013 15:24:39.575264 56753 cpu_info.cpp:464] GPU is used: no
I1013 15:24:39.575278 56753 cpu_info.cpp:467] OpenMP environmental variables are specified: yes
I1013 15:24:39.575279 56753 cpu_info.cpp:470] OpenMP thread bind allowed: no
I1013 15:24:39.575281 56753 cpu_info.cpp:473] Number of OpenMP threads: 16
I1013 15:24:39.577172 56753 net.cpp:484] The NetState phase (0) differed from the phase (1) specified by a rule in layer data
I1013 15:24:39.577253 56753 net.cpp:120] Initializing net from parameters: 
name: "HEP_CLASSIFIER"
state {
  phase: TRAIN
  level: 0
  stage: ""
}
layer {
  name: "data"
  type: "DummyData"
  top: "data"
  top: "label"
  include {
    phase: TRAIN
  }
  dummy_data_param {
    data_filler {
      type: "gaussian"
      std: 1
    }
    data_filler {
      type: "constant"
      value: 0
    }
    shape {
      dim: 2
      dim: 3
      dim: 124
      dim: 124
    }
    shape {
      dim: 2
      dim: 1
      dim: 1
      dim: 1
    }
  }
}
layer {
  name: "conv1"
  type: "Convolution"
  bottom: "data"
  top: "conv1"
  convolution_param {
    num_output: 128
    pad: 0
    kernel_size: 3
    stride: 1
    weight_filler {
      type: "msra"
    }
    bias_filler {
      type: "constant"
      value: 0
    }
  }
}
layer {
  name: "relu1"
  type: "ReLU"
  bottom: "conv1"
  top: "conv1"
  relu_param {
    negative_slope: 0.1
  }
}
layer {
  name: "dropout1"
  type: "Dropout"
  bottom: "conv1"
  top: "drop1"
}
layer {
  name: "pool1"
  type: "Pooling"
  bottom: "drop1"
  top: "pool1"
  pooling_param {
    pool: MAX
    kernel_size: 2
    stride: 2
  }
}
layer {
  name: "conv2"
  type: "Convolution"
  bottom: "pool1"
  top: "conv2"
  convolution_param {
    num_output: 128
    pad: 0
    kernel_size: 3
    stride: 1
    weight_filler {
      type: "msra"
    }
    bias_filler {
      type: "constant"
      value: 0
    }
  }
}
layer {
  name: "relu2"
  type: "ReLU"
  bottom: "conv2"
  top: "conv2"
  relu_param {
    negative_slope: 0.1
  }
}
layer {
  name: "dropout2"
  type: "Dropout"
  bottom: "conv2"
  top: "drop2"
}
layer {
  name: "pool2"
  type: "Pooling"
  bottom: "drop2"
  top: "pool2"
  pooling_param {
    pool: MAX
    kernel_size: 2
    stride: 2
  }
}
layer {
  name: "conv3"
  type: "Convolution"
  bottom: "pool2"
  top: "conv3"
  convolution_param {
    num_output: 128
    pad: 0
    kernel_size: 3
    stride: 1
    weight_filler {
      type: "msra"
    }
    bias_filler {
      type: "constant"
      value: 0
    }
  }
}
layer {
  name: "relu3"
  type: "ReLU"
  bottom: "conv3"
  top: "conv3"
  relu_param {
    negative_slope: 0.1
  }
}
layer {
  name: "dropout3"
  type: "Dropout"
  bottom: "conv3"
  top: "drop3"
}
layer {
  name: "pool3"
  type: "Pooling"
  bottom: "drop3"
  top: "pool3"
  pooling_param {
    pool: MAX
    kernel_size: 2
    stride: 2
  }
}
layer {
  name: "conv4"
  type: "Convolution"
  bottom: "pool3"
  top: "conv4"
  convolution_param {
    num_output: 128
    pad: 0
    kernel_size: 3
    stride: 1
    weight_filler {
      type: "msra"
    }
    bias_filler {
      type: "constant"
      value: 0
    }
  }
}
layer {
  name: "relu4"
  type: "ReLU"
  bottom: "conv4"
  top: "conv4"
  relu_param {
    negative_slope: 0.1
  }
}
layer {
  name: "dropout4"
  type: "Dropout"
  bottom: "conv4"
  top: "drop4"
}
layer {
  name: "pool4"
  type: "Pooling"
  bottom: "drop4"
  top: "pool4"
  pooling_param {
    pool: MAX
    kernel_size: 2
    stride: 2
  }
}
layer {
  name: "fc1"
  type: "InnerProduct"
  bottom: "pool4"
  top: "fc1"
  inner_product_param {
    num_output: 1024
    weight_filler {
      type: "msra"
    }
    bias_filler {
      type: "constant"
      value: 0
    }
  }
}
layer {
  name: "dropout5"
  type: "Dropout"
  bottom: "fc1"
  top: "drop5"
}
layer {
  name: "fc2"
  type: "InnerProduct"
  bottom: "drop5"
  top: "fc2"
  inner_product_param {
    num_output: 2
    weight_filler {
      type: "msra"
    }
    bias_filler {
      type: "constant"
      value: 0
    }
  }
}
layer {
  name: "loss"
  type: "SoftmaxWithLoss"
  bottom: "fc2"
  bottom: "label"
}
I1013 15:24:39.577376 56753 layer_factory.hpp:114] Creating layer data
I1013 15:24:39.577385 56753 net.cpp:160] Creating Layer data
I1013 15:24:39.577389 56753 net.cpp:570] data -> data
I1013 15:24:39.577399 56753 net.cpp:570] data -> label
I1013 15:24:39.577641 56753 net.cpp:210] Setting up data
I1013 15:24:39.577649 56753 net.cpp:217] Top shape: 2 3 124 124 (92256)
I1013 15:24:39.577658 56753 net.cpp:217] Top shape: 2 1 1 1 (2)
I1013 15:24:39.577661 56753 net.cpp:225] Memory required for data: 369032
I1013 15:24:39.577664 56753 layer_factory.hpp:114] Creating layer conv1
I1013 15:24:39.577678 56753 net.cpp:160] Creating Layer conv1
I1013 15:24:39.577682 56753 net.cpp:596] conv1 <- data
I1013 15:24:39.577687 56753 net.cpp:570] conv1 -> conv1
I1013 15:24:39.597648 56753 net.cpp:210] Setting up conv1
I1013 15:24:39.597667 56753 net.cpp:217] Top shape: 2 128 122 122 (3810304)
I1013 15:24:39.597676 56753 net.cpp:225] Memory required for data: 15610248
I1013 15:24:39.597697 56753 layer_factory.hpp:114] Creating layer relu1
I1013 15:24:39.597728 56753 net.cpp:160] Creating Layer relu1
I1013 15:24:39.597739 56753 net.cpp:596] relu1 <- conv1
I1013 15:24:39.597748 56753 net.cpp:557] relu1 -> conv1 (in-place)
I1013 15:24:39.597771 56753 net.cpp:210] Setting up relu1
I1013 15:24:39.597776 56753 net.cpp:217] Top shape: 2 128 122 122 (3810304)
I1013 15:24:39.597782 56753 net.cpp:225] Memory required for data: 30851464
I1013 15:24:39.597787 56753 layer_factory.hpp:114] Creating layer dropout1
I1013 15:24:39.597795 56753 net.cpp:160] Creating Layer dropout1
I1013 15:24:39.597801 56753 net.cpp:596] dropout1 <- conv1
I1013 15:24:39.597808 56753 net.cpp:570] dropout1 -> drop1
I1013 15:24:39.597820 56753 net.cpp:210] Setting up dropout1
I1013 15:24:39.597832 56753 net.cpp:217] Top shape: 2 128 122 122 (3810304)
I1013 15:24:39.597839 56753 net.cpp:225] Memory required for data: 46092680
I1013 15:24:39.597843 56753 layer_factory.hpp:114] Creating layer pool1
I1013 15:24:39.597857 56753 net.cpp:160] Creating Layer pool1
I1013 15:24:39.597867 56753 net.cpp:596] pool1 <- drop1
I1013 15:24:39.597873 56753 net.cpp:570] pool1 -> pool1
I1013 15:24:39.597901 56753 net.cpp:210] Setting up pool1
I1013 15:24:39.597908 56753 net.cpp:217] Top shape: 2 128 61 61 (952576)
I1013 15:24:39.597916 56753 net.cpp:225] Memory required for data: 49902984
I1013 15:24:39.597921 56753 layer_factory.hpp:114] Creating layer conv2
I1013 15:24:39.597942 56753 net.cpp:160] Creating Layer conv2
I1013 15:24:39.597947 56753 net.cpp:596] conv2 <- pool1
I1013 15:24:39.597956 56753 net.cpp:570] conv2 -> conv2
I1013 15:24:39.617856 56753 net.cpp:210] Setting up conv2
I1013 15:24:39.617875 56753 net.cpp:217] Top shape: 2 128 59 59 (891136)
I1013 15:24:39.617888 56753 net.cpp:225] Memory required for data: 53467528
I1013 15:24:39.617910 56753 layer_factory.hpp:114] Creating layer relu2
I1013 15:24:39.617924 56753 net.cpp:160] Creating Layer relu2
I1013 15:24:39.617929 56753 net.cpp:596] relu2 <- conv2
I1013 15:24:39.617940 56753 net.cpp:557] relu2 -> conv2 (in-place)
I1013 15:24:39.617961 56753 net.cpp:210] Setting up relu2
I1013 15:24:39.617967 56753 net.cpp:217] Top shape: 2 128 59 59 (891136)
I1013 15:24:39.617974 56753 net.cpp:225] Memory required for data: 57032072
I1013 15:24:39.617979 56753 layer_factory.hpp:114] Creating layer dropout2
I1013 15:24:39.617986 56753 net.cpp:160] Creating Layer dropout2
I1013 15:24:39.617990 56753 net.cpp:596] dropout2 <- conv2
I1013 15:24:39.618000 56753 net.cpp:570] dropout2 -> drop2
I1013 15:24:39.618012 56753 net.cpp:210] Setting up dropout2
I1013 15:24:39.618016 56753 net.cpp:217] Top shape: 2 128 59 59 (891136)
I1013 15:24:39.618023 56753 net.cpp:225] Memory required for data: 60596616
I1013 15:24:39.618027 56753 layer_factory.hpp:114] Creating layer pool2
I1013 15:24:39.618043 56753 net.cpp:160] Creating Layer pool2
I1013 15:24:39.618048 56753 net.cpp:596] pool2 <- drop2
I1013 15:24:39.618055 56753 net.cpp:570] pool2 -> pool2
I1013 15:24:39.618078 56753 net.cpp:210] Setting up pool2
I1013 15:24:39.618119 56753 net.cpp:217] Top shape: 2 128 30 30 (230400)
I1013 15:24:39.618156 56753 net.cpp:225] Memory required for data: 61518216
I1013 15:24:39.618186 56753 layer_factory.hpp:114] Creating layer conv3
I1013 15:24:39.618255 56753 net.cpp:160] Creating Layer conv3
I1013 15:24:39.618263 56753 net.cpp:596] conv3 <- pool2
I1013 15:24:39.618271 56753 net.cpp:570] conv3 -> conv3
I1013 15:24:39.627053 56753 net.cpp:210] Setting up conv3
I1013 15:24:39.627064 56753 net.cpp:217] Top shape: 2 128 28 28 (200704)
I1013 15:24:39.627071 56753 net.cpp:225] Memory required for data: 62321032
I1013 15:24:39.627087 56753 layer_factory.hpp:114] Creating layer relu3
I1013 15:24:39.627099 56753 net.cpp:160] Creating Layer relu3
I1013 15:24:39.627104 56753 net.cpp:596] relu3 <- conv3
I1013 15:24:39.627113 56753 net.cpp:557] relu3 -> conv3 (in-place)
I1013 15:24:39.627132 56753 net.cpp:210] Setting up relu3
I1013 15:24:39.627164 56753 net.cpp:217] Top shape: 2 128 28 28 (200704)
I1013 15:24:39.627190 56753 net.cpp:225] Memory required for data: 63123848
I1013 15:24:39.627246 56753 layer_factory.hpp:114] Creating layer dropout3
I1013 15:24:39.627257 56753 net.cpp:160] Creating Layer dropout3
I1013 15:24:39.627261 56753 net.cpp:596] dropout3 <- conv3
I1013 15:24:39.627274 56753 net.cpp:570] dropout3 -> drop3
I1013 15:24:39.627292 56753 net.cpp:210] Setting up dropout3
I1013 15:24:39.627317 56753 net.cpp:217] Top shape: 2 128 28 28 (200704)
I1013 15:24:39.627359 56753 net.cpp:225] Memory required for data: 63926664
I1013 15:24:39.627394 56753 layer_factory.hpp:114] Creating layer pool3
I1013 15:24:39.627436 56753 net.cpp:160] Creating Layer pool3
I1013 15:24:39.627493 56753 net.cpp:596] pool3 <- drop3
I1013 15:24:39.627506 56753 net.cpp:570] pool3 -> pool3
I1013 15:24:39.627529 56753 net.cpp:210] Setting up pool3
I1013 15:24:39.627535 56753 net.cpp:217] Top shape: 2 128 14 14 (50176)
I1013 15:24:39.627542 56753 net.cpp:225] Memory required for data: 64127368
I1013 15:24:39.627547 56753 layer_factory.hpp:114] Creating layer conv4
I1013 15:24:39.627570 56753 net.cpp:160] Creating Layer conv4
I1013 15:24:39.627600 56753 net.cpp:596] conv4 <- pool3
I1013 15:24:39.627629 56753 net.cpp:570] conv4 -> conv4
I1013 15:24:39.633697 56753 net.cpp:210] Setting up conv4
I1013 15:24:39.633708 56753 net.cpp:217] Top shape: 2 128 12 12 (36864)
I1013 15:24:39.633718 56753 net.cpp:225] Memory required for data: 64274824
I1013 15:24:39.633729 56753 layer_factory.hpp:114] Creating layer relu4
I1013 15:24:39.633744 56753 net.cpp:160] Creating Layer relu4
I1013 15:24:39.633749 56753 net.cpp:596] relu4 <- conv4
I1013 15:24:39.633756 56753 net.cpp:557] relu4 -> conv4 (in-place)
I1013 15:24:39.633774 56753 net.cpp:210] Setting up relu4
I1013 15:24:39.633806 56753 net.cpp:217] Top shape: 2 128 12 12 (36864)
I1013 15:24:39.633833 56753 net.cpp:225] Memory required for data: 64422280
I1013 15:24:39.633888 56753 layer_factory.hpp:114] Creating layer dropout4
I1013 15:24:39.633903 56753 net.cpp:160] Creating Layer dropout4
I1013 15:24:39.633908 56753 net.cpp:596] dropout4 <- conv4
I1013 15:24:39.633915 56753 net.cpp:570] dropout4 -> drop4
I1013 15:24:39.633927 56753 net.cpp:210] Setting up dropout4
I1013 15:24:39.633931 56753 net.cpp:217] Top shape: 2 128 12 12 (36864)
I1013 15:24:39.633939 56753 net.cpp:225] Memory required for data: 64569736
I1013 15:24:39.633944 56753 layer_factory.hpp:114] Creating layer pool4
I1013 15:24:39.633958 56753 net.cpp:160] Creating Layer pool4
I1013 15:24:39.633993 56753 net.cpp:596] pool4 <- drop4
I1013 15:24:39.634037 56753 net.cpp:570] pool4 -> pool4
I1013 15:24:39.634102 56753 net.cpp:210] Setting up pool4
I1013 15:24:39.634110 56753 net.cpp:217] Top shape: 2 128 6 6 (9216)
I1013 15:24:39.634117 56753 net.cpp:225] Memory required for data: 64606600
I1013 15:24:39.634122 56753 layer_factory.hpp:114] Creating layer fc1
I1013 15:24:39.634142 56753 net.cpp:160] Creating Layer fc1
I1013 15:24:39.634171 56753 net.cpp:596] fc1 <- pool4
I1013 15:24:39.634218 56753 net.cpp:570] fc1 -> fc1
I1013 15:24:39.704468 56753 net.cpp:210] Setting up fc1
I1013 15:24:39.704478 56753 net.cpp:217] Top shape: 2 1024 (2048)
I1013 15:24:39.704489 56753 net.cpp:225] Memory required for data: 64614792
I1013 15:24:39.704504 56753 layer_factory.hpp:114] Creating layer dropout5
I1013 15:24:39.704514 56753 net.cpp:160] Creating Layer dropout5
I1013 15:24:39.704519 56753 net.cpp:596] dropout5 <- fc1
I1013 15:24:39.704527 56753 net.cpp:570] dropout5 -> drop5
I1013 15:24:39.704540 56753 net.cpp:210] Setting up dropout5
I1013 15:24:39.704545 56753 net.cpp:217] Top shape: 2 1024 (2048)
I1013 15:24:39.704551 56753 net.cpp:225] Memory required for data: 64622984
I1013 15:24:39.704556 56753 layer_factory.hpp:114] Creating layer fc2
I1013 15:24:39.704571 56753 net.cpp:160] Creating Layer fc2
I1013 15:24:39.704576 56753 net.cpp:596] fc2 <- drop5
I1013 15:24:39.704583 56753 net.cpp:570] fc2 -> fc2
I1013 15:24:39.704659 56753 net.cpp:210] Setting up fc2
I1013 15:24:39.704692 56753 net.cpp:217] Top shape: 2 2 (4)
I1013 15:24:39.704753 56753 net.cpp:225] Memory required for data: 64623000
I1013 15:24:39.704799 56753 layer_factory.hpp:114] Creating layer loss
I1013 15:24:39.704843 56753 net.cpp:160] Creating Layer loss
I1013 15:24:39.704872 56753 net.cpp:596] loss <- fc2
I1013 15:24:39.704916 56753 net.cpp:596] loss <- label
I1013 15:24:39.704953 56753 net.cpp:570] loss -> (automatic)
I1013 15:24:39.705011 56753 layer_factory.hpp:114] Creating layer loss
I1013 15:24:39.705073 56753 net.cpp:210] Setting up loss
I1013 15:24:39.705082 56753 net.cpp:217] Top shape: (1)
I1013 15:24:39.705093 56753 net.cpp:220]     with loss weight 1
I1013 15:24:39.705173 56753 net.cpp:225] Memory required for data: 64623004
I1013 15:24:39.705217 56753 net.cpp:287] loss needs backward computation.
I1013 15:24:39.705255 56753 net.cpp:287] fc2 needs backward computation.
I1013 15:24:39.705265 56753 net.cpp:287] dropout5 needs backward computation.
I1013 15:24:39.705270 56753 net.cpp:287] fc1 needs backward computation.
I1013 15:24:39.705273 56753 net.cpp:287] pool4 needs backward computation.
I1013 15:24:39.705278 56753 net.cpp:287] dropout4 needs backward computation.
I1013 15:24:39.705282 56753 net.cpp:287] relu4 needs backward computation.
I1013 15:24:39.705286 56753 net.cpp:287] conv4 needs backward computation.
I1013 15:24:39.705291 56753 net.cpp:287] pool3 needs backward computation.
I1013 15:24:39.705296 56753 net.cpp:287] dropout3 needs backward computation.
I1013 15:24:39.705299 56753 net.cpp:287] relu3 needs backward computation.
I1013 15:24:39.705303 56753 net.cpp:287] conv3 needs backward computation.
I1013 15:24:39.705308 56753 net.cpp:287] pool2 needs backward computation.
I1013 15:24:39.705313 56753 net.cpp:287] dropout2 needs backward computation.
I1013 15:24:39.705317 56753 net.cpp:287] relu2 needs backward computation.
I1013 15:24:39.705322 56753 net.cpp:287] conv2 needs backward computation.
I1013 15:24:39.705330 56753 net.cpp:287] pool1 needs backward computation.
I1013 15:24:39.705335 56753 net.cpp:287] dropout1 needs backward computation.
I1013 15:24:39.705340 56753 net.cpp:287] relu1 needs backward computation.
I1013 15:24:39.705344 56753 net.cpp:287] conv1 needs backward computation.
I1013 15:24:39.705350 56753 net.cpp:289] data does not need backward computation.
I1013 15:24:39.705368 56753 net.cpp:345] Network initialization done.
I1013 15:24:39.705523 56753 caffe.cpp:445] Performing Forward
I1013 15:24:39.771749 56753 caffe.cpp:450] Initial loss: 0
I1013 15:24:39.771780 56753 caffe.cpp:452] Performing Backward
I1013 15:24:39.822960 56753 caffe.cpp:461] *** Benchmark begins ***
I1013 15:24:39.822985 56753 caffe.cpp:462] Testing for 10 iterations.
I1013 15:24:39.869531 56753 caffe.cpp:491] Iteration: 1 forward-backward time: 46 ms.
I1013 15:24:39.916121 56753 caffe.cpp:491] Iteration: 2 forward-backward time: 46 ms.
I1013 15:24:39.962807 56753 caffe.cpp:491] Iteration: 3 forward-backward time: 46 ms.
I1013 15:24:40.009352 56753 caffe.cpp:491] Iteration: 4 forward-backward time: 46 ms.
I1013 15:24:40.055913 56753 caffe.cpp:491] Iteration: 5 forward-backward time: 46 ms.
I1013 15:24:40.102582 56753 caffe.cpp:491] Iteration: 6 forward-backward time: 46 ms.
I1013 15:24:40.149125 56753 caffe.cpp:491] Iteration: 7 forward-backward time: 46 ms.
I1013 15:24:40.195711 56753 caffe.cpp:491] Iteration: 8 forward-backward time: 46 ms.
I1013 15:24:40.242300 56753 caffe.cpp:491] Iteration: 9 forward-backward time: 46 ms.
I1013 15:24:40.288879 56753 caffe.cpp:491] Iteration: 10 forward-backward time: 46 ms.
I1013 15:24:40.288915 56753 caffe.cpp:498] Average time per layer: 
I1013 15:24:40.288919 56753 caffe.cpp:501]       data	forward: 1.4319 ms.
I1013 15:24:40.288924 56753 caffe.cpp:505]       data	backward: 0.0007 ms.
I1013 15:24:40.288929 56753 caffe.cpp:501]      conv1	forward: 0.7433 ms.
I1013 15:24:40.288933 56753 caffe.cpp:505]      conv1	backward: 0.6957 ms.
I1013 15:24:40.288938 56753 caffe.cpp:501]      relu1	forward: 0.0717 ms.
I1013 15:24:40.288944 56753 caffe.cpp:505]      relu1	backward: 1.1986 ms.
I1013 15:24:40.288947 56753 caffe.cpp:501]   dropout1	forward: 2.2217 ms.
I1013 15:24:40.288951 56753 caffe.cpp:505]   dropout1	backward: 1.936 ms.
I1013 15:24:40.288955 56753 caffe.cpp:501]      pool1	forward: 11.1283 ms.
I1013 15:24:40.288959 56753 caffe.cpp:505]      pool1	backward: 2.5612 ms.
I1013 15:24:40.288964 56753 caffe.cpp:501]      conv2	forward: 3.8174 ms.
I1013 15:24:40.288967 56753 caffe.cpp:505]      conv2	backward: 10.5745 ms.
I1013 15:24:40.288971 56753 caffe.cpp:501]      relu2	forward: 0.0361 ms.
I1013 15:24:40.288976 56753 caffe.cpp:505]      relu2	backward: 0.1771 ms.
I1013 15:24:40.288980 56753 caffe.cpp:501]   dropout2	forward: 0.3595 ms.
I1013 15:24:40.288985 56753 caffe.cpp:505]   dropout2	backward: 0.2892 ms.
I1013 15:24:40.288990 56753 caffe.cpp:501]      pool2	forward: 2.7414 ms.
I1013 15:24:40.288993 56753 caffe.cpp:505]      pool2	backward: 0.7252 ms.
I1013 15:24:40.288998 56753 caffe.cpp:501]      conv3	forward: 0.9353 ms.
I1013 15:24:40.289003 56753 caffe.cpp:505]      conv3	backward: 1.3612 ms.
I1013 15:24:40.289007 56753 caffe.cpp:501]      relu3	forward: 0.0224 ms.
I1013 15:24:40.289012 56753 caffe.cpp:505]      relu3	backward: 0.0437 ms.
I1013 15:24:40.289017 56753 caffe.cpp:501]   dropout3	forward: 0.1069 ms.
I1013 15:24:40.289022 56753 caffe.cpp:505]   dropout3	backward: 0.0881 ms.
I1013 15:24:40.289027 56753 caffe.cpp:501]      pool3	forward: 0.662 ms.
I1013 15:24:40.289031 56753 caffe.cpp:505]      pool3	backward: 0.192 ms.
I1013 15:24:40.289036 56753 caffe.cpp:501]      conv4	forward: 0.1789 ms.
I1013 15:24:40.289041 56753 caffe.cpp:505]      conv4	backward: 0.3307 ms.
I1013 15:24:40.289047 56753 caffe.cpp:501]      relu4	forward: 0.0051 ms.
I1013 15:24:40.289050 56753 caffe.cpp:505]      relu4	backward: 0.0146 ms.
I1013 15:24:40.289055 56753 caffe.cpp:501]   dropout4	forward: 0.025 ms.
I1013 15:24:40.289060 56753 caffe.cpp:505]   dropout4	backward: 0.0209 ms.
I1013 15:24:40.289065 56753 caffe.cpp:501]      pool4	forward: 0.1318 ms.
I1013 15:24:40.289070 56753 caffe.cpp:505]      pool4	backward: 0.0514 ms.
I1013 15:24:40.289075 56753 caffe.cpp:501]        fc1	forward: 0.6748 ms.
I1013 15:24:40.289079 56753 caffe.cpp:505]        fc1	backward: 0.9017 ms.
I1013 15:24:40.289084 56753 caffe.cpp:501]   dropout5	forward: 0.0121 ms.
I1013 15:24:40.289089 56753 caffe.cpp:505]   dropout5	backward: 0.0034 ms.
I1013 15:24:40.289094 56753 caffe.cpp:501]        fc2	forward: 0.0079 ms.
I1013 15:24:40.289099 56753 caffe.cpp:505]        fc2	backward: 0.0101 ms.
I1013 15:24:40.289104 56753 caffe.cpp:501]       loss	forward: 0.018 ms.
I1013 15:24:40.289109 56753 caffe.cpp:505]       loss	backward: 0.0039 ms.
I1013 15:24:40.289115 56753 caffe.cpp:511] Average Forward pass: 25.3463 ms.
I1013 15:24:40.289120 56753 caffe.cpp:514] Average Backward pass: 21.1941 ms.
I1013 15:24:40.289126 56753 caffe.cpp:516] Average Forward-Backward: 46.6 ms.
I1013 15:24:40.289131 56753 caffe.cpp:519] Total Time: 466 ms.
I1013 15:24:40.289150 56753 caffe.cpp:520] *** Benchmark ends ***
