srun -n 1 -c 32 --cpu_bind=socket -m block:cyclic /project/projectdirs/mpccc/tmalas/intelcaffe/install_cori-hsw/bin//caffe time -model=subst_train_val.prototxt -iterations=10
I1013 15:24:37.855660 56701 caffe.cpp:437] Use CPU.
I1013 15:24:37.863180 56701 cpu_info.cpp:452] Processor speed [MHz]: 2300
I1013 15:24:37.863189 56701 cpu_info.cpp:455] Total number of sockets: 2
I1013 15:24:37.863190 56701 cpu_info.cpp:458] Total number of CPU cores: 32
I1013 15:24:37.863193 56701 cpu_info.cpp:461] Total number of processors: 64
I1013 15:24:37.863194 56701 cpu_info.cpp:464] GPU is used: no
I1013 15:24:37.863207 56701 cpu_info.cpp:467] OpenMP environmental variables are specified: yes
I1013 15:24:37.863209 56701 cpu_info.cpp:470] OpenMP thread bind allowed: no
I1013 15:24:37.863210 56701 cpu_info.cpp:473] Number of OpenMP threads: 16
I1013 15:24:37.864936 56701 net.cpp:484] The NetState phase (0) differed from the phase (1) specified by a rule in layer data
I1013 15:24:37.865057 56701 net.cpp:120] Initializing net from parameters: 
name: "HEP_CLASSIFIER"
state {
  phase: TRAIN
  level: 0
  stage: ""
}
layer {
  name: "data"
  type: "DummyData"
  top: "data"
  top: "label"
  include {
    phase: TRAIN
  }
  dummy_data_param {
    data_filler {
      type: "gaussian"
      std: 1
    }
    data_filler {
      type: "constant"
      value: 0
    }
    shape {
      dim: 1
      dim: 3
      dim: 124
      dim: 124
    }
    shape {
      dim: 1
      dim: 1
      dim: 1
      dim: 1
    }
  }
}
layer {
  name: "conv1"
  type: "Convolution"
  bottom: "data"
  top: "conv1"
  convolution_param {
    num_output: 128
    pad: 0
    kernel_size: 3
    stride: 1
    weight_filler {
      type: "msra"
    }
    bias_filler {
      type: "constant"
      value: 0
    }
  }
}
layer {
  name: "relu1"
  type: "ReLU"
  bottom: "conv1"
  top: "conv1"
  relu_param {
    negative_slope: 0.1
  }
}
layer {
  name: "dropout1"
  type: "Dropout"
  bottom: "conv1"
  top: "drop1"
}
layer {
  name: "pool1"
  type: "Pooling"
  bottom: "drop1"
  top: "pool1"
  pooling_param {
    pool: MAX
    kernel_size: 2
    stride: 2
  }
}
layer {
  name: "conv2"
  type: "Convolution"
  bottom: "pool1"
  top: "conv2"
  convolution_param {
    num_output: 128
    pad: 0
    kernel_size: 3
    stride: 1
    weight_filler {
      type: "msra"
    }
    bias_filler {
      type: "constant"
      value: 0
    }
  }
}
layer {
  name: "relu2"
  type: "ReLU"
  bottom: "conv2"
  top: "conv2"
  relu_param {
    negative_slope: 0.1
  }
}
layer {
  name: "dropout2"
  type: "Dropout"
  bottom: "conv2"
  top: "drop2"
}
layer {
  name: "pool2"
  type: "Pooling"
  bottom: "drop2"
  top: "pool2"
  pooling_param {
    pool: MAX
    kernel_size: 2
    stride: 2
  }
}
layer {
  name: "conv3"
  type: "Convolution"
  bottom: "pool2"
  top: "conv3"
  convolution_param {
    num_output: 128
    pad: 0
    kernel_size: 3
    stride: 1
    weight_filler {
      type: "msra"
    }
    bias_filler {
      type: "constant"
      value: 0
    }
  }
}
layer {
  name: "relu3"
  type: "ReLU"
  bottom: "conv3"
  top: "conv3"
  relu_param {
    negative_slope: 0.1
  }
}
layer {
  name: "dropout3"
  type: "Dropout"
  bottom: "conv3"
  top: "drop3"
}
layer {
  name: "pool3"
  type: "Pooling"
  bottom: "drop3"
  top: "pool3"
  pooling_param {
    pool: MAX
    kernel_size: 2
    stride: 2
  }
}
layer {
  name: "conv4"
  type: "Convolution"
  bottom: "pool3"
  top: "conv4"
  convolution_param {
    num_output: 128
    pad: 0
    kernel_size: 3
    stride: 1
    weight_filler {
      type: "msra"
    }
    bias_filler {
      type: "constant"
      value: 0
    }
  }
}
layer {
  name: "relu4"
  type: "ReLU"
  bottom: "conv4"
  top: "conv4"
  relu_param {
    negative_slope: 0.1
  }
}
layer {
  name: "dropout4"
  type: "Dropout"
  bottom: "conv4"
  top: "drop4"
}
layer {
  name: "pool4"
  type: "Pooling"
  bottom: "drop4"
  top: "pool4"
  pooling_param {
    pool: MAX
    kernel_size: 2
    stride: 2
  }
}
layer {
  name: "fc1"
  type: "InnerProduct"
  bottom: "pool4"
  top: "fc1"
  inner_product_param {
    num_output: 1024
    weight_filler {
      type: "msra"
    }
    bias_filler {
      type: "constant"
      value: 0
    }
  }
}
layer {
  name: "dropout5"
  type: "Dropout"
  bottom: "fc1"
  top: "drop5"
}
layer {
  name: "fc2"
  type: "InnerProduct"
  bottom: "drop5"
  top: "fc2"
  inner_product_param {
    num_output: 2
    weight_filler {
      type: "msra"
    }
    bias_filler {
      type: "constant"
      value: 0
    }
  }
}
layer {
  name: "loss"
  type: "SoftmaxWithLoss"
  bottom: "fc2"
  bottom: "label"
}
I1013 15:24:37.865176 56701 layer_factory.hpp:114] Creating layer data
I1013 15:24:37.865185 56701 net.cpp:160] Creating Layer data
I1013 15:24:37.865188 56701 net.cpp:570] data -> data
I1013 15:24:37.865200 56701 net.cpp:570] data -> label
I1013 15:24:37.865425 56701 net.cpp:210] Setting up data
I1013 15:24:37.865432 56701 net.cpp:217] Top shape: 1 3 124 124 (46128)
I1013 15:24:37.865442 56701 net.cpp:217] Top shape: 1 1 1 1 (1)
I1013 15:24:37.865445 56701 net.cpp:225] Memory required for data: 184516
I1013 15:24:37.865448 56701 layer_factory.hpp:114] Creating layer conv1
I1013 15:24:37.865461 56701 net.cpp:160] Creating Layer conv1
I1013 15:24:37.865464 56701 net.cpp:596] conv1 <- data
I1013 15:24:37.865470 56701 net.cpp:570] conv1 -> conv1
I1013 15:24:37.877164 56701 net.cpp:210] Setting up conv1
I1013 15:24:37.877182 56701 net.cpp:217] Top shape: 1 128 122 122 (1905152)
I1013 15:24:37.877192 56701 net.cpp:225] Memory required for data: 7805124
I1013 15:24:37.877213 56701 layer_factory.hpp:114] Creating layer relu1
I1013 15:24:37.877241 56701 net.cpp:160] Creating Layer relu1
I1013 15:24:37.877255 56701 net.cpp:596] relu1 <- conv1
I1013 15:24:37.877264 56701 net.cpp:557] relu1 -> conv1 (in-place)
I1013 15:24:37.877288 56701 net.cpp:210] Setting up relu1
I1013 15:24:37.877293 56701 net.cpp:217] Top shape: 1 128 122 122 (1905152)
I1013 15:24:37.877300 56701 net.cpp:225] Memory required for data: 15425732
I1013 15:24:37.877305 56701 layer_factory.hpp:114] Creating layer dropout1
I1013 15:24:37.877315 56701 net.cpp:160] Creating Layer dropout1
I1013 15:24:37.877318 56701 net.cpp:596] dropout1 <- conv1
I1013 15:24:37.877326 56701 net.cpp:570] dropout1 -> drop1
I1013 15:24:37.877338 56701 net.cpp:210] Setting up dropout1
I1013 15:24:37.877351 56701 net.cpp:217] Top shape: 1 128 122 122 (1905152)
I1013 15:24:37.877357 56701 net.cpp:225] Memory required for data: 23046340
I1013 15:24:37.877362 56701 layer_factory.hpp:114] Creating layer pool1
I1013 15:24:37.877374 56701 net.cpp:160] Creating Layer pool1
I1013 15:24:37.877384 56701 net.cpp:596] pool1 <- drop1
I1013 15:24:37.877393 56701 net.cpp:570] pool1 -> pool1
I1013 15:24:37.877423 56701 net.cpp:210] Setting up pool1
I1013 15:24:37.877427 56701 net.cpp:217] Top shape: 1 128 61 61 (476288)
I1013 15:24:37.877434 56701 net.cpp:225] Memory required for data: 24951492
I1013 15:24:37.877439 56701 layer_factory.hpp:114] Creating layer conv2
I1013 15:24:37.877459 56701 net.cpp:160] Creating Layer conv2
I1013 15:24:37.877463 56701 net.cpp:596] conv2 <- pool1
I1013 15:24:37.877477 56701 net.cpp:570] conv2 -> conv2
I1013 15:24:37.889897 56701 net.cpp:210] Setting up conv2
I1013 15:24:37.889915 56701 net.cpp:217] Top shape: 1 128 59 59 (445568)
I1013 15:24:37.889924 56701 net.cpp:225] Memory required for data: 26733764
I1013 15:24:37.889938 56701 layer_factory.hpp:114] Creating layer relu2
I1013 15:24:37.889968 56701 net.cpp:160] Creating Layer relu2
I1013 15:24:37.889976 56701 net.cpp:596] relu2 <- conv2
I1013 15:24:37.889984 56701 net.cpp:557] relu2 -> conv2 (in-place)
I1013 15:24:37.890004 56701 net.cpp:210] Setting up relu2
I1013 15:24:37.890010 56701 net.cpp:217] Top shape: 1 128 59 59 (445568)
I1013 15:24:37.890017 56701 net.cpp:225] Memory required for data: 28516036
I1013 15:24:37.890022 56701 layer_factory.hpp:114] Creating layer dropout2
I1013 15:24:37.890030 56701 net.cpp:160] Creating Layer dropout2
I1013 15:24:37.890034 56701 net.cpp:596] dropout2 <- conv2
I1013 15:24:37.890041 56701 net.cpp:570] dropout2 -> drop2
I1013 15:24:37.890051 56701 net.cpp:210] Setting up dropout2
I1013 15:24:37.890055 56701 net.cpp:217] Top shape: 1 128 59 59 (445568)
I1013 15:24:37.890061 56701 net.cpp:225] Memory required for data: 30298308
I1013 15:24:37.890065 56701 layer_factory.hpp:114] Creating layer pool2
I1013 15:24:37.890080 56701 net.cpp:160] Creating Layer pool2
I1013 15:24:37.890084 56701 net.cpp:596] pool2 <- drop2
I1013 15:24:37.890094 56701 net.cpp:570] pool2 -> pool2
I1013 15:24:37.890113 56701 net.cpp:210] Setting up pool2
I1013 15:24:37.890120 56701 net.cpp:217] Top shape: 1 128 30 30 (115200)
I1013 15:24:37.890125 56701 net.cpp:225] Memory required for data: 30759108
I1013 15:24:37.890130 56701 layer_factory.hpp:114] Creating layer conv3
I1013 15:24:37.890151 56701 net.cpp:160] Creating Layer conv3
I1013 15:24:37.890156 56701 net.cpp:596] conv3 <- pool2
I1013 15:24:37.890166 56701 net.cpp:570] conv3 -> conv3
I1013 15:24:37.896952 56701 net.cpp:210] Setting up conv3
I1013 15:24:37.896962 56701 net.cpp:217] Top shape: 1 128 28 28 (100352)
I1013 15:24:37.896973 56701 net.cpp:225] Memory required for data: 31160516
I1013 15:24:37.896986 56701 layer_factory.hpp:114] Creating layer relu3
I1013 15:24:37.896996 56701 net.cpp:160] Creating Layer relu3
I1013 15:24:37.897006 56701 net.cpp:596] relu3 <- conv3
I1013 15:24:37.897011 56701 net.cpp:557] relu3 -> conv3 (in-place)
I1013 15:24:37.897032 56701 net.cpp:210] Setting up relu3
I1013 15:24:37.897042 56701 net.cpp:217] Top shape: 1 128 28 28 (100352)
I1013 15:24:37.897049 56701 net.cpp:225] Memory required for data: 31561924
I1013 15:24:37.897054 56701 layer_factory.hpp:114] Creating layer dropout3
I1013 15:24:37.897063 56701 net.cpp:160] Creating Layer dropout3
I1013 15:24:37.897069 56701 net.cpp:596] dropout3 <- conv3
I1013 15:24:37.897078 56701 net.cpp:570] dropout3 -> drop3
I1013 15:24:37.897089 56701 net.cpp:210] Setting up dropout3
I1013 15:24:37.897094 56701 net.cpp:217] Top shape: 1 128 28 28 (100352)
I1013 15:24:37.897099 56701 net.cpp:225] Memory required for data: 31963332
I1013 15:24:37.897104 56701 layer_factory.hpp:114] Creating layer pool3
I1013 15:24:37.897115 56701 net.cpp:160] Creating Layer pool3
I1013 15:24:37.897120 56701 net.cpp:596] pool3 <- drop3
I1013 15:24:37.897127 56701 net.cpp:570] pool3 -> pool3
I1013 15:24:37.897150 56701 net.cpp:210] Setting up pool3
I1013 15:24:37.897187 56701 net.cpp:217] Top shape: 1 128 14 14 (25088)
I1013 15:24:37.897222 56701 net.cpp:225] Memory required for data: 32063684
I1013 15:24:37.897248 56701 layer_factory.hpp:114] Creating layer conv4
I1013 15:24:37.897295 56701 net.cpp:160] Creating Layer conv4
I1013 15:24:37.897302 56701 net.cpp:596] conv4 <- pool3
I1013 15:24:37.897310 56701 net.cpp:570] conv4 -> conv4
I1013 15:24:37.902904 56701 net.cpp:210] Setting up conv4
I1013 15:24:37.902915 56701 net.cpp:217] Top shape: 1 128 12 12 (18432)
I1013 15:24:37.902923 56701 net.cpp:225] Memory required for data: 32137412
I1013 15:24:37.902933 56701 layer_factory.hpp:114] Creating layer relu4
I1013 15:24:37.902948 56701 net.cpp:160] Creating Layer relu4
I1013 15:24:37.902953 56701 net.cpp:596] relu4 <- conv4
I1013 15:24:37.902961 56701 net.cpp:557] relu4 -> conv4 (in-place)
I1013 15:24:37.902981 56701 net.cpp:210] Setting up relu4
I1013 15:24:37.903010 56701 net.cpp:217] Top shape: 1 128 12 12 (18432)
I1013 15:24:37.903074 56701 net.cpp:225] Memory required for data: 32211140
I1013 15:24:37.903082 56701 layer_factory.hpp:114] Creating layer dropout4
I1013 15:24:37.903093 56701 net.cpp:160] Creating Layer dropout4
I1013 15:24:37.903097 56701 net.cpp:596] dropout4 <- conv4
I1013 15:24:37.903105 56701 net.cpp:570] dropout4 -> drop4
I1013 15:24:37.903120 56701 net.cpp:210] Setting up dropout4
I1013 15:24:37.903146 56701 net.cpp:217] Top shape: 1 128 12 12 (18432)
I1013 15:24:37.903197 56701 net.cpp:225] Memory required for data: 32284868
I1013 15:24:37.903204 56701 layer_factory.hpp:114] Creating layer pool4
I1013 15:24:37.903228 56701 net.cpp:160] Creating Layer pool4
I1013 15:24:37.903233 56701 net.cpp:596] pool4 <- drop4
I1013 15:24:37.903245 56701 net.cpp:570] pool4 -> pool4
I1013 15:24:37.903302 56701 net.cpp:210] Setting up pool4
I1013 15:24:37.903357 56701 net.cpp:217] Top shape: 1 128 6 6 (4608)
I1013 15:24:37.903369 56701 net.cpp:225] Memory required for data: 32303300
I1013 15:24:37.903374 56701 layer_factory.hpp:114] Creating layer fc1
I1013 15:24:37.903396 56701 net.cpp:160] Creating Layer fc1
I1013 15:24:37.903403 56701 net.cpp:596] fc1 <- pool4
I1013 15:24:37.903411 56701 net.cpp:570] fc1 -> fc1
I1013 15:24:37.973773 56701 net.cpp:210] Setting up fc1
I1013 15:24:37.973785 56701 net.cpp:217] Top shape: 1 1024 (1024)
I1013 15:24:37.973793 56701 net.cpp:225] Memory required for data: 32307396
I1013 15:24:37.973806 56701 layer_factory.hpp:114] Creating layer dropout5
I1013 15:24:37.973816 56701 net.cpp:160] Creating Layer dropout5
I1013 15:24:37.973820 56701 net.cpp:596] dropout5 <- fc1
I1013 15:24:37.973832 56701 net.cpp:570] dropout5 -> drop5
I1013 15:24:37.973845 56701 net.cpp:210] Setting up dropout5
I1013 15:24:37.973850 56701 net.cpp:217] Top shape: 1 1024 (1024)
I1013 15:24:37.973856 56701 net.cpp:225] Memory required for data: 32311492
I1013 15:24:37.973861 56701 layer_factory.hpp:114] Creating layer fc2
I1013 15:24:37.973873 56701 net.cpp:160] Creating Layer fc2
I1013 15:24:37.973878 56701 net.cpp:596] fc2 <- drop5
I1013 15:24:37.973886 56701 net.cpp:570] fc2 -> fc2
I1013 15:24:37.973960 56701 net.cpp:210] Setting up fc2
I1013 15:24:37.974000 56701 net.cpp:217] Top shape: 1 2 (2)
I1013 15:24:37.974050 56701 net.cpp:225] Memory required for data: 32311500
I1013 15:24:37.974093 56701 layer_factory.hpp:114] Creating layer loss
I1013 15:24:37.974136 56701 net.cpp:160] Creating Layer loss
I1013 15:24:37.974169 56701 net.cpp:596] loss <- fc2
I1013 15:24:37.974201 56701 net.cpp:596] loss <- label
I1013 15:24:37.974274 56701 net.cpp:570] loss -> (automatic)
I1013 15:24:37.974290 56701 layer_factory.hpp:114] Creating layer loss
I1013 15:24:37.974325 56701 net.cpp:210] Setting up loss
I1013 15:24:37.974359 56701 net.cpp:217] Top shape: (1)
I1013 15:24:37.974419 56701 net.cpp:220]     with loss weight 1
I1013 15:24:37.974455 56701 net.cpp:225] Memory required for data: 32311504
I1013 15:24:37.974462 56701 net.cpp:287] loss needs backward computation.
I1013 15:24:37.974467 56701 net.cpp:287] fc2 needs backward computation.
I1013 15:24:37.974472 56701 net.cpp:287] dropout5 needs backward computation.
I1013 15:24:37.974475 56701 net.cpp:287] fc1 needs backward computation.
I1013 15:24:37.974479 56701 net.cpp:287] pool4 needs backward computation.
I1013 15:24:37.974483 56701 net.cpp:287] dropout4 needs backward computation.
I1013 15:24:37.974488 56701 net.cpp:287] relu4 needs backward computation.
I1013 15:24:37.974493 56701 net.cpp:287] conv4 needs backward computation.
I1013 15:24:37.974496 56701 net.cpp:287] pool3 needs backward computation.
I1013 15:24:37.974501 56701 net.cpp:287] dropout3 needs backward computation.
I1013 15:24:37.974505 56701 net.cpp:287] relu3 needs backward computation.
I1013 15:24:37.974509 56701 net.cpp:287] conv3 needs backward computation.
I1013 15:24:37.974514 56701 net.cpp:287] pool2 needs backward computation.
I1013 15:24:37.974519 56701 net.cpp:287] dropout2 needs backward computation.
I1013 15:24:37.974524 56701 net.cpp:287] relu2 needs backward computation.
I1013 15:24:37.974527 56701 net.cpp:287] conv2 needs backward computation.
I1013 15:24:37.974532 56701 net.cpp:287] pool1 needs backward computation.
I1013 15:24:37.974537 56701 net.cpp:287] dropout1 needs backward computation.
I1013 15:24:37.974541 56701 net.cpp:287] relu1 needs backward computation.
I1013 15:24:37.974545 56701 net.cpp:287] conv1 needs backward computation.
I1013 15:24:37.974551 56701 net.cpp:289] data does not need backward computation.
I1013 15:24:37.974573 56701 net.cpp:345] Network initialization done.
I1013 15:24:37.974730 56701 caffe.cpp:445] Performing Forward
I1013 15:24:38.023679 56701 caffe.cpp:450] Initial loss: 59.2643
I1013 15:24:38.023713 56701 caffe.cpp:452] Performing Backward
I1013 15:24:38.057862 56701 caffe.cpp:461] *** Benchmark begins ***
I1013 15:24:38.057898 56701 caffe.cpp:462] Testing for 10 iterations.
I1013 15:24:38.092789 56701 caffe.cpp:491] Iteration: 1 forward-backward time: 34 ms.
I1013 15:24:38.127758 56701 caffe.cpp:491] Iteration: 2 forward-backward time: 34 ms.
I1013 15:24:38.162660 56701 caffe.cpp:491] Iteration: 3 forward-backward time: 34 ms.
I1013 15:24:38.197589 56701 caffe.cpp:491] Iteration: 4 forward-backward time: 34 ms.
I1013 15:24:38.232534 56701 caffe.cpp:491] Iteration: 5 forward-backward time: 34 ms.
I1013 15:24:38.267474 56701 caffe.cpp:491] Iteration: 6 forward-backward time: 34 ms.
I1013 15:24:38.302551 56701 caffe.cpp:491] Iteration: 7 forward-backward time: 35 ms.
I1013 15:24:38.337466 56701 caffe.cpp:491] Iteration: 8 forward-backward time: 34 ms.
I1013 15:24:38.372455 56701 caffe.cpp:491] Iteration: 9 forward-backward time: 34 ms.
I1013 15:24:38.407480 56701 caffe.cpp:491] Iteration: 10 forward-backward time: 34 ms.
I1013 15:24:38.407517 56701 caffe.cpp:498] Average time per layer: 
I1013 15:24:38.407522 56701 caffe.cpp:501]       data	forward: 0.7993 ms.
I1013 15:24:38.407528 56701 caffe.cpp:505]       data	backward: 0.0008 ms.
I1013 15:24:38.407532 56701 caffe.cpp:501]      conv1	forward: 0.3933 ms.
I1013 15:24:38.407537 56701 caffe.cpp:505]      conv1	backward: 0.3623 ms.
I1013 15:24:38.407541 56701 caffe.cpp:501]      relu1	forward: 0.0373 ms.
I1013 15:24:38.407546 56701 caffe.cpp:505]      relu1	backward: 0.522 ms.
I1013 15:24:38.407552 56701 caffe.cpp:501]   dropout1	forward: 0.8314 ms.
I1013 15:24:38.407555 56701 caffe.cpp:505]   dropout1	backward: 0.6777 ms.
I1013 15:24:38.407559 56701 caffe.cpp:501]      pool1	forward: 11.0904 ms.
I1013 15:24:38.407564 56701 caffe.cpp:505]      pool1	backward: 2.2973 ms.
I1013 15:24:38.407568 56701 caffe.cpp:501]      conv2	forward: 3.7204 ms.
I1013 15:24:38.407572 56701 caffe.cpp:505]      conv2	backward: 5.3972 ms.
I1013 15:24:38.407577 56701 caffe.cpp:501]      relu2	forward: 0.0343 ms.
I1013 15:24:38.407582 56701 caffe.cpp:505]      relu2	backward: 0.0986 ms.
I1013 15:24:38.407585 56701 caffe.cpp:501]   dropout2	forward: 0.218 ms.
I1013 15:24:38.407590 56701 caffe.cpp:505]   dropout2	backward: 0.1669 ms.
I1013 15:24:38.407595 56701 caffe.cpp:501]      pool2	forward: 2.7373 ms.
I1013 15:24:38.407599 56701 caffe.cpp:505]      pool2	backward: 0.6563 ms.
I1013 15:24:38.407605 56701 caffe.cpp:501]      conv3	forward: 0.9059 ms.
I1013 15:24:38.407610 56701 caffe.cpp:505]      conv3	backward: 0.7395 ms.
I1013 15:24:38.407615 56701 caffe.cpp:501]      relu3	forward: 0.0218 ms.
I1013 15:24:38.407620 56701 caffe.cpp:505]      relu3	backward: 0.0267 ms.
I1013 15:24:38.407625 56701 caffe.cpp:501]   dropout3	forward: 0.0643 ms.
I1013 15:24:38.407630 56701 caffe.cpp:505]   dropout3	backward: 0.0458 ms.
I1013 15:24:38.407635 56701 caffe.cpp:501]      pool3	forward: 0.6629 ms.
I1013 15:24:38.407640 56701 caffe.cpp:505]      pool3	backward: 0.1801 ms.
I1013 15:24:38.407645 56701 caffe.cpp:501]      conv4	forward: 0.1736 ms.
I1013 15:24:38.407650 56701 caffe.cpp:505]      conv4	backward: 0.2266 ms.
I1013 15:24:38.407655 56701 caffe.cpp:501]      relu4	forward: 0.0051 ms.
I1013 15:24:38.407661 56701 caffe.cpp:505]      relu4	backward: 0.0112 ms.
I1013 15:24:38.407666 56701 caffe.cpp:501]   dropout4	forward: 0.0169 ms.
I1013 15:24:38.407671 56701 caffe.cpp:505]   dropout4	backward: 0.0132 ms.
I1013 15:24:38.407676 56701 caffe.cpp:501]      pool4	forward: 0.1345 ms.
I1013 15:24:38.407681 56701 caffe.cpp:505]      pool4	backward: 0.047 ms.
I1013 15:24:38.407687 56701 caffe.cpp:501]        fc1	forward: 0.6769 ms.
I1013 15:24:38.407692 56701 caffe.cpp:505]        fc1	backward: 0.849 ms.
I1013 15:24:38.407697 56701 caffe.cpp:501]   dropout5	forward: 0.007 ms.
I1013 15:24:38.407702 56701 caffe.cpp:505]   dropout5	backward: 0.0027 ms.
I1013 15:24:38.407707 56701 caffe.cpp:501]        fc2	forward: 0.0048 ms.
I1013 15:24:38.407712 56701 caffe.cpp:505]        fc2	backward: 0.0069 ms.
I1013 15:24:38.407718 56701 caffe.cpp:501]       loss	forward: 0.0202 ms.
I1013 15:24:38.407723 56701 caffe.cpp:505]       loss	backward: 0.0033 ms.
I1013 15:24:38.407729 56701 caffe.cpp:511] Average Forward pass: 22.5677 ms.
I1013 15:24:38.407735 56701 caffe.cpp:514] Average Backward pass: 12.343 ms.
I1013 15:24:38.407742 56701 caffe.cpp:516] Average Forward-Backward: 34.9 ms.
I1013 15:24:38.407747 56701 caffe.cpp:519] Total Time: 349 ms.
I1013 15:24:38.407768 56701 caffe.cpp:520] *** Benchmark ends ***
