srun -n 1 -c 272 --cpu_bind=cores /project/projectdirs/mpccc/tmalas/intelcaffe/install_cori-knl/bin/caffe time -model=subst_train_val.prototxt -iterations=10
I1013 15:24:14.252882 259084 caffe.cpp:437] Use CPU.
I1013 15:24:14.292757 259084 cpu_info.cpp:452] Processor speed [MHz]: 1400
I1013 15:24:14.292824 259084 cpu_info.cpp:455] Total number of sockets: 1
I1013 15:24:14.292842 259084 cpu_info.cpp:458] Total number of CPU cores: 68
I1013 15:24:14.292857 259084 cpu_info.cpp:461] Total number of processors: 272
I1013 15:24:14.292872 259084 cpu_info.cpp:464] GPU is used: no
I1013 15:24:14.292887 259084 cpu_info.cpp:467] OpenMP environmental variables are specified: yes
I1013 15:24:14.292901 259084 cpu_info.cpp:470] OpenMP thread bind allowed: no
I1013 15:24:14.292917 259084 cpu_info.cpp:473] Number of OpenMP threads: 68
I1013 15:24:14.318061 259084 net.cpp:484] The NetState phase (0) differed from the phase (1) specified by a rule in layer data
I1013 15:24:14.318867 259084 net.cpp:120] Initializing net from parameters: 
name: "HEP_CLASSIFIER"
state {
  phase: TRAIN
  level: 0
  stage: ""
}
layer {
  name: "data"
  type: "DummyData"
  top: "data"
  top: "label"
  include {
    phase: TRAIN
  }
  dummy_data_param {
    data_filler {
      type: "gaussian"
      std: 1
    }
    data_filler {
      type: "constant"
      value: 0
    }
    shape {
      dim: 8
      dim: 3
      dim: 124
      dim: 124
    }
    shape {
      dim: 8
      dim: 1
      dim: 1
      dim: 1
    }
  }
}
layer {
  name: "conv1"
  type: "Convolution"
  bottom: "data"
  top: "conv1"
  convolution_param {
    num_output: 128
    pad: 0
    kernel_size: 3
    stride: 1
    weight_filler {
      type: "msra"
    }
    bias_filler {
      type: "constant"
      value: 0
    }
  }
}
layer {
  name: "relu1"
  type: "ReLU"
  bottom: "conv1"
  top: "conv1"
  relu_param {
    negative_slope: 0.1
  }
}
layer {
  name: "dropout1"
  type: "Dropout"
  bottom: "conv1"
  top: "drop1"
}
layer {
  name: "pool1"
  type: "Pooling"
  bottom: "drop1"
  top: "pool1"
  pooling_param {
    pool: MAX
    kernel_size: 2
    stride: 2
  }
}
layer {
  name: "conv2"
  type: "Convolution"
  bottom: "pool1"
  top: "conv2"
  convolution_param {
    num_output: 128
    pad: 0
    kernel_size: 3
    stride: 1
    weight_filler {
      type: "msra"
    }
    bias_filler {
      type: "constant"
      value: 0
    }
  }
}
layer {
  name: "relu2"
  type: "ReLU"
  bottom: "conv2"
  top: "conv2"
  relu_param {
    negative_slope: 0.1
  }
}
layer {
  name: "dropout2"
  type: "Dropout"
  bottom: "conv2"
  top: "drop2"
}
layer {
  name: "pool2"
  type: "Pooling"
  bottom: "drop2"
  top: "pool2"
  pooling_param {
    pool: MAX
    kernel_size: 2
    stride: 2
  }
}
layer {
  name: "conv3"
  type: "Convolution"
  bottom: "pool2"
  top: "conv3"
  convolution_param {
    num_output: 128
    pad: 0
    kernel_size: 3
    stride: 1
    weight_filler {
      type: "msra"
    }
    bias_filler {
      type: "constant"
      value: 0
    }
  }
}
layer {
  name: "relu3"
  type: "ReLU"
  bottom: "conv3"
  top: "conv3"
  relu_param {
    negative_slope: 0.1
  }
}
layer {
  name: "dropout3"
  type: "Dropout"
  bottom: "conv3"
  top: "drop3"
}
layer {
  name: "pool3"
  type: "Pooling"
  bottom: "drop3"
  top: "pool3"
  pooling_param {
    pool: MAX
    kernel_size: 2
    stride: 2
  }
}
layer {
  name: "conv4"
  type: "Convolution"
  bottom: "pool3"
  top: "conv4"
  convolution_param {
    num_output: 128
    pad: 0
    kernel_size: 3
    stride: 1
    weight_filler {
      type: "msra"
    }
    bias_filler {
      type: "constant"
      value: 0
    }
  }
}
layer {
  name: "relu4"
  type: "ReLU"
  bottom: "conv4"
  top: "conv4"
  relu_param {
    negative_slope: 0.1
  }
}
layer {
  name: "dropout4"
  type: "Dropout"
  bottom: "conv4"
  top: "drop4"
}
layer {
  name: "pool4"
  type: "Pooling"
  bottom: "drop4"
  top: "pool4"
  pooling_param {
    pool: MAX
    kernel_size: 2
    stride: 2
  }
}
layer {
  name: "fc1"
  type: "InnerProduct"
  bottom: "pool4"
  top: "fc1"
  inner_product_param {
    num_output: 1024
    weight_filler {
      type: "msra"
    }
    bias_filler {
      type: "constant"
      value: 0
    }
  }
}
layer {
  name: "dropout5"
  type: "Dropout"
  bottom: "fc1"
  top: "drop5"
}
layer {
  name: "fc2"
  type: "InnerProduct"
  bottom: "drop5"
  top: "fc2"
  inner_product_param {
    num_output: 2
    weight_filler {
      type: "msra"
    }
    bias_filler {
      type: "constant"
      value: 0
    }
  }
}
layer {
  name: "loss"
  type: "SoftmaxWithLoss"
  bottom: "fc2"
  bottom: "label"
}
I1013 15:24:14.320644 259084 layer_factory.hpp:114] Creating layer data
I1013 15:24:14.320721 259084 net.cpp:160] Creating Layer data
I1013 15:24:14.320755 259084 net.cpp:570] data -> data
I1013 15:24:14.320822 259084 net.cpp:570] data -> label
I1013 15:24:14.344081 259084 net.cpp:210] Setting up data
I1013 15:24:14.344193 259084 net.cpp:217] Top shape: 8 3 124 124 (369024)
I1013 15:24:14.344255 259084 net.cpp:217] Top shape: 8 1 1 1 (8)
I1013 15:24:14.344290 259084 net.cpp:225] Memory required for data: 1476128
I1013 15:24:14.344322 259084 layer_factory.hpp:114] Creating layer conv1
I1013 15:24:14.344442 259084 net.cpp:160] Creating Layer conv1
I1013 15:24:14.344486 259084 net.cpp:596] conv1 <- data
I1013 15:24:14.344568 259084 net.cpp:570] conv1 -> conv1
I1013 15:24:14.468448 259084 net.cpp:210] Setting up conv1
I1013 15:24:14.468540 259084 net.cpp:217] Top shape: 8 128 122 122 (15241216)
I1013 15:24:14.468590 259084 net.cpp:225] Memory required for data: 62440992
I1013 15:24:14.468691 259084 layer_factory.hpp:114] Creating layer relu1
I1013 15:24:14.468788 259084 net.cpp:160] Creating Layer relu1
I1013 15:24:14.468830 259084 net.cpp:596] relu1 <- conv1
I1013 15:24:14.468883 259084 net.cpp:557] relu1 -> conv1 (in-place)
I1013 15:24:14.474377 259084 net.cpp:210] Setting up relu1
I1013 15:24:14.474465 259084 net.cpp:217] Top shape: 8 128 122 122 (15241216)
I1013 15:24:14.474508 259084 net.cpp:225] Memory required for data: 123405856
I1013 15:24:14.474537 259084 layer_factory.hpp:114] Creating layer dropout1
I1013 15:24:14.474583 259084 net.cpp:160] Creating Layer dropout1
I1013 15:24:14.474609 259084 net.cpp:596] dropout1 <- conv1
I1013 15:24:14.474647 259084 net.cpp:570] dropout1 -> drop1
I1013 15:24:14.474710 259084 net.cpp:210] Setting up dropout1
I1013 15:24:14.474738 259084 net.cpp:217] Top shape: 8 128 122 122 (15241216)
I1013 15:24:14.474777 259084 net.cpp:225] Memory required for data: 184370720
I1013 15:24:14.474809 259084 layer_factory.hpp:114] Creating layer pool1
I1013 15:24:14.474928 259084 net.cpp:160] Creating Layer pool1
I1013 15:24:14.474980 259084 net.cpp:596] pool1 <- drop1
I1013 15:24:14.475021 259084 net.cpp:570] pool1 -> pool1
I1013 15:24:14.479704 259084 net.cpp:210] Setting up pool1
I1013 15:24:14.479794 259084 net.cpp:217] Top shape: 8 128 61 61 (3810304)
I1013 15:24:14.479835 259084 net.cpp:225] Memory required for data: 199611936
I1013 15:24:14.479861 259084 layer_factory.hpp:114] Creating layer conv2
I1013 15:24:14.479935 259084 net.cpp:160] Creating Layer conv2
I1013 15:24:14.479965 259084 net.cpp:596] conv2 <- pool1
I1013 15:24:14.480005 259084 net.cpp:570] conv2 -> conv2
I1013 15:24:14.679890 259084 net.cpp:210] Setting up conv2
I1013 15:24:14.679989 259084 net.cpp:217] Top shape: 8 128 59 59 (3564544)
I1013 15:24:14.680061 259084 net.cpp:225] Memory required for data: 213870112
I1013 15:24:14.680153 259084 layer_factory.hpp:114] Creating layer relu2
I1013 15:24:14.680251 259084 net.cpp:160] Creating Layer relu2
I1013 15:24:14.680305 259084 net.cpp:596] relu2 <- conv2
I1013 15:24:14.680371 259084 net.cpp:557] relu2 -> conv2 (in-place)
I1013 15:24:14.684978 259084 net.cpp:210] Setting up relu2
I1013 15:24:14.685070 259084 net.cpp:217] Top shape: 8 128 59 59 (3564544)
I1013 15:24:14.685122 259084 net.cpp:225] Memory required for data: 228128288
I1013 15:24:14.685154 259084 layer_factory.hpp:114] Creating layer dropout2
I1013 15:24:14.685205 259084 net.cpp:160] Creating Layer dropout2
I1013 15:24:14.685243 259084 net.cpp:596] dropout2 <- conv2
I1013 15:24:14.685293 259084 net.cpp:570] dropout2 -> drop2
I1013 15:24:14.685367 259084 net.cpp:210] Setting up dropout2
I1013 15:24:14.685402 259084 net.cpp:217] Top shape: 8 128 59 59 (3564544)
I1013 15:24:14.685443 259084 net.cpp:225] Memory required for data: 242386464
I1013 15:24:14.685555 259084 layer_factory.hpp:114] Creating layer pool2
I1013 15:24:14.685652 259084 net.cpp:160] Creating Layer pool2
I1013 15:24:14.685722 259084 net.cpp:596] pool2 <- drop2
I1013 15:24:14.685781 259084 net.cpp:570] pool2 -> pool2
I1013 15:24:14.690291 259084 net.cpp:210] Setting up pool2
I1013 15:24:14.690377 259084 net.cpp:217] Top shape: 8 128 30 30 (921600)
I1013 15:24:14.690420 259084 net.cpp:225] Memory required for data: 246072864
I1013 15:24:14.690449 259084 layer_factory.hpp:114] Creating layer conv3
I1013 15:24:14.690541 259084 net.cpp:160] Creating Layer conv3
I1013 15:24:14.690582 259084 net.cpp:596] conv3 <- pool2
I1013 15:24:14.690636 259084 net.cpp:570] conv3 -> conv3
I1013 15:24:14.803900 259084 net.cpp:210] Setting up conv3
I1013 15:24:14.804005 259084 net.cpp:217] Top shape: 8 128 28 28 (802816)
I1013 15:24:14.804075 259084 net.cpp:225] Memory required for data: 249284128
I1013 15:24:14.804167 259084 layer_factory.hpp:114] Creating layer relu3
I1013 15:24:14.804294 259084 net.cpp:160] Creating Layer relu3
I1013 15:24:14.804354 259084 net.cpp:596] relu3 <- conv3
I1013 15:24:14.804420 259084 net.cpp:557] relu3 -> conv3 (in-place)
I1013 15:24:14.809301 259084 net.cpp:210] Setting up relu3
I1013 15:24:14.809391 259084 net.cpp:217] Top shape: 8 128 28 28 (802816)
I1013 15:24:14.809438 259084 net.cpp:225] Memory required for data: 252495392
I1013 15:24:14.809509 259084 layer_factory.hpp:114] Creating layer dropout3
I1013 15:24:14.809576 259084 net.cpp:160] Creating Layer dropout3
I1013 15:24:14.809612 259084 net.cpp:596] dropout3 <- conv3
I1013 15:24:14.809666 259084 net.cpp:570] dropout3 -> drop3
I1013 15:24:14.809738 259084 net.cpp:210] Setting up dropout3
I1013 15:24:14.809772 259084 net.cpp:217] Top shape: 8 128 28 28 (802816)
I1013 15:24:14.809814 259084 net.cpp:225] Memory required for data: 255706656
I1013 15:24:14.809846 259084 layer_factory.hpp:114] Creating layer pool3
I1013 15:24:14.809934 259084 net.cpp:160] Creating Layer pool3
I1013 15:24:14.810015 259084 net.cpp:596] pool3 <- drop3
I1013 15:24:14.810078 259084 net.cpp:570] pool3 -> pool3
I1013 15:24:14.814306 259084 net.cpp:210] Setting up pool3
I1013 15:24:14.814394 259084 net.cpp:217] Top shape: 8 128 14 14 (200704)
I1013 15:24:14.814436 259084 net.cpp:225] Memory required for data: 256509472
I1013 15:24:14.814465 259084 layer_factory.hpp:114] Creating layer conv4
I1013 15:24:14.814556 259084 net.cpp:160] Creating Layer conv4
I1013 15:24:14.814595 259084 net.cpp:596] conv4 <- pool3
I1013 15:24:14.814661 259084 net.cpp:570] conv4 -> conv4
I1013 15:24:14.902762 259084 net.cpp:210] Setting up conv4
I1013 15:24:14.902853 259084 net.cpp:217] Top shape: 8 128 12 12 (147456)
I1013 15:24:14.902942 259084 net.cpp:225] Memory required for data: 257099296
I1013 15:24:14.903017 259084 layer_factory.hpp:114] Creating layer relu4
I1013 15:24:14.903100 259084 net.cpp:160] Creating Layer relu4
I1013 15:24:14.903147 259084 net.cpp:596] relu4 <- conv4
I1013 15:24:14.903205 259084 net.cpp:557] relu4 -> conv4 (in-place)
I1013 15:24:14.908440 259084 net.cpp:210] Setting up relu4
I1013 15:24:14.908529 259084 net.cpp:217] Top shape: 8 128 12 12 (147456)
I1013 15:24:14.908572 259084 net.cpp:225] Memory required for data: 257689120
I1013 15:24:14.908606 259084 layer_factory.hpp:114] Creating layer dropout4
I1013 15:24:14.908665 259084 net.cpp:160] Creating Layer dropout4
I1013 15:24:14.908701 259084 net.cpp:596] dropout4 <- conv4
I1013 15:24:14.908746 259084 net.cpp:570] dropout4 -> drop4
I1013 15:24:14.908813 259084 net.cpp:210] Setting up dropout4
I1013 15:24:14.908845 259084 net.cpp:217] Top shape: 8 128 12 12 (147456)
I1013 15:24:14.908884 259084 net.cpp:225] Memory required for data: 258278944
I1013 15:24:14.908913 259084 layer_factory.hpp:114] Creating layer pool4
I1013 15:24:14.908975 259084 net.cpp:160] Creating Layer pool4
I1013 15:24:14.909005 259084 net.cpp:596] pool4 <- drop4
I1013 15:24:14.909095 259084 net.cpp:570] pool4 -> pool4
I1013 15:24:14.913605 259084 net.cpp:210] Setting up pool4
I1013 15:24:14.913686 259084 net.cpp:217] Top shape: 8 128 6 6 (36864)
I1013 15:24:14.913750 259084 net.cpp:225] Memory required for data: 258426400
I1013 15:24:14.913779 259084 layer_factory.hpp:114] Creating layer fc1
I1013 15:24:14.913851 259084 net.cpp:160] Creating Layer fc1
I1013 15:24:14.913888 259084 net.cpp:596] fc1 <- pool4
I1013 15:24:14.913934 259084 net.cpp:570] fc1 -> fc1
I1013 15:24:15.149852 259084 net.cpp:210] Setting up fc1
I1013 15:24:15.149936 259084 net.cpp:217] Top shape: 8 1024 (8192)
I1013 15:24:15.149998 259084 net.cpp:225] Memory required for data: 258459168
I1013 15:24:15.150068 259084 layer_factory.hpp:114] Creating layer dropout5
I1013 15:24:15.150116 259084 net.cpp:160] Creating Layer dropout5
I1013 15:24:15.150141 259084 net.cpp:596] dropout5 <- fc1
I1013 15:24:15.150178 259084 net.cpp:570] dropout5 -> drop5
I1013 15:24:15.150238 259084 net.cpp:210] Setting up dropout5
I1013 15:24:15.150265 259084 net.cpp:217] Top shape: 8 1024 (8192)
I1013 15:24:15.150300 259084 net.cpp:225] Memory required for data: 258491936
I1013 15:24:15.150352 259084 layer_factory.hpp:114] Creating layer fc2
I1013 15:24:15.150583 259084 net.cpp:160] Creating Layer fc2
I1013 15:24:15.150621 259084 net.cpp:596] fc2 <- drop5
I1013 15:24:15.150671 259084 net.cpp:570] fc2 -> fc2
I1013 15:24:15.154111 259084 net.cpp:210] Setting up fc2
I1013 15:24:15.154201 259084 net.cpp:217] Top shape: 8 2 (16)
I1013 15:24:15.154238 259084 net.cpp:225] Memory required for data: 258492000
I1013 15:24:15.154291 259084 layer_factory.hpp:114] Creating layer loss
I1013 15:24:15.154356 259084 net.cpp:160] Creating Layer loss
I1013 15:24:15.154386 259084 net.cpp:596] loss <- fc2
I1013 15:24:15.154434 259084 net.cpp:596] loss <- label
I1013 15:24:15.154484 259084 net.cpp:570] loss -> (automatic)
I1013 15:24:15.154542 259084 layer_factory.hpp:114] Creating layer loss
I1013 15:24:15.158044 259084 net.cpp:210] Setting up loss
I1013 15:24:15.158129 259084 net.cpp:217] Top shape: (1)
I1013 15:24:15.158170 259084 net.cpp:220]     with loss weight 1
I1013 15:24:15.158293 259084 net.cpp:225] Memory required for data: 258492004
I1013 15:24:15.158327 259084 net.cpp:287] loss needs backward computation.
I1013 15:24:15.158354 259084 net.cpp:287] fc2 needs backward computation.
I1013 15:24:15.158373 259084 net.cpp:287] dropout5 needs backward computation.
I1013 15:24:15.158392 259084 net.cpp:287] fc1 needs backward computation.
I1013 15:24:15.158411 259084 net.cpp:287] pool4 needs backward computation.
I1013 15:24:15.158430 259084 net.cpp:287] dropout4 needs backward computation.
I1013 15:24:15.158448 259084 net.cpp:287] relu4 needs backward computation.
I1013 15:24:15.158468 259084 net.cpp:287] conv4 needs backward computation.
I1013 15:24:15.158488 259084 net.cpp:287] pool3 needs backward computation.
I1013 15:24:15.158507 259084 net.cpp:287] dropout3 needs backward computation.
I1013 15:24:15.158552 259084 net.cpp:287] relu3 needs backward computation.
I1013 15:24:15.158586 259084 net.cpp:287] conv3 needs backward computation.
I1013 15:24:15.158607 259084 net.cpp:287] pool2 needs backward computation.
I1013 15:24:15.158627 259084 net.cpp:287] dropout2 needs backward computation.
I1013 15:24:15.158645 259084 net.cpp:287] relu2 needs backward computation.
I1013 15:24:15.158670 259084 net.cpp:287] conv2 needs backward computation.
I1013 15:24:15.158690 259084 net.cpp:287] pool1 needs backward computation.
I1013 15:24:15.158710 259084 net.cpp:287] dropout1 needs backward computation.
I1013 15:24:15.158728 259084 net.cpp:287] relu1 needs backward computation.
I1013 15:24:15.158747 259084 net.cpp:287] conv1 needs backward computation.
I1013 15:24:15.158768 259084 net.cpp:289] data does not need backward computation.
I1013 15:24:15.158843 259084 net.cpp:345] Network initialization done.
I1013 15:24:15.159513 259084 caffe.cpp:445] Performing Forward
I1013 15:24:15.748682 259084 caffe.cpp:450] Initial loss: 20.4146
I1013 15:24:15.748786 259084 caffe.cpp:452] Performing Backward
I1013 15:24:16.008792 259084 caffe.cpp:461] *** Benchmark begins ***
I1013 15:24:16.008905 259084 caffe.cpp:462] Testing for 10 iterations.
I1013 15:24:16.198580 259084 caffe.cpp:491] Iteration: 1 forward-backward time: 189 ms.
I1013 15:24:16.386080 259084 caffe.cpp:491] Iteration: 2 forward-backward time: 187 ms.
I1013 15:24:16.573879 259084 caffe.cpp:491] Iteration: 3 forward-backward time: 187 ms.
I1013 15:24:16.761231 259084 caffe.cpp:491] Iteration: 4 forward-backward time: 187 ms.
I1013 15:24:16.949069 259084 caffe.cpp:491] Iteration: 5 forward-backward time: 187 ms.
I1013 15:24:17.134754 259084 caffe.cpp:491] Iteration: 6 forward-backward time: 185 ms.
I1013 15:24:17.321399 259084 caffe.cpp:491] Iteration: 7 forward-backward time: 186 ms.
I1013 15:24:17.509351 259084 caffe.cpp:491] Iteration: 8 forward-backward time: 187 ms.
I1013 15:24:17.697185 259084 caffe.cpp:491] Iteration: 9 forward-backward time: 187 ms.
I1013 15:24:17.885977 259084 caffe.cpp:491] Iteration: 10 forward-backward time: 188 ms.
I1013 15:24:17.886072 259084 caffe.cpp:498] Average time per layer: 
I1013 15:24:17.886096 259084 caffe.cpp:501]       data	forward: 19.6834 ms.
I1013 15:24:17.886131 259084 caffe.cpp:505]       data	backward: 0.0034 ms.
I1013 15:24:17.886162 259084 caffe.cpp:501]      conv1	forward: 2.3625 ms.
I1013 15:24:17.886193 259084 caffe.cpp:505]      conv1	backward: 2.9647 ms.
I1013 15:24:17.886222 259084 caffe.cpp:501]      relu1	forward: 1.2254 ms.
I1013 15:24:17.886253 259084 caffe.cpp:505]      relu1	backward: 20.837 ms.
I1013 15:24:17.886287 259084 caffe.cpp:501]   dropout1	forward: 16.8013 ms.
I1013 15:24:17.886322 259084 caffe.cpp:505]   dropout1	backward: 13.3889 ms.
I1013 15:24:17.886356 259084 caffe.cpp:501]      pool1	forward: 41.131 ms.
I1013 15:24:17.886391 259084 caffe.cpp:505]      pool1	backward: 8.903 ms.
I1013 15:24:17.886425 259084 caffe.cpp:501]      conv2	forward: 16.9598 ms.
I1013 15:24:17.886502 259084 caffe.cpp:505]      conv2	backward: 17.5589 ms.
I1013 15:24:17.886545 259084 caffe.cpp:501]      relu2	forward: 0.1224 ms.
I1013 15:24:17.886585 259084 caffe.cpp:505]      relu2	backward: 0.9843 ms.
I1013 15:24:17.886715 259084 caffe.cpp:501]   dropout2	forward: 1.5796 ms.
I1013 15:24:17.886755 259084 caffe.cpp:505]   dropout2	backward: 1.09 ms.
I1013 15:24:17.886792 259084 caffe.cpp:501]      pool2	forward: 10.0678 ms.
I1013 15:24:17.886831 259084 caffe.cpp:505]      pool2	backward: 1.8983 ms.
I1013 15:24:17.886862 259084 caffe.cpp:501]      conv3	forward: 0.8448 ms.
I1013 15:24:17.886894 259084 caffe.cpp:505]      conv3	backward: 1.3884 ms.
I1013 15:24:17.886942 259084 caffe.cpp:501]      relu3	forward: 0.0483 ms.
I1013 15:24:17.887251 259084 caffe.cpp:505]      relu3	backward: 0.1851 ms.
I1013 15:24:17.887293 259084 caffe.cpp:501]   dropout3	forward: 0.2846 ms.
I1013 15:24:17.887331 259084 caffe.cpp:505]   dropout3	backward: 0.226 ms.
I1013 15:24:17.887378 259084 caffe.cpp:501]      pool3	forward: 2.3304 ms.
I1013 15:24:17.887420 259084 caffe.cpp:505]      pool3	backward: 0.4792 ms.
I1013 15:24:17.887459 259084 caffe.cpp:501]      conv4	forward: 0.2745 ms.
I1013 15:24:17.887496 259084 caffe.cpp:505]      conv4	backward: 0.4295 ms.
I1013 15:24:17.887532 259084 caffe.cpp:501]      relu4	forward: 0.0229 ms.
I1013 15:24:17.887586 259084 caffe.cpp:505]      relu4	backward: 0.0936 ms.
I1013 15:24:17.887634 259084 caffe.cpp:501]   dropout4	forward: 0.1033 ms.
I1013 15:24:17.887675 259084 caffe.cpp:505]   dropout4	backward: 0.0798 ms.
I1013 15:24:17.887955 259084 caffe.cpp:501]      pool4	forward: 0.4264 ms.
I1013 15:24:17.887996 259084 caffe.cpp:505]      pool4	backward: 0.1663 ms.
I1013 15:24:17.888034 259084 caffe.cpp:501]        fc1	forward: 0.4596 ms.
I1013 15:24:17.888082 259084 caffe.cpp:505]        fc1	backward: 1.3509 ms.
I1013 15:24:17.888118 259084 caffe.cpp:501]   dropout5	forward: 0.1338 ms.
I1013 15:24:17.888154 259084 caffe.cpp:505]   dropout5	backward: 0.0213 ms.
I1013 15:24:17.888191 259084 caffe.cpp:501]        fc2	forward: 0.1125 ms.
I1013 15:24:17.888250 259084 caffe.cpp:505]        fc2	backward: 0.0384 ms.
I1013 15:24:17.888301 259084 caffe.cpp:501]       loss	forward: 0.1581 ms.
I1013 15:24:17.888345 259084 caffe.cpp:505]       loss	backward: 0.0095 ms.
I1013 15:24:17.888422 259084 caffe.cpp:511] Average Forward pass: 115.304 ms.
I1013 15:24:17.888465 259084 caffe.cpp:514] Average Backward pass: 72.2748 ms.
I1013 15:24:17.888512 259084 caffe.cpp:516] Average Forward-Backward: 187.9 ms.
I1013 15:24:17.888557 259084 caffe.cpp:519] Total Time: 1879 ms.
I1013 15:24:17.888603 259084 caffe.cpp:520] *** Benchmark ends ***
