srun -n 1 -c 272 --cpu_bind=cores /project/projectdirs/mpccc/tmalas/intelcaffe/install_cori-knl/bin/caffe time -model=subst_train_val.prototxt -iterations=10
I1013 15:23:47.228649 258881 caffe.cpp:437] Use CPU.
I1013 15:23:47.267048 258881 cpu_info.cpp:452] Processor speed [MHz]: 1400
I1013 15:23:47.267115 258881 cpu_info.cpp:455] Total number of sockets: 1
I1013 15:23:47.267133 258881 cpu_info.cpp:458] Total number of CPU cores: 68
I1013 15:23:47.267150 258881 cpu_info.cpp:461] Total number of processors: 272
I1013 15:23:47.267165 258881 cpu_info.cpp:464] GPU is used: no
I1013 15:23:47.267180 258881 cpu_info.cpp:467] OpenMP environmental variables are specified: yes
I1013 15:23:47.267194 258881 cpu_info.cpp:470] OpenMP thread bind allowed: no
I1013 15:23:47.267208 258881 cpu_info.cpp:473] Number of OpenMP threads: 68
I1013 15:23:47.292714 258881 net.cpp:484] The NetState phase (0) differed from the phase (1) specified by a rule in layer data
I1013 15:23:47.293884 258881 net.cpp:120] Initializing net from parameters: 
name: "HEP_CLASSIFIER"
state {
  phase: TRAIN
  level: 0
  stage: ""
}
layer {
  name: "data"
  type: "DummyData"
  top: "data"
  top: "label"
  include {
    phase: TRAIN
  }
  dummy_data_param {
    data_filler {
      type: "gaussian"
      std: 1
    }
    data_filler {
      type: "constant"
      value: 0
    }
    shape {
      dim: 2
      dim: 3
      dim: 124
      dim: 124
    }
    shape {
      dim: 2
      dim: 1
      dim: 1
      dim: 1
    }
  }
}
layer {
  name: "conv1"
  type: "Convolution"
  bottom: "data"
  top: "conv1"
  convolution_param {
    num_output: 128
    pad: 0
    kernel_size: 3
    stride: 1
    weight_filler {
      type: "msra"
    }
    bias_filler {
      type: "constant"
      value: 0
    }
  }
}
layer {
  name: "relu1"
  type: "ReLU"
  bottom: "conv1"
  top: "conv1"
  relu_param {
    negative_slope: 0.1
  }
}
layer {
  name: "dropout1"
  type: "Dropout"
  bottom: "conv1"
  top: "drop1"
}
layer {
  name: "pool1"
  type: "Pooling"
  bottom: "drop1"
  top: "pool1"
  pooling_param {
    pool: MAX
    kernel_size: 2
    stride: 2
  }
}
layer {
  name: "conv2"
  type: "Convolution"
  bottom: "pool1"
  top: "conv2"
  convolution_param {
    num_output: 128
    pad: 0
    kernel_size: 3
    stride: 1
    weight_filler {
      type: "msra"
    }
    bias_filler {
      type: "constant"
      value: 0
    }
  }
}
layer {
  name: "relu2"
  type: "ReLU"
  bottom: "conv2"
  top: "conv2"
  relu_param {
    negative_slope: 0.1
  }
}
layer {
  name: "dropout2"
  type: "Dropout"
  bottom: "conv2"
  top: "drop2"
}
layer {
  name: "pool2"
  type: "Pooling"
  bottom: "drop2"
  top: "pool2"
  pooling_param {
    pool: MAX
    kernel_size: 2
    stride: 2
  }
}
layer {
  name: "conv3"
  type: "Convolution"
  bottom: "pool2"
  top: "conv3"
  convolution_param {
    num_output: 128
    pad: 0
    kernel_size: 3
    stride: 1
    weight_filler {
      type: "msra"
    }
    bias_filler {
      type: "constant"
      value: 0
    }
  }
}
layer {
  name: "relu3"
  type: "ReLU"
  bottom: "conv3"
  top: "conv3"
  relu_param {
    negative_slope: 0.1
  }
}
layer {
  name: "dropout3"
  type: "Dropout"
  bottom: "conv3"
  top: "drop3"
}
layer {
  name: "pool3"
  type: "Pooling"
  bottom: "drop3"
  top: "pool3"
  pooling_param {
    pool: MAX
    kernel_size: 2
    stride: 2
  }
}
layer {
  name: "conv4"
  type: "Convolution"
  bottom: "pool3"
  top: "conv4"
  convolution_param {
    num_output: 128
    pad: 0
    kernel_size: 3
    stride: 1
    weight_filler {
      type: "msra"
    }
    bias_filler {
      type: "constant"
      value: 0
    }
  }
}
layer {
  name: "relu4"
  type: "ReLU"
  bottom: "conv4"
  top: "conv4"
  relu_param {
    negative_slope: 0.1
  }
}
layer {
  name: "dropout4"
  type: "Dropout"
  bottom: "conv4"
  top: "drop4"
}
layer {
  name: "pool4"
  type: "Pooling"
  bottom: "drop4"
  top: "pool4"
  pooling_param {
    pool: MAX
    kernel_size: 2
    stride: 2
  }
}
layer {
  name: "fc1"
  type: "InnerProduct"
  bottom: "pool4"
  top: "fc1"
  inner_product_param {
    num_output: 1024
    weight_filler {
      type: "msra"
    }
    bias_filler {
      type: "constant"
      value: 0
    }
  }
}
layer {
  name: "dropout5"
  type: "Dropout"
  bottom: "fc1"
  top: "drop5"
}
layer {
  name: "fc2"
  type: "InnerProduct"
  bottom: "drop5"
  top: "fc2"
  inner_product_param {
    num_output: 2
    weight_filler {
      type: "msra"
    }
    bias_filler {
      type: "constant"
      value: 0
    }
  }
}
layer {
  name: "loss"
  type: "SoftmaxWithLoss"
  bottom: "fc2"
  bottom: "label"
}
I1013 15:23:47.295541 258881 layer_factory.hpp:114] Creating layer data
I1013 15:23:47.295631 258881 net.cpp:160] Creating Layer data
I1013 15:23:47.295677 258881 net.cpp:570] data -> data
I1013 15:23:47.295755 258881 net.cpp:570] data -> label
I1013 15:23:47.318778 258881 net.cpp:210] Setting up data
I1013 15:23:47.318887 258881 net.cpp:217] Top shape: 2 3 124 124 (92256)
I1013 15:23:47.318959 258881 net.cpp:217] Top shape: 2 1 1 1 (2)
I1013 15:23:47.319000 258881 net.cpp:225] Memory required for data: 369032
I1013 15:23:47.319036 258881 layer_factory.hpp:114] Creating layer conv1
I1013 15:23:47.319159 258881 net.cpp:160] Creating Layer conv1
I1013 15:23:47.319208 258881 net.cpp:596] conv1 <- data
I1013 15:23:47.319294 258881 net.cpp:570] conv1 -> conv1
I1013 15:23:47.435353 258881 net.cpp:210] Setting up conv1
I1013 15:23:47.435434 258881 net.cpp:217] Top shape: 2 128 122 122 (3810304)
I1013 15:23:47.435477 258881 net.cpp:225] Memory required for data: 15610248
I1013 15:23:47.435564 258881 layer_factory.hpp:114] Creating layer relu1
I1013 15:23:47.435636 258881 net.cpp:160] Creating Layer relu1
I1013 15:23:47.435667 258881 net.cpp:596] relu1 <- conv1
I1013 15:23:47.435705 258881 net.cpp:557] relu1 -> conv1 (in-place)
I1013 15:23:47.440438 258881 net.cpp:210] Setting up relu1
I1013 15:23:47.440521 258881 net.cpp:217] Top shape: 2 128 122 122 (3810304)
I1013 15:23:47.440562 258881 net.cpp:225] Memory required for data: 30851464
I1013 15:23:47.440593 258881 layer_factory.hpp:114] Creating layer dropout1
I1013 15:23:47.440639 258881 net.cpp:160] Creating Layer dropout1
I1013 15:23:47.440665 258881 net.cpp:596] dropout1 <- conv1
I1013 15:23:47.440699 258881 net.cpp:570] dropout1 -> drop1
I1013 15:23:47.440758 258881 net.cpp:210] Setting up dropout1
I1013 15:23:47.440784 258881 net.cpp:217] Top shape: 2 128 122 122 (3810304)
I1013 15:23:47.440816 258881 net.cpp:225] Memory required for data: 46092680
I1013 15:23:47.440839 258881 layer_factory.hpp:114] Creating layer pool1
I1013 15:23:47.440929 258881 net.cpp:160] Creating Layer pool1
I1013 15:23:47.440975 258881 net.cpp:596] pool1 <- drop1
I1013 15:23:47.441117 258881 net.cpp:570] pool1 -> pool1
I1013 15:23:47.445776 258881 net.cpp:210] Setting up pool1
I1013 15:23:47.445863 258881 net.cpp:217] Top shape: 2 128 61 61 (952576)
I1013 15:23:47.445904 258881 net.cpp:225] Memory required for data: 49902984
I1013 15:23:47.445931 258881 layer_factory.hpp:114] Creating layer conv2
I1013 15:23:47.446005 258881 net.cpp:160] Creating Layer conv2
I1013 15:23:47.446035 258881 net.cpp:596] conv2 <- pool1
I1013 15:23:47.446075 258881 net.cpp:570] conv2 -> conv2
I1013 15:23:47.556005 258881 net.cpp:210] Setting up conv2
I1013 15:23:47.556102 258881 net.cpp:217] Top shape: 2 128 59 59 (891136)
I1013 15:23:47.556169 258881 net.cpp:225] Memory required for data: 53467528
I1013 15:23:47.556259 258881 layer_factory.hpp:114] Creating layer relu2
I1013 15:23:47.556352 258881 net.cpp:160] Creating Layer relu2
I1013 15:23:47.556404 258881 net.cpp:596] relu2 <- conv2
I1013 15:23:47.556468 258881 net.cpp:557] relu2 -> conv2 (in-place)
I1013 15:23:47.561411 258881 net.cpp:210] Setting up relu2
I1013 15:23:47.561550 258881 net.cpp:217] Top shape: 2 128 59 59 (891136)
I1013 15:23:47.561607 258881 net.cpp:225] Memory required for data: 57032072
I1013 15:23:47.561643 258881 layer_factory.hpp:114] Creating layer dropout2
I1013 15:23:47.561702 258881 net.cpp:160] Creating Layer dropout2
I1013 15:23:47.561736 258881 net.cpp:596] dropout2 <- conv2
I1013 15:23:47.561782 258881 net.cpp:570] dropout2 -> drop2
I1013 15:23:47.561853 258881 net.cpp:210] Setting up dropout2
I1013 15:23:47.561888 258881 net.cpp:217] Top shape: 2 128 59 59 (891136)
I1013 15:23:47.561928 258881 net.cpp:225] Memory required for data: 60596616
I1013 15:23:47.562034 258881 layer_factory.hpp:114] Creating layer pool2
I1013 15:23:47.562322 258881 net.cpp:160] Creating Layer pool2
I1013 15:23:47.562542 258881 net.cpp:596] pool2 <- drop2
I1013 15:23:47.562651 258881 net.cpp:570] pool2 -> pool2
I1013 15:23:47.567252 258881 net.cpp:210] Setting up pool2
I1013 15:23:47.567335 258881 net.cpp:217] Top shape: 2 128 30 30 (230400)
I1013 15:23:47.567378 258881 net.cpp:225] Memory required for data: 61518216
I1013 15:23:47.567406 258881 layer_factory.hpp:114] Creating layer conv3
I1013 15:23:47.567486 258881 net.cpp:160] Creating Layer conv3
I1013 15:23:47.567519 258881 net.cpp:596] conv3 <- pool2
I1013 15:23:47.567564 258881 net.cpp:570] conv3 -> conv3
I1013 15:23:47.658275 258881 net.cpp:210] Setting up conv3
I1013 15:23:47.658368 258881 net.cpp:217] Top shape: 2 128 28 28 (200704)
I1013 15:23:47.658423 258881 net.cpp:225] Memory required for data: 62321032
I1013 15:23:47.658500 258881 layer_factory.hpp:114] Creating layer relu3
I1013 15:23:47.658586 258881 net.cpp:160] Creating Layer relu3
I1013 15:23:47.658632 258881 net.cpp:596] relu3 <- conv3
I1013 15:23:47.658689 258881 net.cpp:557] relu3 -> conv3 (in-place)
I1013 15:23:47.663244 258881 net.cpp:210] Setting up relu3
I1013 15:23:47.663331 258881 net.cpp:217] Top shape: 2 128 28 28 (200704)
I1013 15:23:47.663377 258881 net.cpp:225] Memory required for data: 63123848
I1013 15:23:47.663409 258881 layer_factory.hpp:114] Creating layer dropout3
I1013 15:23:47.663457 258881 net.cpp:160] Creating Layer dropout3
I1013 15:23:47.663487 258881 net.cpp:596] dropout3 <- conv3
I1013 15:23:47.663527 258881 net.cpp:570] dropout3 -> drop3
I1013 15:23:47.663597 258881 net.cpp:210] Setting up dropout3
I1013 15:23:47.663631 258881 net.cpp:217] Top shape: 2 128 28 28 (200704)
I1013 15:23:47.663668 258881 net.cpp:225] Memory required for data: 63926664
I1013 15:23:47.663694 258881 layer_factory.hpp:114] Creating layer pool3
I1013 15:23:47.663753 258881 net.cpp:160] Creating Layer pool3
I1013 15:23:47.663787 258881 net.cpp:596] pool3 <- drop3
I1013 15:23:47.663832 258881 net.cpp:570] pool3 -> pool3
I1013 15:23:47.668500 258881 net.cpp:210] Setting up pool3
I1013 15:23:47.668588 258881 net.cpp:217] Top shape: 2 128 14 14 (50176)
I1013 15:23:47.668634 258881 net.cpp:225] Memory required for data: 64127368
I1013 15:23:47.668664 258881 layer_factory.hpp:114] Creating layer conv4
I1013 15:23:47.668741 258881 net.cpp:160] Creating Layer conv4
I1013 15:23:47.668774 258881 net.cpp:596] conv4 <- pool3
I1013 15:23:47.668819 258881 net.cpp:570] conv4 -> conv4
I1013 15:23:47.750556 258881 net.cpp:210] Setting up conv4
I1013 15:23:47.750643 258881 net.cpp:217] Top shape: 2 128 12 12 (36864)
I1013 15:23:47.750694 258881 net.cpp:225] Memory required for data: 64274824
I1013 15:23:47.750757 258881 layer_factory.hpp:114] Creating layer relu4
I1013 15:23:47.750828 258881 net.cpp:160] Creating Layer relu4
I1013 15:23:47.750867 258881 net.cpp:596] relu4 <- conv4
I1013 15:23:47.750916 258881 net.cpp:557] relu4 -> conv4 (in-place)
I1013 15:23:47.755981 258881 net.cpp:210] Setting up relu4
I1013 15:23:47.756067 258881 net.cpp:217] Top shape: 2 128 12 12 (36864)
I1013 15:23:47.756110 258881 net.cpp:225] Memory required for data: 64422280
I1013 15:23:47.756140 258881 layer_factory.hpp:114] Creating layer dropout4
I1013 15:23:47.756187 258881 net.cpp:160] Creating Layer dropout4
I1013 15:23:47.756213 258881 net.cpp:596] dropout4 <- conv4
I1013 15:23:47.756253 258881 net.cpp:570] dropout4 -> drop4
I1013 15:23:47.756317 258881 net.cpp:210] Setting up dropout4
I1013 15:23:47.756348 258881 net.cpp:217] Top shape: 2 128 12 12 (36864)
I1013 15:23:47.756382 258881 net.cpp:225] Memory required for data: 64569736
I1013 15:23:47.756410 258881 layer_factory.hpp:114] Creating layer pool4
I1013 15:23:47.756469 258881 net.cpp:160] Creating Layer pool4
I1013 15:23:47.756500 258881 net.cpp:596] pool4 <- drop4
I1013 15:23:47.756566 258881 net.cpp:570] pool4 -> pool4
I1013 15:23:47.761096 258881 net.cpp:210] Setting up pool4
I1013 15:23:47.761185 258881 net.cpp:217] Top shape: 2 128 6 6 (9216)
I1013 15:23:47.761257 258881 net.cpp:225] Memory required for data: 64606600
I1013 15:23:47.761288 258881 layer_factory.hpp:114] Creating layer fc1
I1013 15:23:47.761363 258881 net.cpp:160] Creating Layer fc1
I1013 15:23:47.761396 258881 net.cpp:596] fc1 <- pool4
I1013 15:23:47.761441 258881 net.cpp:570] fc1 -> fc1
I1013 15:23:47.997758 258881 net.cpp:210] Setting up fc1
I1013 15:23:47.997843 258881 net.cpp:217] Top shape: 2 1024 (2048)
I1013 15:23:47.997884 258881 net.cpp:225] Memory required for data: 64614792
I1013 15:23:47.997949 258881 layer_factory.hpp:114] Creating layer dropout5
I1013 15:23:47.997995 258881 net.cpp:160] Creating Layer dropout5
I1013 15:23:47.998021 258881 net.cpp:596] dropout5 <- fc1
I1013 15:23:47.998057 258881 net.cpp:570] dropout5 -> drop5
I1013 15:23:47.998116 258881 net.cpp:210] Setting up dropout5
I1013 15:23:47.998142 258881 net.cpp:217] Top shape: 2 1024 (2048)
I1013 15:23:47.998178 258881 net.cpp:225] Memory required for data: 64622984
I1013 15:23:47.998206 258881 layer_factory.hpp:114] Creating layer fc2
I1013 15:23:47.998297 258881 net.cpp:160] Creating Layer fc2
I1013 15:23:47.998427 258881 net.cpp:596] fc2 <- drop5
I1013 15:23:47.998497 258881 net.cpp:570] fc2 -> fc2
I1013 15:23:48.002466 258881 net.cpp:210] Setting up fc2
I1013 15:23:48.002578 258881 net.cpp:217] Top shape: 2 2 (4)
I1013 15:23:48.002619 258881 net.cpp:225] Memory required for data: 64623000
I1013 15:23:48.002674 258881 layer_factory.hpp:114] Creating layer loss
I1013 15:23:48.002738 258881 net.cpp:160] Creating Layer loss
I1013 15:23:48.002770 258881 net.cpp:596] loss <- fc2
I1013 15:23:48.002799 258881 net.cpp:596] loss <- label
I1013 15:23:48.002848 258881 net.cpp:570] loss -> (automatic)
I1013 15:23:48.002913 258881 layer_factory.hpp:114] Creating layer loss
I1013 15:23:48.006502 258881 net.cpp:210] Setting up loss
I1013 15:23:48.006590 258881 net.cpp:217] Top shape: (1)
I1013 15:23:48.006630 258881 net.cpp:220]     with loss weight 1
I1013 15:23:48.006754 258881 net.cpp:225] Memory required for data: 64623004
I1013 15:23:48.006791 258881 net.cpp:287] loss needs backward computation.
I1013 15:23:48.006819 258881 net.cpp:287] fc2 needs backward computation.
I1013 15:23:48.006840 258881 net.cpp:287] dropout5 needs backward computation.
I1013 15:23:48.006860 258881 net.cpp:287] fc1 needs backward computation.
I1013 15:23:48.006880 258881 net.cpp:287] pool4 needs backward computation.
I1013 15:23:48.006901 258881 net.cpp:287] dropout4 needs backward computation.
I1013 15:23:48.006922 258881 net.cpp:287] relu4 needs backward computation.
I1013 15:23:48.006940 258881 net.cpp:287] conv4 needs backward computation.
I1013 15:23:48.007010 258881 net.cpp:287] pool3 needs backward computation.
I1013 15:23:48.007046 258881 net.cpp:287] dropout3 needs backward computation.
I1013 15:23:48.007072 258881 net.cpp:287] relu3 needs backward computation.
I1013 15:23:48.007096 258881 net.cpp:287] conv3 needs backward computation.
I1013 15:23:48.007120 258881 net.cpp:287] pool2 needs backward computation.
I1013 15:23:48.007144 258881 net.cpp:287] dropout2 needs backward computation.
I1013 15:23:48.007172 258881 net.cpp:287] relu2 needs backward computation.
I1013 15:23:48.007215 258881 net.cpp:287] conv2 needs backward computation.
I1013 15:23:48.007386 258881 net.cpp:287] pool1 needs backward computation.
I1013 15:23:48.007417 258881 net.cpp:287] dropout1 needs backward computation.
I1013 15:23:48.007446 258881 net.cpp:287] relu1 needs backward computation.
I1013 15:23:48.007472 258881 net.cpp:287] conv1 needs backward computation.
I1013 15:23:48.007498 258881 net.cpp:289] data does not need backward computation.
I1013 15:23:48.007555 258881 net.cpp:345] Network initialization done.
I1013 15:23:48.008276 258881 caffe.cpp:445] Performing Forward
I1013 15:23:48.489848 258881 caffe.cpp:450] Initial loss: 47.5597
I1013 15:23:48.489954 258881 caffe.cpp:452] Performing Backward
I1013 15:23:48.609513 258881 caffe.cpp:461] *** Benchmark begins ***
I1013 15:23:48.609586 258881 caffe.cpp:462] Testing for 10 iterations.
I1013 15:23:48.705200 258881 caffe.cpp:491] Iteration: 1 forward-backward time: 95 ms.
I1013 15:23:48.799119 258881 caffe.cpp:491] Iteration: 2 forward-backward time: 93 ms.
I1013 15:23:48.894909 258881 caffe.cpp:491] Iteration: 3 forward-backward time: 95 ms.
I1013 15:23:48.990689 258881 caffe.cpp:491] Iteration: 4 forward-backward time: 95 ms.
I1013 15:23:49.084589 258881 caffe.cpp:491] Iteration: 5 forward-backward time: 93 ms.
I1013 15:23:49.176050 258881 caffe.cpp:491] Iteration: 6 forward-backward time: 91 ms.
I1013 15:23:49.264509 258881 caffe.cpp:491] Iteration: 7 forward-backward time: 88 ms.
I1013 15:23:49.352664 258881 caffe.cpp:491] Iteration: 8 forward-backward time: 88 ms.
I1013 15:23:49.441125 258881 caffe.cpp:491] Iteration: 9 forward-backward time: 88 ms.
I1013 15:23:49.529284 258881 caffe.cpp:491] Iteration: 10 forward-backward time: 88 ms.
I1013 15:23:49.529386 258881 caffe.cpp:498] Average time per layer: 
I1013 15:23:49.529412 258881 caffe.cpp:501]       data	forward: 5.1072 ms.
I1013 15:23:49.529446 258881 caffe.cpp:505]       data	backward: 0.0033 ms.
I1013 15:23:49.529521 258881 caffe.cpp:501]      conv1	forward: 0.5722 ms.
I1013 15:23:49.529559 258881 caffe.cpp:505]      conv1	backward: 0.9945 ms.
I1013 15:23:49.529592 258881 caffe.cpp:501]      relu1	forward: 0.0741 ms.
I1013 15:23:49.529625 258881 caffe.cpp:505]      relu1	backward: 1.4533 ms.
I1013 15:23:49.529660 258881 caffe.cpp:501]   dropout1	forward: 2.0842 ms.
I1013 15:23:49.529697 258881 caffe.cpp:505]   dropout1	backward: 1.558 ms.
I1013 15:23:49.529733 258881 caffe.cpp:501]      pool1	forward: 39.334 ms.
I1013 15:23:49.529774 258881 caffe.cpp:505]      pool1	backward: 6.7397 ms.
I1013 15:23:49.529814 258881 caffe.cpp:501]      conv2	forward: 4.4881 ms.
I1013 15:23:49.529887 258881 caffe.cpp:505]      conv2	backward: 5.7449 ms.
I1013 15:23:49.529928 258881 caffe.cpp:501]      relu2	forward: 0.0562 ms.
I1013 15:23:49.530117 258881 caffe.cpp:505]      relu2	backward: 0.4018 ms.
I1013 15:23:49.530197 258881 caffe.cpp:501]   dropout2	forward: 0.4219 ms.
I1013 15:23:49.530259 258881 caffe.cpp:505]   dropout2	backward: 0.3007 ms.
I1013 15:23:49.530299 258881 caffe.cpp:501]      pool2	forward: 9.5884 ms.
I1013 15:23:49.530339 258881 caffe.cpp:505]      pool2	backward: 1.6209 ms.
I1013 15:23:49.530450 258881 caffe.cpp:501]      conv3	forward: 0.3674 ms.
I1013 15:23:49.530491 258881 caffe.cpp:505]      conv3	backward: 0.7155 ms.
I1013 15:23:49.530527 258881 caffe.cpp:501]      relu3	forward: 0.0346 ms.
I1013 15:23:49.530567 258881 caffe.cpp:505]      relu3	backward: 0.1344 ms.
I1013 15:23:49.530604 258881 caffe.cpp:501]   dropout3	forward: 0.1445 ms.
I1013 15:23:49.530642 258881 caffe.cpp:505]   dropout3	backward: 0.1013 ms.
I1013 15:23:49.530692 258881 caffe.cpp:501]      pool3	forward: 2.1174 ms.
I1013 15:23:49.530735 258881 caffe.cpp:505]      pool3	backward: 0.4925 ms.
I1013 15:23:49.530769 258881 caffe.cpp:501]      conv4	forward: 0.1988 ms.
I1013 15:23:49.530803 258881 caffe.cpp:505]      conv4	backward: 0.2848 ms.
I1013 15:23:49.530840 258881 caffe.cpp:501]      relu4	forward: 0.023 ms.
I1013 15:23:49.530881 258881 caffe.cpp:505]      relu4	backward: 0.088 ms.
I1013 15:23:49.530925 258881 caffe.cpp:501]   dropout4	forward: 0.072 ms.
I1013 15:23:49.530978 258881 caffe.cpp:505]   dropout4	backward: 0.0612 ms.
I1013 15:23:49.531014 258881 caffe.cpp:501]      pool4	forward: 0.4351 ms.
I1013 15:23:49.531052 258881 caffe.cpp:505]      pool4	backward: 0.1555 ms.
I1013 15:23:49.531088 258881 caffe.cpp:501]        fc1	forward: 0.4742 ms.
I1013 15:23:49.531154 258881 caffe.cpp:505]        fc1	backward: 4.7292 ms.
I1013 15:23:49.531199 258881 caffe.cpp:501]   dropout5	forward: 0.084 ms.
I1013 15:23:49.531240 258881 caffe.cpp:505]   dropout5	backward: 0.0222 ms.
I1013 15:23:49.531510 258881 caffe.cpp:501]        fc2	forward: 0.1057 ms.
I1013 15:23:49.531559 258881 caffe.cpp:505]        fc2	backward: 0.0321 ms.
I1013 15:23:49.531594 258881 caffe.cpp:501]       loss	forward: 0.0588 ms.
I1013 15:23:49.531630 258881 caffe.cpp:505]       loss	backward: 0.0088 ms.
I1013 15:23:49.531713 258881 caffe.cpp:511] Average Forward pass: 66.0048 ms.
I1013 15:23:49.531764 258881 caffe.cpp:514] Average Backward pass: 25.8357 ms.
I1013 15:23:49.531803 258881 caffe.cpp:516] Average Forward-Backward: 92.2 ms.
I1013 15:23:49.531843 258881 caffe.cpp:519] Total Time: 922 ms.
I1013 15:23:49.531883 258881 caffe.cpp:520] *** Benchmark ends ***
