srun -n 1 -c 272 --cpu_bind=cores /project/projectdirs/mpccc/tmalas/intelcaffe/install_cori-knl/bin/caffe time -model=subst_train_val.prototxt -iterations=10
I1013 15:24:21.228955 259195 caffe.cpp:437] Use CPU.
I1013 15:24:21.267781 259195 cpu_info.cpp:452] Processor speed [MHz]: 1400
I1013 15:24:21.267850 259195 cpu_info.cpp:455] Total number of sockets: 1
I1013 15:24:21.267868 259195 cpu_info.cpp:458] Total number of CPU cores: 68
I1013 15:24:21.267884 259195 cpu_info.cpp:461] Total number of processors: 272
I1013 15:24:21.267899 259195 cpu_info.cpp:464] GPU is used: no
I1013 15:24:21.267913 259195 cpu_info.cpp:467] OpenMP environmental variables are specified: yes
I1013 15:24:21.267928 259195 cpu_info.cpp:470] OpenMP thread bind allowed: no
I1013 15:24:21.267942 259195 cpu_info.cpp:473] Number of OpenMP threads: 68
I1013 15:24:21.293638 259195 net.cpp:484] The NetState phase (0) differed from the phase (1) specified by a rule in layer data
I1013 15:24:21.294443 259195 net.cpp:120] Initializing net from parameters: 
name: "HEP_CLASSIFIER"
state {
  phase: TRAIN
  level: 0
  stage: ""
}
layer {
  name: "data"
  type: "DummyData"
  top: "data"
  top: "label"
  include {
    phase: TRAIN
  }
  dummy_data_param {
    data_filler {
      type: "gaussian"
      std: 1
    }
    data_filler {
      type: "constant"
      value: 0
    }
    shape {
      dim: 16
      dim: 3
      dim: 124
      dim: 124
    }
    shape {
      dim: 16
      dim: 1
      dim: 1
      dim: 1
    }
  }
}
layer {
  name: "conv1"
  type: "Convolution"
  bottom: "data"
  top: "conv1"
  convolution_param {
    num_output: 128
    pad: 0
    kernel_size: 3
    stride: 1
    weight_filler {
      type: "msra"
    }
    bias_filler {
      type: "constant"
      value: 0
    }
  }
}
layer {
  name: "relu1"
  type: "ReLU"
  bottom: "conv1"
  top: "conv1"
  relu_param {
    negative_slope: 0.1
  }
}
layer {
  name: "dropout1"
  type: "Dropout"
  bottom: "conv1"
  top: "drop1"
}
layer {
  name: "pool1"
  type: "Pooling"
  bottom: "drop1"
  top: "pool1"
  pooling_param {
    pool: MAX
    kernel_size: 2
    stride: 2
  }
}
layer {
  name: "conv2"
  type: "Convolution"
  bottom: "pool1"
  top: "conv2"
  convolution_param {
    num_output: 128
    pad: 0
    kernel_size: 3
    stride: 1
    weight_filler {
      type: "msra"
    }
    bias_filler {
      type: "constant"
      value: 0
    }
  }
}
layer {
  name: "relu2"
  type: "ReLU"
  bottom: "conv2"
  top: "conv2"
  relu_param {
    negative_slope: 0.1
  }
}
layer {
  name: "dropout2"
  type: "Dropout"
  bottom: "conv2"
  top: "drop2"
}
layer {
  name: "pool2"
  type: "Pooling"
  bottom: "drop2"
  top: "pool2"
  pooling_param {
    pool: MAX
    kernel_size: 2
    stride: 2
  }
}
layer {
  name: "conv3"
  type: "Convolution"
  bottom: "pool2"
  top: "conv3"
  convolution_param {
    num_output: 128
    pad: 0
    kernel_size: 3
    stride: 1
    weight_filler {
      type: "msra"
    }
    bias_filler {
      type: "constant"
      value: 0
    }
  }
}
layer {
  name: "relu3"
  type: "ReLU"
  bottom: "conv3"
  top: "conv3"
  relu_param {
    negative_slope: 0.1
  }
}
layer {
  name: "dropout3"
  type: "Dropout"
  bottom: "conv3"
  top: "drop3"
}
layer {
  name: "pool3"
  type: "Pooling"
  bottom: "drop3"
  top: "pool3"
  pooling_param {
    pool: MAX
    kernel_size: 2
    stride: 2
  }
}
layer {
  name: "conv4"
  type: "Convolution"
  bottom: "pool3"
  top: "conv4"
  convolution_param {
    num_output: 128
    pad: 0
    kernel_size: 3
    stride: 1
    weight_filler {
      type: "msra"
    }
    bias_filler {
      type: "constant"
      value: 0
    }
  }
}
layer {
  name: "relu4"
  type: "ReLU"
  bottom: "conv4"
  top: "conv4"
  relu_param {
    negative_slope: 0.1
  }
}
layer {
  name: "dropout4"
  type: "Dropout"
  bottom: "conv4"
  top: "drop4"
}
layer {
  name: "pool4"
  type: "Pooling"
  bottom: "drop4"
  top: "pool4"
  pooling_param {
    pool: MAX
    kernel_size: 2
    stride: 2
  }
}
layer {
  name: "fc1"
  type: "InnerProduct"
  bottom: "pool4"
  top: "fc1"
  inner_product_param {
    num_output: 1024
    weight_filler {
      type: "msra"
    }
    bias_filler {
      type: "constant"
      value: 0
    }
  }
}
layer {
  name: "dropout5"
  type: "Dropout"
  bottom: "fc1"
  top: "drop5"
}
layer {
  name: "fc2"
  type: "InnerProduct"
  bottom: "drop5"
  top: "fc2"
  inner_product_param {
    num_output: 2
    weight_filler {
      type: "msra"
    }
    bias_filler {
      type: "constant"
      value: 0
    }
  }
}
layer {
  name: "loss"
  type: "SoftmaxWithLoss"
  bottom: "fc2"
  bottom: "label"
}
I1013 15:24:21.296165 259195 layer_factory.hpp:114] Creating layer data
I1013 15:24:21.296247 259195 net.cpp:160] Creating Layer data
I1013 15:24:21.296281 259195 net.cpp:570] data -> data
I1013 15:24:21.296350 259195 net.cpp:570] data -> label
I1013 15:24:21.319638 259195 net.cpp:210] Setting up data
I1013 15:24:21.319748 259195 net.cpp:217] Top shape: 16 3 124 124 (738048)
I1013 15:24:21.319816 259195 net.cpp:217] Top shape: 16 1 1 1 (16)
I1013 15:24:21.319852 259195 net.cpp:225] Memory required for data: 2952256
I1013 15:24:21.319888 259195 layer_factory.hpp:114] Creating layer conv1
I1013 15:24:21.320011 259195 net.cpp:160] Creating Layer conv1
I1013 15:24:21.320057 259195 net.cpp:596] conv1 <- data
I1013 15:24:21.320142 259195 net.cpp:570] conv1 -> conv1
I1013 15:24:21.455396 259195 net.cpp:210] Setting up conv1
I1013 15:24:21.455493 259195 net.cpp:217] Top shape: 16 128 122 122 (30482432)
I1013 15:24:21.455559 259195 net.cpp:225] Memory required for data: 124881984
I1013 15:24:21.455674 259195 layer_factory.hpp:114] Creating layer relu1
I1013 15:24:21.455785 259195 net.cpp:160] Creating Layer relu1
I1013 15:24:21.455837 259195 net.cpp:596] relu1 <- conv1
I1013 15:24:21.455899 259195 net.cpp:557] relu1 -> conv1 (in-place)
I1013 15:24:21.461077 259195 net.cpp:210] Setting up relu1
I1013 15:24:21.461164 259195 net.cpp:217] Top shape: 16 128 122 122 (30482432)
I1013 15:24:21.461210 259195 net.cpp:225] Memory required for data: 246811712
I1013 15:24:21.461243 259195 layer_factory.hpp:114] Creating layer dropout1
I1013 15:24:21.461292 259195 net.cpp:160] Creating Layer dropout1
I1013 15:24:21.461319 259195 net.cpp:596] dropout1 <- conv1
I1013 15:24:21.461359 259195 net.cpp:570] dropout1 -> drop1
I1013 15:24:21.461428 259195 net.cpp:210] Setting up dropout1
I1013 15:24:21.461463 259195 net.cpp:217] Top shape: 16 128 122 122 (30482432)
I1013 15:24:21.461551 259195 net.cpp:225] Memory required for data: 368741440
I1013 15:24:21.461625 259195 layer_factory.hpp:114] Creating layer pool1
I1013 15:24:21.461920 259195 net.cpp:160] Creating Layer pool1
I1013 15:24:21.462015 259195 net.cpp:596] pool1 <- drop1
I1013 15:24:21.462278 259195 net.cpp:570] pool1 -> pool1
I1013 15:24:21.467038 259195 net.cpp:210] Setting up pool1
I1013 15:24:21.467126 259195 net.cpp:217] Top shape: 16 128 61 61 (7620608)
I1013 15:24:21.467170 259195 net.cpp:225] Memory required for data: 399223872
I1013 15:24:21.467198 259195 layer_factory.hpp:114] Creating layer conv2
I1013 15:24:21.467275 259195 net.cpp:160] Creating Layer conv2
I1013 15:24:21.467310 259195 net.cpp:596] conv2 <- pool1
I1013 15:24:21.467356 259195 net.cpp:570] conv2 -> conv2
I1013 15:24:21.784919 259195 net.cpp:210] Setting up conv2
I1013 15:24:21.785015 259195 net.cpp:217] Top shape: 16 128 59 59 (7129088)
I1013 15:24:21.785084 259195 net.cpp:225] Memory required for data: 427740224
I1013 15:24:21.785173 259195 layer_factory.hpp:114] Creating layer relu2
I1013 15:24:21.785269 259195 net.cpp:160] Creating Layer relu2
I1013 15:24:21.785322 259195 net.cpp:596] relu2 <- conv2
I1013 15:24:21.785390 259195 net.cpp:557] relu2 -> conv2 (in-place)
I1013 15:24:21.790601 259195 net.cpp:210] Setting up relu2
I1013 15:24:21.790688 259195 net.cpp:217] Top shape: 16 128 59 59 (7129088)
I1013 15:24:21.790735 259195 net.cpp:225] Memory required for data: 456256576
I1013 15:24:21.790767 259195 layer_factory.hpp:114] Creating layer dropout2
I1013 15:24:21.790817 259195 net.cpp:160] Creating Layer dropout2
I1013 15:24:21.790845 259195 net.cpp:596] dropout2 <- conv2
I1013 15:24:21.790889 259195 net.cpp:570] dropout2 -> drop2
I1013 15:24:21.790961 259195 net.cpp:210] Setting up dropout2
I1013 15:24:21.790997 259195 net.cpp:217] Top shape: 16 128 59 59 (7129088)
I1013 15:24:21.791040 259195 net.cpp:225] Memory required for data: 484772928
I1013 15:24:21.791105 259195 layer_factory.hpp:114] Creating layer pool2
I1013 15:24:21.791241 259195 net.cpp:160] Creating Layer pool2
I1013 15:24:21.791278 259195 net.cpp:596] pool2 <- drop2
I1013 15:24:21.791329 259195 net.cpp:570] pool2 -> pool2
I1013 15:24:21.796020 259195 net.cpp:210] Setting up pool2
I1013 15:24:21.796105 259195 net.cpp:217] Top shape: 16 128 30 30 (1843200)
I1013 15:24:21.796149 259195 net.cpp:225] Memory required for data: 492145728
I1013 15:24:21.796180 259195 layer_factory.hpp:114] Creating layer conv3
I1013 15:24:21.796272 259195 net.cpp:160] Creating Layer conv3
I1013 15:24:21.796308 259195 net.cpp:596] conv3 <- pool2
I1013 15:24:21.796373 259195 net.cpp:570] conv3 -> conv3
I1013 15:24:21.939671 259195 net.cpp:210] Setting up conv3
I1013 15:24:21.939771 259195 net.cpp:217] Top shape: 16 128 28 28 (1605632)
I1013 15:24:21.939839 259195 net.cpp:225] Memory required for data: 498568256
I1013 15:24:21.939931 259195 layer_factory.hpp:114] Creating layer relu3
I1013 15:24:21.940049 259195 net.cpp:160] Creating Layer relu3
I1013 15:24:21.940107 259195 net.cpp:596] relu3 <- conv3
I1013 15:24:21.940173 259195 net.cpp:557] relu3 -> conv3 (in-place)
I1013 15:24:21.946000 259195 net.cpp:210] Setting up relu3
I1013 15:24:21.946089 259195 net.cpp:217] Top shape: 16 128 28 28 (1605632)
I1013 15:24:21.946135 259195 net.cpp:225] Memory required for data: 504990784
I1013 15:24:21.946166 259195 layer_factory.hpp:114] Creating layer dropout3
I1013 15:24:21.946241 259195 net.cpp:160] Creating Layer dropout3
I1013 15:24:21.946281 259195 net.cpp:596] dropout3 <- conv3
I1013 15:24:21.946327 259195 net.cpp:570] dropout3 -> drop3
I1013 15:24:21.946396 259195 net.cpp:210] Setting up dropout3
I1013 15:24:21.946434 259195 net.cpp:217] Top shape: 16 128 28 28 (1605632)
I1013 15:24:21.946498 259195 net.cpp:225] Memory required for data: 511413312
I1013 15:24:21.946550 259195 layer_factory.hpp:114] Creating layer pool3
I1013 15:24:21.946650 259195 net.cpp:160] Creating Layer pool3
I1013 15:24:21.946702 259195 net.cpp:596] pool3 <- drop3
I1013 15:24:21.946784 259195 net.cpp:570] pool3 -> pool3
I1013 15:24:21.951580 259195 net.cpp:210] Setting up pool3
I1013 15:24:21.951666 259195 net.cpp:217] Top shape: 16 128 14 14 (401408)
I1013 15:24:21.951707 259195 net.cpp:225] Memory required for data: 513018944
I1013 15:24:21.951737 259195 layer_factory.hpp:114] Creating layer conv4
I1013 15:24:21.951834 259195 net.cpp:160] Creating Layer conv4
I1013 15:24:21.951871 259195 net.cpp:596] conv4 <- pool3
I1013 15:24:21.951933 259195 net.cpp:570] conv4 -> conv4
I1013 15:24:22.048991 259195 net.cpp:210] Setting up conv4
I1013 15:24:22.049110 259195 net.cpp:217] Top shape: 16 128 12 12 (294912)
I1013 15:24:22.049206 259195 net.cpp:225] Memory required for data: 514198592
I1013 15:24:22.049286 259195 layer_factory.hpp:114] Creating layer relu4
I1013 15:24:22.049373 259195 net.cpp:160] Creating Layer relu4
I1013 15:24:22.049420 259195 net.cpp:596] relu4 <- conv4
I1013 15:24:22.049523 259195 net.cpp:557] relu4 -> conv4 (in-place)
I1013 15:24:22.054327 259195 net.cpp:210] Setting up relu4
I1013 15:24:22.054412 259195 net.cpp:217] Top shape: 16 128 12 12 (294912)
I1013 15:24:22.054461 259195 net.cpp:225] Memory required for data: 515378240
I1013 15:24:22.054492 259195 layer_factory.hpp:114] Creating layer dropout4
I1013 15:24:22.054569 259195 net.cpp:160] Creating Layer dropout4
I1013 15:24:22.054610 259195 net.cpp:596] dropout4 <- conv4
I1013 15:24:22.054659 259195 net.cpp:570] dropout4 -> drop4
I1013 15:24:22.054728 259195 net.cpp:210] Setting up dropout4
I1013 15:24:22.054761 259195 net.cpp:217] Top shape: 16 128 12 12 (294912)
I1013 15:24:22.054800 259195 net.cpp:225] Memory required for data: 516557888
I1013 15:24:22.054829 259195 layer_factory.hpp:114] Creating layer pool4
I1013 15:24:22.054926 259195 net.cpp:160] Creating Layer pool4
I1013 15:24:22.055163 259195 net.cpp:596] pool4 <- drop4
I1013 15:24:22.055287 259195 net.cpp:570] pool4 -> pool4
I1013 15:24:22.060046 259195 net.cpp:210] Setting up pool4
I1013 15:24:22.060137 259195 net.cpp:217] Top shape: 16 128 6 6 (73728)
I1013 15:24:22.060210 259195 net.cpp:225] Memory required for data: 516852800
I1013 15:24:22.060243 259195 layer_factory.hpp:114] Creating layer fc1
I1013 15:24:22.060317 259195 net.cpp:160] Creating Layer fc1
I1013 15:24:22.060351 259195 net.cpp:596] fc1 <- pool4
I1013 15:24:22.060397 259195 net.cpp:570] fc1 -> fc1
I1013 15:24:22.296416 259195 net.cpp:210] Setting up fc1
I1013 15:24:22.296501 259195 net.cpp:217] Top shape: 16 1024 (16384)
I1013 15:24:22.296569 259195 net.cpp:225] Memory required for data: 516918336
I1013 15:24:22.296638 259195 layer_factory.hpp:114] Creating layer dropout5
I1013 15:24:22.296687 259195 net.cpp:160] Creating Layer dropout5
I1013 15:24:22.296717 259195 net.cpp:596] dropout5 <- fc1
I1013 15:24:22.296753 259195 net.cpp:570] dropout5 -> drop5
I1013 15:24:22.296814 259195 net.cpp:210] Setting up dropout5
I1013 15:24:22.296844 259195 net.cpp:217] Top shape: 16 1024 (16384)
I1013 15:24:22.296880 259195 net.cpp:225] Memory required for data: 516983872
I1013 15:24:22.296937 259195 layer_factory.hpp:114] Creating layer fc2
I1013 15:24:22.297112 259195 net.cpp:160] Creating Layer fc2
I1013 15:24:22.297165 259195 net.cpp:596] fc2 <- drop5
I1013 15:24:22.297402 259195 net.cpp:570] fc2 -> fc2
I1013 15:24:22.301314 259195 net.cpp:210] Setting up fc2
I1013 15:24:22.301403 259195 net.cpp:217] Top shape: 16 2 (32)
I1013 15:24:22.301441 259195 net.cpp:225] Memory required for data: 516984000
I1013 15:24:22.301532 259195 layer_factory.hpp:114] Creating layer loss
I1013 15:24:22.301596 259195 net.cpp:160] Creating Layer loss
I1013 15:24:22.301623 259195 net.cpp:596] loss <- fc2
I1013 15:24:22.301666 259195 net.cpp:596] loss <- label
I1013 15:24:22.301712 259195 net.cpp:570] loss -> (automatic)
I1013 15:24:22.301771 259195 layer_factory.hpp:114] Creating layer loss
I1013 15:24:22.305189 259195 net.cpp:210] Setting up loss
I1013 15:24:22.305272 259195 net.cpp:217] Top shape: (1)
I1013 15:24:22.305310 259195 net.cpp:220]     with loss weight 1
I1013 15:24:22.305431 259195 net.cpp:225] Memory required for data: 516984004
I1013 15:24:22.305495 259195 net.cpp:287] loss needs backward computation.
I1013 15:24:22.305529 259195 net.cpp:287] fc2 needs backward computation.
I1013 15:24:22.305552 259195 net.cpp:287] dropout5 needs backward computation.
I1013 15:24:22.305572 259195 net.cpp:287] fc1 needs backward computation.
I1013 15:24:22.305590 259195 net.cpp:287] pool4 needs backward computation.
I1013 15:24:22.305609 259195 net.cpp:287] dropout4 needs backward computation.
I1013 15:24:22.305629 259195 net.cpp:287] relu4 needs backward computation.
I1013 15:24:22.305649 259195 net.cpp:287] conv4 needs backward computation.
I1013 15:24:22.305670 259195 net.cpp:287] pool3 needs backward computation.
I1013 15:24:22.305688 259195 net.cpp:287] dropout3 needs backward computation.
I1013 15:24:22.305708 259195 net.cpp:287] relu3 needs backward computation.
I1013 15:24:22.305727 259195 net.cpp:287] conv3 needs backward computation.
I1013 15:24:22.305748 259195 net.cpp:287] pool2 needs backward computation.
I1013 15:24:22.305766 259195 net.cpp:287] dropout2 needs backward computation.
I1013 15:24:22.305785 259195 net.cpp:287] relu2 needs backward computation.
I1013 15:24:22.305804 259195 net.cpp:287] conv2 needs backward computation.
I1013 15:24:22.305824 259195 net.cpp:287] pool1 needs backward computation.
I1013 15:24:22.305842 259195 net.cpp:287] dropout1 needs backward computation.
I1013 15:24:22.305862 259195 net.cpp:287] relu1 needs backward computation.
I1013 15:24:22.305881 259195 net.cpp:287] conv1 needs backward computation.
I1013 15:24:22.305902 259195 net.cpp:289] data does not need backward computation.
I1013 15:24:22.305959 259195 net.cpp:345] Network initialization done.
I1013 15:24:22.306203 259195 caffe.cpp:445] Performing Forward
I1013 15:24:23.036092 259195 caffe.cpp:450] Initial loss: 50.3743
I1013 15:24:23.036195 259195 caffe.cpp:452] Performing Backward
I1013 15:24:23.406647 259195 caffe.cpp:461] *** Benchmark begins ***
I1013 15:24:23.406721 259195 caffe.cpp:462] Testing for 10 iterations.
I1013 15:24:23.725404 259195 caffe.cpp:491] Iteration: 1 forward-backward time: 318 ms.
I1013 15:24:24.043220 259195 caffe.cpp:491] Iteration: 2 forward-backward time: 317 ms.
I1013 15:24:24.359064 259195 caffe.cpp:491] Iteration: 3 forward-backward time: 315 ms.
I1013 15:24:24.675447 259195 caffe.cpp:491] Iteration: 4 forward-backward time: 316 ms.
I1013 15:24:24.993432 259195 caffe.cpp:491] Iteration: 5 forward-backward time: 317 ms.
I1013 15:24:25.310403 259195 caffe.cpp:491] Iteration: 6 forward-backward time: 316 ms.
I1013 15:24:25.627115 259195 caffe.cpp:491] Iteration: 7 forward-backward time: 316 ms.
I1013 15:24:25.944061 259195 caffe.cpp:491] Iteration: 8 forward-backward time: 316 ms.
I1013 15:24:26.262630 259195 caffe.cpp:491] Iteration: 9 forward-backward time: 318 ms.
I1013 15:24:26.579327 259195 caffe.cpp:491] Iteration: 10 forward-backward time: 316 ms.
I1013 15:24:26.579432 259195 caffe.cpp:498] Average time per layer: 
I1013 15:24:26.579458 259195 caffe.cpp:501]       data	forward: 38.5161 ms.
I1013 15:24:26.579494 259195 caffe.cpp:505]       data	backward: 0.0036 ms.
I1013 15:24:26.579527 259195 caffe.cpp:501]      conv1	forward: 5.3722 ms.
I1013 15:24:26.579558 259195 caffe.cpp:505]      conv1	backward: 5.7408 ms.
I1013 15:24:26.579586 259195 caffe.cpp:501]      relu1	forward: 2.7477 ms.
I1013 15:24:26.579617 259195 caffe.cpp:505]      relu1	backward: 44.9239 ms.
I1013 15:24:26.579651 259195 caffe.cpp:501]   dropout1	forward: 35.0222 ms.
I1013 15:24:26.579685 259195 caffe.cpp:505]   dropout1	backward: 28.6199 ms.
I1013 15:24:26.579720 259195 caffe.cpp:501]      pool1	forward: 41.0529 ms.
I1013 15:24:26.579753 259195 caffe.cpp:505]      pool1	backward: 11.5857 ms.
I1013 15:24:26.579789 259195 caffe.cpp:501]      conv2	forward: 34.2725 ms.
I1013 15:24:26.579854 259195 caffe.cpp:505]      conv2	backward: 34.334 ms.
I1013 15:24:26.579885 259195 caffe.cpp:501]      relu2	forward: 0.3829 ms.
I1013 15:24:26.579915 259195 caffe.cpp:505]      relu2	backward: 2.3966 ms.
I1013 15:24:26.579942 259195 caffe.cpp:501]   dropout2	forward: 3.8235 ms.
I1013 15:24:26.579972 259195 caffe.cpp:505]   dropout2	backward: 2.4886 ms.
I1013 15:24:26.580004 259195 caffe.cpp:501]      pool2	forward: 9.9623 ms.
I1013 15:24:26.580044 259195 caffe.cpp:505]      pool2	backward: 2.3174 ms.
I1013 15:24:26.580241 259195 caffe.cpp:501]      conv3	forward: 1.4729 ms.
I1013 15:24:26.580277 259195 caffe.cpp:505]      conv3	backward: 2.6274 ms.
I1013 15:24:26.580310 259195 caffe.cpp:501]      relu3	forward: 0.0658 ms.
I1013 15:24:26.580348 259195 caffe.cpp:505]      relu3	backward: 0.3269 ms.
I1013 15:24:26.580385 259195 caffe.cpp:501]   dropout3	forward: 0.5108 ms.
I1013 15:24:26.580421 259195 caffe.cpp:505]   dropout3	backward: 0.4301 ms.
I1013 15:24:26.580456 259195 caffe.cpp:501]      pool3	forward: 2.2079 ms.
I1013 15:24:26.580484 259195 caffe.cpp:505]      pool3	backward: 0.5485 ms.
I1013 15:24:26.580516 259195 caffe.cpp:501]      conv4	forward: 0.4223 ms.
I1013 15:24:26.580549 259195 caffe.cpp:505]      conv4	backward: 0.6757 ms.
I1013 15:24:26.580581 259195 caffe.cpp:501]      relu4	forward: 0.03 ms.
I1013 15:24:26.580612 259195 caffe.cpp:505]      relu4	backward: 0.1039 ms.
I1013 15:24:26.580646 259195 caffe.cpp:501]   dropout4	forward: 0.1542 ms.
I1013 15:24:26.580796 259195 caffe.cpp:505]   dropout4	backward: 0.1172 ms.
I1013 15:24:26.580832 259195 caffe.cpp:501]      pool4	forward: 0.4577 ms.
I1013 15:24:26.580864 259195 caffe.cpp:505]      pool4	backward: 0.1657 ms.
I1013 15:24:26.580896 259195 caffe.cpp:501]        fc1	forward: 0.5077 ms.
I1013 15:24:26.580926 259195 caffe.cpp:505]        fc1	backward: 1.5787 ms.
I1013 15:24:26.580955 259195 caffe.cpp:501]   dropout5	forward: 0.196 ms.
I1013 15:24:26.580983 259195 caffe.cpp:505]   dropout5	backward: 0.0225 ms.
I1013 15:24:26.581017 259195 caffe.cpp:501]        fc2	forward: 0.1274 ms.
I1013 15:24:26.581048 259195 caffe.cpp:505]        fc2	backward: 0.0472 ms.
I1013 15:24:26.581081 259195 caffe.cpp:501]       loss	forward: 0.3861 ms.
I1013 15:24:26.581125 259195 caffe.cpp:505]       loss	backward: 0.0101 ms.
I1013 15:24:26.581167 259195 caffe.cpp:511] Average Forward pass: 177.879 ms.
I1013 15:24:26.581202 259195 caffe.cpp:514] Average Backward pass: 139.249 ms.
I1013 15:24:26.581234 259195 caffe.cpp:516] Average Forward-Backward: 317.4 ms.
I1013 15:24:26.581269 259195 caffe.cpp:519] Total Time: 3174 ms.
I1013 15:24:26.581303 259195 caffe.cpp:520] *** Benchmark ends ***
