srun -n 1 -c 272 --cpu_bind=cores /project/projectdirs/mpccc/tmalas/intelcaffe/install_cori-knl/bin/caffe time -model=subst_train_val.prototxt -iterations=10
I1013 15:24:39.934058 259402 caffe.cpp:437] Use CPU.
I1013 15:24:39.972607 259402 cpu_info.cpp:452] Processor speed [MHz]: 1400
I1013 15:24:39.972671 259402 cpu_info.cpp:455] Total number of sockets: 1
I1013 15:24:39.972689 259402 cpu_info.cpp:458] Total number of CPU cores: 68
I1013 15:24:39.972705 259402 cpu_info.cpp:461] Total number of processors: 272
I1013 15:24:39.972720 259402 cpu_info.cpp:464] GPU is used: no
I1013 15:24:39.972736 259402 cpu_info.cpp:467] OpenMP environmental variables are specified: yes
I1013 15:24:39.972750 259402 cpu_info.cpp:470] OpenMP thread bind allowed: no
I1013 15:24:39.972767 259402 cpu_info.cpp:473] Number of OpenMP threads: 68
I1013 15:24:39.998389 259402 net.cpp:484] The NetState phase (0) differed from the phase (1) specified by a rule in layer data
I1013 15:24:39.998793 259402 net.cpp:120] Initializing net from parameters: 
name: "HEP_CLASSIFIER"
state {
  phase: TRAIN
  level: 0
  stage: ""
}
layer {
  name: "data"
  type: "DummyData"
  top: "data"
  top: "label"
  include {
    phase: TRAIN
  }
  dummy_data_param {
    data_filler {
      type: "gaussian"
      std: 1
    }
    data_filler {
      type: "constant"
      value: 0
    }
    shape {
      dim: 2
      dim: 3
      dim: 124
      dim: 124
    }
    shape {
      dim: 2
      dim: 1
      dim: 1
      dim: 1
    }
  }
}
layer {
  name: "conv1"
  type: "Convolution"
  bottom: "data"
  top: "conv1"
  convolution_param {
    num_output: 128
    pad: 0
    kernel_size: 3
    stride: 1
    weight_filler {
      type: "msra"
    }
    bias_filler {
      type: "constant"
      value: 0
    }
  }
}
layer {
  name: "relu1"
  type: "ReLU"
  bottom: "conv1"
  top: "conv1"
  relu_param {
    negative_slope: 0.1
  }
}
layer {
  name: "dropout1"
  type: "Dropout"
  bottom: "conv1"
  top: "drop1"
}
layer {
  name: "pool1"
  type: "Pooling"
  bottom: "drop1"
  top: "pool1"
  pooling_param {
    pool: MAX
    kernel_size: 2
    stride: 2
  }
}
layer {
  name: "conv2"
  type: "Convolution"
  bottom: "pool1"
  top: "conv2"
  convolution_param {
    num_output: 128
    pad: 0
    kernel_size: 3
    stride: 1
    weight_filler {
      type: "msra"
    }
    bias_filler {
      type: "constant"
      value: 0
    }
  }
}
layer {
  name: "relu2"
  type: "ReLU"
  bottom: "conv2"
  top: "conv2"
  relu_param {
    negative_slope: 0.1
  }
}
layer {
  name: "dropout2"
  type: "Dropout"
  bottom: "conv2"
  top: "drop2"
}
layer {
  name: "pool2"
  type: "Pooling"
  bottom: "drop2"
  top: "pool2"
  pooling_param {
    pool: MAX
    kernel_size: 2
    stride: 2
  }
}
layer {
  name: "conv3"
  type: "Convolution"
  bottom: "pool2"
  top: "conv3"
  convolution_param {
    num_output: 128
    pad: 0
    kernel_size: 3
    stride: 1
    weight_filler {
      type: "msra"
    }
    bias_filler {
      type: "constant"
      value: 0
    }
  }
}
layer {
  name: "relu3"
  type: "ReLU"
  bottom: "conv3"
  top: "conv3"
  relu_param {
    negative_slope: 0.1
  }
}
layer {
  name: "dropout3"
  type: "Dropout"
  bottom: "conv3"
  top: "drop3"
}
layer {
  name: "pool3"
  type: "Pooling"
  bottom: "drop3"
  top: "pool3"
  pooling_param {
    pool: MAX
    kernel_size: 2
    stride: 2
  }
}
layer {
  name: "conv4"
  type: "Convolution"
  bottom: "pool3"
  top: "conv4"
  convolution_param {
    num_output: 128
    pad: 0
    kernel_size: 3
    stride: 1
    weight_filler {
      type: "msra"
    }
    bias_filler {
      type: "constant"
      value: 0
    }
  }
}
layer {
  name: "relu4"
  type: "ReLU"
  bottom: "conv4"
  top: "conv4"
  relu_param {
    negative_slope: 0.1
  }
}
layer {
  name: "dropout4"
  type: "Dropout"
  bottom: "conv4"
  top: "drop4"
}
layer {
  name: "pool4"
  type: "Pooling"
  bottom: "drop4"
  top: "pool4"
  pooling_param {
    pool: MAX
    kernel_size: 2
    stride: 2
  }
}
layer {
  name: "fc1"
  type: "InnerProduct"
  bottom: "pool4"
  top: "fc1"
  inner_product_param {
    num_output: 1024
    weight_filler {
      type: "msra"
    }
    bias_filler {
      type: "constant"
      value: 0
    }
  }
}
layer {
  name: "dropout5"
  type: "Dropout"
  bottom: "fc1"
  top: "drop5"
}
layer {
  name: "fc2"
  type: "InnerProduct"
  bottom: "drop5"
  top: "fc2"
  inner_product_param {
    num_output: 2
    weight_filler {
      type: "msra"
    }
    bias_filler {
      type: "constant"
      value: 0
    }
  }
}
layer {
  name: "loss"
  type: "SoftmaxWithLoss"
  bottom: "fc2"
  bottom: "label"
}
I1013 15:24:40.000277 259402 layer_factory.hpp:114] Creating layer data
I1013 15:24:40.000396 259402 net.cpp:160] Creating Layer data
I1013 15:24:40.000439 259402 net.cpp:570] data -> data
I1013 15:24:40.000524 259402 net.cpp:570] data -> label
I1013 15:24:40.024555 259402 net.cpp:210] Setting up data
I1013 15:24:40.024665 259402 net.cpp:217] Top shape: 2 3 124 124 (92256)
I1013 15:24:40.024731 259402 net.cpp:217] Top shape: 2 1 1 1 (2)
I1013 15:24:40.024771 259402 net.cpp:225] Memory required for data: 369032
I1013 15:24:40.024811 259402 layer_factory.hpp:114] Creating layer conv1
I1013 15:24:40.024935 259402 net.cpp:160] Creating Layer conv1
I1013 15:24:40.024982 259402 net.cpp:596] conv1 <- data
I1013 15:24:40.025074 259402 net.cpp:570] conv1 -> conv1
I1013 15:24:40.140879 259402 net.cpp:210] Setting up conv1
I1013 15:24:40.140969 259402 net.cpp:217] Top shape: 2 128 122 122 (3810304)
I1013 15:24:40.141010 259402 net.cpp:225] Memory required for data: 15610248
I1013 15:24:40.141094 259402 layer_factory.hpp:114] Creating layer relu1
I1013 15:24:40.141165 259402 net.cpp:160] Creating Layer relu1
I1013 15:24:40.141192 259402 net.cpp:596] relu1 <- conv1
I1013 15:24:40.141228 259402 net.cpp:557] relu1 -> conv1 (in-place)
I1013 15:24:40.145953 259402 net.cpp:210] Setting up relu1
I1013 15:24:40.146040 259402 net.cpp:217] Top shape: 2 128 122 122 (3810304)
I1013 15:24:40.146081 259402 net.cpp:225] Memory required for data: 30851464
I1013 15:24:40.146111 259402 layer_factory.hpp:114] Creating layer dropout1
I1013 15:24:40.146154 259402 net.cpp:160] Creating Layer dropout1
I1013 15:24:40.146178 259402 net.cpp:596] dropout1 <- conv1
I1013 15:24:40.146214 259402 net.cpp:570] dropout1 -> drop1
I1013 15:24:40.146271 259402 net.cpp:210] Setting up dropout1
I1013 15:24:40.146296 259402 net.cpp:217] Top shape: 2 128 122 122 (3810304)
I1013 15:24:40.146327 259402 net.cpp:225] Memory required for data: 46092680
I1013 15:24:40.146351 259402 layer_factory.hpp:114] Creating layer pool1
I1013 15:24:40.146417 259402 net.cpp:160] Creating Layer pool1
I1013 15:24:40.146476 259402 net.cpp:596] pool1 <- drop1
I1013 15:24:40.146536 259402 net.cpp:570] pool1 -> pool1
I1013 15:24:40.151109 259402 net.cpp:210] Setting up pool1
I1013 15:24:40.151197 259402 net.cpp:217] Top shape: 2 128 61 61 (952576)
I1013 15:24:40.151238 259402 net.cpp:225] Memory required for data: 49902984
I1013 15:24:40.151265 259402 layer_factory.hpp:114] Creating layer conv2
I1013 15:24:40.151340 259402 net.cpp:160] Creating Layer conv2
I1013 15:24:40.151371 259402 net.cpp:596] conv2 <- pool1
I1013 15:24:40.151409 259402 net.cpp:570] conv2 -> conv2
I1013 15:24:40.262264 259402 net.cpp:210] Setting up conv2
I1013 15:24:40.262362 259402 net.cpp:217] Top shape: 2 128 59 59 (891136)
I1013 15:24:40.262430 259402 net.cpp:225] Memory required for data: 53467528
I1013 15:24:40.262523 259402 layer_factory.hpp:114] Creating layer relu2
I1013 15:24:40.262621 259402 net.cpp:160] Creating Layer relu2
I1013 15:24:40.262676 259402 net.cpp:596] relu2 <- conv2
I1013 15:24:40.262748 259402 net.cpp:557] relu2 -> conv2 (in-place)
I1013 15:24:40.267570 259402 net.cpp:210] Setting up relu2
I1013 15:24:40.267659 259402 net.cpp:217] Top shape: 2 128 59 59 (891136)
I1013 15:24:40.267706 259402 net.cpp:225] Memory required for data: 57032072
I1013 15:24:40.267740 259402 layer_factory.hpp:114] Creating layer dropout2
I1013 15:24:40.267791 259402 net.cpp:160] Creating Layer dropout2
I1013 15:24:40.267822 259402 net.cpp:596] dropout2 <- conv2
I1013 15:24:40.267869 259402 net.cpp:570] dropout2 -> drop2
I1013 15:24:40.267946 259402 net.cpp:210] Setting up dropout2
I1013 15:24:40.267982 259402 net.cpp:217] Top shape: 2 128 59 59 (891136)
I1013 15:24:40.268019 259402 net.cpp:225] Memory required for data: 60596616
I1013 15:24:40.268111 259402 layer_factory.hpp:114] Creating layer pool2
I1013 15:24:40.268309 259402 net.cpp:160] Creating Layer pool2
I1013 15:24:40.268363 259402 net.cpp:596] pool2 <- drop2
I1013 15:24:40.268602 259402 net.cpp:570] pool2 -> pool2
I1013 15:24:40.273557 259402 net.cpp:210] Setting up pool2
I1013 15:24:40.273650 259402 net.cpp:217] Top shape: 2 128 30 30 (230400)
I1013 15:24:40.273712 259402 net.cpp:225] Memory required for data: 61518216
I1013 15:24:40.273746 259402 layer_factory.hpp:114] Creating layer conv3
I1013 15:24:40.273831 259402 net.cpp:160] Creating Layer conv3
I1013 15:24:40.273870 259402 net.cpp:596] conv3 <- pool2
I1013 15:24:40.273923 259402 net.cpp:570] conv3 -> conv3
I1013 15:24:40.365141 259402 net.cpp:210] Setting up conv3
I1013 15:24:40.365241 259402 net.cpp:217] Top shape: 2 128 28 28 (200704)
I1013 15:24:40.365301 259402 net.cpp:225] Memory required for data: 62321032
I1013 15:24:40.365386 259402 layer_factory.hpp:114] Creating layer relu3
I1013 15:24:40.365550 259402 net.cpp:160] Creating Layer relu3
I1013 15:24:40.365617 259402 net.cpp:596] relu3 <- conv3
I1013 15:24:40.365679 259402 net.cpp:557] relu3 -> conv3 (in-place)
I1013 15:24:40.370447 259402 net.cpp:210] Setting up relu3
I1013 15:24:40.370535 259402 net.cpp:217] Top shape: 2 128 28 28 (200704)
I1013 15:24:40.370579 259402 net.cpp:225] Memory required for data: 63123848
I1013 15:24:40.370614 259402 layer_factory.hpp:114] Creating layer dropout3
I1013 15:24:40.370659 259402 net.cpp:160] Creating Layer dropout3
I1013 15:24:40.370689 259402 net.cpp:596] dropout3 <- conv3
I1013 15:24:40.370733 259402 net.cpp:570] dropout3 -> drop3
I1013 15:24:40.370801 259402 net.cpp:210] Setting up dropout3
I1013 15:24:40.370833 259402 net.cpp:217] Top shape: 2 128 28 28 (200704)
I1013 15:24:40.370870 259402 net.cpp:225] Memory required for data: 63926664
I1013 15:24:40.370901 259402 layer_factory.hpp:114] Creating layer pool3
I1013 15:24:40.370960 259402 net.cpp:160] Creating Layer pool3
I1013 15:24:40.370996 259402 net.cpp:596] pool3 <- drop3
I1013 15:24:40.371086 259402 net.cpp:570] pool3 -> pool3
I1013 15:24:40.375612 259402 net.cpp:210] Setting up pool3
I1013 15:24:40.375699 259402 net.cpp:217] Top shape: 2 128 14 14 (50176)
I1013 15:24:40.375741 259402 net.cpp:225] Memory required for data: 64127368
I1013 15:24:40.375769 259402 layer_factory.hpp:114] Creating layer conv4
I1013 15:24:40.375846 259402 net.cpp:160] Creating Layer conv4
I1013 15:24:40.375880 259402 net.cpp:596] conv4 <- pool3
I1013 15:24:40.375926 259402 net.cpp:570] conv4 -> conv4
I1013 15:24:40.457617 259402 net.cpp:210] Setting up conv4
I1013 15:24:40.457708 259402 net.cpp:217] Top shape: 2 128 12 12 (36864)
I1013 15:24:40.457765 259402 net.cpp:225] Memory required for data: 64274824
I1013 15:24:40.457828 259402 layer_factory.hpp:114] Creating layer relu4
I1013 15:24:40.457900 259402 net.cpp:160] Creating Layer relu4
I1013 15:24:40.457937 259402 net.cpp:596] relu4 <- conv4
I1013 15:24:40.457984 259402 net.cpp:557] relu4 -> conv4 (in-place)
I1013 15:24:40.463129 259402 net.cpp:210] Setting up relu4
I1013 15:24:40.463214 259402 net.cpp:217] Top shape: 2 128 12 12 (36864)
I1013 15:24:40.463258 259402 net.cpp:225] Memory required for data: 64422280
I1013 15:24:40.463287 259402 layer_factory.hpp:114] Creating layer dropout4
I1013 15:24:40.463333 259402 net.cpp:160] Creating Layer dropout4
I1013 15:24:40.463359 259402 net.cpp:596] dropout4 <- conv4
I1013 15:24:40.463397 259402 net.cpp:570] dropout4 -> drop4
I1013 15:24:40.463459 259402 net.cpp:210] Setting up dropout4
I1013 15:24:40.463488 259402 net.cpp:217] Top shape: 2 128 12 12 (36864)
I1013 15:24:40.463522 259402 net.cpp:225] Memory required for data: 64569736
I1013 15:24:40.463549 259402 layer_factory.hpp:114] Creating layer pool4
I1013 15:24:40.463601 259402 net.cpp:160] Creating Layer pool4
I1013 15:24:40.463627 259402 net.cpp:596] pool4 <- drop4
I1013 15:24:40.463666 259402 net.cpp:570] pool4 -> pool4
I1013 15:24:40.468219 259402 net.cpp:210] Setting up pool4
I1013 15:24:40.468305 259402 net.cpp:217] Top shape: 2 128 6 6 (9216)
I1013 15:24:40.468376 259402 net.cpp:225] Memory required for data: 64606600
I1013 15:24:40.468407 259402 layer_factory.hpp:114] Creating layer fc1
I1013 15:24:40.468478 259402 net.cpp:160] Creating Layer fc1
I1013 15:24:40.468509 259402 net.cpp:596] fc1 <- pool4
I1013 15:24:40.468552 259402 net.cpp:570] fc1 -> fc1
I1013 15:24:40.704713 259402 net.cpp:210] Setting up fc1
I1013 15:24:40.704798 259402 net.cpp:217] Top shape: 2 1024 (2048)
I1013 15:24:40.704839 259402 net.cpp:225] Memory required for data: 64614792
I1013 15:24:40.704906 259402 layer_factory.hpp:114] Creating layer dropout5
I1013 15:24:40.704954 259402 net.cpp:160] Creating Layer dropout5
I1013 15:24:40.704982 259402 net.cpp:596] dropout5 <- fc1
I1013 15:24:40.705018 259402 net.cpp:570] dropout5 -> drop5
I1013 15:24:40.705076 259402 net.cpp:210] Setting up dropout5
I1013 15:24:40.705102 259402 net.cpp:217] Top shape: 2 1024 (2048)
I1013 15:24:40.705137 259402 net.cpp:225] Memory required for data: 64622984
I1013 15:24:40.705164 259402 layer_factory.hpp:114] Creating layer fc2
I1013 15:24:40.705246 259402 net.cpp:160] Creating Layer fc2
I1013 15:24:40.705287 259402 net.cpp:596] fc2 <- drop5
I1013 15:24:40.705394 259402 net.cpp:570] fc2 -> fc2
I1013 15:24:40.709071 259402 net.cpp:210] Setting up fc2
I1013 15:24:40.709159 259402 net.cpp:217] Top shape: 2 2 (4)
I1013 15:24:40.709199 259402 net.cpp:225] Memory required for data: 64623000
I1013 15:24:40.709255 259402 layer_factory.hpp:114] Creating layer loss
I1013 15:24:40.709313 259402 net.cpp:160] Creating Layer loss
I1013 15:24:40.709342 259402 net.cpp:596] loss <- fc2
I1013 15:24:40.709368 259402 net.cpp:596] loss <- label
I1013 15:24:40.709411 259402 net.cpp:570] loss -> (automatic)
I1013 15:24:40.709496 259402 layer_factory.hpp:114] Creating layer loss
I1013 15:24:40.712978 259402 net.cpp:210] Setting up loss
I1013 15:24:40.713063 259402 net.cpp:217] Top shape: (1)
I1013 15:24:40.713099 259402 net.cpp:220]     with loss weight 1
I1013 15:24:40.713224 259402 net.cpp:225] Memory required for data: 64623004
I1013 15:24:40.713260 259402 net.cpp:287] loss needs backward computation.
I1013 15:24:40.713286 259402 net.cpp:287] fc2 needs backward computation.
I1013 15:24:40.713306 259402 net.cpp:287] dropout5 needs backward computation.
I1013 15:24:40.713326 259402 net.cpp:287] fc1 needs backward computation.
I1013 15:24:40.713345 259402 net.cpp:287] pool4 needs backward computation.
I1013 15:24:40.713366 259402 net.cpp:287] dropout4 needs backward computation.
I1013 15:24:40.713385 259402 net.cpp:287] relu4 needs backward computation.
I1013 15:24:40.713403 259402 net.cpp:287] conv4 needs backward computation.
I1013 15:24:40.713451 259402 net.cpp:287] pool3 needs backward computation.
I1013 15:24:40.713523 259402 net.cpp:287] dropout3 needs backward computation.
I1013 15:24:40.713567 259402 net.cpp:287] relu3 needs backward computation.
I1013 15:24:40.713593 259402 net.cpp:287] conv3 needs backward computation.
I1013 15:24:40.713621 259402 net.cpp:287] pool2 needs backward computation.
I1013 15:24:40.713663 259402 net.cpp:287] dropout2 needs backward computation.
I1013 15:24:40.713692 259402 net.cpp:287] relu2 needs backward computation.
I1013 15:24:40.713717 259402 net.cpp:287] conv2 needs backward computation.
I1013 15:24:40.713743 259402 net.cpp:287] pool1 needs backward computation.
I1013 15:24:40.713767 259402 net.cpp:287] dropout1 needs backward computation.
I1013 15:24:40.713790 259402 net.cpp:287] relu1 needs backward computation.
I1013 15:24:40.713817 259402 net.cpp:287] conv1 needs backward computation.
I1013 15:24:40.713866 259402 net.cpp:289] data does not need backward computation.
I1013 15:24:40.713943 259402 net.cpp:345] Network initialization done.
I1013 15:24:40.714344 259402 caffe.cpp:445] Performing Forward
I1013 15:24:41.220818 259402 caffe.cpp:450] Initial loss: 21.9032
I1013 15:24:41.220918 259402 caffe.cpp:452] Performing Backward
I1013 15:24:41.346135 259402 caffe.cpp:461] *** Benchmark begins ***
I1013 15:24:41.346205 259402 caffe.cpp:462] Testing for 10 iterations.
I1013 15:24:41.443823 259402 caffe.cpp:491] Iteration: 1 forward-backward time: 97 ms.
I1013 15:24:41.539122 259402 caffe.cpp:491] Iteration: 2 forward-backward time: 95 ms.
I1013 15:24:41.634440 259402 caffe.cpp:491] Iteration: 3 forward-backward time: 95 ms.
I1013 15:24:41.729171 259402 caffe.cpp:491] Iteration: 4 forward-backward time: 94 ms.
I1013 15:24:41.823995 259402 caffe.cpp:491] Iteration: 5 forward-backward time: 94 ms.
I1013 15:24:41.919250 259402 caffe.cpp:491] Iteration: 6 forward-backward time: 95 ms.
I1013 15:24:42.014122 259402 caffe.cpp:491] Iteration: 7 forward-backward time: 94 ms.
I1013 15:24:42.108976 259402 caffe.cpp:491] Iteration: 8 forward-backward time: 94 ms.
I1013 15:24:42.204272 259402 caffe.cpp:491] Iteration: 9 forward-backward time: 95 ms.
I1013 15:24:42.299336 259402 caffe.cpp:491] Iteration: 10 forward-backward time: 95 ms.
I1013 15:24:42.299443 259402 caffe.cpp:498] Average time per layer: 
I1013 15:24:42.299468 259402 caffe.cpp:501]       data	forward: 5.1893 ms.
I1013 15:24:42.299499 259402 caffe.cpp:505]       data	backward: 0.0033 ms.
I1013 15:24:42.299525 259402 caffe.cpp:501]      conv1	forward: 0.5598 ms.
I1013 15:24:42.299551 259402 caffe.cpp:505]      conv1	backward: 1.0201 ms.
I1013 15:24:42.299574 259402 caffe.cpp:501]      relu1	forward: 0.0811 ms.
I1013 15:24:42.299602 259402 caffe.cpp:505]      relu1	backward: 1.4158 ms.
I1013 15:24:42.299628 259402 caffe.cpp:501]   dropout1	forward: 2.1043 ms.
I1013 15:24:42.299654 259402 caffe.cpp:505]   dropout1	backward: 1.5319 ms.
I1013 15:24:42.299679 259402 caffe.cpp:501]      pool1	forward: 41.0296 ms.
I1013 15:24:42.299708 259402 caffe.cpp:505]      pool1	backward: 7.4146 ms.
I1013 15:24:42.299736 259402 caffe.cpp:501]      conv2	forward: 4.4735 ms.
I1013 15:24:42.299762 259402 caffe.cpp:505]      conv2	backward: 5.833 ms.
I1013 15:24:42.299787 259402 caffe.cpp:501]      relu2	forward: 0.0637 ms.
I1013 15:24:42.299818 259402 caffe.cpp:505]      relu2	backward: 0.3883 ms.
I1013 15:24:42.299875 259402 caffe.cpp:501]   dropout2	forward: 0.4106 ms.
I1013 15:24:42.299901 259402 caffe.cpp:505]   dropout2	backward: 0.2815 ms.
I1013 15:24:42.299927 259402 caffe.cpp:501]      pool2	forward: 9.9128 ms.
I1013 15:24:42.300046 259402 caffe.cpp:505]      pool2	backward: 1.7779 ms.
I1013 15:24:42.300073 259402 caffe.cpp:501]      conv3	forward: 0.3582 ms.
I1013 15:24:42.300101 259402 caffe.cpp:505]      conv3	backward: 0.6925 ms.
I1013 15:24:42.300130 259402 caffe.cpp:501]      relu3	forward: 0.0345 ms.
I1013 15:24:42.300298 259402 caffe.cpp:505]      relu3	backward: 0.1285 ms.
I1013 15:24:42.300333 259402 caffe.cpp:501]   dropout3	forward: 0.145 ms.
I1013 15:24:42.300360 259402 caffe.cpp:505]   dropout3	backward: 0.0963 ms.
I1013 15:24:42.300386 259402 caffe.cpp:501]      pool3	forward: 2.2687 ms.
I1013 15:24:42.300411 259402 caffe.cpp:505]      pool3	backward: 0.5107 ms.
I1013 15:24:42.300436 259402 caffe.cpp:501]      conv4	forward: 0.2 ms.
I1013 15:24:42.300462 259402 caffe.cpp:505]      conv4	backward: 0.3102 ms.
I1013 15:24:42.300485 259402 caffe.cpp:501]      relu4	forward: 0.0216 ms.
I1013 15:24:42.300510 259402 caffe.cpp:505]      relu4	backward: 0.0998 ms.
I1013 15:24:42.300539 259402 caffe.cpp:501]   dropout4	forward: 0.0705 ms.
I1013 15:24:42.300565 259402 caffe.cpp:505]   dropout4	backward: 0.0711 ms.
I1013 15:24:42.300590 259402 caffe.cpp:501]      pool4	forward: 0.442 ms.
I1013 15:24:42.300614 259402 caffe.cpp:505]      pool4	backward: 0.1718 ms.
I1013 15:24:42.300638 259402 caffe.cpp:501]        fc1	forward: 0.4695 ms.
I1013 15:24:42.300663 259402 caffe.cpp:505]        fc1	backward: 4.9199 ms.
I1013 15:24:42.300686 259402 caffe.cpp:501]   dropout5	forward: 0.0872 ms.
I1013 15:24:42.300710 259402 caffe.cpp:505]   dropout5	backward: 0.0229 ms.
I1013 15:24:42.300735 259402 caffe.cpp:501]        fc2	forward: 0.1084 ms.
I1013 15:24:42.300765 259402 caffe.cpp:505]        fc2	backward: 0.0332 ms.
I1013 15:24:42.300789 259402 caffe.cpp:501]       loss	forward: 0.067 ms.
I1013 15:24:42.300813 259402 caffe.cpp:505]       loss	backward: 0.0095 ms.
I1013 15:24:42.300863 259402 caffe.cpp:511] Average Forward pass: 68.2651 ms.
I1013 15:24:42.300889 259402 caffe.cpp:514] Average Backward pass: 26.9244 ms.
I1013 15:24:42.300915 259402 caffe.cpp:516] Average Forward-Backward: 95.4 ms.
I1013 15:24:42.300961 259402 caffe.cpp:519] Total Time: 954 ms.
I1013 15:24:42.300987 259402 caffe.cpp:520] *** Benchmark ends ***
