srun -n 1 -c 272 --cpu_bind=cores /project/projectdirs/mpccc/tmalas/intelcaffe/install_cori-knl/bin/caffe time -model=subst_train_val.prototxt -iterations=10
I1013 15:23:51.776041 258981 caffe.cpp:437] Use CPU.
I1013 15:23:51.815033 258981 cpu_info.cpp:452] Processor speed [MHz]: 1400
I1013 15:23:51.815096 258981 cpu_info.cpp:455] Total number of sockets: 1
I1013 15:23:51.815115 258981 cpu_info.cpp:458] Total number of CPU cores: 68
I1013 15:23:51.815131 258981 cpu_info.cpp:461] Total number of processors: 272
I1013 15:23:51.815147 258981 cpu_info.cpp:464] GPU is used: no
I1013 15:23:51.815163 258981 cpu_info.cpp:467] OpenMP environmental variables are specified: yes
I1013 15:23:51.815177 258981 cpu_info.cpp:470] OpenMP thread bind allowed: no
I1013 15:23:51.815196 258981 cpu_info.cpp:473] Number of OpenMP threads: 68
I1013 15:23:51.840708 258981 net.cpp:484] The NetState phase (0) differed from the phase (1) specified by a rule in layer data
I1013 15:23:51.841703 258981 net.cpp:120] Initializing net from parameters: 
name: "HEP_CLASSIFIER"
state {
  phase: TRAIN
  level: 0
  stage: ""
}
layer {
  name: "data"
  type: "DummyData"
  top: "data"
  top: "label"
  include {
    phase: TRAIN
  }
  dummy_data_param {
    data_filler {
      type: "gaussian"
      std: 1
    }
    data_filler {
      type: "constant"
      value: 0
    }
    shape {
      dim: 4
      dim: 3
      dim: 124
      dim: 124
    }
    shape {
      dim: 4
      dim: 1
      dim: 1
      dim: 1
    }
  }
}
layer {
  name: "conv1"
  type: "Convolution"
  bottom: "data"
  top: "conv1"
  convolution_param {
    num_output: 128
    pad: 0
    kernel_size: 3
    stride: 1
    weight_filler {
      type: "msra"
    }
    bias_filler {
      type: "constant"
      value: 0
    }
  }
}
layer {
  name: "relu1"
  type: "ReLU"
  bottom: "conv1"
  top: "conv1"
  relu_param {
    negative_slope: 0.1
  }
}
layer {
  name: "dropout1"
  type: "Dropout"
  bottom: "conv1"
  top: "drop1"
}
layer {
  name: "pool1"
  type: "Pooling"
  bottom: "drop1"
  top: "pool1"
  pooling_param {
    pool: MAX
    kernel_size: 2
    stride: 2
  }
}
layer {
  name: "conv2"
  type: "Convolution"
  bottom: "pool1"
  top: "conv2"
  convolution_param {
    num_output: 128
    pad: 0
    kernel_size: 3
    stride: 1
    weight_filler {
      type: "msra"
    }
    bias_filler {
      type: "constant"
      value: 0
    }
  }
}
layer {
  name: "relu2"
  type: "ReLU"
  bottom: "conv2"
  top: "conv2"
  relu_param {
    negative_slope: 0.1
  }
}
layer {
  name: "dropout2"
  type: "Dropout"
  bottom: "conv2"
  top: "drop2"
}
layer {
  name: "pool2"
  type: "Pooling"
  bottom: "drop2"
  top: "pool2"
  pooling_param {
    pool: MAX
    kernel_size: 2
    stride: 2
  }
}
layer {
  name: "conv3"
  type: "Convolution"
  bottom: "pool2"
  top: "conv3"
  convolution_param {
    num_output: 128
    pad: 0
    kernel_size: 3
    stride: 1
    weight_filler {
      type: "msra"
    }
    bias_filler {
      type: "constant"
      value: 0
    }
  }
}
layer {
  name: "relu3"
  type: "ReLU"
  bottom: "conv3"
  top: "conv3"
  relu_param {
    negative_slope: 0.1
  }
}
layer {
  name: "dropout3"
  type: "Dropout"
  bottom: "conv3"
  top: "drop3"
}
layer {
  name: "pool3"
  type: "Pooling"
  bottom: "drop3"
  top: "pool3"
  pooling_param {
    pool: MAX
    kernel_size: 2
    stride: 2
  }
}
layer {
  name: "conv4"
  type: "Convolution"
  bottom: "pool3"
  top: "conv4"
  convolution_param {
    num_output: 128
    pad: 0
    kernel_size: 3
    stride: 1
    weight_filler {
      type: "msra"
    }
    bias_filler {
      type: "constant"
      value: 0
    }
  }
}
layer {
  name: "relu4"
  type: "ReLU"
  bottom: "conv4"
  top: "conv4"
  relu_param {
    negative_slope: 0.1
  }
}
layer {
  name: "dropout4"
  type: "Dropout"
  bottom: "conv4"
  top: "drop4"
}
layer {
  name: "pool4"
  type: "Pooling"
  bottom: "drop4"
  top: "pool4"
  pooling_param {
    pool: MAX
    kernel_size: 2
    stride: 2
  }
}
layer {
  name: "fc1"
  type: "InnerProduct"
  bottom: "pool4"
  top: "fc1"
  inner_product_param {
    num_output: 1024
    weight_filler {
      type: "msra"
    }
    bias_filler {
      type: "constant"
      value: 0
    }
  }
}
layer {
  name: "dropout5"
  type: "Dropout"
  bottom: "fc1"
  top: "drop5"
}
layer {
  name: "fc2"
  type: "InnerProduct"
  bottom: "drop5"
  top: "fc2"
  inner_product_param {
    num_output: 2
    weight_filler {
      type: "msra"
    }
    bias_filler {
      type: "constant"
      value: 0
    }
  }
}
layer {
  name: "loss"
  type: "SoftmaxWithLoss"
  bottom: "fc2"
  bottom: "label"
}
I1013 15:23:51.843371 258981 layer_factory.hpp:114] Creating layer data
I1013 15:23:51.843451 258981 net.cpp:160] Creating Layer data
I1013 15:23:51.843484 258981 net.cpp:570] data -> data
I1013 15:23:51.843555 258981 net.cpp:570] data -> label
I1013 15:23:51.866528 258981 net.cpp:210] Setting up data
I1013 15:23:51.866637 258981 net.cpp:217] Top shape: 4 3 124 124 (184512)
I1013 15:23:51.866708 258981 net.cpp:217] Top shape: 4 1 1 1 (4)
I1013 15:23:51.866751 258981 net.cpp:225] Memory required for data: 738064
I1013 15:23:51.866792 258981 layer_factory.hpp:114] Creating layer conv1
I1013 15:23:51.866920 258981 net.cpp:160] Creating Layer conv1
I1013 15:23:51.866971 258981 net.cpp:596] conv1 <- data
I1013 15:23:51.867069 258981 net.cpp:570] conv1 -> conv1
I1013 15:23:51.985783 258981 net.cpp:210] Setting up conv1
I1013 15:23:51.985868 258981 net.cpp:217] Top shape: 4 128 122 122 (7620608)
I1013 15:23:51.985913 258981 net.cpp:225] Memory required for data: 31220496
I1013 15:23:51.985998 258981 layer_factory.hpp:114] Creating layer relu1
I1013 15:23:51.986070 258981 net.cpp:160] Creating Layer relu1
I1013 15:23:51.986101 258981 net.cpp:596] relu1 <- conv1
I1013 15:23:51.986137 258981 net.cpp:557] relu1 -> conv1 (in-place)
I1013 15:23:51.990820 258981 net.cpp:210] Setting up relu1
I1013 15:23:51.990909 258981 net.cpp:217] Top shape: 4 128 122 122 (7620608)
I1013 15:23:51.990952 258981 net.cpp:225] Memory required for data: 61702928
I1013 15:23:51.990983 258981 layer_factory.hpp:114] Creating layer dropout1
I1013 15:23:51.991029 258981 net.cpp:160] Creating Layer dropout1
I1013 15:23:51.991052 258981 net.cpp:596] dropout1 <- conv1
I1013 15:23:51.991088 258981 net.cpp:570] dropout1 -> drop1
I1013 15:23:51.991147 258981 net.cpp:210] Setting up dropout1
I1013 15:23:51.991174 258981 net.cpp:217] Top shape: 4 128 122 122 (7620608)
I1013 15:23:51.991209 258981 net.cpp:225] Memory required for data: 92185360
I1013 15:23:51.991235 258981 layer_factory.hpp:114] Creating layer pool1
I1013 15:23:51.991329 258981 net.cpp:160] Creating Layer pool1
I1013 15:23:51.991377 258981 net.cpp:596] pool1 <- drop1
I1013 15:23:51.991515 258981 net.cpp:570] pool1 -> pool1
I1013 15:23:51.995990 258981 net.cpp:210] Setting up pool1
I1013 15:23:51.996078 258981 net.cpp:217] Top shape: 4 128 61 61 (1905152)
I1013 15:23:51.996119 258981 net.cpp:225] Memory required for data: 99805968
I1013 15:23:51.996147 258981 layer_factory.hpp:114] Creating layer conv2
I1013 15:23:51.996222 258981 net.cpp:160] Creating Layer conv2
I1013 15:23:51.996253 258981 net.cpp:596] conv2 <- pool1
I1013 15:23:51.996294 258981 net.cpp:570] conv2 -> conv2
I1013 15:23:52.136333 258981 net.cpp:210] Setting up conv2
I1013 15:23:52.136433 258981 net.cpp:217] Top shape: 4 128 59 59 (1782272)
I1013 15:23:52.136505 258981 net.cpp:225] Memory required for data: 106935056
I1013 15:23:52.136597 258981 layer_factory.hpp:114] Creating layer relu2
I1013 15:23:52.136694 258981 net.cpp:160] Creating Layer relu2
I1013 15:23:52.136747 258981 net.cpp:596] relu2 <- conv2
I1013 15:23:52.136813 258981 net.cpp:557] relu2 -> conv2 (in-place)
I1013 15:23:52.142516 258981 net.cpp:210] Setting up relu2
I1013 15:23:52.142608 258981 net.cpp:217] Top shape: 4 128 59 59 (1782272)
I1013 15:23:52.142663 258981 net.cpp:225] Memory required for data: 114064144
I1013 15:23:52.142699 258981 layer_factory.hpp:114] Creating layer dropout2
I1013 15:23:52.142751 258981 net.cpp:160] Creating Layer dropout2
I1013 15:23:52.142789 258981 net.cpp:596] dropout2 <- conv2
I1013 15:23:52.142838 258981 net.cpp:570] dropout2 -> drop2
I1013 15:23:52.142918 258981 net.cpp:210] Setting up dropout2
I1013 15:23:52.142957 258981 net.cpp:217] Top shape: 4 128 59 59 (1782272)
I1013 15:23:52.143007 258981 net.cpp:225] Memory required for data: 121193232
I1013 15:23:52.143128 258981 layer_factory.hpp:114] Creating layer pool2
I1013 15:23:52.143237 258981 net.cpp:160] Creating Layer pool2
I1013 15:23:52.143287 258981 net.cpp:596] pool2 <- drop2
I1013 15:23:52.143347 258981 net.cpp:570] pool2 -> pool2
I1013 15:23:52.148138 258981 net.cpp:210] Setting up pool2
I1013 15:23:52.148224 258981 net.cpp:217] Top shape: 4 128 30 30 (460800)
I1013 15:23:52.148268 258981 net.cpp:225] Memory required for data: 123036432
I1013 15:23:52.148298 258981 layer_factory.hpp:114] Creating layer conv3
I1013 15:23:52.148380 258981 net.cpp:160] Creating Layer conv3
I1013 15:23:52.148416 258981 net.cpp:596] conv3 <- pool2
I1013 15:23:52.148465 258981 net.cpp:570] conv3 -> conv3
I1013 15:23:52.247143 258981 net.cpp:210] Setting up conv3
I1013 15:23:52.247246 258981 net.cpp:217] Top shape: 4 128 28 28 (401408)
I1013 15:23:52.247310 258981 net.cpp:225] Memory required for data: 124642064
I1013 15:23:52.247402 258981 layer_factory.hpp:114] Creating layer relu3
I1013 15:23:52.247498 258981 net.cpp:160] Creating Layer relu3
I1013 15:23:52.247546 258981 net.cpp:596] relu3 <- conv3
I1013 15:23:52.247608 258981 net.cpp:557] relu3 -> conv3 (in-place)
I1013 15:23:52.252810 258981 net.cpp:210] Setting up relu3
I1013 15:23:52.252897 258981 net.cpp:217] Top shape: 4 128 28 28 (401408)
I1013 15:23:52.252938 258981 net.cpp:225] Memory required for data: 126247696
I1013 15:23:52.252969 258981 layer_factory.hpp:114] Creating layer dropout3
I1013 15:23:52.253017 258981 net.cpp:160] Creating Layer dropout3
I1013 15:23:52.253046 258981 net.cpp:596] dropout3 <- conv3
I1013 15:23:52.253088 258981 net.cpp:570] dropout3 -> drop3
I1013 15:23:52.253159 258981 net.cpp:210] Setting up dropout3
I1013 15:23:52.253193 258981 net.cpp:217] Top shape: 4 128 28 28 (401408)
I1013 15:23:52.253232 258981 net.cpp:225] Memory required for data: 127853328
I1013 15:23:52.253262 258981 layer_factory.hpp:114] Creating layer pool3
I1013 15:23:52.253322 258981 net.cpp:160] Creating Layer pool3
I1013 15:23:52.253388 258981 net.cpp:596] pool3 <- drop3
I1013 15:23:52.253645 258981 net.cpp:570] pool3 -> pool3
I1013 15:23:52.258559 258981 net.cpp:210] Setting up pool3
I1013 15:23:52.258646 258981 net.cpp:217] Top shape: 4 128 14 14 (100352)
I1013 15:23:52.258687 258981 net.cpp:225] Memory required for data: 128254736
I1013 15:23:52.258716 258981 layer_factory.hpp:114] Creating layer conv4
I1013 15:23:52.258792 258981 net.cpp:160] Creating Layer conv4
I1013 15:23:52.258828 258981 net.cpp:596] conv4 <- pool3
I1013 15:23:52.258875 258981 net.cpp:570] conv4 -> conv4
I1013 15:23:52.342613 258981 net.cpp:210] Setting up conv4
I1013 15:23:52.342705 258981 net.cpp:217] Top shape: 4 128 12 12 (73728)
I1013 15:23:52.342756 258981 net.cpp:225] Memory required for data: 128549648
I1013 15:23:52.342821 258981 layer_factory.hpp:114] Creating layer relu4
I1013 15:23:52.342893 258981 net.cpp:160] Creating Layer relu4
I1013 15:23:52.342936 258981 net.cpp:596] relu4 <- conv4
I1013 15:23:52.342988 258981 net.cpp:557] relu4 -> conv4 (in-place)
I1013 15:23:52.348130 258981 net.cpp:210] Setting up relu4
I1013 15:23:52.348219 258981 net.cpp:217] Top shape: 4 128 12 12 (73728)
I1013 15:23:52.348263 258981 net.cpp:225] Memory required for data: 128844560
I1013 15:23:52.348295 258981 layer_factory.hpp:114] Creating layer dropout4
I1013 15:23:52.348342 258981 net.cpp:160] Creating Layer dropout4
I1013 15:23:52.348368 258981 net.cpp:596] dropout4 <- conv4
I1013 15:23:52.348407 258981 net.cpp:570] dropout4 -> drop4
I1013 15:23:52.348472 258981 net.cpp:210] Setting up dropout4
I1013 15:23:52.348505 258981 net.cpp:217] Top shape: 4 128 12 12 (73728)
I1013 15:23:52.348539 258981 net.cpp:225] Memory required for data: 129139472
I1013 15:23:52.348567 258981 layer_factory.hpp:114] Creating layer pool4
I1013 15:23:52.348624 258981 net.cpp:160] Creating Layer pool4
I1013 15:23:52.348654 258981 net.cpp:596] pool4 <- drop4
I1013 15:23:52.348696 258981 net.cpp:570] pool4 -> pool4
I1013 15:23:52.353283 258981 net.cpp:210] Setting up pool4
I1013 15:23:52.353371 258981 net.cpp:217] Top shape: 4 128 6 6 (18432)
I1013 15:23:52.353443 258981 net.cpp:225] Memory required for data: 129213200
I1013 15:23:52.353559 258981 layer_factory.hpp:114] Creating layer fc1
I1013 15:23:52.353665 258981 net.cpp:160] Creating Layer fc1
I1013 15:23:52.353915 258981 net.cpp:596] fc1 <- pool4
I1013 15:23:52.353998 258981 net.cpp:570] fc1 -> fc1
I1013 15:23:52.589628 258981 net.cpp:210] Setting up fc1
I1013 15:23:52.589709 258981 net.cpp:217] Top shape: 4 1024 (4096)
I1013 15:23:52.589747 258981 net.cpp:225] Memory required for data: 129229584
I1013 15:23:52.589813 258981 layer_factory.hpp:114] Creating layer dropout5
I1013 15:23:52.589860 258981 net.cpp:160] Creating Layer dropout5
I1013 15:23:52.589885 258981 net.cpp:596] dropout5 <- fc1
I1013 15:23:52.589920 258981 net.cpp:570] dropout5 -> drop5
I1013 15:23:52.589978 258981 net.cpp:210] Setting up dropout5
I1013 15:23:52.590008 258981 net.cpp:217] Top shape: 4 1024 (4096)
I1013 15:23:52.590042 258981 net.cpp:225] Memory required for data: 129245968
I1013 15:23:52.590070 258981 layer_factory.hpp:114] Creating layer fc2
I1013 15:23:52.590152 258981 net.cpp:160] Creating Layer fc2
I1013 15:23:52.590296 258981 net.cpp:596] fc2 <- drop5
I1013 15:23:52.590364 258981 net.cpp:570] fc2 -> fc2
I1013 15:23:52.594482 258981 net.cpp:210] Setting up fc2
I1013 15:23:52.594569 258981 net.cpp:217] Top shape: 4 2 (8)
I1013 15:23:52.594607 258981 net.cpp:225] Memory required for data: 129246000
I1013 15:23:52.594661 258981 layer_factory.hpp:114] Creating layer loss
I1013 15:23:52.594727 258981 net.cpp:160] Creating Layer loss
I1013 15:23:52.594758 258981 net.cpp:596] loss <- fc2
I1013 15:23:52.594785 258981 net.cpp:596] loss <- label
I1013 15:23:52.594830 258981 net.cpp:570] loss -> (automatic)
I1013 15:23:52.594887 258981 layer_factory.hpp:114] Creating layer loss
I1013 15:23:52.598544 258981 net.cpp:210] Setting up loss
I1013 15:23:52.598628 258981 net.cpp:217] Top shape: (1)
I1013 15:23:52.598666 258981 net.cpp:220]     with loss weight 1
I1013 15:23:52.598790 258981 net.cpp:225] Memory required for data: 129246004
I1013 15:23:52.598826 258981 net.cpp:287] loss needs backward computation.
I1013 15:23:52.598853 258981 net.cpp:287] fc2 needs backward computation.
I1013 15:23:52.598872 258981 net.cpp:287] dropout5 needs backward computation.
I1013 15:23:52.598892 258981 net.cpp:287] fc1 needs backward computation.
I1013 15:23:52.598912 258981 net.cpp:287] pool4 needs backward computation.
I1013 15:23:52.598932 258981 net.cpp:287] dropout4 needs backward computation.
I1013 15:23:52.598953 258981 net.cpp:287] relu4 needs backward computation.
I1013 15:23:52.599001 258981 net.cpp:287] conv4 needs backward computation.
I1013 15:23:52.599036 258981 net.cpp:287] pool3 needs backward computation.
I1013 15:23:52.599069 258981 net.cpp:287] dropout3 needs backward computation.
I1013 15:23:52.599095 258981 net.cpp:287] relu3 needs backward computation.
I1013 15:23:52.599119 258981 net.cpp:287] conv3 needs backward computation.
I1013 15:23:52.599143 258981 net.cpp:287] pool2 needs backward computation.
I1013 15:23:52.599169 258981 net.cpp:287] dropout2 needs backward computation.
I1013 15:23:52.599200 258981 net.cpp:287] relu2 needs backward computation.
I1013 15:23:52.599226 258981 net.cpp:287] conv2 needs backward computation.
I1013 15:23:52.599252 258981 net.cpp:287] pool1 needs backward computation.
I1013 15:23:52.599277 258981 net.cpp:287] dropout1 needs backward computation.
I1013 15:23:52.599301 258981 net.cpp:287] relu1 needs backward computation.
I1013 15:23:52.599323 258981 net.cpp:287] conv1 needs backward computation.
I1013 15:23:52.599349 258981 net.cpp:289] data does not need backward computation.
I1013 15:23:52.599431 258981 net.cpp:345] Network initialization done.
I1013 15:23:52.600261 258981 caffe.cpp:445] Performing Forward
I1013 15:23:53.209326 258981 caffe.cpp:450] Initial loss: 0
I1013 15:23:53.209426 258981 caffe.cpp:452] Performing Backward
I1013 15:23:53.359414 258981 caffe.cpp:461] *** Benchmark begins ***
I1013 15:23:53.359486 258981 caffe.cpp:462] Testing for 10 iterations.
I1013 15:23:53.482131 258981 caffe.cpp:491] Iteration: 1 forward-backward time: 122 ms.
I1013 15:23:53.604138 258981 caffe.cpp:491] Iteration: 2 forward-backward time: 121 ms.
I1013 15:23:53.726196 258981 caffe.cpp:491] Iteration: 3 forward-backward time: 121 ms.
I1013 15:23:53.848170 258981 caffe.cpp:491] Iteration: 4 forward-backward time: 121 ms.
I1013 15:23:53.970072 258981 caffe.cpp:491] Iteration: 5 forward-backward time: 121 ms.
I1013 15:23:54.091830 258981 caffe.cpp:491] Iteration: 6 forward-backward time: 121 ms.
I1013 15:23:54.213639 258981 caffe.cpp:491] Iteration: 7 forward-backward time: 121 ms.
I1013 15:23:54.335609 258981 caffe.cpp:491] Iteration: 8 forward-backward time: 121 ms.
I1013 15:23:54.457711 258981 caffe.cpp:491] Iteration: 9 forward-backward time: 122 ms.
I1013 15:23:54.580637 258981 caffe.cpp:491] Iteration: 10 forward-backward time: 122 ms.
I1013 15:23:54.580731 258981 caffe.cpp:498] Average time per layer: 
I1013 15:23:54.580756 258981 caffe.cpp:501]       data	forward: 9.9193 ms.
I1013 15:23:54.580788 258981 caffe.cpp:505]       data	backward: 0.0038 ms.
I1013 15:23:54.580821 258981 caffe.cpp:501]      conv1	forward: 0.8739 ms.
I1013 15:23:54.580850 258981 caffe.cpp:505]      conv1	backward: 1.6378 ms.
I1013 15:23:54.580881 258981 caffe.cpp:501]      relu1	forward: 0.2404 ms.
I1013 15:23:54.580914 258981 caffe.cpp:505]      relu1	backward: 5.0534 ms.
I1013 15:23:54.580946 258981 caffe.cpp:501]   dropout1	forward: 5.1046 ms.
I1013 15:23:54.580977 258981 caffe.cpp:505]   dropout1	backward: 3.6366 ms.
I1013 15:23:54.581012 258981 caffe.cpp:501]      pool1	forward: 41.0832 ms.
I1013 15:23:54.581049 258981 caffe.cpp:505]      pool1	backward: 7.7966 ms.
I1013 15:23:54.581117 258981 caffe.cpp:501]      conv2	forward: 8.7001 ms.
I1013 15:23:54.581156 258981 caffe.cpp:505]      conv2	backward: 9.4368 ms.
I1013 15:23:54.581192 258981 caffe.cpp:501]      relu2	forward: 0.0734 ms.
I1013 15:23:54.581231 258981 caffe.cpp:505]      relu2	backward: 0.6069 ms.
I1013 15:23:54.581275 258981 caffe.cpp:501]   dropout2	forward: 0.6989 ms.
I1013 15:23:54.581315 258981 caffe.cpp:505]   dropout2	backward: 0.5303 ms.
I1013 15:23:54.581348 258981 caffe.cpp:501]      pool2	forward: 9.97 ms.
I1013 15:23:54.581380 258981 caffe.cpp:505]      pool2	backward: 1.913 ms.
I1013 15:23:54.581410 258981 caffe.cpp:501]      conv3	forward: 0.5094 ms.
I1013 15:23:54.581462 258981 caffe.cpp:505]      conv3	backward: 0.9574 ms.
I1013 15:23:54.581720 258981 caffe.cpp:501]      relu3	forward: 0.043 ms.
I1013 15:23:54.581766 258981 caffe.cpp:505]      relu3	backward: 0.1751 ms.
I1013 15:23:54.581804 258981 caffe.cpp:501]   dropout3	forward: 0.2277 ms.
I1013 15:23:54.581842 258981 caffe.cpp:505]   dropout3	backward: 0.1699 ms.
I1013 15:23:54.581878 258981 caffe.cpp:501]      pool3	forward: 2.2364 ms.
I1013 15:23:54.581914 258981 caffe.cpp:505]      pool3	backward: 0.5106 ms.
I1013 15:23:54.581967 258981 caffe.cpp:501]      conv4	forward: 0.2282 ms.
I1013 15:23:54.582005 258981 caffe.cpp:505]      conv4	backward: 0.3448 ms.
I1013 15:23:54.582042 258981 caffe.cpp:501]      relu4	forward: 0.0253 ms.
I1013 15:23:54.582082 258981 caffe.cpp:505]      relu4	backward: 0.0842 ms.
I1013 15:23:54.582121 258981 caffe.cpp:501]   dropout4	forward: 0.0869 ms.
I1013 15:23:54.582170 258981 caffe.cpp:505]   dropout4	backward: 0.0767 ms.
I1013 15:23:54.582438 258981 caffe.cpp:501]      pool4	forward: 0.46 ms.
I1013 15:23:54.582485 258981 caffe.cpp:505]      pool4	backward: 0.1829 ms.
I1013 15:23:54.582521 258981 caffe.cpp:501]        fc1	forward: 0.4377 ms.
I1013 15:23:54.582554 258981 caffe.cpp:505]        fc1	backward: 7.2098 ms.
I1013 15:23:54.582590 258981 caffe.cpp:501]   dropout5	forward: 0.0995 ms.
I1013 15:23:54.582639 258981 caffe.cpp:505]   dropout5	backward: 0.0222 ms.
I1013 15:23:54.582679 258981 caffe.cpp:501]        fc2	forward: 0.1086 ms.
I1013 15:23:54.582715 258981 caffe.cpp:505]        fc2	backward: 0.0395 ms.
I1013 15:23:54.582751 258981 caffe.cpp:501]       loss	forward: 0.0763 ms.
I1013 15:23:54.582789 258981 caffe.cpp:505]       loss	backward: 0.0089 ms.
I1013 15:23:54.582880 258981 caffe.cpp:511] Average Forward pass: 81.393 ms.
I1013 15:23:54.583168 258981 caffe.cpp:514] Average Backward pass: 40.5896 ms.
I1013 15:23:54.583214 258981 caffe.cpp:516] Average Forward-Backward: 122.3 ms.
I1013 15:23:54.583254 258981 caffe.cpp:519] Total Time: 1223 ms.
I1013 15:23:54.583304 258981 caffe.cpp:520] *** Benchmark ends ***
